<?xml version="1.0" encoding="UTF-8"?>
<testsuite name="com.mnc.udp.UDPServerTest" tests="1" skipped="0" failures="0" errors="0" timestamp="2019-09-15T00:20:56" hostname="Marcoss-MacBook-Pro.local" time="0.552">
  <properties/>
  <testcase name="sendAndReceive" classname="com.mnc.udp.UDPServerTest" time="0.552"/>
  <system-out><![CDATA[21:20:56.817 [Thread-3] INFO com.mnc.udp.UDPServer - UDP-Server Listening on port 4445
21:20:56.855 [pool-1-thread-2] DEBUG com.mnc.udp.UDPServer - UDP-Server: Message-65-65
21:20:56.851 [pool-1-thread-1] DEBUG com.mnc.udp.UDPServer - UDP-Server: Message-82-65
21:20:56.856 [pool-1-thread-2] DEBUG com.mnc.udp.UDPServer - UDP-Server: Message-65-65 -> Message-65-65 (/127.0.0.1:49490)
21:20:56.856 [pool-1-thread-1] DEBUG com.mnc.udp.UDPServer - UDP-Server: Message-82-65 -> Message-82-65 (/127.0.0.1:49507)
21:20:56.856 [pool-1-thread-3] DEBUG com.mnc.udp.UDPServer - UDP-Server: Message-33-65
21:20:56.857 [pool-1-thread-5] DEBUG com.mnc.udp.UDPServer - UDP-Server: Message-32-65
21:20:56.856 [pool-1-thread-4] DEBUG com.mnc.udp.UDPServer - UDP-Server: Message-66-65
21:20:56.857 [pool-1-thread-2] DEBUG com.mnc.udp.UDPServer - UDP-Server: Message-96-65
21:20:56.858 [pool-1-thread-1] DEBUG com.mnc.udp.UDPServer - UDP-Server: Message-28-65
21:20:56.858 [pool-1-thread-3] DEBUG com.mnc.udp.UDPServer - UDP-Server: Message-33-65 -> Message-33-65 (/127.0.0.1:49458)
21:20:56.858 [pool-1-thread-5] DEBUG com.mnc.udp.UDPServer - UDP-Server: Message-32-65 -> Message-32-65 (/127.0.0.1:49457)
21:20:56.858 [pool-1-thread-4] DEBUG com.mnc.udp.UDPServer - UDP-Server: Message-66-65 -> Message-66-65 (/127.0.0.1:49491)
21:20:56.859 [pool-1-thread-2] DEBUG com.mnc.udp.UDPServer - UDP-Server: Message-96-65 -> Message-96-65 (/127.0.0.1:49521)
21:20:56.859 [pool-1-thread-1] DEBUG com.mnc.udp.UDPServer - UDP-Server: Message-28-65 -> Message-28-65 (/127.0.0.1:49453)
21:20:56.859 [pool-1-thread-3] DEBUG com.mnc.udp.UDPServer - UDP-Server: Message-97-65
21:20:56.859 [pool-1-thread-5] DEBUG com.mnc.udp.UDPServer - UDP-Server: Message-30-65
21:20:56.860 [pool-1-thread-5] DEBUG com.mnc.udp.UDPServer - UDP-Server: Message-30-65 -> Message-30-65 (/127.0.0.1:49455)
21:20:56.860 [pool-1-thread-4] DEBUG com.mnc.udp.UDPServer - UDP-Server: Message-44-65
21:20:56.860 [pool-1-thread-2] DEBUG com.mnc.udp.UDPServer - UDP-Server: Message-29-65
21:20:56.860 [pool-1-thread-1] DEBUG com.mnc.udp.UDPServer - UDP-Server: Message-43-65
21:20:56.860 [pool-1-thread-3] DEBUG com.mnc.udp.UDPServer - UDP-Server: Message-97-65 -> Message-97-65 (/127.0.0.1:49522)
21:20:56.860 [pool-1-thread-5] DEBUG com.mnc.udp.UDPServer - UDP-Server: Message-83-65
21:20:56.860 [pool-1-thread-4] DEBUG com.mnc.udp.UDPServer - UDP-Server: Message-44-65 -> Message-44-65 (/127.0.0.1:49469)
21:20:56.861 [pool-1-thread-2] DEBUG com.mnc.udp.UDPServer - UDP-Server: Message-29-65 -> Message-29-65 (/127.0.0.1:49454)
21:20:56.861 [pool-1-thread-1] DEBUG com.mnc.udp.UDPServer - UDP-Server: Message-43-65 -> Message-43-65 (/127.0.0.1:49468)
21:20:56.861 [pool-1-thread-3] DEBUG com.mnc.udp.UDPServer - UDP-Server: Message-99-65
21:20:56.861 [pool-1-thread-5] DEBUG com.mnc.udp.UDPServer - UDP-Server: Message-83-65 -> Message-83-65 (/127.0.0.1:49508)
21:20:56.861 [pool-1-thread-4] DEBUG com.mnc.udp.UDPServer - UDP-Server: Message-98-65
21:20:56.862 [pool-1-thread-5] DEBUG com.mnc.udp.UDPServer - UDP-Server: Message-90-65
21:20:56.861 [pool-1-thread-2] DEBUG com.mnc.udp.UDPServer - UDP-Server: Message-81-65
21:20:56.861 [pool-1-thread-1] DEBUG com.mnc.udp.UDPServer - UDP-Server: Message-31-65
21:20:56.862 [pool-1-thread-3] DEBUG com.mnc.udp.UDPServer - UDP-Server: Message-99-65 -> Message-99-65 (/127.0.0.1:49524)
21:20:56.862 [pool-1-thread-4] DEBUG com.mnc.udp.UDPServer - UDP-Server: Message-98-65 -> Message-98-65 (/127.0.0.1:49523)
21:20:56.862 [pool-1-thread-3] DEBUG com.mnc.udp.UDPServer - UDP-Server: Message-35-65
21:20:56.862 [pool-1-thread-5] DEBUG com.mnc.udp.UDPServer - UDP-Server: Message-90-65 -> Message-90-65 (/127.0.0.1:49515)
21:20:56.862 [pool-1-thread-2] DEBUG com.mnc.udp.UDPServer - UDP-Server: Message-81-65 -> Message-81-65 (/127.0.0.1:49506)
21:20:56.862 [pool-1-thread-1] DEBUG com.mnc.udp.UDPServer - UDP-Server: Message-31-65 -> Message-31-65 (/127.0.0.1:49456)
21:20:56.862 [pool-1-thread-4] DEBUG com.mnc.udp.UDPServer - UDP-Server: Message-67-65
21:20:56.862 [pool-1-thread-3] DEBUG com.mnc.udp.UDPServer - UDP-Server: Message-35-65 -> Message-35-65 (/127.0.0.1:49460)
21:20:56.862 [pool-1-thread-5] DEBUG com.mnc.udp.UDPServer - UDP-Server: Message-45-65
21:20:56.863 [pool-1-thread-2] DEBUG com.mnc.udp.UDPServer - UDP-Server: Message-63-65
21:20:56.863 [pool-1-thread-1] DEBUG com.mnc.udp.UDPServer - UDP-Server: Message-49-65
21:20:56.866 [pool-1-thread-2] DEBUG com.mnc.udp.UDPServer - UDP-Server: Message-63-65 -> Message-63-65 (/127.0.0.1:49488)
21:20:56.863 [pool-1-thread-4] DEBUG com.mnc.udp.UDPServer - UDP-Server: Message-67-65 -> Message-67-65 (/127.0.0.1:49492)
21:20:56.863 [pool-1-thread-3] DEBUG com.mnc.udp.UDPServer - UDP-Server: Message-27-65
21:20:56.866 [pool-1-thread-4] DEBUG com.mnc.udp.UDPServer - UDP-Server: Message-94-65
21:20:56.863 [pool-1-thread-5] DEBUG com.mnc.udp.UDPServer - UDP-Server: Message-45-65 -> Message-45-65 (/127.0.0.1:49470)
21:20:56.866 [pool-1-thread-1] DEBUG com.mnc.udp.UDPServer - UDP-Server: Message-49-65 -> Message-49-65 (/127.0.0.1:49474)
21:20:56.866 [pool-1-thread-2] DEBUG com.mnc.udp.UDPServer - UDP-Server: Message-16-65
21:20:56.866 [pool-1-thread-3] DEBUG com.mnc.udp.UDPServer - UDP-Server: Message-27-65 -> Message-27-65 (/127.0.0.1:49452)
21:20:56.866 [pool-1-thread-4] DEBUG com.mnc.udp.UDPServer - UDP-Server: Message-94-65 -> Message-94-65 (/127.0.0.1:49519)
21:20:56.867 [pool-1-thread-3] DEBUG com.mnc.udp.UDPServer - UDP-Server: Message-48-65
21:20:56.867 [pool-1-thread-5] DEBUG com.mnc.udp.UDPServer - UDP-Server: Message-64-65
21:20:56.867 [pool-1-thread-1] DEBUG com.mnc.udp.UDPServer - UDP-Server: Message-26-65
21:20:56.867 [pool-1-thread-2] DEBUG com.mnc.udp.UDPServer - UDP-Server: Message-16-65 -> Message-16-65 (/127.0.0.1:49441)
21:20:56.867 [pool-1-thread-4] DEBUG com.mnc.udp.UDPServer - UDP-Server: Message-95-65
21:20:56.867 [pool-1-thread-3] DEBUG com.mnc.udp.UDPServer - UDP-Server: Message-48-65 -> Message-48-65 (/127.0.0.1:49473)
21:20:56.868 [pool-1-thread-5] DEBUG com.mnc.udp.UDPServer - UDP-Server: Message-64-65 -> Message-64-65 (/127.0.0.1:49489)
21:20:56.868 [pool-1-thread-1] DEBUG com.mnc.udp.UDPServer - UDP-Server: Message-26-65 -> Message-26-65 (/127.0.0.1:49451)
21:20:56.868 [pool-1-thread-2] DEBUG com.mnc.udp.UDPServer - UDP-Server: Message-14-65
21:20:56.868 [pool-1-thread-4] DEBUG com.mnc.udp.UDPServer - UDP-Server: Message-95-65 -> Message-95-65 (/127.0.0.1:49520)
21:20:56.868 [pool-1-thread-3] DEBUG com.mnc.udp.UDPServer - UDP-Server: Message-13-65
21:20:56.868 [pool-1-thread-5] DEBUG com.mnc.udp.UDPServer - UDP-Server: Message-15-65
21:20:56.869 [pool-1-thread-2] DEBUG com.mnc.udp.UDPServer - UDP-Server: Message-14-65 -> Message-14-65 (/127.0.0.1:49439)
21:20:56.869 [pool-1-thread-1] DEBUG com.mnc.udp.UDPServer - UDP-Server: Message-17-65
21:20:56.869 [pool-1-thread-4] DEBUG com.mnc.udp.UDPServer - UDP-Server: Message-12-65
21:20:56.869 [pool-1-thread-3] DEBUG com.mnc.udp.UDPServer - UDP-Server: Message-13-65 -> Message-13-65 (/127.0.0.1:49438)
21:20:56.869 [pool-1-thread-5] DEBUG com.mnc.udp.UDPServer - UDP-Server: Message-15-65 -> Message-15-65 (/127.0.0.1:49440)
21:20:56.869 [pool-1-thread-2] DEBUG com.mnc.udp.UDPServer - UDP-Server: Message-87-65
21:20:56.869 [pool-1-thread-1] DEBUG com.mnc.udp.UDPServer - UDP-Server: Message-17-65 -> Message-17-65 (/127.0.0.1:49442)
21:20:56.869 [pool-1-thread-4] DEBUG com.mnc.udp.UDPServer - UDP-Server: Message-12-65 -> Message-12-65 (/127.0.0.1:49437)
21:20:56.870 [pool-1-thread-3] DEBUG com.mnc.udp.UDPServer - UDP-Server: Message-93-65
21:20:56.870 [pool-1-thread-5] DEBUG com.mnc.udp.UDPServer - UDP-Server: Message-21-65
21:20:56.870 [pool-1-thread-2] DEBUG com.mnc.udp.UDPServer - UDP-Server: Message-87-65 -> Message-87-65 (/127.0.0.1:49512)
21:20:56.870 [pool-1-thread-1] DEBUG com.mnc.udp.UDPServer - UDP-Server: Message-46-65
21:20:56.870 [pool-1-thread-4] DEBUG com.mnc.udp.UDPServer - UDP-Server: Message-25-65
21:20:56.870 [pool-1-thread-3] DEBUG com.mnc.udp.UDPServer - UDP-Server: Message-93-65 -> Message-93-65 (/127.0.0.1:49518)
21:20:56.870 [pool-1-thread-5] DEBUG com.mnc.udp.UDPServer - UDP-Server: Message-21-65 -> Message-21-65 (/127.0.0.1:49446)
21:20:56.871 [pool-1-thread-3] DEBUG com.mnc.udp.UDPServer - UDP-Server: Message-22-65
21:20:56.871 [pool-1-thread-5] DEBUG com.mnc.udp.UDPServer - UDP-Server: Message-23-65
21:20:56.870 [pool-1-thread-2] DEBUG com.mnc.udp.UDPServer - UDP-Server: Message-47-65
21:20:56.870 [pool-1-thread-1] DEBUG com.mnc.udp.UDPServer - UDP-Server: Message-46-65 -> Message-46-65 (/127.0.0.1:49471)
21:20:56.870 [pool-1-thread-4] DEBUG com.mnc.udp.UDPServer - UDP-Server: Message-25-65 -> Message-25-65 (/127.0.0.1:49450)
21:20:56.871 [pool-1-thread-3] DEBUG com.mnc.udp.UDPServer - UDP-Server: Message-22-65 -> Message-22-65 (/127.0.0.1:49447)
21:20:56.871 [pool-1-thread-5] DEBUG com.mnc.udp.UDPServer - UDP-Server: Message-23-65 -> Message-23-65 (/127.0.0.1:49448)
21:20:56.871 [pool-1-thread-2] DEBUG com.mnc.udp.UDPServer - UDP-Server: Message-47-65 -> Message-47-65 (/127.0.0.1:49472)
21:20:56.871 [pool-1-thread-1] DEBUG com.mnc.udp.UDPServer - UDP-Server: Message-24-65
21:20:56.873 [pool-1-thread-1] DEBUG com.mnc.udp.UDPServer - UDP-Server: Message-24-65 -> Message-24-65 (/127.0.0.1:49449)
21:20:56.873 [pool-1-thread-4] DEBUG com.mnc.udp.UDPServer - UDP-Server: Message-85-65
21:20:56.873 [pool-1-thread-3] DEBUG com.mnc.udp.UDPServer - UDP-Server: Message-89-65
21:20:56.873 [pool-1-thread-5] DEBUG com.mnc.udp.UDPServer - UDP-Server: Message-88-65
21:20:56.873 [pool-1-thread-2] DEBUG com.mnc.udp.UDPServer - UDP-Server: Message-86-65
21:20:56.873 [pool-1-thread-1] DEBUG com.mnc.udp.UDPServer - UDP-Server: Message-36-65
21:20:56.873 [pool-1-thread-4] DEBUG com.mnc.udp.UDPServer - UDP-Server: Message-85-65 -> Message-85-65 (/127.0.0.1:49510)
21:20:56.873 [pool-1-thread-3] DEBUG com.mnc.udp.UDPServer - UDP-Server: Message-89-65 -> Message-89-65 (/127.0.0.1:49514)
21:20:56.874 [pool-1-thread-4] DEBUG com.mnc.udp.UDPServer - UDP-Server: Message-84-65
21:20:56.874 [pool-1-thread-3] DEBUG com.mnc.udp.UDPServer - UDP-Server: Message-38-65
21:20:56.873 [pool-1-thread-5] DEBUG com.mnc.udp.UDPServer - UDP-Server: Message-88-65 -> Message-88-65 (/127.0.0.1:49513)
21:20:56.874 [pool-1-thread-2] DEBUG com.mnc.udp.UDPServer - UDP-Server: Message-86-65 -> Message-86-65 (/127.0.0.1:49511)
21:20:56.874 [pool-1-thread-1] DEBUG com.mnc.udp.UDPServer - UDP-Server: Message-36-65 -> Message-36-65 (/127.0.0.1:49461)
21:20:56.874 [pool-1-thread-4] DEBUG com.mnc.udp.UDPServer - UDP-Server: Message-84-65 -> Message-84-65 (/127.0.0.1:49509)
21:20:56.874 [pool-1-thread-3] DEBUG com.mnc.udp.UDPServer - UDP-Server: Message-38-65 -> Message-38-65 (/127.0.0.1:49463)
21:20:56.874 [pool-1-thread-5] DEBUG com.mnc.udp.UDPServer - UDP-Server: Message-19-65
21:20:56.874 [pool-1-thread-2] DEBUG com.mnc.udp.UDPServer - UDP-Server: Message-40-65
21:20:56.874 [pool-1-thread-1] DEBUG com.mnc.udp.UDPServer - UDP-Server: Message-34-65
21:20:56.874 [pool-1-thread-4] DEBUG com.mnc.udp.UDPServer - UDP-Server: Message-41-65
21:20:56.874 [pool-1-thread-3] DEBUG com.mnc.udp.UDPServer - UDP-Server: Message-42-65
21:20:56.874 [pool-1-thread-5] DEBUG com.mnc.udp.UDPServer - UDP-Server: Message-19-65 -> Message-19-65 (/127.0.0.1:49444)
21:20:56.875 [pool-1-thread-2] DEBUG com.mnc.udp.UDPServer - UDP-Server: Message-40-65 -> Message-40-65 (/127.0.0.1:49465)
21:20:56.875 [pool-1-thread-5] DEBUG com.mnc.udp.UDPServer - UDP-Server: Message-20-65
21:20:56.875 [pool-1-thread-1] DEBUG com.mnc.udp.UDPServer - UDP-Server: Message-34-65 -> Message-34-65 (/127.0.0.1:49459)
21:20:56.875 [pool-1-thread-4] DEBUG com.mnc.udp.UDPServer - UDP-Server: Message-41-65 -> Message-41-65 (/127.0.0.1:49466)
21:20:56.875 [pool-1-thread-1] DEBUG com.mnc.udp.UDPServer - UDP-Server: Message-78-65
21:20:56.875 [pool-1-thread-4] DEBUG com.mnc.udp.UDPServer - UDP-Server: Message-39-65
21:20:56.875 [pool-1-thread-3] DEBUG com.mnc.udp.UDPServer - UDP-Server: Message-42-65 -> Message-42-65 (/127.0.0.1:49467)
21:20:56.875 [pool-1-thread-2] DEBUG com.mnc.udp.UDPServer - UDP-Server: Message-91-65
21:20:56.875 [pool-1-thread-5] DEBUG com.mnc.udp.UDPServer - UDP-Server: Message-20-65 -> Message-20-65 (/127.0.0.1:49445)
21:20:56.875 [pool-1-thread-1] DEBUG com.mnc.udp.UDPServer - UDP-Server: Message-78-65 -> Message-78-65 (/127.0.0.1:49503)
21:20:56.875 [pool-1-thread-4] DEBUG com.mnc.udp.UDPServer - UDP-Server: Message-39-65 -> Message-39-65 (/127.0.0.1:49464)
21:20:56.876 [pool-1-thread-3] DEBUG com.mnc.udp.UDPServer - UDP-Server: Message-79-65
21:20:56.876 [pool-1-thread-2] DEBUG com.mnc.udp.UDPServer - UDP-Server: Message-91-65 -> Message-91-65 (/127.0.0.1:49516)
21:20:56.876 [pool-1-thread-5] DEBUG com.mnc.udp.UDPServer - UDP-Server: Message-80-65
21:20:56.876 [pool-1-thread-1] DEBUG com.mnc.udp.UDPServer - UDP-Server: Message-76-65
21:20:56.876 [pool-1-thread-4] DEBUG com.mnc.udp.UDPServer - UDP-Server: Message-77-65
21:20:56.876 [pool-1-thread-3] DEBUG com.mnc.udp.UDPServer - UDP-Server: Message-79-65 -> Message-79-65 (/127.0.0.1:49504)
21:20:56.876 [pool-1-thread-2] DEBUG com.mnc.udp.UDPServer - UDP-Server: Message-75-65
21:20:56.876 [pool-1-thread-3] DEBUG com.mnc.udp.UDPServer - UDP-Server: Message-57-65
21:20:56.876 [pool-1-thread-5] DEBUG com.mnc.udp.UDPServer - UDP-Server: Message-80-65 -> Message-80-65 (/127.0.0.1:49505)
21:20:56.876 [pool-1-thread-1] DEBUG com.mnc.udp.UDPServer - UDP-Server: Message-76-65 -> Message-76-65 (/127.0.0.1:49501)
21:20:56.876 [pool-1-thread-4] DEBUG com.mnc.udp.UDPServer - UDP-Server: Message-77-65 -> Message-77-65 (/127.0.0.1:49502)
21:20:56.877 [pool-1-thread-1] DEBUG com.mnc.udp.UDPServer - UDP-Server: Message-58-65
21:20:56.877 [pool-1-thread-2] DEBUG com.mnc.udp.UDPServer - UDP-Server: Message-75-65 -> Message-75-65 (/127.0.0.1:49500)
21:20:56.877 [pool-1-thread-3] DEBUG com.mnc.udp.UDPServer - UDP-Server: Message-57-65 -> Message-57-65 (/127.0.0.1:49482)
21:20:56.877 [pool-1-thread-2] DEBUG com.mnc.udp.UDPServer - UDP-Server: Message-18-65
21:20:56.877 [pool-1-thread-5] DEBUG com.mnc.udp.UDPServer - UDP-Server: Message-92-65
21:20:56.877 [pool-1-thread-4] DEBUG com.mnc.udp.UDPServer - UDP-Server: Message-37-65
21:20:56.877 [pool-1-thread-1] DEBUG com.mnc.udp.UDPServer - UDP-Server: Message-58-65 -> Message-58-65 (/127.0.0.1:49483)
21:20:56.877 [pool-1-thread-3] DEBUG com.mnc.udp.UDPServer - UDP-Server: Message-60-65
21:20:56.877 [pool-1-thread-2] DEBUG com.mnc.udp.UDPServer - UDP-Server: Message-18-65 -> Message-18-65 (/127.0.0.1:49443)
21:20:56.877 [pool-1-thread-5] DEBUG com.mnc.udp.UDPServer - UDP-Server: Message-92-65 -> Message-92-65 (/127.0.0.1:49517)
21:20:56.877 [pool-1-thread-4] DEBUG com.mnc.udp.UDPServer - UDP-Server: Message-37-65 -> Message-37-65 (/127.0.0.1:49462)
21:20:56.877 [pool-1-thread-1] DEBUG com.mnc.udp.UDPServer - UDP-Server: Message-53-65
21:20:56.878 [pool-1-thread-3] DEBUG com.mnc.udp.UDPServer - UDP-Server: Message-60-65 -> Message-60-65 (/127.0.0.1:49485)
21:20:56.878 [pool-1-thread-2] DEBUG com.mnc.udp.UDPServer - UDP-Server: Message-61-65
21:20:56.878 [pool-1-thread-3] DEBUG com.mnc.udp.UDPServer - UDP-Server: Message-56-65
21:20:56.878 [pool-1-thread-2] DEBUG com.mnc.udp.UDPServer - UDP-Server: Message-61-65 -> Message-61-65 (/127.0.0.1:49486)
21:20:56.878 [pool-1-thread-5] DEBUG com.mnc.udp.UDPServer - UDP-Server: Message-7-65
21:20:56.878 [pool-1-thread-2] DEBUG com.mnc.udp.UDPServer - UDP-Server: Message-71-65
21:20:56.878 [pool-1-thread-4] DEBUG com.mnc.udp.UDPServer - UDP-Server: Message-59-65
21:20:56.878 [pool-1-thread-1] DEBUG com.mnc.udp.UDPServer - UDP-Server: Message-53-65 -> Message-53-65 (/127.0.0.1:49478)
21:20:56.878 [pool-1-thread-3] DEBUG com.mnc.udp.UDPServer - UDP-Server: Message-56-65 -> Message-56-65 (/127.0.0.1:49481)
21:20:56.878 [pool-1-thread-5] DEBUG com.mnc.udp.UDPServer - UDP-Server: Message-7-65 -> Message-7-65 (/127.0.0.1:49432)
21:20:56.878 [pool-1-thread-2] DEBUG com.mnc.udp.UDPServer - UDP-Server: Message-71-65 -> Message-71-65 (/127.0.0.1:49496)
21:20:56.879 [pool-1-thread-4] DEBUG com.mnc.udp.UDPServer - UDP-Server: Message-59-65 -> Message-59-65 (/127.0.0.1:49484)
21:20:56.879 [pool-1-thread-1] DEBUG com.mnc.udp.UDPServer - UDP-Server: Message-72-65
21:20:56.879 [pool-1-thread-3] DEBUG com.mnc.udp.UDPServer - UDP-Server: Message-62-65
21:20:56.879 [pool-1-thread-1] DEBUG com.mnc.udp.UDPServer - UDP-Server: Message-72-65 -> Message-72-65 (/127.0.0.1:49497)
21:20:56.879 [pool-1-thread-5] DEBUG com.mnc.udp.UDPServer - UDP-Server: Message-8-65
21:20:56.879 [pool-1-thread-2] DEBUG com.mnc.udp.UDPServer - UDP-Server: Message-54-65
21:20:56.879 [pool-1-thread-4] DEBUG com.mnc.udp.UDPServer - UDP-Server: Message-6-65
21:20:56.880 [pool-1-thread-2] DEBUG com.mnc.udp.UDPServer - UDP-Server: Message-54-65 -> Message-54-65 (/127.0.0.1:49479)
21:20:56.879 [pool-1-thread-3] DEBUG com.mnc.udp.UDPServer - UDP-Server: Message-62-65 -> Message-62-65 (/127.0.0.1:49487)
21:20:56.880 [pool-1-thread-2] DEBUG com.mnc.udp.UDPServer - UDP-Server: Message-69-65
21:20:56.879 [pool-1-thread-1] DEBUG com.mnc.udp.UDPServer - UDP-Server: Message-73-65
21:20:56.879 [pool-1-thread-5] DEBUG com.mnc.udp.UDPServer - UDP-Server: Message-8-65 -> Message-8-65 (/127.0.0.1:49433)
21:20:56.880 [pool-1-thread-4] DEBUG com.mnc.udp.UDPServer - UDP-Server: Message-6-65 -> Message-6-65 (/127.0.0.1:49431)
21:20:56.880 [pool-1-thread-3] DEBUG com.mnc.udp.UDPServer - UDP-Server: Message-70-65
21:20:56.880 [pool-1-thread-2] DEBUG com.mnc.udp.UDPServer - UDP-Server: Message-69-65 -> Message-69-65 (/127.0.0.1:49494)
21:20:56.880 [pool-1-thread-1] DEBUG com.mnc.udp.UDPServer - UDP-Server: Message-73-65 -> Message-73-65 (/127.0.0.1:49498)
21:20:56.880 [pool-1-thread-5] DEBUG com.mnc.udp.UDPServer - UDP-Server: Message-68-65
21:20:56.880 [pool-1-thread-4] DEBUG com.mnc.udp.UDPServer - UDP-Server: Message-74-65
21:20:56.880 [pool-1-thread-3] DEBUG com.mnc.udp.UDPServer - UDP-Server: Message-70-65 -> Message-70-65 (/127.0.0.1:49495)
21:20:56.881 [pool-1-thread-2] DEBUG com.mnc.udp.UDPServer - UDP-Server: Message-10-65
21:20:56.881 [pool-1-thread-1] DEBUG com.mnc.udp.UDPServer - UDP-Server: Message-55-65
21:20:56.881 [pool-1-thread-5] DEBUG com.mnc.udp.UDPServer - UDP-Server: Message-68-65 -> Message-68-65 (/127.0.0.1:49493)
21:20:56.881 [pool-1-thread-4] DEBUG com.mnc.udp.UDPServer - UDP-Server: Message-74-65 -> Message-74-65 (/127.0.0.1:49499)
21:20:56.881 [pool-1-thread-3] DEBUG com.mnc.udp.UDPServer - UDP-Server: Message-51-65
21:20:56.881 [pool-1-thread-2] DEBUG com.mnc.udp.UDPServer - UDP-Server: Message-10-65 -> Message-10-65 (/127.0.0.1:49435)
21:20:56.881 [pool-1-thread-1] DEBUG com.mnc.udp.UDPServer - UDP-Server: Message-55-65 -> Message-55-65 (/127.0.0.1:49480)
21:20:56.881 [pool-1-thread-5] DEBUG com.mnc.udp.UDPServer - UDP-Server: Message-65-32
21:20:56.881 [pool-1-thread-4] DEBUG com.mnc.udp.UDPServer - UDP-Server: Message-9-65
21:20:56.881 [pool-1-thread-3] DEBUG com.mnc.udp.UDPServer - UDP-Server: Message-51-65 -> Message-51-65 (/127.0.0.1:49476)
21:20:56.881 [pool-1-thread-2] DEBUG com.mnc.udp.UDPServer - UDP-Server: Message-11-65
21:20:56.881 [pool-1-thread-1] DEBUG com.mnc.udp.UDPServer - UDP-Server: Message-3-65
21:20:56.881 [pool-1-thread-5] DEBUG com.mnc.udp.UDPServer - UDP-Server: Message-65-32 -> Message-65-32 (/127.0.0.1:49490)
21:20:56.882 [pool-1-thread-4] DEBUG com.mnc.udp.UDPServer - UDP-Server: Message-9-65 -> Message-9-65 (/127.0.0.1:49434)
21:20:56.882 [pool-1-thread-3] DEBUG com.mnc.udp.UDPServer - UDP-Server: Message-52-65
21:20:56.882 [pool-1-thread-2] DEBUG com.mnc.udp.UDPServer - UDP-Server: Message-11-65 -> Message-11-65 (/127.0.0.1:49436)
21:20:56.882 [pool-1-thread-1] DEBUG com.mnc.udp.UDPServer - UDP-Server: Message-3-65 -> Message-3-65 (/127.0.0.1:49428)
21:20:56.882 [pool-1-thread-5] DEBUG com.mnc.udp.UDPServer - UDP-Server: Message-4-65
21:20:56.882 [pool-1-thread-4] DEBUG com.mnc.udp.UDPServer - UDP-Server: Message-5-65
21:20:56.882 [pool-1-thread-3] DEBUG com.mnc.udp.UDPServer - UDP-Server: Message-52-65 -> Message-52-65 (/127.0.0.1:49477)
21:20:56.883 [pool-1-thread-2] DEBUG com.mnc.udp.UDPServer - UDP-Server: Message-50-65
21:20:56.883 [pool-1-thread-1] DEBUG com.mnc.udp.UDPServer - UDP-Server: Message-1-65
21:20:56.883 [pool-1-thread-2] DEBUG com.mnc.udp.UDPServer - UDP-Server: Message-50-65 -> Message-50-65 (/127.0.0.1:49475)
21:20:56.883 [pool-1-thread-5] DEBUG com.mnc.udp.UDPServer - UDP-Server: Message-4-65 -> Message-4-65 (/127.0.0.1:49429)
21:20:56.883 [pool-1-thread-2] DEBUG com.mnc.udp.UDPServer - UDP-Server: Message-0-65
21:20:56.883 [pool-1-thread-4] DEBUG com.mnc.udp.UDPServer - UDP-Server: Message-5-65 -> Message-5-65 (/127.0.0.1:49430)
21:20:56.883 [pool-1-thread-3] DEBUG com.mnc.udp.UDPServer - UDP-Server: Message-2-65
21:20:56.883 [pool-1-thread-1] DEBUG com.mnc.udp.UDPServer - UDP-Server: Message-1-65 -> Message-1-65 (/127.0.0.1:49426)
21:20:56.883 [pool-1-thread-5] DEBUG com.mnc.udp.UDPServer - UDP-Server: Message-32-32
21:20:56.884 [pool-1-thread-1] DEBUG com.mnc.udp.UDPServer - UDP-Server: Message-45-15
21:20:56.883 [pool-1-thread-2] DEBUG com.mnc.udp.UDPServer - UDP-Server: Message-0-65 -> Message-0-65 (/127.0.0.1:49425)
21:20:56.883 [pool-1-thread-4] DEBUG com.mnc.udp.UDPServer - UDP-Server: Message-67-32
21:20:56.884 [pool-1-thread-3] DEBUG com.mnc.udp.UDPServer - UDP-Server: Message-2-65 -> Message-2-65 (/127.0.0.1:49427)
21:20:56.884 [pool-1-thread-5] DEBUG com.mnc.udp.UDPServer - UDP-Server: Message-32-32 -> Message-32-32 (/127.0.0.1:49457)
21:20:56.884 [pool-1-thread-3] DEBUG com.mnc.udp.UDPServer - UDP-Server: Message-26-44
21:20:56.884 [pool-1-thread-1] DEBUG com.mnc.udp.UDPServer - UDP-Server: Message-45-15 -> Message-45-15 (/127.0.0.1:49470)
21:20:56.884 [pool-1-thread-2] DEBUG com.mnc.udp.UDPServer - UDP-Server: Message-94-32
21:20:56.884 [pool-1-thread-4] DEBUG com.mnc.udp.UDPServer - UDP-Server: Message-67-32 -> Message-67-32 (/127.0.0.1:49492)
21:20:56.884 [pool-1-thread-5] DEBUG com.mnc.udp.UDPServer - UDP-Server: Message-72-66
21:20:56.884 [pool-1-thread-3] DEBUG com.mnc.udp.UDPServer - UDP-Server: Message-26-44 -> Message-26-44 (/127.0.0.1:49451)
21:20:56.884 [pool-1-thread-1] DEBUG com.mnc.udp.UDPServer - UDP-Server: Message-8-66
21:20:56.885 [pool-1-thread-3] DEBUG com.mnc.udp.UDPServer - UDP-Server: Message-69-66
21:20:56.884 [pool-1-thread-2] DEBUG com.mnc.udp.UDPServer - UDP-Server: Message-94-32 -> Message-94-32 (/127.0.0.1:49519)
21:20:56.886 [pool-1-thread-3] DEBUG com.mnc.udp.UDPServer - UDP-Server: Message-69-66 -> Message-69-66 (/127.0.0.1:49494)
21:20:56.885 [pool-1-thread-4] DEBUG com.mnc.udp.UDPServer - UDP-Server: Message-6-66
21:20:56.886 [pool-1-thread-3] DEBUG com.mnc.udp.UDPServer - UDP-Server: Message-10-66
21:20:56.885 [pool-1-thread-5] DEBUG com.mnc.udp.UDPServer - UDP-Server: Message-72-66 -> Message-72-66 (/127.0.0.1:49497)
21:20:56.885 [pool-1-thread-1] DEBUG com.mnc.udp.UDPServer - UDP-Server: Message-8-66 -> Message-8-66 (/127.0.0.1:49433)
21:20:56.886 [pool-1-thread-2] DEBUG com.mnc.udp.UDPServer - UDP-Server: Message-74-66
21:20:56.886 [pool-1-thread-4] DEBUG com.mnc.udp.UDPServer - UDP-Server: Message-6-66 -> Message-6-66 (/127.0.0.1:49431)
21:20:56.886 [pool-1-thread-3] DEBUG com.mnc.udp.UDPServer - UDP-Server: Message-10-66 -> Message-10-66 (/127.0.0.1:49435)
21:20:56.887 [pool-1-thread-5] DEBUG com.mnc.udp.UDPServer - UDP-Server: Message-51-66
21:20:56.887 [pool-1-thread-3] DEBUG com.mnc.udp.UDPServer - UDP-Server: Message-3-66
21:20:56.887 [pool-1-thread-1] DEBUG com.mnc.udp.UDPServer - UDP-Server: Message-65-33
21:20:56.887 [pool-1-thread-2] DEBUG com.mnc.udp.UDPServer - UDP-Server: Message-74-66 -> Message-74-66 (/127.0.0.1:49499)
21:20:56.887 [pool-1-thread-4] DEBUG com.mnc.udp.UDPServer - UDP-Server: Message-9-66
21:20:56.887 [pool-1-thread-5] DEBUG com.mnc.udp.UDPServer - UDP-Server: Message-51-66 -> Message-51-66 (/127.0.0.1:49476)
21:20:56.887 [pool-1-thread-3] DEBUG com.mnc.udp.UDPServer - UDP-Server: Message-3-66 -> Message-3-66 (/127.0.0.1:49428)
21:20:56.887 [pool-1-thread-1] DEBUG com.mnc.udp.UDPServer - UDP-Server: Message-65-33 -> Message-65-33 (/127.0.0.1:49490)
21:20:56.887 [pool-1-thread-2] DEBUG com.mnc.udp.UDPServer - UDP-Server: Message-52-66
21:20:56.887 [pool-1-thread-4] DEBUG com.mnc.udp.UDPServer - UDP-Server: Message-9-66 -> Message-9-66 (/127.0.0.1:49434)
21:20:56.887 [pool-1-thread-5] DEBUG com.mnc.udp.UDPServer - UDP-Server: Message-50-66
21:20:56.887 [pool-1-thread-3] DEBUG com.mnc.udp.UDPServer - UDP-Server: Message-4-66
21:20:56.888 [pool-1-thread-1] DEBUG com.mnc.udp.UDPServer - UDP-Server: Message-5-66
21:20:56.888 [pool-1-thread-2] DEBUG com.mnc.udp.UDPServer - UDP-Server: Message-52-66 -> Message-52-66 (/127.0.0.1:49477)
21:20:56.888 [pool-1-thread-4] DEBUG com.mnc.udp.UDPServer - UDP-Server: Message-1-66
21:20:56.888 [pool-1-thread-5] DEBUG com.mnc.udp.UDPServer - UDP-Server: Message-50-66 -> Message-50-66 (/127.0.0.1:49475)
21:20:56.888 [pool-1-thread-3] DEBUG com.mnc.udp.UDPServer - UDP-Server: Message-4-66 -> Message-4-66 (/127.0.0.1:49429)
21:20:56.888 [pool-1-thread-1] DEBUG com.mnc.udp.UDPServer - UDP-Server: Message-5-66 -> Message-5-66 (/127.0.0.1:49430)
21:20:56.888 [pool-1-thread-2] DEBUG com.mnc.udp.UDPServer - UDP-Server: Message-0-66
21:20:56.888 [pool-1-thread-4] DEBUG com.mnc.udp.UDPServer - UDP-Server: Message-1-66 -> Message-1-66 (/127.0.0.1:49426)
21:20:56.888 [pool-1-thread-5] DEBUG com.mnc.udp.UDPServer - UDP-Server: Message-2-66
21:20:56.889 [pool-1-thread-4] DEBUG com.mnc.udp.UDPServer - UDP-Server: Message-67-33
21:20:56.889 [pool-1-thread-5] DEBUG com.mnc.udp.UDPServer - UDP-Server: Message-2-66 -> Message-2-66 (/127.0.0.1:49427)
21:20:56.888 [pool-1-thread-3] DEBUG com.mnc.udp.UDPServer - UDP-Server: Message-32-33
21:20:56.889 [pool-1-thread-5] DEBUG com.mnc.udp.UDPServer - UDP-Server: Message-26-15
21:20:56.889 [pool-1-thread-2] DEBUG com.mnc.udp.UDPServer - UDP-Server: Message-0-66 -> Message-0-66 (/127.0.0.1:49425)
21:20:56.889 [pool-1-thread-1] DEBUG com.mnc.udp.UDPServer - UDP-Server: Message-45-32
21:20:56.889 [pool-1-thread-4] DEBUG com.mnc.udp.UDPServer - UDP-Server: Message-67-33 -> Message-67-33 (/127.0.0.1:49492)
21:20:56.889 [pool-1-thread-3] DEBUG com.mnc.udp.UDPServer - UDP-Server: Message-32-33 -> Message-32-33 (/127.0.0.1:49457)
21:20:56.889 [pool-1-thread-5] DEBUG com.mnc.udp.UDPServer - UDP-Server: Message-26-15 -> Message-26-15 (/127.0.0.1:49451)
21:20:56.889 [pool-1-thread-2] DEBUG com.mnc.udp.UDPServer - UDP-Server: Message-69-67
21:20:56.889 [pool-1-thread-1] DEBUG com.mnc.udp.UDPServer - UDP-Server: Message-45-32 -> Message-45-32 (/127.0.0.1:49470)
21:20:56.889 [pool-1-thread-4] DEBUG com.mnc.udp.UDPServer - UDP-Server: Message-94-90
21:20:56.890 [pool-1-thread-1] DEBUG com.mnc.udp.UDPServer - UDP-Server: Message-6-67
21:20:56.889 [pool-1-thread-3] DEBUG com.mnc.udp.UDPServer - UDP-Server: Message-72-67
21:20:56.890 [pool-1-thread-5] DEBUG com.mnc.udp.UDPServer - UDP-Server: Message-8-67
21:20:56.890 [pool-1-thread-5] DEBUG com.mnc.udp.UDPServer - UDP-Server: Message-8-67 -> Message-8-67 (/127.0.0.1:49433)
21:20:56.890 [pool-1-thread-2] DEBUG com.mnc.udp.UDPServer - UDP-Server: Message-69-67 -> Message-69-67 (/127.0.0.1:49494)
21:20:56.890 [pool-1-thread-5] DEBUG com.mnc.udp.UDPServer - UDP-Server: Message-10-67
21:20:56.890 [pool-1-thread-4] DEBUG com.mnc.udp.UDPServer - UDP-Server: Message-94-90 -> Message-94-90 (/127.0.0.1:49519)
21:20:56.890 [pool-1-thread-1] DEBUG com.mnc.udp.UDPServer - UDP-Server: Message-6-67 -> Message-6-67 (/127.0.0.1:49431)
21:20:56.890 [pool-1-thread-4] DEBUG com.mnc.udp.UDPServer - UDP-Server: Message-51-67
21:20:56.890 [pool-1-thread-3] DEBUG com.mnc.udp.UDPServer - UDP-Server: Message-72-67 -> Message-72-67 (/127.0.0.1:49497)
21:20:56.890 [pool-1-thread-2] DEBUG com.mnc.udp.UDPServer - UDP-Server: Message-74-67
21:20:56.890 [pool-1-thread-5] DEBUG com.mnc.udp.UDPServer - UDP-Server: Message-10-67 -> Message-10-67 (/127.0.0.1:49435)
21:20:56.890 [pool-1-thread-1] DEBUG com.mnc.udp.UDPServer - UDP-Server: Message-3-67
21:20:56.891 [pool-1-thread-5] DEBUG com.mnc.udp.UDPServer - UDP-Server: Message-9-67
21:20:56.890 [pool-1-thread-4] DEBUG com.mnc.udp.UDPServer - UDP-Server: Message-51-67 -> Message-51-67 (/127.0.0.1:49476)
21:20:56.891 [pool-1-thread-2] DEBUG com.mnc.udp.UDPServer - UDP-Server: Message-74-67 -> Message-74-67 (/127.0.0.1:49499)
21:20:56.891 [pool-1-thread-3] DEBUG com.mnc.udp.UDPServer - UDP-Server: Message-65-31
21:20:56.891 [pool-1-thread-1] DEBUG com.mnc.udp.UDPServer - UDP-Server: Message-3-67 -> Message-3-67 (/127.0.0.1:49428)
21:20:56.891 [pool-1-thread-5] DEBUG com.mnc.udp.UDPServer - UDP-Server: Message-9-67 -> Message-9-67 (/127.0.0.1:49434)
21:20:56.891 [pool-1-thread-4] DEBUG com.mnc.udp.UDPServer - UDP-Server: Message-52-67
21:20:56.891 [pool-1-thread-2] DEBUG com.mnc.udp.UDPServer - UDP-Server: Message-50-67
21:20:56.891 [pool-1-thread-3] DEBUG com.mnc.udp.UDPServer - UDP-Server: Message-65-31 -> Message-65-31 (/127.0.0.1:49490)
21:20:56.891 [pool-1-thread-1] DEBUG com.mnc.udp.UDPServer - UDP-Server: Message-4-67
21:20:56.891 [pool-1-thread-5] DEBUG com.mnc.udp.UDPServer - UDP-Server: Message-5-67
21:20:56.891 [pool-1-thread-4] DEBUG com.mnc.udp.UDPServer - UDP-Server: Message-52-67 -> Message-52-67 (/127.0.0.1:49477)
21:20:56.891 [pool-1-thread-2] DEBUG com.mnc.udp.UDPServer - UDP-Server: Message-50-67 -> Message-50-67 (/127.0.0.1:49475)
21:20:56.892 [pool-1-thread-4] DEBUG com.mnc.udp.UDPServer - UDP-Server: Message-2-67
21:20:56.892 [pool-1-thread-3] DEBUG com.mnc.udp.UDPServer - UDP-Server: Message-1-67
21:20:56.892 [pool-1-thread-1] DEBUG com.mnc.udp.UDPServer - UDP-Server: Message-4-67 -> Message-4-67 (/127.0.0.1:49429)
21:20:56.892 [pool-1-thread-5] DEBUG com.mnc.udp.UDPServer - UDP-Server: Message-5-67 -> Message-5-67 (/127.0.0.1:49430)
21:20:56.892 [pool-1-thread-4] DEBUG com.mnc.udp.UDPServer - UDP-Server: Message-2-67 -> Message-2-67 (/127.0.0.1:49427)
21:20:56.892 [pool-1-thread-5] DEBUG com.mnc.udp.UDPServer - UDP-Server: Message-32-31
21:20:56.892 [pool-1-thread-2] DEBUG com.mnc.udp.UDPServer - UDP-Server: Message-0-67
21:20:56.892 [pool-1-thread-3] DEBUG com.mnc.udp.UDPServer - UDP-Server: Message-1-67 -> Message-1-67 (/127.0.0.1:49426)
21:20:56.892 [pool-1-thread-1] DEBUG com.mnc.udp.UDPServer - UDP-Server: Message-67-31
21:20:56.892 [pool-1-thread-4] DEBUG com.mnc.udp.UDPServer - UDP-Server: Message-26-90
21:20:56.892 [pool-1-thread-5] DEBUG com.mnc.udp.UDPServer - UDP-Server: Message-32-31 -> Message-32-31 (/127.0.0.1:49457)
21:20:56.892 [pool-1-thread-2] DEBUG com.mnc.udp.UDPServer - UDP-Server: Message-0-67 -> Message-0-67 (/127.0.0.1:49425)
21:20:56.892 [pool-1-thread-3] DEBUG com.mnc.udp.UDPServer - UDP-Server: Message-45-16
21:20:56.892 [pool-1-thread-1] DEBUG com.mnc.udp.UDPServer - UDP-Server: Message-67-31 -> Message-67-31 (/127.0.0.1:49492)
21:20:56.892 [pool-1-thread-4] DEBUG com.mnc.udp.UDPServer - UDP-Server: Message-26-90 -> Message-26-90 (/127.0.0.1:49451)
21:20:56.893 [pool-1-thread-1] DEBUG com.mnc.udp.UDPServer - UDP-Server: Message-94-33
21:20:56.893 [pool-1-thread-4] DEBUG com.mnc.udp.UDPServer - UDP-Server: Message-6-63
21:20:56.893 [pool-1-thread-5] DEBUG com.mnc.udp.UDPServer - UDP-Server: Message-8-63
21:20:56.893 [pool-1-thread-2] DEBUG com.mnc.udp.UDPServer - UDP-Server: Message-69-63
21:20:56.893 [pool-1-thread-3] DEBUG com.mnc.udp.UDPServer - UDP-Server: Message-45-16 -> Message-45-16 (/127.0.0.1:49470)
21:20:56.893 [pool-1-thread-1] DEBUG com.mnc.udp.UDPServer - UDP-Server: Message-94-33 -> Message-94-33 (/127.0.0.1:49519)
21:20:56.893 [pool-1-thread-4] DEBUG com.mnc.udp.UDPServer - UDP-Server: Message-6-63 -> Message-6-63 (/127.0.0.1:49431)
21:20:56.893 [pool-1-thread-5] DEBUG com.mnc.udp.UDPServer - UDP-Server: Message-8-63 -> Message-8-63 (/127.0.0.1:49433)
21:20:56.893 [pool-1-thread-2] DEBUG com.mnc.udp.UDPServer - UDP-Server: Message-69-63 -> Message-69-63 (/127.0.0.1:49494)
21:20:56.893 [pool-1-thread-3] DEBUG com.mnc.udp.UDPServer - UDP-Server: Message-72-63
21:20:56.893 [pool-1-thread-1] DEBUG com.mnc.udp.UDPServer - UDP-Server: Message-10-63
21:20:56.893 [pool-1-thread-4] DEBUG com.mnc.udp.UDPServer - UDP-Server: Message-51-63
21:20:56.894 [pool-1-thread-5] DEBUG com.mnc.udp.UDPServer - UDP-Server: Message-74-63
21:20:56.894 [pool-1-thread-2] DEBUG com.mnc.udp.UDPServer - UDP-Server: Message-3-63
21:20:56.894 [pool-1-thread-3] DEBUG com.mnc.udp.UDPServer - UDP-Server: Message-72-63 -> Message-72-63 (/127.0.0.1:49497)
21:20:56.894 [pool-1-thread-1] DEBUG com.mnc.udp.UDPServer - UDP-Server: Message-10-63 -> Message-10-63 (/127.0.0.1:49435)
21:20:56.894 [pool-1-thread-3] DEBUG com.mnc.udp.UDPServer - UDP-Server: Message-9-63
21:20:56.894 [pool-1-thread-4] DEBUG com.mnc.udp.UDPServer - UDP-Server: Message-51-63 -> Message-51-63 (/127.0.0.1:49476)
21:20:56.894 [pool-1-thread-5] DEBUG com.mnc.udp.UDPServer - UDP-Server: Message-74-63 -> Message-74-63 (/127.0.0.1:49499)
21:20:56.894 [pool-1-thread-2] DEBUG com.mnc.udp.UDPServer - UDP-Server: Message-3-63 -> Message-3-63 (/127.0.0.1:49428)
21:20:56.894 [pool-1-thread-5] DEBUG com.mnc.udp.UDPServer - UDP-Server: Message-50-63
21:20:56.894 [pool-1-thread-2] DEBUG com.mnc.udp.UDPServer - UDP-Server: Message-4-63
21:20:56.894 [pool-1-thread-1] DEBUG com.mnc.udp.UDPServer - UDP-Server: Message-65-35
21:20:56.894 [pool-1-thread-3] DEBUG com.mnc.udp.UDPServer - UDP-Server: Message-9-63 -> Message-9-63 (/127.0.0.1:49434)
21:20:56.894 [pool-1-thread-4] DEBUG com.mnc.udp.UDPServer - UDP-Server: Message-52-63
21:20:56.894 [pool-1-thread-5] DEBUG com.mnc.udp.UDPServer - UDP-Server: Message-50-63 -> Message-50-63 (/127.0.0.1:49475)
21:20:56.895 [pool-1-thread-1] DEBUG com.mnc.udp.UDPServer - UDP-Server: Message-65-35 -> Message-65-35 (/127.0.0.1:49490)
21:20:56.895 [pool-1-thread-2] DEBUG com.mnc.udp.UDPServer - UDP-Server: Message-4-63 -> Message-4-63 (/127.0.0.1:49429)
21:20:56.895 [pool-1-thread-3] DEBUG com.mnc.udp.UDPServer - UDP-Server: Message-5-63
21:20:56.895 [pool-1-thread-4] DEBUG com.mnc.udp.UDPServer - UDP-Server: Message-52-63 -> Message-52-63 (/127.0.0.1:49477)
21:20:56.895 [pool-1-thread-5] DEBUG com.mnc.udp.UDPServer - UDP-Server: Message-2-63
21:20:56.895 [pool-1-thread-1] DEBUG com.mnc.udp.UDPServer - UDP-Server: Message-1-63
21:20:56.895 [pool-1-thread-2] DEBUG com.mnc.udp.UDPServer - UDP-Server: Message-32-35
21:20:56.895 [pool-1-thread-3] DEBUG com.mnc.udp.UDPServer - UDP-Server: Message-5-63 -> Message-5-63 (/127.0.0.1:49430)
21:20:56.895 [pool-1-thread-4] DEBUG com.mnc.udp.UDPServer - UDP-Server: Message-0-63
21:20:56.895 [pool-1-thread-5] DEBUG com.mnc.udp.UDPServer - UDP-Server: Message-2-63 -> Message-2-63 (/127.0.0.1:49427)
21:20:56.895 [pool-1-thread-1] DEBUG com.mnc.udp.UDPServer - UDP-Server: Message-1-63 -> Message-1-63 (/127.0.0.1:49426)
21:20:56.895 [pool-1-thread-2] DEBUG com.mnc.udp.UDPServer - UDP-Server: Message-32-35 -> Message-32-35 (/127.0.0.1:49457)
21:20:56.896 [pool-1-thread-1] DEBUG com.mnc.udp.UDPServer - UDP-Server: Message-45-17
21:20:56.896 [pool-1-thread-3] DEBUG com.mnc.udp.UDPServer - UDP-Server: Message-67-35
21:20:56.896 [pool-1-thread-4] DEBUG com.mnc.udp.UDPServer - UDP-Server: Message-0-63 -> Message-0-63 (/127.0.0.1:49425)
21:20:56.896 [pool-1-thread-5] DEBUG com.mnc.udp.UDPServer - UDP-Server: Message-26-32
21:20:56.896 [pool-1-thread-2] DEBUG com.mnc.udp.UDPServer - UDP-Server: Message-94-91
21:20:56.896 [pool-1-thread-1] DEBUG com.mnc.udp.UDPServer - UDP-Server: Message-45-17 -> Message-45-17 (/127.0.0.1:49470)
21:20:56.896 [pool-1-thread-3] DEBUG com.mnc.udp.UDPServer - UDP-Server: Message-67-35 -> Message-67-35 (/127.0.0.1:49492)
21:20:56.896 [pool-1-thread-1] DEBUG com.mnc.udp.UDPServer - UDP-Server: Message-8-64
21:20:56.896 [pool-1-thread-3] DEBUG com.mnc.udp.UDPServer - UDP-Server: Message-69-64
21:20:56.896 [pool-1-thread-1] DEBUG com.mnc.udp.UDPServer - UDP-Server: Message-8-64 -> Message-8-64 (/127.0.0.1:49433)
21:20:56.896 [pool-1-thread-4] DEBUG com.mnc.udp.UDPServer - UDP-Server: Message-6-64
21:20:56.896 [pool-1-thread-1] DEBUG com.mnc.udp.UDPServer - UDP-Server: Message-72-64
21:20:56.896 [pool-1-thread-5] DEBUG com.mnc.udp.UDPServer - UDP-Server: Message-26-32 -> Message-26-32 (/127.0.0.1:49451)
21:20:56.896 [pool-1-thread-2] DEBUG com.mnc.udp.UDPServer - UDP-Server: Message-94-91 -> Message-94-91 (/127.0.0.1:49519)
21:20:56.897 [pool-1-thread-5] DEBUG com.mnc.udp.UDPServer - UDP-Server: Message-10-64
21:20:56.897 [pool-1-thread-2] DEBUG com.mnc.udp.UDPServer - UDP-Server: Message-51-64
21:20:56.896 [pool-1-thread-3] DEBUG com.mnc.udp.UDPServer - UDP-Server: Message-69-64 -> Message-69-64 (/127.0.0.1:49494)
21:20:56.896 [pool-1-thread-4] DEBUG com.mnc.udp.UDPServer - UDP-Server: Message-6-64 -> Message-6-64 (/127.0.0.1:49431)
21:20:56.897 [pool-1-thread-1] DEBUG com.mnc.udp.UDPServer - UDP-Server: Message-72-64 -> Message-72-64 (/127.0.0.1:49497)
21:20:56.897 [pool-1-thread-4] DEBUG com.mnc.udp.UDPServer - UDP-Server: Message-3-64
21:20:56.897 [pool-1-thread-5] DEBUG com.mnc.udp.UDPServer - UDP-Server: Message-10-64 -> Message-10-64 (/127.0.0.1:49435)
21:20:56.897 [pool-1-thread-2] DEBUG com.mnc.udp.UDPServer - UDP-Server: Message-51-64 -> Message-51-64 (/127.0.0.1:49476)
21:20:56.897 [pool-1-thread-3] DEBUG com.mnc.udp.UDPServer - UDP-Server: Message-74-64
21:20:56.897 [pool-1-thread-1] DEBUG com.mnc.udp.UDPServer - UDP-Server: Message-9-64
21:20:56.897 [pool-1-thread-4] DEBUG com.mnc.udp.UDPServer - UDP-Server: Message-3-64 -> Message-3-64 (/127.0.0.1:49428)
21:20:56.897 [pool-1-thread-5] DEBUG com.mnc.udp.UDPServer - UDP-Server: Message-50-64
21:20:56.897 [pool-1-thread-2] DEBUG com.mnc.udp.UDPServer - UDP-Server: Message-65-36
21:20:56.897 [pool-1-thread-3] DEBUG com.mnc.udp.UDPServer - UDP-Server: Message-74-64 -> Message-74-64 (/127.0.0.1:49499)
21:20:56.897 [pool-1-thread-1] DEBUG com.mnc.udp.UDPServer - UDP-Server: Message-9-64 -> Message-9-64 (/127.0.0.1:49434)
21:20:56.898 [pool-1-thread-4] DEBUG com.mnc.udp.UDPServer - UDP-Server: Message-4-64
21:20:56.898 [pool-1-thread-5] DEBUG com.mnc.udp.UDPServer - UDP-Server: Message-50-64 -> Message-50-64 (/127.0.0.1:49475)
21:20:56.898 [pool-1-thread-2] DEBUG com.mnc.udp.UDPServer - UDP-Server: Message-65-36 -> Message-65-36 (/127.0.0.1:49490)
21:20:56.898 [pool-1-thread-3] DEBUG com.mnc.udp.UDPServer - UDP-Server: Message-52-64
21:20:56.898 [pool-1-thread-1] DEBUG com.mnc.udp.UDPServer - UDP-Server: Message-5-64
21:20:56.898 [pool-1-thread-3] DEBUG com.mnc.udp.UDPServer - UDP-Server: Message-52-64 -> Message-52-64 (/127.0.0.1:49477)
21:20:56.898 [pool-1-thread-4] DEBUG com.mnc.udp.UDPServer - UDP-Server: Message-4-64 -> Message-4-64 (/127.0.0.1:49429)
21:20:56.898 [pool-1-thread-5] DEBUG com.mnc.udp.UDPServer - UDP-Server: Message-2-64
21:20:56.898 [pool-1-thread-2] DEBUG com.mnc.udp.UDPServer - UDP-Server: Message-1-64
21:20:56.899 [pool-1-thread-5] DEBUG com.mnc.udp.UDPServer - UDP-Server: Message-2-64 -> Message-2-64 (/127.0.0.1:49427)
21:20:56.898 [pool-1-thread-1] DEBUG com.mnc.udp.UDPServer - UDP-Server: Message-5-64 -> Message-5-64 (/127.0.0.1:49430)
21:20:56.898 [pool-1-thread-3] DEBUG com.mnc.udp.UDPServer - UDP-Server: Message-32-36
21:20:56.898 [pool-1-thread-4] DEBUG com.mnc.udp.UDPServer - UDP-Server: Message-0-64
21:20:56.899 [pool-1-thread-2] DEBUG com.mnc.udp.UDPServer - UDP-Server: Message-1-64 -> Message-1-64 (/127.0.0.1:49426)
21:20:56.899 [pool-1-thread-5] DEBUG com.mnc.udp.UDPServer - UDP-Server: Message-45-33
21:20:56.899 [pool-1-thread-2] DEBUG com.mnc.udp.UDPServer - UDP-Server: Message-8-62
21:20:56.899 [pool-1-thread-1] DEBUG com.mnc.udp.UDPServer - UDP-Server: Message-67-36
21:20:56.899 [pool-1-thread-3] DEBUG com.mnc.udp.UDPServer - UDP-Server: Message-32-36 -> Message-32-36 (/127.0.0.1:49457)
21:20:56.899 [pool-1-thread-4] DEBUG com.mnc.udp.UDPServer - UDP-Server: Message-0-64 -> Message-0-64 (/127.0.0.1:49425)
21:20:56.899 [pool-1-thread-5] DEBUG com.mnc.udp.UDPServer - UDP-Server: Message-45-33 -> Message-45-33 (/127.0.0.1:49470)
21:20:56.899 [pool-1-thread-2] DEBUG com.mnc.udp.UDPServer - UDP-Server: Message-8-62 -> Message-8-62 (/127.0.0.1:49433)
21:20:56.899 [pool-1-thread-5] DEBUG com.mnc.udp.UDPServer - UDP-Server: Message-69-62
21:20:56.899 [pool-1-thread-2] DEBUG com.mnc.udp.UDPServer - UDP-Server: Message-6-62
21:20:56.899 [pool-1-thread-1] DEBUG com.mnc.udp.UDPServer - UDP-Server: Message-67-36 -> Message-67-36 (/127.0.0.1:49492)
21:20:56.899 [pool-1-thread-3] DEBUG com.mnc.udp.UDPServer - UDP-Server: Message-26-91
21:20:56.900 [pool-1-thread-1] DEBUG com.mnc.udp.UDPServer - UDP-Server: Message-72-62
21:20:56.899 [pool-1-thread-4] DEBUG com.mnc.udp.UDPServer - UDP-Server: Message-94-31
21:20:56.899 [pool-1-thread-5] DEBUG com.mnc.udp.UDPServer - UDP-Server: Message-69-62 -> Message-69-62 (/127.0.0.1:49494)
21:20:56.900 [pool-1-thread-2] DEBUG com.mnc.udp.UDPServer - UDP-Server: Message-6-62 -> Message-6-62 (/127.0.0.1:49431)
21:20:56.900 [pool-1-thread-1] DEBUG com.mnc.udp.UDPServer - UDP-Server: Message-72-62 -> Message-72-62 (/127.0.0.1:49497)
21:20:56.900 [pool-1-thread-3] DEBUG com.mnc.udp.UDPServer - UDP-Server: Message-26-91 -> Message-26-91 (/127.0.0.1:49451)
21:20:56.900 [pool-1-thread-4] DEBUG com.mnc.udp.UDPServer - UDP-Server: Message-94-31 -> Message-94-31 (/127.0.0.1:49519)
21:20:56.900 [pool-1-thread-3] DEBUG com.mnc.udp.UDPServer - UDP-Server: Message-74-62
21:20:56.900 [pool-1-thread-5] DEBUG com.mnc.udp.UDPServer - UDP-Server: Message-10-62
21:20:56.900 [pool-1-thread-2] DEBUG com.mnc.udp.UDPServer - UDP-Server: Message-51-62
21:20:56.900 [pool-1-thread-1] DEBUG com.mnc.udp.UDPServer - UDP-Server: Message-3-62
21:20:56.900 [pool-1-thread-4] DEBUG com.mnc.udp.UDPServer - UDP-Server: Message-9-62
21:20:56.900 [pool-1-thread-3] DEBUG com.mnc.udp.UDPServer - UDP-Server: Message-74-62 -> Message-74-62 (/127.0.0.1:49499)
21:20:56.900 [pool-1-thread-5] DEBUG com.mnc.udp.UDPServer - UDP-Server: Message-10-62 -> Message-10-62 (/127.0.0.1:49435)
21:20:56.900 [pool-1-thread-2] DEBUG com.mnc.udp.UDPServer - UDP-Server: Message-51-62 -> Message-51-62 (/127.0.0.1:49476)
21:20:56.900 [pool-1-thread-1] DEBUG com.mnc.udp.UDPServer - UDP-Server: Message-3-62 -> Message-3-62 (/127.0.0.1:49428)
21:20:56.900 [pool-1-thread-4] DEBUG com.mnc.udp.UDPServer - UDP-Server: Message-9-62 -> Message-9-62 (/127.0.0.1:49434)
21:20:56.901 [pool-1-thread-3] DEBUG com.mnc.udp.UDPServer - UDP-Server: Message-50-62
21:20:56.901 [pool-1-thread-5] DEBUG com.mnc.udp.UDPServer - UDP-Server: Message-65-34
21:20:56.901 [pool-1-thread-2] DEBUG com.mnc.udp.UDPServer - UDP-Server: Message-52-62
21:20:56.901 [pool-1-thread-1] DEBUG com.mnc.udp.UDPServer - UDP-Server: Message-4-62
21:20:56.901 [pool-1-thread-4] DEBUG com.mnc.udp.UDPServer - UDP-Server: Message-2-62
21:20:56.901 [pool-1-thread-3] DEBUG com.mnc.udp.UDPServer - UDP-Server: Message-50-62 -> Message-50-62 (/127.0.0.1:49475)
21:20:56.901 [pool-1-thread-5] DEBUG com.mnc.udp.UDPServer - UDP-Server: Message-65-34 -> Message-65-34 (/127.0.0.1:49490)
21:20:56.901 [pool-1-thread-3] DEBUG com.mnc.udp.UDPServer - UDP-Server: Message-5-62
21:20:56.901 [pool-1-thread-2] DEBUG com.mnc.udp.UDPServer - UDP-Server: Message-52-62 -> Message-52-62 (/127.0.0.1:49477)
21:20:56.901 [pool-1-thread-1] DEBUG com.mnc.udp.UDPServer - UDP-Server: Message-4-62 -> Message-4-62 (/127.0.0.1:49429)
21:20:56.901 [pool-1-thread-4] DEBUG com.mnc.udp.UDPServer - UDP-Server: Message-2-62 -> Message-2-62 (/127.0.0.1:49427)
21:20:56.901 [pool-1-thread-5] DEBUG com.mnc.udp.UDPServer - UDP-Server: Message-1-62
21:20:56.901 [pool-1-thread-4] DEBUG com.mnc.udp.UDPServer - UDP-Server: Message-45-13
21:20:56.901 [pool-1-thread-5] DEBUG com.mnc.udp.UDPServer - UDP-Server: Message-1-62 -> Message-1-62 (/127.0.0.1:49426)
21:20:56.901 [pool-1-thread-3] DEBUG com.mnc.udp.UDPServer - UDP-Server: Message-5-62 -> Message-5-62 (/127.0.0.1:49430)
21:20:56.902 [pool-1-thread-5] DEBUG com.mnc.udp.UDPServer - UDP-Server: Message-8-71
21:20:56.902 [pool-1-thread-3] DEBUG com.mnc.udp.UDPServer - UDP-Server: Message-67-34
21:20:56.902 [pool-1-thread-5] DEBUG com.mnc.udp.UDPServer - UDP-Server: Message-8-71 -> Message-8-71 (/127.0.0.1:49433)
21:20:56.901 [pool-1-thread-2] DEBUG com.mnc.udp.UDPServer - UDP-Server: Message-32-34
21:20:56.901 [pool-1-thread-1] DEBUG com.mnc.udp.UDPServer - UDP-Server: Message-0-62
21:20:56.902 [pool-1-thread-4] DEBUG com.mnc.udp.UDPServer - UDP-Server: Message-45-13 -> Message-45-13 (/127.0.0.1:49470)
21:20:56.902 [pool-1-thread-3] DEBUG com.mnc.udp.UDPServer - UDP-Server: Message-67-34 -> Message-67-34 (/127.0.0.1:49492)
21:20:56.902 [pool-1-thread-4] DEBUG com.mnc.udp.UDPServer - UDP-Server: Message-6-71
21:20:56.902 [pool-1-thread-5] DEBUG com.mnc.udp.UDPServer - UDP-Server: Message-69-71
21:20:56.902 [pool-1-thread-2] DEBUG com.mnc.udp.UDPServer - UDP-Server: Message-32-34 -> Message-32-34 (/127.0.0.1:49457)
21:20:56.902 [pool-1-thread-5] DEBUG com.mnc.udp.UDPServer - UDP-Server: Message-69-71 -> Message-69-71 (/127.0.0.1:49494)
21:20:56.902 [pool-1-thread-1] DEBUG com.mnc.udp.UDPServer - UDP-Server: Message-0-62 -> Message-0-62 (/127.0.0.1:49425)
21:20:56.902 [pool-1-thread-5] DEBUG com.mnc.udp.UDPServer - UDP-Server: Message-94-92
21:20:56.902 [pool-1-thread-3] DEBUG com.mnc.udp.UDPServer - UDP-Server: Message-72-71
21:20:56.902 [pool-1-thread-4] DEBUG com.mnc.udp.UDPServer - UDP-Server: Message-6-71 -> Message-6-71 (/127.0.0.1:49431)
21:20:56.902 [pool-1-thread-2] DEBUG com.mnc.udp.UDPServer - UDP-Server: Message-26-92
21:20:56.902 [pool-1-thread-1] DEBUG com.mnc.udp.UDPServer - UDP-Server: Message-74-71
21:20:56.902 [pool-1-thread-5] DEBUG com.mnc.udp.UDPServer - UDP-Server: Message-94-92 -> Message-94-92 (/127.0.0.1:49519)
21:20:56.902 [pool-1-thread-3] DEBUG com.mnc.udp.UDPServer - UDP-Server: Message-72-71 -> Message-72-71 (/127.0.0.1:49497)
21:20:56.903 [pool-1-thread-5] DEBUG com.mnc.udp.UDPServer - UDP-Server: Message-51-71
21:20:56.903 [pool-1-thread-4] DEBUG com.mnc.udp.UDPServer - UDP-Server: Message-10-71
21:20:56.903 [pool-1-thread-2] DEBUG com.mnc.udp.UDPServer - UDP-Server: Message-26-92 -> Message-26-92 (/127.0.0.1:49451)
21:20:56.903 [pool-1-thread-1] DEBUG com.mnc.udp.UDPServer - UDP-Server: Message-74-71 -> Message-74-71 (/127.0.0.1:49499)
21:20:56.903 [pool-1-thread-3] DEBUG com.mnc.udp.UDPServer - UDP-Server: Message-3-71
21:20:56.903 [pool-1-thread-5] DEBUG com.mnc.udp.UDPServer - UDP-Server: Message-51-71 -> Message-51-71 (/127.0.0.1:49476)
21:20:56.903 [pool-1-thread-4] DEBUG com.mnc.udp.UDPServer - UDP-Server: Message-10-71 -> Message-10-71 (/127.0.0.1:49435)
21:20:56.903 [pool-1-thread-5] DEBUG com.mnc.udp.UDPServer - UDP-Server: Message-65-28
21:20:56.903 [pool-1-thread-2] DEBUG com.mnc.udp.UDPServer - UDP-Server: Message-9-71
21:20:56.903 [pool-1-thread-1] DEBUG com.mnc.udp.UDPServer - UDP-Server: Message-50-71
21:20:56.903 [pool-1-thread-3] DEBUG com.mnc.udp.UDPServer - UDP-Server: Message-3-71 -> Message-3-71 (/127.0.0.1:49428)
21:20:56.903 [pool-1-thread-4] DEBUG com.mnc.udp.UDPServer - UDP-Server: Message-52-71
21:20:56.903 [pool-1-thread-3] DEBUG com.mnc.udp.UDPServer - UDP-Server: Message-4-71
21:20:56.903 [pool-1-thread-5] DEBUG com.mnc.udp.UDPServer - UDP-Server: Message-65-28 -> Message-65-28 (/127.0.0.1:49490)
21:20:56.903 [pool-1-thread-2] DEBUG com.mnc.udp.UDPServer - UDP-Server: Message-9-71 -> Message-9-71 (/127.0.0.1:49434)
21:20:56.904 [pool-1-thread-5] DEBUG com.mnc.udp.UDPServer - UDP-Server: Message-2-71
21:20:56.903 [pool-1-thread-1] DEBUG com.mnc.udp.UDPServer - UDP-Server: Message-50-71 -> Message-50-71 (/127.0.0.1:49475)
21:20:56.903 [pool-1-thread-4] DEBUG com.mnc.udp.UDPServer - UDP-Server: Message-52-71 -> Message-52-71 (/127.0.0.1:49477)
21:20:56.904 [pool-1-thread-3] DEBUG com.mnc.udp.UDPServer - UDP-Server: Message-4-71 -> Message-4-71 (/127.0.0.1:49429)
21:20:56.904 [pool-1-thread-2] DEBUG com.mnc.udp.UDPServer - UDP-Server: Message-1-71
21:20:56.904 [pool-1-thread-3] DEBUG com.mnc.udp.UDPServer - UDP-Server: Message-45-31
21:20:56.904 [pool-1-thread-5] DEBUG com.mnc.udp.UDPServer - UDP-Server: Message-2-71 -> Message-2-71 (/127.0.0.1:49427)
21:20:56.904 [pool-1-thread-1] DEBUG com.mnc.udp.UDPServer - UDP-Server: Message-5-71
21:20:56.904 [pool-1-thread-5] DEBUG com.mnc.udp.UDPServer - UDP-Server: Message-67-28
21:20:56.904 [pool-1-thread-1] DEBUG com.mnc.udp.UDPServer - UDP-Server: Message-5-71 -> Message-5-71 (/127.0.0.1:49430)
21:20:56.904 [pool-1-thread-5] DEBUG com.mnc.udp.UDPServer - UDP-Server: Message-67-28 -> Message-67-28 (/127.0.0.1:49492)
21:20:56.904 [pool-1-thread-4] DEBUG com.mnc.udp.UDPServer - UDP-Server: Message-8-72
21:20:56.904 [pool-1-thread-2] DEBUG com.mnc.udp.UDPServer - UDP-Server: Message-1-71 -> Message-1-71 (/127.0.0.1:49426)
21:20:56.904 [pool-1-thread-3] DEBUG com.mnc.udp.UDPServer - UDP-Server: Message-45-31 -> Message-45-31 (/127.0.0.1:49470)
21:20:56.904 [pool-1-thread-1] DEBUG com.mnc.udp.UDPServer - UDP-Server: Message-32-28
21:20:56.904 [pool-1-thread-5] DEBUG com.mnc.udp.UDPServer - UDP-Server: Message-69-72
21:20:56.904 [pool-1-thread-4] DEBUG com.mnc.udp.UDPServer - UDP-Server: Message-8-72 -> Message-8-72 (/127.0.0.1:49433)
21:20:56.904 [pool-1-thread-2] DEBUG com.mnc.udp.UDPServer - UDP-Server: Message-0-71
21:20:56.904 [pool-1-thread-3] DEBUG com.mnc.udp.UDPServer - UDP-Server: Message-6-72
21:20:56.905 [pool-1-thread-2] DEBUG com.mnc.udp.UDPServer - UDP-Server: Message-0-71 -> Message-0-71 (/127.0.0.1:49425)
21:20:56.905 [pool-1-thread-3] DEBUG com.mnc.udp.UDPServer - UDP-Server: Message-6-72 -> Message-6-72 (/127.0.0.1:49431)
21:20:56.904 [pool-1-thread-1] DEBUG com.mnc.udp.UDPServer - UDP-Server: Message-32-28 -> Message-32-28 (/127.0.0.1:49457)
21:20:56.905 [pool-1-thread-3] DEBUG com.mnc.udp.UDPServer - UDP-Server: Message-26-16
21:20:56.904 [pool-1-thread-5] DEBUG com.mnc.udp.UDPServer - UDP-Server: Message-69-72 -> Message-69-72 (/127.0.0.1:49494)
21:20:56.905 [pool-1-thread-4] DEBUG com.mnc.udp.UDPServer - UDP-Server: Message-94-35
21:20:56.905 [pool-1-thread-2] DEBUG com.mnc.udp.UDPServer - UDP-Server: Message-72-72
21:20:56.905 [pool-1-thread-1] DEBUG com.mnc.udp.UDPServer - UDP-Server: Message-74-72
21:20:56.905 [pool-1-thread-3] DEBUG com.mnc.udp.UDPServer - UDP-Server: Message-26-16 -> Message-26-16 (/127.0.0.1:49451)
21:20:56.905 [pool-1-thread-5] DEBUG com.mnc.udp.UDPServer - UDP-Server: Message-51-72
21:20:56.905 [pool-1-thread-4] DEBUG com.mnc.udp.UDPServer - UDP-Server: Message-94-35 -> Message-94-35 (/127.0.0.1:49519)
21:20:56.905 [pool-1-thread-2] DEBUG com.mnc.udp.UDPServer - UDP-Server: Message-72-72 -> Message-72-72 (/127.0.0.1:49497)
21:20:56.905 [pool-1-thread-1] DEBUG com.mnc.udp.UDPServer - UDP-Server: Message-74-72 -> Message-74-72 (/127.0.0.1:49499)
21:20:56.905 [pool-1-thread-5] DEBUG com.mnc.udp.UDPServer - UDP-Server: Message-51-72 -> Message-51-72 (/127.0.0.1:49476)
21:20:56.905 [pool-1-thread-3] DEBUG com.mnc.udp.UDPServer - UDP-Server: Message-10-72
21:20:56.905 [pool-1-thread-4] DEBUG com.mnc.udp.UDPServer - UDP-Server: Message-3-72
21:20:56.905 [pool-1-thread-2] DEBUG com.mnc.udp.UDPServer - UDP-Server: Message-65-29
21:20:56.905 [pool-1-thread-1] DEBUG com.mnc.udp.UDPServer - UDP-Server: Message-9-72
21:20:56.906 [pool-1-thread-4] DEBUG com.mnc.udp.UDPServer - UDP-Server: Message-3-72 -> Message-3-72 (/127.0.0.1:49428)
21:20:56.905 [pool-1-thread-5] DEBUG com.mnc.udp.UDPServer - UDP-Server: Message-50-72
21:20:56.905 [pool-1-thread-3] DEBUG com.mnc.udp.UDPServer - UDP-Server: Message-10-72 -> Message-10-72 (/127.0.0.1:49435)
21:20:56.906 [pool-1-thread-2] DEBUG com.mnc.udp.UDPServer - UDP-Server: Message-65-29 -> Message-65-29 (/127.0.0.1:49490)
21:20:56.906 [pool-1-thread-3] DEBUG com.mnc.udp.UDPServer - UDP-Server: Message-4-72
21:20:56.906 [pool-1-thread-1] DEBUG com.mnc.udp.UDPServer - UDP-Server: Message-9-72 -> Message-9-72 (/127.0.0.1:49434)
21:20:56.906 [pool-1-thread-4] DEBUG com.mnc.udp.UDPServer - UDP-Server: Message-52-72
21:20:56.906 [pool-1-thread-5] DEBUG com.mnc.udp.UDPServer - UDP-Server: Message-50-72 -> Message-50-72 (/127.0.0.1:49475)
21:20:56.906 [pool-1-thread-2] DEBUG com.mnc.udp.UDPServer - UDP-Server: Message-2-72
21:20:56.906 [pool-1-thread-3] DEBUG com.mnc.udp.UDPServer - UDP-Server: Message-4-72 -> Message-4-72 (/127.0.0.1:49429)
21:20:56.906 [pool-1-thread-1] DEBUG com.mnc.udp.UDPServer - UDP-Server: Message-5-72
21:20:56.906 [pool-1-thread-4] DEBUG com.mnc.udp.UDPServer - UDP-Server: Message-52-72 -> Message-52-72 (/127.0.0.1:49477)
21:20:56.906 [pool-1-thread-5] DEBUG com.mnc.udp.UDPServer - UDP-Server: Message-67-29
21:20:56.906 [pool-1-thread-2] DEBUG com.mnc.udp.UDPServer - UDP-Server: Message-2-72 -> Message-2-72 (/127.0.0.1:49427)
21:20:56.906 [pool-1-thread-3] DEBUG com.mnc.udp.UDPServer - UDP-Server: Message-1-72
21:20:56.906 [pool-1-thread-1] DEBUG com.mnc.udp.UDPServer - UDP-Server: Message-5-72 -> Message-5-72 (/127.0.0.1:49430)
21:20:56.907 [pool-1-thread-2] DEBUG com.mnc.udp.UDPServer - UDP-Server: Message-8-73
21:20:56.907 [pool-1-thread-4] DEBUG com.mnc.udp.UDPServer - UDP-Server: Message-45-14
21:20:56.907 [pool-1-thread-5] DEBUG com.mnc.udp.UDPServer - UDP-Server: Message-67-29 -> Message-67-29 (/127.0.0.1:49492)
21:20:56.907 [pool-1-thread-3] DEBUG com.mnc.udp.UDPServer - UDP-Server: Message-1-72 -> Message-1-72 (/127.0.0.1:49426)
21:20:56.907 [pool-1-thread-5] DEBUG com.mnc.udp.UDPServer - UDP-Server: Message-6-73
21:20:56.907 [pool-1-thread-1] DEBUG com.mnc.udp.UDPServer - UDP-Server: Message-0-72
21:20:56.907 [pool-1-thread-2] DEBUG com.mnc.udp.UDPServer - UDP-Server: Message-8-73 -> Message-8-73 (/127.0.0.1:49433)
21:20:56.908 [pool-1-thread-1] DEBUG com.mnc.udp.UDPServer - UDP-Server: Message-0-72 -> Message-0-72 (/127.0.0.1:49425)
21:20:56.907 [pool-1-thread-4] DEBUG com.mnc.udp.UDPServer - UDP-Server: Message-45-14 -> Message-45-14 (/127.0.0.1:49470)
21:20:56.908 [pool-1-thread-1] DEBUG com.mnc.udp.UDPServer - UDP-Server: Message-26-17
21:20:56.908 [pool-1-thread-4] DEBUG com.mnc.udp.UDPServer - UDP-Server: Message-94-36
21:20:56.908 [pool-1-thread-5] DEBUG com.mnc.udp.UDPServer - UDP-Server: Message-6-73 -> Message-6-73 (/127.0.0.1:49431)
21:20:56.908 [pool-1-thread-3] DEBUG com.mnc.udp.UDPServer - UDP-Server: Message-32-29
21:20:56.908 [pool-1-thread-2] DEBUG com.mnc.udp.UDPServer - UDP-Server: Message-69-73
21:20:56.908 [pool-1-thread-1] DEBUG com.mnc.udp.UDPServer - UDP-Server: Message-26-17 -> Message-26-17 (/127.0.0.1:49451)
21:20:56.908 [pool-1-thread-4] DEBUG com.mnc.udp.UDPServer - UDP-Server: Message-94-36 -> Message-94-36 (/127.0.0.1:49519)
21:20:56.908 [pool-1-thread-5] DEBUG com.mnc.udp.UDPServer - UDP-Server: Message-72-73
21:20:56.908 [pool-1-thread-3] DEBUG com.mnc.udp.UDPServer - UDP-Server: Message-32-29 -> Message-32-29 (/127.0.0.1:49457)
21:20:56.908 [pool-1-thread-2] DEBUG com.mnc.udp.UDPServer - UDP-Server: Message-69-73 -> Message-69-73 (/127.0.0.1:49494)
21:20:56.908 [pool-1-thread-1] DEBUG com.mnc.udp.UDPServer - UDP-Server: Message-74-73
21:20:56.908 [pool-1-thread-4] DEBUG com.mnc.udp.UDPServer - UDP-Server: Message-51-73
21:20:56.908 [pool-1-thread-1] DEBUG com.mnc.udp.UDPServer - UDP-Server: Message-74-73 -> Message-74-73 (/127.0.0.1:49499)
21:20:56.908 [pool-1-thread-4] DEBUG com.mnc.udp.UDPServer - UDP-Server: Message-51-73 -> Message-51-73 (/127.0.0.1:49476)
21:20:56.908 [pool-1-thread-5] DEBUG com.mnc.udp.UDPServer - UDP-Server: Message-72-73 -> Message-72-73 (/127.0.0.1:49497)
21:20:56.908 [pool-1-thread-3] DEBUG com.mnc.udp.UDPServer - UDP-Server: Message-3-73
21:20:56.908 [pool-1-thread-2] DEBUG com.mnc.udp.UDPServer - UDP-Server: Message-10-73
21:20:56.908 [pool-1-thread-1] DEBUG com.mnc.udp.UDPServer - UDP-Server: Message-65-30
21:20:56.908 [pool-1-thread-4] DEBUG com.mnc.udp.UDPServer - UDP-Server: Message-9-73
21:20:56.909 [pool-1-thread-3] DEBUG com.mnc.udp.UDPServer - UDP-Server: Message-3-73 -> Message-3-73 (/127.0.0.1:49428)
21:20:56.909 [pool-1-thread-5] DEBUG com.mnc.udp.UDPServer - UDP-Server: Message-50-73
21:20:56.909 [pool-1-thread-2] DEBUG com.mnc.udp.UDPServer - UDP-Server: Message-10-73 -> Message-10-73 (/127.0.0.1:49435)
21:20:56.909 [pool-1-thread-1] DEBUG com.mnc.udp.UDPServer - UDP-Server: Message-65-30 -> Message-65-30 (/127.0.0.1:49490)
21:20:56.909 [pool-1-thread-4] DEBUG com.mnc.udp.UDPServer - UDP-Server: Message-9-73 -> Message-9-73 (/127.0.0.1:49434)
21:20:56.909 [pool-1-thread-3] DEBUG com.mnc.udp.UDPServer - UDP-Server: Message-4-73
21:20:56.909 [pool-1-thread-4] DEBUG com.mnc.udp.UDPServer - UDP-Server: Message-5-73
21:20:56.909 [pool-1-thread-5] DEBUG com.mnc.udp.UDPServer - UDP-Server: Message-50-73 -> Message-50-73 (/127.0.0.1:49475)
21:20:56.909 [pool-1-thread-2] DEBUG com.mnc.udp.UDPServer - UDP-Server: Message-52-73
21:20:56.909 [pool-1-thread-5] DEBUG com.mnc.udp.UDPServer - UDP-Server: Message-67-30
21:20:56.909 [pool-1-thread-2] DEBUG com.mnc.udp.UDPServer - UDP-Server: Message-52-73 -> Message-52-73 (/127.0.0.1:49477)
21:20:56.909 [pool-1-thread-1] DEBUG com.mnc.udp.UDPServer - UDP-Server: Message-2-73
21:20:56.909 [pool-1-thread-3] DEBUG com.mnc.udp.UDPServer - UDP-Server: Message-4-73 -> Message-4-73 (/127.0.0.1:49429)
21:20:56.909 [pool-1-thread-4] DEBUG com.mnc.udp.UDPServer - UDP-Server: Message-5-73 -> Message-5-73 (/127.0.0.1:49430)
21:20:56.909 [pool-1-thread-3] DEBUG com.mnc.udp.UDPServer - UDP-Server: Message-8-74
21:20:56.909 [pool-1-thread-4] DEBUG com.mnc.udp.UDPServer - UDP-Server: Message-0-73
21:20:56.909 [pool-1-thread-5] DEBUG com.mnc.udp.UDPServer - UDP-Server: Message-67-30 -> Message-67-30 (/127.0.0.1:49492)
21:20:56.909 [pool-1-thread-2] DEBUG com.mnc.udp.UDPServer - UDP-Server: Message-1-73
21:20:56.909 [pool-1-thread-1] DEBUG com.mnc.udp.UDPServer - UDP-Server: Message-2-73 -> Message-2-73 (/127.0.0.1:49427)
21:20:56.909 [pool-1-thread-3] DEBUG com.mnc.udp.UDPServer - UDP-Server: Message-8-74 -> Message-8-74 (/127.0.0.1:49433)
21:20:56.909 [pool-1-thread-4] DEBUG com.mnc.udp.UDPServer - UDP-Server: Message-0-73 -> Message-0-73 (/127.0.0.1:49425)
21:20:56.910 [pool-1-thread-3] DEBUG com.mnc.udp.UDPServer - UDP-Server: Message-26-45
21:20:56.910 [pool-1-thread-2] DEBUG com.mnc.udp.UDPServer - UDP-Server: Message-1-73 -> Message-1-73 (/127.0.0.1:49426)
21:20:56.910 [pool-1-thread-5] DEBUG com.mnc.udp.UDPServer - UDP-Server: Message-45-35
21:20:56.910 [pool-1-thread-1] DEBUG com.mnc.udp.UDPServer - UDP-Server: Message-6-74
21:20:56.910 [pool-1-thread-4] DEBUG com.mnc.udp.UDPServer - UDP-Server: Message-94-88
21:20:56.910 [pool-1-thread-3] DEBUG com.mnc.udp.UDPServer - UDP-Server: Message-26-45 -> Message-26-45 (/127.0.0.1:49451)
21:20:56.910 [pool-1-thread-2] DEBUG com.mnc.udp.UDPServer - UDP-Server: Message-32-30
21:20:56.910 [pool-1-thread-3] DEBUG com.mnc.udp.UDPServer - UDP-Server: Message-69-74
21:20:56.910 [pool-1-thread-2] DEBUG com.mnc.udp.UDPServer - UDP-Server: Message-32-30 -> Message-32-30 (/127.0.0.1:49457)
21:20:56.910 [pool-1-thread-5] DEBUG com.mnc.udp.UDPServer - UDP-Server: Message-45-35 -> Message-45-35 (/127.0.0.1:49470)
21:20:56.910 [pool-1-thread-1] DEBUG com.mnc.udp.UDPServer - UDP-Server: Message-6-74 -> Message-6-74 (/127.0.0.1:49431)
21:20:56.910 [pool-1-thread-5] DEBUG com.mnc.udp.UDPServer - UDP-Server: Message-51-74
21:20:56.910 [pool-1-thread-4] DEBUG com.mnc.udp.UDPServer - UDP-Server: Message-94-88 -> Message-94-88 (/127.0.0.1:49519)
21:20:56.910 [pool-1-thread-3] DEBUG com.mnc.udp.UDPServer - UDP-Server: Message-69-74 -> Message-69-74 (/127.0.0.1:49494)
21:20:56.910 [pool-1-thread-2] DEBUG com.mnc.udp.UDPServer - UDP-Server: Message-74-74
21:20:56.911 [pool-1-thread-1] DEBUG com.mnc.udp.UDPServer - UDP-Server: Message-72-74
21:20:56.911 [pool-1-thread-5] DEBUG com.mnc.udp.UDPServer - UDP-Server: Message-51-74 -> Message-51-74 (/127.0.0.1:49476)
21:20:56.911 [pool-1-thread-4] DEBUG com.mnc.udp.UDPServer - UDP-Server: Message-3-74
21:20:56.911 [pool-1-thread-3] DEBUG com.mnc.udp.UDPServer - UDP-Server: Message-10-74
21:20:56.911 [pool-1-thread-5] DEBUG com.mnc.udp.UDPServer - UDP-Server: Message-65-26
21:20:56.911 [pool-1-thread-2] DEBUG com.mnc.udp.UDPServer - UDP-Server: Message-74-74 -> Message-74-74 (/127.0.0.1:49499)
21:20:56.911 [pool-1-thread-1] DEBUG com.mnc.udp.UDPServer - UDP-Server: Message-72-74 -> Message-72-74 (/127.0.0.1:49497)
21:20:56.911 [pool-1-thread-2] DEBUG com.mnc.udp.UDPServer - UDP-Server: Message-9-74
21:20:56.911 [pool-1-thread-4] DEBUG com.mnc.udp.UDPServer - UDP-Server: Message-3-74 -> Message-3-74 (/127.0.0.1:49428)
21:20:56.911 [pool-1-thread-3] DEBUG com.mnc.udp.UDPServer - UDP-Server: Message-10-74 -> Message-10-74 (/127.0.0.1:49435)
21:20:56.911 [pool-1-thread-5] DEBUG com.mnc.udp.UDPServer - UDP-Server: Message-65-26 -> Message-65-26 (/127.0.0.1:49490)
21:20:56.911 [pool-1-thread-3] DEBUG com.mnc.udp.UDPServer - UDP-Server: Message-4-74
21:20:56.911 [pool-1-thread-1] DEBUG com.mnc.udp.UDPServer - UDP-Server: Message-50-74
21:20:56.911 [pool-1-thread-2] DEBUG com.mnc.udp.UDPServer - UDP-Server: Message-9-74 -> Message-9-74 (/127.0.0.1:49434)
21:20:56.911 [pool-1-thread-1] DEBUG com.mnc.udp.UDPServer - UDP-Server: Message-50-74 -> Message-50-74 (/127.0.0.1:49475)
21:20:56.911 [pool-1-thread-4] DEBUG com.mnc.udp.UDPServer - UDP-Server: Message-52-74
21:20:56.911 [pool-1-thread-5] DEBUG com.mnc.udp.UDPServer - UDP-Server: Message-5-74
21:20:56.911 [pool-1-thread-3] DEBUG com.mnc.udp.UDPServer - UDP-Server: Message-4-74 -> Message-4-74 (/127.0.0.1:49429)
21:20:56.911 [pool-1-thread-2] DEBUG com.mnc.udp.UDPServer - UDP-Server: Message-67-26
21:20:56.912 [pool-1-thread-3] DEBUG com.mnc.udp.UDPServer - UDP-Server: Message-8-69
21:20:56.911 [pool-1-thread-1] DEBUG com.mnc.udp.UDPServer - UDP-Server: Message-2-74
21:20:56.911 [pool-1-thread-4] DEBUG com.mnc.udp.UDPServer - UDP-Server: Message-52-74 -> Message-52-74 (/127.0.0.1:49477)
21:20:56.912 [pool-1-thread-5] DEBUG com.mnc.udp.UDPServer - UDP-Server: Message-5-74 -> Message-5-74 (/127.0.0.1:49430)
21:20:56.912 [pool-1-thread-4] DEBUG com.mnc.udp.UDPServer - UDP-Server: Message-0-74
21:20:56.912 [pool-1-thread-2] DEBUG com.mnc.udp.UDPServer - UDP-Server: Message-67-26 -> Message-67-26 (/127.0.0.1:49492)
21:20:56.912 [pool-1-thread-3] DEBUG com.mnc.udp.UDPServer - UDP-Server: Message-8-69 -> Message-8-69 (/127.0.0.1:49433)
21:20:56.912 [pool-1-thread-1] DEBUG com.mnc.udp.UDPServer - UDP-Server: Message-2-74 -> Message-2-74 (/127.0.0.1:49427)
21:20:56.912 [pool-1-thread-3] DEBUG com.mnc.udp.UDPServer - UDP-Server: Message-32-26
21:20:56.912 [pool-1-thread-5] DEBUG com.mnc.udp.UDPServer - UDP-Server: Message-1-74
21:20:56.912 [pool-1-thread-4] DEBUG com.mnc.udp.UDPServer - UDP-Server: Message-0-74 -> Message-0-74 (/127.0.0.1:49425)
21:20:56.912 [pool-1-thread-2] DEBUG com.mnc.udp.UDPServer - UDP-Server: Message-26-13
21:20:56.912 [pool-1-thread-1] DEBUG com.mnc.udp.UDPServer - UDP-Server: Message-45-12
21:20:56.912 [pool-1-thread-3] DEBUG com.mnc.udp.UDPServer - UDP-Server: Message-32-26 -> Message-32-26 (/127.0.0.1:49457)
21:20:56.912 [pool-1-thread-5] DEBUG com.mnc.udp.UDPServer - UDP-Server: Message-1-74 -> Message-1-74 (/127.0.0.1:49426)
21:20:56.912 [pool-1-thread-4] DEBUG com.mnc.udp.UDPServer - UDP-Server: Message-6-69
21:20:56.912 [pool-1-thread-2] DEBUG com.mnc.udp.UDPServer - UDP-Server: Message-26-13 -> Message-26-13 (/127.0.0.1:49451)
21:20:56.912 [pool-1-thread-1] DEBUG com.mnc.udp.UDPServer - UDP-Server: Message-45-12 -> Message-45-12 (/127.0.0.1:49470)
21:20:56.912 [pool-1-thread-3] DEBUG com.mnc.udp.UDPServer - UDP-Server: Message-94-34
21:20:56.913 [pool-1-thread-1] DEBUG com.mnc.udp.UDPServer - UDP-Server: Message-74-69
21:20:56.913 [pool-1-thread-5] DEBUG com.mnc.udp.UDPServer - UDP-Server: Message-69-69
21:20:56.913 [pool-1-thread-4] DEBUG com.mnc.udp.UDPServer - UDP-Server: Message-6-69 -> Message-6-69 (/127.0.0.1:49431)
21:20:56.913 [pool-1-thread-2] DEBUG com.mnc.udp.UDPServer - UDP-Server: Message-51-69
21:20:56.913 [pool-1-thread-3] DEBUG com.mnc.udp.UDPServer - UDP-Server: Message-94-34 -> Message-94-34 (/127.0.0.1:49519)
21:20:56.913 [pool-1-thread-1] DEBUG com.mnc.udp.UDPServer - UDP-Server: Message-74-69 -> Message-74-69 (/127.0.0.1:49499)
21:20:56.913 [pool-1-thread-5] DEBUG com.mnc.udp.UDPServer - UDP-Server: Message-69-69 -> Message-69-69 (/127.0.0.1:49494)
21:20:56.913 [pool-1-thread-4] DEBUG com.mnc.udp.UDPServer - UDP-Server: Message-72-69
21:20:56.913 [pool-1-thread-5] DEBUG com.mnc.udp.UDPServer - UDP-Server: Message-65-27
21:20:56.913 [pool-1-thread-2] DEBUG com.mnc.udp.UDPServer - UDP-Server: Message-51-69 -> Message-51-69 (/127.0.0.1:49476)
21:20:56.913 [pool-1-thread-3] DEBUG com.mnc.udp.UDPServer - UDP-Server: Message-3-69
21:20:56.913 [pool-1-thread-1] DEBUG com.mnc.udp.UDPServer - UDP-Server: Message-10-69
21:20:56.913 [pool-1-thread-4] DEBUG com.mnc.udp.UDPServer - UDP-Server: Message-72-69 -> Message-72-69 (/127.0.0.1:49497)
21:20:56.913 [pool-1-thread-5] DEBUG com.mnc.udp.UDPServer - UDP-Server: Message-65-27 -> Message-65-27 (/127.0.0.1:49490)
21:20:56.913 [pool-1-thread-2] DEBUG com.mnc.udp.UDPServer - UDP-Server: Message-9-69
21:20:56.914 [pool-1-thread-5] DEBUG com.mnc.udp.UDPServer - UDP-Server: Message-4-69
21:20:56.913 [pool-1-thread-3] DEBUG com.mnc.udp.UDPServer - UDP-Server: Message-3-69 -> Message-3-69 (/127.0.0.1:49428)
21:20:56.913 [pool-1-thread-1] DEBUG com.mnc.udp.UDPServer - UDP-Server: Message-10-69 -> Message-10-69 (/127.0.0.1:49435)
21:20:56.914 [pool-1-thread-4] DEBUG com.mnc.udp.UDPServer - UDP-Server: Message-50-69
21:20:56.914 [pool-1-thread-2] DEBUG com.mnc.udp.UDPServer - UDP-Server: Message-9-69 -> Message-9-69 (/127.0.0.1:49434)
21:20:56.914 [pool-1-thread-5] DEBUG com.mnc.udp.UDPServer - UDP-Server: Message-4-69 -> Message-4-69 (/127.0.0.1:49429)
21:20:56.914 [pool-1-thread-3] DEBUG com.mnc.udp.UDPServer - UDP-Server: Message-52-69
21:20:56.914 [pool-1-thread-5] DEBUG com.mnc.udp.UDPServer - UDP-Server: Message-8-70
21:20:56.914 [pool-1-thread-1] DEBUG com.mnc.udp.UDPServer - UDP-Server: Message-5-69
21:20:56.914 [pool-1-thread-4] DEBUG com.mnc.udp.UDPServer - UDP-Server: Message-50-69 -> Message-50-69 (/127.0.0.1:49475)
21:20:56.914 [pool-1-thread-2] DEBUG com.mnc.udp.UDPServer - UDP-Server: Message-67-27
21:20:56.914 [pool-1-thread-3] DEBUG com.mnc.udp.UDPServer - UDP-Server: Message-52-69 -> Message-52-69 (/127.0.0.1:49477)
21:20:56.914 [pool-1-thread-5] DEBUG com.mnc.udp.UDPServer - UDP-Server: Message-8-70 -> Message-8-70 (/127.0.0.1:49433)
21:20:56.914 [pool-1-thread-3] DEBUG com.mnc.udp.UDPServer - UDP-Server: Message-0-69
21:20:56.914 [pool-1-thread-1] DEBUG com.mnc.udp.UDPServer - UDP-Server: Message-5-69 -> Message-5-69 (/127.0.0.1:49430)
21:20:56.914 [pool-1-thread-4] DEBUG com.mnc.udp.UDPServer - UDP-Server: Message-2-69
21:20:56.915 [pool-1-thread-3] DEBUG com.mnc.udp.UDPServer - UDP-Server: Message-0-69 -> Message-0-69 (/127.0.0.1:49425)
21:20:56.914 [pool-1-thread-2] DEBUG com.mnc.udp.UDPServer - UDP-Server: Message-67-27 -> Message-67-27 (/127.0.0.1:49492)
21:20:56.914 [pool-1-thread-5] DEBUG com.mnc.udp.UDPServer - UDP-Server: Message-32-27
21:20:56.915 [pool-1-thread-4] DEBUG com.mnc.udp.UDPServer - UDP-Server: Message-2-69 -> Message-2-69 (/127.0.0.1:49427)
21:20:56.915 [pool-1-thread-1] DEBUG com.mnc.udp.UDPServer - UDP-Server: Message-1-69
21:20:56.915 [pool-1-thread-3] DEBUG com.mnc.udp.UDPServer - UDP-Server: Message-26-88
21:20:56.915 [pool-1-thread-2] DEBUG com.mnc.udp.UDPServer - UDP-Server: Message-45-36
21:20:56.915 [pool-1-thread-5] DEBUG com.mnc.udp.UDPServer - UDP-Server: Message-32-27 -> Message-32-27 (/127.0.0.1:49457)
21:20:56.915 [pool-1-thread-4] DEBUG com.mnc.udp.UDPServer - UDP-Server: Message-6-70
21:20:56.915 [pool-1-thread-1] DEBUG com.mnc.udp.UDPServer - UDP-Server: Message-1-69 -> Message-1-69 (/127.0.0.1:49426)
21:20:56.915 [pool-1-thread-3] DEBUG com.mnc.udp.UDPServer - UDP-Server: Message-26-88 -> Message-26-88 (/127.0.0.1:49451)
21:20:56.915 [pool-1-thread-2] DEBUG com.mnc.udp.UDPServer - UDP-Server: Message-45-36 -> Message-45-36 (/127.0.0.1:49470)
21:20:56.915 [pool-1-thread-5] DEBUG com.mnc.udp.UDPServer - UDP-Server: Message-94-89
21:20:56.915 [pool-1-thread-4] DEBUG com.mnc.udp.UDPServer - UDP-Server: Message-6-70 -> Message-6-70 (/127.0.0.1:49431)
21:20:56.915 [pool-1-thread-1] DEBUG com.mnc.udp.UDPServer - UDP-Server: Message-74-70
21:20:56.915 [pool-1-thread-4] DEBUG com.mnc.udp.UDPServer - UDP-Server: Message-72-70
21:20:56.915 [pool-1-thread-1] DEBUG com.mnc.udp.UDPServer - UDP-Server: Message-74-70 -> Message-74-70 (/127.0.0.1:49499)
21:20:56.915 [pool-1-thread-4] DEBUG com.mnc.udp.UDPServer - UDP-Server: Message-72-70 -> Message-72-70 (/127.0.0.1:49497)
21:20:56.915 [pool-1-thread-3] DEBUG com.mnc.udp.UDPServer - UDP-Server: Message-69-70
21:20:56.915 [pool-1-thread-2] DEBUG com.mnc.udp.UDPServer - UDP-Server: Message-51-70
21:20:56.916 [pool-1-thread-4] DEBUG com.mnc.udp.UDPServer - UDP-Server: Message-3-70
21:20:56.915 [pool-1-thread-5] DEBUG com.mnc.udp.UDPServer - UDP-Server: Message-94-89 -> Message-94-89 (/127.0.0.1:49519)
21:20:56.915 [pool-1-thread-1] DEBUG com.mnc.udp.UDPServer - UDP-Server: Message-65-25
21:20:56.916 [pool-1-thread-3] DEBUG com.mnc.udp.UDPServer - UDP-Server: Message-69-70 -> Message-69-70 (/127.0.0.1:49494)
21:20:56.916 [pool-1-thread-2] DEBUG com.mnc.udp.UDPServer - UDP-Server: Message-51-70 -> Message-51-70 (/127.0.0.1:49476)
21:20:56.916 [pool-1-thread-3] DEBUG com.mnc.udp.UDPServer - UDP-Server: Message-9-70
21:20:56.916 [pool-1-thread-4] DEBUG com.mnc.udp.UDPServer - UDP-Server: Message-3-70 -> Message-3-70 (/127.0.0.1:49428)
21:20:56.916 [pool-1-thread-5] DEBUG com.mnc.udp.UDPServer - UDP-Server: Message-10-70
21:20:56.916 [pool-1-thread-4] DEBUG com.mnc.udp.UDPServer - UDP-Server: Message-50-70
21:20:56.916 [pool-1-thread-1] DEBUG com.mnc.udp.UDPServer - UDP-Server: Message-65-25 -> Message-65-25 (/127.0.0.1:49490)
21:20:56.916 [pool-1-thread-2] DEBUG com.mnc.udp.UDPServer - UDP-Server: Message-4-70
21:20:56.916 [pool-1-thread-3] DEBUG com.mnc.udp.UDPServer - UDP-Server: Message-9-70 -> Message-9-70 (/127.0.0.1:49434)
21:20:56.916 [pool-1-thread-5] DEBUG com.mnc.udp.UDPServer - UDP-Server: Message-10-70 -> Message-10-70 (/127.0.0.1:49435)
21:20:56.916 [pool-1-thread-3] DEBUG com.mnc.udp.UDPServer - UDP-Server: Message-8-68
21:20:56.916 [pool-1-thread-5] DEBUG com.mnc.udp.UDPServer - UDP-Server: Message-5-70
21:20:56.916 [pool-1-thread-4] DEBUG com.mnc.udp.UDPServer - UDP-Server: Message-50-70 -> Message-50-70 (/127.0.0.1:49475)
21:20:56.916 [pool-1-thread-1] DEBUG com.mnc.udp.UDPServer - UDP-Server: Message-52-70
21:20:56.916 [pool-1-thread-2] DEBUG com.mnc.udp.UDPServer - UDP-Server: Message-4-70 -> Message-4-70 (/127.0.0.1:49429)
21:20:56.916 [pool-1-thread-3] DEBUG com.mnc.udp.UDPServer - UDP-Server: Message-8-68 -> Message-8-68 (/127.0.0.1:49433)
21:20:56.916 [pool-1-thread-5] DEBUG com.mnc.udp.UDPServer - UDP-Server: Message-5-70 -> Message-5-70 (/127.0.0.1:49430)
21:20:56.917 [pool-1-thread-3] DEBUG com.mnc.udp.UDPServer - UDP-Server: Message-2-70
21:20:56.917 [pool-1-thread-4] DEBUG com.mnc.udp.UDPServer - UDP-Server: Message-0-70
21:20:56.917 [pool-1-thread-1] DEBUG com.mnc.udp.UDPServer - UDP-Server: Message-52-70 -> Message-52-70 (/127.0.0.1:49477)
21:20:56.917 [pool-1-thread-2] DEBUG com.mnc.udp.UDPServer - UDP-Server: Message-67-25
21:20:56.917 [pool-1-thread-5] DEBUG com.mnc.udp.UDPServer - UDP-Server: Message-32-25
21:20:56.917 [pool-1-thread-3] DEBUG com.mnc.udp.UDPServer - UDP-Server: Message-2-70 -> Message-2-70 (/127.0.0.1:49427)
21:20:56.917 [pool-1-thread-4] DEBUG com.mnc.udp.UDPServer - UDP-Server: Message-0-70 -> Message-0-70 (/127.0.0.1:49425)
21:20:56.917 [pool-1-thread-1] DEBUG com.mnc.udp.UDPServer - UDP-Server: Message-1-70
21:20:56.917 [pool-1-thread-4] DEBUG com.mnc.udp.UDPServer - UDP-Server: Message-45-21
21:20:56.917 [pool-1-thread-2] DEBUG com.mnc.udp.UDPServer - UDP-Server: Message-67-25 -> Message-67-25 (/127.0.0.1:49492)
21:20:56.917 [pool-1-thread-5] DEBUG com.mnc.udp.UDPServer - UDP-Server: Message-32-25 -> Message-32-25 (/127.0.0.1:49457)
21:20:56.917 [pool-1-thread-3] DEBUG com.mnc.udp.UDPServer - UDP-Server: Message-26-89
21:20:56.917 [pool-1-thread-1] DEBUG com.mnc.udp.UDPServer - UDP-Server: Message-1-70 -> Message-1-70 (/127.0.0.1:49426)
21:20:56.917 [pool-1-thread-4] DEBUG com.mnc.udp.UDPServer - UDP-Server: Message-45-21 -> Message-45-21 (/127.0.0.1:49470)
21:20:56.917 [pool-1-thread-2] DEBUG com.mnc.udp.UDPServer - UDP-Server: Message-6-68
21:20:56.917 [pool-1-thread-5] DEBUG com.mnc.udp.UDPServer - UDP-Server: Message-74-68
21:20:56.917 [pool-1-thread-4] DEBUG com.mnc.udp.UDPServer - UDP-Server: Message-94-28
21:20:56.917 [pool-1-thread-5] DEBUG com.mnc.udp.UDPServer - UDP-Server: Message-74-68 -> Message-74-68 (/127.0.0.1:49499)
21:20:56.917 [pool-1-thread-4] DEBUG com.mnc.udp.UDPServer - UDP-Server: Message-94-28 -> Message-94-28 (/127.0.0.1:49519)
21:20:56.917 [pool-1-thread-3] DEBUG com.mnc.udp.UDPServer - UDP-Server: Message-26-89 -> Message-26-89 (/127.0.0.1:49451)
21:20:56.917 [pool-1-thread-1] DEBUG com.mnc.udp.UDPServer - UDP-Server: Message-72-68
21:20:56.917 [pool-1-thread-2] DEBUG com.mnc.udp.UDPServer - UDP-Server: Message-6-68 -> Message-6-68 (/127.0.0.1:49431)
21:20:56.918 [pool-1-thread-4] DEBUG com.mnc.udp.UDPServer - UDP-Server: Message-51-68
21:20:56.918 [pool-1-thread-2] DEBUG com.mnc.udp.UDPServer - UDP-Server: Message-65-44
21:20:56.918 [pool-1-thread-5] DEBUG com.mnc.udp.UDPServer - UDP-Server: Message-69-68
21:20:56.918 [pool-1-thread-3] DEBUG com.mnc.udp.UDPServer - UDP-Server: Message-3-68
21:20:56.918 [pool-1-thread-1] DEBUG com.mnc.udp.UDPServer - UDP-Server: Message-72-68 -> Message-72-68 (/127.0.0.1:49497)
21:20:56.918 [pool-1-thread-4] DEBUG com.mnc.udp.UDPServer - UDP-Server: Message-51-68 -> Message-51-68 (/127.0.0.1:49476)
21:20:56.918 [pool-1-thread-2] DEBUG com.mnc.udp.UDPServer - UDP-Server: Message-65-44 -> Message-65-44 (/127.0.0.1:49490)
21:20:56.918 [pool-1-thread-5] DEBUG com.mnc.udp.UDPServer - UDP-Server: Message-69-68 -> Message-69-68 (/127.0.0.1:49494)
21:20:56.918 [pool-1-thread-2] DEBUG com.mnc.udp.UDPServer - UDP-Server: Message-50-68
21:20:56.918 [pool-1-thread-3] DEBUG com.mnc.udp.UDPServer - UDP-Server: Message-3-68 -> Message-3-68 (/127.0.0.1:49428)
21:20:56.918 [pool-1-thread-1] DEBUG com.mnc.udp.UDPServer - UDP-Server: Message-9-68
21:20:56.918 [pool-1-thread-4] DEBUG com.mnc.udp.UDPServer - UDP-Server: Message-10-68
21:20:56.918 [pool-1-thread-1] DEBUG com.mnc.udp.UDPServer - UDP-Server: Message-9-68 -> Message-9-68 (/127.0.0.1:49434)
21:20:56.918 [pool-1-thread-5] DEBUG com.mnc.udp.UDPServer - UDP-Server: Message-4-68
21:20:56.918 [pool-1-thread-2] DEBUG com.mnc.udp.UDPServer - UDP-Server: Message-50-68 -> Message-50-68 (/127.0.0.1:49475)
21:20:56.918 [pool-1-thread-3] DEBUG com.mnc.udp.UDPServer - UDP-Server: Message-8-57
21:20:56.918 [pool-1-thread-4] DEBUG com.mnc.udp.UDPServer - UDP-Server: Message-10-68 -> Message-10-68 (/127.0.0.1:49435)
21:20:56.918 [pool-1-thread-1] DEBUG com.mnc.udp.UDPServer - UDP-Server: Message-5-68
21:20:56.918 [pool-1-thread-5] DEBUG com.mnc.udp.UDPServer - UDP-Server: Message-4-68 -> Message-4-68 (/127.0.0.1:49429)
21:20:56.918 [pool-1-thread-2] DEBUG com.mnc.udp.UDPServer - UDP-Server: Message-52-68
21:20:56.918 [pool-1-thread-3] DEBUG com.mnc.udp.UDPServer - UDP-Server: Message-8-57 -> Message-8-57 (/127.0.0.1:49433)
21:20:56.918 [pool-1-thread-1] DEBUG com.mnc.udp.UDPServer - UDP-Server: Message-5-68 -> Message-5-68 (/127.0.0.1:49430)
21:20:56.918 [pool-1-thread-4] DEBUG com.mnc.udp.UDPServer - UDP-Server: Message-2-68
21:20:56.919 [pool-1-thread-2] DEBUG com.mnc.udp.UDPServer - UDP-Server: Message-52-68 -> Message-52-68 (/127.0.0.1:49477)
21:20:56.919 [pool-1-thread-5] DEBUG com.mnc.udp.UDPServer - UDP-Server: Message-0-68
21:20:56.919 [pool-1-thread-3] DEBUG com.mnc.udp.UDPServer - UDP-Server: Message-67-44
21:20:56.919 [pool-1-thread-1] DEBUG com.mnc.udp.UDPServer - UDP-Server: Message-32-44
21:20:56.919 [pool-1-thread-4] DEBUG com.mnc.udp.UDPServer - UDP-Server: Message-2-68 -> Message-2-68 (/127.0.0.1:49427)
21:20:56.919 [pool-1-thread-2] DEBUG com.mnc.udp.UDPServer - UDP-Server: Message-1-68
21:20:56.919 [pool-1-thread-5] DEBUG com.mnc.udp.UDPServer - UDP-Server: Message-0-68 -> Message-0-68 (/127.0.0.1:49425)
21:20:56.919 [pool-1-thread-3] DEBUG com.mnc.udp.UDPServer - UDP-Server: Message-67-44 -> Message-67-44 (/127.0.0.1:49492)
21:20:56.919 [pool-1-thread-1] DEBUG com.mnc.udp.UDPServer - UDP-Server: Message-32-44 -> Message-32-44 (/127.0.0.1:49457)
21:20:56.919 [pool-1-thread-4] DEBUG com.mnc.udp.UDPServer - UDP-Server: Message-45-34
21:20:56.919 [pool-1-thread-2] DEBUG com.mnc.udp.UDPServer - UDP-Server: Message-1-68 -> Message-1-68 (/127.0.0.1:49426)
21:20:56.919 [pool-1-thread-5] DEBUG com.mnc.udp.UDPServer - UDP-Server: Message-74-57
21:20:56.919 [pool-1-thread-3] DEBUG com.mnc.udp.UDPServer - UDP-Server: Message-94-87
21:20:56.919 [pool-1-thread-1] DEBUG com.mnc.udp.UDPServer - UDP-Server: Message-26-33
21:20:56.919 [pool-1-thread-4] DEBUG com.mnc.udp.UDPServer - UDP-Server: Message-45-34 -> Message-45-34 (/127.0.0.1:49470)
21:20:56.919 [pool-1-thread-2] DEBUG com.mnc.udp.UDPServer - UDP-Server: Message-6-57
21:20:56.919 [pool-1-thread-5] DEBUG com.mnc.udp.UDPServer - UDP-Server: Message-74-57 -> Message-74-57 (/127.0.0.1:49499)
21:20:56.919 [pool-1-thread-3] DEBUG com.mnc.udp.UDPServer - UDP-Server: Message-94-87 -> Message-94-87 (/127.0.0.1:49519)
21:20:56.920 [pool-1-thread-5] DEBUG com.mnc.udp.UDPServer - UDP-Server: Message-51-57
21:20:56.920 [pool-1-thread-3] DEBUG com.mnc.udp.UDPServer - UDP-Server: Message-65-45
21:20:56.920 [pool-1-thread-5] DEBUG com.mnc.udp.UDPServer - UDP-Server: Message-51-57 -> Message-51-57 (/127.0.0.1:49476)
21:20:56.920 [pool-1-thread-3] DEBUG com.mnc.udp.UDPServer - UDP-Server: Message-65-45 -> Message-65-45 (/127.0.0.1:49490)
21:20:56.919 [pool-1-thread-1] DEBUG com.mnc.udp.UDPServer - UDP-Server: Message-26-33 -> Message-26-33 (/127.0.0.1:49451)
21:20:56.920 [pool-1-thread-3] DEBUG com.mnc.udp.UDPServer - UDP-Server: Message-3-57
21:20:56.920 [pool-1-thread-2] DEBUG com.mnc.udp.UDPServer - UDP-Server: Message-6-57 -> Message-6-57 (/127.0.0.1:49431)
21:20:56.920 [pool-1-thread-4] DEBUG com.mnc.udp.UDPServer - UDP-Server: Message-72-57
21:20:56.920 [pool-1-thread-5] DEBUG com.mnc.udp.UDPServer - UDP-Server: Message-69-57
21:20:56.920 [pool-1-thread-1] DEBUG com.mnc.udp.UDPServer - UDP-Server: Message-9-57
21:20:56.920 [pool-1-thread-3] DEBUG com.mnc.udp.UDPServer - UDP-Server: Message-3-57 -> Message-3-57 (/127.0.0.1:49428)
21:20:56.920 [pool-1-thread-2] DEBUG com.mnc.udp.UDPServer - UDP-Server: Message-50-57
21:20:56.920 [pool-1-thread-4] DEBUG com.mnc.udp.UDPServer - UDP-Server: Message-72-57 -> Message-72-57 (/127.0.0.1:49497)
21:20:56.920 [pool-1-thread-5] DEBUG com.mnc.udp.UDPServer - UDP-Server: Message-69-57 -> Message-69-57 (/127.0.0.1:49494)
21:20:56.920 [pool-1-thread-1] DEBUG com.mnc.udp.UDPServer - UDP-Server: Message-9-57 -> Message-9-57 (/127.0.0.1:49434)
21:20:56.920 [pool-1-thread-3] DEBUG com.mnc.udp.UDPServer - UDP-Server: Message-10-57
21:20:56.920 [pool-1-thread-2] DEBUG com.mnc.udp.UDPServer - UDP-Server: Message-50-57 -> Message-50-57 (/127.0.0.1:49475)
21:20:56.920 [pool-1-thread-4] DEBUG com.mnc.udp.UDPServer - UDP-Server: Message-4-57
21:20:56.920 [pool-1-thread-5] DEBUG com.mnc.udp.UDPServer - UDP-Server: Message-8-58
21:20:56.920 [pool-1-thread-1] DEBUG com.mnc.udp.UDPServer - UDP-Server: Message-5-57
21:20:56.920 [pool-1-thread-3] DEBUG com.mnc.udp.UDPServer - UDP-Server: Message-10-57 -> Message-10-57 (/127.0.0.1:49435)
21:20:56.921 [pool-1-thread-1] DEBUG com.mnc.udp.UDPServer - UDP-Server: Message-5-57 -> Message-5-57 (/127.0.0.1:49430)
21:20:56.920 [pool-1-thread-2] DEBUG com.mnc.udp.UDPServer - UDP-Server: Message-52-57
21:20:56.920 [pool-1-thread-4] DEBUG com.mnc.udp.UDPServer - UDP-Server: Message-4-57 -> Message-4-57 (/127.0.0.1:49429)
21:20:56.920 [pool-1-thread-5] DEBUG com.mnc.udp.UDPServer - UDP-Server: Message-8-58 -> Message-8-58 (/127.0.0.1:49433)
21:20:56.921 [pool-1-thread-4] DEBUG com.mnc.udp.UDPServer - UDP-Server: Message-67-45
21:20:56.921 [pool-1-thread-3] DEBUG com.mnc.udp.UDPServer - UDP-Server: Message-2-57
21:20:56.921 [pool-1-thread-1] DEBUG com.mnc.udp.UDPServer - UDP-Server: Message-0-57
21:20:56.921 [pool-1-thread-2] DEBUG com.mnc.udp.UDPServer - UDP-Server: Message-52-57 -> Message-52-57 (/127.0.0.1:49477)
21:20:56.921 [pool-1-thread-1] DEBUG com.mnc.udp.UDPServer - UDP-Server: Message-0-57 -> Message-0-57 (/127.0.0.1:49425)
21:20:56.921 [pool-1-thread-4] DEBUG com.mnc.udp.UDPServer - UDP-Server: Message-67-45 -> Message-67-45 (/127.0.0.1:49492)
21:20:56.921 [pool-1-thread-2] DEBUG com.mnc.udp.UDPServer - UDP-Server: Message-1-57
21:20:56.921 [pool-1-thread-5] DEBUG com.mnc.udp.UDPServer - UDP-Server: Message-32-45
21:20:56.921 [pool-1-thread-3] DEBUG com.mnc.udp.UDPServer - UDP-Server: Message-2-57 -> Message-2-57 (/127.0.0.1:49427)
21:20:56.921 [pool-1-thread-1] DEBUG com.mnc.udp.UDPServer - UDP-Server: Message-45-22
21:20:56.921 [pool-1-thread-4] DEBUG com.mnc.udp.UDPServer - UDP-Server: Message-74-58
21:20:56.921 [pool-1-thread-2] DEBUG com.mnc.udp.UDPServer - UDP-Server: Message-1-57 -> Message-1-57 (/127.0.0.1:49426)
21:20:56.921 [pool-1-thread-5] DEBUG com.mnc.udp.UDPServer - UDP-Server: Message-32-45 -> Message-32-45 (/127.0.0.1:49457)
21:20:56.921 [pool-1-thread-3] DEBUG com.mnc.udp.UDPServer - UDP-Server: Message-94-29
21:20:56.921 [pool-1-thread-1] DEBUG com.mnc.udp.UDPServer - UDP-Server: Message-45-22 -> Message-45-22 (/127.0.0.1:49470)
21:20:56.922 [pool-1-thread-4] DEBUG com.mnc.udp.UDPServer - UDP-Server: Message-74-58 -> Message-74-58 (/127.0.0.1:49499)
21:20:56.922 [pool-1-thread-1] DEBUG com.mnc.udp.UDPServer - UDP-Server: Message-26-87
21:20:56.922 [pool-1-thread-4] DEBUG com.mnc.udp.UDPServer - UDP-Server: Message-6-58
21:20:56.922 [pool-1-thread-2] DEBUG com.mnc.udp.UDPServer - UDP-Server: Message-51-58
21:20:56.922 [pool-1-thread-5] DEBUG com.mnc.udp.UDPServer - UDP-Server: Message-65-43
21:20:56.922 [pool-1-thread-3] DEBUG com.mnc.udp.UDPServer - UDP-Server: Message-94-29 -> Message-94-29 (/127.0.0.1:49519)
21:20:56.922 [pool-1-thread-1] DEBUG com.mnc.udp.UDPServer - UDP-Server: Message-26-87 -> Message-26-87 (/127.0.0.1:49451)
21:20:56.922 [pool-1-thread-3] DEBUG com.mnc.udp.UDPServer - UDP-Server: Message-3-58
21:20:56.922 [pool-1-thread-4] DEBUG com.mnc.udp.UDPServer - UDP-Server: Message-6-58 -> Message-6-58 (/127.0.0.1:49431)
21:20:56.922 [pool-1-thread-2] DEBUG com.mnc.udp.UDPServer - UDP-Server: Message-51-58 -> Message-51-58 (/127.0.0.1:49476)
21:20:56.922 [pool-1-thread-5] DEBUG com.mnc.udp.UDPServer - UDP-Server: Message-65-43 -> Message-65-43 (/127.0.0.1:49490)
21:20:56.922 [pool-1-thread-1] DEBUG com.mnc.udp.UDPServer - UDP-Server: Message-72-58
21:20:56.922 [pool-1-thread-3] DEBUG com.mnc.udp.UDPServer - UDP-Server: Message-3-58 -> Message-3-58 (/127.0.0.1:49428)
21:20:56.922 [pool-1-thread-4] DEBUG com.mnc.udp.UDPServer - UDP-Server: Message-69-58
21:20:56.922 [pool-1-thread-3] DEBUG com.mnc.udp.UDPServer - UDP-Server: Message-10-58
21:20:56.922 [pool-1-thread-2] DEBUG com.mnc.udp.UDPServer - UDP-Server: Message-9-58
21:20:56.922 [pool-1-thread-5] DEBUG com.mnc.udp.UDPServer - UDP-Server: Message-50-58
21:20:56.922 [pool-1-thread-1] DEBUG com.mnc.udp.UDPServer - UDP-Server: Message-72-58 -> Message-72-58 (/127.0.0.1:49497)
21:20:56.922 [pool-1-thread-4] DEBUG com.mnc.udp.UDPServer - UDP-Server: Message-69-58 -> Message-69-58 (/127.0.0.1:49494)
21:20:56.923 [pool-1-thread-1] DEBUG com.mnc.udp.UDPServer - UDP-Server: Message-5-58
21:20:56.922 [pool-1-thread-3] DEBUG com.mnc.udp.UDPServer - UDP-Server: Message-10-58 -> Message-10-58 (/127.0.0.1:49435)
21:20:56.922 [pool-1-thread-2] DEBUG com.mnc.udp.UDPServer - UDP-Server: Message-9-58 -> Message-9-58 (/127.0.0.1:49434)
21:20:56.923 [pool-1-thread-5] DEBUG com.mnc.udp.UDPServer - UDP-Server: Message-50-58 -> Message-50-58 (/127.0.0.1:49475)
21:20:56.923 [pool-1-thread-2] DEBUG com.mnc.udp.UDPServer - UDP-Server: Message-52-58
21:20:56.923 [pool-1-thread-4] DEBUG com.mnc.udp.UDPServer - UDP-Server: Message-4-58
21:20:56.923 [pool-1-thread-1] DEBUG com.mnc.udp.UDPServer - UDP-Server: Message-5-58 -> Message-5-58 (/127.0.0.1:49430)
21:20:56.923 [pool-1-thread-3] DEBUG com.mnc.udp.UDPServer - UDP-Server: Message-8-56
21:20:56.923 [pool-1-thread-5] DEBUG com.mnc.udp.UDPServer - UDP-Server: Message-0-58
21:20:56.923 [pool-1-thread-2] DEBUG com.mnc.udp.UDPServer - UDP-Server: Message-52-58 -> Message-52-58 (/127.0.0.1:49477)
21:20:56.923 [pool-1-thread-4] DEBUG com.mnc.udp.UDPServer - UDP-Server: Message-4-58 -> Message-4-58 (/127.0.0.1:49429)
21:20:56.923 [pool-1-thread-1] DEBUG com.mnc.udp.UDPServer - UDP-Server: Message-67-43
21:20:56.923 [pool-1-thread-3] DEBUG com.mnc.udp.UDPServer - UDP-Server: Message-8-56 -> Message-8-56 (/127.0.0.1:49433)
21:20:56.923 [pool-1-thread-1] DEBUG com.mnc.udp.UDPServer - UDP-Server: Message-67-43 -> Message-67-43 (/127.0.0.1:49492)
21:20:56.923 [pool-1-thread-5] DEBUG com.mnc.udp.UDPServer - UDP-Server: Message-0-58 -> Message-0-58 (/127.0.0.1:49425)
21:20:56.923 [pool-1-thread-1] DEBUG com.mnc.udp.UDPServer - UDP-Server: Message-45-28
21:20:56.923 [pool-1-thread-2] DEBUG com.mnc.udp.UDPServer - UDP-Server: Message-2-58
21:20:56.923 [pool-1-thread-4] DEBUG com.mnc.udp.UDPServer - UDP-Server: Message-1-58
21:20:56.923 [pool-1-thread-3] DEBUG com.mnc.udp.UDPServer - UDP-Server: Message-32-43
21:20:56.923 [pool-1-thread-1] DEBUG com.mnc.udp.UDPServer - UDP-Server: Message-45-28 -> Message-45-28 (/127.0.0.1:49470)
21:20:56.923 [pool-1-thread-5] DEBUG com.mnc.udp.UDPServer - UDP-Server: Message-74-56
21:20:56.923 [pool-1-thread-2] DEBUG com.mnc.udp.UDPServer - UDP-Server: Message-2-58 -> Message-2-58 (/127.0.0.1:49427)
21:20:56.924 [pool-1-thread-1] DEBUG com.mnc.udp.UDPServer - UDP-Server: Message-94-96
21:20:56.923 [pool-1-thread-4] DEBUG com.mnc.udp.UDPServer - UDP-Server: Message-1-58 -> Message-1-58 (/127.0.0.1:49426)
21:20:56.924 [pool-1-thread-1] DEBUG com.mnc.udp.UDPServer - UDP-Server: Message-94-96 -> Message-94-96 (/127.0.0.1:49519)
21:20:56.923 [pool-1-thread-3] DEBUG com.mnc.udp.UDPServer - UDP-Server: Message-32-43 -> Message-32-43 (/127.0.0.1:49457)
21:20:56.924 [pool-1-thread-1] DEBUG com.mnc.udp.UDPServer - UDP-Server: Message-51-56
21:20:56.924 [pool-1-thread-5] DEBUG com.mnc.udp.UDPServer - UDP-Server: Message-74-56 -> Message-74-56 (/127.0.0.1:49499)
21:20:56.924 [pool-1-thread-2] DEBUG com.mnc.udp.UDPServer - UDP-Server: Message-26-14
21:20:56.924 [pool-1-thread-4] DEBUG com.mnc.udp.UDPServer - UDP-Server: Message-6-56
21:20:56.924 [pool-1-thread-3] DEBUG com.mnc.udp.UDPServer - UDP-Server: Message-65-48
21:20:56.924 [pool-1-thread-1] DEBUG com.mnc.udp.UDPServer - UDP-Server: Message-51-56 -> Message-51-56 (/127.0.0.1:49476)
21:20:56.924 [pool-1-thread-5] DEBUG com.mnc.udp.UDPServer - UDP-Server: Message-3-56
21:20:56.924 [pool-1-thread-2] DEBUG com.mnc.udp.UDPServer - UDP-Server: Message-26-14 -> Message-26-14 (/127.0.0.1:49451)
21:20:56.924 [pool-1-thread-4] DEBUG com.mnc.udp.UDPServer - UDP-Server: Message-6-56 -> Message-6-56 (/127.0.0.1:49431)
21:20:56.924 [pool-1-thread-3] DEBUG com.mnc.udp.UDPServer - UDP-Server: Message-65-48 -> Message-65-48 (/127.0.0.1:49490)
21:20:56.924 [pool-1-thread-1] DEBUG com.mnc.udp.UDPServer - UDP-Server: Message-72-56
21:20:56.924 [pool-1-thread-5] DEBUG com.mnc.udp.UDPServer - UDP-Server: Message-3-56 -> Message-3-56 (/127.0.0.1:49428)
21:20:56.924 [pool-1-thread-2] DEBUG com.mnc.udp.UDPServer - UDP-Server: Message-69-56
21:20:56.924 [pool-1-thread-5] DEBUG com.mnc.udp.UDPServer - UDP-Server: Message-50-56
21:20:56.924 [pool-1-thread-4] DEBUG com.mnc.udp.UDPServer - UDP-Server: Message-10-56
21:20:56.924 [pool-1-thread-3] DEBUG com.mnc.udp.UDPServer - UDP-Server: Message-9-56
21:20:56.924 [pool-1-thread-1] DEBUG com.mnc.udp.UDPServer - UDP-Server: Message-72-56 -> Message-72-56 (/127.0.0.1:49497)
21:20:56.924 [pool-1-thread-2] DEBUG com.mnc.udp.UDPServer - UDP-Server: Message-69-56 -> Message-69-56 (/127.0.0.1:49494)
21:20:56.924 [pool-1-thread-5] DEBUG com.mnc.udp.UDPServer - UDP-Server: Message-50-56 -> Message-50-56 (/127.0.0.1:49475)
21:20:56.925 [pool-1-thread-3] DEBUG com.mnc.udp.UDPServer - UDP-Server: Message-9-56 -> Message-9-56 (/127.0.0.1:49434)
21:20:56.925 [pool-1-thread-4] DEBUG com.mnc.udp.UDPServer - UDP-Server: Message-10-56 -> Message-10-56 (/127.0.0.1:49435)
21:20:56.925 [pool-1-thread-1] DEBUG com.mnc.udp.UDPServer - UDP-Server: Message-5-56
21:20:56.925 [pool-1-thread-2] DEBUG com.mnc.udp.UDPServer - UDP-Server: Message-52-56
21:20:56.925 [pool-1-thread-5] DEBUG com.mnc.udp.UDPServer - UDP-Server: Message-4-56
21:20:56.925 [pool-1-thread-3] DEBUG com.mnc.udp.UDPServer - UDP-Server: Message-8-60
21:20:56.925 [pool-1-thread-4] DEBUG com.mnc.udp.UDPServer - UDP-Server: Message-67-48
21:20:56.925 [pool-1-thread-1] DEBUG com.mnc.udp.UDPServer - UDP-Server: Message-5-56 -> Message-5-56 (/127.0.0.1:49430)
21:20:56.925 [pool-1-thread-2] DEBUG com.mnc.udp.UDPServer - UDP-Server: Message-52-56 -> Message-52-56 (/127.0.0.1:49477)
21:20:56.925 [pool-1-thread-5] DEBUG com.mnc.udp.UDPServer - UDP-Server: Message-4-56 -> Message-4-56 (/127.0.0.1:49429)
21:20:56.925 [pool-1-thread-3] DEBUG com.mnc.udp.UDPServer - UDP-Server: Message-8-60 -> Message-8-60 (/127.0.0.1:49433)
21:20:56.926 [pool-1-thread-1] DEBUG com.mnc.udp.UDPServer - UDP-Server: Message-0-56
21:20:56.926 [pool-1-thread-3] DEBUG com.mnc.udp.UDPServer - UDP-Server: Message-1-56
21:20:56.925 [pool-1-thread-4] DEBUG com.mnc.udp.UDPServer - UDP-Server: Message-67-48 -> Message-67-48 (/127.0.0.1:49492)
21:20:56.926 [pool-1-thread-2] DEBUG com.mnc.udp.UDPServer - UDP-Server: Message-45-23
21:20:56.926 [pool-1-thread-5] DEBUG com.mnc.udp.UDPServer - UDP-Server: Message-2-56
21:20:56.926 [pool-1-thread-1] DEBUG com.mnc.udp.UDPServer - UDP-Server: Message-0-56 -> Message-0-56 (/127.0.0.1:49425)
21:20:56.926 [pool-1-thread-3] DEBUG com.mnc.udp.UDPServer - UDP-Server: Message-1-56 -> Message-1-56 (/127.0.0.1:49426)
21:20:56.926 [pool-1-thread-4] DEBUG com.mnc.udp.UDPServer - UDP-Server: Message-94-30
21:20:56.926 [pool-1-thread-2] DEBUG com.mnc.udp.UDPServer - UDP-Server: Message-45-23 -> Message-45-23 (/127.0.0.1:49470)
21:20:56.926 [pool-1-thread-5] DEBUG com.mnc.udp.UDPServer - UDP-Server: Message-2-56 -> Message-2-56 (/127.0.0.1:49427)
21:20:56.926 [pool-1-thread-1] DEBUG com.mnc.udp.UDPServer - UDP-Server: Message-32-48
21:20:56.926 [pool-1-thread-5] DEBUG com.mnc.udp.UDPServer - UDP-Server: Message-26-43
21:20:56.926 [pool-1-thread-3] DEBUG com.mnc.udp.UDPServer - UDP-Server: Message-74-60
21:20:56.926 [pool-1-thread-4] DEBUG com.mnc.udp.UDPServer - UDP-Server: Message-94-30 -> Message-94-30 (/127.0.0.1:49519)
21:20:56.926 [pool-1-thread-2] DEBUG com.mnc.udp.UDPServer - UDP-Server: Message-51-60
21:20:56.926 [pool-1-thread-1] DEBUG com.mnc.udp.UDPServer - UDP-Server: Message-32-48 -> Message-32-48 (/127.0.0.1:49457)
21:20:56.926 [pool-1-thread-5] DEBUG com.mnc.udp.UDPServer - UDP-Server: Message-26-43 -> Message-26-43 (/127.0.0.1:49451)
21:20:56.926 [pool-1-thread-3] DEBUG com.mnc.udp.UDPServer - UDP-Server: Message-74-60 -> Message-74-60 (/127.0.0.1:49499)
21:20:56.926 [pool-1-thread-4] DEBUG com.mnc.udp.UDPServer - UDP-Server: Message-6-60
21:20:56.926 [pool-1-thread-2] DEBUG com.mnc.udp.UDPServer - UDP-Server: Message-51-60 -> Message-51-60 (/127.0.0.1:49476)
21:20:56.926 [pool-1-thread-1] DEBUG com.mnc.udp.UDPServer - UDP-Server: Message-65-49
21:20:56.927 [pool-1-thread-5] DEBUG com.mnc.udp.UDPServer - UDP-Server: Message-3-60
21:20:56.927 [pool-1-thread-3] DEBUG com.mnc.udp.UDPServer - UDP-Server: Message-72-60
21:20:56.927 [pool-1-thread-4] DEBUG com.mnc.udp.UDPServer - UDP-Server: Message-6-60 -> Message-6-60 (/127.0.0.1:49431)
21:20:56.927 [pool-1-thread-2] DEBUG com.mnc.udp.UDPServer - UDP-Server: Message-69-60
21:20:56.927 [pool-1-thread-1] DEBUG com.mnc.udp.UDPServer - UDP-Server: Message-65-49 -> Message-65-49 (/127.0.0.1:49490)
21:20:56.927 [pool-1-thread-5] DEBUG com.mnc.udp.UDPServer - UDP-Server: Message-3-60 -> Message-3-60 (/127.0.0.1:49428)
21:20:56.927 [pool-1-thread-3] DEBUG com.mnc.udp.UDPServer - UDP-Server: Message-72-60 -> Message-72-60 (/127.0.0.1:49497)
21:20:56.927 [pool-1-thread-4] DEBUG com.mnc.udp.UDPServer - UDP-Server: Message-50-60
21:20:56.927 [pool-1-thread-2] DEBUG com.mnc.udp.UDPServer - UDP-Server: Message-69-60 -> Message-69-60 (/127.0.0.1:49494)
21:20:56.927 [pool-1-thread-1] DEBUG com.mnc.udp.UDPServer - UDP-Server: Message-9-60
21:20:56.927 [pool-1-thread-5] DEBUG com.mnc.udp.UDPServer - UDP-Server: Message-10-60
21:20:56.927 [pool-1-thread-3] DEBUG com.mnc.udp.UDPServer - UDP-Server: Message-52-60
21:20:56.927 [pool-1-thread-4] DEBUG com.mnc.udp.UDPServer - UDP-Server: Message-50-60 -> Message-50-60 (/127.0.0.1:49475)
21:20:56.927 [pool-1-thread-2] DEBUG com.mnc.udp.UDPServer - UDP-Server: Message-5-60
21:20:56.927 [pool-1-thread-1] DEBUG com.mnc.udp.UDPServer - UDP-Server: Message-9-60 -> Message-9-60 (/127.0.0.1:49434)
21:20:56.927 [pool-1-thread-5] DEBUG com.mnc.udp.UDPServer - UDP-Server: Message-10-60 -> Message-10-60 (/127.0.0.1:49435)
21:20:56.928 [pool-1-thread-1] DEBUG com.mnc.udp.UDPServer - UDP-Server: Message-8-61
21:20:56.928 [pool-1-thread-3] DEBUG com.mnc.udp.UDPServer - UDP-Server: Message-52-60 -> Message-52-60 (/127.0.0.1:49477)
21:20:56.928 [pool-1-thread-4] DEBUG com.mnc.udp.UDPServer - UDP-Server: Message-4-60
21:20:56.928 [pool-1-thread-2] DEBUG com.mnc.udp.UDPServer - UDP-Server: Message-5-60 -> Message-5-60 (/127.0.0.1:49430)
21:20:56.928 [pool-1-thread-5] DEBUG com.mnc.udp.UDPServer - UDP-Server: Message-67-49
21:20:56.928 [pool-1-thread-1] DEBUG com.mnc.udp.UDPServer - UDP-Server: Message-8-61 -> Message-8-61 (/127.0.0.1:49433)
21:20:56.928 [pool-1-thread-3] DEBUG com.mnc.udp.UDPServer - UDP-Server: Message-0-60
21:20:56.928 [pool-1-thread-4] DEBUG com.mnc.udp.UDPServer - UDP-Server: Message-4-60 -> Message-4-60 (/127.0.0.1:49429)
21:20:56.928 [pool-1-thread-2] DEBUG com.mnc.udp.UDPServer - UDP-Server: Message-1-60
21:20:56.928 [pool-1-thread-4] DEBUG com.mnc.udp.UDPServer - UDP-Server: Message-2-60
21:20:56.928 [pool-1-thread-2] DEBUG com.mnc.udp.UDPServer - UDP-Server: Message-1-60 -> Message-1-60 (/127.0.0.1:49426)
21:20:56.928 [pool-1-thread-5] DEBUG com.mnc.udp.UDPServer - UDP-Server: Message-67-49 -> Message-67-49 (/127.0.0.1:49492)
21:20:56.928 [pool-1-thread-1] DEBUG com.mnc.udp.UDPServer - UDP-Server: Message-45-29
21:20:56.928 [pool-1-thread-3] DEBUG com.mnc.udp.UDPServer - UDP-Server: Message-0-60 -> Message-0-60 (/127.0.0.1:49425)
21:20:56.928 [pool-1-thread-1] DEBUG com.mnc.udp.UDPServer - UDP-Server: Message-45-29 -> Message-45-29 (/127.0.0.1:49470)
21:20:56.928 [pool-1-thread-4] DEBUG com.mnc.udp.UDPServer - UDP-Server: Message-2-60 -> Message-2-60 (/127.0.0.1:49427)
21:20:56.928 [pool-1-thread-2] DEBUG com.mnc.udp.UDPServer - UDP-Server: Message-94-97
21:20:56.928 [pool-1-thread-5] DEBUG com.mnc.udp.UDPServer - UDP-Server: Message-32-49
21:20:56.928 [pool-1-thread-3] DEBUG com.mnc.udp.UDPServer - UDP-Server: Message-26-12
21:20:56.928 [pool-1-thread-1] DEBUG com.mnc.udp.UDPServer - UDP-Server: Message-74-61
21:20:56.928 [pool-1-thread-4] DEBUG com.mnc.udp.UDPServer - UDP-Server: Message-51-61
21:20:56.928 [pool-1-thread-2] DEBUG com.mnc.udp.UDPServer - UDP-Server: Message-94-97 -> Message-94-97 (/127.0.0.1:49519)
21:20:56.929 [pool-1-thread-5] DEBUG com.mnc.udp.UDPServer - UDP-Server: Message-32-49 -> Message-32-49 (/127.0.0.1:49457)
21:20:56.929 [pool-1-thread-3] DEBUG com.mnc.udp.UDPServer - UDP-Server: Message-26-12 -> Message-26-12 (/127.0.0.1:49451)
21:20:56.929 [pool-1-thread-1] DEBUG com.mnc.udp.UDPServer - UDP-Server: Message-74-61 -> Message-74-61 (/127.0.0.1:49499)
21:20:56.929 [pool-1-thread-4] DEBUG com.mnc.udp.UDPServer - UDP-Server: Message-51-61 -> Message-51-61 (/127.0.0.1:49476)
21:20:56.929 [pool-1-thread-1] DEBUG com.mnc.udp.UDPServer - UDP-Server: Message-72-61
21:20:56.929 [pool-1-thread-2] DEBUG com.mnc.udp.UDPServer - UDP-Server: Message-6-61
21:20:56.929 [pool-1-thread-5] DEBUG com.mnc.udp.UDPServer - UDP-Server: Message-65-46
21:20:56.929 [pool-1-thread-3] DEBUG com.mnc.udp.UDPServer - UDP-Server: Message-3-61
21:20:56.929 [pool-1-thread-4] DEBUG com.mnc.udp.UDPServer - UDP-Server: Message-69-61
21:20:56.929 [pool-1-thread-1] DEBUG com.mnc.udp.UDPServer - UDP-Server: Message-72-61 -> Message-72-61 (/127.0.0.1:49497)
21:20:56.929 [pool-1-thread-2] DEBUG com.mnc.udp.UDPServer - UDP-Server: Message-6-61 -> Message-6-61 (/127.0.0.1:49431)
21:20:56.929 [pool-1-thread-5] DEBUG com.mnc.udp.UDPServer - UDP-Server: Message-65-46 -> Message-65-46 (/127.0.0.1:49490)
21:20:56.929 [pool-1-thread-2] DEBUG com.mnc.udp.UDPServer - UDP-Server: Message-9-61
21:20:56.929 [pool-1-thread-3] DEBUG com.mnc.udp.UDPServer - UDP-Server: Message-3-61 -> Message-3-61 (/127.0.0.1:49428)
21:20:56.929 [pool-1-thread-4] DEBUG com.mnc.udp.UDPServer - UDP-Server: Message-69-61 -> Message-69-61 (/127.0.0.1:49494)
21:20:56.929 [pool-1-thread-1] DEBUG com.mnc.udp.UDPServer - UDP-Server: Message-50-61
21:20:56.930 [pool-1-thread-4] DEBUG com.mnc.udp.UDPServer - UDP-Server: Message-5-61
21:20:56.929 [pool-1-thread-5] DEBUG com.mnc.udp.UDPServer - UDP-Server: Message-10-61
21:20:56.929 [pool-1-thread-2] DEBUG com.mnc.udp.UDPServer - UDP-Server: Message-9-61 -> Message-9-61 (/127.0.0.1:49434)
21:20:56.930 [pool-1-thread-3] DEBUG com.mnc.udp.UDPServer - UDP-Server: Message-52-61
21:20:56.930 [pool-1-thread-1] DEBUG com.mnc.udp.UDPServer - UDP-Server: Message-50-61 -> Message-50-61 (/127.0.0.1:49475)
21:20:56.930 [pool-1-thread-4] DEBUG com.mnc.udp.UDPServer - UDP-Server: Message-5-61 -> Message-5-61 (/127.0.0.1:49430)
21:20:56.930 [pool-1-thread-5] DEBUG com.mnc.udp.UDPServer - UDP-Server: Message-10-61 -> Message-10-61 (/127.0.0.1:49435)
21:20:56.930 [pool-1-thread-2] DEBUG com.mnc.udp.UDPServer - UDP-Server: Message-8-59
21:20:56.930 [pool-1-thread-5] DEBUG com.mnc.udp.UDPServer - UDP-Server: Message-67-46
21:20:56.930 [pool-1-thread-2] DEBUG com.mnc.udp.UDPServer - UDP-Server: Message-8-59 -> Message-8-59 (/127.0.0.1:49433)
21:20:56.930 [pool-1-thread-3] DEBUG com.mnc.udp.UDPServer - UDP-Server: Message-52-61 -> Message-52-61 (/127.0.0.1:49477)
21:20:56.930 [pool-1-thread-1] DEBUG com.mnc.udp.UDPServer - UDP-Server: Message-4-61
21:20:56.930 [pool-1-thread-3] DEBUG com.mnc.udp.UDPServer - UDP-Server: Message-45-24
21:20:56.930 [pool-1-thread-4] DEBUG com.mnc.udp.UDPServer - UDP-Server: Message-1-61
21:20:56.930 [pool-1-thread-5] DEBUG com.mnc.udp.UDPServer - UDP-Server: Message-67-46 -> Message-67-46 (/127.0.0.1:49492)
21:20:56.930 [pool-1-thread-2] DEBUG com.mnc.udp.UDPServer - UDP-Server: Message-0-61
21:20:56.930 [pool-1-thread-1] DEBUG com.mnc.udp.UDPServer - UDP-Server: Message-4-61 -> Message-4-61 (/127.0.0.1:49429)
21:20:56.930 [pool-1-thread-3] DEBUG com.mnc.udp.UDPServer - UDP-Server: Message-45-24 -> Message-45-24 (/127.0.0.1:49470)
21:20:56.930 [pool-1-thread-4] DEBUG com.mnc.udp.UDPServer - UDP-Server: Message-1-61 -> Message-1-61 (/127.0.0.1:49426)
21:20:56.930 [pool-1-thread-5] DEBUG com.mnc.udp.UDPServer - UDP-Server: Message-2-61
21:20:56.930 [pool-1-thread-2] DEBUG com.mnc.udp.UDPServer - UDP-Server: Message-0-61 -> Message-0-61 (/127.0.0.1:49425)
21:20:56.930 [pool-1-thread-1] DEBUG com.mnc.udp.UDPServer - UDP-Server: Message-94-26
21:20:56.931 [pool-1-thread-5] DEBUG com.mnc.udp.UDPServer - UDP-Server: Message-2-61 -> Message-2-61 (/127.0.0.1:49427)
21:20:56.931 [pool-1-thread-4] DEBUG com.mnc.udp.UDPServer - UDP-Server: Message-26-96
21:20:56.931 [pool-1-thread-2] DEBUG com.mnc.udp.UDPServer - UDP-Server: Message-74-59
21:20:56.930 [pool-1-thread-3] DEBUG com.mnc.udp.UDPServer - UDP-Server: Message-32-46
21:20:56.931 [pool-1-thread-1] DEBUG com.mnc.udp.UDPServer - UDP-Server: Message-94-26 -> Message-94-26 (/127.0.0.1:49519)
21:20:56.931 [pool-1-thread-5] DEBUG com.mnc.udp.UDPServer - UDP-Server: Message-51-59
21:20:56.931 [pool-1-thread-4] DEBUG com.mnc.udp.UDPServer - UDP-Server: Message-26-96 -> Message-26-96 (/127.0.0.1:49451)
21:20:56.931 [pool-1-thread-2] DEBUG com.mnc.udp.UDPServer - UDP-Server: Message-74-59 -> Message-74-59 (/127.0.0.1:49499)
21:20:56.931 [pool-1-thread-4] DEBUG com.mnc.udp.UDPServer - UDP-Server: Message-6-59
21:20:56.931 [pool-1-thread-3] DEBUG com.mnc.udp.UDPServer - UDP-Server: Message-32-46 -> Message-32-46 (/127.0.0.1:49457)
21:20:56.931 [pool-1-thread-1] DEBUG com.mnc.udp.UDPServer - UDP-Server: Message-72-59
21:20:56.931 [pool-1-thread-5] DEBUG com.mnc.udp.UDPServer - UDP-Server: Message-51-59 -> Message-51-59 (/127.0.0.1:49476)
21:20:56.931 [pool-1-thread-2] DEBUG com.mnc.udp.UDPServer - UDP-Server: Message-65-47
21:20:56.931 [pool-1-thread-5] DEBUG com.mnc.udp.UDPServer - UDP-Server: Message-69-59
21:20:56.931 [pool-1-thread-4] DEBUG com.mnc.udp.UDPServer - UDP-Server: Message-6-59 -> Message-6-59 (/127.0.0.1:49431)
21:20:56.931 [pool-1-thread-3] DEBUG com.mnc.udp.UDPServer - UDP-Server: Message-3-59
21:20:56.931 [pool-1-thread-4] DEBUG com.mnc.udp.UDPServer - UDP-Server: Message-9-59
21:20:56.931 [pool-1-thread-3] DEBUG com.mnc.udp.UDPServer - UDP-Server: Message-3-59 -> Message-3-59 (/127.0.0.1:49428)
21:20:56.931 [pool-1-thread-1] DEBUG com.mnc.udp.UDPServer - UDP-Server: Message-72-59 -> Message-72-59 (/127.0.0.1:49497)
21:20:56.931 [pool-1-thread-2] DEBUG com.mnc.udp.UDPServer - UDP-Server: Message-65-47 -> Message-65-47 (/127.0.0.1:49490)
21:20:56.932 [pool-1-thread-1] DEBUG com.mnc.udp.UDPServer - UDP-Server: Message-5-59
21:20:56.931 [pool-1-thread-5] DEBUG com.mnc.udp.UDPServer - UDP-Server: Message-69-59 -> Message-69-59 (/127.0.0.1:49494)
21:20:56.931 [pool-1-thread-4] DEBUG com.mnc.udp.UDPServer - UDP-Server: Message-9-59 -> Message-9-59 (/127.0.0.1:49434)
21:20:56.932 [pool-1-thread-3] DEBUG com.mnc.udp.UDPServer - UDP-Server: Message-50-59
21:20:56.932 [pool-1-thread-2] DEBUG com.mnc.udp.UDPServer - UDP-Server: Message-10-59
21:20:56.932 [pool-1-thread-3] DEBUG com.mnc.udp.UDPServer - UDP-Server: Message-50-59 -> Message-50-59 (/127.0.0.1:49475)
21:20:56.932 [pool-1-thread-1] DEBUG com.mnc.udp.UDPServer - UDP-Server: Message-5-59 -> Message-5-59 (/127.0.0.1:49430)
21:20:56.932 [pool-1-thread-5] DEBUG com.mnc.udp.UDPServer - UDP-Server: Message-8-53
21:20:56.932 [pool-1-thread-4] DEBUG com.mnc.udp.UDPServer - UDP-Server: Message-52-59
21:20:56.932 [pool-1-thread-2] DEBUG com.mnc.udp.UDPServer - UDP-Server: Message-10-59 -> Message-10-59 (/127.0.0.1:49435)
21:20:56.932 [pool-1-thread-3] DEBUG com.mnc.udp.UDPServer - UDP-Server: Message-67-47
21:20:56.932 [pool-1-thread-1] DEBUG com.mnc.udp.UDPServer - UDP-Server: Message-4-59
21:20:56.932 [pool-1-thread-5] DEBUG com.mnc.udp.UDPServer - UDP-Server: Message-8-53 -> Message-8-53 (/127.0.0.1:49433)
21:20:56.932 [pool-1-thread-4] DEBUG com.mnc.udp.UDPServer - UDP-Server: Message-52-59 -> Message-52-59 (/127.0.0.1:49477)
21:20:56.932 [pool-1-thread-5] DEBUG com.mnc.udp.UDPServer - UDP-Server: Message-1-59
21:20:56.932 [pool-1-thread-4] DEBUG com.mnc.udp.UDPServer - UDP-Server: Message-0-59
21:20:56.932 [pool-1-thread-5] DEBUG com.mnc.udp.UDPServer - UDP-Server: Message-1-59 -> Message-1-59 (/127.0.0.1:49426)
21:20:56.932 [pool-1-thread-3] DEBUG com.mnc.udp.UDPServer - UDP-Server: Message-67-47 -> Message-67-47 (/127.0.0.1:49492)
21:20:56.932 [pool-1-thread-2] DEBUG com.mnc.udp.UDPServer - UDP-Server: Message-45-30
21:20:56.932 [pool-1-thread-1] DEBUG com.mnc.udp.UDPServer - UDP-Server: Message-4-59 -> Message-4-59 (/127.0.0.1:49429)
21:20:56.932 [pool-1-thread-4] DEBUG com.mnc.udp.UDPServer - UDP-Server: Message-0-59 -> Message-0-59 (/127.0.0.1:49425)
21:20:56.932 [pool-1-thread-5] DEBUG com.mnc.udp.UDPServer - UDP-Server: Message-2-59
21:20:56.932 [pool-1-thread-3] DEBUG com.mnc.udp.UDPServer - UDP-Server: Message-94-27
21:20:56.932 [pool-1-thread-2] DEBUG com.mnc.udp.UDPServer - UDP-Server: Message-45-30 -> Message-45-30 (/127.0.0.1:49470)
21:20:56.932 [pool-1-thread-1] DEBUG com.mnc.udp.UDPServer - UDP-Server: Message-26-31
21:20:56.933 [pool-1-thread-5] DEBUG com.mnc.udp.UDPServer - UDP-Server: Message-2-59 -> Message-2-59 (/127.0.0.1:49427)
21:20:56.933 [pool-1-thread-4] DEBUG com.mnc.udp.UDPServer - UDP-Server: Message-74-53
21:20:56.933 [pool-1-thread-3] DEBUG com.mnc.udp.UDPServer - UDP-Server: Message-94-27 -> Message-94-27 (/127.0.0.1:49519)
21:20:56.933 [pool-1-thread-2] DEBUG com.mnc.udp.UDPServer - UDP-Server: Message-32-47
21:20:56.933 [pool-1-thread-1] DEBUG com.mnc.udp.UDPServer - UDP-Server: Message-26-31 -> Message-26-31 (/127.0.0.1:49451)
21:20:56.933 [pool-1-thread-3] DEBUG com.mnc.udp.UDPServer - UDP-Server: Message-6-53
21:20:56.933 [pool-1-thread-5] DEBUG com.mnc.udp.UDPServer - UDP-Server: Message-51-53
21:20:56.933 [pool-1-thread-4] DEBUG com.mnc.udp.UDPServer - UDP-Server: Message-74-53 -> Message-74-53 (/127.0.0.1:49499)
21:20:56.933 [pool-1-thread-2] DEBUG com.mnc.udp.UDPServer - UDP-Server: Message-32-47 -> Message-32-47 (/127.0.0.1:49457)
21:20:56.933 [pool-1-thread-1] DEBUG com.mnc.udp.UDPServer - UDP-Server: Message-3-53
21:20:56.933 [pool-1-thread-3] DEBUG com.mnc.udp.UDPServer - UDP-Server: Message-6-53 -> Message-6-53 (/127.0.0.1:49431)
21:20:56.933 [pool-1-thread-5] DEBUG com.mnc.udp.UDPServer - UDP-Server: Message-51-53 -> Message-51-53 (/127.0.0.1:49476)
21:20:56.933 [pool-1-thread-4] DEBUG com.mnc.udp.UDPServer - UDP-Server: Message-72-53
21:20:56.933 [pool-1-thread-2] DEBUG com.mnc.udp.UDPServer - UDP-Server: Message-65-40
21:20:56.933 [pool-1-thread-1] DEBUG com.mnc.udp.UDPServer - UDP-Server: Message-3-53 -> Message-3-53 (/127.0.0.1:49428)
21:20:56.933 [pool-1-thread-3] DEBUG com.mnc.udp.UDPServer - UDP-Server: Message-69-53
21:20:56.933 [pool-1-thread-4] DEBUG com.mnc.udp.UDPServer - UDP-Server: Message-72-53 -> Message-72-53 (/127.0.0.1:49497)
21:20:56.933 [pool-1-thread-5] DEBUG com.mnc.udp.UDPServer - UDP-Server: Message-9-53
21:20:56.933 [pool-1-thread-2] DEBUG com.mnc.udp.UDPServer - UDP-Server: Message-65-40 -> Message-65-40 (/127.0.0.1:49490)
21:20:56.933 [pool-1-thread-1] DEBUG com.mnc.udp.UDPServer - UDP-Server: Message-50-53
21:20:56.933 [pool-1-thread-3] DEBUG com.mnc.udp.UDPServer - UDP-Server: Message-69-53 -> Message-69-53 (/127.0.0.1:49494)
21:20:56.934 [pool-1-thread-1] DEBUG com.mnc.udp.UDPServer - UDP-Server: Message-50-53 -> Message-50-53 (/127.0.0.1:49475)
21:20:56.934 [pool-1-thread-3] DEBUG com.mnc.udp.UDPServer - UDP-Server: Message-8-54
21:20:56.934 [pool-1-thread-5] DEBUG com.mnc.udp.UDPServer - UDP-Server: Message-9-53 -> Message-9-53 (/127.0.0.1:49434)
21:20:56.934 [pool-1-thread-2] DEBUG com.mnc.udp.UDPServer - UDP-Server: Message-10-53
21:20:56.934 [pool-1-thread-4] DEBUG com.mnc.udp.UDPServer - UDP-Server: Message-5-53
21:20:56.934 [pool-1-thread-5] DEBUG com.mnc.udp.UDPServer - UDP-Server: Message-1-53
21:20:56.934 [pool-1-thread-1] DEBUG com.mnc.udp.UDPServer - UDP-Server: Message-52-53
21:20:56.934 [pool-1-thread-5] DEBUG com.mnc.udp.UDPServer - UDP-Server: Message-1-53 -> Message-1-53 (/127.0.0.1:49426)
21:20:56.934 [pool-1-thread-3] DEBUG com.mnc.udp.UDPServer - UDP-Server: Message-8-54 -> Message-8-54 (/127.0.0.1:49433)
21:20:56.934 [pool-1-thread-2] DEBUG com.mnc.udp.UDPServer - UDP-Server: Message-10-53 -> Message-10-53 (/127.0.0.1:49435)
21:20:56.934 [pool-1-thread-3] DEBUG com.mnc.udp.UDPServer - UDP-Server: Message-4-53
21:20:56.934 [pool-1-thread-4] DEBUG com.mnc.udp.UDPServer - UDP-Server: Message-5-53 -> Message-5-53 (/127.0.0.1:49430)
21:20:56.934 [pool-1-thread-1] DEBUG com.mnc.udp.UDPServer - UDP-Server: Message-52-53 -> Message-52-53 (/127.0.0.1:49477)
21:20:56.934 [pool-1-thread-4] DEBUG com.mnc.udp.UDPServer - UDP-Server: Message-45-19
21:20:56.934 [pool-1-thread-5] DEBUG com.mnc.udp.UDPServer - UDP-Server: Message-67-40
21:20:56.934 [pool-1-thread-2] DEBUG com.mnc.udp.UDPServer - UDP-Server: Message-0-53
21:20:56.934 [pool-1-thread-3] DEBUG com.mnc.udp.UDPServer - UDP-Server: Message-4-53 -> Message-4-53 (/127.0.0.1:49429)
21:20:56.934 [pool-1-thread-1] DEBUG com.mnc.udp.UDPServer - UDP-Server: Message-2-53
21:20:56.934 [pool-1-thread-4] DEBUG com.mnc.udp.UDPServer - UDP-Server: Message-45-19 -> Message-45-19 (/127.0.0.1:49470)
21:20:56.934 [pool-1-thread-5] DEBUG com.mnc.udp.UDPServer - UDP-Server: Message-67-40 -> Message-67-40 (/127.0.0.1:49492)
21:20:56.935 [pool-1-thread-4] DEBUG com.mnc.udp.UDPServer - UDP-Server: Message-26-97
21:20:56.935 [pool-1-thread-5] DEBUG com.mnc.udp.UDPServer - UDP-Server: Message-74-54
21:20:56.934 [pool-1-thread-2] DEBUG com.mnc.udp.UDPServer - UDP-Server: Message-0-53 -> Message-0-53 (/127.0.0.1:49425)
21:20:56.935 [pool-1-thread-3] DEBUG com.mnc.udp.UDPServer - UDP-Server: Message-94-25
21:20:56.935 [pool-1-thread-2] DEBUG com.mnc.udp.UDPServer - UDP-Server: Message-32-40
21:20:56.935 [pool-1-thread-1] DEBUG com.mnc.udp.UDPServer - UDP-Server: Message-2-53 -> Message-2-53 (/127.0.0.1:49427)
21:20:56.935 [pool-1-thread-4] DEBUG com.mnc.udp.UDPServer - UDP-Server: Message-26-97 -> Message-26-97 (/127.0.0.1:49451)
21:20:56.935 [pool-1-thread-5] DEBUG com.mnc.udp.UDPServer - UDP-Server: Message-74-54 -> Message-74-54 (/127.0.0.1:49499)
21:20:56.935 [pool-1-thread-3] DEBUG com.mnc.udp.UDPServer - UDP-Server: Message-94-25 -> Message-94-25 (/127.0.0.1:49519)
21:20:56.935 [pool-1-thread-2] DEBUG com.mnc.udp.UDPServer - UDP-Server: Message-32-40 -> Message-32-40 (/127.0.0.1:49457)
21:20:56.935 [pool-1-thread-1] DEBUG com.mnc.udp.UDPServer - UDP-Server: Message-6-54
21:20:56.935 [pool-1-thread-2] DEBUG com.mnc.udp.UDPServer - UDP-Server: Message-65-41
21:20:56.935 [pool-1-thread-1] DEBUG com.mnc.udp.UDPServer - UDP-Server: Message-6-54 -> Message-6-54 (/127.0.0.1:49431)
21:20:56.935 [pool-1-thread-4] DEBUG com.mnc.udp.UDPServer - UDP-Server: Message-51-54
21:20:56.935 [pool-1-thread-1] DEBUG com.mnc.udp.UDPServer - UDP-Server: Message-69-54
21:20:56.935 [pool-1-thread-4] DEBUG com.mnc.udp.UDPServer - UDP-Server: Message-51-54 -> Message-51-54 (/127.0.0.1:49476)
21:20:56.935 [pool-1-thread-5] DEBUG com.mnc.udp.UDPServer - UDP-Server: Message-3-54
21:20:56.935 [pool-1-thread-4] DEBUG com.mnc.udp.UDPServer - UDP-Server: Message-50-54
21:20:56.935 [pool-1-thread-3] DEBUG com.mnc.udp.UDPServer - UDP-Server: Message-72-54
21:20:56.935 [pool-1-thread-2] DEBUG com.mnc.udp.UDPServer - UDP-Server: Message-65-41 -> Message-65-41 (/127.0.0.1:49490)
21:20:56.935 [pool-1-thread-1] DEBUG com.mnc.udp.UDPServer - UDP-Server: Message-69-54 -> Message-69-54 (/127.0.0.1:49494)
21:20:56.935 [pool-1-thread-5] DEBUG com.mnc.udp.UDPServer - UDP-Server: Message-3-54 -> Message-3-54 (/127.0.0.1:49428)
21:20:56.935 [pool-1-thread-4] DEBUG com.mnc.udp.UDPServer - UDP-Server: Message-50-54 -> Message-50-54 (/127.0.0.1:49475)
21:20:56.936 [pool-1-thread-3] DEBUG com.mnc.udp.UDPServer - UDP-Server: Message-72-54 -> Message-72-54 (/127.0.0.1:49497)
21:20:56.936 [pool-1-thread-2] DEBUG com.mnc.udp.UDPServer - UDP-Server: Message-9-54
21:20:56.936 [pool-1-thread-1] DEBUG com.mnc.udp.UDPServer - UDP-Server: Message-1-54
21:20:56.936 [pool-1-thread-5] DEBUG com.mnc.udp.UDPServer - UDP-Server: Message-8-55
21:20:56.936 [pool-1-thread-4] DEBUG com.mnc.udp.UDPServer - UDP-Server: Message-10-54
21:20:56.936 [pool-1-thread-3] DEBUG com.mnc.udp.UDPServer - UDP-Server: Message-5-54
21:20:56.936 [pool-1-thread-2] DEBUG com.mnc.udp.UDPServer - UDP-Server: Message-9-54 -> Message-9-54 (/127.0.0.1:49434)
21:20:56.936 [pool-1-thread-1] DEBUG com.mnc.udp.UDPServer - UDP-Server: Message-1-54 -> Message-1-54 (/127.0.0.1:49426)
21:20:56.936 [pool-1-thread-5] DEBUG com.mnc.udp.UDPServer - UDP-Server: Message-8-55 -> Message-8-55 (/127.0.0.1:49433)
21:20:56.936 [pool-1-thread-1] DEBUG com.mnc.udp.UDPServer - UDP-Server: Message-4-54
21:20:56.936 [pool-1-thread-4] DEBUG com.mnc.udp.UDPServer - UDP-Server: Message-10-54 -> Message-10-54 (/127.0.0.1:49435)
21:20:56.936 [pool-1-thread-1] DEBUG com.mnc.udp.UDPServer - UDP-Server: Message-4-54 -> Message-4-54 (/127.0.0.1:49429)
21:20:56.936 [pool-1-thread-3] DEBUG com.mnc.udp.UDPServer - UDP-Server: Message-5-54 -> Message-5-54 (/127.0.0.1:49430)
21:20:56.936 [pool-1-thread-2] DEBUG com.mnc.udp.UDPServer - UDP-Server: Message-52-54
21:20:56.936 [pool-1-thread-5] DEBUG com.mnc.udp.UDPServer - UDP-Server: Message-45-26
21:20:56.936 [pool-1-thread-4] DEBUG com.mnc.udp.UDPServer - UDP-Server: Message-67-41
21:20:56.937 [pool-1-thread-1] DEBUG com.mnc.udp.UDPServer - UDP-Server: Message-0-54
21:20:56.937 [pool-1-thread-2] DEBUG com.mnc.udp.UDPServer - UDP-Server: Message-52-54 -> Message-52-54 (/127.0.0.1:49477)
21:20:56.937 [pool-1-thread-3] DEBUG com.mnc.udp.UDPServer - UDP-Server: Message-2-54
21:20:56.937 [pool-1-thread-5] DEBUG com.mnc.udp.UDPServer - UDP-Server: Message-45-26 -> Message-45-26 (/127.0.0.1:49470)
21:20:56.937 [pool-1-thread-4] DEBUG com.mnc.udp.UDPServer - UDP-Server: Message-67-41 -> Message-67-41 (/127.0.0.1:49492)
21:20:56.937 [pool-1-thread-1] DEBUG com.mnc.udp.UDPServer - UDP-Server: Message-0-54 -> Message-0-54 (/127.0.0.1:49425)
21:20:56.937 [pool-1-thread-5] DEBUG com.mnc.udp.UDPServer - UDP-Server: Message-74-55
21:20:56.937 [pool-1-thread-1] DEBUG com.mnc.udp.UDPServer - UDP-Server: Message-32-41
21:20:56.937 [pool-1-thread-2] DEBUG com.mnc.udp.UDPServer - UDP-Server: Message-26-21
21:20:56.937 [pool-1-thread-3] DEBUG com.mnc.udp.UDPServer - UDP-Server: Message-2-54 -> Message-2-54 (/127.0.0.1:49427)
21:20:56.937 [pool-1-thread-4] DEBUG com.mnc.udp.UDPServer - UDP-Server: Message-94-98
21:20:56.937 [pool-1-thread-5] DEBUG com.mnc.udp.UDPServer - UDP-Server: Message-74-55 -> Message-74-55 (/127.0.0.1:49499)
21:20:56.937 [pool-1-thread-1] DEBUG com.mnc.udp.UDPServer - UDP-Server: Message-32-41 -> Message-32-41 (/127.0.0.1:49457)
21:20:56.937 [pool-1-thread-2] DEBUG com.mnc.udp.UDPServer - UDP-Server: Message-26-21 -> Message-26-21 (/127.0.0.1:49451)
21:20:56.937 [pool-1-thread-3] DEBUG com.mnc.udp.UDPServer - UDP-Server: Message-6-55
21:20:56.937 [pool-1-thread-2] DEBUG com.mnc.udp.UDPServer - UDP-Server: Message-69-55
21:20:56.937 [pool-1-thread-4] DEBUG com.mnc.udp.UDPServer - UDP-Server: Message-94-98 -> Message-94-98 (/127.0.0.1:49519)
21:20:56.937 [pool-1-thread-5] DEBUG com.mnc.udp.UDPServer - UDP-Server: Message-51-55
21:20:56.937 [pool-1-thread-1] DEBUG com.mnc.udp.UDPServer - UDP-Server: Message-65-42
21:20:56.937 [pool-1-thread-3] DEBUG com.mnc.udp.UDPServer - UDP-Server: Message-6-55 -> Message-6-55 (/127.0.0.1:49431)
21:20:56.937 [pool-1-thread-2] DEBUG com.mnc.udp.UDPServer - UDP-Server: Message-69-55 -> Message-69-55 (/127.0.0.1:49494)
21:20:56.937 [pool-1-thread-4] DEBUG com.mnc.udp.UDPServer - UDP-Server: Message-3-55
21:20:56.937 [pool-1-thread-5] DEBUG com.mnc.udp.UDPServer - UDP-Server: Message-51-55 -> Message-51-55 (/127.0.0.1:49476)
21:20:56.938 [pool-1-thread-1] DEBUG com.mnc.udp.UDPServer - UDP-Server: Message-65-42 -> Message-65-42 (/127.0.0.1:49490)
21:20:56.938 [pool-1-thread-3] DEBUG com.mnc.udp.UDPServer - UDP-Server: Message-50-55
21:20:56.938 [pool-1-thread-1] DEBUG com.mnc.udp.UDPServer - UDP-Server: Message-1-55
21:20:56.938 [pool-1-thread-3] DEBUG com.mnc.udp.UDPServer - UDP-Server: Message-50-55 -> Message-50-55 (/127.0.0.1:49475)
21:20:56.938 [pool-1-thread-2] DEBUG com.mnc.udp.UDPServer - UDP-Server: Message-72-55
21:20:56.938 [pool-1-thread-3] DEBUG com.mnc.udp.UDPServer - UDP-Server: Message-8-51
21:20:56.938 [pool-1-thread-4] DEBUG com.mnc.udp.UDPServer - UDP-Server: Message-3-55 -> Message-3-55 (/127.0.0.1:49428)
21:20:56.938 [pool-1-thread-5] DEBUG com.mnc.udp.UDPServer - UDP-Server: Message-9-55
21:20:56.938 [pool-1-thread-1] DEBUG com.mnc.udp.UDPServer - UDP-Server: Message-1-55 -> Message-1-55 (/127.0.0.1:49426)
21:20:56.938 [pool-1-thread-2] DEBUG com.mnc.udp.UDPServer - UDP-Server: Message-72-55 -> Message-72-55 (/127.0.0.1:49497)
21:20:56.938 [pool-1-thread-1] DEBUG com.mnc.udp.UDPServer - UDP-Server: Message-4-55
21:20:56.938 [pool-1-thread-2] DEBUG com.mnc.udp.UDPServer - UDP-Server: Message-5-55
21:20:56.938 [pool-1-thread-1] DEBUG com.mnc.udp.UDPServer - UDP-Server: Message-4-55 -> Message-4-55 (/127.0.0.1:49429)
21:20:56.938 [pool-1-thread-3] DEBUG com.mnc.udp.UDPServer - UDP-Server: Message-8-51 -> Message-8-51 (/127.0.0.1:49433)
21:20:56.938 [pool-1-thread-1] DEBUG com.mnc.udp.UDPServer - UDP-Server: Message-52-55
21:20:56.938 [pool-1-thread-4] DEBUG com.mnc.udp.UDPServer - UDP-Server: Message-10-55
21:20:56.938 [pool-1-thread-5] DEBUG com.mnc.udp.UDPServer - UDP-Server: Message-9-55 -> Message-9-55 (/127.0.0.1:49434)
21:20:56.938 [pool-1-thread-2] DEBUG com.mnc.udp.UDPServer - UDP-Server: Message-5-55 -> Message-5-55 (/127.0.0.1:49430)
21:20:56.938 [pool-1-thread-3] DEBUG com.mnc.udp.UDPServer - UDP-Server: Message-45-20
21:20:56.938 [pool-1-thread-1] DEBUG com.mnc.udp.UDPServer - UDP-Server: Message-52-55 -> Message-52-55 (/127.0.0.1:49477)
21:20:56.938 [pool-1-thread-4] DEBUG com.mnc.udp.UDPServer - UDP-Server: Message-10-55 -> Message-10-55 (/127.0.0.1:49435)
21:20:56.938 [pool-1-thread-5] DEBUG com.mnc.udp.UDPServer - UDP-Server: Message-67-42
21:20:56.939 [pool-1-thread-3] DEBUG com.mnc.udp.UDPServer - UDP-Server: Message-45-20 -> Message-45-20 (/127.0.0.1:49470)
21:20:56.939 [pool-1-thread-2] DEBUG com.mnc.udp.UDPServer - UDP-Server: Message-0-55
21:20:56.939 [pool-1-thread-1] DEBUG com.mnc.udp.UDPServer - UDP-Server: Message-2-55
21:20:56.939 [pool-1-thread-4] DEBUG com.mnc.udp.UDPServer - UDP-Server: Message-74-51
21:20:56.939 [pool-1-thread-5] DEBUG com.mnc.udp.UDPServer - UDP-Server: Message-67-42 -> Message-67-42 (/127.0.0.1:49492)
21:20:56.939 [pool-1-thread-3] DEBUG com.mnc.udp.UDPServer - UDP-Server: Message-32-42
21:20:56.939 [pool-1-thread-2] DEBUG com.mnc.udp.UDPServer - UDP-Server: Message-0-55 -> Message-0-55 (/127.0.0.1:49425)
21:20:56.939 [pool-1-thread-1] DEBUG com.mnc.udp.UDPServer - UDP-Server: Message-2-55 -> Message-2-55 (/127.0.0.1:49427)
21:20:56.939 [pool-1-thread-4] DEBUG com.mnc.udp.UDPServer - UDP-Server: Message-74-51 -> Message-74-51 (/127.0.0.1:49499)
21:20:56.939 [pool-1-thread-5] DEBUG com.mnc.udp.UDPServer - UDP-Server: Message-26-48
21:20:56.939 [pool-1-thread-3] DEBUG com.mnc.udp.UDPServer - UDP-Server: Message-32-42 -> Message-32-42 (/127.0.0.1:49457)
21:20:56.939 [pool-1-thread-1] DEBUG com.mnc.udp.UDPServer - UDP-Server: Message-6-51
21:20:56.939 [pool-1-thread-3] DEBUG com.mnc.udp.UDPServer - UDP-Server: Message-51-51
21:20:56.939 [pool-1-thread-1] DEBUG com.mnc.udp.UDPServer - UDP-Server: Message-6-51 -> Message-6-51 (/127.0.0.1:49431)
21:20:56.939 [pool-1-thread-3] DEBUG com.mnc.udp.UDPServer - UDP-Server: Message-51-51 -> Message-51-51 (/127.0.0.1:49476)
21:20:56.939 [pool-1-thread-1] DEBUG com.mnc.udp.UDPServer - UDP-Server: Message-65-38
21:20:56.939 [pool-1-thread-4] DEBUG com.mnc.udp.UDPServer - UDP-Server: Message-69-51
21:20:56.939 [pool-1-thread-5] DEBUG com.mnc.udp.UDPServer - UDP-Server: Message-26-48 -> Message-26-48 (/127.0.0.1:49451)
21:20:56.939 [pool-1-thread-3] DEBUG com.mnc.udp.UDPServer - UDP-Server: Message-50-51
21:20:56.939 [pool-1-thread-1] DEBUG com.mnc.udp.UDPServer - UDP-Server: Message-65-38 -> Message-65-38 (/127.0.0.1:49490)
21:20:56.939 [pool-1-thread-4] DEBUG com.mnc.udp.UDPServer - UDP-Server: Message-69-51 -> Message-69-51 (/127.0.0.1:49494)
21:20:56.940 [pool-1-thread-5] DEBUG com.mnc.udp.UDPServer - UDP-Server: Message-3-51
21:20:56.940 [pool-1-thread-4] DEBUG com.mnc.udp.UDPServer - UDP-Server: Message-72-51
21:20:56.940 [pool-1-thread-5] DEBUG com.mnc.udp.UDPServer - UDP-Server: Message-3-51 -> Message-3-51 (/127.0.0.1:49428)
21:20:56.940 [pool-1-thread-3] DEBUG com.mnc.udp.UDPServer - UDP-Server: Message-50-51 -> Message-50-51 (/127.0.0.1:49475)
21:20:56.940 [pool-1-thread-1] DEBUG com.mnc.udp.UDPServer - UDP-Server: Message-1-51
21:20:56.940 [pool-1-thread-4] DEBUG com.mnc.udp.UDPServer - UDP-Server: Message-72-51 -> Message-72-51 (/127.0.0.1:49497)
21:20:56.940 [pool-1-thread-5] DEBUG com.mnc.udp.UDPServer - UDP-Server: Message-4-51
21:20:56.940 [pool-1-thread-3] DEBUG com.mnc.udp.UDPServer - UDP-Server: Message-8-52
21:20:56.940 [pool-1-thread-1] DEBUG com.mnc.udp.UDPServer - UDP-Server: Message-1-51 -> Message-1-51 (/127.0.0.1:49426)
21:20:56.940 [pool-1-thread-4] DEBUG com.mnc.udp.UDPServer - UDP-Server: Message-9-51
21:20:56.940 [pool-1-thread-5] DEBUG com.mnc.udp.UDPServer - UDP-Server: Message-4-51 -> Message-4-51 (/127.0.0.1:49429)
21:20:56.940 [pool-1-thread-4] DEBUG com.mnc.udp.UDPServer - UDP-Server: Message-9-51 -> Message-9-51 (/127.0.0.1:49434)
21:20:56.940 [pool-1-thread-3] DEBUG com.mnc.udp.UDPServer - UDP-Server: Message-8-52 -> Message-8-52 (/127.0.0.1:49433)
21:20:56.940 [pool-1-thread-4] DEBUG com.mnc.udp.UDPServer - UDP-Server: Message-10-51
21:20:56.940 [pool-1-thread-1] DEBUG com.mnc.udp.UDPServer - UDP-Server: Message-5-51
21:20:56.940 [pool-1-thread-5] DEBUG com.mnc.udp.UDPServer - UDP-Server: Message-52-51
21:20:56.940 [pool-1-thread-3] DEBUG com.mnc.udp.UDPServer - UDP-Server: Message-45-27
21:20:56.940 [pool-1-thread-4] DEBUG com.mnc.udp.UDPServer - UDP-Server: Message-10-51 -> Message-10-51 (/127.0.0.1:49435)
21:20:56.940 [pool-1-thread-1] DEBUG com.mnc.udp.UDPServer - UDP-Server: Message-5-51 -> Message-5-51 (/127.0.0.1:49430)
21:20:56.940 [pool-1-thread-4] DEBUG com.mnc.udp.UDPServer - UDP-Server: Message-67-38
21:20:56.940 [pool-1-thread-5] DEBUG com.mnc.udp.UDPServer - UDP-Server: Message-52-51 -> Message-52-51 (/127.0.0.1:49477)
21:20:56.940 [pool-1-thread-3] DEBUG com.mnc.udp.UDPServer - UDP-Server: Message-45-27 -> Message-45-27 (/127.0.0.1:49470)
21:20:56.940 [pool-1-thread-1] DEBUG com.mnc.udp.UDPServer - UDP-Server: Message-0-51
21:20:56.940 [pool-1-thread-4] DEBUG com.mnc.udp.UDPServer - UDP-Server: Message-67-38 -> Message-67-38 (/127.0.0.1:49492)
21:20:56.941 [pool-1-thread-1] DEBUG com.mnc.udp.UDPServer - UDP-Server: Message-0-51 -> Message-0-51 (/127.0.0.1:49425)
21:20:56.941 [pool-1-thread-4] DEBUG com.mnc.udp.UDPServer - UDP-Server: Message-32-38
21:20:56.941 [pool-1-thread-5] DEBUG com.mnc.udp.UDPServer - UDP-Server: Message-2-51
21:20:56.941 [pool-1-thread-3] DEBUG com.mnc.udp.UDPServer - UDP-Server: Message-74-52
21:20:56.941 [pool-1-thread-2] DEBUG com.mnc.udp.UDPServer - UDP-Server: Message-94-99
21:20:56.941 [pool-1-thread-1] DEBUG com.mnc.udp.UDPServer - UDP-Server: Message-6-52
21:20:56.941 [pool-1-thread-4] DEBUG com.mnc.udp.UDPServer - UDP-Server: Message-32-38 -> Message-32-38 (/127.0.0.1:49457)
21:20:56.941 [pool-1-thread-5] DEBUG com.mnc.udp.UDPServer - UDP-Server: Message-2-51 -> Message-2-51 (/127.0.0.1:49427)
21:20:56.941 [pool-1-thread-4] DEBUG com.mnc.udp.UDPServer - UDP-Server: Message-51-52
21:20:56.941 [pool-1-thread-3] DEBUG com.mnc.udp.UDPServer - UDP-Server: Message-74-52 -> Message-74-52 (/127.0.0.1:49499)
21:20:56.941 [pool-1-thread-2] DEBUG com.mnc.udp.UDPServer - UDP-Server: Message-94-99 -> Message-94-99 (/127.0.0.1:49519)
21:20:56.941 [pool-1-thread-3] DEBUG com.mnc.udp.UDPServer - UDP-Server: Message-65-39
21:20:56.941 [pool-1-thread-2] DEBUG com.mnc.udp.UDPServer - UDP-Server: Message-69-52
21:20:56.941 [pool-1-thread-1] DEBUG com.mnc.udp.UDPServer - UDP-Server: Message-6-52 -> Message-6-52 (/127.0.0.1:49431)
21:20:56.941 [pool-1-thread-5] DEBUG com.mnc.udp.UDPServer - UDP-Server: Message-26-22
21:20:56.941 [pool-1-thread-4] DEBUG com.mnc.udp.UDPServer - UDP-Server: Message-51-52 -> Message-51-52 (/127.0.0.1:49476)
21:20:56.941 [pool-1-thread-3] DEBUG com.mnc.udp.UDPServer - UDP-Server: Message-65-39 -> Message-65-39 (/127.0.0.1:49490)
21:20:56.941 [pool-1-thread-2] DEBUG com.mnc.udp.UDPServer - UDP-Server: Message-69-52 -> Message-69-52 (/127.0.0.1:49494)
21:20:56.941 [pool-1-thread-1] DEBUG com.mnc.udp.UDPServer - UDP-Server: Message-3-52
21:20:56.941 [pool-1-thread-5] DEBUG com.mnc.udp.UDPServer - UDP-Server: Message-26-22 -> Message-26-22 (/127.0.0.1:49451)
21:20:56.942 [pool-1-thread-4] DEBUG com.mnc.udp.UDPServer - UDP-Server: Message-50-52
21:20:56.942 [pool-1-thread-5] DEBUG com.mnc.udp.UDPServer - UDP-Server: Message-4-52
21:20:56.942 [pool-1-thread-4] DEBUG com.mnc.udp.UDPServer - UDP-Server: Message-50-52 -> Message-50-52 (/127.0.0.1:49475)
21:20:56.942 [pool-1-thread-5] DEBUG com.mnc.udp.UDPServer - UDP-Server: Message-4-52 -> Message-4-52 (/127.0.0.1:49429)
21:20:56.942 [pool-1-thread-3] DEBUG com.mnc.udp.UDPServer - UDP-Server: Message-72-52
21:20:56.942 [pool-1-thread-5] DEBUG com.mnc.udp.UDPServer - UDP-Server: Message-8-50
21:20:56.942 [pool-1-thread-2] DEBUG com.mnc.udp.UDPServer - UDP-Server: Message-1-52
21:20:56.942 [pool-1-thread-5] DEBUG com.mnc.udp.UDPServer - UDP-Server: Message-8-50 -> Message-8-50 (/127.0.0.1:49433)
21:20:56.942 [pool-1-thread-1] DEBUG com.mnc.udp.UDPServer - UDP-Server: Message-3-52 -> Message-3-52 (/127.0.0.1:49428)
21:20:56.942 [pool-1-thread-4] DEBUG com.mnc.udp.UDPServer - UDP-Server: Message-9-52
21:20:56.942 [pool-1-thread-3] DEBUG com.mnc.udp.UDPServer - UDP-Server: Message-72-52 -> Message-72-52 (/127.0.0.1:49497)
21:20:56.942 [pool-1-thread-2] DEBUG com.mnc.udp.UDPServer - UDP-Server: Message-1-52 -> Message-1-52 (/127.0.0.1:49426)
21:20:56.942 [pool-1-thread-5] DEBUG com.mnc.udp.UDPServer - UDP-Server: Message-10-52
21:20:56.942 [pool-1-thread-2] DEBUG com.mnc.udp.UDPServer - UDP-Server: Message-45-18
21:20:56.942 [pool-1-thread-1] DEBUG com.mnc.udp.UDPServer - UDP-Server: Message-5-52
21:20:56.942 [pool-1-thread-4] DEBUG com.mnc.udp.UDPServer - UDP-Server: Message-9-52 -> Message-9-52 (/127.0.0.1:49434)
21:20:56.942 [pool-1-thread-3] DEBUG com.mnc.udp.UDPServer - UDP-Server: Message-52-52
21:20:56.942 [pool-1-thread-4] DEBUG com.mnc.udp.UDPServer - UDP-Server: Message-67-39
21:20:56.942 [pool-1-thread-5] DEBUG com.mnc.udp.UDPServer - UDP-Server: Message-10-52 -> Message-10-52 (/127.0.0.1:49435)
21:20:56.942 [pool-1-thread-2] DEBUG com.mnc.udp.UDPServer - UDP-Server: Message-45-18 -> Message-45-18 (/127.0.0.1:49470)
21:20:56.942 [pool-1-thread-5] DEBUG com.mnc.udp.UDPServer - UDP-Server: Message-0-52
21:20:56.942 [pool-1-thread-1] DEBUG com.mnc.udp.UDPServer - UDP-Server: Message-5-52 -> Message-5-52 (/127.0.0.1:49430)
21:20:56.942 [pool-1-thread-3] DEBUG com.mnc.udp.UDPServer - UDP-Server: Message-52-52 -> Message-52-52 (/127.0.0.1:49477)
21:20:56.942 [pool-1-thread-4] DEBUG com.mnc.udp.UDPServer - UDP-Server: Message-67-39 -> Message-67-39 (/127.0.0.1:49492)
21:20:56.943 [pool-1-thread-2] DEBUG com.mnc.udp.UDPServer - UDP-Server: Message-32-39
21:20:56.943 [pool-1-thread-5] DEBUG com.mnc.udp.UDPServer - UDP-Server: Message-0-52 -> Message-0-52 (/127.0.0.1:49425)
21:20:56.943 [pool-1-thread-1] DEBUG com.mnc.udp.UDPServer - UDP-Server: Message-2-52
21:20:56.943 [pool-1-thread-5] DEBUG com.mnc.udp.UDPServer - UDP-Server: Message-6-50
21:20:56.943 [pool-1-thread-3] DEBUG com.mnc.udp.UDPServer - UDP-Server: Message-74-50
21:20:56.943 [pool-1-thread-4] DEBUG com.mnc.udp.UDPServer - UDP-Server: Message-94-44
21:20:56.943 [pool-1-thread-2] DEBUG com.mnc.udp.UDPServer - UDP-Server: Message-32-39 -> Message-32-39 (/127.0.0.1:49457)
21:20:56.943 [pool-1-thread-1] DEBUG com.mnc.udp.UDPServer - UDP-Server: Message-2-52 -> Message-2-52 (/127.0.0.1:49427)
21:20:56.943 [pool-1-thread-5] DEBUG com.mnc.udp.UDPServer - UDP-Server: Message-6-50 -> Message-6-50 (/127.0.0.1:49431)
21:20:56.943 [pool-1-thread-1] DEBUG com.mnc.udp.UDPServer - UDP-Server: Message-65-37
21:20:56.943 [pool-1-thread-3] DEBUG com.mnc.udp.UDPServer - UDP-Server: Message-74-50 -> Message-74-50 (/127.0.0.1:49499)
21:20:56.943 [pool-1-thread-4] DEBUG com.mnc.udp.UDPServer - UDP-Server: Message-94-44 -> Message-94-44 (/127.0.0.1:49519)
21:20:56.943 [pool-1-thread-2] DEBUG com.mnc.udp.UDPServer - UDP-Server: Message-51-50
21:20:56.943 [pool-1-thread-4] DEBUG com.mnc.udp.UDPServer - UDP-Server: Message-50-50
21:20:56.943 [pool-1-thread-5] DEBUG com.mnc.udp.UDPServer - UDP-Server: Message-69-50
21:20:56.943 [pool-1-thread-1] DEBUG com.mnc.udp.UDPServer - UDP-Server: Message-65-37 -> Message-65-37 (/127.0.0.1:49490)
21:20:56.943 [pool-1-thread-5] DEBUG com.mnc.udp.UDPServer - UDP-Server: Message-69-50 -> Message-69-50 (/127.0.0.1:49494)
21:20:56.943 [pool-1-thread-1] DEBUG com.mnc.udp.UDPServer - UDP-Server: Message-4-50
21:20:56.943 [pool-1-thread-3] DEBUG com.mnc.udp.UDPServer - UDP-Server: Message-26-98
21:20:56.943 [pool-1-thread-2] DEBUG com.mnc.udp.UDPServer - UDP-Server: Message-51-50 -> Message-51-50 (/127.0.0.1:49476)
21:20:56.943 [pool-1-thread-4] DEBUG com.mnc.udp.UDPServer - UDP-Server: Message-50-50 -> Message-50-50 (/127.0.0.1:49475)
21:20:56.943 [pool-1-thread-5] DEBUG com.mnc.udp.UDPServer - UDP-Server: Message-8-90
21:20:56.943 [pool-1-thread-1] DEBUG com.mnc.udp.UDPServer - UDP-Server: Message-4-50 -> Message-4-50 (/127.0.0.1:49429)
21:20:56.943 [pool-1-thread-3] DEBUG com.mnc.udp.UDPServer - UDP-Server: Message-26-98 -> Message-26-98 (/127.0.0.1:49451)
21:20:56.944 [pool-1-thread-2] DEBUG com.mnc.udp.UDPServer - UDP-Server: Message-3-50
21:20:56.944 [pool-1-thread-4] DEBUG com.mnc.udp.UDPServer - UDP-Server: Message-72-50
21:20:56.944 [pool-1-thread-5] DEBUG com.mnc.udp.UDPServer - UDP-Server: Message-8-90 -> Message-8-90 (/127.0.0.1:49433)
21:20:56.944 [pool-1-thread-1] DEBUG com.mnc.udp.UDPServer - UDP-Server: Message-1-50
21:20:56.944 [pool-1-thread-5] DEBUG com.mnc.udp.UDPServer - UDP-Server: Message-10-50
21:20:56.944 [pool-1-thread-1] DEBUG com.mnc.udp.UDPServer - UDP-Server: Message-1-50 -> Message-1-50 (/127.0.0.1:49426)
21:20:56.944 [pool-1-thread-3] DEBUG com.mnc.udp.UDPServer - UDP-Server: Message-9-50
21:20:56.944 [pool-1-thread-1] DEBUG com.mnc.udp.UDPServer - UDP-Server: Message-45-25
21:20:56.944 [pool-1-thread-2] DEBUG com.mnc.udp.UDPServer - UDP-Server: Message-3-50 -> Message-3-50 (/127.0.0.1:49428)
21:20:56.944 [pool-1-thread-4] DEBUG com.mnc.udp.UDPServer - UDP-Server: Message-72-50 -> Message-72-50 (/127.0.0.1:49497)
21:20:56.944 [pool-1-thread-5] DEBUG com.mnc.udp.UDPServer - UDP-Server: Message-10-50 -> Message-10-50 (/127.0.0.1:49435)
21:20:56.944 [pool-1-thread-3] DEBUG com.mnc.udp.UDPServer - UDP-Server: Message-9-50 -> Message-9-50 (/127.0.0.1:49434)
21:20:56.944 [pool-1-thread-5] DEBUG com.mnc.udp.UDPServer - UDP-Server: Message-67-37
21:20:56.944 [pool-1-thread-1] DEBUG com.mnc.udp.UDPServer - UDP-Server: Message-45-25 -> Message-45-25 (/127.0.0.1:49470)
21:20:56.944 [pool-1-thread-2] DEBUG com.mnc.udp.UDPServer - UDP-Server: Message-5-50
21:20:56.944 [pool-1-thread-1] DEBUG com.mnc.udp.UDPServer - UDP-Server: Message-32-37
21:20:56.944 [pool-1-thread-2] DEBUG com.mnc.udp.UDPServer - UDP-Server: Message-5-50 -> Message-5-50 (/127.0.0.1:49430)
21:20:56.944 [pool-1-thread-4] DEBUG com.mnc.udp.UDPServer - UDP-Server: Message-52-50
21:20:56.944 [pool-1-thread-2] DEBUG com.mnc.udp.UDPServer - UDP-Server: Message-2-50
21:20:56.944 [pool-1-thread-3] DEBUG com.mnc.udp.UDPServer - UDP-Server: Message-0-50
21:20:56.944 [pool-1-thread-5] DEBUG com.mnc.udp.UDPServer - UDP-Server: Message-67-37 -> Message-67-37 (/127.0.0.1:49492)
21:20:56.944 [pool-1-thread-1] DEBUG com.mnc.udp.UDPServer - UDP-Server: Message-32-37 -> Message-32-37 (/127.0.0.1:49457)
21:20:56.945 [pool-1-thread-5] DEBUG com.mnc.udp.UDPServer - UDP-Server: Message-6-90
21:20:56.945 [pool-1-thread-5] DEBUG com.mnc.udp.UDPServer - UDP-Server: Message-6-90 -> Message-6-90 (/127.0.0.1:49431)
21:20:56.944 [pool-1-thread-4] DEBUG com.mnc.udp.UDPServer - UDP-Server: Message-52-50 -> Message-52-50 (/127.0.0.1:49477)
21:20:56.944 [pool-1-thread-2] DEBUG com.mnc.udp.UDPServer - UDP-Server: Message-2-50 -> Message-2-50 (/127.0.0.1:49427)
21:20:56.945 [pool-1-thread-3] DEBUG com.mnc.udp.UDPServer - UDP-Server: Message-0-50 -> Message-0-50 (/127.0.0.1:49425)
21:20:56.945 [pool-1-thread-1] DEBUG com.mnc.udp.UDPServer - UDP-Server: Message-74-90
21:20:56.945 [pool-1-thread-5] DEBUG com.mnc.udp.UDPServer - UDP-Server: Message-94-94
21:20:56.945 [pool-1-thread-4] DEBUG com.mnc.udp.UDPServer - UDP-Server: Message-65-15
21:20:56.945 [pool-1-thread-2] DEBUG com.mnc.udp.UDPServer - UDP-Server: Message-69-90
21:20:56.945 [pool-1-thread-3] DEBUG com.mnc.udp.UDPServer - UDP-Server: Message-51-90
21:20:56.945 [pool-1-thread-1] DEBUG com.mnc.udp.UDPServer - UDP-Server: Message-74-90 -> Message-74-90 (/127.0.0.1:49499)
21:20:56.945 [pool-1-thread-5] DEBUG com.mnc.udp.UDPServer - UDP-Server: Message-94-94 -> Message-94-94 (/127.0.0.1:49519)
21:20:56.945 [pool-1-thread-1] DEBUG com.mnc.udp.UDPServer - UDP-Server: Message-50-90
21:20:56.945 [pool-1-thread-4] DEBUG com.mnc.udp.UDPServer - UDP-Server: Message-65-15 -> Message-65-15 (/127.0.0.1:49490)
21:20:56.945 [pool-1-thread-2] DEBUG com.mnc.udp.UDPServer - UDP-Server: Message-69-90 -> Message-69-90 (/127.0.0.1:49494)
21:20:56.945 [pool-1-thread-3] DEBUG com.mnc.udp.UDPServer - UDP-Server: Message-51-90 -> Message-51-90 (/127.0.0.1:49476)
21:20:56.945 [pool-1-thread-2] DEBUG com.mnc.udp.UDPServer - UDP-Server: Message-8-91
21:20:56.945 [pool-1-thread-3] DEBUG com.mnc.udp.UDPServer - UDP-Server: Message-1-90
21:20:56.945 [pool-1-thread-5] DEBUG com.mnc.udp.UDPServer - UDP-Server: Message-4-90
21:20:56.945 [pool-1-thread-1] DEBUG com.mnc.udp.UDPServer - UDP-Server: Message-50-90 -> Message-50-90 (/127.0.0.1:49475)
21:20:56.945 [pool-1-thread-4] DEBUG com.mnc.udp.UDPServer - UDP-Server: Message-26-35
21:20:56.945 [pool-1-thread-2] DEBUG com.mnc.udp.UDPServer - UDP-Server: Message-8-91 -> Message-8-91 (/127.0.0.1:49433)
21:20:56.946 [pool-1-thread-4] DEBUG com.mnc.udp.UDPServer - UDP-Server: Message-26-35 -> Message-26-35 (/127.0.0.1:49451)
21:20:56.945 [pool-1-thread-3] DEBUG com.mnc.udp.UDPServer - UDP-Server: Message-1-90 -> Message-1-90 (/127.0.0.1:49426)
21:20:56.946 [pool-1-thread-4] DEBUG com.mnc.udp.UDPServer - UDP-Server: Message-10-90
21:20:56.946 [pool-1-thread-5] DEBUG com.mnc.udp.UDPServer - UDP-Server: Message-4-90 -> Message-4-90 (/127.0.0.1:49429)
21:20:56.946 [pool-1-thread-1] DEBUG com.mnc.udp.UDPServer - UDP-Server: Message-3-90
21:20:56.946 [pool-1-thread-2] DEBUG com.mnc.udp.UDPServer - UDP-Server: Message-72-90
21:20:56.946 [pool-1-thread-3] DEBUG com.mnc.udp.UDPServer - UDP-Server: Message-9-90
21:20:56.946 [pool-1-thread-4] DEBUG com.mnc.udp.UDPServer - UDP-Server: Message-10-90 -> Message-10-90 (/127.0.0.1:49435)
21:20:56.946 [pool-1-thread-5] DEBUG com.mnc.udp.UDPServer - UDP-Server: Message-45-7
21:20:56.946 [pool-1-thread-1] DEBUG com.mnc.udp.UDPServer - UDP-Server: Message-3-90 -> Message-3-90 (/127.0.0.1:49428)
21:20:56.946 [pool-1-thread-5] DEBUG com.mnc.udp.UDPServer - UDP-Server: Message-45-7 -> Message-45-7 (/127.0.0.1:49470)
21:20:56.946 [pool-1-thread-1] DEBUG com.mnc.udp.UDPServer - UDP-Server: Message-67-15
21:20:56.946 [pool-1-thread-2] DEBUG com.mnc.udp.UDPServer - UDP-Server: Message-72-90 -> Message-72-90 (/127.0.0.1:49497)
21:20:56.946 [pool-1-thread-3] DEBUG com.mnc.udp.UDPServer - UDP-Server: Message-9-90 -> Message-9-90 (/127.0.0.1:49434)
21:20:56.946 [pool-1-thread-4] DEBUG com.mnc.udp.UDPServer - UDP-Server: Message-5-90
21:20:56.946 [pool-1-thread-5] DEBUG com.mnc.udp.UDPServer - UDP-Server: Message-32-15
21:20:56.946 [pool-1-thread-1] DEBUG com.mnc.udp.UDPServer - UDP-Server: Message-67-15 -> Message-67-15 (/127.0.0.1:49492)
21:20:56.946 [pool-1-thread-2] DEBUG com.mnc.udp.UDPServer - UDP-Server: Message-6-91
21:20:56.946 [pool-1-thread-3] DEBUG com.mnc.udp.UDPServer - UDP-Server: Message-52-90
21:20:56.946 [pool-1-thread-4] DEBUG com.mnc.udp.UDPServer - UDP-Server: Message-5-90 -> Message-5-90 (/127.0.0.1:49430)
21:20:56.946 [pool-1-thread-5] DEBUG com.mnc.udp.UDPServer - UDP-Server: Message-32-15 -> Message-32-15 (/127.0.0.1:49457)
21:20:56.946 [pool-1-thread-1] DEBUG com.mnc.udp.UDPServer - UDP-Server: Message-2-90
21:20:56.946 [pool-1-thread-2] DEBUG com.mnc.udp.UDPServer - UDP-Server: Message-6-91 -> Message-6-91 (/127.0.0.1:49431)
21:20:56.946 [pool-1-thread-3] DEBUG com.mnc.udp.UDPServer - UDP-Server: Message-52-90 -> Message-52-90 (/127.0.0.1:49477)
21:20:56.947 [pool-1-thread-2] DEBUG com.mnc.udp.UDPServer - UDP-Server: Message-94-45
21:20:56.947 [pool-1-thread-3] DEBUG com.mnc.udp.UDPServer - UDP-Server: Message-65-16
21:20:56.947 [pool-1-thread-4] DEBUG com.mnc.udp.UDPServer - UDP-Server: Message-0-90
21:20:56.947 [pool-1-thread-5] DEBUG com.mnc.udp.UDPServer - UDP-Server: Message-74-91
21:20:56.947 [pool-1-thread-1] DEBUG com.mnc.udp.UDPServer - UDP-Server: Message-2-90 -> Message-2-90 (/127.0.0.1:49427)
21:20:56.947 [pool-1-thread-2] DEBUG com.mnc.udp.UDPServer - UDP-Server: Message-94-45 -> Message-94-45 (/127.0.0.1:49519)
21:20:56.947 [pool-1-thread-3] DEBUG com.mnc.udp.UDPServer - UDP-Server: Message-65-16 -> Message-65-16 (/127.0.0.1:49490)
21:20:56.947 [pool-1-thread-2] DEBUG com.mnc.udp.UDPServer - UDP-Server: Message-51-91
21:20:56.947 [pool-1-thread-4] DEBUG com.mnc.udp.UDPServer - UDP-Server: Message-0-90 -> Message-0-90 (/127.0.0.1:49425)
21:20:56.947 [pool-1-thread-5] DEBUG com.mnc.udp.UDPServer - UDP-Server: Message-74-91 -> Message-74-91 (/127.0.0.1:49499)
21:20:56.947 [pool-1-thread-4] DEBUG com.mnc.udp.UDPServer - UDP-Server: Message-8-92
21:20:56.947 [pool-1-thread-5] DEBUG com.mnc.udp.UDPServer - UDP-Server: Message-26-99
21:20:56.947 [pool-1-thread-1] DEBUG com.mnc.udp.UDPServer - UDP-Server: Message-69-91
21:20:56.947 [pool-1-thread-2] DEBUG com.mnc.udp.UDPServer - UDP-Server: Message-51-91 -> Message-51-91 (/127.0.0.1:49476)
21:20:56.947 [pool-1-thread-3] DEBUG com.mnc.udp.UDPServer - UDP-Server: Message-50-91
21:20:56.947 [pool-1-thread-4] DEBUG com.mnc.udp.UDPServer - UDP-Server: Message-8-92 -> Message-8-92 (/127.0.0.1:49433)
21:20:56.947 [pool-1-thread-5] DEBUG com.mnc.udp.UDPServer - UDP-Server: Message-26-99 -> Message-26-99 (/127.0.0.1:49451)
21:20:56.947 [pool-1-thread-1] DEBUG com.mnc.udp.UDPServer - UDP-Server: Message-69-91 -> Message-69-91 (/127.0.0.1:49494)
21:20:56.947 [pool-1-thread-5] DEBUG com.mnc.udp.UDPServer - UDP-Server: Message-10-91
21:20:56.947 [pool-1-thread-1] DEBUG com.mnc.udp.UDPServer - UDP-Server: Message-3-91
21:20:56.947 [pool-1-thread-5] DEBUG com.mnc.udp.UDPServer - UDP-Server: Message-10-91 -> Message-10-91 (/127.0.0.1:49435)
21:20:56.947 [pool-1-thread-2] DEBUG com.mnc.udp.UDPServer - UDP-Server: Message-1-91
21:20:56.947 [pool-1-thread-3] DEBUG com.mnc.udp.UDPServer - UDP-Server: Message-50-91 -> Message-50-91 (/127.0.0.1:49475)
21:20:56.947 [pool-1-thread-4] DEBUG com.mnc.udp.UDPServer - UDP-Server: Message-4-91
21:20:56.948 [pool-1-thread-3] DEBUG com.mnc.udp.UDPServer - UDP-Server: Message-72-91
21:20:56.947 [pool-1-thread-1] DEBUG com.mnc.udp.UDPServer - UDP-Server: Message-3-91 -> Message-3-91 (/127.0.0.1:49428)
21:20:56.948 [pool-1-thread-5] DEBUG com.mnc.udp.UDPServer - UDP-Server: Message-45-44
21:20:56.948 [pool-1-thread-2] DEBUG com.mnc.udp.UDPServer - UDP-Server: Message-1-91 -> Message-1-91 (/127.0.0.1:49426)
21:20:56.948 [pool-1-thread-4] DEBUG com.mnc.udp.UDPServer - UDP-Server: Message-4-91 -> Message-4-91 (/127.0.0.1:49429)
21:20:56.948 [pool-1-thread-2] DEBUG com.mnc.udp.UDPServer - UDP-Server: Message-67-16
21:20:56.948 [pool-1-thread-3] DEBUG com.mnc.udp.UDPServer - UDP-Server: Message-72-91 -> Message-72-91 (/127.0.0.1:49497)
21:20:56.948 [pool-1-thread-1] DEBUG com.mnc.udp.UDPServer - UDP-Server: Message-9-91
21:20:56.948 [pool-1-thread-3] DEBUG com.mnc.udp.UDPServer - UDP-Server: Message-32-16
21:20:56.948 [pool-1-thread-5] DEBUG com.mnc.udp.UDPServer - UDP-Server: Message-45-44 -> Message-45-44 (/127.0.0.1:49470)
21:20:56.948 [pool-1-thread-4] DEBUG com.mnc.udp.UDPServer - UDP-Server: Message-5-91
21:20:56.948 [pool-1-thread-5] DEBUG com.mnc.udp.UDPServer - UDP-Server: Message-6-92
21:20:56.948 [pool-1-thread-2] DEBUG com.mnc.udp.UDPServer - UDP-Server: Message-67-16 -> Message-67-16 (/127.0.0.1:49492)
21:20:56.948 [pool-1-thread-1] DEBUG com.mnc.udp.UDPServer - UDP-Server: Message-9-91 -> Message-9-91 (/127.0.0.1:49434)
21:20:56.948 [pool-1-thread-2] DEBUG com.mnc.udp.UDPServer - UDP-Server: Message-52-91
21:20:56.948 [pool-1-thread-1] DEBUG com.mnc.udp.UDPServer - UDP-Server: Message-2-91
21:20:56.948 [pool-1-thread-3] DEBUG com.mnc.udp.UDPServer - UDP-Server: Message-32-16 -> Message-32-16 (/127.0.0.1:49457)
21:20:56.948 [pool-1-thread-4] DEBUG com.mnc.udp.UDPServer - UDP-Server: Message-5-91 -> Message-5-91 (/127.0.0.1:49430)
21:20:56.948 [pool-1-thread-3] DEBUG com.mnc.udp.UDPServer - UDP-Server: Message-94-95
21:20:56.948 [pool-1-thread-5] DEBUG com.mnc.udp.UDPServer - UDP-Server: Message-6-92 -> Message-6-92 (/127.0.0.1:49431)
21:20:56.948 [pool-1-thread-2] DEBUG com.mnc.udp.UDPServer - UDP-Server: Message-52-91 -> Message-52-91 (/127.0.0.1:49477)
21:20:56.948 [pool-1-thread-1] DEBUG com.mnc.udp.UDPServer - UDP-Server: Message-2-91 -> Message-2-91 (/127.0.0.1:49427)
21:20:56.948 [pool-1-thread-4] DEBUG com.mnc.udp.UDPServer - UDP-Server: Message-65-17
21:20:56.948 [pool-1-thread-3] DEBUG com.mnc.udp.UDPServer - UDP-Server: Message-94-95 -> Message-94-95 (/127.0.0.1:49519)
21:20:56.949 [pool-1-thread-5] DEBUG com.mnc.udp.UDPServer - UDP-Server: Message-0-91
21:20:56.949 [pool-1-thread-2] DEBUG com.mnc.udp.UDPServer - UDP-Server: Message-74-92
21:20:56.949 [pool-1-thread-1] DEBUG com.mnc.udp.UDPServer - UDP-Server: Message-51-92
21:20:56.949 [pool-1-thread-4] DEBUG com.mnc.udp.UDPServer - UDP-Server: Message-65-17 -> Message-65-17 (/127.0.0.1:49490)
21:20:56.949 [pool-1-thread-3] DEBUG com.mnc.udp.UDPServer - UDP-Server: Message-8-88
21:20:56.949 [pool-1-thread-4] DEBUG com.mnc.udp.UDPServer - UDP-Server: Message-26-23
21:20:56.949 [pool-1-thread-5] DEBUG com.mnc.udp.UDPServer - UDP-Server: Message-0-91 -> Message-0-91 (/127.0.0.1:49425)
21:20:56.949 [pool-1-thread-2] DEBUG com.mnc.udp.UDPServer - UDP-Server: Message-74-92 -> Message-74-92 (/127.0.0.1:49499)
21:20:56.949 [pool-1-thread-5] DEBUG com.mnc.udp.UDPServer - UDP-Server: Message-69-92
21:20:56.949 [pool-1-thread-1] DEBUG com.mnc.udp.UDPServer - UDP-Server: Message-51-92 -> Message-51-92 (/127.0.0.1:49476)
21:20:56.949 [pool-1-thread-3] DEBUG com.mnc.udp.UDPServer - UDP-Server: Message-8-88 -> Message-8-88 (/127.0.0.1:49433)
21:20:56.949 [pool-1-thread-4] DEBUG com.mnc.udp.UDPServer - UDP-Server: Message-26-23 -> Message-26-23 (/127.0.0.1:49451)
21:20:56.949 [pool-1-thread-2] DEBUG com.mnc.udp.UDPServer - UDP-Server: Message-10-92
21:20:56.949 [pool-1-thread-5] DEBUG com.mnc.udp.UDPServer - UDP-Server: Message-69-92 -> Message-69-92 (/127.0.0.1:49494)
21:20:56.949 [pool-1-thread-2] DEBUG com.mnc.udp.UDPServer - UDP-Server: Message-10-92 -> Message-10-92 (/127.0.0.1:49435)
21:20:56.949 [pool-1-thread-5] DEBUG com.mnc.udp.UDPServer - UDP-Server: Message-4-92
21:20:56.949 [pool-1-thread-2] DEBUG com.mnc.udp.UDPServer - UDP-Server: Message-72-92
21:20:56.949 [pool-1-thread-1] DEBUG com.mnc.udp.UDPServer - UDP-Server: Message-50-92
21:20:56.949 [pool-1-thread-3] DEBUG com.mnc.udp.UDPServer - UDP-Server: Message-3-92
21:20:56.949 [pool-1-thread-4] DEBUG com.mnc.udp.UDPServer - UDP-Server: Message-1-92
21:20:56.949 [pool-1-thread-5] DEBUG com.mnc.udp.UDPServer - UDP-Server: Message-4-92 -> Message-4-92 (/127.0.0.1:49429)
21:20:56.949 [pool-1-thread-2] DEBUG com.mnc.udp.UDPServer - UDP-Server: Message-72-92 -> Message-72-92 (/127.0.0.1:49497)
21:20:56.950 [pool-1-thread-5] DEBUG com.mnc.udp.UDPServer - UDP-Server: Message-45-8
21:20:56.949 [pool-1-thread-1] DEBUG com.mnc.udp.UDPServer - UDP-Server: Message-50-92 -> Message-50-92 (/127.0.0.1:49475)
21:20:56.950 [pool-1-thread-5] DEBUG com.mnc.udp.UDPServer - UDP-Server: Message-45-8 -> Message-45-8 (/127.0.0.1:49470)
21:20:56.950 [pool-1-thread-4] DEBUG com.mnc.udp.UDPServer - UDP-Server: Message-1-92 -> Message-1-92 (/127.0.0.1:49426)
21:20:56.950 [pool-1-thread-3] DEBUG com.mnc.udp.UDPServer - UDP-Server: Message-3-92 -> Message-3-92 (/127.0.0.1:49428)
21:20:56.950 [pool-1-thread-4] DEBUG com.mnc.udp.UDPServer - UDP-Server: Message-5-92
21:20:56.950 [pool-1-thread-2] DEBUG com.mnc.udp.UDPServer - UDP-Server: Message-67-17
21:20:56.950 [pool-1-thread-1] DEBUG com.mnc.udp.UDPServer - UDP-Server: Message-9-92
21:20:56.950 [pool-1-thread-5] DEBUG com.mnc.udp.UDPServer - UDP-Server: Message-32-17
21:20:56.950 [pool-1-thread-1] DEBUG com.mnc.udp.UDPServer - UDP-Server: Message-9-92 -> Message-9-92 (/127.0.0.1:49434)
21:20:56.950 [pool-1-thread-3] DEBUG com.mnc.udp.UDPServer - UDP-Server: Message-6-88
21:20:56.950 [pool-1-thread-1] DEBUG com.mnc.udp.UDPServer - UDP-Server: Message-52-92
21:20:56.950 [pool-1-thread-4] DEBUG com.mnc.udp.UDPServer - UDP-Server: Message-5-92 -> Message-5-92 (/127.0.0.1:49430)
21:20:56.950 [pool-1-thread-1] DEBUG com.mnc.udp.UDPServer - UDP-Server: Message-52-92 -> Message-52-92 (/127.0.0.1:49477)
21:20:56.950 [pool-1-thread-2] DEBUG com.mnc.udp.UDPServer - UDP-Server: Message-67-17 -> Message-67-17 (/127.0.0.1:49492)
21:20:56.950 [pool-1-thread-5] DEBUG com.mnc.udp.UDPServer - UDP-Server: Message-32-17 -> Message-32-17 (/127.0.0.1:49457)
21:20:56.950 [pool-1-thread-3] DEBUG com.mnc.udp.UDPServer - UDP-Server: Message-6-88 -> Message-6-88 (/127.0.0.1:49431)
21:20:56.950 [pool-1-thread-4] DEBUG com.mnc.udp.UDPServer - UDP-Server: Message-2-92
21:20:56.950 [pool-1-thread-1] DEBUG com.mnc.udp.UDPServer - UDP-Server: Message-94-43
21:20:56.950 [pool-1-thread-2] DEBUG com.mnc.udp.UDPServer - UDP-Server: Message-65-13
21:20:56.950 [pool-1-thread-5] DEBUG com.mnc.udp.UDPServer - UDP-Server: Message-0-92
21:20:56.950 [pool-1-thread-3] DEBUG com.mnc.udp.UDPServer - UDP-Server: Message-74-88
21:20:56.950 [pool-1-thread-4] DEBUG com.mnc.udp.UDPServer - UDP-Server: Message-2-92 -> Message-2-92 (/127.0.0.1:49427)
21:20:56.950 [pool-1-thread-1] DEBUG com.mnc.udp.UDPServer - UDP-Server: Message-94-43 -> Message-94-43 (/127.0.0.1:49519)
21:20:56.950 [pool-1-thread-2] DEBUG com.mnc.udp.UDPServer - UDP-Server: Message-65-13 -> Message-65-13 (/127.0.0.1:49490)
21:20:56.951 [pool-1-thread-5] DEBUG com.mnc.udp.UDPServer - UDP-Server: Message-0-92 -> Message-0-92 (/127.0.0.1:49425)
21:20:56.951 [pool-1-thread-3] DEBUG com.mnc.udp.UDPServer - UDP-Server: Message-74-88 -> Message-74-88 (/127.0.0.1:49499)
21:20:56.951 [pool-1-thread-4] DEBUG com.mnc.udp.UDPServer - UDP-Server: Message-51-88
21:20:56.951 [pool-1-thread-1] DEBUG com.mnc.udp.UDPServer - UDP-Server: Message-8-89
21:20:56.951 [pool-1-thread-2] DEBUG com.mnc.udp.UDPServer - UDP-Server: Message-26-24
21:20:56.951 [pool-1-thread-5] DEBUG com.mnc.udp.UDPServer - UDP-Server: Message-69-88
21:20:56.951 [pool-1-thread-3] DEBUG com.mnc.udp.UDPServer - UDP-Server: Message-10-88
21:20:56.951 [pool-1-thread-4] DEBUG com.mnc.udp.UDPServer - UDP-Server: Message-51-88 -> Message-51-88 (/127.0.0.1:49476)
21:20:56.951 [pool-1-thread-1] DEBUG com.mnc.udp.UDPServer - UDP-Server: Message-8-89 -> Message-8-89 (/127.0.0.1:49433)
21:20:56.951 [pool-1-thread-2] DEBUG com.mnc.udp.UDPServer - UDP-Server: Message-26-24 -> Message-26-24 (/127.0.0.1:49451)
21:20:56.951 [pool-1-thread-5] DEBUG com.mnc.udp.UDPServer - UDP-Server: Message-69-88 -> Message-69-88 (/127.0.0.1:49494)
21:20:56.951 [pool-1-thread-3] DEBUG com.mnc.udp.UDPServer - UDP-Server: Message-10-88 -> Message-10-88 (/127.0.0.1:49435)
21:20:56.951 [pool-1-thread-4] DEBUG com.mnc.udp.UDPServer - UDP-Server: Message-4-88
21:20:56.951 [pool-1-thread-1] DEBUG com.mnc.udp.UDPServer - UDP-Server: Message-72-88
21:20:56.951 [pool-1-thread-2] DEBUG com.mnc.udp.UDPServer - UDP-Server: Message-50-88
21:20:56.951 [pool-1-thread-5] DEBUG com.mnc.udp.UDPServer - UDP-Server: Message-45-45
21:20:56.951 [pool-1-thread-2] DEBUG com.mnc.udp.UDPServer - UDP-Server: Message-50-88 -> Message-50-88 (/127.0.0.1:49475)
21:20:56.951 [pool-1-thread-3] DEBUG com.mnc.udp.UDPServer - UDP-Server: Message-1-88
21:20:56.952 [pool-1-thread-2] DEBUG com.mnc.udp.UDPServer - UDP-Server: Message-3-88
21:20:56.952 [pool-1-thread-3] DEBUG com.mnc.udp.UDPServer - UDP-Server: Message-1-88 -> Message-1-88 (/127.0.0.1:49426)
21:20:56.952 [pool-1-thread-2] DEBUG com.mnc.udp.UDPServer - UDP-Server: Message-3-88 -> Message-3-88 (/127.0.0.1:49428)
21:20:56.951 [pool-1-thread-4] DEBUG com.mnc.udp.UDPServer - UDP-Server: Message-4-88 -> Message-4-88 (/127.0.0.1:49429)
21:20:56.951 [pool-1-thread-1] DEBUG com.mnc.udp.UDPServer - UDP-Server: Message-72-88 -> Message-72-88 (/127.0.0.1:49497)
21:20:56.952 [pool-1-thread-4] DEBUG com.mnc.udp.UDPServer - UDP-Server: Message-52-88
21:20:56.952 [pool-1-thread-5] DEBUG com.mnc.udp.UDPServer - UDP-Server: Message-45-45 -> Message-45-45 (/127.0.0.1:49470)
21:20:56.952 [pool-1-thread-3] DEBUG com.mnc.udp.UDPServer - UDP-Server: Message-9-88
21:20:56.952 [pool-1-thread-5] DEBUG com.mnc.udp.UDPServer - UDP-Server: Message-32-13
21:20:56.952 [pool-1-thread-2] DEBUG com.mnc.udp.UDPServer - UDP-Server: Message-5-88
21:20:56.952 [pool-1-thread-1] DEBUG com.mnc.udp.UDPServer - UDP-Server: Message-67-13
21:20:56.952 [pool-1-thread-4] DEBUG com.mnc.udp.UDPServer - UDP-Server: Message-52-88 -> Message-52-88 (/127.0.0.1:49477)
21:20:56.952 [pool-1-thread-1] DEBUG com.mnc.udp.UDPServer - UDP-Server: Message-67-13 -> Message-67-13 (/127.0.0.1:49492)
21:20:56.952 [pool-1-thread-3] DEBUG com.mnc.udp.UDPServer - UDP-Server: Message-9-88 -> Message-9-88 (/127.0.0.1:49434)
21:20:56.952 [pool-1-thread-1] DEBUG com.mnc.udp.UDPServer - UDP-Server: Message-2-88
21:20:56.952 [pool-1-thread-5] DEBUG com.mnc.udp.UDPServer - UDP-Server: Message-32-13 -> Message-32-13 (/127.0.0.1:49457)
21:20:56.952 [pool-1-thread-3] DEBUG com.mnc.udp.UDPServer - UDP-Server: Message-94-93
21:20:56.952 [pool-1-thread-2] DEBUG com.mnc.udp.UDPServer - UDP-Server: Message-5-88 -> Message-5-88 (/127.0.0.1:49430)
21:20:56.952 [pool-1-thread-4] DEBUG com.mnc.udp.UDPServer - UDP-Server: Message-6-89
21:20:56.952 [pool-1-thread-1] DEBUG com.mnc.udp.UDPServer - UDP-Server: Message-2-88 -> Message-2-88 (/127.0.0.1:49427)
21:20:56.952 [pool-1-thread-4] DEBUG com.mnc.udp.UDPServer - UDP-Server: Message-6-89 -> Message-6-89 (/127.0.0.1:49431)
21:20:56.952 [pool-1-thread-5] DEBUG com.mnc.udp.UDPServer - UDP-Server: Message-65-14
21:20:56.952 [pool-1-thread-4] DEBUG com.mnc.udp.UDPServer - UDP-Server: Message-51-89
21:20:56.952 [pool-1-thread-3] DEBUG com.mnc.udp.UDPServer - UDP-Server: Message-94-93 -> Message-94-93 (/127.0.0.1:49519)
21:20:56.952 [pool-1-thread-2] DEBUG com.mnc.udp.UDPServer - UDP-Server: Message-0-88
21:20:56.952 [pool-1-thread-1] DEBUG com.mnc.udp.UDPServer - UDP-Server: Message-74-89
21:20:56.952 [pool-1-thread-2] DEBUG com.mnc.udp.UDPServer - UDP-Server: Message-0-88 -> Message-0-88 (/127.0.0.1:49425)
21:20:56.952 [pool-1-thread-5] DEBUG com.mnc.udp.UDPServer - UDP-Server: Message-65-14 -> Message-65-14 (/127.0.0.1:49490)
21:20:56.952 [pool-1-thread-2] DEBUG com.mnc.udp.UDPServer - UDP-Server: Message-26-49
21:20:56.952 [pool-1-thread-4] DEBUG com.mnc.udp.UDPServer - UDP-Server: Message-51-89 -> Message-51-89 (/127.0.0.1:49476)
21:20:56.952 [pool-1-thread-3] DEBUG com.mnc.udp.UDPServer - UDP-Server: Message-8-87
21:20:56.952 [pool-1-thread-1] DEBUG com.mnc.udp.UDPServer - UDP-Server: Message-74-89 -> Message-74-89 (/127.0.0.1:49499)
21:20:56.953 [pool-1-thread-3] DEBUG com.mnc.udp.UDPServer - UDP-Server: Message-8-87 -> Message-8-87 (/127.0.0.1:49433)
21:20:56.953 [pool-1-thread-2] DEBUG com.mnc.udp.UDPServer - UDP-Server: Message-26-49 -> Message-26-49 (/127.0.0.1:49451)
21:20:56.953 [pool-1-thread-3] DEBUG com.mnc.udp.UDPServer - UDP-Server: Message-1-89
21:20:56.953 [pool-1-thread-5] DEBUG com.mnc.udp.UDPServer - UDP-Server: Message-69-89
21:20:56.953 [pool-1-thread-2] DEBUG com.mnc.udp.UDPServer - UDP-Server: Message-3-89
21:20:56.953 [pool-1-thread-4] DEBUG com.mnc.udp.UDPServer - UDP-Server: Message-10-89
21:20:56.953 [pool-1-thread-1] DEBUG com.mnc.udp.UDPServer - UDP-Server: Message-50-89
21:20:56.953 [pool-1-thread-3] DEBUG com.mnc.udp.UDPServer - UDP-Server: Message-1-89 -> Message-1-89 (/127.0.0.1:49426)
21:20:56.953 [pool-1-thread-5] DEBUG com.mnc.udp.UDPServer - UDP-Server: Message-69-89 -> Message-69-89 (/127.0.0.1:49494)
21:20:56.953 [pool-1-thread-2] DEBUG com.mnc.udp.UDPServer - UDP-Server: Message-3-89 -> Message-3-89 (/127.0.0.1:49428)
21:20:56.953 [pool-1-thread-4] DEBUG com.mnc.udp.UDPServer - UDP-Server: Message-10-89 -> Message-10-89 (/127.0.0.1:49435)
21:20:56.953 [pool-1-thread-2] DEBUG com.mnc.udp.UDPServer - UDP-Server: Message-45-6
21:20:56.953 [pool-1-thread-1] DEBUG com.mnc.udp.UDPServer - UDP-Server: Message-50-89 -> Message-50-89 (/127.0.0.1:49475)
21:20:56.953 [pool-1-thread-3] DEBUG com.mnc.udp.UDPServer - UDP-Server: Message-4-89
21:20:56.953 [pool-1-thread-5] DEBUG com.mnc.udp.UDPServer - UDP-Server: Message-72-89
21:20:56.953 [pool-1-thread-4] DEBUG com.mnc.udp.UDPServer - UDP-Server: Message-52-89
21:20:56.953 [pool-1-thread-2] DEBUG com.mnc.udp.UDPServer - UDP-Server: Message-45-6 -> Message-45-6 (/127.0.0.1:49470)
21:20:56.953 [pool-1-thread-1] DEBUG com.mnc.udp.UDPServer - UDP-Server: Message-67-14
21:20:56.953 [pool-1-thread-3] DEBUG com.mnc.udp.UDPServer - UDP-Server: Message-4-89 -> Message-4-89 (/127.0.0.1:49429)
21:20:56.953 [pool-1-thread-5] DEBUG com.mnc.udp.UDPServer - UDP-Server: Message-72-89 -> Message-72-89 (/127.0.0.1:49497)
21:20:56.953 [pool-1-thread-4] DEBUG com.mnc.udp.UDPServer - UDP-Server: Message-52-89 -> Message-52-89 (/127.0.0.1:49477)
21:20:56.953 [pool-1-thread-2] DEBUG com.mnc.udp.UDPServer - UDP-Server: Message-9-89
21:20:56.953 [pool-1-thread-1] DEBUG com.mnc.udp.UDPServer - UDP-Server: Message-67-14 -> Message-67-14 (/127.0.0.1:49492)
21:20:56.953 [pool-1-thread-3] DEBUG com.mnc.udp.UDPServer - UDP-Server: Message-32-14
21:20:56.954 [pool-1-thread-5] DEBUG com.mnc.udp.UDPServer - UDP-Server: Message-5-89
21:20:56.954 [pool-1-thread-4] DEBUG com.mnc.udp.UDPServer - UDP-Server: Message-2-89
21:20:56.954 [pool-1-thread-2] DEBUG com.mnc.udp.UDPServer - UDP-Server: Message-9-89 -> Message-9-89 (/127.0.0.1:49434)
21:20:56.954 [pool-1-thread-1] DEBUG com.mnc.udp.UDPServer - UDP-Server: Message-6-87
21:20:56.954 [pool-1-thread-2] DEBUG com.mnc.udp.UDPServer - UDP-Server: Message-94-48
21:20:56.954 [pool-1-thread-1] DEBUG com.mnc.udp.UDPServer - UDP-Server: Message-6-87 -> Message-6-87 (/127.0.0.1:49431)
21:20:56.954 [pool-1-thread-3] DEBUG com.mnc.udp.UDPServer - UDP-Server: Message-32-14 -> Message-32-14 (/127.0.0.1:49457)
21:20:56.954 [pool-1-thread-5] DEBUG com.mnc.udp.UDPServer - UDP-Server: Message-5-89 -> Message-5-89 (/127.0.0.1:49430)
21:20:56.954 [pool-1-thread-4] DEBUG com.mnc.udp.UDPServer - UDP-Server: Message-2-89 -> Message-2-89 (/127.0.0.1:49427)
21:20:56.954 [pool-1-thread-2] DEBUG com.mnc.udp.UDPServer - UDP-Server: Message-94-48 -> Message-94-48 (/127.0.0.1:49519)
21:20:56.954 [pool-1-thread-1] DEBUG com.mnc.udp.UDPServer - UDP-Server: Message-0-89
21:20:56.954 [pool-1-thread-4] DEBUG com.mnc.udp.UDPServer - UDP-Server: Message-74-87
21:20:56.954 [pool-1-thread-3] DEBUG com.mnc.udp.UDPServer - UDP-Server: Message-65-12
21:20:56.954 [pool-1-thread-5] DEBUG com.mnc.udp.UDPServer - UDP-Server: Message-51-87
21:20:56.954 [pool-1-thread-3] DEBUG com.mnc.udp.UDPServer - UDP-Server: Message-65-12 -> Message-65-12 (/127.0.0.1:49490)
21:20:56.954 [pool-1-thread-1] DEBUG com.mnc.udp.UDPServer - UDP-Server: Message-0-89 -> Message-0-89 (/127.0.0.1:49425)
21:20:56.954 [pool-1-thread-3] DEBUG com.mnc.udp.UDPServer - UDP-Server: Message-26-19
21:20:56.954 [pool-1-thread-2] DEBUG com.mnc.udp.UDPServer - UDP-Server: Message-8-96
21:20:56.954 [pool-1-thread-4] DEBUG com.mnc.udp.UDPServer - UDP-Server: Message-74-87 -> Message-74-87 (/127.0.0.1:49499)
21:20:56.954 [pool-1-thread-5] DEBUG com.mnc.udp.UDPServer - UDP-Server: Message-51-87 -> Message-51-87 (/127.0.0.1:49476)
21:20:56.954 [pool-1-thread-1] DEBUG com.mnc.udp.UDPServer - UDP-Server: Message-1-87
21:20:56.954 [pool-1-thread-4] DEBUG com.mnc.udp.UDPServer - UDP-Server: Message-69-87
21:20:56.954 [pool-1-thread-3] DEBUG com.mnc.udp.UDPServer - UDP-Server: Message-26-19 -> Message-26-19 (/127.0.0.1:49451)
21:20:56.954 [pool-1-thread-2] DEBUG com.mnc.udp.UDPServer - UDP-Server: Message-8-96 -> Message-8-96 (/127.0.0.1:49433)
21:20:56.954 [pool-1-thread-5] DEBUG com.mnc.udp.UDPServer - UDP-Server: Message-3-87
21:20:56.954 [pool-1-thread-1] DEBUG com.mnc.udp.UDPServer - UDP-Server: Message-1-87 -> Message-1-87 (/127.0.0.1:49426)
21:20:56.954 [pool-1-thread-4] DEBUG com.mnc.udp.UDPServer - UDP-Server: Message-69-87 -> Message-69-87 (/127.0.0.1:49494)
21:20:56.954 [pool-1-thread-3] DEBUG com.mnc.udp.UDPServer - UDP-Server: Message-10-87
21:20:56.955 [pool-1-thread-2] DEBUG com.mnc.udp.UDPServer - UDP-Server: Message-50-87
21:20:56.955 [pool-1-thread-3] DEBUG com.mnc.udp.UDPServer - UDP-Server: Message-10-87 -> Message-10-87 (/127.0.0.1:49435)
21:20:56.955 [pool-1-thread-5] DEBUG com.mnc.udp.UDPServer - UDP-Server: Message-3-87 -> Message-3-87 (/127.0.0.1:49428)
21:20:56.955 [pool-1-thread-1] DEBUG com.mnc.udp.UDPServer - UDP-Server: Message-45-43
21:20:56.955 [pool-1-thread-4] DEBUG com.mnc.udp.UDPServer - UDP-Server: Message-4-87
21:20:56.955 [pool-1-thread-2] DEBUG com.mnc.udp.UDPServer - UDP-Server: Message-50-87 -> Message-50-87 (/127.0.0.1:49475)
21:20:56.955 [pool-1-thread-4] DEBUG com.mnc.udp.UDPServer - UDP-Server: Message-4-87 -> Message-4-87 (/127.0.0.1:49429)
21:20:56.955 [pool-1-thread-3] DEBUG com.mnc.udp.UDPServer - UDP-Server: Message-72-87
21:20:56.955 [pool-1-thread-5] DEBUG com.mnc.udp.UDPServer - UDP-Server: Message-52-87
21:20:56.955 [pool-1-thread-1] DEBUG com.mnc.udp.UDPServer - UDP-Server: Message-45-43 -> Message-45-43 (/127.0.0.1:49470)
21:20:56.955 [pool-1-thread-2] DEBUG com.mnc.udp.UDPServer - UDP-Server: Message-67-12
21:20:56.955 [pool-1-thread-1] DEBUG com.mnc.udp.UDPServer - UDP-Server: Message-6-96
21:20:56.955 [pool-1-thread-4] DEBUG com.mnc.udp.UDPServer - UDP-Server: Message-9-87
21:20:56.955 [pool-1-thread-3] DEBUG com.mnc.udp.UDPServer - UDP-Server: Message-72-87 -> Message-72-87 (/127.0.0.1:49497)
21:20:56.955 [pool-1-thread-5] DEBUG com.mnc.udp.UDPServer - UDP-Server: Message-52-87 -> Message-52-87 (/127.0.0.1:49477)
21:20:56.955 [pool-1-thread-2] DEBUG com.mnc.udp.UDPServer - UDP-Server: Message-67-12 -> Message-67-12 (/127.0.0.1:49492)
21:20:56.955 [pool-1-thread-1] DEBUG com.mnc.udp.UDPServer - UDP-Server: Message-6-96 -> Message-6-96 (/127.0.0.1:49431)
21:20:56.955 [pool-1-thread-4] DEBUG com.mnc.udp.UDPServer - UDP-Server: Message-9-87 -> Message-9-87 (/127.0.0.1:49434)
21:20:56.955 [pool-1-thread-3] DEBUG com.mnc.udp.UDPServer - UDP-Server: Message-32-12
21:20:56.955 [pool-1-thread-5] DEBUG com.mnc.udp.UDPServer - UDP-Server: Message-5-87
21:20:56.955 [pool-1-thread-4] DEBUG com.mnc.udp.UDPServer - UDP-Server: Message-65-21
21:20:56.955 [pool-1-thread-2] DEBUG com.mnc.udp.UDPServer - UDP-Server: Message-2-87
21:20:56.955 [pool-1-thread-1] DEBUG com.mnc.udp.UDPServer - UDP-Server: Message-94-82
21:20:56.955 [pool-1-thread-3] DEBUG com.mnc.udp.UDPServer - UDP-Server: Message-32-12 -> Message-32-12 (/127.0.0.1:49457)
21:20:56.955 [pool-1-thread-5] DEBUG com.mnc.udp.UDPServer - UDP-Server: Message-5-87 -> Message-5-87 (/127.0.0.1:49430)
21:20:56.955 [pool-1-thread-4] DEBUG com.mnc.udp.UDPServer - UDP-Server: Message-65-21 -> Message-65-21 (/127.0.0.1:49490)
21:20:56.956 [pool-1-thread-5] DEBUG com.mnc.udp.UDPServer - UDP-Server: Message-74-96
21:20:56.956 [pool-1-thread-4] DEBUG com.mnc.udp.UDPServer - UDP-Server: Message-51-96
21:20:56.955 [pool-1-thread-2] DEBUG com.mnc.udp.UDPServer - UDP-Server: Message-2-87 -> Message-2-87 (/127.0.0.1:49427)
21:20:56.956 [pool-1-thread-3] DEBUG com.mnc.udp.UDPServer - UDP-Server: Message-0-87
21:20:56.956 [pool-1-thread-1] DEBUG com.mnc.udp.UDPServer - UDP-Server: Message-94-82 -> Message-94-82 (/127.0.0.1:49519)
21:20:56.956 [pool-1-thread-5] DEBUG com.mnc.udp.UDPServer - UDP-Server: Message-74-96 -> Message-74-96 (/127.0.0.1:49499)
21:20:56.956 [pool-1-thread-1] DEBUG com.mnc.udp.UDPServer - UDP-Server: Message-8-97
21:20:56.956 [pool-1-thread-5] DEBUG com.mnc.udp.UDPServer - UDP-Server: Message-1-96
21:20:56.956 [pool-1-thread-4] DEBUG com.mnc.udp.UDPServer - UDP-Server: Message-51-96 -> Message-51-96 (/127.0.0.1:49476)
21:20:56.956 [pool-1-thread-2] DEBUG com.mnc.udp.UDPServer - UDP-Server: Message-26-94
21:20:56.956 [pool-1-thread-3] DEBUG com.mnc.udp.UDPServer - UDP-Server: Message-0-87 -> Message-0-87 (/127.0.0.1:49425)
21:20:56.956 [pool-1-thread-1] DEBUG com.mnc.udp.UDPServer - UDP-Server: Message-8-97 -> Message-8-97 (/127.0.0.1:49433)
21:20:56.956 [pool-1-thread-5] DEBUG com.mnc.udp.UDPServer - UDP-Server: Message-1-96 -> Message-1-96 (/127.0.0.1:49426)
21:20:56.956 [pool-1-thread-4] DEBUG com.mnc.udp.UDPServer - UDP-Server: Message-69-96
21:20:56.956 [pool-1-thread-4] DEBUG com.mnc.udp.UDPServer - UDP-Server: Message-69-96 -> Message-69-96 (/127.0.0.1:49494)
21:20:56.956 [pool-1-thread-2] DEBUG com.mnc.udp.UDPServer - UDP-Server: Message-26-94 -> Message-26-94 (/127.0.0.1:49451)
21:20:56.956 [pool-1-thread-3] DEBUG com.mnc.udp.UDPServer - UDP-Server: Message-10-96
21:20:56.956 [pool-1-thread-1] DEBUG com.mnc.udp.UDPServer - UDP-Server: Message-3-96
21:20:56.956 [pool-1-thread-5] DEBUG com.mnc.udp.UDPServer - UDP-Server: Message-50-96
21:20:56.956 [pool-1-thread-4] DEBUG com.mnc.udp.UDPServer - UDP-Server: Message-4-96
21:20:56.956 [pool-1-thread-2] DEBUG com.mnc.udp.UDPServer - UDP-Server: Message-45-10
21:20:56.956 [pool-1-thread-3] DEBUG com.mnc.udp.UDPServer - UDP-Server: Message-10-96 -> Message-10-96 (/127.0.0.1:49435)
21:20:56.956 [pool-1-thread-1] DEBUG com.mnc.udp.UDPServer - UDP-Server: Message-3-96 -> Message-3-96 (/127.0.0.1:49428)
21:20:56.957 [pool-1-thread-2] DEBUG com.mnc.udp.UDPServer - UDP-Server: Message-45-10 -> Message-45-10 (/127.0.0.1:49470)
21:20:56.956 [pool-1-thread-5] DEBUG com.mnc.udp.UDPServer - UDP-Server: Message-50-96 -> Message-50-96 (/127.0.0.1:49475)
21:20:56.956 [pool-1-thread-4] DEBUG com.mnc.udp.UDPServer - UDP-Server: Message-4-96 -> Message-4-96 (/127.0.0.1:49429)
21:20:56.957 [pool-1-thread-5] DEBUG com.mnc.udp.UDPServer - UDP-Server: Message-6-97
21:20:56.957 [pool-1-thread-3] DEBUG com.mnc.udp.UDPServer - UDP-Server: Message-72-96
21:20:56.957 [pool-1-thread-1] DEBUG com.mnc.udp.UDPServer - UDP-Server: Message-52-96
21:20:56.957 [pool-1-thread-2] DEBUG com.mnc.udp.UDPServer - UDP-Server: Message-67-21
21:20:56.957 [pool-1-thread-4] DEBUG com.mnc.udp.UDPServer - UDP-Server: Message-9-96
21:20:56.957 [pool-1-thread-5] DEBUG com.mnc.udp.UDPServer - UDP-Server: Message-6-97 -> Message-6-97 (/127.0.0.1:49431)
21:20:56.957 [pool-1-thread-3] DEBUG com.mnc.udp.UDPServer - UDP-Server: Message-72-96 -> Message-72-96 (/127.0.0.1:49497)
21:20:56.957 [pool-1-thread-1] DEBUG com.mnc.udp.UDPServer - UDP-Server: Message-52-96 -> Message-52-96 (/127.0.0.1:49477)
21:20:56.957 [pool-1-thread-3] DEBUG com.mnc.udp.UDPServer - UDP-Server: Message-5-96
21:20:56.957 [pool-1-thread-2] DEBUG com.mnc.udp.UDPServer - UDP-Server: Message-67-21 -> Message-67-21 (/127.0.0.1:49492)
21:20:56.957 [pool-1-thread-4] DEBUG com.mnc.udp.UDPServer - UDP-Server: Message-9-96 -> Message-9-96 (/127.0.0.1:49434)
21:20:56.957 [pool-1-thread-5] DEBUG com.mnc.udp.UDPServer - UDP-Server: Message-32-21
21:20:56.957 [pool-1-thread-1] DEBUG com.mnc.udp.UDPServer - UDP-Server: Message-65-22
21:20:56.957 [pool-1-thread-5] DEBUG com.mnc.udp.UDPServer - UDP-Server: Message-32-21 -> Message-32-21 (/127.0.0.1:49457)
21:20:56.957 [pool-1-thread-3] DEBUG com.mnc.udp.UDPServer - UDP-Server: Message-5-96 -> Message-5-96 (/127.0.0.1:49430)
21:20:56.957 [pool-1-thread-2] DEBUG com.mnc.udp.UDPServer - UDP-Server: Message-2-96
21:20:56.957 [pool-1-thread-4] DEBUG com.mnc.udp.UDPServer - UDP-Server: Message-94-83
21:20:56.957 [pool-1-thread-1] DEBUG com.mnc.udp.UDPServer - UDP-Server: Message-65-22 -> Message-65-22 (/127.0.0.1:49490)
21:20:56.957 [pool-1-thread-5] DEBUG com.mnc.udp.UDPServer - UDP-Server: Message-74-97
21:20:56.957 [pool-1-thread-3] DEBUG com.mnc.udp.UDPServer - UDP-Server: Message-51-97
21:20:56.957 [pool-1-thread-2] DEBUG com.mnc.udp.UDPServer - UDP-Server: Message-2-96 -> Message-2-96 (/127.0.0.1:49427)
21:20:56.957 [pool-1-thread-4] DEBUG com.mnc.udp.UDPServer - UDP-Server: Message-94-83 -> Message-94-83 (/127.0.0.1:49519)
21:20:56.957 [pool-1-thread-1] DEBUG com.mnc.udp.UDPServer - UDP-Server: Message-8-98
21:20:56.958 [pool-1-thread-5] DEBUG com.mnc.udp.UDPServer - UDP-Server: Message-74-97 -> Message-74-97 (/127.0.0.1:49499)
21:20:56.958 [pool-1-thread-1] DEBUG com.mnc.udp.UDPServer - UDP-Server: Message-8-98 -> Message-8-98 (/127.0.0.1:49433)
21:20:56.958 [pool-1-thread-3] DEBUG com.mnc.udp.UDPServer - UDP-Server: Message-51-97 -> Message-51-97 (/127.0.0.1:49476)
21:20:56.958 [pool-1-thread-1] DEBUG com.mnc.udp.UDPServer - UDP-Server: Message-26-95
21:20:56.958 [pool-1-thread-2] DEBUG com.mnc.udp.UDPServer - UDP-Server: Message-0-96
21:20:56.958 [pool-1-thread-4] DEBUG com.mnc.udp.UDPServer - UDP-Server: Message-1-97
21:20:56.958 [pool-1-thread-2] DEBUG com.mnc.udp.UDPServer - UDP-Server: Message-0-96 -> Message-0-96 (/127.0.0.1:49425)
21:20:56.958 [pool-1-thread-5] DEBUG com.mnc.udp.UDPServer - UDP-Server: Message-69-97
21:20:56.958 [pool-1-thread-2] DEBUG com.mnc.udp.UDPServer - UDP-Server: Message-3-97
21:20:56.958 [pool-1-thread-1] DEBUG com.mnc.udp.UDPServer - UDP-Server: Message-26-95 -> Message-26-95 (/127.0.0.1:49451)
21:20:56.958 [pool-1-thread-3] DEBUG com.mnc.udp.UDPServer - UDP-Server: Message-10-97
21:20:56.958 [pool-1-thread-4] DEBUG com.mnc.udp.UDPServer - UDP-Server: Message-1-97 -> Message-1-97 (/127.0.0.1:49426)
21:20:56.958 [pool-1-thread-5] DEBUG com.mnc.udp.UDPServer - UDP-Server: Message-69-97 -> Message-69-97 (/127.0.0.1:49494)
21:20:56.958 [pool-1-thread-2] DEBUG com.mnc.udp.UDPServer - UDP-Server: Message-3-97 -> Message-3-97 (/127.0.0.1:49428)
21:20:56.958 [pool-1-thread-1] DEBUG com.mnc.udp.UDPServer - UDP-Server: Message-45-48
21:20:56.958 [pool-1-thread-5] DEBUG com.mnc.udp.UDPServer - UDP-Server: Message-4-97
21:20:56.958 [pool-1-thread-3] DEBUG com.mnc.udp.UDPServer - UDP-Server: Message-10-97 -> Message-10-97 (/127.0.0.1:49435)
21:20:56.958 [pool-1-thread-4] DEBUG com.mnc.udp.UDPServer - UDP-Server: Message-50-97
21:20:56.958 [pool-1-thread-3] DEBUG com.mnc.udp.UDPServer - UDP-Server: Message-72-97
21:20:56.958 [pool-1-thread-2] DEBUG com.mnc.udp.UDPServer - UDP-Server: Message-6-98
21:20:56.958 [pool-1-thread-1] DEBUG com.mnc.udp.UDPServer - UDP-Server: Message-45-48 -> Message-45-48 (/127.0.0.1:49470)
21:20:56.958 [pool-1-thread-5] DEBUG com.mnc.udp.UDPServer - UDP-Server: Message-4-97 -> Message-4-97 (/127.0.0.1:49429)
21:20:56.958 [pool-1-thread-4] DEBUG com.mnc.udp.UDPServer - UDP-Server: Message-50-97 -> Message-50-97 (/127.0.0.1:49475)
21:20:56.958 [pool-1-thread-5] DEBUG com.mnc.udp.UDPServer - UDP-Server: Message-67-22
21:20:56.958 [pool-1-thread-3] DEBUG com.mnc.udp.UDPServer - UDP-Server: Message-72-97 -> Message-72-97 (/127.0.0.1:49497)
21:20:56.958 [pool-1-thread-2] DEBUG com.mnc.udp.UDPServer - UDP-Server: Message-6-98 -> Message-6-98 (/127.0.0.1:49431)
21:20:56.958 [pool-1-thread-1] DEBUG com.mnc.udp.UDPServer - UDP-Server: Message-52-97
21:20:56.958 [pool-1-thread-4] DEBUG com.mnc.udp.UDPServer - UDP-Server: Message-9-97
21:20:56.958 [pool-1-thread-5] DEBUG com.mnc.udp.UDPServer - UDP-Server: Message-67-22 -> Message-67-22 (/127.0.0.1:49492)
21:20:56.959 [pool-1-thread-3] DEBUG com.mnc.udp.UDPServer - UDP-Server: Message-32-22
21:20:56.959 [pool-1-thread-1] DEBUG com.mnc.udp.UDPServer - UDP-Server: Message-52-97 -> Message-52-97 (/127.0.0.1:49477)
21:20:56.959 [pool-1-thread-2] DEBUG com.mnc.udp.UDPServer - UDP-Server: Message-5-97
21:20:56.959 [pool-1-thread-4] DEBUG com.mnc.udp.UDPServer - UDP-Server: Message-9-97 -> Message-9-97 (/127.0.0.1:49434)
21:20:56.959 [pool-1-thread-5] DEBUG com.mnc.udp.UDPServer - UDP-Server: Message-65-23
21:20:56.959 [pool-1-thread-3] DEBUG com.mnc.udp.UDPServer - UDP-Server: Message-32-22 -> Message-32-22 (/127.0.0.1:49457)
21:20:56.959 [pool-1-thread-1] DEBUG com.mnc.udp.UDPServer - UDP-Server: Message-2-97
21:20:56.959 [pool-1-thread-2] DEBUG com.mnc.udp.UDPServer - UDP-Server: Message-5-97 -> Message-5-97 (/127.0.0.1:49430)
21:20:56.959 [pool-1-thread-4] DEBUG com.mnc.udp.UDPServer - UDP-Server: Message-94-49
21:20:56.959 [pool-1-thread-2] DEBUG com.mnc.udp.UDPServer - UDP-Server: Message-8-99
21:20:56.959 [pool-1-thread-5] DEBUG com.mnc.udp.UDPServer - UDP-Server: Message-65-23 -> Message-65-23 (/127.0.0.1:49490)
21:20:56.959 [pool-1-thread-3] DEBUG com.mnc.udp.UDPServer - UDP-Server: Message-74-98
21:20:56.959 [pool-1-thread-1] DEBUG com.mnc.udp.UDPServer - UDP-Server: Message-2-97 -> Message-2-97 (/127.0.0.1:49427)
21:20:56.959 [pool-1-thread-4] DEBUG com.mnc.udp.UDPServer - UDP-Server: Message-94-49 -> Message-94-49 (/127.0.0.1:49519)
21:20:56.959 [pool-1-thread-2] DEBUG com.mnc.udp.UDPServer - UDP-Server: Message-8-99 -> Message-8-99 (/127.0.0.1:49433)
21:20:56.959 [pool-1-thread-5] DEBUG com.mnc.udp.UDPServer - UDP-Server: Message-51-98
21:20:56.959 [pool-1-thread-3] DEBUG com.mnc.udp.UDPServer - UDP-Server: Message-74-98 -> Message-74-98 (/127.0.0.1:49499)
21:20:56.959 [pool-1-thread-1] DEBUG com.mnc.udp.UDPServer - UDP-Server: Message-0-97
21:20:56.959 [pool-1-thread-4] DEBUG com.mnc.udp.UDPServer - UDP-Server: Message-26-36
21:20:56.959 [pool-1-thread-2] DEBUG com.mnc.udp.UDPServer - UDP-Server: Message-1-98
21:20:56.959 [pool-1-thread-5] DEBUG com.mnc.udp.UDPServer - UDP-Server: Message-51-98 -> Message-51-98 (/127.0.0.1:49476)
21:20:56.959 [pool-1-thread-3] DEBUG com.mnc.udp.UDPServer - UDP-Server: Message-69-98
21:20:56.959 [pool-1-thread-1] DEBUG com.mnc.udp.UDPServer - UDP-Server: Message-0-97 -> Message-0-97 (/127.0.0.1:49425)
21:20:56.959 [pool-1-thread-4] DEBUG com.mnc.udp.UDPServer - UDP-Server: Message-26-36 -> Message-26-36 (/127.0.0.1:49451)
21:20:56.959 [pool-1-thread-2] DEBUG com.mnc.udp.UDPServer - UDP-Server: Message-1-98 -> Message-1-98 (/127.0.0.1:49426)
21:20:56.960 [pool-1-thread-5] DEBUG com.mnc.udp.UDPServer - UDP-Server: Message-3-98
21:20:56.960 [pool-1-thread-2] DEBUG com.mnc.udp.UDPServer - UDP-Server: Message-4-98
21:20:56.960 [pool-1-thread-3] DEBUG com.mnc.udp.UDPServer - UDP-Server: Message-69-98 -> Message-69-98 (/127.0.0.1:49494)
21:20:56.960 [pool-1-thread-1] DEBUG com.mnc.udp.UDPServer - UDP-Server: Message-10-98
21:20:56.960 [pool-1-thread-4] DEBUG com.mnc.udp.UDPServer - UDP-Server: Message-45-11
21:20:56.960 [pool-1-thread-5] DEBUG com.mnc.udp.UDPServer - UDP-Server: Message-3-98 -> Message-3-98 (/127.0.0.1:49428)
21:20:56.960 [pool-1-thread-2] DEBUG com.mnc.udp.UDPServer - UDP-Server: Message-4-98 -> Message-4-98 (/127.0.0.1:49429)
21:20:56.960 [pool-1-thread-3] DEBUG com.mnc.udp.UDPServer - UDP-Server: Message-50-98
21:20:56.960 [pool-1-thread-2] DEBUG com.mnc.udp.UDPServer - UDP-Server: Message-6-99
21:20:56.960 [pool-1-thread-1] DEBUG com.mnc.udp.UDPServer - UDP-Server: Message-10-98 -> Message-10-98 (/127.0.0.1:49435)
21:20:56.960 [pool-1-thread-4] DEBUG com.mnc.udp.UDPServer - UDP-Server: Message-45-11 -> Message-45-11 (/127.0.0.1:49470)
21:20:56.960 [pool-1-thread-5] DEBUG com.mnc.udp.UDPServer - UDP-Server: Message-72-98
21:20:56.960 [pool-1-thread-3] DEBUG com.mnc.udp.UDPServer - UDP-Server: Message-50-98 -> Message-50-98 (/127.0.0.1:49475)
21:20:56.960 [pool-1-thread-2] DEBUG com.mnc.udp.UDPServer - UDP-Server: Message-6-99 -> Message-6-99 (/127.0.0.1:49431)
21:20:56.960 [pool-1-thread-1] DEBUG com.mnc.udp.UDPServer - UDP-Server: Message-67-23
21:20:56.960 [pool-1-thread-4] DEBUG com.mnc.udp.UDPServer - UDP-Server: Message-52-98
21:20:56.960 [pool-1-thread-5] DEBUG com.mnc.udp.UDPServer - UDP-Server: Message-72-98 -> Message-72-98 (/127.0.0.1:49497)
21:20:56.960 [pool-1-thread-3] DEBUG com.mnc.udp.UDPServer - UDP-Server: Message-9-98
21:20:56.960 [pool-1-thread-5] DEBUG com.mnc.udp.UDPServer - UDP-Server: Message-5-98
21:20:56.960 [pool-1-thread-3] DEBUG com.mnc.udp.UDPServer - UDP-Server: Message-9-98 -> Message-9-98 (/127.0.0.1:49434)
21:20:56.960 [pool-1-thread-2] DEBUG com.mnc.udp.UDPServer - UDP-Server: Message-32-23
21:20:56.960 [pool-1-thread-1] DEBUG com.mnc.udp.UDPServer - UDP-Server: Message-67-23 -> Message-67-23 (/127.0.0.1:49492)
21:20:56.960 [pool-1-thread-4] DEBUG com.mnc.udp.UDPServer - UDP-Server: Message-52-98 -> Message-52-98 (/127.0.0.1:49477)
21:20:56.960 [pool-1-thread-5] DEBUG com.mnc.udp.UDPServer - UDP-Server: Message-5-98 -> Message-5-98 (/127.0.0.1:49430)
21:20:56.960 [pool-1-thread-3] DEBUG com.mnc.udp.UDPServer - UDP-Server: Message-65-24
21:20:56.961 [pool-1-thread-2] DEBUG com.mnc.udp.UDPServer - UDP-Server: Message-32-23 -> Message-32-23 (/127.0.0.1:49457)
21:20:56.961 [pool-1-thread-1] DEBUG com.mnc.udp.UDPServer - UDP-Server: Message-2-98
21:20:56.961 [pool-1-thread-4] DEBUG com.mnc.udp.UDPServer - UDP-Server: Message-94-81
21:20:56.961 [pool-1-thread-3] DEBUG com.mnc.udp.UDPServer - UDP-Server: Message-65-24 -> Message-65-24 (/127.0.0.1:49490)
21:20:56.961 [pool-1-thread-5] DEBUG com.mnc.udp.UDPServer - UDP-Server: Message-8-94
21:20:56.961 [pool-1-thread-2] DEBUG com.mnc.udp.UDPServer - UDP-Server: Message-74-99
21:20:56.961 [pool-1-thread-5] DEBUG com.mnc.udp.UDPServer - UDP-Server: Message-8-94 -> Message-8-94 (/127.0.0.1:49433)
21:20:56.961 [pool-1-thread-2] DEBUG com.mnc.udp.UDPServer - UDP-Server: Message-74-99 -> Message-74-99 (/127.0.0.1:49499)
21:20:56.961 [pool-1-thread-1] DEBUG com.mnc.udp.UDPServer - UDP-Server: Message-2-98 -> Message-2-98 (/127.0.0.1:49427)
21:20:56.961 [pool-1-thread-2] DEBUG com.mnc.udp.UDPServer - UDP-Server: Message-26-93
21:20:56.961 [pool-1-thread-1] DEBUG com.mnc.udp.UDPServer - UDP-Server: Message-1-99
21:20:56.961 [pool-1-thread-4] DEBUG com.mnc.udp.UDPServer - UDP-Server: Message-94-81 -> Message-94-81 (/127.0.0.1:49519)
21:20:56.961 [pool-1-thread-3] DEBUG com.mnc.udp.UDPServer - UDP-Server: Message-51-99
21:20:56.961 [pool-1-thread-5] DEBUG com.mnc.udp.UDPServer - UDP-Server: Message-0-98
21:20:56.961 [pool-1-thread-2] DEBUG com.mnc.udp.UDPServer - UDP-Server: Message-26-93 -> Message-26-93 (/127.0.0.1:49451)
21:20:56.961 [pool-1-thread-1] DEBUG com.mnc.udp.UDPServer - UDP-Server: Message-1-99 -> Message-1-99 (/127.0.0.1:49426)
21:20:56.961 [pool-1-thread-2] DEBUG com.mnc.udp.UDPServer - UDP-Server: Message-3-99
21:20:56.961 [pool-1-thread-4] DEBUG com.mnc.udp.UDPServer - UDP-Server: Message-69-99
21:20:56.961 [pool-1-thread-3] DEBUG com.mnc.udp.UDPServer - UDP-Server: Message-51-99 -> Message-51-99 (/127.0.0.1:49476)
21:20:56.961 [pool-1-thread-5] DEBUG com.mnc.udp.UDPServer - UDP-Server: Message-0-98 -> Message-0-98 (/127.0.0.1:49425)
21:20:56.961 [pool-1-thread-1] DEBUG com.mnc.udp.UDPServer - UDP-Server: Message-4-99
21:20:56.961 [pool-1-thread-2] DEBUG com.mnc.udp.UDPServer - UDP-Server: Message-3-99 -> Message-3-99 (/127.0.0.1:49428)
21:20:56.961 [pool-1-thread-4] DEBUG com.mnc.udp.UDPServer - UDP-Server: Message-69-99 -> Message-69-99 (/127.0.0.1:49494)
21:20:56.961 [pool-1-thread-2] DEBUG com.mnc.udp.UDPServer - UDP-Server: Message-50-99
21:20:56.961 [pool-1-thread-3] DEBUG com.mnc.udp.UDPServer - UDP-Server: Message-10-99
21:20:56.961 [pool-1-thread-5] DEBUG com.mnc.udp.UDPServer - UDP-Server: Message-45-49
21:20:56.961 [pool-1-thread-1] DEBUG com.mnc.udp.UDPServer - UDP-Server: Message-4-99 -> Message-4-99 (/127.0.0.1:49429)
21:20:56.961 [pool-1-thread-4] DEBUG com.mnc.udp.UDPServer - UDP-Server: Message-6-94
21:20:56.961 [pool-1-thread-2] DEBUG com.mnc.udp.UDPServer - UDP-Server: Message-50-99 -> Message-50-99 (/127.0.0.1:49475)
21:20:56.961 [pool-1-thread-3] DEBUG com.mnc.udp.UDPServer - UDP-Server: Message-10-99 -> Message-10-99 (/127.0.0.1:49435)
21:20:56.962 [pool-1-thread-2] DEBUG com.mnc.udp.UDPServer - UDP-Server: Message-9-99
21:20:56.961 [pool-1-thread-5] DEBUG com.mnc.udp.UDPServer - UDP-Server: Message-45-49 -> Message-45-49 (/127.0.0.1:49470)
21:20:56.962 [pool-1-thread-4] DEBUG com.mnc.udp.UDPServer - UDP-Server: Message-6-94 -> Message-6-94 (/127.0.0.1:49431)
21:20:56.962 [pool-1-thread-5] DEBUG com.mnc.udp.UDPServer - UDP-Server: Message-52-99
21:20:56.962 [pool-1-thread-1] DEBUG com.mnc.udp.UDPServer - UDP-Server: Message-72-99
21:20:56.962 [pool-1-thread-4] DEBUG com.mnc.udp.UDPServer - UDP-Server: Message-5-99
21:20:56.962 [pool-1-thread-3] DEBUG com.mnc.udp.UDPServer - UDP-Server: Message-67-24
21:20:56.962 [pool-1-thread-2] DEBUG com.mnc.udp.UDPServer - UDP-Server: Message-9-99 -> Message-9-99 (/127.0.0.1:49434)
21:20:56.962 [pool-1-thread-5] DEBUG com.mnc.udp.UDPServer - UDP-Server: Message-52-99 -> Message-52-99 (/127.0.0.1:49477)
21:20:56.962 [pool-1-thread-1] DEBUG com.mnc.udp.UDPServer - UDP-Server: Message-72-99 -> Message-72-99 (/127.0.0.1:49497)
21:20:56.962 [pool-1-thread-5] DEBUG com.mnc.udp.UDPServer - UDP-Server: Message-65-19
21:20:56.962 [pool-1-thread-4] DEBUG com.mnc.udp.UDPServer - UDP-Server: Message-5-99 -> Message-5-99 (/127.0.0.1:49430)
21:20:56.962 [pool-1-thread-3] DEBUG com.mnc.udp.UDPServer - UDP-Server: Message-67-24 -> Message-67-24 (/127.0.0.1:49492)
21:20:56.962 [pool-1-thread-4] DEBUG com.mnc.udp.UDPServer - UDP-Server: Message-74-94
21:20:56.962 [pool-1-thread-2] DEBUG com.mnc.udp.UDPServer - UDP-Server: Message-32-24
21:20:56.962 [pool-1-thread-5] DEBUG com.mnc.udp.UDPServer - UDP-Server: Message-65-19 -> Message-65-19 (/127.0.0.1:49490)
21:20:56.962 [pool-1-thread-1] DEBUG com.mnc.udp.UDPServer - UDP-Server: Message-8-95
21:20:56.962 [pool-1-thread-3] DEBUG com.mnc.udp.UDPServer - UDP-Server: Message-2-99
21:20:56.962 [pool-1-thread-4] DEBUG com.mnc.udp.UDPServer - UDP-Server: Message-74-94 -> Message-74-94 (/127.0.0.1:49499)
21:20:56.962 [pool-1-thread-2] DEBUG com.mnc.udp.UDPServer - UDP-Server: Message-32-24 -> Message-32-24 (/127.0.0.1:49457)
21:20:56.962 [pool-1-thread-5] DEBUG com.mnc.udp.UDPServer - UDP-Server: Message-94-46
21:20:56.962 [pool-1-thread-1] DEBUG com.mnc.udp.UDPServer - UDP-Server: Message-8-95 -> Message-8-95 (/127.0.0.1:49433)
21:20:56.962 [pool-1-thread-3] DEBUG com.mnc.udp.UDPServer - UDP-Server: Message-2-99 -> Message-2-99 (/127.0.0.1:49427)
21:20:56.962 [pool-1-thread-4] DEBUG com.mnc.udp.UDPServer - UDP-Server: Message-26-20
21:20:56.963 [pool-1-thread-2] DEBUG com.mnc.udp.UDPServer - UDP-Server: Message-1-94
21:20:56.963 [pool-1-thread-5] DEBUG com.mnc.udp.UDPServer - UDP-Server: Message-94-46 -> Message-94-46 (/127.0.0.1:49519)
21:20:56.963 [pool-1-thread-1] DEBUG com.mnc.udp.UDPServer - UDP-Server: Message-51-94
21:20:56.963 [pool-1-thread-3] DEBUG com.mnc.udp.UDPServer - UDP-Server: Message-0-99
21:20:56.963 [pool-1-thread-4] DEBUG com.mnc.udp.UDPServer - UDP-Server: Message-26-20 -> Message-26-20 (/127.0.0.1:49451)
21:20:56.963 [pool-1-thread-2] DEBUG com.mnc.udp.UDPServer - UDP-Server: Message-1-94 -> Message-1-94 (/127.0.0.1:49426)
21:20:56.963 [pool-1-thread-5] DEBUG com.mnc.udp.UDPServer - UDP-Server: Message-3-94
21:20:56.963 [pool-1-thread-2] DEBUG com.mnc.udp.UDPServer - UDP-Server: Message-4-94
21:20:56.963 [pool-1-thread-1] DEBUG com.mnc.udp.UDPServer - UDP-Server: Message-51-94 -> Message-51-94 (/127.0.0.1:49476)
21:20:56.963 [pool-1-thread-3] DEBUG com.mnc.udp.UDPServer - UDP-Server: Message-0-99 -> Message-0-99 (/127.0.0.1:49425)
21:20:56.963 [pool-1-thread-1] DEBUG com.mnc.udp.UDPServer - UDP-Server: Message-50-94
21:20:56.963 [pool-1-thread-3] DEBUG com.mnc.udp.UDPServer - UDP-Server: Message-10-94
21:20:56.963 [pool-1-thread-4] DEBUG com.mnc.udp.UDPServer - UDP-Server: Message-69-94
21:20:56.963 [pool-1-thread-5] DEBUG com.mnc.udp.UDPServer - UDP-Server: Message-3-94 -> Message-3-94 (/127.0.0.1:49428)
21:20:56.963 [pool-1-thread-2] DEBUG com.mnc.udp.UDPServer - UDP-Server: Message-4-94 -> Message-4-94 (/127.0.0.1:49429)
21:20:56.963 [pool-1-thread-5] DEBUG com.mnc.udp.UDPServer - UDP-Server: Message-45-9
21:20:56.963 [pool-1-thread-1] DEBUG com.mnc.udp.UDPServer - UDP-Server: Message-50-94 -> Message-50-94 (/127.0.0.1:49475)
21:20:56.963 [pool-1-thread-3] DEBUG com.mnc.udp.UDPServer - UDP-Server: Message-10-94 -> Message-10-94 (/127.0.0.1:49435)
21:20:56.963 [pool-1-thread-1] DEBUG com.mnc.udp.UDPServer - UDP-Server: Message-9-94
21:20:56.963 [pool-1-thread-3] DEBUG com.mnc.udp.UDPServer - UDP-Server: Message-52-94
21:20:56.963 [pool-1-thread-4] DEBUG com.mnc.udp.UDPServer - UDP-Server: Message-69-94 -> Message-69-94 (/127.0.0.1:49494)
21:20:56.963 [pool-1-thread-2] DEBUG com.mnc.udp.UDPServer - UDP-Server: Message-6-95
21:20:56.963 [pool-1-thread-4] DEBUG com.mnc.udp.UDPServer - UDP-Server: Message-72-94
21:20:56.963 [pool-1-thread-2] DEBUG com.mnc.udp.UDPServer - UDP-Server: Message-6-95 -> Message-6-95 (/127.0.0.1:49431)
21:20:56.963 [pool-1-thread-4] DEBUG com.mnc.udp.UDPServer - UDP-Server: Message-72-94 -> Message-72-94 (/127.0.0.1:49497)
21:20:56.963 [pool-1-thread-5] DEBUG com.mnc.udp.UDPServer - UDP-Server: Message-45-9 -> Message-45-9 (/127.0.0.1:49470)
21:20:56.963 [pool-1-thread-4] DEBUG com.mnc.udp.UDPServer - UDP-Server: Message-67-19
21:20:56.963 [pool-1-thread-1] DEBUG com.mnc.udp.UDPServer - UDP-Server: Message-9-94 -> Message-9-94 (/127.0.0.1:49434)
21:20:56.963 [pool-1-thread-5] DEBUG com.mnc.udp.UDPServer - UDP-Server: Message-65-20
21:20:56.963 [pool-1-thread-3] DEBUG com.mnc.udp.UDPServer - UDP-Server: Message-52-94 -> Message-52-94 (/127.0.0.1:49477)
21:20:56.963 [pool-1-thread-2] DEBUG com.mnc.udp.UDPServer - UDP-Server: Message-5-94
21:20:56.963 [pool-1-thread-4] DEBUG com.mnc.udp.UDPServer - UDP-Server: Message-67-19 -> Message-67-19 (/127.0.0.1:49492)
21:20:56.963 [pool-1-thread-1] DEBUG com.mnc.udp.UDPServer - UDP-Server: Message-74-95
21:20:56.964 [pool-1-thread-3] DEBUG com.mnc.udp.UDPServer - UDP-Server: Message-32-19
21:20:56.964 [pool-1-thread-1] DEBUG com.mnc.udp.UDPServer - UDP-Server: Message-74-95 -> Message-74-95 (/127.0.0.1:49499)
21:20:56.963 [pool-1-thread-5] DEBUG com.mnc.udp.UDPServer - UDP-Server: Message-65-20 -> Message-65-20 (/127.0.0.1:49490)
21:20:56.964 [pool-1-thread-2] DEBUG com.mnc.udp.UDPServer - UDP-Server: Message-5-94 -> Message-5-94 (/127.0.0.1:49430)
21:20:56.964 [pool-1-thread-4] DEBUG com.mnc.udp.UDPServer - UDP-Server: Message-8-93
21:20:56.964 [pool-1-thread-3] DEBUG com.mnc.udp.UDPServer - UDP-Server: Message-32-19 -> Message-32-19 (/127.0.0.1:49457)
21:20:56.964 [pool-1-thread-1] DEBUG com.mnc.udp.UDPServer - UDP-Server: Message-2-94
21:20:56.964 [pool-1-thread-3] DEBUG com.mnc.udp.UDPServer - UDP-Server: Message-1-95
21:20:56.964 [pool-1-thread-1] DEBUG com.mnc.udp.UDPServer - UDP-Server: Message-2-94 -> Message-2-94 (/127.0.0.1:49427)
21:20:56.964 [pool-1-thread-5] DEBUG com.mnc.udp.UDPServer - UDP-Server: Message-94-47
21:20:56.964 [pool-1-thread-2] DEBUG com.mnc.udp.UDPServer - UDP-Server: Message-26-46
21:20:56.964 [pool-1-thread-4] DEBUG com.mnc.udp.UDPServer - UDP-Server: Message-8-93 -> Message-8-93 (/127.0.0.1:49433)
21:20:56.964 [pool-1-thread-3] DEBUG com.mnc.udp.UDPServer - UDP-Server: Message-1-95 -> Message-1-95 (/127.0.0.1:49426)
21:20:56.964 [pool-1-thread-1] DEBUG com.mnc.udp.UDPServer - UDP-Server: Message-51-95
21:20:56.964 [pool-1-thread-5] DEBUG com.mnc.udp.UDPServer - UDP-Server: Message-94-47 -> Message-94-47 (/127.0.0.1:49519)
21:20:56.964 [pool-1-thread-2] DEBUG com.mnc.udp.UDPServer - UDP-Server: Message-26-46 -> Message-26-46 (/127.0.0.1:49451)
21:20:56.964 [pool-1-thread-4] DEBUG com.mnc.udp.UDPServer - UDP-Server: Message-0-94
21:20:56.964 [pool-1-thread-2] DEBUG com.mnc.udp.UDPServer - UDP-Server: Message-50-95
21:20:56.964 [pool-1-thread-4] DEBUG com.mnc.udp.UDPServer - UDP-Server: Message-0-94 -> Message-0-94 (/127.0.0.1:49425)
21:20:56.964 [pool-1-thread-2] DEBUG com.mnc.udp.UDPServer - UDP-Server: Message-50-95 -> Message-50-95 (/127.0.0.1:49475)
21:20:56.964 [pool-1-thread-3] DEBUG com.mnc.udp.UDPServer - UDP-Server: Message-3-95
21:20:56.964 [pool-1-thread-1] DEBUG com.mnc.udp.UDPServer - UDP-Server: Message-51-95 -> Message-51-95 (/127.0.0.1:49476)
21:20:56.964 [pool-1-thread-5] DEBUG com.mnc.udp.UDPServer - UDP-Server: Message-4-95
21:20:56.964 [pool-1-thread-4] DEBUG com.mnc.udp.UDPServer - UDP-Server: Message-10-95
21:20:56.964 [pool-1-thread-2] DEBUG com.mnc.udp.UDPServer - UDP-Server: Message-69-95
21:20:56.964 [pool-1-thread-4] DEBUG com.mnc.udp.UDPServer - UDP-Server: Message-10-95 -> Message-10-95 (/127.0.0.1:49435)
21:20:56.964 [pool-1-thread-2] DEBUG com.mnc.udp.UDPServer - UDP-Server: Message-69-95 -> Message-69-95 (/127.0.0.1:49494)
21:20:56.964 [pool-1-thread-3] DEBUG com.mnc.udp.UDPServer - UDP-Server: Message-3-95 -> Message-3-95 (/127.0.0.1:49428)
21:20:56.964 [pool-1-thread-1] DEBUG com.mnc.udp.UDPServer - UDP-Server: Message-6-93
21:20:56.964 [pool-1-thread-5] DEBUG com.mnc.udp.UDPServer - UDP-Server: Message-4-95 -> Message-4-95 (/127.0.0.1:49429)
21:20:56.964 [pool-1-thread-4] DEBUG com.mnc.udp.UDPServer - UDP-Server: Message-72-95
21:20:56.964 [pool-1-thread-2] DEBUG com.mnc.udp.UDPServer - UDP-Server: Message-45-46
21:20:56.965 [pool-1-thread-3] DEBUG com.mnc.udp.UDPServer - UDP-Server: Message-9-95
21:20:56.965 [pool-1-thread-1] DEBUG com.mnc.udp.UDPServer - UDP-Server: Message-6-93 -> Message-6-93 (/127.0.0.1:49431)
21:20:56.965 [pool-1-thread-5] DEBUG com.mnc.udp.UDPServer - UDP-Server: Message-52-95
21:20:56.965 [pool-1-thread-1] DEBUG com.mnc.udp.UDPServer - UDP-Server: Message-67-20
21:20:56.965 [pool-1-thread-4] DEBUG com.mnc.udp.UDPServer - UDP-Server: Message-72-95 -> Message-72-95 (/127.0.0.1:49497)
21:20:56.965 [pool-1-thread-2] DEBUG com.mnc.udp.UDPServer - UDP-Server: Message-45-46 -> Message-45-46 (/127.0.0.1:49470)
21:20:56.965 [pool-1-thread-3] DEBUG com.mnc.udp.UDPServer - UDP-Server: Message-9-95 -> Message-9-95 (/127.0.0.1:49434)
21:20:56.965 [pool-1-thread-5] DEBUG com.mnc.udp.UDPServer - UDP-Server: Message-52-95 -> Message-52-95 (/127.0.0.1:49477)
21:20:56.965 [pool-1-thread-3] DEBUG com.mnc.udp.UDPServer - UDP-Server: Message-5-95
21:20:56.965 [pool-1-thread-1] DEBUG com.mnc.udp.UDPServer - UDP-Server: Message-67-20 -> Message-67-20 (/127.0.0.1:49492)
21:20:56.965 [pool-1-thread-4] DEBUG com.mnc.udp.UDPServer - UDP-Server: Message-74-93
21:20:56.965 [pool-1-thread-2] DEBUG com.mnc.udp.UDPServer - UDP-Server: Message-65-18
21:20:56.965 [pool-1-thread-5] DEBUG com.mnc.udp.UDPServer - UDP-Server: Message-32-20
21:20:56.965 [pool-1-thread-3] DEBUG com.mnc.udp.UDPServer - UDP-Server: Message-5-95 -> Message-5-95 (/127.0.0.1:49430)
21:20:56.965 [pool-1-thread-1] DEBUG com.mnc.udp.UDPServer - UDP-Server: Message-2-95
21:20:56.965 [pool-1-thread-4] DEBUG com.mnc.udp.UDPServer - UDP-Server: Message-74-93 -> Message-74-93 (/127.0.0.1:49499)
21:20:56.965 [pool-1-thread-2] DEBUG com.mnc.udp.UDPServer - UDP-Server: Message-65-18 -> Message-65-18 (/127.0.0.1:49490)
21:20:56.965 [pool-1-thread-4] DEBUG com.mnc.udp.UDPServer - UDP-Server: Message-1-93
21:20:56.965 [pool-1-thread-5] DEBUG com.mnc.udp.UDPServer - UDP-Server: Message-32-20 -> Message-32-20 (/127.0.0.1:49457)
21:20:56.965 [pool-1-thread-3] DEBUG com.mnc.udp.UDPServer - UDP-Server: Message-8-82
21:20:56.965 [pool-1-thread-1] DEBUG com.mnc.udp.UDPServer - UDP-Server: Message-2-95 -> Message-2-95 (/127.0.0.1:49427)
21:20:56.965 [pool-1-thread-4] DEBUG com.mnc.udp.UDPServer - UDP-Server: Message-1-93 -> Message-1-93 (/127.0.0.1:49426)
21:20:56.966 [pool-1-thread-5] DEBUG com.mnc.udp.UDPServer - UDP-Server: Message-26-18
21:20:56.965 [pool-1-thread-2] DEBUG com.mnc.udp.UDPServer - UDP-Server: Message-94-85
21:20:56.966 [pool-1-thread-3] DEBUG com.mnc.udp.UDPServer - UDP-Server: Message-8-82 -> Message-8-82 (/127.0.0.1:49433)
21:20:56.966 [pool-1-thread-1] DEBUG com.mnc.udp.UDPServer - UDP-Server: Message-0-95
21:20:56.966 [pool-1-thread-3] DEBUG com.mnc.udp.UDPServer - UDP-Server: Message-51-93
21:20:56.966 [pool-1-thread-1] DEBUG com.mnc.udp.UDPServer - UDP-Server: Message-0-95 -> Message-0-95 (/127.0.0.1:49425)
21:20:56.966 [pool-1-thread-4] DEBUG com.mnc.udp.UDPServer - UDP-Server: Message-50-93
21:20:56.966 [pool-1-thread-5] DEBUG com.mnc.udp.UDPServer - UDP-Server: Message-26-18 -> Message-26-18 (/127.0.0.1:49451)
21:20:56.966 [pool-1-thread-2] DEBUG com.mnc.udp.UDPServer - UDP-Server: Message-94-85 -> Message-94-85 (/127.0.0.1:49519)
21:20:56.966 [pool-1-thread-1] DEBUG com.mnc.udp.UDPServer - UDP-Server: Message-10-93
21:20:56.966 [pool-1-thread-2] DEBUG com.mnc.udp.UDPServer - UDP-Server: Message-3-93
21:20:56.966 [pool-1-thread-3] DEBUG com.mnc.udp.UDPServer - UDP-Server: Message-51-93 -> Message-51-93 (/127.0.0.1:49476)
21:20:56.966 [pool-1-thread-4] DEBUG com.mnc.udp.UDPServer - UDP-Server: Message-50-93 -> Message-50-93 (/127.0.0.1:49475)
21:20:56.966 [pool-1-thread-5] DEBUG com.mnc.udp.UDPServer - UDP-Server: Message-69-93
21:20:56.966 [pool-1-thread-4] DEBUG com.mnc.udp.UDPServer - UDP-Server: Message-6-82
21:20:56.966 [pool-1-thread-1] DEBUG com.mnc.udp.UDPServer - UDP-Server: Message-10-93 -> Message-10-93 (/127.0.0.1:49435)
21:20:56.966 [pool-1-thread-2] DEBUG com.mnc.udp.UDPServer - UDP-Server: Message-3-93 -> Message-3-93 (/127.0.0.1:49428)
21:20:56.966 [pool-1-thread-3] DEBUG com.mnc.udp.UDPServer - UDP-Server: Message-4-93
21:20:56.966 [pool-1-thread-2] DEBUG com.mnc.udp.UDPServer - UDP-Server: Message-45-3
21:20:56.966 [pool-1-thread-2] DEBUG com.mnc.udp.UDPServer - UDP-Server: Message-45-3 -> Message-45-3 (/127.0.0.1:49470)
21:20:56.966 [pool-1-thread-5] DEBUG com.mnc.udp.UDPServer - UDP-Server: Message-69-93 -> Message-69-93 (/127.0.0.1:49494)
21:20:56.966 [pool-1-thread-4] DEBUG com.mnc.udp.UDPServer - UDP-Server: Message-6-82 -> Message-6-82 (/127.0.0.1:49431)
21:20:56.966 [pool-1-thread-1] DEBUG com.mnc.udp.UDPServer - UDP-Server: Message-72-93
21:20:56.966 [pool-1-thread-4] DEBUG com.mnc.udp.UDPServer - UDP-Server: Message-67-18
21:20:56.966 [pool-1-thread-1] DEBUG com.mnc.udp.UDPServer - UDP-Server: Message-72-93 -> Message-72-93 (/127.0.0.1:49497)
21:20:56.966 [pool-1-thread-3] DEBUG com.mnc.udp.UDPServer - UDP-Server: Message-4-93 -> Message-4-93 (/127.0.0.1:49429)
21:20:56.966 [pool-1-thread-1] DEBUG com.mnc.udp.UDPServer - UDP-Server: Message-5-93
21:20:56.966 [pool-1-thread-2] DEBUG com.mnc.udp.UDPServer - UDP-Server: Message-9-93
21:20:56.966 [pool-1-thread-5] DEBUG com.mnc.udp.UDPServer - UDP-Server: Message-52-93
21:20:56.967 [pool-1-thread-2] DEBUG com.mnc.udp.UDPServer - UDP-Server: Message-9-93 -> Message-9-93 (/127.0.0.1:49434)
21:20:56.966 [pool-1-thread-4] DEBUG com.mnc.udp.UDPServer - UDP-Server: Message-67-18 -> Message-67-18 (/127.0.0.1:49492)
21:20:56.967 [pool-1-thread-3] DEBUG com.mnc.udp.UDPServer - UDP-Server: Message-74-82
21:20:56.967 [pool-1-thread-1] DEBUG com.mnc.udp.UDPServer - UDP-Server: Message-5-93 -> Message-5-93 (/127.0.0.1:49430)
21:20:56.967 [pool-1-thread-3] DEBUG com.mnc.udp.UDPServer - UDP-Server: Message-74-82 -> Message-74-82 (/127.0.0.1:49499)
21:20:56.967 [pool-1-thread-5] DEBUG com.mnc.udp.UDPServer - UDP-Server: Message-52-93 -> Message-52-93 (/127.0.0.1:49477)
21:20:56.967 [pool-1-thread-2] DEBUG com.mnc.udp.UDPServer - UDP-Server: Message-65-7
21:20:56.967 [pool-1-thread-4] DEBUG com.mnc.udp.UDPServer - UDP-Server: Message-32-18
21:20:56.967 [pool-1-thread-1] DEBUG com.mnc.udp.UDPServer - UDP-Server: Message-2-93
21:20:56.967 [pool-1-thread-3] DEBUG com.mnc.udp.UDPServer - UDP-Server: Message-1-82
21:20:56.967 [pool-1-thread-5] DEBUG com.mnc.udp.UDPServer - UDP-Server: Message-8-83
21:20:56.967 [pool-1-thread-2] DEBUG com.mnc.udp.UDPServer - UDP-Server: Message-65-7 -> Message-65-7 (/127.0.0.1:49490)
21:20:56.967 [pool-1-thread-4] DEBUG com.mnc.udp.UDPServer - UDP-Server: Message-32-18 -> Message-32-18 (/127.0.0.1:49457)
21:20:56.967 [pool-1-thread-1] DEBUG com.mnc.udp.UDPServer - UDP-Server: Message-2-93 -> Message-2-93 (/127.0.0.1:49427)
21:20:56.967 [pool-1-thread-4] DEBUG com.mnc.udp.UDPServer - UDP-Server: Message-26-82
21:20:56.967 [pool-1-thread-3] DEBUG com.mnc.udp.UDPServer - UDP-Server: Message-1-82 -> Message-1-82 (/127.0.0.1:49426)
21:20:56.967 [pool-1-thread-5] DEBUG com.mnc.udp.UDPServer - UDP-Server: Message-8-83 -> Message-8-83 (/127.0.0.1:49433)
21:20:56.967 [pool-1-thread-2] DEBUG com.mnc.udp.UDPServer - UDP-Server: Message-0-93
21:20:56.967 [pool-1-thread-1] DEBUG com.mnc.udp.UDPServer - UDP-Server: Message-94-40
21:20:56.967 [pool-1-thread-4] DEBUG com.mnc.udp.UDPServer - UDP-Server: Message-26-82 -> Message-26-82 (/127.0.0.1:49451)
21:20:56.967 [pool-1-thread-3] DEBUG com.mnc.udp.UDPServer - UDP-Server: Message-51-82
21:20:56.967 [pool-1-thread-4] DEBUG com.mnc.udp.UDPServer - UDP-Server: Message-10-82
21:20:56.967 [pool-1-thread-3] DEBUG com.mnc.udp.UDPServer - UDP-Server: Message-51-82 -> Message-51-82 (/127.0.0.1:49476)
21:20:56.967 [pool-1-thread-4] DEBUG com.mnc.udp.UDPServer - UDP-Server: Message-10-82 -> Message-10-82 (/127.0.0.1:49435)
21:20:56.967 [pool-1-thread-5] DEBUG com.mnc.udp.UDPServer - UDP-Server: Message-50-82
21:20:56.967 [pool-1-thread-2] DEBUG com.mnc.udp.UDPServer - UDP-Server: Message-0-93 -> Message-0-93 (/127.0.0.1:49425)
21:20:56.967 [pool-1-thread-1] DEBUG com.mnc.udp.UDPServer - UDP-Server: Message-94-40 -> Message-94-40 (/127.0.0.1:49519)
21:20:56.967 [pool-1-thread-3] DEBUG com.mnc.udp.UDPServer - UDP-Server: Message-3-82
21:20:56.967 [pool-1-thread-4] DEBUG com.mnc.udp.UDPServer - UDP-Server: Message-45-47
21:20:56.967 [pool-1-thread-5] DEBUG com.mnc.udp.UDPServer - UDP-Server: Message-50-82 -> Message-50-82 (/127.0.0.1:49475)
21:20:56.968 [pool-1-thread-2] DEBUG com.mnc.udp.UDPServer - UDP-Server: Message-69-82
21:20:56.968 [pool-1-thread-3] DEBUG com.mnc.udp.UDPServer - UDP-Server: Message-3-82 -> Message-3-82 (/127.0.0.1:49428)
21:20:56.968 [pool-1-thread-1] DEBUG com.mnc.udp.UDPServer - UDP-Server: Message-6-83
21:20:56.968 [pool-1-thread-4] DEBUG com.mnc.udp.UDPServer - UDP-Server: Message-45-47 -> Message-45-47 (/127.0.0.1:49470)
21:20:56.968 [pool-1-thread-3] DEBUG com.mnc.udp.UDPServer - UDP-Server: Message-4-82
21:20:56.968 [pool-1-thread-5] DEBUG com.mnc.udp.UDPServer - UDP-Server: Message-72-82
21:20:56.968 [pool-1-thread-2] DEBUG com.mnc.udp.UDPServer - UDP-Server: Message-69-82 -> Message-69-82 (/127.0.0.1:49494)
21:20:56.968 [pool-1-thread-5] DEBUG com.mnc.udp.UDPServer - UDP-Server: Message-72-82 -> Message-72-82 (/127.0.0.1:49497)
21:20:56.968 [pool-1-thread-2] DEBUG com.mnc.udp.UDPServer - UDP-Server: Message-67-7
21:20:56.968 [pool-1-thread-1] DEBUG com.mnc.udp.UDPServer - UDP-Server: Message-6-83 -> Message-6-83 (/127.0.0.1:49431)
21:20:56.968 [pool-1-thread-4] DEBUG com.mnc.udp.UDPServer - UDP-Server: Message-9-82
21:20:56.968 [pool-1-thread-3] DEBUG com.mnc.udp.UDPServer - UDP-Server: Message-4-82 -> Message-4-82 (/127.0.0.1:49429)
21:20:56.968 [pool-1-thread-5] DEBUG com.mnc.udp.UDPServer - UDP-Server: Message-5-82
21:20:56.968 [pool-1-thread-2] DEBUG com.mnc.udp.UDPServer - UDP-Server: Message-67-7 -> Message-67-7 (/127.0.0.1:49492)
21:20:56.968 [pool-1-thread-5] DEBUG com.mnc.udp.UDPServer - UDP-Server: Message-5-82 -> Message-5-82 (/127.0.0.1:49430)
21:20:56.968 [pool-1-thread-1] DEBUG com.mnc.udp.UDPServer - UDP-Server: Message-74-83
21:20:56.968 [pool-1-thread-5] DEBUG com.mnc.udp.UDPServer - UDP-Server: Message-32-7
21:20:56.968 [pool-1-thread-4] DEBUG com.mnc.udp.UDPServer - UDP-Server: Message-9-82 -> Message-9-82 (/127.0.0.1:49434)
21:20:56.968 [pool-1-thread-3] DEBUG com.mnc.udp.UDPServer - UDP-Server: Message-52-82
21:20:56.968 [pool-1-thread-2] DEBUG com.mnc.udp.UDPServer - UDP-Server: Message-65-8
21:20:56.968 [pool-1-thread-1] DEBUG com.mnc.udp.UDPServer - UDP-Server: Message-74-83 -> Message-74-83 (/127.0.0.1:49499)
21:20:56.968 [pool-1-thread-5] DEBUG com.mnc.udp.UDPServer - UDP-Server: Message-32-7 -> Message-32-7 (/127.0.0.1:49457)
21:20:56.968 [pool-1-thread-1] DEBUG com.mnc.udp.UDPServer - UDP-Server: Message-1-83
21:20:56.968 [pool-1-thread-4] DEBUG com.mnc.udp.UDPServer - UDP-Server: Message-2-82
21:20:56.968 [pool-1-thread-1] DEBUG com.mnc.udp.UDPServer - UDP-Server: Message-1-83 -> Message-1-83 (/127.0.0.1:49426)
21:20:56.968 [pool-1-thread-4] DEBUG com.mnc.udp.UDPServer - UDP-Server: Message-2-82 -> Message-2-82 (/127.0.0.1:49427)
21:20:56.968 [pool-1-thread-3] DEBUG com.mnc.udp.UDPServer - UDP-Server: Message-52-82 -> Message-52-82 (/127.0.0.1:49477)
21:20:56.968 [pool-1-thread-4] DEBUG com.mnc.udp.UDPServer - UDP-Server: Message-51-83
21:20:56.968 [pool-1-thread-2] DEBUG com.mnc.udp.UDPServer - UDP-Server: Message-65-8 -> Message-65-8 (/127.0.0.1:49490)
21:20:56.968 [pool-1-thread-5] DEBUG com.mnc.udp.UDPServer - UDP-Server: Message-8-81
21:20:56.968 [pool-1-thread-1] DEBUG com.mnc.udp.UDPServer - UDP-Server: Message-26-34
21:20:56.969 [pool-1-thread-3] DEBUG com.mnc.udp.UDPServer - UDP-Server: Message-10-83
21:20:56.969 [pool-1-thread-2] DEBUG com.mnc.udp.UDPServer - UDP-Server: Message-0-82
21:20:56.969 [pool-1-thread-3] DEBUG com.mnc.udp.UDPServer - UDP-Server: Message-10-83 -> Message-10-83 (/127.0.0.1:49435)
21:20:56.969 [pool-1-thread-4] DEBUG com.mnc.udp.UDPServer - UDP-Server: Message-51-83 -> Message-51-83 (/127.0.0.1:49476)
21:20:56.969 [pool-1-thread-5] DEBUG com.mnc.udp.UDPServer - UDP-Server: Message-8-81 -> Message-8-81 (/127.0.0.1:49433)
21:20:56.969 [pool-1-thread-1] DEBUG com.mnc.udp.UDPServer - UDP-Server: Message-26-34 -> Message-26-34 (/127.0.0.1:49451)
21:20:56.969 [pool-1-thread-2] DEBUG com.mnc.udp.UDPServer - UDP-Server: Message-0-82 -> Message-0-82 (/127.0.0.1:49425)
21:20:56.969 [pool-1-thread-1] DEBUG com.mnc.udp.UDPServer - UDP-Server: Message-45-4
21:20:56.969 [pool-1-thread-3] DEBUG com.mnc.udp.UDPServer - UDP-Server: Message-94-41
21:20:56.969 [pool-1-thread-4] DEBUG com.mnc.udp.UDPServer - UDP-Server: Message-50-83
21:20:56.969 [pool-1-thread-5] DEBUG com.mnc.udp.UDPServer - UDP-Server: Message-3-83
21:20:56.969 [pool-1-thread-1] DEBUG com.mnc.udp.UDPServer - UDP-Server: Message-45-4 -> Message-45-4 (/127.0.0.1:49470)
21:20:56.969 [pool-1-thread-2] DEBUG com.mnc.udp.UDPServer - UDP-Server: Message-69-83
21:20:56.969 [pool-1-thread-1] DEBUG com.mnc.udp.UDPServer - UDP-Server: Message-72-83
21:20:56.969 [pool-1-thread-2] DEBUG com.mnc.udp.UDPServer - UDP-Server: Message-69-83 -> Message-69-83 (/127.0.0.1:49494)
21:20:56.969 [pool-1-thread-3] DEBUG com.mnc.udp.UDPServer - UDP-Server: Message-94-41 -> Message-94-41 (/127.0.0.1:49519)
21:20:56.969 [pool-1-thread-4] DEBUG com.mnc.udp.UDPServer - UDP-Server: Message-50-83 -> Message-50-83 (/127.0.0.1:49475)
21:20:56.969 [pool-1-thread-3] DEBUG com.mnc.udp.UDPServer - UDP-Server: Message-4-83
21:20:56.969 [pool-1-thread-5] DEBUG com.mnc.udp.UDPServer - UDP-Server: Message-3-83 -> Message-3-83 (/127.0.0.1:49428)
21:20:56.969 [pool-1-thread-3] DEBUG com.mnc.udp.UDPServer - UDP-Server: Message-4-83 -> Message-4-83 (/127.0.0.1:49429)
21:20:56.969 [pool-1-thread-1] DEBUG com.mnc.udp.UDPServer - UDP-Server: Message-72-83 -> Message-72-83 (/127.0.0.1:49497)
21:20:56.969 [pool-1-thread-2] DEBUG com.mnc.udp.UDPServer - UDP-Server: Message-6-81
21:20:56.969 [pool-1-thread-4] DEBUG com.mnc.udp.UDPServer - UDP-Server: Message-67-8
21:20:56.969 [pool-1-thread-5] DEBUG com.mnc.udp.UDPServer - UDP-Server: Message-5-83
21:20:56.969 [pool-1-thread-3] DEBUG com.mnc.udp.UDPServer - UDP-Server: Message-9-83
21:20:56.969 [pool-1-thread-1] DEBUG com.mnc.udp.UDPServer - UDP-Server: Message-74-81
21:20:56.969 [pool-1-thread-2] DEBUG com.mnc.udp.UDPServer - UDP-Server: Message-6-81 -> Message-6-81 (/127.0.0.1:49431)
21:20:56.969 [pool-1-thread-4] DEBUG com.mnc.udp.UDPServer - UDP-Server: Message-67-8 -> Message-67-8 (/127.0.0.1:49492)
21:20:56.970 [pool-1-thread-1] DEBUG com.mnc.udp.UDPServer - UDP-Server: Message-74-81 -> Message-74-81 (/127.0.0.1:49499)
21:20:56.969 [pool-1-thread-5] DEBUG com.mnc.udp.UDPServer - UDP-Server: Message-5-83 -> Message-5-83 (/127.0.0.1:49430)
21:20:56.969 [pool-1-thread-3] DEBUG com.mnc.udp.UDPServer - UDP-Server: Message-9-83 -> Message-9-83 (/127.0.0.1:49434)
21:20:56.970 [pool-1-thread-2] DEBUG com.mnc.udp.UDPServer - UDP-Server: Message-32-8
21:20:56.970 [pool-1-thread-4] DEBUG com.mnc.udp.UDPServer - UDP-Server: Message-1-81
21:20:56.970 [pool-1-thread-1] DEBUG com.mnc.udp.UDPServer - UDP-Server: Message-2-83
21:20:56.970 [pool-1-thread-5] DEBUG com.mnc.udp.UDPServer - UDP-Server: Message-52-83
21:20:56.970 [pool-1-thread-2] DEBUG com.mnc.udp.UDPServer - UDP-Server: Message-32-8 -> Message-32-8 (/127.0.0.1:49457)
21:20:56.970 [pool-1-thread-3] DEBUG com.mnc.udp.UDPServer - UDP-Server: Message-65-6
21:20:56.970 [pool-1-thread-4] DEBUG com.mnc.udp.UDPServer - UDP-Server: Message-1-81 -> Message-1-81 (/127.0.0.1:49426)
21:20:56.970 [pool-1-thread-1] DEBUG com.mnc.udp.UDPServer - UDP-Server: Message-2-83 -> Message-2-83 (/127.0.0.1:49427)
21:20:56.970 [pool-1-thread-4] DEBUG com.mnc.udp.UDPServer - UDP-Server: Message-51-81
21:20:56.970 [pool-1-thread-5] DEBUG com.mnc.udp.UDPServer - UDP-Server: Message-52-83 -> Message-52-83 (/127.0.0.1:49477)
21:20:56.970 [pool-1-thread-2] DEBUG com.mnc.udp.UDPServer - UDP-Server: Message-10-81
21:20:56.970 [pool-1-thread-5] DEBUG com.mnc.udp.UDPServer - UDP-Server: Message-26-83
21:20:56.970 [pool-1-thread-3] DEBUG com.mnc.udp.UDPServer - UDP-Server: Message-65-6 -> Message-65-6 (/127.0.0.1:49490)
21:20:56.970 [pool-1-thread-1] DEBUG com.mnc.udp.UDPServer - UDP-Server: Message-8-85
21:20:56.970 [pool-1-thread-4] DEBUG com.mnc.udp.UDPServer - UDP-Server: Message-51-81 -> Message-51-81 (/127.0.0.1:49476)
21:20:56.970 [pool-1-thread-2] DEBUG com.mnc.udp.UDPServer - UDP-Server: Message-10-81 -> Message-10-81 (/127.0.0.1:49435)
21:20:56.970 [pool-1-thread-5] DEBUG com.mnc.udp.UDPServer - UDP-Server: Message-26-83 -> Message-26-83 (/127.0.0.1:49451)
21:20:56.970 [pool-1-thread-2] DEBUG com.mnc.udp.UDPServer - UDP-Server: Message-69-81
21:20:56.970 [pool-1-thread-3] DEBUG com.mnc.udp.UDPServer - UDP-Server: Message-0-83
21:20:56.970 [pool-1-thread-1] DEBUG com.mnc.udp.UDPServer - UDP-Server: Message-8-85 -> Message-8-85 (/127.0.0.1:49433)
21:20:56.970 [pool-1-thread-4] DEBUG com.mnc.udp.UDPServer - UDP-Server: Message-45-40
21:20:56.970 [pool-1-thread-5] DEBUG com.mnc.udp.UDPServer - UDP-Server: Message-94-42
21:20:56.971 [pool-1-thread-2] DEBUG com.mnc.udp.UDPServer - UDP-Server: Message-69-81 -> Message-69-81 (/127.0.0.1:49494)
21:20:56.971 [pool-1-thread-3] DEBUG com.mnc.udp.UDPServer - UDP-Server: Message-0-83 -> Message-0-83 (/127.0.0.1:49425)
21:20:56.971 [pool-1-thread-4] DEBUG com.mnc.udp.UDPServer - UDP-Server: Message-45-40 -> Message-45-40 (/127.0.0.1:49470)
21:20:56.971 [pool-1-thread-3] DEBUG com.mnc.udp.UDPServer - UDP-Server: Message-4-81
21:20:56.971 [pool-1-thread-1] DEBUG com.mnc.udp.UDPServer - UDP-Server: Message-50-81
21:20:56.971 [pool-1-thread-3] DEBUG com.mnc.udp.UDPServer - UDP-Server: Message-4-81 -> Message-4-81 (/127.0.0.1:49429)
21:20:56.971 [pool-1-thread-5] DEBUG com.mnc.udp.UDPServer - UDP-Server: Message-94-42 -> Message-94-42 (/127.0.0.1:49519)
21:20:56.971 [pool-1-thread-2] DEBUG com.mnc.udp.UDPServer - UDP-Server: Message-3-81
21:20:56.971 [pool-1-thread-4] DEBUG com.mnc.udp.UDPServer - UDP-Server: Message-72-81
21:20:56.971 [pool-1-thread-1] DEBUG com.mnc.udp.UDPServer - UDP-Server: Message-50-81 -> Message-50-81 (/127.0.0.1:49475)
21:20:56.971 [pool-1-thread-3] DEBUG com.mnc.udp.UDPServer - UDP-Server: Message-6-85
21:20:56.971 [pool-1-thread-5] DEBUG com.mnc.udp.UDPServer - UDP-Server: Message-67-6
21:20:56.971 [pool-1-thread-2] DEBUG com.mnc.udp.UDPServer - UDP-Server: Message-3-81 -> Message-3-81 (/127.0.0.1:49428)
21:20:56.971 [pool-1-thread-4] DEBUG com.mnc.udp.UDPServer - UDP-Server: Message-72-81 -> Message-72-81 (/127.0.0.1:49497)
21:20:56.971 [pool-1-thread-1] DEBUG com.mnc.udp.UDPServer - UDP-Server: Message-74-85
21:20:56.971 [pool-1-thread-4] DEBUG com.mnc.udp.UDPServer - UDP-Server: Message-9-81
21:20:56.971 [pool-1-thread-3] DEBUG com.mnc.udp.UDPServer - UDP-Server: Message-6-85 -> Message-6-85 (/127.0.0.1:49431)
21:20:56.971 [pool-1-thread-5] DEBUG com.mnc.udp.UDPServer - UDP-Server: Message-67-6 -> Message-67-6 (/127.0.0.1:49492)
21:20:56.971 [pool-1-thread-3] DEBUG com.mnc.udp.UDPServer - UDP-Server: Message-32-6
21:20:56.971 [pool-1-thread-2] DEBUG com.mnc.udp.UDPServer - UDP-Server: Message-5-81
21:20:56.971 [pool-1-thread-1] DEBUG com.mnc.udp.UDPServer - UDP-Server: Message-74-85 -> Message-74-85 (/127.0.0.1:49499)
21:20:56.971 [pool-1-thread-4] DEBUG com.mnc.udp.UDPServer - UDP-Server: Message-9-81 -> Message-9-81 (/127.0.0.1:49434)
21:20:56.971 [pool-1-thread-3] DEBUG com.mnc.udp.UDPServer - UDP-Server: Message-32-6 -> Message-32-6 (/127.0.0.1:49457)
21:20:56.971 [pool-1-thread-5] DEBUG com.mnc.udp.UDPServer - UDP-Server: Message-1-85
21:20:56.971 [pool-1-thread-2] DEBUG com.mnc.udp.UDPServer - UDP-Server: Message-5-81 -> Message-5-81 (/127.0.0.1:49430)
21:20:56.971 [pool-1-thread-1] DEBUG com.mnc.udp.UDPServer - UDP-Server: Message-2-81
21:20:56.971 [pool-1-thread-4] DEBUG com.mnc.udp.UDPServer - UDP-Server: Message-52-81
21:20:56.972 [pool-1-thread-3] DEBUG com.mnc.udp.UDPServer - UDP-Server: Message-65-10
21:20:56.972 [pool-1-thread-5] DEBUG com.mnc.udp.UDPServer - UDP-Server: Message-1-85 -> Message-1-85 (/127.0.0.1:49426)
21:20:56.972 [pool-1-thread-3] DEBUG com.mnc.udp.UDPServer - UDP-Server: Message-65-10 -> Message-65-10 (/127.0.0.1:49490)
21:20:56.972 [pool-1-thread-2] DEBUG com.mnc.udp.UDPServer - UDP-Server: Message-51-85
21:20:56.972 [pool-1-thread-1] DEBUG com.mnc.udp.UDPServer - UDP-Server: Message-2-81 -> Message-2-81 (/127.0.0.1:49427)
21:20:56.972 [pool-1-thread-4] DEBUG com.mnc.udp.UDPServer - UDP-Server: Message-52-81 -> Message-52-81 (/127.0.0.1:49477)
21:20:56.972 [pool-1-thread-1] DEBUG com.mnc.udp.UDPServer - UDP-Server: Message-8-86
21:20:56.972 [pool-1-thread-5] DEBUG com.mnc.udp.UDPServer - UDP-Server: Message-10-85
21:20:56.972 [pool-1-thread-3] DEBUG com.mnc.udp.UDPServer - UDP-Server: Message-26-7
21:20:56.972 [pool-1-thread-2] DEBUG com.mnc.udp.UDPServer - UDP-Server: Message-51-85 -> Message-51-85 (/127.0.0.1:49476)
21:20:56.972 [pool-1-thread-4] DEBUG com.mnc.udp.UDPServer - UDP-Server: Message-69-85
21:20:56.972 [pool-1-thread-1] DEBUG com.mnc.udp.UDPServer - UDP-Server: Message-8-86 -> Message-8-86 (/127.0.0.1:49433)
21:20:56.972 [pool-1-thread-5] DEBUG com.mnc.udp.UDPServer - UDP-Server: Message-10-85 -> Message-10-85 (/127.0.0.1:49435)
21:20:56.972 [pool-1-thread-3] DEBUG com.mnc.udp.UDPServer - UDP-Server: Message-26-7 -> Message-26-7 (/127.0.0.1:49451)
21:20:56.972 [pool-1-thread-5] DEBUG com.mnc.udp.UDPServer - UDP-Server: Message-4-85
21:20:56.972 [pool-1-thread-2] DEBUG com.mnc.udp.UDPServer - UDP-Server: Message-0-81
21:20:56.972 [pool-1-thread-2] DEBUG com.mnc.udp.UDPServer - UDP-Server: Message-0-81 -> Message-0-81 (/127.0.0.1:49425)
21:20:56.972 [pool-1-thread-4] DEBUG com.mnc.udp.UDPServer - UDP-Server: Message-69-85 -> Message-69-85 (/127.0.0.1:49494)
21:20:56.972 [pool-1-thread-1] DEBUG com.mnc.udp.UDPServer - UDP-Server: Message-45-5
21:20:56.972 [pool-1-thread-5] DEBUG com.mnc.udp.UDPServer - UDP-Server: Message-4-85 -> Message-4-85 (/127.0.0.1:49429)
21:20:56.972 [pool-1-thread-3] DEBUG com.mnc.udp.UDPServer - UDP-Server: Message-94-86
21:20:56.972 [pool-1-thread-5] DEBUG com.mnc.udp.UDPServer - UDP-Server: Message-72-85
21:20:56.972 [pool-1-thread-2] DEBUG com.mnc.udp.UDPServer - UDP-Server: Message-50-85
21:20:56.972 [pool-1-thread-4] DEBUG com.mnc.udp.UDPServer - UDP-Server: Message-3-85
21:20:56.972 [pool-1-thread-1] DEBUG com.mnc.udp.UDPServer - UDP-Server: Message-45-5 -> Message-45-5 (/127.0.0.1:49470)
21:20:56.972 [pool-1-thread-3] DEBUG com.mnc.udp.UDPServer - UDP-Server: Message-94-86 -> Message-94-86 (/127.0.0.1:49519)
21:20:56.972 [pool-1-thread-5] DEBUG com.mnc.udp.UDPServer - UDP-Server: Message-72-85 -> Message-72-85 (/127.0.0.1:49497)
21:20:56.972 [pool-1-thread-2] DEBUG com.mnc.udp.UDPServer - UDP-Server: Message-50-85 -> Message-50-85 (/127.0.0.1:49475)
21:20:56.973 [pool-1-thread-4] DEBUG com.mnc.udp.UDPServer - UDP-Server: Message-3-85 -> Message-3-85 (/127.0.0.1:49428)
21:20:56.973 [pool-1-thread-1] DEBUG com.mnc.udp.UDPServer - UDP-Server: Message-6-86
21:20:56.973 [pool-1-thread-3] DEBUG com.mnc.udp.UDPServer - UDP-Server: Message-67-10
21:20:56.973 [pool-1-thread-5] DEBUG com.mnc.udp.UDPServer - UDP-Server: Message-74-86
21:20:56.973 [pool-1-thread-2] DEBUG com.mnc.udp.UDPServer - UDP-Server: Message-9-85
21:20:56.973 [pool-1-thread-4] DEBUG com.mnc.udp.UDPServer - UDP-Server: Message-32-10
21:20:56.973 [pool-1-thread-1] DEBUG com.mnc.udp.UDPServer - UDP-Server: Message-6-86 -> Message-6-86 (/127.0.0.1:49431)
21:20:56.973 [pool-1-thread-3] DEBUG com.mnc.udp.UDPServer - UDP-Server: Message-67-10 -> Message-67-10 (/127.0.0.1:49492)
21:20:56.973 [pool-1-thread-5] DEBUG com.mnc.udp.UDPServer - UDP-Server: Message-74-86 -> Message-74-86 (/127.0.0.1:49499)
21:20:56.973 [pool-1-thread-3] DEBUG com.mnc.udp.UDPServer - UDP-Server: Message-1-86
21:20:56.973 [pool-1-thread-2] DEBUG com.mnc.udp.UDPServer - UDP-Server: Message-9-85 -> Message-9-85 (/127.0.0.1:49434)
21:20:56.973 [pool-1-thread-5] DEBUG com.mnc.udp.UDPServer - UDP-Server: Message-65-11
21:20:56.973 [pool-1-thread-2] DEBUG com.mnc.udp.UDPServer - UDP-Server: Message-2-85
21:20:56.973 [pool-1-thread-5] DEBUG com.mnc.udp.UDPServer - UDP-Server: Message-65-11 -> Message-65-11 (/127.0.0.1:49490)
21:20:56.973 [pool-1-thread-4] DEBUG com.mnc.udp.UDPServer - UDP-Server: Message-32-10 -> Message-32-10 (/127.0.0.1:49457)
21:20:56.973 [pool-1-thread-1] DEBUG com.mnc.udp.UDPServer - UDP-Server: Message-5-85
21:20:56.973 [pool-1-thread-4] DEBUG com.mnc.udp.UDPServer - UDP-Server: Message-51-86
21:20:56.973 [pool-1-thread-3] DEBUG com.mnc.udp.UDPServer - UDP-Server: Message-1-86 -> Message-1-86 (/127.0.0.1:49426)
21:20:56.973 [pool-1-thread-2] DEBUG com.mnc.udp.UDPServer - UDP-Server: Message-2-85 -> Message-2-85 (/127.0.0.1:49427)
21:20:56.973 [pool-1-thread-3] DEBUG com.mnc.udp.UDPServer - UDP-Server: Message-8-84
21:20:56.973 [pool-1-thread-5] DEBUG com.mnc.udp.UDPServer - UDP-Server: Message-52-85
21:20:56.973 [pool-1-thread-1] DEBUG com.mnc.udp.UDPServer - UDP-Server: Message-5-85 -> Message-5-85 (/127.0.0.1:49430)
21:20:56.973 [pool-1-thread-4] DEBUG com.mnc.udp.UDPServer - UDP-Server: Message-51-86 -> Message-51-86 (/127.0.0.1:49476)
21:20:56.973 [pool-1-thread-3] DEBUG com.mnc.udp.UDPServer - UDP-Server: Message-8-84 -> Message-8-84 (/127.0.0.1:49433)
21:20:56.973 [pool-1-thread-2] DEBUG com.mnc.udp.UDPServer - UDP-Server: Message-10-86
21:20:56.973 [pool-1-thread-5] DEBUG com.mnc.udp.UDPServer - UDP-Server: Message-52-85 -> Message-52-85 (/127.0.0.1:49477)
21:20:56.974 [pool-1-thread-3] DEBUG com.mnc.udp.UDPServer - UDP-Server: Message-69-86
21:20:56.973 [pool-1-thread-1] DEBUG com.mnc.udp.UDPServer - UDP-Server: Message-26-8
21:20:56.974 [pool-1-thread-4] DEBUG com.mnc.udp.UDPServer - UDP-Server: Message-0-85
21:20:56.974 [pool-1-thread-2] DEBUG com.mnc.udp.UDPServer - UDP-Server: Message-10-86 -> Message-10-86 (/127.0.0.1:49435)
21:20:56.974 [pool-1-thread-5] DEBUG com.mnc.udp.UDPServer - UDP-Server: Message-4-86
21:20:56.974 [pool-1-thread-2] DEBUG com.mnc.udp.UDPServer - UDP-Server: Message-45-41
21:20:56.974 [pool-1-thread-3] DEBUG com.mnc.udp.UDPServer - UDP-Server: Message-69-86 -> Message-69-86 (/127.0.0.1:49494)
21:20:56.974 [pool-1-thread-1] DEBUG com.mnc.udp.UDPServer - UDP-Server: Message-26-8 -> Message-26-8 (/127.0.0.1:49451)
21:20:56.974 [pool-1-thread-3] DEBUG com.mnc.udp.UDPServer - UDP-Server: Message-94-38
21:20:56.974 [pool-1-thread-4] DEBUG com.mnc.udp.UDPServer - UDP-Server: Message-0-85 -> Message-0-85 (/127.0.0.1:49425)
21:20:56.974 [pool-1-thread-5] DEBUG com.mnc.udp.UDPServer - UDP-Server: Message-4-86 -> Message-4-86 (/127.0.0.1:49429)
21:20:56.974 [pool-1-thread-4] DEBUG com.mnc.udp.UDPServer - UDP-Server: Message-50-86
21:20:56.974 [pool-1-thread-2] DEBUG com.mnc.udp.UDPServer - UDP-Server: Message-45-41 -> Message-45-41 (/127.0.0.1:49470)
21:20:56.974 [pool-1-thread-1] DEBUG com.mnc.udp.UDPServer - UDP-Server: Message-72-86
21:20:56.974 [pool-1-thread-3] DEBUG com.mnc.udp.UDPServer - UDP-Server: Message-94-38 -> Message-94-38 (/127.0.0.1:49519)
21:20:56.974 [pool-1-thread-4] DEBUG com.mnc.udp.UDPServer - UDP-Server: Message-50-86 -> Message-50-86 (/127.0.0.1:49475)
21:20:56.974 [pool-1-thread-3] DEBUG com.mnc.udp.UDPServer - UDP-Server: Message-67-11
21:20:56.974 [pool-1-thread-5] DEBUG com.mnc.udp.UDPServer - UDP-Server: Message-3-86
21:20:56.974 [pool-1-thread-2] DEBUG com.mnc.udp.UDPServer - UDP-Server: Message-6-84
21:20:56.974 [pool-1-thread-1] DEBUG com.mnc.udp.UDPServer - UDP-Server: Message-72-86 -> Message-72-86 (/127.0.0.1:49497)
21:20:56.974 [pool-1-thread-4] DEBUG com.mnc.udp.UDPServer - UDP-Server: Message-74-84
21:20:56.974 [pool-1-thread-3] DEBUG com.mnc.udp.UDPServer - UDP-Server: Message-67-11 -> Message-67-11 (/127.0.0.1:49492)
21:20:56.974 [pool-1-thread-5] DEBUG com.mnc.udp.UDPServer - UDP-Server: Message-3-86 -> Message-3-86 (/127.0.0.1:49428)
21:20:56.974 [pool-1-thread-2] DEBUG com.mnc.udp.UDPServer - UDP-Server: Message-6-84 -> Message-6-84 (/127.0.0.1:49431)
21:20:56.974 [pool-1-thread-1] DEBUG com.mnc.udp.UDPServer - UDP-Server: Message-9-86
21:20:56.974 [pool-1-thread-4] DEBUG com.mnc.udp.UDPServer - UDP-Server: Message-74-84 -> Message-74-84 (/127.0.0.1:49499)
21:20:56.975 [pool-1-thread-2] DEBUG com.mnc.udp.UDPServer - UDP-Server: Message-1-84
21:20:56.974 [pool-1-thread-3] DEBUG com.mnc.udp.UDPServer - UDP-Server: Message-65-9
21:20:56.974 [pool-1-thread-5] DEBUG com.mnc.udp.UDPServer - UDP-Server: Message-32-11
21:20:56.975 [pool-1-thread-1] DEBUG com.mnc.udp.UDPServer - UDP-Server: Message-9-86 -> Message-9-86 (/127.0.0.1:49434)
21:20:56.975 [pool-1-thread-2] DEBUG com.mnc.udp.UDPServer - UDP-Server: Message-1-84 -> Message-1-84 (/127.0.0.1:49426)
21:20:56.975 [pool-1-thread-4] DEBUG com.mnc.udp.UDPServer - UDP-Server: Message-2-86
21:20:56.975 [pool-1-thread-2] DEBUG com.mnc.udp.UDPServer - UDP-Server: Message-51-84
21:20:56.975 [pool-1-thread-3] DEBUG com.mnc.udp.UDPServer - UDP-Server: Message-65-9 -> Message-65-9 (/127.0.0.1:49490)
21:20:56.975 [pool-1-thread-5] DEBUG com.mnc.udp.UDPServer - UDP-Server: Message-32-11 -> Message-32-11 (/127.0.0.1:49457)
21:20:56.975 [pool-1-thread-1] DEBUG com.mnc.udp.UDPServer - UDP-Server: Message-5-86
21:20:56.975 [pool-1-thread-4] DEBUG com.mnc.udp.UDPServer - UDP-Server: Message-2-86 -> Message-2-86 (/127.0.0.1:49427)
21:20:56.975 [pool-1-thread-2] DEBUG com.mnc.udp.UDPServer - UDP-Server: Message-51-84 -> Message-51-84 (/127.0.0.1:49476)
21:20:56.975 [pool-1-thread-3] DEBUG com.mnc.udp.UDPServer - UDP-Server: Message-8-78
21:20:56.975 [pool-1-thread-5] DEBUG com.mnc.udp.UDPServer - UDP-Server: Message-52-86
21:20:56.975 [pool-1-thread-3] DEBUG com.mnc.udp.UDPServer - UDP-Server: Message-8-78 -> Message-8-78 (/127.0.0.1:49433)
21:20:56.975 [pool-1-thread-1] DEBUG com.mnc.udp.UDPServer - UDP-Server: Message-5-86 -> Message-5-86 (/127.0.0.1:49430)
21:20:56.975 [pool-1-thread-3] DEBUG com.mnc.udp.UDPServer - UDP-Server: Message-26-47
21:20:56.975 [pool-1-thread-3] DEBUG com.mnc.udp.UDPServer - UDP-Server: Message-26-47 -> Message-26-47 (/127.0.0.1:49451)
21:20:56.975 [pool-1-thread-4] DEBUG com.mnc.udp.UDPServer - UDP-Server: Message-10-84
21:20:56.975 [pool-1-thread-3] DEBUG com.mnc.udp.UDPServer - UDP-Server: Message-4-84
21:20:56.975 [pool-1-thread-2] DEBUG com.mnc.udp.UDPServer - UDP-Server: Message-69-84
21:20:56.975 [pool-1-thread-5] DEBUG com.mnc.udp.UDPServer - UDP-Server: Message-52-86 -> Message-52-86 (/127.0.0.1:49477)
21:20:56.975 [pool-1-thread-1] DEBUG com.mnc.udp.UDPServer - UDP-Server: Message-0-86
21:20:56.975 [pool-1-thread-5] DEBUG com.mnc.udp.UDPServer - UDP-Server: Message-45-42
21:20:56.975 [pool-1-thread-1] DEBUG com.mnc.udp.UDPServer - UDP-Server: Message-0-86 -> Message-0-86 (/127.0.0.1:49425)
21:20:56.975 [pool-1-thread-5] DEBUG com.mnc.udp.UDPServer - UDP-Server: Message-45-42 -> Message-45-42 (/127.0.0.1:49470)
21:20:56.975 [pool-1-thread-4] DEBUG com.mnc.udp.UDPServer - UDP-Server: Message-10-84 -> Message-10-84 (/127.0.0.1:49435)
21:20:56.975 [pool-1-thread-3] DEBUG com.mnc.udp.UDPServer - UDP-Server: Message-4-84 -> Message-4-84 (/127.0.0.1:49429)
21:20:56.976 [pool-1-thread-1] DEBUG com.mnc.udp.UDPServer - UDP-Server: Message-94-84
21:20:56.976 [pool-1-thread-4] DEBUG com.mnc.udp.UDPServer - UDP-Server: Message-72-84
21:20:56.976 [pool-1-thread-1] DEBUG com.mnc.udp.UDPServer - UDP-Server: Message-94-84 -> Message-94-84 (/127.0.0.1:49519)
21:20:56.975 [pool-1-thread-2] DEBUG com.mnc.udp.UDPServer - UDP-Server: Message-69-84 -> Message-69-84 (/127.0.0.1:49494)
21:20:56.976 [pool-1-thread-5] DEBUG com.mnc.udp.UDPServer - UDP-Server: Message-50-84
21:20:56.976 [pool-1-thread-2] DEBUG com.mnc.udp.UDPServer - UDP-Server: Message-6-78
21:20:56.976 [pool-1-thread-5] DEBUG com.mnc.udp.UDPServer - UDP-Server: Message-50-84 -> Message-50-84 (/127.0.0.1:49475)
21:20:56.976 [pool-1-thread-2] DEBUG com.mnc.udp.UDPServer - UDP-Server: Message-6-78 -> Message-6-78 (/127.0.0.1:49431)
21:20:56.976 [pool-1-thread-3] DEBUG com.mnc.udp.UDPServer - UDP-Server: Message-67-9
21:20:56.976 [pool-1-thread-2] DEBUG com.mnc.udp.UDPServer - UDP-Server: Message-9-84
21:20:56.976 [pool-1-thread-4] DEBUG com.mnc.udp.UDPServer - UDP-Server: Message-72-84 -> Message-72-84 (/127.0.0.1:49497)
21:20:56.976 [pool-1-thread-1] DEBUG com.mnc.udp.UDPServer - UDP-Server: Message-3-84
21:20:56.976 [pool-1-thread-5] DEBUG com.mnc.udp.UDPServer - UDP-Server: Message-74-78
21:20:56.976 [pool-1-thread-3] DEBUG com.mnc.udp.UDPServer - UDP-Server: Message-67-9 -> Message-67-9 (/127.0.0.1:49492)
21:20:56.976 [pool-1-thread-2] DEBUG com.mnc.udp.UDPServer - UDP-Server: Message-9-84 -> Message-9-84 (/127.0.0.1:49434)
21:20:56.976 [pool-1-thread-4] DEBUG com.mnc.udp.UDPServer - UDP-Server: Message-1-78
21:20:56.976 [pool-1-thread-1] DEBUG com.mnc.udp.UDPServer - UDP-Server: Message-3-84 -> Message-3-84 (/127.0.0.1:49428)
21:20:56.976 [pool-1-thread-5] DEBUG com.mnc.udp.UDPServer - UDP-Server: Message-74-78 -> Message-74-78 (/127.0.0.1:49499)
21:20:56.976 [pool-1-thread-3] DEBUG com.mnc.udp.UDPServer - UDP-Server: Message-65-3
21:20:56.976 [pool-1-thread-5] DEBUG com.mnc.udp.UDPServer - UDP-Server: Message-51-78
21:20:56.976 [pool-1-thread-2] DEBUG com.mnc.udp.UDPServer - UDP-Server: Message-32-9
21:20:56.976 [pool-1-thread-4] DEBUG com.mnc.udp.UDPServer - UDP-Server: Message-1-78 -> Message-1-78 (/127.0.0.1:49426)
21:20:56.976 [pool-1-thread-1] DEBUG com.mnc.udp.UDPServer - UDP-Server: Message-2-84
21:20:56.976 [pool-1-thread-4] DEBUG com.mnc.udp.UDPServer - UDP-Server: Message-8-79
21:20:56.976 [pool-1-thread-3] DEBUG com.mnc.udp.UDPServer - UDP-Server: Message-65-3 -> Message-65-3 (/127.0.0.1:49490)
21:20:56.976 [pool-1-thread-5] DEBUG com.mnc.udp.UDPServer - UDP-Server: Message-51-78 -> Message-51-78 (/127.0.0.1:49476)
21:20:56.976 [pool-1-thread-3] DEBUG com.mnc.udp.UDPServer - UDP-Server: Message-5-84
21:20:56.976 [pool-1-thread-2] DEBUG com.mnc.udp.UDPServer - UDP-Server: Message-32-9 -> Message-32-9 (/127.0.0.1:49457)
21:20:56.976 [pool-1-thread-1] DEBUG com.mnc.udp.UDPServer - UDP-Server: Message-2-84 -> Message-2-84 (/127.0.0.1:49427)
21:20:56.976 [pool-1-thread-4] DEBUG com.mnc.udp.UDPServer - UDP-Server: Message-8-79 -> Message-8-79 (/127.0.0.1:49433)
21:20:56.976 [pool-1-thread-5] DEBUG com.mnc.udp.UDPServer - UDP-Server: Message-26-6
21:20:56.976 [pool-1-thread-3] DEBUG com.mnc.udp.UDPServer - UDP-Server: Message-5-84 -> Message-5-84 (/127.0.0.1:49430)
21:20:56.977 [pool-1-thread-5] DEBUG com.mnc.udp.UDPServer - UDP-Server: Message-26-6 -> Message-26-6 (/127.0.0.1:49451)
21:20:56.977 [pool-1-thread-2] DEBUG com.mnc.udp.UDPServer - UDP-Server: Message-52-84
21:20:56.977 [pool-1-thread-4] DEBUG com.mnc.udp.UDPServer - UDP-Server: Message-45-1
21:20:56.977 [pool-1-thread-1] DEBUG com.mnc.udp.UDPServer - UDP-Server: Message-0-84
21:20:56.977 [pool-1-thread-3] DEBUG com.mnc.udp.UDPServer - UDP-Server: Message-10-78
21:20:56.977 [pool-1-thread-5] DEBUG com.mnc.udp.UDPServer - UDP-Server: Message-4-78
21:20:56.977 [pool-1-thread-2] DEBUG com.mnc.udp.UDPServer - UDP-Server: Message-52-84 -> Message-52-84 (/127.0.0.1:49477)
21:20:56.977 [pool-1-thread-4] DEBUG com.mnc.udp.UDPServer - UDP-Server: Message-45-1 -> Message-45-1 (/127.0.0.1:49470)
21:20:56.977 [pool-1-thread-1] DEBUG com.mnc.udp.UDPServer - UDP-Server: Message-0-84 -> Message-0-84 (/127.0.0.1:49425)
21:20:56.977 [pool-1-thread-3] DEBUG com.mnc.udp.UDPServer - UDP-Server: Message-10-78 -> Message-10-78 (/127.0.0.1:49435)
21:20:56.977 [pool-1-thread-5] DEBUG com.mnc.udp.UDPServer - UDP-Server: Message-4-78 -> Message-4-78 (/127.0.0.1:49429)
21:20:56.977 [pool-1-thread-3] DEBUG com.mnc.udp.UDPServer - UDP-Server: Message-6-79
21:20:56.977 [pool-1-thread-2] DEBUG com.mnc.udp.UDPServer - UDP-Server: Message-94-39
21:20:56.977 [pool-1-thread-5] DEBUG com.mnc.udp.UDPServer - UDP-Server: Message-72-78
21:20:56.977 [pool-1-thread-2] DEBUG com.mnc.udp.UDPServer - UDP-Server: Message-94-39 -> Message-94-39 (/127.0.0.1:49519)
21:20:56.977 [pool-1-thread-5] DEBUG com.mnc.udp.UDPServer - UDP-Server: Message-72-78 -> Message-72-78 (/127.0.0.1:49497)
21:20:56.977 [pool-1-thread-2] DEBUG com.mnc.udp.UDPServer - UDP-Server: Message-67-3
21:20:56.977 [pool-1-thread-4] DEBUG com.mnc.udp.UDPServer - UDP-Server: Message-69-78
21:20:56.977 [pool-1-thread-1] DEBUG com.mnc.udp.UDPServer - UDP-Server: Message-50-78
21:20:56.977 [pool-1-thread-3] DEBUG com.mnc.udp.UDPServer - UDP-Server: Message-6-79 -> Message-6-79 (/127.0.0.1:49431)
21:20:56.977 [pool-1-thread-2] DEBUG com.mnc.udp.UDPServer - UDP-Server: Message-67-3 -> Message-67-3 (/127.0.0.1:49492)
21:20:56.977 [pool-1-thread-5] DEBUG com.mnc.udp.UDPServer - UDP-Server: Message-9-78
21:20:56.977 [pool-1-thread-4] DEBUG com.mnc.udp.UDPServer - UDP-Server: Message-69-78 -> Message-69-78 (/127.0.0.1:49494)
21:20:56.977 [pool-1-thread-5] DEBUG com.mnc.udp.UDPServer - UDP-Server: Message-9-78 -> Message-9-78 (/127.0.0.1:49434)
21:20:56.977 [pool-1-thread-1] DEBUG com.mnc.udp.UDPServer - UDP-Server: Message-50-78 -> Message-50-78 (/127.0.0.1:49475)
21:20:56.977 [pool-1-thread-4] DEBUG com.mnc.udp.UDPServer - UDP-Server: Message-1-79
21:20:56.977 [pool-1-thread-3] DEBUG com.mnc.udp.UDPServer - UDP-Server: Message-3-78
21:20:56.977 [pool-1-thread-2] DEBUG com.mnc.udp.UDPServer - UDP-Server: Message-74-79
21:20:56.977 [pool-1-thread-3] DEBUG com.mnc.udp.UDPServer - UDP-Server: Message-3-78 -> Message-3-78 (/127.0.0.1:49428)
21:20:56.977 [pool-1-thread-5] DEBUG com.mnc.udp.UDPServer - UDP-Server: Message-65-4
21:20:56.977 [pool-1-thread-1] DEBUG com.mnc.udp.UDPServer - UDP-Server: Message-51-79
21:20:56.977 [pool-1-thread-4] DEBUG com.mnc.udp.UDPServer - UDP-Server: Message-1-79 -> Message-1-79 (/127.0.0.1:49426)
21:20:56.978 [pool-1-thread-1] DEBUG com.mnc.udp.UDPServer - UDP-Server: Message-51-79 -> Message-51-79 (/127.0.0.1:49476)
21:20:56.977 [pool-1-thread-2] DEBUG com.mnc.udp.UDPServer - UDP-Server: Message-74-79 -> Message-74-79 (/127.0.0.1:49499)
21:20:56.978 [pool-1-thread-4] DEBUG com.mnc.udp.UDPServer - UDP-Server: Message-8-80
21:20:56.978 [pool-1-thread-3] DEBUG com.mnc.udp.UDPServer - UDP-Server: Message-32-3
21:20:56.978 [pool-1-thread-5] DEBUG com.mnc.udp.UDPServer - UDP-Server: Message-65-4 -> Message-65-4 (/127.0.0.1:49490)
21:20:56.978 [pool-1-thread-3] DEBUG com.mnc.udp.UDPServer - UDP-Server: Message-32-3 -> Message-32-3 (/127.0.0.1:49457)
21:20:56.978 [pool-1-thread-1] DEBUG com.mnc.udp.UDPServer - UDP-Server: Message-2-78
21:20:56.978 [pool-1-thread-3] DEBUG com.mnc.udp.UDPServer - UDP-Server: Message-52-78
21:20:56.978 [pool-1-thread-1] DEBUG com.mnc.udp.UDPServer - UDP-Server: Message-2-78 -> Message-2-78 (/127.0.0.1:49427)
21:20:56.978 [pool-1-thread-2] DEBUG com.mnc.udp.UDPServer - UDP-Server: Message-5-78
21:20:56.978 [pool-1-thread-1] DEBUG com.mnc.udp.UDPServer - UDP-Server: Message-45-38
21:20:56.978 [pool-1-thread-4] DEBUG com.mnc.udp.UDPServer - UDP-Server: Message-8-80 -> Message-8-80 (/127.0.0.1:49433)
21:20:56.978 [pool-1-thread-1] DEBUG com.mnc.udp.UDPServer - UDP-Server: Message-45-38 -> Message-45-38 (/127.0.0.1:49470)
21:20:56.978 [pool-1-thread-5] DEBUG com.mnc.udp.UDPServer - UDP-Server: Message-26-81
21:20:56.978 [pool-1-thread-4] DEBUG com.mnc.udp.UDPServer - UDP-Server: Message-0-78
21:20:56.978 [pool-1-thread-3] DEBUG com.mnc.udp.UDPServer - UDP-Server: Message-52-78 -> Message-52-78 (/127.0.0.1:49477)
21:20:56.978 [pool-1-thread-2] DEBUG com.mnc.udp.UDPServer - UDP-Server: Message-5-78 -> Message-5-78 (/127.0.0.1:49430)
21:20:56.978 [pool-1-thread-1] DEBUG com.mnc.udp.UDPServer - UDP-Server: Message-10-79
21:20:56.978 [pool-1-thread-3] DEBUG com.mnc.udp.UDPServer - UDP-Server: Message-4-79
21:20:56.978 [pool-1-thread-2] DEBUG com.mnc.udp.UDPServer - UDP-Server: Message-94-78
21:20:56.978 [pool-1-thread-1] DEBUG com.mnc.udp.UDPServer - UDP-Server: Message-10-79 -> Message-10-79 (/127.0.0.1:49435)
21:20:56.978 [pool-1-thread-5] DEBUG com.mnc.udp.UDPServer - UDP-Server: Message-26-81 -> Message-26-81 (/127.0.0.1:49451)
21:20:56.978 [pool-1-thread-4] DEBUG com.mnc.udp.UDPServer - UDP-Server: Message-0-78 -> Message-0-78 (/127.0.0.1:49425)
21:20:56.978 [pool-1-thread-3] DEBUG com.mnc.udp.UDPServer - UDP-Server: Message-4-79 -> Message-4-79 (/127.0.0.1:49429)
21:20:56.978 [pool-1-thread-2] DEBUG com.mnc.udp.UDPServer - UDP-Server: Message-94-78 -> Message-94-78 (/127.0.0.1:49519)
21:20:56.978 [pool-1-thread-4] DEBUG com.mnc.udp.UDPServer - UDP-Server: Message-67-4
21:20:56.978 [pool-1-thread-1] DEBUG com.mnc.udp.UDPServer - UDP-Server: Message-72-79
21:20:56.978 [pool-1-thread-5] DEBUG com.mnc.udp.UDPServer - UDP-Server: Message-6-80
21:20:56.978 [pool-1-thread-1] DEBUG com.mnc.udp.UDPServer - UDP-Server: Message-72-79 -> Message-72-79 (/127.0.0.1:49497)
21:20:56.978 [pool-1-thread-4] DEBUG com.mnc.udp.UDPServer - UDP-Server: Message-67-4 -> Message-67-4 (/127.0.0.1:49492)
21:20:56.978 [pool-1-thread-2] DEBUG com.mnc.udp.UDPServer - UDP-Server: Message-9-79
21:20:56.978 [pool-1-thread-3] DEBUG com.mnc.udp.UDPServer - UDP-Server: Message-69-79
21:20:56.978 [pool-1-thread-2] DEBUG com.mnc.udp.UDPServer - UDP-Server: Message-9-79 -> Message-9-79 (/127.0.0.1:49434)
21:20:56.978 [pool-1-thread-5] DEBUG com.mnc.udp.UDPServer - UDP-Server: Message-6-80 -> Message-6-80 (/127.0.0.1:49431)
21:20:56.978 [pool-1-thread-1] DEBUG com.mnc.udp.UDPServer - UDP-Server: Message-50-79
21:20:56.978 [pool-1-thread-4] DEBUG com.mnc.udp.UDPServer - UDP-Server: Message-3-79
21:20:56.979 [pool-1-thread-3] DEBUG com.mnc.udp.UDPServer - UDP-Server: Message-69-79 -> Message-69-79 (/127.0.0.1:49494)
21:20:56.979 [pool-1-thread-4] DEBUG com.mnc.udp.UDPServer - UDP-Server: Message-3-79 -> Message-3-79 (/127.0.0.1:49428)
21:20:56.979 [pool-1-thread-2] DEBUG com.mnc.udp.UDPServer - UDP-Server: Message-1-80
21:20:56.979 [pool-1-thread-1] DEBUG com.mnc.udp.UDPServer - UDP-Server: Message-50-79 -> Message-50-79 (/127.0.0.1:49475)
21:20:56.979 [pool-1-thread-2] DEBUG com.mnc.udp.UDPServer - UDP-Server: Message-1-80 -> Message-1-80 (/127.0.0.1:49426)
21:20:56.979 [pool-1-thread-3] DEBUG com.mnc.udp.UDPServer - UDP-Server: Message-74-80
21:20:56.979 [pool-1-thread-5] DEBUG com.mnc.udp.UDPServer - UDP-Server: Message-51-80
21:20:56.979 [pool-1-thread-3] DEBUG com.mnc.udp.UDPServer - UDP-Server: Message-74-80 -> Message-74-80 (/127.0.0.1:49499)
21:20:56.979 [pool-1-thread-5] DEBUG com.mnc.udp.UDPServer - UDP-Server: Message-51-80 -> Message-51-80 (/127.0.0.1:49476)
21:20:56.979 [pool-1-thread-4] DEBUG com.mnc.udp.UDPServer - UDP-Server: Message-65-5
21:20:56.979 [pool-1-thread-3] DEBUG com.mnc.udp.UDPServer - UDP-Server: Message-45-2
21:20:56.979 [pool-1-thread-5] DEBUG com.mnc.udp.UDPServer - UDP-Server: Message-8-76
21:20:56.979 [pool-1-thread-1] DEBUG com.mnc.udp.UDPServer - UDP-Server: Message-32-4
21:20:56.979 [pool-1-thread-5] DEBUG com.mnc.udp.UDPServer - UDP-Server: Message-8-76 -> Message-8-76 (/127.0.0.1:49433)
21:20:56.979 [pool-1-thread-2] DEBUG com.mnc.udp.UDPServer - UDP-Server: Message-2-79
21:20:56.979 [pool-1-thread-5] DEBUG com.mnc.udp.UDPServer - UDP-Server: Message-52-79
21:20:56.979 [pool-1-thread-2] DEBUG com.mnc.udp.UDPServer - UDP-Server: Message-2-79 -> Message-2-79 (/127.0.0.1:49427)
21:20:56.979 [pool-1-thread-5] DEBUG com.mnc.udp.UDPServer - UDP-Server: Message-52-79 -> Message-52-79 (/127.0.0.1:49477)
21:20:56.979 [pool-1-thread-3] DEBUG com.mnc.udp.UDPServer - UDP-Server: Message-45-2 -> Message-45-2 (/127.0.0.1:49470)
21:20:56.979 [pool-1-thread-4] DEBUG com.mnc.udp.UDPServer - UDP-Server: Message-65-5 -> Message-65-5 (/127.0.0.1:49490)
21:20:56.979 [pool-1-thread-1] DEBUG com.mnc.udp.UDPServer - UDP-Server: Message-32-4 -> Message-32-4 (/127.0.0.1:49457)
21:20:56.979 [pool-1-thread-5] DEBUG com.mnc.udp.UDPServer - UDP-Server: Message-10-80
21:20:56.979 [pool-1-thread-2] DEBUG com.mnc.udp.UDPServer - UDP-Server: Message-5-79
21:20:56.979 [pool-1-thread-3] DEBUG com.mnc.udp.UDPServer - UDP-Server: Message-26-28
21:20:56.979 [pool-1-thread-4] DEBUG com.mnc.udp.UDPServer - UDP-Server: Message-0-79
21:20:56.979 [pool-1-thread-3] DEBUG com.mnc.udp.UDPServer - UDP-Server: Message-26-28 -> Message-26-28 (/127.0.0.1:49451)
21:20:56.979 [pool-1-thread-5] DEBUG com.mnc.udp.UDPServer - UDP-Server: Message-10-80 -> Message-10-80 (/127.0.0.1:49435)
21:20:56.979 [pool-1-thread-1] DEBUG com.mnc.udp.UDPServer - UDP-Server: Message-4-80
21:20:56.979 [pool-1-thread-3] DEBUG com.mnc.udp.UDPServer - UDP-Server: Message-94-37
21:20:56.979 [pool-1-thread-5] DEBUG com.mnc.udp.UDPServer - UDP-Server: Message-72-80
21:20:56.979 [pool-1-thread-2] DEBUG com.mnc.udp.UDPServer - UDP-Server: Message-5-79 -> Message-5-79 (/127.0.0.1:49430)
21:20:56.979 [pool-1-thread-5] DEBUG com.mnc.udp.UDPServer - UDP-Server: Message-72-80 -> Message-72-80 (/127.0.0.1:49497)
21:20:56.979 [pool-1-thread-4] DEBUG com.mnc.udp.UDPServer - UDP-Server: Message-0-79 -> Message-0-79 (/127.0.0.1:49425)
21:20:56.979 [pool-1-thread-1] DEBUG com.mnc.udp.UDPServer - UDP-Server: Message-4-80 -> Message-4-80 (/127.0.0.1:49429)
21:20:56.979 [pool-1-thread-2] DEBUG com.mnc.udp.UDPServer - UDP-Server: Message-67-5
21:20:56.979 [pool-1-thread-3] DEBUG com.mnc.udp.UDPServer - UDP-Server: Message-94-37 -> Message-94-37 (/127.0.0.1:49519)
21:20:56.979 [pool-1-thread-1] DEBUG com.mnc.udp.UDPServer - UDP-Server: Message-69-80
21:20:56.979 [pool-1-thread-5] DEBUG com.mnc.udp.UDPServer - UDP-Server: Message-9-80
21:20:56.979 [pool-1-thread-4] DEBUG com.mnc.udp.UDPServer - UDP-Server: Message-6-76
21:20:56.979 [pool-1-thread-5] DEBUG com.mnc.udp.UDPServer - UDP-Server: Message-9-80 -> Message-9-80 (/127.0.0.1:49434)
21:20:56.979 [pool-1-thread-4] DEBUG com.mnc.udp.UDPServer - UDP-Server: Message-6-76 -> Message-6-76 (/127.0.0.1:49431)
21:20:56.979 [pool-1-thread-2] DEBUG com.mnc.udp.UDPServer - UDP-Server: Message-67-5 -> Message-67-5 (/127.0.0.1:49492)
21:20:56.979 [pool-1-thread-3] DEBUG com.mnc.udp.UDPServer - UDP-Server: Message-3-80
21:20:56.979 [pool-1-thread-1] DEBUG com.mnc.udp.UDPServer - UDP-Server: Message-69-80 -> Message-69-80 (/127.0.0.1:49494)
21:20:56.980 [pool-1-thread-2] DEBUG com.mnc.udp.UDPServer - UDP-Server: Message-74-76
21:20:56.980 [pool-1-thread-5] DEBUG com.mnc.udp.UDPServer - UDP-Server: Message-50-80
21:20:56.980 [pool-1-thread-2] DEBUG com.mnc.udp.UDPServer - UDP-Server: Message-74-76 -> Message-74-76 (/127.0.0.1:49499)
21:20:56.980 [pool-1-thread-1] DEBUG com.mnc.udp.UDPServer - UDP-Server: Message-51-76
21:20:56.980 [pool-1-thread-1] DEBUG com.mnc.udp.UDPServer - UDP-Server: Message-51-76 -> Message-51-76 (/127.0.0.1:49476)
21:20:56.980 [pool-1-thread-5] DEBUG com.mnc.udp.UDPServer - UDP-Server: Message-50-80 -> Message-50-80 (/127.0.0.1:49475)
21:20:56.980 [pool-1-thread-4] DEBUG com.mnc.udp.UDPServer - UDP-Server: Message-1-76
21:20:56.980 [pool-1-thread-4] DEBUG com.mnc.udp.UDPServer - UDP-Server: Message-1-76 -> Message-1-76 (/127.0.0.1:49426)
21:20:56.980 [pool-1-thread-3] DEBUG com.mnc.udp.UDPServer - UDP-Server: Message-3-80 -> Message-3-80 (/127.0.0.1:49428)
21:20:56.980 [pool-1-thread-4] DEBUG com.mnc.udp.UDPServer - UDP-Server: Message-45-39
21:20:56.980 [pool-1-thread-2] DEBUG com.mnc.udp.UDPServer - UDP-Server: Message-8-77
21:20:56.980 [pool-1-thread-4] DEBUG com.mnc.udp.UDPServer - UDP-Server: Message-45-39 -> Message-45-39 (/127.0.0.1:49470)
21:20:56.980 [pool-1-thread-2] DEBUG com.mnc.udp.UDPServer - UDP-Server: Message-8-77 -> Message-8-77 (/127.0.0.1:49433)
21:20:56.980 [pool-1-thread-4] DEBUG com.mnc.udp.UDPServer - UDP-Server: Message-65-1
21:20:56.980 [pool-1-thread-1] DEBUG com.mnc.udp.UDPServer - UDP-Server: Message-2-80
21:20:56.980 [pool-1-thread-4] DEBUG com.mnc.udp.UDPServer - UDP-Server: Message-65-1 -> Message-65-1 (/127.0.0.1:49490)
21:20:56.980 [pool-1-thread-1] DEBUG com.mnc.udp.UDPServer - UDP-Server: Message-2-80 -> Message-2-80 (/127.0.0.1:49427)
21:20:56.980 [pool-1-thread-5] DEBUG com.mnc.udp.UDPServer - UDP-Server: Message-52-80
21:20:56.980 [pool-1-thread-3] DEBUG com.mnc.udp.UDPServer - UDP-Server: Message-32-5
21:20:56.980 [pool-1-thread-3] DEBUG com.mnc.udp.UDPServer - UDP-Server: Message-32-5 -> Message-32-5 (/127.0.0.1:49457)
21:20:56.980 [pool-1-thread-2] DEBUG com.mnc.udp.UDPServer - UDP-Server: Message-26-85
21:20:56.980 [pool-1-thread-4] DEBUG com.mnc.udp.UDPServer - UDP-Server: Message-10-76
21:20:56.980 [pool-1-thread-5] DEBUG com.mnc.udp.UDPServer - UDP-Server: Message-52-80 -> Message-52-80 (/127.0.0.1:49477)
21:20:56.980 [pool-1-thread-4] DEBUG com.mnc.udp.UDPServer - UDP-Server: Message-10-76 -> Message-10-76 (/127.0.0.1:49435)
21:20:56.980 [pool-1-thread-5] DEBUG com.mnc.udp.UDPServer - UDP-Server: Message-0-80
21:20:56.980 [pool-1-thread-1] DEBUG com.mnc.udp.UDPServer - UDP-Server: Message-5-80
21:20:56.980 [pool-1-thread-5] DEBUG com.mnc.udp.UDPServer - UDP-Server: Message-0-80 -> Message-0-80 (/127.0.0.1:49425)
21:20:56.980 [pool-1-thread-3] DEBUG com.mnc.udp.UDPServer - UDP-Server: Message-72-76
21:20:56.980 [pool-1-thread-2] DEBUG com.mnc.udp.UDPServer - UDP-Server: Message-26-85 -> Message-26-85 (/127.0.0.1:49451)
21:20:56.980 [pool-1-thread-3] DEBUG com.mnc.udp.UDPServer - UDP-Server: Message-72-76 -> Message-72-76 (/127.0.0.1:49497)
21:20:56.980 [pool-1-thread-5] DEBUG com.mnc.udp.UDPServer - UDP-Server: Message-94-79
21:20:56.980 [pool-1-thread-5] DEBUG com.mnc.udp.UDPServer - UDP-Server: Message-94-79 -> Message-94-79 (/127.0.0.1:49519)
21:20:56.980 [pool-1-thread-4] DEBUG com.mnc.udp.UDPServer - UDP-Server: Message-4-76
21:20:56.980 [pool-1-thread-3] DEBUG com.mnc.udp.UDPServer - UDP-Server: Message-6-77
21:20:56.980 [pool-1-thread-3] DEBUG com.mnc.udp.UDPServer - UDP-Server: Message-6-77 -> Message-6-77 (/127.0.0.1:49431)
21:20:56.980 [pool-1-thread-1] DEBUG com.mnc.udp.UDPServer - UDP-Server: Message-5-80 -> Message-5-80 (/127.0.0.1:49430)
21:20:56.980 [pool-1-thread-3] DEBUG com.mnc.udp.UDPServer - UDP-Server: Message-69-76
21:20:56.980 [pool-1-thread-3] DEBUG com.mnc.udp.UDPServer - UDP-Server: Message-69-76 -> Message-69-76 (/127.0.0.1:49494)
21:20:56.980 [pool-1-thread-1] DEBUG com.mnc.udp.UDPServer - UDP-Server: Message-74-77
21:20:56.980 [pool-1-thread-1] DEBUG com.mnc.udp.UDPServer - UDP-Server: Message-74-77 -> Message-74-77 (/127.0.0.1:49499)
21:20:56.980 [pool-1-thread-3] DEBUG com.mnc.udp.UDPServer - UDP-Server: Message-51-77
21:20:56.980 [pool-1-thread-3] DEBUG com.mnc.udp.UDPServer - UDP-Server: Message-51-77 -> Message-51-77 (/127.0.0.1:49476)
21:20:56.980 [pool-1-thread-2] DEBUG com.mnc.udp.UDPServer - UDP-Server: Message-9-76
21:20:56.980 [pool-1-thread-4] DEBUG com.mnc.udp.UDPServer - UDP-Server: Message-4-76 -> Message-4-76 (/127.0.0.1:49429)
21:20:56.981 [pool-1-thread-2] DEBUG com.mnc.udp.UDPServer - UDP-Server: Message-9-76 -> Message-9-76 (/127.0.0.1:49434)
21:20:56.981 [pool-1-thread-4] DEBUG com.mnc.udp.UDPServer - UDP-Server: Message-3-76
21:20:56.980 [pool-1-thread-5] DEBUG com.mnc.udp.UDPServer - UDP-Server: Message-67-1
21:20:56.981 [pool-1-thread-4] DEBUG com.mnc.udp.UDPServer - UDP-Server: Message-3-76 -> Message-3-76 (/127.0.0.1:49428)
21:20:56.981 [pool-1-thread-5] DEBUG com.mnc.udp.UDPServer - UDP-Server: Message-67-1 -> Message-67-1 (/127.0.0.1:49492)
21:20:56.981 [pool-1-thread-1] DEBUG com.mnc.udp.UDPServer - UDP-Server: Message-50-76
21:20:56.981 [pool-1-thread-3] DEBUG com.mnc.udp.UDPServer - UDP-Server: Message-1-77
21:20:56.981 [pool-1-thread-1] DEBUG com.mnc.udp.UDPServer - UDP-Server: Message-50-76 -> Message-50-76 (/127.0.0.1:49475)
21:20:56.981 [pool-1-thread-3] DEBUG com.mnc.udp.UDPServer - UDP-Server: Message-1-77 -> Message-1-77 (/127.0.0.1:49426)
21:20:56.981 [pool-1-thread-2] DEBUG com.mnc.udp.UDPServer - UDP-Server: Message-45-37
21:20:56.981 [pool-1-thread-1] DEBUG com.mnc.udp.UDPServer - UDP-Server: Message-2-76
21:20:56.981 [pool-1-thread-3] DEBUG com.mnc.udp.UDPServer - UDP-Server: Message-32-1
21:20:56.981 [pool-1-thread-2] DEBUG com.mnc.udp.UDPServer - UDP-Server: Message-45-37 -> Message-45-37 (/127.0.0.1:49470)
21:20:56.981 [pool-1-thread-4] DEBUG com.mnc.udp.UDPServer - UDP-Server: Message-8-75
21:20:56.981 [pool-1-thread-5] DEBUG com.mnc.udp.UDPServer - UDP-Server: Message-65-2
21:20:56.981 [pool-1-thread-2] DEBUG com.mnc.udp.UDPServer - UDP-Server: Message-52-76
21:20:56.981 [pool-1-thread-5] DEBUG com.mnc.udp.UDPServer - UDP-Server: Message-65-2 -> Message-65-2 (/127.0.0.1:49490)
21:20:56.981 [pool-1-thread-1] DEBUG com.mnc.udp.UDPServer - UDP-Server: Message-2-76 -> Message-2-76 (/127.0.0.1:49427)
21:20:56.981 [pool-1-thread-3] DEBUG com.mnc.udp.UDPServer - UDP-Server: Message-32-1 -> Message-32-1 (/127.0.0.1:49457)
21:20:56.981 [pool-1-thread-5] DEBUG com.mnc.udp.UDPServer - UDP-Server: Message-10-77
21:20:56.981 [pool-1-thread-4] DEBUG com.mnc.udp.UDPServer - UDP-Server: Message-8-75 -> Message-8-75 (/127.0.0.1:49433)
21:20:56.981 [pool-1-thread-2] DEBUG com.mnc.udp.UDPServer - UDP-Server: Message-52-76 -> Message-52-76 (/127.0.0.1:49477)
21:20:56.981 [pool-1-thread-3] DEBUG com.mnc.udp.UDPServer - UDP-Server: Message-72-77
21:20:56.981 [pool-1-thread-1] DEBUG com.mnc.udp.UDPServer - UDP-Server: Message-0-76
21:20:56.981 [pool-1-thread-2] DEBUG com.mnc.udp.UDPServer - UDP-Server: Message-94-80
21:20:56.981 [pool-1-thread-5] DEBUG com.mnc.udp.UDPServer - UDP-Server: Message-10-77 -> Message-10-77 (/127.0.0.1:49435)
21:20:56.981 [pool-1-thread-1] DEBUG com.mnc.udp.UDPServer - UDP-Server: Message-0-76 -> Message-0-76 (/127.0.0.1:49425)
21:20:56.981 [pool-1-thread-4] DEBUG com.mnc.udp.UDPServer - UDP-Server: Message-26-86
21:20:56.981 [pool-1-thread-3] DEBUG com.mnc.udp.UDPServer - UDP-Server: Message-72-77 -> Message-72-77 (/127.0.0.1:49497)
21:20:56.981 [pool-1-thread-4] DEBUG com.mnc.udp.UDPServer - UDP-Server: Message-26-86 -> Message-26-86 (/127.0.0.1:49451)
21:20:56.981 [pool-1-thread-5] DEBUG com.mnc.udp.UDPServer - UDP-Server: Message-69-77
21:20:56.981 [pool-1-thread-2] DEBUG com.mnc.udp.UDPServer - UDP-Server: Message-94-80 -> Message-94-80 (/127.0.0.1:49519)
21:20:56.981 [pool-1-thread-5] DEBUG com.mnc.udp.UDPServer - UDP-Server: Message-69-77 -> Message-69-77 (/127.0.0.1:49494)
21:20:56.981 [pool-1-thread-1] DEBUG com.mnc.udp.UDPServer - UDP-Server: Message-6-75
21:20:56.981 [pool-1-thread-5] DEBUG com.mnc.udp.UDPServer - UDP-Server: Message-4-77
21:20:56.981 [pool-1-thread-2] DEBUG com.mnc.udp.UDPServer - UDP-Server: Message-51-75
21:20:56.981 [pool-1-thread-5] DEBUG com.mnc.udp.UDPServer - UDP-Server: Message-4-77 -> Message-4-77 (/127.0.0.1:49429)
21:20:56.981 [pool-1-thread-2] DEBUG com.mnc.udp.UDPServer - UDP-Server: Message-51-75 -> Message-51-75 (/127.0.0.1:49476)
21:20:56.981 [pool-1-thread-3] DEBUG com.mnc.udp.UDPServer - UDP-Server: Message-5-76
21:20:56.981 [pool-1-thread-4] DEBUG com.mnc.udp.UDPServer - UDP-Server: Message-74-75
21:20:56.981 [pool-1-thread-2] DEBUG com.mnc.udp.UDPServer - UDP-Server: Message-3-77
21:20:56.981 [pool-1-thread-3] DEBUG com.mnc.udp.UDPServer - UDP-Server: Message-5-76 -> Message-5-76 (/127.0.0.1:49430)
21:20:56.981 [pool-1-thread-1] DEBUG com.mnc.udp.UDPServer - UDP-Server: Message-6-75 -> Message-6-75 (/127.0.0.1:49431)
21:20:56.981 [pool-1-thread-5] DEBUG com.mnc.udp.UDPServer - UDP-Server: Message-9-77
21:20:56.981 [pool-1-thread-3] DEBUG com.mnc.udp.UDPServer - UDP-Server: Message-67-2
21:20:56.981 [pool-1-thread-4] DEBUG com.mnc.udp.UDPServer - UDP-Server: Message-74-75 -> Message-74-75 (/127.0.0.1:49499)
21:20:56.981 [pool-1-thread-3] DEBUG com.mnc.udp.UDPServer - UDP-Server: Message-67-2 -> Message-67-2 (/127.0.0.1:49492)
21:20:56.981 [pool-1-thread-5] DEBUG com.mnc.udp.UDPServer - UDP-Server: Message-9-77 -> Message-9-77 (/127.0.0.1:49434)
21:20:56.981 [pool-1-thread-2] DEBUG com.mnc.udp.UDPServer - UDP-Server: Message-3-77 -> Message-3-77 (/127.0.0.1:49428)
21:20:56.981 [pool-1-thread-3] DEBUG com.mnc.udp.UDPServer - UDP-Server: Message-45-0
21:20:56.981 [pool-1-thread-5] DEBUG com.mnc.udp.UDPServer - UDP-Server: Message-65-0
21:20:56.981 [pool-1-thread-3] DEBUG com.mnc.udp.UDPServer - UDP-Server: Message-45-0 -> Message-45-0 (/127.0.0.1:49470)
21:20:56.981 [pool-1-thread-2] DEBUG com.mnc.udp.UDPServer - UDP-Server: Message-2-77
21:20:56.981 [pool-1-thread-5] DEBUG com.mnc.udp.UDPServer - UDP-Server: Message-65-0 -> Message-65-0 (/127.0.0.1:49490)
21:20:56.981 [pool-1-thread-1] DEBUG com.mnc.udp.UDPServer - UDP-Server: Message-50-77
21:20:56.981 [pool-1-thread-3] DEBUG com.mnc.udp.UDPServer - UDP-Server: Message-32-2
21:20:56.981 [pool-1-thread-4] DEBUG com.mnc.udp.UDPServer - UDP-Server: Message-1-75
21:20:56.981 [pool-1-thread-3] DEBUG com.mnc.udp.UDPServer - UDP-Server: Message-32-2 -> Message-32-2 (/127.0.0.1:49457)
21:20:56.981 [pool-1-thread-2] DEBUG com.mnc.udp.UDPServer - UDP-Server: Message-2-77 -> Message-2-77 (/127.0.0.1:49427)
21:20:56.981 [pool-1-thread-5] DEBUG com.mnc.udp.UDPServer - UDP-Server: Message-52-77
21:20:56.981 [pool-1-thread-1] DEBUG com.mnc.udp.UDPServer - UDP-Server: Message-50-77 -> Message-50-77 (/127.0.0.1:49475)
21:20:56.981 [pool-1-thread-4] DEBUG com.mnc.udp.UDPServer - UDP-Server: Message-1-75 -> Message-1-75 (/127.0.0.1:49426)
21:20:56.982 [pool-1-thread-3] DEBUG com.mnc.udp.UDPServer - UDP-Server: Message-8-32
21:20:56.982 [pool-1-thread-2] DEBUG com.mnc.udp.UDPServer - UDP-Server: Message-0-77
21:20:56.982 [pool-1-thread-3] DEBUG com.mnc.udp.UDPServer - UDP-Server: Message-8-32 -> Message-8-32 (/127.0.0.1:49433)
21:20:56.982 [pool-1-thread-5] DEBUG com.mnc.udp.UDPServer - UDP-Server: Message-52-77 -> Message-52-77 (/127.0.0.1:49477)
21:20:56.982 [pool-1-thread-1] DEBUG com.mnc.udp.UDPServer - UDP-Server: Message-10-75
21:20:56.982 [pool-1-thread-4] DEBUG com.mnc.udp.UDPServer - UDP-Server: Message-26-10
21:20:56.982 [pool-1-thread-5] DEBUG com.mnc.udp.UDPServer - UDP-Server: Message-94-76
21:20:56.982 [pool-1-thread-2] DEBUG com.mnc.udp.UDPServer - UDP-Server: Message-0-77 -> Message-0-77 (/127.0.0.1:49425)
21:20:56.982 [pool-1-thread-5] DEBUG com.mnc.udp.UDPServer - UDP-Server: Message-94-76 -> Message-94-76 (/127.0.0.1:49519)
21:20:56.982 [pool-1-thread-3] DEBUG com.mnc.udp.UDPServer - UDP-Server: Message-72-75
21:20:56.982 [pool-1-thread-1] DEBUG com.mnc.udp.UDPServer - UDP-Server: Message-10-75 -> Message-10-75 (/127.0.0.1:49435)
21:20:56.982 [pool-1-thread-3] DEBUG com.mnc.udp.UDPServer - UDP-Server: Message-72-75 -> Message-72-75 (/127.0.0.1:49497)
21:20:56.982 [pool-1-thread-2] DEBUG com.mnc.udp.UDPServer - UDP-Server: Message-69-75
21:20:56.982 [pool-1-thread-1] DEBUG com.mnc.udp.UDPServer - UDP-Server: Message-51-32
21:20:56.982 [pool-1-thread-3] DEBUG com.mnc.udp.UDPServer - UDP-Server: Message-5-77
21:20:56.982 [pool-1-thread-4] DEBUG com.mnc.udp.UDPServer - UDP-Server: Message-26-10 -> Message-26-10 (/127.0.0.1:49451)
21:20:56.982 [pool-1-thread-5] DEBUG com.mnc.udp.UDPServer - UDP-Server: Message-4-75
21:20:56.982 [pool-1-thread-2] DEBUG com.mnc.udp.UDPServer - UDP-Server: Message-69-75 -> Message-69-75 (/127.0.0.1:49494)
21:20:56.982 [pool-1-thread-5] DEBUG com.mnc.udp.UDPServer - UDP-Server: Message-4-75 -> Message-4-75 (/127.0.0.1:49429)
21:20:56.982 [pool-1-thread-1] DEBUG com.mnc.udp.UDPServer - UDP-Server: Message-51-32 -> Message-51-32 (/127.0.0.1:49476)
21:20:56.982 [pool-1-thread-2] DEBUG com.mnc.udp.UDPServer - UDP-Server: Message-74-32
21:20:56.982 [pool-1-thread-3] DEBUG com.mnc.udp.UDPServer - UDP-Server: Message-5-77 -> Message-5-77 (/127.0.0.1:49430)
21:20:56.982 [pool-1-thread-4] DEBUG com.mnc.udp.UDPServer - UDP-Server: Message-6-32
21:20:56.982 [pool-1-thread-5] DEBUG com.mnc.udp.UDPServer - UDP-Server: Message-3-75
21:20:56.982 [pool-1-thread-4] DEBUG com.mnc.udp.UDPServer - UDP-Server: Message-6-32 -> Message-6-32 (/127.0.0.1:49431)
21:20:56.982 [pool-1-thread-1] DEBUG com.mnc.udp.UDPServer - UDP-Server: Message-67-0
21:20:56.982 [pool-1-thread-2] DEBUG com.mnc.udp.UDPServer - UDP-Server: Message-74-32 -> Message-74-32 (/127.0.0.1:49499)
21:20:56.982 [pool-1-thread-1] DEBUG com.mnc.udp.UDPServer - UDP-Server: Message-67-0 -> Message-67-0 (/127.0.0.1:49492)
21:20:56.982 [pool-1-thread-3] DEBUG com.mnc.udp.UDPServer - UDP-Server: Message-9-75
21:20:56.982 [pool-1-thread-5] DEBUG com.mnc.udp.UDPServer - UDP-Server: Message-3-75 -> Message-3-75 (/127.0.0.1:49428)
21:20:56.982 [pool-1-thread-3] DEBUG com.mnc.udp.UDPServer - UDP-Server: Message-9-75 -> Message-9-75 (/127.0.0.1:49434)
21:20:56.982 [pool-1-thread-2] DEBUG com.mnc.udp.UDPServer - UDP-Server: Message-32-0
21:20:56.982 [pool-1-thread-4] DEBUG com.mnc.udp.UDPServer - UDP-Server: Message-45-90
21:20:56.982 [pool-1-thread-5] DEBUG com.mnc.udp.UDPServer - UDP-Server: Message-2-75
21:20:56.982 [pool-1-thread-5] DEBUG com.mnc.udp.UDPServer - UDP-Server: Message-2-75 -> Message-2-75 (/127.0.0.1:49427)
21:20:56.982 [pool-1-thread-1] DEBUG com.mnc.udp.UDPServer - UDP-Server: Message-65-90
21:20:56.982 [pool-1-thread-1] DEBUG com.mnc.udp.UDPServer - UDP-Server: Message-65-90 -> Message-65-90 (/127.0.0.1:49490)
21:20:56.982 [pool-1-thread-1] DEBUG com.mnc.udp.UDPServer - UDP-Server: Message-8-33
21:20:56.982 [pool-1-thread-1] DEBUG com.mnc.udp.UDPServer - UDP-Server: Message-8-33 -> Message-8-33 (/127.0.0.1:49433)
21:20:56.983 [pool-1-thread-1] DEBUG com.mnc.udp.UDPServer - UDP-Server: Message-52-75
21:20:56.983 [pool-1-thread-1] DEBUG com.mnc.udp.UDPServer - UDP-Server: Message-52-75 -> Message-52-75 (/127.0.0.1:49477)
21:20:56.982 [pool-1-thread-2] DEBUG com.mnc.udp.UDPServer - UDP-Server: Message-32-0 -> Message-32-0 (/127.0.0.1:49457)
21:20:56.983 [pool-1-thread-2] DEBUG com.mnc.udp.UDPServer - UDP-Server: Message-0-75
21:20:56.983 [pool-1-thread-2] DEBUG com.mnc.udp.UDPServer - UDP-Server: Message-0-75 -> Message-0-75 (/127.0.0.1:49425)
21:20:56.982 [pool-1-thread-3] DEBUG com.mnc.udp.UDPServer - UDP-Server: Message-50-75
21:20:56.983 [pool-1-thread-3] DEBUG com.mnc.udp.UDPServer - UDP-Server: Message-50-75 -> Message-50-75 (/127.0.0.1:49475)
21:20:56.982 [pool-1-thread-4] DEBUG com.mnc.udp.UDPServer - UDP-Server: Message-45-90 -> Message-45-90 (/127.0.0.1:49470)
21:20:56.982 [pool-1-thread-5] DEBUG com.mnc.udp.UDPServer - UDP-Server: Message-1-32
21:20:56.983 [pool-1-thread-1] DEBUG com.mnc.udp.UDPServer - UDP-Server: Message-94-15
21:20:56.983 [pool-1-thread-2] DEBUG com.mnc.udp.UDPServer - UDP-Server: Message-72-32
21:20:56.983 [pool-1-thread-3] DEBUG com.mnc.udp.UDPServer - UDP-Server: Message-10-32
21:20:56.983 [pool-1-thread-2] DEBUG com.mnc.udp.UDPServer - UDP-Server: Message-72-32 -> Message-72-32 (/127.0.0.1:49497)
21:20:56.983 [pool-1-thread-4] DEBUG com.mnc.udp.UDPServer - UDP-Server: Message-26-40
21:20:56.983 [pool-1-thread-5] DEBUG com.mnc.udp.UDPServer - UDP-Server: Message-1-32 -> Message-1-32 (/127.0.0.1:49426)
21:20:56.983 [pool-1-thread-2] DEBUG com.mnc.udp.UDPServer - UDP-Server: Message-69-32
21:20:56.983 [pool-1-thread-1] DEBUG com.mnc.udp.UDPServer - UDP-Server: Message-94-15 -> Message-94-15 (/127.0.0.1:49519)
21:20:56.983 [pool-1-thread-5] DEBUG com.mnc.udp.UDPServer - UDP-Server: Message-4-32
21:20:56.983 [pool-1-thread-5] DEBUG com.mnc.udp.UDPServer - UDP-Server: Message-4-32 -> Message-4-32 (/127.0.0.1:49429)
21:20:56.983 [pool-1-thread-3] DEBUG com.mnc.udp.UDPServer - UDP-Server: Message-10-32 -> Message-10-32 (/127.0.0.1:49435)
21:20:56.983 [pool-1-thread-4] DEBUG com.mnc.udp.UDPServer - UDP-Server: Message-26-40 -> Message-26-40 (/127.0.0.1:49451)
21:20:56.983 [pool-1-thread-2] DEBUG com.mnc.udp.UDPServer - UDP-Server: Message-69-32 -> Message-69-32 (/127.0.0.1:49494)
21:20:56.983 [pool-1-thread-1] DEBUG com.mnc.udp.UDPServer - UDP-Server: Message-51-33
21:20:56.983 [pool-1-thread-5] DEBUG com.mnc.udp.UDPServer - UDP-Server: Message-5-75
21:20:56.983 [pool-1-thread-3] DEBUG com.mnc.udp.UDPServer - UDP-Server: Message-6-33
21:20:56.983 [pool-1-thread-5] DEBUG com.mnc.udp.UDPServer - UDP-Server: Message-5-75 -> Message-5-75 (/127.0.0.1:49430)
21:20:56.983 [pool-1-thread-4] DEBUG com.mnc.udp.UDPServer - UDP-Server: Message-74-33
21:20:56.983 [pool-1-thread-2] DEBUG com.mnc.udp.UDPServer - UDP-Server: Message-67-90
21:20:56.983 [pool-1-thread-5] DEBUG com.mnc.udp.UDPServer - UDP-Server: Message-3-32
21:20:56.983 [pool-1-thread-1] DEBUG com.mnc.udp.UDPServer - UDP-Server: Message-51-33 -> Message-51-33 (/127.0.0.1:49476)
21:20:56.983 [pool-1-thread-5] DEBUG com.mnc.udp.UDPServer - UDP-Server: Message-3-32 -> Message-3-32 (/127.0.0.1:49428)
21:20:56.983 [pool-1-thread-3] DEBUG com.mnc.udp.UDPServer - UDP-Server: Message-6-33 -> Message-6-33 (/127.0.0.1:49431)
21:20:56.983 [pool-1-thread-1] DEBUG com.mnc.udp.UDPServer - UDP-Server: Message-9-32
21:20:56.983 [pool-1-thread-5] DEBUG com.mnc.udp.UDPServer - UDP-Server: Message-2-32
21:20:56.983 [pool-1-thread-5] DEBUG com.mnc.udp.UDPServer - UDP-Server: Message-2-32 -> Message-2-32 (/127.0.0.1:49427)
21:20:56.983 [pool-1-thread-3] DEBUG com.mnc.udp.UDPServer - UDP-Server: Message-65-91
21:20:56.983 [pool-1-thread-4] DEBUG com.mnc.udp.UDPServer - UDP-Server: Message-74-33 -> Message-74-33 (/127.0.0.1:49499)
21:20:56.983 [pool-1-thread-5] DEBUG com.mnc.udp.UDPServer - UDP-Server: Message-8-31
21:20:56.983 [pool-1-thread-2] DEBUG com.mnc.udp.UDPServer - UDP-Server: Message-67-90 -> Message-67-90 (/127.0.0.1:49492)
21:20:56.984 [pool-1-thread-5] DEBUG com.mnc.udp.UDPServer - UDP-Server: Message-8-31 -> Message-8-31 (/127.0.0.1:49433)
21:20:56.983 [pool-1-thread-1] DEBUG com.mnc.udp.UDPServer - UDP-Server: Message-9-32 -> Message-9-32 (/127.0.0.1:49434)
21:20:56.984 [pool-1-thread-2] DEBUG com.mnc.udp.UDPServer - UDP-Server: Message-0-32
21:20:56.983 [pool-1-thread-3] DEBUG com.mnc.udp.UDPServer - UDP-Server: Message-65-91 -> Message-65-91 (/127.0.0.1:49490)
21:20:56.984 [pool-1-thread-5] DEBUG com.mnc.udp.UDPServer - UDP-Server: Message-52-32
21:20:56.984 [pool-1-thread-2] DEBUG com.mnc.udp.UDPServer - UDP-Server: Message-0-32 -> Message-0-32 (/127.0.0.1:49425)
21:20:56.984 [pool-1-thread-4] DEBUG com.mnc.udp.UDPServer - UDP-Server: Message-32-90
21:20:56.984 [pool-1-thread-1] DEBUG com.mnc.udp.UDPServer - UDP-Server: Message-50-32
21:20:56.984 [pool-1-thread-2] DEBUG com.mnc.udp.UDPServer - UDP-Server: Message-72-33
21:20:56.984 [pool-1-thread-5] DEBUG com.mnc.udp.UDPServer - UDP-Server: Message-52-32 -> Message-52-32 (/127.0.0.1:49477)
21:20:56.984 [pool-1-thread-3] DEBUG com.mnc.udp.UDPServer - UDP-Server: Message-45-91
21:20:56.984 [pool-1-thread-4] DEBUG com.mnc.udp.UDPServer - UDP-Server: Message-32-90 -> Message-32-90 (/127.0.0.1:49457)
21:20:56.984 [pool-1-thread-1] DEBUG com.mnc.udp.UDPServer - UDP-Server: Message-50-32 -> Message-50-32 (/127.0.0.1:49475)
21:20:56.984 [pool-1-thread-2] DEBUG com.mnc.udp.UDPServer - UDP-Server: Message-72-33 -> Message-72-33 (/127.0.0.1:49497)
21:20:56.984 [pool-1-thread-3] DEBUG com.mnc.udp.UDPServer - UDP-Server: Message-45-91 -> Message-45-91 (/127.0.0.1:49470)
21:20:56.984 [pool-1-thread-5] DEBUG com.mnc.udp.UDPServer - UDP-Server: Message-1-33
21:20:56.984 [pool-1-thread-4] DEBUG com.mnc.udp.UDPServer - UDP-Server: Message-94-77
21:20:56.984 [pool-1-thread-1] DEBUG com.mnc.udp.UDPServer - UDP-Server: Message-4-33
21:20:56.984 [pool-1-thread-3] DEBUG com.mnc.udp.UDPServer - UDP-Server: Message-26-11
21:20:56.984 [pool-1-thread-2] DEBUG com.mnc.udp.UDPServer - UDP-Server: Message-10-33
21:20:56.984 [pool-1-thread-1] DEBUG com.mnc.udp.UDPServer - UDP-Server: Message-4-33 -> Message-4-33 (/127.0.0.1:49429)
21:20:56.984 [pool-1-thread-5] DEBUG com.mnc.udp.UDPServer - UDP-Server: Message-1-33 -> Message-1-33 (/127.0.0.1:49426)
21:20:56.984 [pool-1-thread-4] DEBUG com.mnc.udp.UDPServer - UDP-Server: Message-94-77 -> Message-94-77 (/127.0.0.1:49519)
21:20:56.984 [pool-1-thread-3] DEBUG com.mnc.udp.UDPServer - UDP-Server: Message-26-11 -> Message-26-11 (/127.0.0.1:49451)
21:20:56.984 [pool-1-thread-5] DEBUG com.mnc.udp.UDPServer - UDP-Server: Message-5-32
21:20:56.984 [pool-1-thread-3] DEBUG com.mnc.udp.UDPServer - UDP-Server: Message-51-31
21:20:56.984 [pool-1-thread-2] DEBUG com.mnc.udp.UDPServer - UDP-Server: Message-10-33 -> Message-10-33 (/127.0.0.1:49435)
21:20:56.984 [pool-1-thread-3] DEBUG com.mnc.udp.UDPServer - UDP-Server: Message-51-31 -> Message-51-31 (/127.0.0.1:49476)
21:20:56.984 [pool-1-thread-1] DEBUG com.mnc.udp.UDPServer - UDP-Server: Message-69-33
21:20:56.984 [pool-1-thread-4] DEBUG com.mnc.udp.UDPServer - UDP-Server: Message-3-33
21:20:56.984 [pool-1-thread-1] DEBUG com.mnc.udp.UDPServer - UDP-Server: Message-69-33 -> Message-69-33 (/127.0.0.1:49494)
21:20:56.984 [pool-1-thread-3] DEBUG com.mnc.udp.UDPServer - UDP-Server: Message-2-33
21:20:56.984 [pool-1-thread-5] DEBUG com.mnc.udp.UDPServer - UDP-Server: Message-5-32 -> Message-5-32 (/127.0.0.1:49430)
21:20:56.984 [pool-1-thread-1] DEBUG com.mnc.udp.UDPServer - UDP-Server: Message-74-31
21:20:56.984 [pool-1-thread-2] DEBUG com.mnc.udp.UDPServer - UDP-Server: Message-6-31
21:20:56.984 [pool-1-thread-4] DEBUG com.mnc.udp.UDPServer - UDP-Server: Message-3-33 -> Message-3-33 (/127.0.0.1:49428)
21:20:56.984 [pool-1-thread-3] DEBUG com.mnc.udp.UDPServer - UDP-Server: Message-2-33 -> Message-2-33 (/127.0.0.1:49427)
21:20:56.984 [pool-1-thread-1] DEBUG com.mnc.udp.UDPServer - UDP-Server: Message-74-31 -> Message-74-31 (/127.0.0.1:49499)
21:20:56.984 [pool-1-thread-5] DEBUG com.mnc.udp.UDPServer - UDP-Server: Message-67-91
21:20:56.984 [pool-1-thread-1] DEBUG com.mnc.udp.UDPServer - UDP-Server: Message-65-92
21:20:56.984 [pool-1-thread-5] DEBUG com.mnc.udp.UDPServer - UDP-Server: Message-67-91 -> Message-67-91 (/127.0.0.1:49492)
21:20:56.984 [pool-1-thread-2] DEBUG com.mnc.udp.UDPServer - UDP-Server: Message-6-31 -> Message-6-31 (/127.0.0.1:49431)
21:20:56.984 [pool-1-thread-1] DEBUG com.mnc.udp.UDPServer - UDP-Server: Message-65-92 -> Message-65-92 (/127.0.0.1:49490)
21:20:56.984 [pool-1-thread-4] DEBUG com.mnc.udp.UDPServer - UDP-Server: Message-8-35
21:20:56.984 [pool-1-thread-3] DEBUG com.mnc.udp.UDPServer - UDP-Server: Message-9-33
21:20:56.984 [pool-1-thread-4] DEBUG com.mnc.udp.UDPServer - UDP-Server: Message-8-35 -> Message-8-35 (/127.0.0.1:49433)
21:20:56.984 [pool-1-thread-5] DEBUG com.mnc.udp.UDPServer - UDP-Server: Message-0-33
21:20:56.984 [pool-1-thread-1] DEBUG com.mnc.udp.UDPServer - UDP-Server: Message-52-33
21:20:56.984 [pool-1-thread-2] DEBUG com.mnc.udp.UDPServer - UDP-Server: Message-50-33
21:20:56.984 [pool-1-thread-3] DEBUG com.mnc.udp.UDPServer - UDP-Server: Message-9-33 -> Message-9-33 (/127.0.0.1:49434)
21:20:56.985 [pool-1-thread-5] DEBUG com.mnc.udp.UDPServer - UDP-Server: Message-0-33 -> Message-0-33 (/127.0.0.1:49425)
21:20:56.985 [pool-1-thread-2] DEBUG com.mnc.udp.UDPServer - UDP-Server: Message-50-33 -> Message-50-33 (/127.0.0.1:49475)
21:20:56.985 [pool-1-thread-4] DEBUG com.mnc.udp.UDPServer - UDP-Server: Message-32-91
21:20:56.985 [pool-1-thread-3] DEBUG com.mnc.udp.UDPServer - UDP-Server: Message-72-31
21:20:56.985 [pool-1-thread-5] DEBUG com.mnc.udp.UDPServer - UDP-Server: Message-45-82
21:20:56.985 [pool-1-thread-1] DEBUG com.mnc.udp.UDPServer - UDP-Server: Message-52-33 -> Message-52-33 (/127.0.0.1:49477)
21:20:56.985 [pool-1-thread-4] DEBUG com.mnc.udp.UDPServer - UDP-Server: Message-32-91 -> Message-32-91 (/127.0.0.1:49457)
21:20:56.985 [pool-1-thread-2] DEBUG com.mnc.udp.UDPServer - UDP-Server: Message-4-31
21:20:56.985 [pool-1-thread-3] DEBUG com.mnc.udp.UDPServer - UDP-Server: Message-72-31 -> Message-72-31 (/127.0.0.1:49497)
21:20:56.985 [pool-1-thread-2] DEBUG com.mnc.udp.UDPServer - UDP-Server: Message-4-31 -> Message-4-31 (/127.0.0.1:49429)
21:20:56.985 [pool-1-thread-5] DEBUG com.mnc.udp.UDPServer - UDP-Server: Message-45-82 -> Message-45-82 (/127.0.0.1:49470)
21:20:56.985 [pool-1-thread-3] DEBUG com.mnc.udp.UDPServer - UDP-Server: Message-26-84
21:20:56.985 [pool-1-thread-1] DEBUG com.mnc.udp.UDPServer - UDP-Server: Message-1-31
21:20:56.985 [pool-1-thread-3] DEBUG com.mnc.udp.UDPServer - UDP-Server: Message-26-84 -> Message-26-84 (/127.0.0.1:49451)
21:20:56.985 [pool-1-thread-1] DEBUG com.mnc.udp.UDPServer - UDP-Server: Message-1-31 -> Message-1-31 (/127.0.0.1:49426)
21:20:56.985 [pool-1-thread-4] DEBUG com.mnc.udp.UDPServer - UDP-Server: Message-94-16
21:20:56.985 [pool-1-thread-2] DEBUG com.mnc.udp.UDPServer - UDP-Server: Message-10-31
21:20:56.985 [pool-1-thread-1] DEBUG com.mnc.udp.UDPServer - UDP-Server: Message-5-33
21:20:56.985 [pool-1-thread-4] DEBUG com.mnc.udp.UDPServer - UDP-Server: Message-94-16 -> Message-94-16 (/127.0.0.1:49519)
21:20:56.985 [pool-1-thread-5] DEBUG com.mnc.udp.UDPServer - UDP-Server: Message-51-35
21:20:56.985 [pool-1-thread-3] DEBUG com.mnc.udp.UDPServer - UDP-Server: Message-69-31
21:20:56.985 [pool-1-thread-2] DEBUG com.mnc.udp.UDPServer - UDP-Server: Message-10-31 -> Message-10-31 (/127.0.0.1:49435)
21:20:56.985 [pool-1-thread-1] DEBUG com.mnc.udp.UDPServer - UDP-Server: Message-5-33 -> Message-5-33 (/127.0.0.1:49430)
21:20:56.985 [pool-1-thread-2] DEBUG com.mnc.udp.UDPServer - UDP-Server: Message-2-31
21:20:56.985 [pool-1-thread-5] DEBUG com.mnc.udp.UDPServer - UDP-Server: Message-51-35 -> Message-51-35 (/127.0.0.1:49476)
21:20:56.985 [pool-1-thread-4] DEBUG com.mnc.udp.UDPServer - UDP-Server: Message-3-31
21:20:56.985 [pool-1-thread-3] DEBUG com.mnc.udp.UDPServer - UDP-Server: Message-69-31 -> Message-69-31 (/127.0.0.1:49494)
21:20:56.985 [pool-1-thread-3] DEBUG com.mnc.udp.UDPServer - UDP-Server: Message-65-88
21:20:56.985 [pool-1-thread-1] DEBUG com.mnc.udp.UDPServer - UDP-Server: Message-74-35
21:20:56.985 [pool-1-thread-2] DEBUG com.mnc.udp.UDPServer - UDP-Server: Message-2-31 -> Message-2-31 (/127.0.0.1:49427)
21:20:56.985 [pool-1-thread-1] DEBUG com.mnc.udp.UDPServer - UDP-Server: Message-74-35 -> Message-74-35 (/127.0.0.1:49499)
21:20:56.985 [pool-1-thread-5] DEBUG com.mnc.udp.UDPServer - UDP-Server: Message-67-92
21:20:56.985 [pool-1-thread-2] DEBUG com.mnc.udp.UDPServer - UDP-Server: Message-6-35
21:20:56.985 [pool-1-thread-4] DEBUG com.mnc.udp.UDPServer - UDP-Server: Message-3-31 -> Message-3-31 (/127.0.0.1:49428)
21:20:56.985 [pool-1-thread-2] DEBUG com.mnc.udp.UDPServer - UDP-Server: Message-6-35 -> Message-6-35 (/127.0.0.1:49431)
21:20:56.985 [pool-1-thread-3] DEBUG com.mnc.udp.UDPServer - UDP-Server: Message-65-88 -> Message-65-88 (/127.0.0.1:49490)
21:20:56.985 [pool-1-thread-4] DEBUG com.mnc.udp.UDPServer - UDP-Server: Message-9-31
21:20:56.985 [pool-1-thread-5] DEBUG com.mnc.udp.UDPServer - UDP-Server: Message-67-92 -> Message-67-92 (/127.0.0.1:49492)
21:20:56.985 [pool-1-thread-2] DEBUG com.mnc.udp.UDPServer - UDP-Server: Message-0-31
21:20:56.985 [pool-1-thread-4] DEBUG com.mnc.udp.UDPServer - UDP-Server: Message-9-31 -> Message-9-31 (/127.0.0.1:49434)
21:20:56.985 [pool-1-thread-3] DEBUG com.mnc.udp.UDPServer - UDP-Server: Message-50-31
21:20:56.985 [pool-1-thread-3] DEBUG com.mnc.udp.UDPServer - UDP-Server: Message-50-31 -> Message-50-31 (/127.0.0.1:49475)
21:20:56.985 [pool-1-thread-1] DEBUG com.mnc.udp.UDPServer - UDP-Server: Message-8-36
21:20:56.985 [pool-1-thread-2] DEBUG com.mnc.udp.UDPServer - UDP-Server: Message-0-31 -> Message-0-31 (/127.0.0.1:49425)
21:20:56.985 [pool-1-thread-5] DEBUG com.mnc.udp.UDPServer - UDP-Server: Message-52-31
21:20:56.985 [pool-1-thread-4] DEBUG com.mnc.udp.UDPServer - UDP-Server: Message-32-92
21:20:56.985 [pool-1-thread-3] DEBUG com.mnc.udp.UDPServer - UDP-Server: Message-72-35
21:20:56.986 [pool-1-thread-2] DEBUG com.mnc.udp.UDPServer - UDP-Server: Message-45-92
21:20:56.986 [pool-1-thread-1] DEBUG com.mnc.udp.UDPServer - UDP-Server: Message-8-36 -> Message-8-36 (/127.0.0.1:49433)
21:20:56.986 [pool-1-thread-3] DEBUG com.mnc.udp.UDPServer - UDP-Server: Message-72-35 -> Message-72-35 (/127.0.0.1:49497)
21:20:56.986 [pool-1-thread-5] DEBUG com.mnc.udp.UDPServer - UDP-Server: Message-52-31 -> Message-52-31 (/127.0.0.1:49477)
21:20:56.986 [pool-1-thread-1] DEBUG com.mnc.udp.UDPServer - UDP-Server: Message-4-35
21:20:56.986 [pool-1-thread-4] DEBUG com.mnc.udp.UDPServer - UDP-Server: Message-32-92 -> Message-32-92 (/127.0.0.1:49457)
21:20:56.986 [pool-1-thread-2] DEBUG com.mnc.udp.UDPServer - UDP-Server: Message-45-92 -> Message-45-92 (/127.0.0.1:49470)
21:20:56.986 [pool-1-thread-3] DEBUG com.mnc.udp.UDPServer - UDP-Server: Message-26-29
21:20:56.986 [pool-1-thread-5] DEBUG com.mnc.udp.UDPServer - UDP-Server: Message-1-35
21:20:56.986 [pool-1-thread-3] DEBUG com.mnc.udp.UDPServer - UDP-Server: Message-26-29 -> Message-26-29 (/127.0.0.1:49451)
21:20:56.986 [pool-1-thread-1] DEBUG com.mnc.udp.UDPServer - UDP-Server: Message-4-35 -> Message-4-35 (/127.0.0.1:49429)
21:20:56.986 [pool-1-thread-3] DEBUG com.mnc.udp.UDPServer - UDP-Server: Message-5-31
21:20:56.986 [pool-1-thread-4] DEBUG com.mnc.udp.UDPServer - UDP-Server: Message-94-17
21:20:56.986 [pool-1-thread-3] DEBUG com.mnc.udp.UDPServer - UDP-Server: Message-5-31 -> Message-5-31 (/127.0.0.1:49430)
21:20:56.986 [pool-1-thread-2] DEBUG com.mnc.udp.UDPServer - UDP-Server: Message-10-35
21:20:56.986 [pool-1-thread-5] DEBUG com.mnc.udp.UDPServer - UDP-Server: Message-1-35 -> Message-1-35 (/127.0.0.1:49426)
21:20:56.986 [pool-1-thread-1] DEBUG com.mnc.udp.UDPServer - UDP-Server: Message-51-36
21:20:56.986 [pool-1-thread-4] DEBUG com.mnc.udp.UDPServer - UDP-Server: Message-94-17 -> Message-94-17 (/127.0.0.1:49519)
21:20:56.986 [pool-1-thread-3] DEBUG com.mnc.udp.UDPServer - UDP-Server: Message-69-35
21:20:56.986 [pool-1-thread-2] DEBUG com.mnc.udp.UDPServer - UDP-Server: Message-10-35 -> Message-10-35 (/127.0.0.1:49435)
21:20:56.986 [pool-1-thread-3] DEBUG com.mnc.udp.UDPServer - UDP-Server: Message-69-35 -> Message-69-35 (/127.0.0.1:49494)
21:20:56.986 [pool-1-thread-5] DEBUG com.mnc.udp.UDPServer - UDP-Server: Message-74-36
21:20:56.986 [pool-1-thread-1] DEBUG com.mnc.udp.UDPServer - UDP-Server: Message-51-36 -> Message-51-36 (/127.0.0.1:49476)
21:20:56.986 [pool-1-thread-3] DEBUG com.mnc.udp.UDPServer - UDP-Server: Message-6-36
21:20:56.986 [pool-1-thread-4] DEBUG com.mnc.udp.UDPServer - UDP-Server: Message-2-35
21:20:56.986 [pool-1-thread-3] DEBUG com.mnc.udp.UDPServer - UDP-Server: Message-6-36 -> Message-6-36 (/127.0.0.1:49431)
21:20:56.986 [pool-1-thread-5] DEBUG com.mnc.udp.UDPServer - UDP-Server: Message-74-36 -> Message-74-36 (/127.0.0.1:49499)
21:20:56.986 [pool-1-thread-2] DEBUG com.mnc.udp.UDPServer - UDP-Server: Message-3-35
21:20:56.986 [pool-1-thread-1] DEBUG com.mnc.udp.UDPServer - UDP-Server: Message-65-89
21:20:56.986 [pool-1-thread-4] DEBUG com.mnc.udp.UDPServer - UDP-Server: Message-2-35 -> Message-2-35 (/127.0.0.1:49427)
21:20:56.986 [pool-1-thread-3] DEBUG com.mnc.udp.UDPServer - UDP-Server: Message-9-35
21:20:56.986 [pool-1-thread-4] DEBUG com.mnc.udp.UDPServer - UDP-Server: Message-50-35
21:20:56.986 [pool-1-thread-3] DEBUG com.mnc.udp.UDPServer - UDP-Server: Message-9-35 -> Message-9-35 (/127.0.0.1:49434)
21:20:56.986 [pool-1-thread-4] DEBUG com.mnc.udp.UDPServer - UDP-Server: Message-50-35 -> Message-50-35 (/127.0.0.1:49475)
21:20:56.986 [pool-1-thread-5] DEBUG com.mnc.udp.UDPServer - UDP-Server: Message-67-88
21:20:56.986 [pool-1-thread-3] DEBUG com.mnc.udp.UDPServer - UDP-Server: Message-0-35
21:20:56.986 [pool-1-thread-1] DEBUG com.mnc.udp.UDPServer - UDP-Server: Message-65-89 -> Message-65-89 (/127.0.0.1:49490)
21:20:56.986 [pool-1-thread-2] DEBUG com.mnc.udp.UDPServer - UDP-Server: Message-3-35 -> Message-3-35 (/127.0.0.1:49428)
21:20:56.986 [pool-1-thread-4] DEBUG com.mnc.udp.UDPServer - UDP-Server: Message-8-34
21:20:56.986 [pool-1-thread-5] DEBUG com.mnc.udp.UDPServer - UDP-Server: Message-67-88 -> Message-67-88 (/127.0.0.1:49492)
21:20:56.986 [pool-1-thread-3] DEBUG com.mnc.udp.UDPServer - UDP-Server: Message-0-35 -> Message-0-35 (/127.0.0.1:49425)
21:20:56.986 [pool-1-thread-4] DEBUG com.mnc.udp.UDPServer - UDP-Server: Message-8-34 -> Message-8-34 (/127.0.0.1:49433)
21:20:56.986 [pool-1-thread-1] DEBUG com.mnc.udp.UDPServer - UDP-Server: Message-72-36
21:20:56.986 [pool-1-thread-3] DEBUG com.mnc.udp.UDPServer - UDP-Server: Message-45-83
21:20:56.986 [pool-1-thread-4] DEBUG com.mnc.udp.UDPServer - UDP-Server: Message-26-78
21:20:56.986 [pool-1-thread-2] DEBUG com.mnc.udp.UDPServer - UDP-Server: Message-52-35
21:20:56.986 [pool-1-thread-4] DEBUG com.mnc.udp.UDPServer - UDP-Server: Message-26-78 -> Message-26-78 (/127.0.0.1:49451)
21:20:56.986 [pool-1-thread-5] DEBUG com.mnc.udp.UDPServer - UDP-Server: Message-32-88
21:20:56.986 [pool-1-thread-1] DEBUG com.mnc.udp.UDPServer - UDP-Server: Message-72-36 -> Message-72-36 (/127.0.0.1:49497)
21:20:56.986 [pool-1-thread-3] DEBUG com.mnc.udp.UDPServer - UDP-Server: Message-45-83 -> Message-45-83 (/127.0.0.1:49470)
21:20:56.987 [pool-1-thread-2] DEBUG com.mnc.udp.UDPServer - UDP-Server: Message-52-35 -> Message-52-35 (/127.0.0.1:49477)
21:20:56.987 [pool-1-thread-1] DEBUG com.mnc.udp.UDPServer - UDP-Server: Message-5-35
21:20:56.987 [pool-1-thread-4] DEBUG com.mnc.udp.UDPServer - UDP-Server: Message-4-36
21:20:56.987 [pool-1-thread-5] DEBUG com.mnc.udp.UDPServer - UDP-Server: Message-32-88 -> Message-32-88 (/127.0.0.1:49457)
21:20:56.987 [pool-1-thread-4] DEBUG com.mnc.udp.UDPServer - UDP-Server: Message-4-36 -> Message-4-36 (/127.0.0.1:49429)
21:20:56.987 [pool-1-thread-3] DEBUG com.mnc.udp.UDPServer - UDP-Server: Message-1-36
21:20:56.987 [pool-1-thread-1] DEBUG com.mnc.udp.UDPServer - UDP-Server: Message-5-35 -> Message-5-35 (/127.0.0.1:49430)
21:20:56.987 [pool-1-thread-2] DEBUG com.mnc.udp.UDPServer - UDP-Server: Message-94-75
21:20:56.987 [pool-1-thread-5] DEBUG com.mnc.udp.UDPServer - UDP-Server: Message-69-36
21:20:56.987 [pool-1-thread-4] DEBUG com.mnc.udp.UDPServer - UDP-Server: Message-10-36
21:20:56.987 [pool-1-thread-5] DEBUG com.mnc.udp.UDPServer - UDP-Server: Message-69-36 -> Message-69-36 (/127.0.0.1:49494)
21:20:56.987 [pool-1-thread-3] DEBUG com.mnc.udp.UDPServer - UDP-Server: Message-1-36 -> Message-1-36 (/127.0.0.1:49426)
21:20:56.987 [pool-1-thread-1] DEBUG com.mnc.udp.UDPServer - UDP-Server: Message-51-34
21:20:56.987 [pool-1-thread-5] DEBUG com.mnc.udp.UDPServer - UDP-Server: Message-6-34
21:20:56.987 [pool-1-thread-3] DEBUG com.mnc.udp.UDPServer - UDP-Server: Message-74-34
21:20:56.987 [pool-1-thread-2] DEBUG com.mnc.udp.UDPServer - UDP-Server: Message-94-75 -> Message-94-75 (/127.0.0.1:49519)
21:20:56.987 [pool-1-thread-3] DEBUG com.mnc.udp.UDPServer - UDP-Server: Message-74-34 -> Message-74-34 (/127.0.0.1:49499)
21:20:56.987 [pool-1-thread-1] DEBUG com.mnc.udp.UDPServer - UDP-Server: Message-51-34 -> Message-51-34 (/127.0.0.1:49476)
21:20:56.987 [pool-1-thread-2] DEBUG com.mnc.udp.UDPServer - UDP-Server: Message-2-36
21:20:56.987 [pool-1-thread-4] DEBUG com.mnc.udp.UDPServer - UDP-Server: Message-10-36 -> Message-10-36 (/127.0.0.1:49435)
21:20:56.987 [pool-1-thread-2] DEBUG com.mnc.udp.UDPServer - UDP-Server: Message-2-36 -> Message-2-36 (/127.0.0.1:49427)
21:20:56.987 [pool-1-thread-5] DEBUG com.mnc.udp.UDPServer - UDP-Server: Message-6-34 -> Message-6-34 (/127.0.0.1:49431)
21:20:56.987 [pool-1-thread-4] DEBUG com.mnc.udp.UDPServer - UDP-Server: Message-3-36
21:20:56.987 [pool-1-thread-3] DEBUG com.mnc.udp.UDPServer - UDP-Server: Message-9-36
21:20:56.987 [pool-1-thread-5] DEBUG com.mnc.udp.UDPServer - UDP-Server: Message-67-89
21:20:56.987 [pool-1-thread-1] DEBUG com.mnc.udp.UDPServer - UDP-Server: Message-50-36
21:20:56.987 [pool-1-thread-2] DEBUG com.mnc.udp.UDPServer - UDP-Server: Message-65-87
21:20:56.987 [pool-1-thread-4] DEBUG com.mnc.udp.UDPServer - UDP-Server: Message-3-36 -> Message-3-36 (/127.0.0.1:49428)
21:20:56.987 [pool-1-thread-2] DEBUG com.mnc.udp.UDPServer - UDP-Server: Message-65-87 -> Message-65-87 (/127.0.0.1:49490)
21:20:56.987 [pool-1-thread-5] DEBUG com.mnc.udp.UDPServer - UDP-Server: Message-67-89 -> Message-67-89 (/127.0.0.1:49492)
21:20:56.987 [pool-1-thread-3] DEBUG com.mnc.udp.UDPServer - UDP-Server: Message-9-36 -> Message-9-36 (/127.0.0.1:49434)
21:20:56.987 [pool-1-thread-1] DEBUG com.mnc.udp.UDPServer - UDP-Server: Message-50-36 -> Message-50-36 (/127.0.0.1:49475)
21:20:56.987 [pool-1-thread-5] DEBUG com.mnc.udp.UDPServer - UDP-Server: Message-26-9
21:20:56.987 [pool-1-thread-2] DEBUG com.mnc.udp.UDPServer - UDP-Server: Message-0-36
21:20:56.987 [pool-1-thread-4] DEBUG com.mnc.udp.UDPServer - UDP-Server: Message-8-28
21:20:56.987 [pool-1-thread-2] DEBUG com.mnc.udp.UDPServer - UDP-Server: Message-0-36 -> Message-0-36 (/127.0.0.1:49425)
21:20:56.987 [pool-1-thread-3] DEBUG com.mnc.udp.UDPServer - UDP-Server: Message-72-34
21:20:56.987 [pool-1-thread-4] DEBUG com.mnc.udp.UDPServer - UDP-Server: Message-8-28 -> Message-8-28 (/127.0.0.1:49433)
21:20:56.987 [pool-1-thread-5] DEBUG com.mnc.udp.UDPServer - UDP-Server: Message-26-9 -> Message-26-9 (/127.0.0.1:49451)
21:20:56.987 [pool-1-thread-1] DEBUG com.mnc.udp.UDPServer - UDP-Server: Message-52-36
21:20:56.987 [pool-1-thread-3] DEBUG com.mnc.udp.UDPServer - UDP-Server: Message-72-34 -> Message-72-34 (/127.0.0.1:49497)
21:20:56.987 [pool-1-thread-5] DEBUG com.mnc.udp.UDPServer - UDP-Server: Message-4-34
21:20:56.987 [pool-1-thread-2] DEBUG com.mnc.udp.UDPServer - UDP-Server: Message-45-81
21:20:56.987 [pool-1-thread-4] DEBUG com.mnc.udp.UDPServer - UDP-Server: Message-32-89
21:20:56.987 [pool-1-thread-2] DEBUG com.mnc.udp.UDPServer - UDP-Server: Message-45-81 -> Message-45-81 (/127.0.0.1:49470)
21:20:56.987 [pool-1-thread-1] DEBUG com.mnc.udp.UDPServer - UDP-Server: Message-52-36 -> Message-52-36 (/127.0.0.1:49477)
21:20:56.987 [pool-1-thread-5] DEBUG com.mnc.udp.UDPServer - UDP-Server: Message-4-34 -> Message-4-34 (/127.0.0.1:49429)
21:20:56.987 [pool-1-thread-3] DEBUG com.mnc.udp.UDPServer - UDP-Server: Message-5-36
21:20:56.988 [pool-1-thread-4] DEBUG com.mnc.udp.UDPServer - UDP-Server: Message-32-89 -> Message-32-89 (/127.0.0.1:49457)
21:20:56.988 [pool-1-thread-2] DEBUG com.mnc.udp.UDPServer - UDP-Server: Message-69-34
21:20:56.988 [pool-1-thread-5] DEBUG com.mnc.udp.UDPServer - UDP-Server: Message-94-13
21:20:56.988 [pool-1-thread-4] DEBUG com.mnc.udp.UDPServer - UDP-Server: Message-74-28
21:20:56.988 [pool-1-thread-1] DEBUG com.mnc.udp.UDPServer - UDP-Server: Message-1-34
21:20:56.988 [pool-1-thread-4] DEBUG com.mnc.udp.UDPServer - UDP-Server: Message-74-28 -> Message-74-28 (/127.0.0.1:49499)
21:20:56.988 [pool-1-thread-1] DEBUG com.mnc.udp.UDPServer - UDP-Server: Message-1-34 -> Message-1-34 (/127.0.0.1:49426)
21:20:56.988 [pool-1-thread-3] DEBUG com.mnc.udp.UDPServer - UDP-Server: Message-5-36 -> Message-5-36 (/127.0.0.1:49430)
21:20:56.988 [pool-1-thread-4] DEBUG com.mnc.udp.UDPServer - UDP-Server: Message-51-28
21:20:56.988 [pool-1-thread-2] DEBUG com.mnc.udp.UDPServer - UDP-Server: Message-69-34 -> Message-69-34 (/127.0.0.1:49494)
21:20:56.988 [pool-1-thread-1] DEBUG com.mnc.udp.UDPServer - UDP-Server: Message-10-34
21:20:56.988 [pool-1-thread-5] DEBUG com.mnc.udp.UDPServer - UDP-Server: Message-94-13 -> Message-94-13 (/127.0.0.1:49519)
21:20:56.988 [pool-1-thread-1] DEBUG com.mnc.udp.UDPServer - UDP-Server: Message-10-34 -> Message-10-34 (/127.0.0.1:49435)
21:20:56.988 [pool-1-thread-4] DEBUG com.mnc.udp.UDPServer - UDP-Server: Message-51-28 -> Message-51-28 (/127.0.0.1:49476)
21:20:56.988 [pool-1-thread-3] DEBUG com.mnc.udp.UDPServer - UDP-Server: Message-2-34
21:20:56.988 [pool-1-thread-1] DEBUG com.mnc.udp.UDPServer - UDP-Server: Message-65-96
21:20:56.988 [pool-1-thread-3] DEBUG com.mnc.udp.UDPServer - UDP-Server: Message-2-34 -> Message-2-34 (/127.0.0.1:49427)
21:20:56.988 [pool-1-thread-1] DEBUG com.mnc.udp.UDPServer - UDP-Server: Message-65-96 -> Message-65-96 (/127.0.0.1:49490)
21:20:56.988 [pool-1-thread-5] DEBUG com.mnc.udp.UDPServer - UDP-Server: Message-3-34
21:20:56.988 [pool-1-thread-3] DEBUG com.mnc.udp.UDPServer - UDP-Server: Message-9-34
21:20:56.988 [pool-1-thread-1] DEBUG com.mnc.udp.UDPServer - UDP-Server: Message-50-34
21:20:56.988 [pool-1-thread-5] DEBUG com.mnc.udp.UDPServer - UDP-Server: Message-3-34 -> Message-3-34 (/127.0.0.1:49428)
21:20:56.988 [pool-1-thread-1] DEBUG com.mnc.udp.UDPServer - UDP-Server: Message-50-34 -> Message-50-34 (/127.0.0.1:49475)
21:20:56.988 [pool-1-thread-2] DEBUG com.mnc.udp.UDPServer - UDP-Server: Message-6-28
21:20:56.988 [pool-1-thread-4] DEBUG com.mnc.udp.UDPServer - UDP-Server: Message-67-87
21:20:56.988 [pool-1-thread-5] DEBUG com.mnc.udp.UDPServer - UDP-Server: Message-0-34
21:20:56.988 [pool-1-thread-5] DEBUG com.mnc.udp.UDPServer - UDP-Server: Message-0-34 -> Message-0-34 (/127.0.0.1:49425)
21:20:56.988 [pool-1-thread-3] DEBUG com.mnc.udp.UDPServer - UDP-Server: Message-9-34 -> Message-9-34 (/127.0.0.1:49434)
21:20:56.988 [pool-1-thread-2] DEBUG com.mnc.udp.UDPServer - UDP-Server: Message-6-28 -> Message-6-28 (/127.0.0.1:49431)
21:20:56.988 [pool-1-thread-3] DEBUG com.mnc.udp.UDPServer - UDP-Server: Message-72-28
21:20:56.988 [pool-1-thread-1] DEBUG com.mnc.udp.UDPServer - UDP-Server: Message-8-29
21:20:56.988 [pool-1-thread-4] DEBUG com.mnc.udp.UDPServer - UDP-Server: Message-67-87 -> Message-67-87 (/127.0.0.1:49492)
21:20:56.988 [pool-1-thread-5] DEBUG com.mnc.udp.UDPServer - UDP-Server: Message-26-41
21:20:56.988 [pool-1-thread-3] DEBUG com.mnc.udp.UDPServer - UDP-Server: Message-72-28 -> Message-72-28 (/127.0.0.1:49497)
21:20:56.988 [pool-1-thread-2] DEBUG com.mnc.udp.UDPServer - UDP-Server: Message-52-34
21:20:56.988 [pool-1-thread-5] DEBUG com.mnc.udp.UDPServer - UDP-Server: Message-26-41 -> Message-26-41 (/127.0.0.1:49451)
21:20:56.988 [pool-1-thread-2] DEBUG com.mnc.udp.UDPServer - UDP-Server: Message-52-34 -> Message-52-34 (/127.0.0.1:49477)
21:20:56.988 [pool-1-thread-1] DEBUG com.mnc.udp.UDPServer - UDP-Server: Message-8-29 -> Message-8-29 (/127.0.0.1:49433)
21:20:56.988 [pool-1-thread-4] DEBUG com.mnc.udp.UDPServer - UDP-Server: Message-45-88
21:20:56.988 [pool-1-thread-3] DEBUG com.mnc.udp.UDPServer - UDP-Server: Message-4-28
21:20:56.988 [pool-1-thread-4] DEBUG com.mnc.udp.UDPServer - UDP-Server: Message-45-88 -> Message-45-88 (/127.0.0.1:49470)
21:20:56.988 [pool-1-thread-5] DEBUG com.mnc.udp.UDPServer - UDP-Server: Message-32-87
21:20:56.988 [pool-1-thread-3] DEBUG com.mnc.udp.UDPServer - UDP-Server: Message-4-28 -> Message-4-28 (/127.0.0.1:49429)
21:20:56.988 [pool-1-thread-2] DEBUG com.mnc.udp.UDPServer - UDP-Server: Message-74-29
21:20:56.988 [pool-1-thread-5] DEBUG com.mnc.udp.UDPServer - UDP-Server: Message-32-87 -> Message-32-87 (/127.0.0.1:49457)
21:20:56.988 [pool-1-thread-3] DEBUG com.mnc.udp.UDPServer - UDP-Server: Message-69-28
21:20:56.988 [pool-1-thread-5] DEBUG com.mnc.udp.UDPServer - UDP-Server: Message-94-14
21:20:56.988 [pool-1-thread-1] DEBUG com.mnc.udp.UDPServer - UDP-Server: Message-1-28
21:20:56.988 [pool-1-thread-4] DEBUG com.mnc.udp.UDPServer - UDP-Server: Message-5-34
21:20:56.988 [pool-1-thread-2] DEBUG com.mnc.udp.UDPServer - UDP-Server: Message-74-29 -> Message-74-29 (/127.0.0.1:49499)
21:20:56.988 [pool-1-thread-3] DEBUG com.mnc.udp.UDPServer - UDP-Server: Message-69-28 -> Message-69-28 (/127.0.0.1:49494)
21:20:56.989 [pool-1-thread-1] DEBUG com.mnc.udp.UDPServer - UDP-Server: Message-1-28 -> Message-1-28 (/127.0.0.1:49426)
21:20:56.989 [pool-1-thread-5] DEBUG com.mnc.udp.UDPServer - UDP-Server: Message-94-14 -> Message-94-14 (/127.0.0.1:49519)
21:20:56.989 [pool-1-thread-4] DEBUG com.mnc.udp.UDPServer - UDP-Server: Message-5-34 -> Message-5-34 (/127.0.0.1:49430)
21:20:56.989 [pool-1-thread-2] DEBUG com.mnc.udp.UDPServer - UDP-Server: Message-10-28
21:20:56.989 [pool-1-thread-3] DEBUG com.mnc.udp.UDPServer - UDP-Server: Message-51-29
21:20:56.989 [pool-1-thread-4] DEBUG com.mnc.udp.UDPServer - UDP-Server: Message-3-28
21:20:56.989 [pool-1-thread-1] DEBUG com.mnc.udp.UDPServer - UDP-Server: Message-2-28
21:20:56.989 [pool-1-thread-5] DEBUG com.mnc.udp.UDPServer - UDP-Server: Message-65-97
21:20:56.989 [pool-1-thread-2] DEBUG com.mnc.udp.UDPServer - UDP-Server: Message-10-28 -> Message-10-28 (/127.0.0.1:49435)
21:20:56.989 [pool-1-thread-5] DEBUG com.mnc.udp.UDPServer - UDP-Server: Message-65-97 -> Message-65-97 (/127.0.0.1:49490)
21:20:56.989 [pool-1-thread-3] DEBUG com.mnc.udp.UDPServer - UDP-Server: Message-51-29 -> Message-51-29 (/127.0.0.1:49476)
21:20:56.989 [pool-1-thread-4] DEBUG com.mnc.udp.UDPServer - UDP-Server: Message-3-28 -> Message-3-28 (/127.0.0.1:49428)
21:20:56.989 [pool-1-thread-2] DEBUG com.mnc.udp.UDPServer - UDP-Server: Message-50-28
21:20:56.989 [pool-1-thread-5] DEBUG com.mnc.udp.UDPServer - UDP-Server: Message-0-28
21:20:56.989 [pool-1-thread-1] DEBUG com.mnc.udp.UDPServer - UDP-Server: Message-2-28 -> Message-2-28 (/127.0.0.1:49427)
21:20:56.989 [pool-1-thread-2] DEBUG com.mnc.udp.UDPServer - UDP-Server: Message-50-28 -> Message-50-28 (/127.0.0.1:49475)
21:20:56.989 [pool-1-thread-4] DEBUG com.mnc.udp.UDPServer - UDP-Server: Message-9-28
21:20:56.989 [pool-1-thread-3] DEBUG com.mnc.udp.UDPServer - UDP-Server: Message-6-29
21:20:56.989 [pool-1-thread-5] DEBUG com.mnc.udp.UDPServer - UDP-Server: Message-0-28 -> Message-0-28 (/127.0.0.1:49425)
21:20:56.989 [pool-1-thread-3] DEBUG com.mnc.udp.UDPServer - UDP-Server: Message-6-29 -> Message-6-29 (/127.0.0.1:49431)
21:20:56.989 [pool-1-thread-1] DEBUG com.mnc.udp.UDPServer - UDP-Server: Message-67-96
21:20:56.989 [pool-1-thread-5] DEBUG com.mnc.udp.UDPServer - UDP-Server: Message-26-42
21:20:56.989 [pool-1-thread-2] DEBUG com.mnc.udp.UDPServer - UDP-Server: Message-72-29
21:20:56.989 [pool-1-thread-3] DEBUG com.mnc.udp.UDPServer - UDP-Server: Message-52-28
21:20:56.989 [pool-1-thread-1] DEBUG com.mnc.udp.UDPServer - UDP-Server: Message-67-96 -> Message-67-96 (/127.0.0.1:49492)
21:20:56.989 [pool-1-thread-3] DEBUG com.mnc.udp.UDPServer - UDP-Server: Message-52-28 -> Message-52-28 (/127.0.0.1:49477)
21:20:56.989 [pool-1-thread-4] DEBUG com.mnc.udp.UDPServer - UDP-Server: Message-9-28 -> Message-9-28 (/127.0.0.1:49434)
21:20:56.989 [pool-1-thread-1] DEBUG com.mnc.udp.UDPServer - UDP-Server: Message-8-30
21:20:56.989 [pool-1-thread-5] DEBUG com.mnc.udp.UDPServer - UDP-Server: Message-26-42 -> Message-26-42 (/127.0.0.1:49451)
21:20:56.989 [pool-1-thread-2] DEBUG com.mnc.udp.UDPServer - UDP-Server: Message-72-29 -> Message-72-29 (/127.0.0.1:49497)
21:20:56.989 [pool-1-thread-1] DEBUG com.mnc.udp.UDPServer - UDP-Server: Message-8-30 -> Message-8-30 (/127.0.0.1:49433)
21:20:56.989 [pool-1-thread-4] DEBUG com.mnc.udp.UDPServer - UDP-Server: Message-4-29
21:20:56.989 [pool-1-thread-2] DEBUG com.mnc.udp.UDPServer - UDP-Server: Message-74-30
21:20:56.989 [pool-1-thread-1] DEBUG com.mnc.udp.UDPServer - UDP-Server: Message-69-29
21:20:56.989 [pool-1-thread-2] DEBUG com.mnc.udp.UDPServer - UDP-Server: Message-74-30 -> Message-74-30 (/127.0.0.1:49499)
21:20:56.989 [pool-1-thread-1] DEBUG com.mnc.udp.UDPServer - UDP-Server: Message-69-29 -> Message-69-29 (/127.0.0.1:49494)
21:20:56.989 [pool-1-thread-3] DEBUG com.mnc.udp.UDPServer - UDP-Server: Message-45-89
21:20:56.989 [pool-1-thread-5] DEBUG com.mnc.udp.UDPServer - UDP-Server: Message-32-96
21:20:56.989 [pool-1-thread-4] DEBUG com.mnc.udp.UDPServer - UDP-Server: Message-4-29 -> Message-4-29 (/127.0.0.1:49429)
21:20:56.989 [pool-1-thread-1] DEBUG com.mnc.udp.UDPServer - UDP-Server: Message-94-57
21:20:56.989 [pool-1-thread-4] DEBUG com.mnc.udp.UDPServer - UDP-Server: Message-5-28
21:20:56.989 [pool-1-thread-2] DEBUG com.mnc.udp.UDPServer - UDP-Server: Message-1-29
21:20:56.989 [pool-1-thread-4] DEBUG com.mnc.udp.UDPServer - UDP-Server: Message-5-28 -> Message-5-28 (/127.0.0.1:49430)
21:20:56.989 [pool-1-thread-5] DEBUG com.mnc.udp.UDPServer - UDP-Server: Message-32-96 -> Message-32-96 (/127.0.0.1:49457)
21:20:56.989 [pool-1-thread-2] DEBUG com.mnc.udp.UDPServer - UDP-Server: Message-1-29 -> Message-1-29 (/127.0.0.1:49426)
21:20:56.989 [pool-1-thread-3] DEBUG com.mnc.udp.UDPServer - UDP-Server: Message-45-89 -> Message-45-89 (/127.0.0.1:49470)
21:20:56.989 [pool-1-thread-1] DEBUG com.mnc.udp.UDPServer - UDP-Server: Message-94-57 -> Message-94-57 (/127.0.0.1:49519)
21:20:56.989 [pool-1-thread-4] DEBUG com.mnc.udp.UDPServer - UDP-Server: Message-10-29
21:20:56.990 [pool-1-thread-2] DEBUG com.mnc.udp.UDPServer - UDP-Server: Message-51-30
21:20:56.990 [pool-1-thread-4] DEBUG com.mnc.udp.UDPServer - UDP-Server: Message-10-29 -> Message-10-29 (/127.0.0.1:49435)
21:20:56.990 [pool-1-thread-3] DEBUG com.mnc.udp.UDPServer - UDP-Server: Message-3-29
21:20:56.990 [pool-1-thread-1] DEBUG com.mnc.udp.UDPServer - UDP-Server: Message-2-29
21:20:56.990 [pool-1-thread-4] DEBUG com.mnc.udp.UDPServer - UDP-Server: Message-50-29
21:20:56.990 [pool-1-thread-5] DEBUG com.mnc.udp.UDPServer - UDP-Server: Message-65-98
21:20:56.990 [pool-1-thread-4] DEBUG com.mnc.udp.UDPServer - UDP-Server: Message-50-29 -> Message-50-29 (/127.0.0.1:49475)
21:20:56.990 [pool-1-thread-5] DEBUG com.mnc.udp.UDPServer - UDP-Server: Message-65-98 -> Message-65-98 (/127.0.0.1:49490)
21:20:56.990 [pool-1-thread-2] DEBUG com.mnc.udp.UDPServer - UDP-Server: Message-51-30 -> Message-51-30 (/127.0.0.1:49476)
21:20:56.990 [pool-1-thread-3] DEBUG com.mnc.udp.UDPServer - UDP-Server: Message-3-29 -> Message-3-29 (/127.0.0.1:49428)
21:20:56.990 [pool-1-thread-5] DEBUG com.mnc.udp.UDPServer - UDP-Server: Message-6-30
21:20:56.990 [pool-1-thread-2] DEBUG com.mnc.udp.UDPServer - UDP-Server: Message-67-97
21:20:56.990 [pool-1-thread-5] DEBUG com.mnc.udp.UDPServer - UDP-Server: Message-6-30 -> Message-6-30 (/127.0.0.1:49431)
21:20:56.990 [pool-1-thread-2] DEBUG com.mnc.udp.UDPServer - UDP-Server: Message-67-97 -> Message-67-97 (/127.0.0.1:49492)
21:20:56.990 [pool-1-thread-1] DEBUG com.mnc.udp.UDPServer - UDP-Server: Message-2-29 -> Message-2-29 (/127.0.0.1:49427)
21:20:56.990 [pool-1-thread-5] DEBUG com.mnc.udp.UDPServer - UDP-Server: Message-9-29
21:20:56.990 [pool-1-thread-4] DEBUG com.mnc.udp.UDPServer - UDP-Server: Message-0-29
21:20:56.990 [pool-1-thread-1] DEBUG com.mnc.udp.UDPServer - UDP-Server: Message-72-30
21:20:56.990 [pool-1-thread-2] DEBUG com.mnc.udp.UDPServer - UDP-Server: Message-26-3
21:20:56.990 [pool-1-thread-3] DEBUG com.mnc.udp.UDPServer - UDP-Server: Message-52-29
21:20:56.990 [pool-1-thread-5] DEBUG com.mnc.udp.UDPServer - UDP-Server: Message-9-29 -> Message-9-29 (/127.0.0.1:49434)
21:20:56.990 [pool-1-thread-4] DEBUG com.mnc.udp.UDPServer - UDP-Server: Message-0-29 -> Message-0-29 (/127.0.0.1:49425)
21:20:56.990 [pool-1-thread-1] DEBUG com.mnc.udp.UDPServer - UDP-Server: Message-72-30 -> Message-72-30 (/127.0.0.1:49497)
21:20:56.990 [pool-1-thread-5] DEBUG com.mnc.udp.UDPServer - UDP-Server: Message-8-26
21:20:56.990 [pool-1-thread-2] DEBUG com.mnc.udp.UDPServer - UDP-Server: Message-26-3 -> Message-26-3 (/127.0.0.1:49451)
21:20:56.990 [pool-1-thread-3] DEBUG com.mnc.udp.UDPServer - UDP-Server: Message-52-29 -> Message-52-29 (/127.0.0.1:49477)
21:20:56.990 [pool-1-thread-4] DEBUG com.mnc.udp.UDPServer - UDP-Server: Message-74-26
21:20:56.990 [pool-1-thread-5] DEBUG com.mnc.udp.UDPServer - UDP-Server: Message-8-26 -> Message-8-26 (/127.0.0.1:49433)
21:20:56.990 [pool-1-thread-1] DEBUG com.mnc.udp.UDPServer - UDP-Server: Message-69-30
21:20:56.990 [pool-1-thread-2] DEBUG com.mnc.udp.UDPServer - UDP-Server: Message-4-30
21:20:56.990 [pool-1-thread-3] DEBUG com.mnc.udp.UDPServer - UDP-Server: Message-5-29
21:20:56.990 [pool-1-thread-4] DEBUG com.mnc.udp.UDPServer - UDP-Server: Message-74-26 -> Message-74-26 (/127.0.0.1:49499)
21:20:56.990 [pool-1-thread-5] DEBUG com.mnc.udp.UDPServer - UDP-Server: Message-32-97
21:20:56.990 [pool-1-thread-1] DEBUG com.mnc.udp.UDPServer - UDP-Server: Message-69-30 -> Message-69-30 (/127.0.0.1:49494)
21:20:56.990 [pool-1-thread-5] DEBUG com.mnc.udp.UDPServer - UDP-Server: Message-32-97 -> Message-32-97 (/127.0.0.1:49457)
21:20:56.990 [pool-1-thread-2] DEBUG com.mnc.udp.UDPServer - UDP-Server: Message-4-30 -> Message-4-30 (/127.0.0.1:49429)
21:20:56.990 [pool-1-thread-3] DEBUG com.mnc.udp.UDPServer - UDP-Server: Message-5-29 -> Message-5-29 (/127.0.0.1:49430)
21:20:56.990 [pool-1-thread-1] DEBUG com.mnc.udp.UDPServer - UDP-Server: Message-1-30
21:20:56.990 [pool-1-thread-3] DEBUG com.mnc.udp.UDPServer - UDP-Server: Message-50-30
21:20:56.990 [pool-1-thread-1] DEBUG com.mnc.udp.UDPServer - UDP-Server: Message-1-30 -> Message-1-30 (/127.0.0.1:49426)
21:20:56.990 [pool-1-thread-4] DEBUG com.mnc.udp.UDPServer - UDP-Server: Message-45-87
21:20:56.990 [pool-1-thread-2] DEBUG com.mnc.udp.UDPServer - UDP-Server: Message-10-30
21:20:56.990 [pool-1-thread-1] DEBUG com.mnc.udp.UDPServer - UDP-Server: Message-65-99
21:20:56.990 [pool-1-thread-5] DEBUG com.mnc.udp.UDPServer - UDP-Server: Message-94-12
21:20:56.990 [pool-1-thread-3] DEBUG com.mnc.udp.UDPServer - UDP-Server: Message-50-30 -> Message-50-30 (/127.0.0.1:49475)
21:20:56.990 [pool-1-thread-4] DEBUG com.mnc.udp.UDPServer - UDP-Server: Message-45-87 -> Message-45-87 (/127.0.0.1:49470)
21:20:56.990 [pool-1-thread-2] DEBUG com.mnc.udp.UDPServer - UDP-Server: Message-10-30 -> Message-10-30 (/127.0.0.1:49435)
21:20:56.991 [pool-1-thread-5] DEBUG com.mnc.udp.UDPServer - UDP-Server: Message-94-12 -> Message-94-12 (/127.0.0.1:49519)
21:20:56.990 [pool-1-thread-1] DEBUG com.mnc.udp.UDPServer - UDP-Server: Message-65-99 -> Message-65-99 (/127.0.0.1:49490)
21:20:56.991 [pool-1-thread-2] DEBUG com.mnc.udp.UDPServer - UDP-Server: Message-6-26
21:20:56.991 [pool-1-thread-1] DEBUG com.mnc.udp.UDPServer - UDP-Server: Message-2-30
21:20:56.991 [pool-1-thread-2] DEBUG com.mnc.udp.UDPServer - UDP-Server: Message-6-26 -> Message-6-26 (/127.0.0.1:49431)
21:20:56.991 [pool-1-thread-1] DEBUG com.mnc.udp.UDPServer - UDP-Server: Message-2-30 -> Message-2-30 (/127.0.0.1:49427)
21:20:56.991 [pool-1-thread-2] DEBUG com.mnc.udp.UDPServer - UDP-Server: Message-9-30
21:20:56.991 [pool-1-thread-3] DEBUG com.mnc.udp.UDPServer - UDP-Server: Message-51-26
21:20:56.991 [pool-1-thread-2] DEBUG com.mnc.udp.UDPServer - UDP-Server: Message-9-30 -> Message-9-30 (/127.0.0.1:49434)
21:20:56.991 [pool-1-thread-4] DEBUG com.mnc.udp.UDPServer - UDP-Server: Message-3-30
21:20:56.991 [pool-1-thread-2] DEBUG com.mnc.udp.UDPServer - UDP-Server: Message-72-26
21:20:56.991 [pool-1-thread-4] DEBUG com.mnc.udp.UDPServer - UDP-Server: Message-3-30 -> Message-3-30 (/127.0.0.1:49428)
21:20:56.991 [pool-1-thread-5] DEBUG com.mnc.udp.UDPServer - UDP-Server: Message-67-98
21:20:56.991 [pool-1-thread-1] DEBUG com.mnc.udp.UDPServer - UDP-Server: Message-0-30
21:20:56.991 [pool-1-thread-3] DEBUG com.mnc.udp.UDPServer - UDP-Server: Message-51-26 -> Message-51-26 (/127.0.0.1:49476)
21:20:56.991 [pool-1-thread-1] DEBUG com.mnc.udp.UDPServer - UDP-Server: Message-0-30 -> Message-0-30 (/127.0.0.1:49425)
21:20:56.991 [pool-1-thread-2] DEBUG com.mnc.udp.UDPServer - UDP-Server: Message-72-26 -> Message-72-26 (/127.0.0.1:49497)
21:20:56.991 [pool-1-thread-5] DEBUG com.mnc.udp.UDPServer - UDP-Server: Message-67-98 -> Message-67-98 (/127.0.0.1:49492)
21:20:56.991 [pool-1-thread-1] DEBUG com.mnc.udp.UDPServer - UDP-Server: Message-8-27
21:20:56.991 [pool-1-thread-2] DEBUG com.mnc.udp.UDPServer - UDP-Server: Message-74-27
21:20:56.991 [pool-1-thread-1] DEBUG com.mnc.udp.UDPServer - UDP-Server: Message-8-27 -> Message-8-27 (/127.0.0.1:49433)
21:20:56.991 [pool-1-thread-5] DEBUG com.mnc.udp.UDPServer - UDP-Server: Message-69-26
21:20:56.991 [pool-1-thread-2] DEBUG com.mnc.udp.UDPServer - UDP-Server: Message-74-27 -> Message-74-27 (/127.0.0.1:49499)
21:20:56.991 [pool-1-thread-5] DEBUG com.mnc.udp.UDPServer - UDP-Server: Message-69-26 -> Message-69-26 (/127.0.0.1:49494)
21:20:56.991 [pool-1-thread-4] DEBUG com.mnc.udp.UDPServer - UDP-Server: Message-26-79
21:20:56.991 [pool-1-thread-4] DEBUG com.mnc.udp.UDPServer - UDP-Server: Message-26-79 -> Message-26-79 (/127.0.0.1:49451)
21:20:56.991 [pool-1-thread-3] DEBUG com.mnc.udp.UDPServer - UDP-Server: Message-52-30
21:20:56.991 [pool-1-thread-4] DEBUG com.mnc.udp.UDPServer - UDP-Server: Message-1-26
21:20:56.991 [pool-1-thread-1] DEBUG com.mnc.udp.UDPServer - UDP-Server: Message-32-98
21:20:56.991 [pool-1-thread-3] DEBUG com.mnc.udp.UDPServer - UDP-Server: Message-52-30 -> Message-52-30 (/127.0.0.1:49477)
21:20:56.991 [pool-1-thread-2] DEBUG com.mnc.udp.UDPServer - UDP-Server: Message-4-26
21:20:56.991 [pool-1-thread-3] DEBUG com.mnc.udp.UDPServer - UDP-Server: Message-50-26
21:20:56.991 [pool-1-thread-2] DEBUG com.mnc.udp.UDPServer - UDP-Server: Message-4-26 -> Message-4-26 (/127.0.0.1:49429)
21:20:56.991 [pool-1-thread-3] DEBUG com.mnc.udp.UDPServer - UDP-Server: Message-50-26 -> Message-50-26 (/127.0.0.1:49475)
21:20:56.991 [pool-1-thread-2] DEBUG com.mnc.udp.UDPServer - UDP-Server: Message-45-96
21:20:56.991 [pool-1-thread-2] DEBUG com.mnc.udp.UDPServer - UDP-Server: Message-45-96 -> Message-45-96 (/127.0.0.1:49470)
21:20:56.991 [pool-1-thread-5] DEBUG com.mnc.udp.UDPServer - UDP-Server: Message-5-30
21:20:56.991 [pool-1-thread-5] DEBUG com.mnc.udp.UDPServer - UDP-Server: Message-5-30 -> Message-5-30 (/127.0.0.1:49430)
21:20:56.991 [pool-1-thread-4] DEBUG com.mnc.udp.UDPServer - UDP-Server: Message-1-26 -> Message-1-26 (/127.0.0.1:49426)
21:20:56.991 [pool-1-thread-1] DEBUG com.mnc.udp.UDPServer - UDP-Server: Message-32-98 -> Message-32-98 (/127.0.0.1:49457)
21:20:56.991 [pool-1-thread-5] DEBUG com.mnc.udp.UDPServer - UDP-Server: Message-65-94
21:20:56.992 [pool-1-thread-4] DEBUG com.mnc.udp.UDPServer - UDP-Server: Message-6-27
21:20:56.992 [pool-1-thread-1] DEBUG com.mnc.udp.UDPServer - UDP-Server: Message-2-26
21:20:56.992 [pool-1-thread-4] DEBUG com.mnc.udp.UDPServer - UDP-Server: Message-6-27 -> Message-6-27 (/127.0.0.1:49431)
21:20:56.992 [pool-1-thread-1] DEBUG com.mnc.udp.UDPServer - UDP-Server: Message-2-26 -> Message-2-26 (/127.0.0.1:49427)
21:20:56.992 [pool-1-thread-4] DEBUG com.mnc.udp.UDPServer - UDP-Server: Message-9-26
21:20:56.992 [pool-1-thread-1] DEBUG com.mnc.udp.UDPServer - UDP-Server: Message-3-26
21:20:56.992 [pool-1-thread-4] DEBUG com.mnc.udp.UDPServer - UDP-Server: Message-9-26 -> Message-9-26 (/127.0.0.1:49434)
21:20:56.992 [pool-1-thread-1] DEBUG com.mnc.udp.UDPServer - UDP-Server: Message-3-26 -> Message-3-26 (/127.0.0.1:49428)
21:20:56.992 [pool-1-thread-1] DEBUG com.mnc.udp.UDPServer - UDP-Server: Message-51-27
21:20:56.991 [pool-1-thread-3] DEBUG com.mnc.udp.UDPServer - UDP-Server: Message-10-26
21:20:56.992 [pool-1-thread-1] DEBUG com.mnc.udp.UDPServer - UDP-Server: Message-51-27 -> Message-51-27 (/127.0.0.1:49476)
21:20:56.991 [pool-1-thread-2] DEBUG com.mnc.udp.UDPServer - UDP-Server: Message-94-58
21:20:56.992 [pool-1-thread-3] DEBUG com.mnc.udp.UDPServer - UDP-Server: Message-10-26 -> Message-10-26 (/127.0.0.1:49435)
21:20:56.992 [pool-1-thread-1] DEBUG com.mnc.udp.UDPServer - UDP-Server: Message-72-27
21:20:56.992 [pool-1-thread-1] DEBUG com.mnc.udp.UDPServer - UDP-Server: Message-72-27 -> Message-72-27 (/127.0.0.1:49497)
21:20:56.992 [pool-1-thread-5] DEBUG com.mnc.udp.UDPServer - UDP-Server: Message-65-94 -> Message-65-94 (/127.0.0.1:49490)
21:20:56.992 [pool-1-thread-4] DEBUG com.mnc.udp.UDPServer - UDP-Server: Message-0-26
21:20:56.992 [pool-1-thread-3] DEBUG com.mnc.udp.UDPServer - UDP-Server: Message-67-99
21:20:56.992 [pool-1-thread-5] DEBUG com.mnc.udp.UDPServer - UDP-Server: Message-74-25
21:20:56.992 [pool-1-thread-1] DEBUG com.mnc.udp.UDPServer - UDP-Server: Message-8-25
21:20:56.992 [pool-1-thread-3] DEBUG com.mnc.udp.UDPServer - UDP-Server: Message-67-99 -> Message-67-99 (/127.0.0.1:49492)
21:20:56.992 [pool-1-thread-1] DEBUG com.mnc.udp.UDPServer - UDP-Server: Message-8-25 -> Message-8-25 (/127.0.0.1:49433)
21:20:56.992 [pool-1-thread-2] DEBUG com.mnc.udp.UDPServer - UDP-Server: Message-94-58 -> Message-94-58 (/127.0.0.1:49519)
21:20:56.992 [pool-1-thread-4] DEBUG com.mnc.udp.UDPServer - UDP-Server: Message-0-26 -> Message-0-26 (/127.0.0.1:49425)
21:20:56.992 [pool-1-thread-1] DEBUG com.mnc.udp.UDPServer - UDP-Server: Message-26-30
21:20:56.992 [pool-1-thread-2] DEBUG com.mnc.udp.UDPServer - UDP-Server: Message-52-26
21:20:56.992 [pool-1-thread-2] DEBUG com.mnc.udp.UDPServer - UDP-Server: Message-52-26 -> Message-52-26 (/127.0.0.1:49477)
21:20:56.992 [pool-1-thread-1] DEBUG com.mnc.udp.UDPServer - UDP-Server: Message-26-30 -> Message-26-30 (/127.0.0.1:49451)
21:20:56.992 [pool-1-thread-5] DEBUG com.mnc.udp.UDPServer - UDP-Server: Message-74-25 -> Message-74-25 (/127.0.0.1:49499)
21:20:56.992 [pool-1-thread-1] DEBUG com.mnc.udp.UDPServer - UDP-Server: Message-45-85
21:20:56.992 [pool-1-thread-2] DEBUG com.mnc.udp.UDPServer - UDP-Server: Message-50-27
21:20:56.992 [pool-1-thread-1] DEBUG com.mnc.udp.UDPServer - UDP-Server: Message-45-85 -> Message-45-85 (/127.0.0.1:49470)
21:20:56.992 [pool-1-thread-2] DEBUG com.mnc.udp.UDPServer - UDP-Server: Message-50-27 -> Message-50-27 (/127.0.0.1:49475)
21:20:56.992 [pool-1-thread-5] DEBUG com.mnc.udp.UDPServer - UDP-Server: Message-5-26
21:20:56.992 [pool-1-thread-5] DEBUG com.mnc.udp.UDPServer - UDP-Server: Message-5-26 -> Message-5-26 (/127.0.0.1:49430)
21:20:56.992 [pool-1-thread-3] DEBUG com.mnc.udp.UDPServer - UDP-Server: Message-69-27
21:20:56.992 [pool-1-thread-2] DEBUG com.mnc.udp.UDPServer - UDP-Server: Message-32-99
21:20:56.992 [pool-1-thread-3] DEBUG com.mnc.udp.UDPServer - UDP-Server: Message-69-27 -> Message-69-27 (/127.0.0.1:49494)
21:20:56.992 [pool-1-thread-2] DEBUG com.mnc.udp.UDPServer - UDP-Server: Message-32-99 -> Message-32-99 (/127.0.0.1:49457)
21:20:56.992 [pool-1-thread-3] DEBUG com.mnc.udp.UDPServer - UDP-Server: Message-3-27
21:20:56.992 [pool-1-thread-2] DEBUG com.mnc.udp.UDPServer - UDP-Server: Message-9-27
21:20:56.992 [pool-1-thread-3] DEBUG com.mnc.udp.UDPServer - UDP-Server: Message-3-27 -> Message-3-27 (/127.0.0.1:49428)
21:20:56.992 [pool-1-thread-2] DEBUG com.mnc.udp.UDPServer - UDP-Server: Message-9-27 -> Message-9-27 (/127.0.0.1:49434)
21:20:56.992 [pool-1-thread-4] DEBUG com.mnc.udp.UDPServer - UDP-Server: Message-4-27
21:20:56.992 [pool-1-thread-1] DEBUG com.mnc.udp.UDPServer - UDP-Server: Message-1-27
21:20:56.992 [pool-1-thread-5] DEBUG com.mnc.udp.UDPServer - UDP-Server: Message-2-27
21:20:56.992 [pool-1-thread-1] DEBUG com.mnc.udp.UDPServer - UDP-Server: Message-1-27 -> Message-1-27 (/127.0.0.1:49426)
21:20:56.992 [pool-1-thread-2] DEBUG com.mnc.udp.UDPServer - UDP-Server: Message-51-25
21:20:56.992 [pool-1-thread-4] DEBUG com.mnc.udp.UDPServer - UDP-Server: Message-4-27 -> Message-4-27 (/127.0.0.1:49429)
21:20:56.993 [pool-1-thread-1] DEBUG com.mnc.udp.UDPServer - UDP-Server: Message-10-27
21:20:56.993 [pool-1-thread-5] DEBUG com.mnc.udp.UDPServer - UDP-Server: Message-2-27 -> Message-2-27 (/127.0.0.1:49427)
21:20:56.992 [pool-1-thread-3] DEBUG com.mnc.udp.UDPServer - UDP-Server: Message-6-25
21:20:56.993 [pool-1-thread-2] DEBUG com.mnc.udp.UDPServer - UDP-Server: Message-51-25 -> Message-51-25 (/127.0.0.1:49476)
21:20:56.993 [pool-1-thread-4] DEBUG com.mnc.udp.UDPServer - UDP-Server: Message-72-25
21:20:56.993 [pool-1-thread-5] DEBUG com.mnc.udp.UDPServer - UDP-Server: Message-65-95
21:20:56.993 [pool-1-thread-4] DEBUG com.mnc.udp.UDPServer - UDP-Server: Message-72-25 -> Message-72-25 (/127.0.0.1:49497)
21:20:56.993 [pool-1-thread-3] DEBUG com.mnc.udp.UDPServer - UDP-Server: Message-6-25 -> Message-6-25 (/127.0.0.1:49431)
21:20:56.993 [pool-1-thread-5] DEBUG com.mnc.udp.UDPServer - UDP-Server: Message-65-95 -> Message-65-95 (/127.0.0.1:49490)
21:20:56.993 [pool-1-thread-1] DEBUG com.mnc.udp.UDPServer - UDP-Server: Message-10-27 -> Message-10-27 (/127.0.0.1:49435)
21:20:56.993 [pool-1-thread-2] DEBUG com.mnc.udp.UDPServer - UDP-Server: Message-8-44
21:20:56.993 [pool-1-thread-4] DEBUG com.mnc.udp.UDPServer - UDP-Server: Message-67-94
21:20:56.993 [pool-1-thread-1] DEBUG com.mnc.udp.UDPServer - UDP-Server: Message-0-27
21:20:56.993 [pool-1-thread-3] DEBUG com.mnc.udp.UDPServer - UDP-Server: Message-52-27
21:20:56.993 [pool-1-thread-5] DEBUG com.mnc.udp.UDPServer - UDP-Server: Message-94-56
21:20:56.993 [pool-1-thread-2] DEBUG com.mnc.udp.UDPServer - UDP-Server: Message-8-44 -> Message-8-44 (/127.0.0.1:49433)
21:20:56.993 [pool-1-thread-5] DEBUG com.mnc.udp.UDPServer - UDP-Server: Message-94-56 -> Message-94-56 (/127.0.0.1:49519)
21:20:56.993 [pool-1-thread-2] DEBUG com.mnc.udp.UDPServer - UDP-Server: Message-26-26
21:20:56.993 [pool-1-thread-4] DEBUG com.mnc.udp.UDPServer - UDP-Server: Message-67-94 -> Message-67-94 (/127.0.0.1:49492)
21:20:56.993 [pool-1-thread-5] DEBUG com.mnc.udp.UDPServer - UDP-Server: Message-74-44
21:20:56.993 [pool-1-thread-1] DEBUG com.mnc.udp.UDPServer - UDP-Server: Message-0-27 -> Message-0-27 (/127.0.0.1:49425)
21:20:56.993 [pool-1-thread-4] DEBUG com.mnc.udp.UDPServer - UDP-Server: Message-45-86
21:20:56.993 [pool-1-thread-3] DEBUG com.mnc.udp.UDPServer - UDP-Server: Message-52-27 -> Message-52-27 (/127.0.0.1:49477)
21:20:56.993 [pool-1-thread-4] DEBUG com.mnc.udp.UDPServer - UDP-Server: Message-45-86 -> Message-45-86 (/127.0.0.1:49470)
21:20:56.993 [pool-1-thread-2] DEBUG com.mnc.udp.UDPServer - UDP-Server: Message-26-26 -> Message-26-26 (/127.0.0.1:49451)
21:20:56.993 [pool-1-thread-5] DEBUG com.mnc.udp.UDPServer - UDP-Server: Message-74-44 -> Message-74-44 (/127.0.0.1:49499)
21:20:56.993 [pool-1-thread-1] DEBUG com.mnc.udp.UDPServer - UDP-Server: Message-5-27
21:20:56.993 [pool-1-thread-2] DEBUG com.mnc.udp.UDPServer - UDP-Server: Message-69-25
21:20:56.993 [pool-1-thread-4] DEBUG com.mnc.udp.UDPServer - UDP-Server: Message-32-94
21:20:56.993 [pool-1-thread-3] DEBUG com.mnc.udp.UDPServer - UDP-Server: Message-50-25
21:20:56.993 [pool-1-thread-4] DEBUG com.mnc.udp.UDPServer - UDP-Server: Message-32-94 -> Message-32-94 (/127.0.0.1:49457)
21:20:56.993 [pool-1-thread-1] DEBUG com.mnc.udp.UDPServer - UDP-Server: Message-5-27 -> Message-5-27 (/127.0.0.1:49430)
21:20:56.993 [pool-1-thread-3] DEBUG com.mnc.udp.UDPServer - UDP-Server: Message-50-25 -> Message-50-25 (/127.0.0.1:49475)
21:20:56.993 [pool-1-thread-1] DEBUG com.mnc.udp.UDPServer - UDP-Server: Message-1-25
21:20:56.993 [pool-1-thread-1] DEBUG com.mnc.udp.UDPServer - UDP-Server: Message-1-25 -> Message-1-25 (/127.0.0.1:49426)
21:20:56.993 [pool-1-thread-2] DEBUG com.mnc.udp.UDPServer - UDP-Server: Message-69-25 -> Message-69-25 (/127.0.0.1:49494)
21:20:56.993 [pool-1-thread-5] DEBUG com.mnc.udp.UDPServer - UDP-Server: Message-3-25
21:20:56.993 [pool-1-thread-4] DEBUG com.mnc.udp.UDPServer - UDP-Server: Message-9-25
21:20:56.993 [pool-1-thread-3] DEBUG com.mnc.udp.UDPServer - UDP-Server: Message-4-25
21:20:56.993 [pool-1-thread-4] DEBUG com.mnc.udp.UDPServer - UDP-Server: Message-9-25 -> Message-9-25 (/127.0.0.1:49434)
21:20:56.993 [pool-1-thread-1] DEBUG com.mnc.udp.UDPServer - UDP-Server: Message-2-25
21:20:56.993 [pool-1-thread-5] DEBUG com.mnc.udp.UDPServer - UDP-Server: Message-3-25 -> Message-3-25 (/127.0.0.1:49428)
21:20:56.993 [pool-1-thread-2] DEBUG com.mnc.udp.UDPServer - UDP-Server: Message-51-44
21:20:56.993 [pool-1-thread-3] DEBUG com.mnc.udp.UDPServer - UDP-Server: Message-4-25 -> Message-4-25 (/127.0.0.1:49429)
21:20:56.994 [pool-1-thread-4] DEBUG com.mnc.udp.UDPServer - UDP-Server: Message-72-44
21:20:56.994 [pool-1-thread-5] DEBUG com.mnc.udp.UDPServer - UDP-Server: Message-6-44
21:20:56.993 [pool-1-thread-1] DEBUG com.mnc.udp.UDPServer - UDP-Server: Message-2-25 -> Message-2-25 (/127.0.0.1:49427)
21:20:56.994 [pool-1-thread-4] DEBUG com.mnc.udp.UDPServer - UDP-Server: Message-72-44 -> Message-72-44 (/127.0.0.1:49497)
21:20:56.994 [pool-1-thread-3] DEBUG com.mnc.udp.UDPServer - UDP-Server: Message-65-93
21:20:56.994 [pool-1-thread-5] DEBUG com.mnc.udp.UDPServer - UDP-Server: Message-6-44 -> Message-6-44 (/127.0.0.1:49431)
21:20:56.994 [pool-1-thread-2] DEBUG com.mnc.udp.UDPServer - UDP-Server: Message-51-44 -> Message-51-44 (/127.0.0.1:49476)
21:20:56.994 [pool-1-thread-5] DEBUG com.mnc.udp.UDPServer - UDP-Server: Message-94-21
21:20:56.994 [pool-1-thread-1] DEBUG com.mnc.udp.UDPServer - UDP-Server: Message-10-25
21:20:56.994 [pool-1-thread-2] DEBUG com.mnc.udp.UDPServer - UDP-Server: Message-67-95
21:20:56.994 [pool-1-thread-4] DEBUG com.mnc.udp.UDPServer - UDP-Server: Message-8-45
21:20:56.994 [pool-1-thread-5] DEBUG com.mnc.udp.UDPServer - UDP-Server: Message-94-21 -> Message-94-21 (/127.0.0.1:49519)
21:20:56.994 [pool-1-thread-3] DEBUG com.mnc.udp.UDPServer - UDP-Server: Message-65-93 -> Message-65-93 (/127.0.0.1:49490)
21:20:56.994 [pool-1-thread-5] DEBUG com.mnc.udp.UDPServer - UDP-Server: Message-0-25
21:20:56.994 [pool-1-thread-2] DEBUG com.mnc.udp.UDPServer - UDP-Server: Message-67-95 -> Message-67-95 (/127.0.0.1:49492)
21:20:56.994 [pool-1-thread-1] DEBUG com.mnc.udp.UDPServer - UDP-Server: Message-10-25 -> Message-10-25 (/127.0.0.1:49435)
21:20:56.994 [pool-1-thread-4] DEBUG com.mnc.udp.UDPServer - UDP-Server: Message-8-45 -> Message-8-45 (/127.0.0.1:49433)
21:20:56.994 [pool-1-thread-2] DEBUG com.mnc.udp.UDPServer - UDP-Server: Message-52-25
21:20:56.994 [pool-1-thread-1] DEBUG com.mnc.udp.UDPServer - UDP-Server: Message-26-80
21:20:56.994 [pool-1-thread-3] DEBUG com.mnc.udp.UDPServer - UDP-Server: Message-45-97
21:20:56.994 [pool-1-thread-4] DEBUG com.mnc.udp.UDPServer - UDP-Server: Message-74-45
21:20:56.994 [pool-1-thread-2] DEBUG com.mnc.udp.UDPServer - UDP-Server: Message-52-25 -> Message-52-25 (/127.0.0.1:49477)
21:20:56.994 [pool-1-thread-5] DEBUG com.mnc.udp.UDPServer - UDP-Server: Message-0-25 -> Message-0-25 (/127.0.0.1:49425)
21:20:56.994 [pool-1-thread-2] DEBUG com.mnc.udp.UDPServer - UDP-Server: Message-32-95
21:20:56.994 [pool-1-thread-1] DEBUG com.mnc.udp.UDPServer - UDP-Server: Message-26-80 -> Message-26-80 (/127.0.0.1:49451)
21:20:56.994 [pool-1-thread-3] DEBUG com.mnc.udp.UDPServer - UDP-Server: Message-45-97 -> Message-45-97 (/127.0.0.1:49470)
21:20:56.994 [pool-1-thread-4] DEBUG com.mnc.udp.UDPServer - UDP-Server: Message-74-45 -> Message-74-45 (/127.0.0.1:49499)
21:20:56.994 [pool-1-thread-1] DEBUG com.mnc.udp.UDPServer - UDP-Server: Message-50-44
21:20:56.994 [pool-1-thread-2] DEBUG com.mnc.udp.UDPServer - UDP-Server: Message-32-95 -> Message-32-95 (/127.0.0.1:49457)
21:20:56.994 [pool-1-thread-5] DEBUG com.mnc.udp.UDPServer - UDP-Server: Message-5-25
21:20:56.994 [pool-1-thread-1] DEBUG com.mnc.udp.UDPServer - UDP-Server: Message-50-44 -> Message-50-44 (/127.0.0.1:49475)
21:20:56.994 [pool-1-thread-3] DEBUG com.mnc.udp.UDPServer - UDP-Server: Message-1-44
21:20:56.994 [pool-1-thread-5] DEBUG com.mnc.udp.UDPServer - UDP-Server: Message-5-25 -> Message-5-25 (/127.0.0.1:49430)
21:20:56.994 [pool-1-thread-4] DEBUG com.mnc.udp.UDPServer - UDP-Server: Message-69-44
21:20:56.994 [pool-1-thread-2] DEBUG com.mnc.udp.UDPServer - UDP-Server: Message-9-44
21:20:56.994 [pool-1-thread-5] DEBUG com.mnc.udp.UDPServer - UDP-Server: Message-3-44
21:20:56.994 [pool-1-thread-3] DEBUG com.mnc.udp.UDPServer - UDP-Server: Message-1-44 -> Message-1-44 (/127.0.0.1:49426)
21:20:56.994 [pool-1-thread-1] DEBUG com.mnc.udp.UDPServer - UDP-Server: Message-4-44
21:20:56.994 [pool-1-thread-3] DEBUG com.mnc.udp.UDPServer - UDP-Server: Message-72-45
21:20:56.994 [pool-1-thread-1] DEBUG com.mnc.udp.UDPServer - UDP-Server: Message-4-44 -> Message-4-44 (/127.0.0.1:49429)
21:20:56.994 [pool-1-thread-3] DEBUG com.mnc.udp.UDPServer - UDP-Server: Message-72-45 -> Message-72-45 (/127.0.0.1:49497)
21:20:56.994 [pool-1-thread-5] DEBUG com.mnc.udp.UDPServer - UDP-Server: Message-3-44 -> Message-3-44 (/127.0.0.1:49428)
21:20:56.994 [pool-1-thread-2] DEBUG com.mnc.udp.UDPServer - UDP-Server: Message-9-44 -> Message-9-44 (/127.0.0.1:49434)
21:20:56.994 [pool-1-thread-4] DEBUG com.mnc.udp.UDPServer - UDP-Server: Message-69-44 -> Message-69-44 (/127.0.0.1:49494)
21:20:56.994 [pool-1-thread-3] DEBUG com.mnc.udp.UDPServer - UDP-Server: Message-6-45
21:20:56.994 [pool-1-thread-1] DEBUG com.mnc.udp.UDPServer - UDP-Server: Message-2-44
21:20:56.994 [pool-1-thread-2] DEBUG com.mnc.udp.UDPServer - UDP-Server: Message-94-22
21:20:56.994 [pool-1-thread-5] DEBUG com.mnc.udp.UDPServer - UDP-Server: Message-51-45
21:20:56.994 [pool-1-thread-2] DEBUG com.mnc.udp.UDPServer - UDP-Server: Message-94-22 -> Message-94-22 (/127.0.0.1:49519)
21:20:56.994 [pool-1-thread-4] DEBUG com.mnc.udp.UDPServer - UDP-Server: Message-65-82
21:20:56.994 [pool-1-thread-3] DEBUG com.mnc.udp.UDPServer - UDP-Server: Message-6-45 -> Message-6-45 (/127.0.0.1:49431)
21:20:56.995 [pool-1-thread-5] DEBUG com.mnc.udp.UDPServer - UDP-Server: Message-51-45 -> Message-51-45 (/127.0.0.1:49476)
21:20:56.995 [pool-1-thread-4] DEBUG com.mnc.udp.UDPServer - UDP-Server: Message-65-82 -> Message-65-82 (/127.0.0.1:49490)
21:20:56.994 [pool-1-thread-1] DEBUG com.mnc.udp.UDPServer - UDP-Server: Message-2-44 -> Message-2-44 (/127.0.0.1:49427)
21:20:56.995 [pool-1-thread-5] DEBUG com.mnc.udp.UDPServer - UDP-Server: Message-8-43
21:20:56.995 [pool-1-thread-1] DEBUG com.mnc.udp.UDPServer - UDP-Server: Message-0-44
21:20:56.995 [pool-1-thread-5] DEBUG com.mnc.udp.UDPServer - UDP-Server: Message-8-43 -> Message-8-43 (/127.0.0.1:49433)
21:20:56.995 [pool-1-thread-1] DEBUG com.mnc.udp.UDPServer - UDP-Server: Message-0-44 -> Message-0-44 (/127.0.0.1:49425)
21:20:56.995 [pool-1-thread-2] DEBUG com.mnc.udp.UDPServer - UDP-Server: Message-67-93
21:20:56.995 [pool-1-thread-3] DEBUG com.mnc.udp.UDPServer - UDP-Server: Message-10-44
21:20:56.995 [pool-1-thread-2] DEBUG com.mnc.udp.UDPServer - UDP-Server: Message-67-93 -> Message-67-93 (/127.0.0.1:49492)
21:20:56.995 [pool-1-thread-3] DEBUG com.mnc.udp.UDPServer - UDP-Server: Message-10-44 -> Message-10-44 (/127.0.0.1:49435)
21:20:56.995 [pool-1-thread-4] DEBUG com.mnc.udp.UDPServer - UDP-Server: Message-52-44
21:20:56.995 [pool-1-thread-2] DEBUG com.mnc.udp.UDPServer - UDP-Server: Message-74-43
21:20:56.995 [pool-1-thread-5] DEBUG com.mnc.udp.UDPServer - UDP-Server: Message-26-76
21:20:56.995 [pool-1-thread-2] DEBUG com.mnc.udp.UDPServer - UDP-Server: Message-74-43 -> Message-74-43 (/127.0.0.1:49499)
21:20:56.995 [pool-1-thread-1] DEBUG com.mnc.udp.UDPServer - UDP-Server: Message-45-84
21:20:56.995 [pool-1-thread-4] DEBUG com.mnc.udp.UDPServer - UDP-Server: Message-52-44 -> Message-52-44 (/127.0.0.1:49477)
21:20:56.995 [pool-1-thread-3] DEBUG com.mnc.udp.UDPServer - UDP-Server: Message-32-93
21:20:56.995 [pool-1-thread-5] DEBUG com.mnc.udp.UDPServer - UDP-Server: Message-26-76 -> Message-26-76 (/127.0.0.1:49451)
21:20:56.995 [pool-1-thread-2] DEBUG com.mnc.udp.UDPServer - UDP-Server: Message-50-45
21:20:56.995 [pool-1-thread-1] DEBUG com.mnc.udp.UDPServer - UDP-Server: Message-45-84 -> Message-45-84 (/127.0.0.1:49470)
21:20:56.995 [pool-1-thread-2] DEBUG com.mnc.udp.UDPServer - UDP-Server: Message-50-45 -> Message-50-45 (/127.0.0.1:49475)
21:20:56.995 [pool-1-thread-4] DEBUG com.mnc.udp.UDPServer - UDP-Server: Message-5-44
21:20:56.995 [pool-1-thread-3] DEBUG com.mnc.udp.UDPServer - UDP-Server: Message-32-93 -> Message-32-93 (/127.0.0.1:49457)
21:20:56.995 [pool-1-thread-5] DEBUG com.mnc.udp.UDPServer - UDP-Server: Message-1-45
21:20:56.995 [pool-1-thread-1] DEBUG com.mnc.udp.UDPServer - UDP-Server: Message-4-45
21:20:56.995 [pool-1-thread-3] DEBUG com.mnc.udp.UDPServer - UDP-Server: Message-72-43
21:20:56.995 [pool-1-thread-3] DEBUG com.mnc.udp.UDPServer - UDP-Server: Message-72-43 -> Message-72-43 (/127.0.0.1:49497)
21:20:56.995 [pool-1-thread-2] DEBUG com.mnc.udp.UDPServer - UDP-Server: Message-3-45
21:20:56.995 [pool-1-thread-4] DEBUG com.mnc.udp.UDPServer - UDP-Server: Message-5-44 -> Message-5-44 (/127.0.0.1:49430)
21:20:56.995 [pool-1-thread-5] DEBUG com.mnc.udp.UDPServer - UDP-Server: Message-1-45 -> Message-1-45 (/127.0.0.1:49426)
21:20:56.995 [pool-1-thread-1] DEBUG com.mnc.udp.UDPServer - UDP-Server: Message-4-45 -> Message-4-45 (/127.0.0.1:49429)
21:20:56.995 [pool-1-thread-4] DEBUG com.mnc.udp.UDPServer - UDP-Server: Message-69-45
21:20:56.995 [pool-1-thread-5] DEBUG com.mnc.udp.UDPServer - UDP-Server: Message-94-60
21:20:56.995 [pool-1-thread-4] DEBUG com.mnc.udp.UDPServer - UDP-Server: Message-69-45 -> Message-69-45 (/127.0.0.1:49494)
21:20:56.995 [pool-1-thread-2] DEBUG com.mnc.udp.UDPServer - UDP-Server: Message-3-45 -> Message-3-45 (/127.0.0.1:49428)
21:20:56.995 [pool-1-thread-3] DEBUG com.mnc.udp.UDPServer - UDP-Server: Message-9-45
21:20:56.995 [pool-1-thread-1] DEBUG com.mnc.udp.UDPServer - UDP-Server: Message-6-43
21:20:56.995 [pool-1-thread-5] DEBUG com.mnc.udp.UDPServer - UDP-Server: Message-94-60 -> Message-94-60 (/127.0.0.1:49519)
21:20:56.995 [pool-1-thread-4] DEBUG com.mnc.udp.UDPServer - UDP-Server: Message-51-43
21:20:56.995 [pool-1-thread-3] DEBUG com.mnc.udp.UDPServer - UDP-Server: Message-9-45 -> Message-9-45 (/127.0.0.1:49434)
21:20:56.995 [pool-1-thread-4] DEBUG com.mnc.udp.UDPServer - UDP-Server: Message-51-43 -> Message-51-43 (/127.0.0.1:49476)
21:20:56.995 [pool-1-thread-2] DEBUG com.mnc.udp.UDPServer - UDP-Server: Message-65-83
21:20:56.995 [pool-1-thread-1] DEBUG com.mnc.udp.UDPServer - UDP-Server: Message-6-43 -> Message-6-43 (/127.0.0.1:49431)
21:20:56.995 [pool-1-thread-5] DEBUG com.mnc.udp.UDPServer - UDP-Server: Message-2-45
21:20:56.996 [pool-1-thread-4] DEBUG com.mnc.udp.UDPServer - UDP-Server: Message-8-48
21:20:56.996 [pool-1-thread-1] DEBUG com.mnc.udp.UDPServer - UDP-Server: Message-10-45
21:20:56.995 [pool-1-thread-3] DEBUG com.mnc.udp.UDPServer - UDP-Server: Message-0-45
21:20:56.996 [pool-1-thread-5] DEBUG com.mnc.udp.UDPServer - UDP-Server: Message-2-45 -> Message-2-45 (/127.0.0.1:49427)
21:20:56.996 [pool-1-thread-3] DEBUG com.mnc.udp.UDPServer - UDP-Server: Message-0-45 -> Message-0-45 (/127.0.0.1:49425)
21:20:56.996 [pool-1-thread-4] DEBUG com.mnc.udp.UDPServer - UDP-Server: Message-8-48 -> Message-8-48 (/127.0.0.1:49433)
21:20:56.996 [pool-1-thread-5] DEBUG com.mnc.udp.UDPServer - UDP-Server: Message-67-82
21:20:56.996 [pool-1-thread-1] DEBUG com.mnc.udp.UDPServer - UDP-Server: Message-10-45 -> Message-10-45 (/127.0.0.1:49435)
21:20:56.996 [pool-1-thread-5] DEBUG com.mnc.udp.UDPServer - UDP-Server: Message-67-82 -> Message-67-82 (/127.0.0.1:49492)
21:20:56.996 [pool-1-thread-2] DEBUG com.mnc.udp.UDPServer - UDP-Server: Message-65-83 -> Message-65-83 (/127.0.0.1:49490)
21:20:56.996 [pool-1-thread-3] DEBUG com.mnc.udp.UDPServer - UDP-Server: Message-74-48
21:20:56.996 [pool-1-thread-1] DEBUG com.mnc.udp.UDPServer - UDP-Server: Message-26-4
21:20:56.996 [pool-1-thread-5] DEBUG com.mnc.udp.UDPServer - UDP-Server: Message-45-98
21:20:56.996 [pool-1-thread-3] DEBUG com.mnc.udp.UDPServer - UDP-Server: Message-74-48 -> Message-74-48 (/127.0.0.1:49499)
21:20:56.996 [pool-1-thread-1] DEBUG com.mnc.udp.UDPServer - UDP-Server: Message-26-4 -> Message-26-4 (/127.0.0.1:49451)
21:20:56.996 [pool-1-thread-4] DEBUG com.mnc.udp.UDPServer - UDP-Server: Message-52-45
21:20:56.996 [pool-1-thread-3] DEBUG com.mnc.udp.UDPServer - UDP-Server: Message-32-82
21:20:56.996 [pool-1-thread-2] DEBUG com.mnc.udp.UDPServer - UDP-Server: Message-50-43
21:20:56.996 [pool-1-thread-3] DEBUG com.mnc.udp.UDPServer - UDP-Server: Message-32-82 -> Message-32-82 (/127.0.0.1:49457)
21:20:56.996 [pool-1-thread-5] DEBUG com.mnc.udp.UDPServer - UDP-Server: Message-45-98 -> Message-45-98 (/127.0.0.1:49470)
21:20:56.996 [pool-1-thread-1] DEBUG com.mnc.udp.UDPServer - UDP-Server: Message-72-48
21:20:56.996 [pool-1-thread-4] DEBUG com.mnc.udp.UDPServer - UDP-Server: Message-52-45 -> Message-52-45 (/127.0.0.1:49477)
21:20:56.996 [pool-1-thread-1] DEBUG com.mnc.udp.UDPServer - UDP-Server: Message-72-48 -> Message-72-48 (/127.0.0.1:49497)
21:20:56.996 [pool-1-thread-2] DEBUG com.mnc.udp.UDPServer - UDP-Server: Message-50-43 -> Message-50-43 (/127.0.0.1:49475)
21:20:56.996 [pool-1-thread-3] DEBUG com.mnc.udp.UDPServer - UDP-Server: Message-5-45
21:20:56.996 [pool-1-thread-5] DEBUG com.mnc.udp.UDPServer - UDP-Server: Message-1-43
21:20:56.996 [pool-1-thread-4] DEBUG com.mnc.udp.UDPServer - UDP-Server: Message-4-43
21:20:56.996 [pool-1-thread-1] DEBUG com.mnc.udp.UDPServer - UDP-Server: Message-69-43
21:20:56.996 [pool-1-thread-4] DEBUG com.mnc.udp.UDPServer - UDP-Server: Message-4-43 -> Message-4-43 (/127.0.0.1:49429)
21:20:56.996 [pool-1-thread-3] DEBUG com.mnc.udp.UDPServer - UDP-Server: Message-5-45 -> Message-5-45 (/127.0.0.1:49430)
21:20:56.996 [pool-1-thread-1] DEBUG com.mnc.udp.UDPServer - UDP-Server: Message-69-43 -> Message-69-43 (/127.0.0.1:49494)
21:20:56.996 [pool-1-thread-4] DEBUG com.mnc.udp.UDPServer - UDP-Server: Message-94-23
21:20:56.996 [pool-1-thread-2] DEBUG com.mnc.udp.UDPServer - UDP-Server: Message-3-43
21:20:56.996 [pool-1-thread-5] DEBUG com.mnc.udp.UDPServer - UDP-Server: Message-1-43 -> Message-1-43 (/127.0.0.1:49426)
21:20:56.996 [pool-1-thread-1] DEBUG com.mnc.udp.UDPServer - UDP-Server: Message-51-48
21:20:56.996 [pool-1-thread-3] DEBUG com.mnc.udp.UDPServer - UDP-Server: Message-9-43
21:20:56.996 [pool-1-thread-1] DEBUG com.mnc.udp.UDPServer - UDP-Server: Message-51-48 -> Message-51-48 (/127.0.0.1:49476)
21:20:56.996 [pool-1-thread-3] DEBUG com.mnc.udp.UDPServer - UDP-Server: Message-9-43 -> Message-9-43 (/127.0.0.1:49434)
21:20:56.996 [pool-1-thread-4] DEBUG com.mnc.udp.UDPServer - UDP-Server: Message-94-23 -> Message-94-23 (/127.0.0.1:49519)
21:20:56.996 [pool-1-thread-1] DEBUG com.mnc.udp.UDPServer - UDP-Server: Message-2-43
21:20:56.996 [pool-1-thread-3] DEBUG com.mnc.udp.UDPServer - UDP-Server: Message-8-49
21:20:56.996 [pool-1-thread-1] DEBUG com.mnc.udp.UDPServer - UDP-Server: Message-2-43 -> Message-2-43 (/127.0.0.1:49427)
21:20:56.996 [pool-1-thread-3] DEBUG com.mnc.udp.UDPServer - UDP-Server: Message-8-49 -> Message-8-49 (/127.0.0.1:49433)
21:20:56.996 [pool-1-thread-1] DEBUG com.mnc.udp.UDPServer - UDP-Server: Message-67-83
21:20:56.996 [pool-1-thread-2] DEBUG com.mnc.udp.UDPServer - UDP-Server: Message-3-43 -> Message-3-43 (/127.0.0.1:49428)
21:20:56.996 [pool-1-thread-1] DEBUG com.mnc.udp.UDPServer - UDP-Server: Message-67-83 -> Message-67-83 (/127.0.0.1:49492)
21:20:56.996 [pool-1-thread-5] DEBUG com.mnc.udp.UDPServer - UDP-Server: Message-6-48
21:20:56.996 [pool-1-thread-4] DEBUG com.mnc.udp.UDPServer - UDP-Server: Message-0-43
21:20:56.996 [pool-1-thread-5] DEBUG com.mnc.udp.UDPServer - UDP-Server: Message-6-48 -> Message-6-48 (/127.0.0.1:49431)
21:20:56.996 [pool-1-thread-3] DEBUG com.mnc.udp.UDPServer - UDP-Server: Message-10-43
21:20:56.996 [pool-1-thread-2] DEBUG com.mnc.udp.UDPServer - UDP-Server: Message-74-49
21:20:56.996 [pool-1-thread-1] DEBUG com.mnc.udp.UDPServer - UDP-Server: Message-65-81
21:20:56.996 [pool-1-thread-4] DEBUG com.mnc.udp.UDPServer - UDP-Server: Message-0-43 -> Message-0-43 (/127.0.0.1:49425)
21:20:56.996 [pool-1-thread-3] DEBUG com.mnc.udp.UDPServer - UDP-Server: Message-10-43 -> Message-10-43 (/127.0.0.1:49435)
21:20:56.996 [pool-1-thread-5] DEBUG com.mnc.udp.UDPServer - UDP-Server: Message-26-5
21:20:56.997 [pool-1-thread-2] DEBUG com.mnc.udp.UDPServer - UDP-Server: Message-74-49 -> Message-74-49 (/127.0.0.1:49499)
21:20:56.997 [pool-1-thread-4] DEBUG com.mnc.udp.UDPServer - UDP-Server: Message-32-83
21:20:56.997 [pool-1-thread-1] DEBUG com.mnc.udp.UDPServer - UDP-Server: Message-65-81 -> Message-65-81 (/127.0.0.1:49490)
21:20:56.997 [pool-1-thread-2] DEBUG com.mnc.udp.UDPServer - UDP-Server: Message-72-49
21:20:56.997 [pool-1-thread-3] DEBUG com.mnc.udp.UDPServer - UDP-Server: Message-45-78
21:20:56.997 [pool-1-thread-2] DEBUG com.mnc.udp.UDPServer - UDP-Server: Message-72-49 -> Message-72-49 (/127.0.0.1:49497)
21:20:56.997 [pool-1-thread-5] DEBUG com.mnc.udp.UDPServer - UDP-Server: Message-26-5 -> Message-26-5 (/127.0.0.1:49451)
21:20:56.997 [pool-1-thread-4] DEBUG com.mnc.udp.UDPServer - UDP-Server: Message-32-83 -> Message-32-83 (/127.0.0.1:49457)
21:20:56.997 [pool-1-thread-1] DEBUG com.mnc.udp.UDPServer - UDP-Server: Message-52-43
21:20:56.997 [pool-1-thread-3] DEBUG com.mnc.udp.UDPServer - UDP-Server: Message-45-78 -> Message-45-78 (/127.0.0.1:49470)
21:20:56.997 [pool-1-thread-1] DEBUG com.mnc.udp.UDPServer - UDP-Server: Message-52-43 -> Message-52-43 (/127.0.0.1:49477)
21:20:56.997 [pool-1-thread-2] DEBUG com.mnc.udp.UDPServer - UDP-Server: Message-50-48
21:20:56.997 [pool-1-thread-5] DEBUG com.mnc.udp.UDPServer - UDP-Server: Message-4-48
21:20:56.997 [pool-1-thread-4] DEBUG com.mnc.udp.UDPServer - UDP-Server: Message-5-43
21:20:56.997 [pool-1-thread-3] DEBUG com.mnc.udp.UDPServer - UDP-Server: Message-69-48
21:20:56.997 [pool-1-thread-2] DEBUG com.mnc.udp.UDPServer - UDP-Server: Message-50-48 -> Message-50-48 (/127.0.0.1:49475)
21:20:56.997 [pool-1-thread-3] DEBUG com.mnc.udp.UDPServer - UDP-Server: Message-69-48 -> Message-69-48 (/127.0.0.1:49494)
21:20:56.997 [pool-1-thread-1] DEBUG com.mnc.udp.UDPServer - UDP-Server: Message-51-49
21:20:56.997 [pool-1-thread-5] DEBUG com.mnc.udp.UDPServer - UDP-Server: Message-4-48 -> Message-4-48 (/127.0.0.1:49429)
21:20:56.997 [pool-1-thread-1] DEBUG com.mnc.udp.UDPServer - UDP-Server: Message-51-49 -> Message-51-49 (/127.0.0.1:49476)
21:20:56.997 [pool-1-thread-4] DEBUG com.mnc.udp.UDPServer - UDP-Server: Message-5-43 -> Message-5-43 (/127.0.0.1:49430)
21:20:56.997 [pool-1-thread-2] DEBUG com.mnc.udp.UDPServer - UDP-Server: Message-94-24
21:20:56.997 [pool-1-thread-3] DEBUG com.mnc.udp.UDPServer - UDP-Server: Message-1-48
21:20:56.997 [pool-1-thread-5] DEBUG com.mnc.udp.UDPServer - UDP-Server: Message-9-48
21:20:56.997 [pool-1-thread-3] DEBUG com.mnc.udp.UDPServer - UDP-Server: Message-1-48 -> Message-1-48 (/127.0.0.1:49426)
21:20:56.997 [pool-1-thread-1] DEBUG com.mnc.udp.UDPServer - UDP-Server: Message-8-46
21:20:56.997 [pool-1-thread-3] DEBUG com.mnc.udp.UDPServer - UDP-Server: Message-67-81
21:20:56.997 [pool-1-thread-2] DEBUG com.mnc.udp.UDPServer - UDP-Server: Message-94-24 -> Message-94-24 (/127.0.0.1:49519)
21:20:56.997 [pool-1-thread-3] DEBUG com.mnc.udp.UDPServer - UDP-Server: Message-67-81 -> Message-67-81 (/127.0.0.1:49492)
21:20:56.997 [pool-1-thread-4] DEBUG com.mnc.udp.UDPServer - UDP-Server: Message-2-48
21:20:56.997 [pool-1-thread-3] DEBUG com.mnc.udp.UDPServer - UDP-Server: Message-6-49
21:20:56.997 [pool-1-thread-3] DEBUG com.mnc.udp.UDPServer - UDP-Server: Message-6-49 -> Message-6-49 (/127.0.0.1:49431)
21:20:56.997 [pool-1-thread-5] DEBUG com.mnc.udp.UDPServer - UDP-Server: Message-9-48 -> Message-9-48 (/127.0.0.1:49434)
21:20:56.997 [pool-1-thread-3] DEBUG com.mnc.udp.UDPServer - UDP-Server: Message-0-48
21:20:56.997 [pool-1-thread-5] DEBUG com.mnc.udp.UDPServer - UDP-Server: Message-10-48
21:20:56.997 [pool-1-thread-3] DEBUG com.mnc.udp.UDPServer - UDP-Server: Message-0-48 -> Message-0-48 (/127.0.0.1:49425)
21:20:56.997 [pool-1-thread-1] DEBUG com.mnc.udp.UDPServer - UDP-Server: Message-8-46 -> Message-8-46 (/127.0.0.1:49433)
21:20:56.997 [pool-1-thread-2] DEBUG com.mnc.udp.UDPServer - UDP-Server: Message-3-48
21:20:56.998 [pool-1-thread-5] DEBUG com.mnc.udp.UDPServer - UDP-Server: Message-10-48 -> Message-10-48 (/127.0.0.1:49435)
21:20:56.997 [pool-1-thread-4] DEBUG com.mnc.udp.UDPServer - UDP-Server: Message-2-48 -> Message-2-48 (/127.0.0.1:49427)
21:20:56.998 [pool-1-thread-3] DEBUG com.mnc.udp.UDPServer - UDP-Server: Message-74-46
21:20:56.998 [pool-1-thread-1] DEBUG com.mnc.udp.UDPServer - UDP-Server: Message-65-85
21:20:56.998 [pool-1-thread-2] DEBUG com.mnc.udp.UDPServer - UDP-Server: Message-3-48 -> Message-3-48 (/127.0.0.1:49428)
21:20:56.998 [pool-1-thread-5] DEBUG com.mnc.udp.UDPServer - UDP-Server: Message-72-46
21:20:56.998 [pool-1-thread-4] DEBUG com.mnc.udp.UDPServer - UDP-Server: Message-26-38
21:20:56.998 [pool-1-thread-3] DEBUG com.mnc.udp.UDPServer - UDP-Server: Message-74-46 -> Message-74-46 (/127.0.0.1:49499)
21:20:56.998 [pool-1-thread-1] DEBUG com.mnc.udp.UDPServer - UDP-Server: Message-65-85 -> Message-65-85 (/127.0.0.1:49490)
21:20:56.998 [pool-1-thread-5] DEBUG com.mnc.udp.UDPServer - UDP-Server: Message-72-46 -> Message-72-46 (/127.0.0.1:49497)
21:20:56.998 [pool-1-thread-2] DEBUG com.mnc.udp.UDPServer - UDP-Server: Message-32-81
21:20:56.998 [pool-1-thread-4] DEBUG com.mnc.udp.UDPServer - UDP-Server: Message-26-38 -> Message-26-38 (/127.0.0.1:49451)
21:20:56.998 [pool-1-thread-5] DEBUG com.mnc.udp.UDPServer - UDP-Server: Message-69-49
21:20:56.998 [pool-1-thread-3] DEBUG com.mnc.udp.UDPServer - UDP-Server: Message-45-99
21:20:56.998 [pool-1-thread-1] DEBUG com.mnc.udp.UDPServer - UDP-Server: Message-52-48
21:20:56.998 [pool-1-thread-2] DEBUG com.mnc.udp.UDPServer - UDP-Server: Message-32-81 -> Message-32-81 (/127.0.0.1:49457)
21:20:56.998 [pool-1-thread-1] DEBUG com.mnc.udp.UDPServer - UDP-Server: Message-52-48 -> Message-52-48 (/127.0.0.1:49477)
21:20:56.998 [pool-1-thread-3] DEBUG com.mnc.udp.UDPServer - UDP-Server: Message-45-99 -> Message-45-99 (/127.0.0.1:49470)
21:20:56.998 [pool-1-thread-5] DEBUG com.mnc.udp.UDPServer - UDP-Server: Message-69-49 -> Message-69-49 (/127.0.0.1:49494)
21:20:56.998 [pool-1-thread-4] DEBUG com.mnc.udp.UDPServer - UDP-Server: Message-50-49
21:20:56.998 [pool-1-thread-3] DEBUG com.mnc.udp.UDPServer - UDP-Server: Message-5-48
21:20:56.998 [pool-1-thread-4] DEBUG com.mnc.udp.UDPServer - UDP-Server: Message-50-49 -> Message-50-49 (/127.0.0.1:49475)
21:20:56.998 [pool-1-thread-2] DEBUG com.mnc.udp.UDPServer - UDP-Server: Message-4-49
21:20:56.998 [pool-1-thread-1] DEBUG com.mnc.udp.UDPServer - UDP-Server: Message-51-46
21:20:56.998 [pool-1-thread-2] DEBUG com.mnc.udp.UDPServer - UDP-Server: Message-4-49 -> Message-4-49 (/127.0.0.1:49429)
21:20:56.998 [pool-1-thread-3] DEBUG com.mnc.udp.UDPServer - UDP-Server: Message-5-48 -> Message-5-48 (/127.0.0.1:49430)
21:20:56.998 [pool-1-thread-5] DEBUG com.mnc.udp.UDPServer - UDP-Server: Message-1-49
21:20:56.998 [pool-1-thread-4] DEBUG com.mnc.udp.UDPServer - UDP-Server: Message-94-61
21:20:56.998 [pool-1-thread-1] DEBUG com.mnc.udp.UDPServer - UDP-Server: Message-51-46 -> Message-51-46 (/127.0.0.1:49476)
21:20:56.998 [pool-1-thread-2] DEBUG com.mnc.udp.UDPServer - UDP-Server: Message-67-85
21:20:56.998 [pool-1-thread-3] DEBUG com.mnc.udp.UDPServer - UDP-Server: Message-9-49
21:20:56.998 [pool-1-thread-2] DEBUG com.mnc.udp.UDPServer - UDP-Server: Message-67-85 -> Message-67-85 (/127.0.0.1:49492)
21:20:56.998 [pool-1-thread-5] DEBUG com.mnc.udp.UDPServer - UDP-Server: Message-1-49 -> Message-1-49 (/127.0.0.1:49426)
21:20:56.998 [pool-1-thread-4] DEBUG com.mnc.udp.UDPServer - UDP-Server: Message-94-61 -> Message-94-61 (/127.0.0.1:49519)
21:20:56.998 [pool-1-thread-2] DEBUG com.mnc.udp.UDPServer - UDP-Server: Message-0-49
21:20:56.998 [pool-1-thread-1] DEBUG com.mnc.udp.UDPServer - UDP-Server: Message-6-46
21:20:56.998 [pool-1-thread-2] DEBUG com.mnc.udp.UDPServer - UDP-Server: Message-0-49 -> Message-0-49 (/127.0.0.1:49425)
21:20:56.998 [pool-1-thread-3] DEBUG com.mnc.udp.UDPServer - UDP-Server: Message-9-49 -> Message-9-49 (/127.0.0.1:49434)
21:20:56.998 [pool-1-thread-5] DEBUG com.mnc.udp.UDPServer - UDP-Server: Message-8-47
21:20:56.998 [pool-1-thread-4] DEBUG com.mnc.udp.UDPServer - UDP-Server: Message-10-49
21:20:56.998 [pool-1-thread-3] DEBUG com.mnc.udp.UDPServer - UDP-Server: Message-3-49
21:20:56.998 [pool-1-thread-1] DEBUG com.mnc.udp.UDPServer - UDP-Server: Message-6-46 -> Message-6-46 (/127.0.0.1:49431)
21:20:56.998 [pool-1-thread-2] DEBUG com.mnc.udp.UDPServer - UDP-Server: Message-2-49
21:20:56.998 [pool-1-thread-4] DEBUG com.mnc.udp.UDPServer - UDP-Server: Message-10-49 -> Message-10-49 (/127.0.0.1:49435)
21:20:56.998 [pool-1-thread-5] DEBUG com.mnc.udp.UDPServer - UDP-Server: Message-8-47 -> Message-8-47 (/127.0.0.1:49433)
21:20:56.998 [pool-1-thread-3] DEBUG com.mnc.udp.UDPServer - UDP-Server: Message-3-49 -> Message-3-49 (/127.0.0.1:49428)
21:20:56.999 [pool-1-thread-2] DEBUG com.mnc.udp.UDPServer - UDP-Server: Message-2-49 -> Message-2-49 (/127.0.0.1:49427)
21:20:56.999 [pool-1-thread-1] DEBUG com.mnc.udp.UDPServer - UDP-Server: Message-74-47
21:20:56.999 [pool-1-thread-4] DEBUG com.mnc.udp.UDPServer - UDP-Server: Message-65-86
21:20:56.999 [pool-1-thread-5] DEBUG com.mnc.udp.UDPServer - UDP-Server: Message-72-47
21:20:56.999 [pool-1-thread-4] DEBUG com.mnc.udp.UDPServer - UDP-Server: Message-65-86 -> Message-65-86 (/127.0.0.1:49490)
21:20:56.999 [pool-1-thread-5] DEBUG com.mnc.udp.UDPServer - UDP-Server: Message-72-47 -> Message-72-47 (/127.0.0.1:49497)
21:20:56.999 [pool-1-thread-3] DEBUG com.mnc.udp.UDPServer - UDP-Server: Message-26-1
21:20:56.999 [pool-1-thread-4] DEBUG com.mnc.udp.UDPServer - UDP-Server: Message-32-85
21:20:56.999 [pool-1-thread-5] DEBUG com.mnc.udp.UDPServer - UDP-Server: Message-45-79
21:20:56.999 [pool-1-thread-1] DEBUG com.mnc.udp.UDPServer - UDP-Server: Message-74-47 -> Message-74-47 (/127.0.0.1:49499)
21:20:56.999 [pool-1-thread-3] DEBUG com.mnc.udp.UDPServer - UDP-Server: Message-26-1 -> Message-26-1 (/127.0.0.1:49451)
21:20:56.999 [pool-1-thread-2] DEBUG com.mnc.udp.UDPServer - UDP-Server: Message-52-49
21:20:56.999 [pool-1-thread-1] DEBUG com.mnc.udp.UDPServer - UDP-Server: Message-69-46
21:20:56.999 [pool-1-thread-4] DEBUG com.mnc.udp.UDPServer - UDP-Server: Message-32-85 -> Message-32-85 (/127.0.0.1:49457)
21:20:56.999 [pool-1-thread-1] DEBUG com.mnc.udp.UDPServer - UDP-Server: Message-69-46 -> Message-69-46 (/127.0.0.1:49494)
21:20:56.999 [pool-1-thread-5] DEBUG com.mnc.udp.UDPServer - UDP-Server: Message-45-79 -> Message-45-79 (/127.0.0.1:49470)
21:20:56.999 [pool-1-thread-3] DEBUG com.mnc.udp.UDPServer - UDP-Server: Message-50-46
21:20:56.999 [pool-1-thread-2] DEBUG com.mnc.udp.UDPServer - UDP-Server: Message-52-49 -> Message-52-49 (/127.0.0.1:49477)
21:20:56.999 [pool-1-thread-4] DEBUG com.mnc.udp.UDPServer - UDP-Server: Message-4-46
21:20:56.999 [pool-1-thread-1] DEBUG com.mnc.udp.UDPServer - UDP-Server: Message-5-49
21:20:56.999 [pool-1-thread-5] DEBUG com.mnc.udp.UDPServer - UDP-Server: Message-51-47
21:20:56.999 [pool-1-thread-3] DEBUG com.mnc.udp.UDPServer - UDP-Server: Message-50-46 -> Message-50-46 (/127.0.0.1:49475)
21:20:56.999 [pool-1-thread-4] DEBUG com.mnc.udp.UDPServer - UDP-Server: Message-4-46 -> Message-4-46 (/127.0.0.1:49429)
21:20:56.999 [pool-1-thread-3] DEBUG com.mnc.udp.UDPServer - UDP-Server: Message-1-46
21:20:56.999 [pool-1-thread-3] DEBUG com.mnc.udp.UDPServer - UDP-Server: Message-1-46 -> Message-1-46 (/127.0.0.1:49426)
21:20:56.999 [pool-1-thread-2] DEBUG com.mnc.udp.UDPServer - UDP-Server: Message-67-86
21:20:56.999 [pool-1-thread-3] DEBUG com.mnc.udp.UDPServer - UDP-Server: Message-0-46
21:20:56.999 [pool-1-thread-2] DEBUG com.mnc.udp.UDPServer - UDP-Server: Message-67-86 -> Message-67-86 (/127.0.0.1:49492)
21:20:56.999 [pool-1-thread-3] DEBUG com.mnc.udp.UDPServer - UDP-Server: Message-0-46 -> Message-0-46 (/127.0.0.1:49425)
21:20:56.999 [pool-1-thread-2] DEBUG com.mnc.udp.UDPServer - UDP-Server: Message-9-46
21:20:56.999 [pool-1-thread-3] DEBUG com.mnc.udp.UDPServer - UDP-Server: Message-6-47
21:20:56.999 [pool-1-thread-1] DEBUG com.mnc.udp.UDPServer - UDP-Server: Message-5-49 -> Message-5-49 (/127.0.0.1:49430)
21:20:56.999 [pool-1-thread-3] DEBUG com.mnc.udp.UDPServer - UDP-Server: Message-6-47 -> Message-6-47 (/127.0.0.1:49431)
21:20:56.999 [pool-1-thread-5] DEBUG com.mnc.udp.UDPServer - UDP-Server: Message-51-47 -> Message-51-47 (/127.0.0.1:49476)
21:20:56.999 [pool-1-thread-4] DEBUG com.mnc.udp.UDPServer - UDP-Server: Message-94-19
21:20:56.999 [pool-1-thread-2] DEBUG com.mnc.udp.UDPServer - UDP-Server: Message-9-46 -> Message-9-46 (/127.0.0.1:49434)
21:20:56.999 [pool-1-thread-4] DEBUG com.mnc.udp.UDPServer - UDP-Server: Message-94-19 -> Message-94-19 (/127.0.0.1:49519)
21:20:56.999 [pool-1-thread-3] DEBUG com.mnc.udp.UDPServer - UDP-Server: Message-8-40
21:20:56.999 [pool-1-thread-4] DEBUG com.mnc.udp.UDPServer - UDP-Server: Message-65-84
21:20:56.999 [pool-1-thread-3] DEBUG com.mnc.udp.UDPServer - UDP-Server: Message-8-40 -> Message-8-40 (/127.0.0.1:49433)
21:20:56.999 [pool-1-thread-1] DEBUG com.mnc.udp.UDPServer - UDP-Server: Message-10-46
21:20:56.999 [pool-1-thread-5] DEBUG com.mnc.udp.UDPServer - UDP-Server: Message-3-46
21:20:56.999 [pool-1-thread-2] DEBUG com.mnc.udp.UDPServer - UDP-Server: Message-2-46
21:20:56.999 [pool-1-thread-4] DEBUG com.mnc.udp.UDPServer - UDP-Server: Message-65-84 -> Message-65-84 (/127.0.0.1:49490)
21:20:56.999 [pool-1-thread-1] DEBUG com.mnc.udp.UDPServer - UDP-Server: Message-10-46 -> Message-10-46 (/127.0.0.1:49435)
21:20:57.000 [pool-1-thread-3] DEBUG com.mnc.udp.UDPServer - UDP-Server: Message-72-40
21:20:57.000 [pool-1-thread-2] DEBUG com.mnc.udp.UDPServer - UDP-Server: Message-2-46 -> Message-2-46 (/127.0.0.1:49427)
21:20:57.000 [pool-1-thread-3] DEBUG com.mnc.udp.UDPServer - UDP-Server: Message-72-40 -> Message-72-40 (/127.0.0.1:49497)
21:20:57.000 [pool-1-thread-5] DEBUG com.mnc.udp.UDPServer - UDP-Server: Message-3-46 -> Message-3-46 (/127.0.0.1:49428)
21:20:57.000 [pool-1-thread-3] DEBUG com.mnc.udp.UDPServer - UDP-Server: Message-69-47
21:20:57.000 [pool-1-thread-1] DEBUG com.mnc.udp.UDPServer - UDP-Server: Message-26-77
21:20:57.000 [pool-1-thread-4] DEBUG com.mnc.udp.UDPServer - UDP-Server: Message-74-40
21:20:57.000 [pool-1-thread-1] DEBUG com.mnc.udp.UDPServer - UDP-Server: Message-26-77 -> Message-26-77 (/127.0.0.1:49451)
21:20:57.000 [pool-1-thread-4] DEBUG com.mnc.udp.UDPServer - UDP-Server: Message-74-40 -> Message-74-40 (/127.0.0.1:49499)
21:20:57.000 [pool-1-thread-1] DEBUG com.mnc.udp.UDPServer - UDP-Server: Message-52-46
21:20:57.000 [pool-1-thread-2] DEBUG com.mnc.udp.UDPServer - UDP-Server: Message-32-86
21:20:57.000 [pool-1-thread-1] DEBUG com.mnc.udp.UDPServer - UDP-Server: Message-52-46 -> Message-52-46 (/127.0.0.1:49477)
21:20:57.000 [pool-1-thread-5] DEBUG com.mnc.udp.UDPServer - UDP-Server: Message-45-94
21:20:57.000 [pool-1-thread-2] DEBUG com.mnc.udp.UDPServer - UDP-Server: Message-32-86 -> Message-32-86 (/127.0.0.1:49457)
21:20:57.000 [pool-1-thread-3] DEBUG com.mnc.udp.UDPServer - UDP-Server: Message-69-47 -> Message-69-47 (/127.0.0.1:49494)
21:20:57.000 [pool-1-thread-4] DEBUG com.mnc.udp.UDPServer - UDP-Server: Message-50-47
21:20:57.000 [pool-1-thread-5] DEBUG com.mnc.udp.UDPServer - UDP-Server: Message-45-94 -> Message-45-94 (/127.0.0.1:49470)
21:20:57.000 [pool-1-thread-1] DEBUG com.mnc.udp.UDPServer - UDP-Server: Message-4-47
21:20:57.000 [pool-1-thread-2] DEBUG com.mnc.udp.UDPServer - UDP-Server: Message-1-47
21:20:57.000 [pool-1-thread-1] DEBUG com.mnc.udp.UDPServer - UDP-Server: Message-4-47 -> Message-4-47 (/127.0.0.1:49429)
21:20:57.000 [pool-1-thread-3] DEBUG com.mnc.udp.UDPServer - UDP-Server: Message-67-84
21:20:57.000 [pool-1-thread-1] DEBUG com.mnc.udp.UDPServer - UDP-Server: Message-5-46
21:20:57.000 [pool-1-thread-4] DEBUG com.mnc.udp.UDPServer - UDP-Server: Message-50-47 -> Message-50-47 (/127.0.0.1:49475)
21:20:57.000 [pool-1-thread-5] DEBUG com.mnc.udp.UDPServer - UDP-Server: Message-0-47
21:20:57.000 [pool-1-thread-2] DEBUG com.mnc.udp.UDPServer - UDP-Server: Message-1-47 -> Message-1-47 (/127.0.0.1:49426)
21:20:57.000 [pool-1-thread-3] DEBUG com.mnc.udp.UDPServer - UDP-Server: Message-67-84 -> Message-67-84 (/127.0.0.1:49492)
21:20:57.000 [pool-1-thread-1] DEBUG com.mnc.udp.UDPServer - UDP-Server: Message-5-46 -> Message-5-46 (/127.0.0.1:49430)
21:20:57.000 [pool-1-thread-5] DEBUG com.mnc.udp.UDPServer - UDP-Server: Message-0-47 -> Message-0-47 (/127.0.0.1:49425)
21:20:57.000 [pool-1-thread-4] DEBUG com.mnc.udp.UDPServer - UDP-Server: Message-6-40
21:20:57.000 [pool-1-thread-2] DEBUG com.mnc.udp.UDPServer - UDP-Server: Message-51-40
21:20:57.000 [pool-1-thread-1] DEBUG com.mnc.udp.UDPServer - UDP-Server: Message-94-20
21:20:57.000 [pool-1-thread-3] DEBUG com.mnc.udp.UDPServer - UDP-Server: Message-9-47
21:20:57.000 [pool-1-thread-2] DEBUG com.mnc.udp.UDPServer - UDP-Server: Message-51-40 -> Message-51-40 (/127.0.0.1:49476)
21:20:57.000 [pool-1-thread-5] DEBUG com.mnc.udp.UDPServer - UDP-Server: Message-8-41
21:20:57.000 [pool-1-thread-3] DEBUG com.mnc.udp.UDPServer - UDP-Server: Message-9-47 -> Message-9-47 (/127.0.0.1:49434)
21:20:57.000 [pool-1-thread-4] DEBUG com.mnc.udp.UDPServer - UDP-Server: Message-6-40 -> Message-6-40 (/127.0.0.1:49431)
21:20:57.000 [pool-1-thread-1] DEBUG com.mnc.udp.UDPServer - UDP-Server: Message-94-20 -> Message-94-20 (/127.0.0.1:49519)
21:20:57.000 [pool-1-thread-2] DEBUG com.mnc.udp.UDPServer - UDP-Server: Message-10-47
21:20:57.000 [pool-1-thread-4] DEBUG com.mnc.udp.UDPServer - UDP-Server: Message-65-78
21:20:57.000 [pool-1-thread-5] DEBUG com.mnc.udp.UDPServer - UDP-Server: Message-8-41 -> Message-8-41 (/127.0.0.1:49433)
21:20:57.000 [pool-1-thread-4] DEBUG com.mnc.udp.UDPServer - UDP-Server: Message-65-78 -> Message-65-78 (/127.0.0.1:49490)
21:20:57.000 [pool-1-thread-3] DEBUG com.mnc.udp.UDPServer - UDP-Server: Message-2-47
21:20:57.000 [pool-1-thread-1] DEBUG com.mnc.udp.UDPServer - UDP-Server: Message-72-41
21:20:57.000 [pool-1-thread-2] DEBUG com.mnc.udp.UDPServer - UDP-Server: Message-10-47 -> Message-10-47 (/127.0.0.1:49435)
21:20:57.001 [pool-1-thread-4] DEBUG com.mnc.udp.UDPServer - UDP-Server: Message-3-47
21:20:57.001 [pool-1-thread-5] DEBUG com.mnc.udp.UDPServer - UDP-Server: Message-26-27
21:20:57.001 [pool-1-thread-1] DEBUG com.mnc.udp.UDPServer - UDP-Server: Message-72-41 -> Message-72-41 (/127.0.0.1:49497)
21:20:57.001 [pool-1-thread-5] DEBUG com.mnc.udp.UDPServer - UDP-Server: Message-26-27 -> Message-26-27 (/127.0.0.1:49451)
21:20:57.001 [pool-1-thread-3] DEBUG com.mnc.udp.UDPServer - UDP-Server: Message-2-47 -> Message-2-47 (/127.0.0.1:49427)
21:20:57.001 [pool-1-thread-2] DEBUG com.mnc.udp.UDPServer - UDP-Server: Message-74-41
21:20:57.001 [pool-1-thread-4] DEBUG com.mnc.udp.UDPServer - UDP-Server: Message-3-47 -> Message-3-47 (/127.0.0.1:49428)
21:20:57.001 [pool-1-thread-2] DEBUG com.mnc.udp.UDPServer - UDP-Server: Message-74-41 -> Message-74-41 (/127.0.0.1:49499)
21:20:57.001 [pool-1-thread-1] DEBUG com.mnc.udp.UDPServer - UDP-Server: Message-52-47
21:20:57.001 [pool-1-thread-2] DEBUG com.mnc.udp.UDPServer - UDP-Server: Message-4-40
21:20:57.001 [pool-1-thread-1] DEBUG com.mnc.udp.UDPServer - UDP-Server: Message-52-47 -> Message-52-47 (/127.0.0.1:49477)
21:20:57.001 [pool-1-thread-2] DEBUG com.mnc.udp.UDPServer - UDP-Server: Message-4-40 -> Message-4-40 (/127.0.0.1:49429)
21:20:57.001 [pool-1-thread-5] DEBUG com.mnc.udp.UDPServer - UDP-Server: Message-32-84
21:20:57.001 [pool-1-thread-3] DEBUG com.mnc.udp.UDPServer - UDP-Server: Message-69-40
21:20:57.001 [pool-1-thread-5] DEBUG com.mnc.udp.UDPServer - UDP-Server: Message-32-84 -> Message-32-84 (/127.0.0.1:49457)
21:20:57.001 [pool-1-thread-4] DEBUG com.mnc.udp.UDPServer - UDP-Server: Message-45-80
21:20:57.001 [pool-1-thread-5] DEBUG com.mnc.udp.UDPServer - UDP-Server: Message-5-47
21:20:57.001 [pool-1-thread-4] DEBUG com.mnc.udp.UDPServer - UDP-Server: Message-45-80 -> Message-45-80 (/127.0.0.1:49470)
21:20:57.001 [pool-1-thread-5] DEBUG com.mnc.udp.UDPServer - UDP-Server: Message-5-47 -> Message-5-47 (/127.0.0.1:49430)
21:20:57.001 [pool-1-thread-1] DEBUG com.mnc.udp.UDPServer - UDP-Server: Message-50-40
21:20:57.001 [pool-1-thread-2] DEBUG com.mnc.udp.UDPServer - UDP-Server: Message-1-40
21:20:57.001 [pool-1-thread-3] DEBUG com.mnc.udp.UDPServer - UDP-Server: Message-69-40 -> Message-69-40 (/127.0.0.1:49494)
21:20:57.001 [pool-1-thread-2] DEBUG com.mnc.udp.UDPServer - UDP-Server: Message-1-40 -> Message-1-40 (/127.0.0.1:49426)
21:20:57.001 [pool-1-thread-4] DEBUG com.mnc.udp.UDPServer - UDP-Server: Message-67-78
21:20:57.001 [pool-1-thread-5] DEBUG com.mnc.udp.UDPServer - UDP-Server: Message-0-40
21:20:57.001 [pool-1-thread-1] DEBUG com.mnc.udp.UDPServer - UDP-Server: Message-50-40 -> Message-50-40 (/127.0.0.1:49475)
21:20:57.001 [pool-1-thread-3] DEBUG com.mnc.udp.UDPServer - UDP-Server: Message-51-41
21:20:57.001 [pool-1-thread-2] DEBUG com.mnc.udp.UDPServer - UDP-Server: Message-9-40
21:20:57.001 [pool-1-thread-1] DEBUG com.mnc.udp.UDPServer - UDP-Server: Message-6-41
21:20:57.001 [pool-1-thread-4] DEBUG com.mnc.udp.UDPServer - UDP-Server: Message-67-78 -> Message-67-78 (/127.0.0.1:49492)
21:20:57.001 [pool-1-thread-1] DEBUG com.mnc.udp.UDPServer - UDP-Server: Message-6-41 -> Message-6-41 (/127.0.0.1:49431)
21:20:57.001 [pool-1-thread-3] DEBUG com.mnc.udp.UDPServer - UDP-Server: Message-51-41 -> Message-51-41 (/127.0.0.1:49476)
21:20:57.001 [pool-1-thread-5] DEBUG com.mnc.udp.UDPServer - UDP-Server: Message-0-40 -> Message-0-40 (/127.0.0.1:49425)
21:20:57.001 [pool-1-thread-1] DEBUG com.mnc.udp.UDPServer - UDP-Server: Message-8-42
21:20:57.001 [pool-1-thread-2] DEBUG com.mnc.udp.UDPServer - UDP-Server: Message-9-40 -> Message-9-40 (/127.0.0.1:49434)
21:20:57.001 [pool-1-thread-1] DEBUG com.mnc.udp.UDPServer - UDP-Server: Message-8-42 -> Message-8-42 (/127.0.0.1:49433)
21:20:57.001 [pool-1-thread-4] DEBUG com.mnc.udp.UDPServer - UDP-Server: Message-94-59
21:20:57.001 [pool-1-thread-5] DEBUG com.mnc.udp.UDPServer - UDP-Server: Message-10-40
21:20:57.001 [pool-1-thread-3] DEBUG com.mnc.udp.UDPServer - UDP-Server: Message-65-79
21:20:57.001 [pool-1-thread-4] DEBUG com.mnc.udp.UDPServer - UDP-Server: Message-94-59 -> Message-94-59 (/127.0.0.1:49519)
21:20:57.001 [pool-1-thread-3] DEBUG com.mnc.udp.UDPServer - UDP-Server: Message-65-79 -> Message-65-79 (/127.0.0.1:49490)
21:20:57.001 [pool-1-thread-5] DEBUG com.mnc.udp.UDPServer - UDP-Server: Message-10-40 -> Message-10-40 (/127.0.0.1:49435)
21:20:57.001 [pool-1-thread-4] DEBUG com.mnc.udp.UDPServer - UDP-Server: Message-2-40
21:20:57.001 [pool-1-thread-2] DEBUG com.mnc.udp.UDPServer - UDP-Server: Message-72-42
21:20:57.001 [pool-1-thread-4] DEBUG com.mnc.udp.UDPServer - UDP-Server: Message-2-40 -> Message-2-40 (/127.0.0.1:49427)
21:20:57.001 [pool-1-thread-1] DEBUG com.mnc.udp.UDPServer - UDP-Server: Message-26-75
21:20:57.001 [pool-1-thread-3] DEBUG com.mnc.udp.UDPServer - UDP-Server: Message-74-42
21:20:57.001 [pool-1-thread-5] DEBUG com.mnc.udp.UDPServer - UDP-Server: Message-3-40
21:20:57.001 [pool-1-thread-2] DEBUG com.mnc.udp.UDPServer - UDP-Server: Message-72-42 -> Message-72-42 (/127.0.0.1:49497)
21:20:57.001 [pool-1-thread-4] DEBUG com.mnc.udp.UDPServer - UDP-Server: Message-52-40
21:20:57.001 [pool-1-thread-1] DEBUG com.mnc.udp.UDPServer - UDP-Server: Message-26-75 -> Message-26-75 (/127.0.0.1:49451)
21:20:57.001 [pool-1-thread-3] DEBUG com.mnc.udp.UDPServer - UDP-Server: Message-74-42 -> Message-74-42 (/127.0.0.1:49499)
21:20:57.001 [pool-1-thread-5] DEBUG com.mnc.udp.UDPServer - UDP-Server: Message-3-40 -> Message-3-40 (/127.0.0.1:49428)
21:20:57.002 [pool-1-thread-4] DEBUG com.mnc.udp.UDPServer - UDP-Server: Message-52-40 -> Message-52-40 (/127.0.0.1:49477)
21:20:57.002 [pool-1-thread-2] DEBUG com.mnc.udp.UDPServer - UDP-Server: Message-4-41
21:20:57.002 [pool-1-thread-5] DEBUG com.mnc.udp.UDPServer - UDP-Server: Message-5-40
21:20:57.002 [pool-1-thread-1] DEBUG com.mnc.udp.UDPServer - UDP-Server: Message-32-78
21:20:57.002 [pool-1-thread-2] DEBUG com.mnc.udp.UDPServer - UDP-Server: Message-4-41 -> Message-4-41 (/127.0.0.1:49429)
21:20:57.002 [pool-1-thread-5] DEBUG com.mnc.udp.UDPServer - UDP-Server: Message-5-40 -> Message-5-40 (/127.0.0.1:49430)
21:20:57.002 [pool-1-thread-1] DEBUG com.mnc.udp.UDPServer - UDP-Server: Message-32-78 -> Message-32-78 (/127.0.0.1:49457)
21:20:57.002 [pool-1-thread-3] DEBUG com.mnc.udp.UDPServer - UDP-Server: Message-45-95
21:20:57.002 [pool-1-thread-4] DEBUG com.mnc.udp.UDPServer - UDP-Server: Message-69-41
21:20:57.002 [pool-1-thread-5] DEBUG com.mnc.udp.UDPServer - UDP-Server: Message-1-41
21:20:57.002 [pool-1-thread-2] DEBUG com.mnc.udp.UDPServer - UDP-Server: Message-50-41
21:20:57.002 [pool-1-thread-3] DEBUG com.mnc.udp.UDPServer - UDP-Server: Message-45-95 -> Message-45-95 (/127.0.0.1:49470)
21:20:57.002 [pool-1-thread-2] DEBUG com.mnc.udp.UDPServer - UDP-Server: Message-50-41 -> Message-50-41 (/127.0.0.1:49475)
21:20:57.002 [pool-1-thread-1] DEBUG com.mnc.udp.UDPServer - UDP-Server: Message-67-79
21:20:57.002 [pool-1-thread-4] DEBUG com.mnc.udp.UDPServer - UDP-Server: Message-69-41 -> Message-69-41 (/127.0.0.1:49494)
21:20:57.002 [pool-1-thread-2] DEBUG com.mnc.udp.UDPServer - UDP-Server: Message-51-42
21:20:57.002 [pool-1-thread-5] DEBUG com.mnc.udp.UDPServer - UDP-Server: Message-1-41 -> Message-1-41 (/127.0.0.1:49426)
21:20:57.002 [pool-1-thread-2] DEBUG com.mnc.udp.UDPServer - UDP-Server: Message-51-42 -> Message-51-42 (/127.0.0.1:49476)
21:20:57.002 [pool-1-thread-5] DEBUG com.mnc.udp.UDPServer - UDP-Server: Message-8-38
21:20:57.002 [pool-1-thread-5] DEBUG com.mnc.udp.UDPServer - UDP-Server: Message-8-38 -> Message-8-38 (/127.0.0.1:49433)
21:20:57.002 [pool-1-thread-3] DEBUG com.mnc.udp.UDPServer - UDP-Server: Message-6-42
21:20:57.002 [pool-1-thread-1] DEBUG com.mnc.udp.UDPServer - UDP-Server: Message-67-79 -> Message-67-79 (/127.0.0.1:49492)
21:20:57.002 [pool-1-thread-5] DEBUG com.mnc.udp.UDPServer - UDP-Server: Message-65-80
21:20:57.002 [pool-1-thread-4] DEBUG com.mnc.udp.UDPServer - UDP-Server: Message-0-41
21:20:57.002 [pool-1-thread-5] DEBUG com.mnc.udp.UDPServer - UDP-Server: Message-65-80 -> Message-65-80 (/127.0.0.1:49490)
21:20:57.002 [pool-1-thread-2] DEBUG com.mnc.udp.UDPServer - UDP-Server: Message-9-41
21:20:57.002 [pool-1-thread-3] DEBUG com.mnc.udp.UDPServer - UDP-Server: Message-6-42 -> Message-6-42 (/127.0.0.1:49431)
21:20:57.002 [pool-1-thread-2] DEBUG com.mnc.udp.UDPServer - UDP-Server: Message-9-41 -> Message-9-41 (/127.0.0.1:49434)
21:20:57.002 [pool-1-thread-5] DEBUG com.mnc.udp.UDPServer - UDP-Server: Message-10-41
21:20:57.002 [pool-1-thread-3] DEBUG com.mnc.udp.UDPServer - UDP-Server: Message-2-41
21:20:57.002 [pool-1-thread-1] DEBUG com.mnc.udp.UDPServer - UDP-Server: Message-94-18
21:20:57.002 [pool-1-thread-1] DEBUG com.mnc.udp.UDPServer - UDP-Server: Message-94-18 -> Message-94-18 (/127.0.0.1:49519)
21:20:57.002 [pool-1-thread-4] DEBUG com.mnc.udp.UDPServer - UDP-Server: Message-0-41 -> Message-0-41 (/127.0.0.1:49425)
21:20:57.002 [pool-1-thread-5] DEBUG com.mnc.udp.UDPServer - UDP-Server: Message-10-41 -> Message-10-41 (/127.0.0.1:49435)
21:20:57.002 [pool-1-thread-1] DEBUG com.mnc.udp.UDPServer - UDP-Server: Message-26-2
21:20:57.002 [pool-1-thread-4] DEBUG com.mnc.udp.UDPServer - UDP-Server: Message-74-38
21:20:57.002 [pool-1-thread-5] DEBUG com.mnc.udp.UDPServer - UDP-Server: Message-3-41
21:20:57.002 [pool-1-thread-4] DEBUG com.mnc.udp.UDPServer - UDP-Server: Message-74-38 -> Message-74-38 (/127.0.0.1:49499)
21:20:57.002 [pool-1-thread-5] DEBUG com.mnc.udp.UDPServer - UDP-Server: Message-3-41 -> Message-3-41 (/127.0.0.1:49428)
21:20:57.002 [pool-1-thread-4] DEBUG com.mnc.udp.UDPServer - UDP-Server: Message-52-41
21:20:57.002 [pool-1-thread-2] DEBUG com.mnc.udp.UDPServer - UDP-Server: Message-72-38
21:20:57.002 [pool-1-thread-4] DEBUG com.mnc.udp.UDPServer - UDP-Server: Message-52-41 -> Message-52-41 (/127.0.0.1:49477)
21:20:57.002 [pool-1-thread-3] DEBUG com.mnc.udp.UDPServer - UDP-Server: Message-2-41 -> Message-2-41 (/127.0.0.1:49427)
21:20:57.002 [pool-1-thread-2] DEBUG com.mnc.udp.UDPServer - UDP-Server: Message-72-38 -> Message-72-38 (/127.0.0.1:49497)
21:20:57.002 [pool-1-thread-1] DEBUG com.mnc.udp.UDPServer - UDP-Server: Message-26-2 -> Message-26-2 (/127.0.0.1:49451)
21:20:57.003 [pool-1-thread-3] DEBUG com.mnc.udp.UDPServer - UDP-Server: Message-32-79
21:20:57.002 [pool-1-thread-5] DEBUG com.mnc.udp.UDPServer - UDP-Server: Message-4-42
21:20:57.003 [pool-1-thread-1] DEBUG com.mnc.udp.UDPServer - UDP-Server: Message-45-93
21:20:57.003 [pool-1-thread-5] DEBUG com.mnc.udp.UDPServer - UDP-Server: Message-4-42 -> Message-4-42 (/127.0.0.1:49429)
21:20:57.003 [pool-1-thread-3] DEBUG com.mnc.udp.UDPServer - UDP-Server: Message-32-79 -> Message-32-79 (/127.0.0.1:49457)
21:20:57.002 [pool-1-thread-4] DEBUG com.mnc.udp.UDPServer - UDP-Server: Message-5-41
21:20:57.003 [pool-1-thread-5] DEBUG com.mnc.udp.UDPServer - UDP-Server: Message-69-42
21:20:57.003 [pool-1-thread-3] DEBUG com.mnc.udp.UDPServer - UDP-Server: Message-1-42
21:20:57.003 [pool-1-thread-1] DEBUG com.mnc.udp.UDPServer - UDP-Server: Message-45-93 -> Message-45-93 (/127.0.0.1:49470)
21:20:57.003 [pool-1-thread-3] DEBUG com.mnc.udp.UDPServer - UDP-Server: Message-1-42 -> Message-1-42 (/127.0.0.1:49426)
21:20:57.003 [pool-1-thread-2] DEBUG com.mnc.udp.UDPServer - UDP-Server: Message-50-42
21:20:57.003 [pool-1-thread-5] DEBUG com.mnc.udp.UDPServer - UDP-Server: Message-69-42 -> Message-69-42 (/127.0.0.1:49494)
21:20:57.003 [pool-1-thread-4] DEBUG com.mnc.udp.UDPServer - UDP-Server: Message-5-41 -> Message-5-41 (/127.0.0.1:49430)
21:20:57.003 [pool-1-thread-1] DEBUG com.mnc.udp.UDPServer - UDP-Server: Message-51-38
21:20:57.003 [pool-1-thread-5] DEBUG com.mnc.udp.UDPServer - UDP-Server: Message-67-80
21:20:57.003 [pool-1-thread-1] DEBUG com.mnc.udp.UDPServer - UDP-Server: Message-51-38 -> Message-51-38 (/127.0.0.1:49476)
21:20:57.003 [pool-1-thread-5] DEBUG com.mnc.udp.UDPServer - UDP-Server: Message-67-80 -> Message-67-80 (/127.0.0.1:49492)
21:20:57.003 [pool-1-thread-3] DEBUG com.mnc.udp.UDPServer - UDP-Server: Message-8-39
21:20:57.003 [pool-1-thread-2] DEBUG com.mnc.udp.UDPServer - UDP-Server: Message-50-42 -> Message-50-42 (/127.0.0.1:49475)
21:20:57.003 [pool-1-thread-4] DEBUG com.mnc.udp.UDPServer - UDP-Server: Message-65-76
21:20:57.003 [pool-1-thread-3] DEBUG com.mnc.udp.UDPServer - UDP-Server: Message-8-39 -> Message-8-39 (/127.0.0.1:49433)
21:20:57.003 [pool-1-thread-4] DEBUG com.mnc.udp.UDPServer - UDP-Server: Message-65-76 -> Message-65-76 (/127.0.0.1:49490)
21:20:57.003 [pool-1-thread-1] DEBUG com.mnc.udp.UDPServer - UDP-Server: Message-6-38
21:20:57.003 [pool-1-thread-3] DEBUG com.mnc.udp.UDPServer - UDP-Server: Message-0-42
21:20:57.003 [pool-1-thread-5] DEBUG com.mnc.udp.UDPServer - UDP-Server: Message-9-42
21:20:57.003 [pool-1-thread-3] DEBUG com.mnc.udp.UDPServer - UDP-Server: Message-0-42 -> Message-0-42 (/127.0.0.1:49425)
21:20:57.003 [pool-1-thread-2] DEBUG com.mnc.udp.UDPServer - UDP-Server: Message-94-7
21:20:57.003 [pool-1-thread-4] DEBUG com.mnc.udp.UDPServer - UDP-Server: Message-74-39
21:20:57.003 [pool-1-thread-3] DEBUG com.mnc.udp.UDPServer - UDP-Server: Message-10-42
21:20:57.003 [pool-1-thread-1] DEBUG com.mnc.udp.UDPServer - UDP-Server: Message-6-38 -> Message-6-38 (/127.0.0.1:49431)
21:20:57.003 [pool-1-thread-5] DEBUG com.mnc.udp.UDPServer - UDP-Server: Message-9-42 -> Message-9-42 (/127.0.0.1:49434)
21:20:57.003 [pool-1-thread-1] DEBUG com.mnc.udp.UDPServer - UDP-Server: Message-3-42
21:20:57.003 [pool-1-thread-2] DEBUG com.mnc.udp.UDPServer - UDP-Server: Message-94-7 -> Message-94-7 (/127.0.0.1:49519)
21:20:57.003 [pool-1-thread-1] DEBUG com.mnc.udp.UDPServer - UDP-Server: Message-3-42 -> Message-3-42 (/127.0.0.1:49428)
21:20:57.003 [pool-1-thread-3] DEBUG com.mnc.udp.UDPServer - UDP-Server: Message-10-42 -> Message-10-42 (/127.0.0.1:49435)
21:20:57.003 [pool-1-thread-4] DEBUG com.mnc.udp.UDPServer - UDP-Server: Message-74-39 -> Message-74-39 (/127.0.0.1:49499)
21:20:57.003 [pool-1-thread-5] DEBUG com.mnc.udp.UDPServer - UDP-Server: Message-52-42
21:20:57.003 [pool-1-thread-4] DEBUG com.mnc.udp.UDPServer - UDP-Server: Message-32-80
21:20:57.003 [pool-1-thread-5] DEBUG com.mnc.udp.UDPServer - UDP-Server: Message-52-42 -> Message-52-42 (/127.0.0.1:49477)
21:20:57.003 [pool-1-thread-4] DEBUG com.mnc.udp.UDPServer - UDP-Server: Message-32-80 -> Message-32-80 (/127.0.0.1:49457)
21:20:57.003 [pool-1-thread-2] DEBUG com.mnc.udp.UDPServer - UDP-Server: Message-2-42
21:20:57.003 [pool-1-thread-4] DEBUG com.mnc.udp.UDPServer - UDP-Server: Message-45-76
21:20:57.003 [pool-1-thread-1] DEBUG com.mnc.udp.UDPServer - UDP-Server: Message-72-39
21:20:57.003 [pool-1-thread-4] DEBUG com.mnc.udp.UDPServer - UDP-Server: Message-45-76 -> Message-45-76 (/127.0.0.1:49470)
21:20:57.003 [pool-1-thread-3] DEBUG com.mnc.udp.UDPServer - UDP-Server: Message-26-0
21:20:57.003 [pool-1-thread-5] DEBUG com.mnc.udp.UDPServer - UDP-Server: Message-4-38
21:20:57.003 [pool-1-thread-2] DEBUG com.mnc.udp.UDPServer - UDP-Server: Message-2-42 -> Message-2-42 (/127.0.0.1:49427)
21:20:57.003 [pool-1-thread-1] DEBUG com.mnc.udp.UDPServer - UDP-Server: Message-72-39 -> Message-72-39 (/127.0.0.1:49497)
21:20:57.004 [pool-1-thread-4] DEBUG com.mnc.udp.UDPServer - UDP-Server: Message-1-38
21:20:57.004 [pool-1-thread-5] DEBUG com.mnc.udp.UDPServer - UDP-Server: Message-4-38 -> Message-4-38 (/127.0.0.1:49429)
21:20:57.004 [pool-1-thread-3] DEBUG com.mnc.udp.UDPServer - UDP-Server: Message-26-0 -> Message-26-0 (/127.0.0.1:49451)
21:20:57.004 [pool-1-thread-2] DEBUG com.mnc.udp.UDPServer - UDP-Server: Message-69-38
21:20:57.004 [pool-1-thread-3] DEBUG com.mnc.udp.UDPServer - UDP-Server: Message-67-76
21:20:57.004 [pool-1-thread-1] DEBUG com.mnc.udp.UDPServer - UDP-Server: Message-5-42
21:20:57.004 [pool-1-thread-3] DEBUG com.mnc.udp.UDPServer - UDP-Server: Message-67-76 -> Message-67-76 (/127.0.0.1:49492)
21:20:57.004 [pool-1-thread-1] DEBUG com.mnc.udp.UDPServer - UDP-Server: Message-5-42 -> Message-5-42 (/127.0.0.1:49430)
21:20:57.004 [pool-1-thread-4] DEBUG com.mnc.udp.UDPServer - UDP-Server: Message-1-38 -> Message-1-38 (/127.0.0.1:49426)
21:20:57.004 [pool-1-thread-5] DEBUG com.mnc.udp.UDPServer - UDP-Server: Message-51-39
21:20:57.004 [pool-1-thread-2] DEBUG com.mnc.udp.UDPServer - UDP-Server: Message-69-38 -> Message-69-38 (/127.0.0.1:49494)
21:20:57.004 [pool-1-thread-3] DEBUG com.mnc.udp.UDPServer - UDP-Server: Message-50-38
21:20:57.004 [pool-1-thread-1] DEBUG com.mnc.udp.UDPServer - UDP-Server: Message-65-77
21:20:57.004 [pool-1-thread-3] DEBUG com.mnc.udp.UDPServer - UDP-Server: Message-50-38 -> Message-50-38 (/127.0.0.1:49475)
21:20:57.004 [pool-1-thread-5] DEBUG com.mnc.udp.UDPServer - UDP-Server: Message-51-39 -> Message-51-39 (/127.0.0.1:49476)
21:20:57.004 [pool-1-thread-4] DEBUG com.mnc.udp.UDPServer - UDP-Server: Message-8-37
21:20:57.004 [pool-1-thread-2] DEBUG com.mnc.udp.UDPServer - UDP-Server: Message-0-38
21:20:57.004 [pool-1-thread-1] DEBUG com.mnc.udp.UDPServer - UDP-Server: Message-65-77 -> Message-65-77 (/127.0.0.1:49490)
21:20:57.004 [pool-1-thread-3] DEBUG com.mnc.udp.UDPServer - UDP-Server: Message-6-39
21:20:57.004 [pool-1-thread-4] DEBUG com.mnc.udp.UDPServer - UDP-Server: Message-8-37 -> Message-8-37 (/127.0.0.1:49433)
21:20:57.004 [pool-1-thread-1] DEBUG com.mnc.udp.UDPServer - UDP-Server: Message-94-8
21:20:57.004 [pool-1-thread-5] DEBUG com.mnc.udp.UDPServer - UDP-Server: Message-9-38
21:20:57.004 [pool-1-thread-1] DEBUG com.mnc.udp.UDPServer - UDP-Server: Message-94-8 -> Message-94-8 (/127.0.0.1:49519)
21:20:57.004 [pool-1-thread-4] DEBUG com.mnc.udp.UDPServer - UDP-Server: Message-3-38
21:20:57.004 [pool-1-thread-5] DEBUG com.mnc.udp.UDPServer - UDP-Server: Message-9-38 -> Message-9-38 (/127.0.0.1:49434)
21:20:57.004 [pool-1-thread-1] DEBUG com.mnc.udp.UDPServer - UDP-Server: Message-74-37
21:20:57.004 [pool-1-thread-2] DEBUG com.mnc.udp.UDPServer - UDP-Server: Message-0-38 -> Message-0-38 (/127.0.0.1:49425)
21:20:57.004 [pool-1-thread-3] DEBUG com.mnc.udp.UDPServer - UDP-Server: Message-6-39 -> Message-6-39 (/127.0.0.1:49431)
21:20:57.004 [pool-1-thread-4] DEBUG com.mnc.udp.UDPServer - UDP-Server: Message-3-38 -> Message-3-38 (/127.0.0.1:49428)
21:20:57.004 [pool-1-thread-2] DEBUG com.mnc.udp.UDPServer - UDP-Server: Message-52-38
21:20:57.004 [pool-1-thread-5] DEBUG com.mnc.udp.UDPServer - UDP-Server: Message-10-38
21:20:57.004 [pool-1-thread-2] DEBUG com.mnc.udp.UDPServer - UDP-Server: Message-52-38 -> Message-52-38 (/127.0.0.1:49477)
21:20:57.004 [pool-1-thread-1] DEBUG com.mnc.udp.UDPServer - UDP-Server: Message-74-37 -> Message-74-37 (/127.0.0.1:49499)
21:20:57.004 [pool-1-thread-2] DEBUG com.mnc.udp.UDPServer - UDP-Server: Message-2-38
21:20:57.004 [pool-1-thread-3] DEBUG com.mnc.udp.UDPServer - UDP-Server: Message-32-76
21:20:57.004 [pool-1-thread-1] DEBUG com.mnc.udp.UDPServer - UDP-Server: Message-72-37
21:20:57.004 [pool-1-thread-4] DEBUG com.mnc.udp.UDPServer - UDP-Server: Message-45-77
21:20:57.004 [pool-1-thread-5] DEBUG com.mnc.udp.UDPServer - UDP-Server: Message-10-38 -> Message-10-38 (/127.0.0.1:49435)
21:20:57.004 [pool-1-thread-4] DEBUG com.mnc.udp.UDPServer - UDP-Server: Message-45-77 -> Message-45-77 (/127.0.0.1:49470)
21:20:57.004 [pool-1-thread-2] DEBUG com.mnc.udp.UDPServer - UDP-Server: Message-2-38 -> Message-2-38 (/127.0.0.1:49427)
21:20:57.004 [pool-1-thread-5] DEBUG com.mnc.udp.UDPServer - UDP-Server: Message-4-39
21:20:57.004 [pool-1-thread-3] DEBUG com.mnc.udp.UDPServer - UDP-Server: Message-32-76 -> Message-32-76 (/127.0.0.1:49457)
21:20:57.004 [pool-1-thread-5] DEBUG com.mnc.udp.UDPServer - UDP-Server: Message-4-39 -> Message-4-39 (/127.0.0.1:49429)
21:20:57.004 [pool-1-thread-3] DEBUG com.mnc.udp.UDPServer - UDP-Server: Message-5-38
21:20:57.004 [pool-1-thread-1] DEBUG com.mnc.udp.UDPServer - UDP-Server: Message-72-37 -> Message-72-37 (/127.0.0.1:49497)
21:20:57.004 [pool-1-thread-3] DEBUG com.mnc.udp.UDPServer - UDP-Server: Message-5-38 -> Message-5-38 (/127.0.0.1:49430)
21:20:57.004 [pool-1-thread-4] DEBUG com.mnc.udp.UDPServer - UDP-Server: Message-26-39
21:20:57.004 [pool-1-thread-2] DEBUG com.mnc.udp.UDPServer - UDP-Server: Message-67-77
21:20:57.004 [pool-1-thread-5] DEBUG com.mnc.udp.UDPServer - UDP-Server: Message-1-39
21:20:57.005 [pool-1-thread-1] DEBUG com.mnc.udp.UDPServer - UDP-Server: Message-69-39
21:20:57.005 [pool-1-thread-4] DEBUG com.mnc.udp.UDPServer - UDP-Server: Message-26-39 -> Message-26-39 (/127.0.0.1:49451)
21:20:57.005 [pool-1-thread-3] DEBUG com.mnc.udp.UDPServer - UDP-Server: Message-50-39
21:20:57.005 [pool-1-thread-2] DEBUG com.mnc.udp.UDPServer - UDP-Server: Message-67-77 -> Message-67-77 (/127.0.0.1:49492)
21:20:57.005 [pool-1-thread-3] DEBUG com.mnc.udp.UDPServer - UDP-Server: Message-50-39 -> Message-50-39 (/127.0.0.1:49475)
21:20:57.005 [pool-1-thread-4] DEBUG com.mnc.udp.UDPServer - UDP-Server: Message-51-37
21:20:57.005 [pool-1-thread-2] DEBUG com.mnc.udp.UDPServer - UDP-Server: Message-65-75
21:20:57.005 [pool-1-thread-4] DEBUG com.mnc.udp.UDPServer - UDP-Server: Message-51-37 -> Message-51-37 (/127.0.0.1:49476)
21:20:57.005 [pool-1-thread-5] DEBUG com.mnc.udp.UDPServer - UDP-Server: Message-1-39 -> Message-1-39 (/127.0.0.1:49426)
21:20:57.005 [pool-1-thread-1] DEBUG com.mnc.udp.UDPServer - UDP-Server: Message-69-39 -> Message-69-39 (/127.0.0.1:49494)
21:20:57.005 [pool-1-thread-5] DEBUG com.mnc.udp.UDPServer - UDP-Server: Message-94-53
21:20:57.005 [pool-1-thread-2] DEBUG com.mnc.udp.UDPServer - UDP-Server: Message-65-75 -> Message-65-75 (/127.0.0.1:49490)
21:20:57.005 [pool-1-thread-5] DEBUG com.mnc.udp.UDPServer - UDP-Server: Message-94-53 -> Message-94-53 (/127.0.0.1:49519)
21:20:57.005 [pool-1-thread-3] DEBUG com.mnc.udp.UDPServer - UDP-Server: Message-8-15
21:20:57.005 [pool-1-thread-4] DEBUG com.mnc.udp.UDPServer - UDP-Server: Message-9-39
21:20:57.005 [pool-1-thread-1] DEBUG com.mnc.udp.UDPServer - UDP-Server: Message-0-39
21:20:57.005 [pool-1-thread-4] DEBUG com.mnc.udp.UDPServer - UDP-Server: Message-9-39 -> Message-9-39 (/127.0.0.1:49434)
21:20:57.005 [pool-1-thread-5] DEBUG com.mnc.udp.UDPServer - UDP-Server: Message-6-37
21:20:57.005 [pool-1-thread-4] DEBUG com.mnc.udp.UDPServer - UDP-Server: Message-52-39
21:20:57.005 [pool-1-thread-5] DEBUG com.mnc.udp.UDPServer - UDP-Server: Message-6-37 -> Message-6-37 (/127.0.0.1:49431)
21:20:57.005 [pool-1-thread-4] DEBUG com.mnc.udp.UDPServer - UDP-Server: Message-52-39 -> Message-52-39 (/127.0.0.1:49477)
21:20:57.005 [pool-1-thread-2] DEBUG com.mnc.udp.UDPServer - UDP-Server: Message-3-39
21:20:57.005 [pool-1-thread-3] DEBUG com.mnc.udp.UDPServer - UDP-Server: Message-8-15 -> Message-8-15 (/127.0.0.1:49433)
21:20:57.005 [pool-1-thread-2] DEBUG com.mnc.udp.UDPServer - UDP-Server: Message-3-39 -> Message-3-39 (/127.0.0.1:49428)
21:20:57.005 [pool-1-thread-1] DEBUG com.mnc.udp.UDPServer - UDP-Server: Message-0-39 -> Message-0-39 (/127.0.0.1:49425)
21:20:57.005 [pool-1-thread-5] DEBUG com.mnc.udp.UDPServer - UDP-Server: Message-74-15
21:20:57.005 [pool-1-thread-4] DEBUG com.mnc.udp.UDPServer - UDP-Server: Message-10-39
21:20:57.005 [pool-1-thread-5] DEBUG com.mnc.udp.UDPServer - UDP-Server: Message-74-15 -> Message-74-15 (/127.0.0.1:49499)
21:20:57.005 [pool-1-thread-4] DEBUG com.mnc.udp.UDPServer - UDP-Server: Message-10-39 -> Message-10-39 (/127.0.0.1:49435)
21:20:57.005 [pool-1-thread-3] DEBUG com.mnc.udp.UDPServer - UDP-Server: Message-2-39
21:20:57.005 [pool-1-thread-5] DEBUG com.mnc.udp.UDPServer - UDP-Server: Message-4-37
21:20:57.005 [pool-1-thread-2] DEBUG com.mnc.udp.UDPServer - UDP-Server: Message-45-57
21:20:57.005 [pool-1-thread-1] DEBUG com.mnc.udp.UDPServer - UDP-Server: Message-32-77
21:20:57.005 [pool-1-thread-4] DEBUG com.mnc.udp.UDPServer - UDP-Server: Message-72-15
21:20:57.005 [pool-1-thread-2] DEBUG com.mnc.udp.UDPServer - UDP-Server: Message-45-57 -> Message-45-57 (/127.0.0.1:49470)
21:20:57.005 [pool-1-thread-3] DEBUG com.mnc.udp.UDPServer - UDP-Server: Message-2-39 -> Message-2-39 (/127.0.0.1:49427)
21:20:57.005 [pool-1-thread-5] DEBUG com.mnc.udp.UDPServer - UDP-Server: Message-4-37 -> Message-4-37 (/127.0.0.1:49429)
21:20:57.005 [pool-1-thread-1] DEBUG com.mnc.udp.UDPServer - UDP-Server: Message-32-77 -> Message-32-77 (/127.0.0.1:49457)
21:20:57.005 [pool-1-thread-5] DEBUG com.mnc.udp.UDPServer - UDP-Server: Message-67-75
21:20:57.005 [pool-1-thread-4] DEBUG com.mnc.udp.UDPServer - UDP-Server: Message-72-15 -> Message-72-15 (/127.0.0.1:49497)
21:20:57.005 [pool-1-thread-3] DEBUG com.mnc.udp.UDPServer - UDP-Server: Message-5-39
21:20:57.006 [pool-1-thread-1] DEBUG com.mnc.udp.UDPServer - UDP-Server: Message-50-37
21:20:57.005 [pool-1-thread-2] DEBUG com.mnc.udp.UDPServer - UDP-Server: Message-26-57
21:20:57.006 [pool-1-thread-1] DEBUG com.mnc.udp.UDPServer - UDP-Server: Message-50-37 -> Message-50-37 (/127.0.0.1:49475)
21:20:57.006 [pool-1-thread-4] DEBUG com.mnc.udp.UDPServer - UDP-Server: Message-51-15
21:20:57.006 [pool-1-thread-3] DEBUG com.mnc.udp.UDPServer - UDP-Server: Message-5-39 -> Message-5-39 (/127.0.0.1:49430)
21:20:57.006 [pool-1-thread-5] DEBUG com.mnc.udp.UDPServer - UDP-Server: Message-67-75 -> Message-67-75 (/127.0.0.1:49492)
21:20:57.006 [pool-1-thread-2] DEBUG com.mnc.udp.UDPServer - UDP-Server: Message-26-57 -> Message-26-57 (/127.0.0.1:49451)
21:20:57.006 [pool-1-thread-1] DEBUG com.mnc.udp.UDPServer - UDP-Server: Message-1-37
21:20:57.006 [pool-1-thread-5] DEBUG com.mnc.udp.UDPServer - UDP-Server: Message-94-6
21:20:57.006 [pool-1-thread-2] DEBUG com.mnc.udp.UDPServer - UDP-Server: Message-65-57
21:20:57.006 [pool-1-thread-4] DEBUG com.mnc.udp.UDPServer - UDP-Server: Message-51-15 -> Message-51-15 (/127.0.0.1:49476)
21:20:57.006 [pool-1-thread-2] DEBUG com.mnc.udp.UDPServer - UDP-Server: Message-65-57 -> Message-65-57 (/127.0.0.1:49490)
21:20:57.006 [pool-1-thread-3] DEBUG com.mnc.udp.UDPServer - UDP-Server: Message-69-37
21:20:57.006 [pool-1-thread-1] DEBUG com.mnc.udp.UDPServer - UDP-Server: Message-1-37 -> Message-1-37 (/127.0.0.1:49426)
21:20:57.006 [pool-1-thread-3] DEBUG com.mnc.udp.UDPServer - UDP-Server: Message-69-37 -> Message-69-37 (/127.0.0.1:49494)
21:20:57.006 [pool-1-thread-1] DEBUG com.mnc.udp.UDPServer - UDP-Server: Message-52-37
21:20:57.006 [pool-1-thread-5] DEBUG com.mnc.udp.UDPServer - UDP-Server: Message-94-6 -> Message-94-6 (/127.0.0.1:49519)
21:20:57.006 [pool-1-thread-4] DEBUG com.mnc.udp.UDPServer - UDP-Server: Message-9-37
21:20:57.006 [pool-1-thread-2] DEBUG com.mnc.udp.UDPServer - UDP-Server: Message-6-15
21:20:57.006 [pool-1-thread-3] DEBUG com.mnc.udp.UDPServer - UDP-Server: Message-8-16
21:20:57.006 [pool-1-thread-1] DEBUG com.mnc.udp.UDPServer - UDP-Server: Message-52-37 -> Message-52-37 (/127.0.0.1:49477)
21:20:57.006 [pool-1-thread-5] DEBUG com.mnc.udp.UDPServer - UDP-Server: Message-3-37
21:20:57.006 [pool-1-thread-4] DEBUG com.mnc.udp.UDPServer - UDP-Server: Message-9-37 -> Message-9-37 (/127.0.0.1:49434)
21:20:57.006 [pool-1-thread-2] DEBUG com.mnc.udp.UDPServer - UDP-Server: Message-6-15 -> Message-6-15 (/127.0.0.1:49431)
21:20:57.006 [pool-1-thread-3] DEBUG com.mnc.udp.UDPServer - UDP-Server: Message-8-16 -> Message-8-16 (/127.0.0.1:49433)
21:20:57.006 [pool-1-thread-1] DEBUG com.mnc.udp.UDPServer - UDP-Server: Message-0-37
21:20:57.006 [pool-1-thread-5] DEBUG com.mnc.udp.UDPServer - UDP-Server: Message-3-37 -> Message-3-37 (/127.0.0.1:49428)
21:20:57.006 [pool-1-thread-4] DEBUG com.mnc.udp.UDPServer - UDP-Server: Message-10-37
21:20:57.006 [pool-1-thread-2] DEBUG com.mnc.udp.UDPServer - UDP-Server: Message-74-16
21:20:57.006 [pool-1-thread-5] DEBUG com.mnc.udp.UDPServer - UDP-Server: Message-2-37
21:20:57.006 [pool-1-thread-3] DEBUG com.mnc.udp.UDPServer - UDP-Server: Message-45-75
21:20:57.006 [pool-1-thread-5] DEBUG com.mnc.udp.UDPServer - UDP-Server: Message-2-37 -> Message-2-37 (/127.0.0.1:49427)
21:20:57.006 [pool-1-thread-3] DEBUG com.mnc.udp.UDPServer - UDP-Server: Message-45-75 -> Message-45-75 (/127.0.0.1:49470)
21:20:57.006 [pool-1-thread-4] DEBUG com.mnc.udp.UDPServer - UDP-Server: Message-10-37 -> Message-10-37 (/127.0.0.1:49435)
21:20:57.006 [pool-1-thread-1] DEBUG com.mnc.udp.UDPServer - UDP-Server: Message-0-37 -> Message-0-37 (/127.0.0.1:49425)
21:20:57.006 [pool-1-thread-2] DEBUG com.mnc.udp.UDPServer - UDP-Server: Message-74-16 -> Message-74-16 (/127.0.0.1:49499)
21:20:57.006 [pool-1-thread-3] DEBUG com.mnc.udp.UDPServer - UDP-Server: Message-32-75
21:20:57.006 [pool-1-thread-1] DEBUG com.mnc.udp.UDPServer - UDP-Server: Message-50-15
21:20:57.006 [pool-1-thread-3] DEBUG com.mnc.udp.UDPServer - UDP-Server: Message-32-75 -> Message-32-75 (/127.0.0.1:49457)
21:20:57.006 [pool-1-thread-1] DEBUG com.mnc.udp.UDPServer - UDP-Server: Message-50-15 -> Message-50-15 (/127.0.0.1:49475)
21:20:57.006 [pool-1-thread-5] DEBUG com.mnc.udp.UDPServer - UDP-Server: Message-4-15
21:20:57.006 [pool-1-thread-4] DEBUG com.mnc.udp.UDPServer - UDP-Server: Message-72-16
21:20:57.006 [pool-1-thread-2] DEBUG com.mnc.udp.UDPServer - UDP-Server: Message-5-37
21:20:57.007 [pool-1-thread-3] DEBUG com.mnc.udp.UDPServer - UDP-Server: Message-26-58
21:20:57.007 [pool-1-thread-4] DEBUG com.mnc.udp.UDPServer - UDP-Server: Message-72-16 -> Message-72-16 (/127.0.0.1:49497)
21:20:57.007 [pool-1-thread-3] DEBUG com.mnc.udp.UDPServer - UDP-Server: Message-26-58 -> Message-26-58 (/127.0.0.1:49451)
21:20:57.007 [pool-1-thread-2] DEBUG com.mnc.udp.UDPServer - UDP-Server: Message-5-37 -> Message-5-37 (/127.0.0.1:49430)
21:20:57.007 [pool-1-thread-5] DEBUG com.mnc.udp.UDPServer - UDP-Server: Message-4-15 -> Message-4-15 (/127.0.0.1:49429)
21:20:57.007 [pool-1-thread-1] DEBUG com.mnc.udp.UDPServer - UDP-Server: Message-67-57
21:20:57.007 [pool-1-thread-3] DEBUG com.mnc.udp.UDPServer - UDP-Server: Message-51-16
21:20:57.007 [pool-1-thread-1] DEBUG com.mnc.udp.UDPServer - UDP-Server: Message-67-57 -> Message-67-57 (/127.0.0.1:49492)
21:20:57.007 [pool-1-thread-5] DEBUG com.mnc.udp.UDPServer - UDP-Server: Message-69-15
21:20:57.007 [pool-1-thread-4] DEBUG com.mnc.udp.UDPServer - UDP-Server: Message-1-15
21:20:57.007 [pool-1-thread-1] DEBUG com.mnc.udp.UDPServer - UDP-Server: Message-94-71
21:20:57.007 [pool-1-thread-2] DEBUG com.mnc.udp.UDPServer - UDP-Server: Message-65-58
21:20:57.007 [pool-1-thread-3] DEBUG com.mnc.udp.UDPServer - UDP-Server: Message-51-16 -> Message-51-16 (/127.0.0.1:49476)
21:20:57.007 [pool-1-thread-5] DEBUG com.mnc.udp.UDPServer - UDP-Server: Message-69-15 -> Message-69-15 (/127.0.0.1:49494)
21:20:57.007 [pool-1-thread-1] DEBUG com.mnc.udp.UDPServer - UDP-Server: Message-94-71 -> Message-94-71 (/127.0.0.1:49519)
21:20:57.007 [pool-1-thread-4] DEBUG com.mnc.udp.UDPServer - UDP-Server: Message-1-15 -> Message-1-15 (/127.0.0.1:49426)
21:20:57.007 [pool-1-thread-2] DEBUG com.mnc.udp.UDPServer - UDP-Server: Message-65-58 -> Message-65-58 (/127.0.0.1:49490)
21:20:57.007 [pool-1-thread-3] DEBUG com.mnc.udp.UDPServer - UDP-Server: Message-52-15
21:20:57.007 [pool-1-thread-4] DEBUG com.mnc.udp.UDPServer - UDP-Server: Message-8-17
21:20:57.007 [pool-1-thread-5] DEBUG com.mnc.udp.UDPServer - UDP-Server: Message-9-15
21:20:57.007 [pool-1-thread-4] DEBUG com.mnc.udp.UDPServer - UDP-Server: Message-8-17 -> Message-8-17 (/127.0.0.1:49433)
21:20:57.007 [pool-1-thread-1] DEBUG com.mnc.udp.UDPServer - UDP-Server: Message-6-16
21:20:57.007 [pool-1-thread-5] DEBUG com.mnc.udp.UDPServer - UDP-Server: Message-9-15 -> Message-9-15 (/127.0.0.1:49434)
21:20:57.007 [pool-1-thread-2] DEBUG com.mnc.udp.UDPServer - UDP-Server: Message-3-15
21:20:57.007 [pool-1-thread-3] DEBUG com.mnc.udp.UDPServer - UDP-Server: Message-52-15 -> Message-52-15 (/127.0.0.1:49477)
21:20:57.007 [pool-1-thread-2] DEBUG com.mnc.udp.UDPServer - UDP-Server: Message-3-15 -> Message-3-15 (/127.0.0.1:49428)
21:20:57.007 [pool-1-thread-4] DEBUG com.mnc.udp.UDPServer - UDP-Server: Message-2-15
21:20:57.007 [pool-1-thread-3] DEBUG com.mnc.udp.UDPServer - UDP-Server: Message-10-15
21:20:57.007 [pool-1-thread-2] DEBUG com.mnc.udp.UDPServer - UDP-Server: Message-0-15
21:20:57.007 [pool-1-thread-5] DEBUG com.mnc.udp.UDPServer - UDP-Server: Message-45-58
21:20:57.007 [pool-1-thread-4] DEBUG com.mnc.udp.UDPServer - UDP-Server: Message-2-15 -> Message-2-15 (/127.0.0.1:49427)
21:20:57.007 [pool-1-thread-1] DEBUG com.mnc.udp.UDPServer - UDP-Server: Message-6-16 -> Message-6-16 (/127.0.0.1:49431)
21:20:57.007 [pool-1-thread-5] DEBUG com.mnc.udp.UDPServer - UDP-Server: Message-45-58 -> Message-45-58 (/127.0.0.1:49470)
21:20:57.007 [pool-1-thread-2] DEBUG com.mnc.udp.UDPServer - UDP-Server: Message-0-15 -> Message-0-15 (/127.0.0.1:49425)
21:20:57.007 [pool-1-thread-5] DEBUG com.mnc.udp.UDPServer - UDP-Server: Message-50-16
21:20:57.007 [pool-1-thread-3] DEBUG com.mnc.udp.UDPServer - UDP-Server: Message-10-15 -> Message-10-15 (/127.0.0.1:49435)
21:20:57.007 [pool-1-thread-2] DEBUG com.mnc.udp.UDPServer - UDP-Server: Message-26-56
21:20:57.007 [pool-1-thread-1] DEBUG com.mnc.udp.UDPServer - UDP-Server: Message-74-17
21:20:57.007 [pool-1-thread-5] DEBUG com.mnc.udp.UDPServer - UDP-Server: Message-50-16 -> Message-50-16 (/127.0.0.1:49475)
21:20:57.007 [pool-1-thread-4] DEBUG com.mnc.udp.UDPServer - UDP-Server: Message-32-57
21:20:57.007 [pool-1-thread-1] DEBUG com.mnc.udp.UDPServer - UDP-Server: Message-74-17 -> Message-74-17 (/127.0.0.1:49499)
21:20:57.007 [pool-1-thread-2] DEBUG com.mnc.udp.UDPServer - UDP-Server: Message-26-56 -> Message-26-56 (/127.0.0.1:49451)
21:20:57.007 [pool-1-thread-3] DEBUG com.mnc.udp.UDPServer - UDP-Server: Message-72-17
21:20:57.007 [pool-1-thread-5] DEBUG com.mnc.udp.UDPServer - UDP-Server: Message-5-15
21:20:57.007 [pool-1-thread-3] DEBUG com.mnc.udp.UDPServer - UDP-Server: Message-72-17 -> Message-72-17 (/127.0.0.1:49497)
21:20:57.007 [pool-1-thread-4] DEBUG com.mnc.udp.UDPServer - UDP-Server: Message-32-57 -> Message-32-57 (/127.0.0.1:49457)
21:20:57.007 [pool-1-thread-5] DEBUG com.mnc.udp.UDPServer - UDP-Server: Message-5-15 -> Message-5-15 (/127.0.0.1:49430)
21:20:57.007 [pool-1-thread-1] DEBUG com.mnc.udp.UDPServer - UDP-Server: Message-4-16
21:20:57.007 [pool-1-thread-3] DEBUG com.mnc.udp.UDPServer - UDP-Server: Message-51-17
21:20:57.007 [pool-1-thread-2] DEBUG com.mnc.udp.UDPServer - UDP-Server: Message-67-58
21:20:57.007 [pool-1-thread-5] DEBUG com.mnc.udp.UDPServer - UDP-Server: Message-94-72
21:20:57.007 [pool-1-thread-4] DEBUG com.mnc.udp.UDPServer - UDP-Server: Message-69-16
21:20:57.008 [pool-1-thread-5] DEBUG com.mnc.udp.UDPServer - UDP-Server: Message-94-72 -> Message-94-72 (/127.0.0.1:49519)
21:20:57.008 [pool-1-thread-4] DEBUG com.mnc.udp.UDPServer - UDP-Server: Message-69-16 -> Message-69-16 (/127.0.0.1:49494)
21:20:57.007 [pool-1-thread-1] DEBUG com.mnc.udp.UDPServer - UDP-Server: Message-4-16 -> Message-4-16 (/127.0.0.1:49429)
21:20:57.008 [pool-1-thread-3] DEBUG com.mnc.udp.UDPServer - UDP-Server: Message-51-17 -> Message-51-17 (/127.0.0.1:49476)
21:20:57.008 [pool-1-thread-2] DEBUG com.mnc.udp.UDPServer - UDP-Server: Message-67-58 -> Message-67-58 (/127.0.0.1:49492)
21:20:57.008 [pool-1-thread-5] DEBUG com.mnc.udp.UDPServer - UDP-Server: Message-1-16
21:20:57.008 [pool-1-thread-4] DEBUG com.mnc.udp.UDPServer - UDP-Server: Message-65-56
21:20:57.008 [pool-1-thread-1] DEBUG com.mnc.udp.UDPServer - UDP-Server: Message-8-13
21:20:57.008 [pool-1-thread-4] DEBUG com.mnc.udp.UDPServer - UDP-Server: Message-65-56 -> Message-65-56 (/127.0.0.1:49490)
21:20:57.008 [pool-1-thread-3] DEBUG com.mnc.udp.UDPServer - UDP-Server: Message-9-16
21:20:57.008 [pool-1-thread-1] DEBUG com.mnc.udp.UDPServer - UDP-Server: Message-8-13 -> Message-8-13 (/127.0.0.1:49433)
21:20:57.008 [pool-1-thread-2] DEBUG com.mnc.udp.UDPServer - UDP-Server: Message-52-16
21:20:57.008 [pool-1-thread-5] DEBUG com.mnc.udp.UDPServer - UDP-Server: Message-1-16 -> Message-1-16 (/127.0.0.1:49426)
21:20:57.008 [pool-1-thread-3] DEBUG com.mnc.udp.UDPServer - UDP-Server: Message-9-16 -> Message-9-16 (/127.0.0.1:49434)
21:20:57.008 [pool-1-thread-5] DEBUG com.mnc.udp.UDPServer - UDP-Server: Message-2-16
21:20:57.008 [pool-1-thread-4] DEBUG com.mnc.udp.UDPServer - UDP-Server: Message-3-16
21:20:57.008 [pool-1-thread-2] DEBUG com.mnc.udp.UDPServer - UDP-Server: Message-52-16 -> Message-52-16 (/127.0.0.1:49477)
21:20:57.008 [pool-1-thread-5] DEBUG com.mnc.udp.UDPServer - UDP-Server: Message-2-16 -> Message-2-16 (/127.0.0.1:49427)
21:20:57.008 [pool-1-thread-1] DEBUG com.mnc.udp.UDPServer - UDP-Server: Message-6-17
21:20:57.008 [pool-1-thread-3] DEBUG com.mnc.udp.UDPServer - UDP-Server: Message-45-53
21:20:57.008 [pool-1-thread-4] DEBUG com.mnc.udp.UDPServer - UDP-Server: Message-3-16 -> Message-3-16 (/127.0.0.1:49428)
21:20:57.008 [pool-1-thread-2] DEBUG com.mnc.udp.UDPServer - UDP-Server: Message-0-16
21:20:57.008 [pool-1-thread-4] DEBUG com.mnc.udp.UDPServer - UDP-Server: Message-50-17
21:20:57.008 [pool-1-thread-5] DEBUG com.mnc.udp.UDPServer - UDP-Server: Message-10-16
21:20:57.008 [pool-1-thread-1] DEBUG com.mnc.udp.UDPServer - UDP-Server: Message-6-17 -> Message-6-17 (/127.0.0.1:49431)
21:20:57.008 [pool-1-thread-3] DEBUG com.mnc.udp.UDPServer - UDP-Server: Message-45-53 -> Message-45-53 (/127.0.0.1:49470)
21:20:57.008 [pool-1-thread-1] DEBUG com.mnc.udp.UDPServer - UDP-Server: Message-74-13
21:20:57.008 [pool-1-thread-3] DEBUG com.mnc.udp.UDPServer - UDP-Server: Message-26-25
21:20:57.008 [pool-1-thread-1] DEBUG com.mnc.udp.UDPServer - UDP-Server: Message-74-13 -> Message-74-13 (/127.0.0.1:49499)
21:20:57.008 [pool-1-thread-2] DEBUG com.mnc.udp.UDPServer - UDP-Server: Message-0-16 -> Message-0-16 (/127.0.0.1:49425)
21:20:57.008 [pool-1-thread-1] DEBUG com.mnc.udp.UDPServer - UDP-Server: Message-72-13
21:20:57.008 [pool-1-thread-4] DEBUG com.mnc.udp.UDPServer - UDP-Server: Message-50-17 -> Message-50-17 (/127.0.0.1:49475)
21:20:57.008 [pool-1-thread-5] DEBUG com.mnc.udp.UDPServer - UDP-Server: Message-10-16 -> Message-10-16 (/127.0.0.1:49435)
21:20:57.008 [pool-1-thread-3] DEBUG com.mnc.udp.UDPServer - UDP-Server: Message-26-25 -> Message-26-25 (/127.0.0.1:49451)
21:20:57.008 [pool-1-thread-4] DEBUG com.mnc.udp.UDPServer - UDP-Server: Message-5-16
21:20:57.008 [pool-1-thread-2] DEBUG com.mnc.udp.UDPServer - UDP-Server: Message-32-58
21:20:57.008 [pool-1-thread-1] DEBUG com.mnc.udp.UDPServer - UDP-Server: Message-72-13 -> Message-72-13 (/127.0.0.1:49497)
21:20:57.008 [pool-1-thread-2] DEBUG com.mnc.udp.UDPServer - UDP-Server: Message-32-58 -> Message-32-58 (/127.0.0.1:49457)
21:20:57.008 [pool-1-thread-4] DEBUG com.mnc.udp.UDPServer - UDP-Server: Message-5-16 -> Message-5-16 (/127.0.0.1:49430)
21:20:57.008 [pool-1-thread-1] DEBUG com.mnc.udp.UDPServer - UDP-Server: Message-4-17
21:20:57.008 [pool-1-thread-3] DEBUG com.mnc.udp.UDPServer - UDP-Server: Message-69-17
21:20:57.008 [pool-1-thread-1] DEBUG com.mnc.udp.UDPServer - UDP-Server: Message-4-17 -> Message-4-17 (/127.0.0.1:49429)
21:20:57.008 [pool-1-thread-3] DEBUG com.mnc.udp.UDPServer - UDP-Server: Message-69-17 -> Message-69-17 (/127.0.0.1:49494)
21:20:57.008 [pool-1-thread-5] DEBUG com.mnc.udp.UDPServer - UDP-Server: Message-94-10
21:20:57.008 [pool-1-thread-2] DEBUG com.mnc.udp.UDPServer - UDP-Server: Message-51-13
21:20:57.008 [pool-1-thread-4] DEBUG com.mnc.udp.UDPServer - UDP-Server: Message-67-56
21:20:57.009 [pool-1-thread-3] DEBUG com.mnc.udp.UDPServer - UDP-Server: Message-8-14
21:20:57.009 [pool-1-thread-1] DEBUG com.mnc.udp.UDPServer - UDP-Server: Message-65-60
21:20:57.009 [pool-1-thread-2] DEBUG com.mnc.udp.UDPServer - UDP-Server: Message-51-13 -> Message-51-13 (/127.0.0.1:49476)
21:20:57.009 [pool-1-thread-5] DEBUG com.mnc.udp.UDPServer - UDP-Server: Message-94-10 -> Message-94-10 (/127.0.0.1:49519)
21:20:57.009 [pool-1-thread-3] DEBUG com.mnc.udp.UDPServer - UDP-Server: Message-8-14 -> Message-8-14 (/127.0.0.1:49433)
21:20:57.009 [pool-1-thread-4] DEBUG com.mnc.udp.UDPServer - UDP-Server: Message-67-56 -> Message-67-56 (/127.0.0.1:49492)
21:20:57.009 [pool-1-thread-1] DEBUG com.mnc.udp.UDPServer - UDP-Server: Message-65-60 -> Message-65-60 (/127.0.0.1:49490)
21:20:57.009 [pool-1-thread-3] DEBUG com.mnc.udp.UDPServer - UDP-Server: Message-52-17
21:20:57.009 [pool-1-thread-1] DEBUG com.mnc.udp.UDPServer - UDP-Server: Message-3-17
21:20:57.009 [pool-1-thread-2] DEBUG com.mnc.udp.UDPServer - UDP-Server: Message-1-17
21:20:57.009 [pool-1-thread-3] DEBUG com.mnc.udp.UDPServer - UDP-Server: Message-52-17 -> Message-52-17 (/127.0.0.1:49477)
21:20:57.009 [pool-1-thread-1] DEBUG com.mnc.udp.UDPServer - UDP-Server: Message-3-17 -> Message-3-17 (/127.0.0.1:49428)
21:20:57.009 [pool-1-thread-5] DEBUG com.mnc.udp.UDPServer - UDP-Server: Message-9-17
21:20:57.009 [pool-1-thread-3] DEBUG com.mnc.udp.UDPServer - UDP-Server: Message-6-13
21:20:57.009 [pool-1-thread-4] DEBUG com.mnc.udp.UDPServer - UDP-Server: Message-2-17
21:20:57.009 [pool-1-thread-1] DEBUG com.mnc.udp.UDPServer - UDP-Server: Message-45-56
21:20:57.009 [pool-1-thread-3] DEBUG com.mnc.udp.UDPServer - UDP-Server: Message-6-13 -> Message-6-13 (/127.0.0.1:49431)
21:20:57.009 [pool-1-thread-1] DEBUG com.mnc.udp.UDPServer - UDP-Server: Message-45-56 -> Message-45-56 (/127.0.0.1:49470)
21:20:57.009 [pool-1-thread-2] DEBUG com.mnc.udp.UDPServer - UDP-Server: Message-1-17 -> Message-1-17 (/127.0.0.1:49426)
21:20:57.009 [pool-1-thread-3] DEBUG com.mnc.udp.UDPServer - UDP-Server: Message-74-14
21:20:57.009 [pool-1-thread-5] DEBUG com.mnc.udp.UDPServer - UDP-Server: Message-9-17 -> Message-9-17 (/127.0.0.1:49434)
21:20:57.009 [pool-1-thread-3] DEBUG com.mnc.udp.UDPServer - UDP-Server: Message-74-14 -> Message-74-14 (/127.0.0.1:49499)
21:20:57.009 [pool-1-thread-5] DEBUG com.mnc.udp.UDPServer - UDP-Server: Message-10-17
21:20:57.009 [pool-1-thread-4] DEBUG com.mnc.udp.UDPServer - UDP-Server: Message-2-17 -> Message-2-17 (/127.0.0.1:49427)
21:20:57.009 [pool-1-thread-1] DEBUG com.mnc.udp.UDPServer - UDP-Server: Message-0-17
21:20:57.009 [pool-1-thread-2] DEBUG com.mnc.udp.UDPServer - UDP-Server: Message-50-13
21:20:57.009 [pool-1-thread-3] DEBUG com.mnc.udp.UDPServer - UDP-Server: Message-26-60
21:20:57.009 [pool-1-thread-5] DEBUG com.mnc.udp.UDPServer - UDP-Server: Message-10-17 -> Message-10-17 (/127.0.0.1:49435)
21:20:57.009 [pool-1-thread-1] DEBUG com.mnc.udp.UDPServer - UDP-Server: Message-0-17 -> Message-0-17 (/127.0.0.1:49425)
21:20:57.009 [pool-1-thread-5] DEBUG com.mnc.udp.UDPServer - UDP-Server: Message-32-56
21:20:57.009 [pool-1-thread-1] DEBUG com.mnc.udp.UDPServer - UDP-Server: Message-5-17
21:20:57.009 [pool-1-thread-5] DEBUG com.mnc.udp.UDPServer - UDP-Server: Message-32-56 -> Message-32-56 (/127.0.0.1:49457)
21:20:57.009 [pool-1-thread-4] DEBUG com.mnc.udp.UDPServer - UDP-Server: Message-72-14
21:20:57.009 [pool-1-thread-5] DEBUG com.mnc.udp.UDPServer - UDP-Server: Message-4-13
21:20:57.009 [pool-1-thread-4] DEBUG com.mnc.udp.UDPServer - UDP-Server: Message-72-14 -> Message-72-14 (/127.0.0.1:49497)
21:20:57.009 [pool-1-thread-2] DEBUG com.mnc.udp.UDPServer - UDP-Server: Message-50-13 -> Message-50-13 (/127.0.0.1:49475)
21:20:57.009 [pool-1-thread-4] DEBUG com.mnc.udp.UDPServer - UDP-Server: Message-69-13
21:20:57.009 [pool-1-thread-3] DEBUG com.mnc.udp.UDPServer - UDP-Server: Message-26-60 -> Message-26-60 (/127.0.0.1:49451)
21:20:57.009 [pool-1-thread-2] DEBUG com.mnc.udp.UDPServer - UDP-Server: Message-51-14
21:20:57.009 [pool-1-thread-1] DEBUG com.mnc.udp.UDPServer - UDP-Server: Message-5-17 -> Message-5-17 (/127.0.0.1:49430)
21:20:57.009 [pool-1-thread-3] DEBUG com.mnc.udp.UDPServer - UDP-Server: Message-94-11
21:20:57.009 [pool-1-thread-5] DEBUG com.mnc.udp.UDPServer - UDP-Server: Message-4-13 -> Message-4-13 (/127.0.0.1:49429)
21:20:57.009 [pool-1-thread-3] DEBUG com.mnc.udp.UDPServer - UDP-Server: Message-94-11 -> Message-94-11 (/127.0.0.1:49519)
21:20:57.009 [pool-1-thread-4] DEBUG com.mnc.udp.UDPServer - UDP-Server: Message-69-13 -> Message-69-13 (/127.0.0.1:49494)
21:20:57.009 [pool-1-thread-2] DEBUG com.mnc.udp.UDPServer - UDP-Server: Message-51-14 -> Message-51-14 (/127.0.0.1:49476)
21:20:57.009 [pool-1-thread-1] DEBUG com.mnc.udp.UDPServer - UDP-Server: Message-8-12
21:20:57.009 [pool-1-thread-4] DEBUG com.mnc.udp.UDPServer - UDP-Server: Message-52-13
21:20:57.009 [pool-1-thread-3] DEBUG com.mnc.udp.UDPServer - UDP-Server: Message-65-61
21:20:57.009 [pool-1-thread-5] DEBUG com.mnc.udp.UDPServer - UDP-Server: Message-67-60
21:20:57.009 [pool-1-thread-1] DEBUG com.mnc.udp.UDPServer - UDP-Server: Message-8-12 -> Message-8-12 (/127.0.0.1:49433)
21:20:57.009 [pool-1-thread-2] DEBUG com.mnc.udp.UDPServer - UDP-Server: Message-3-13
21:20:57.010 [pool-1-thread-1] DEBUG com.mnc.udp.UDPServer - UDP-Server: Message-6-14
21:20:57.010 [pool-1-thread-2] DEBUG com.mnc.udp.UDPServer - UDP-Server: Message-3-13 -> Message-3-13 (/127.0.0.1:49428)
21:20:57.010 [pool-1-thread-4] DEBUG com.mnc.udp.UDPServer - UDP-Server: Message-52-13 -> Message-52-13 (/127.0.0.1:49477)
21:20:57.010 [pool-1-thread-3] DEBUG com.mnc.udp.UDPServer - UDP-Server: Message-65-61 -> Message-65-61 (/127.0.0.1:49490)
21:20:57.010 [pool-1-thread-5] DEBUG com.mnc.udp.UDPServer - UDP-Server: Message-67-60 -> Message-67-60 (/127.0.0.1:49492)
21:20:57.010 [pool-1-thread-1] DEBUG com.mnc.udp.UDPServer - UDP-Server: Message-6-14 -> Message-6-14 (/127.0.0.1:49431)
21:20:57.010 [pool-1-thread-2] DEBUG com.mnc.udp.UDPServer - UDP-Server: Message-45-54
21:20:57.010 [pool-1-thread-1] DEBUG com.mnc.udp.UDPServer - UDP-Server: Message-2-13
21:20:57.010 [pool-1-thread-4] DEBUG com.mnc.udp.UDPServer - UDP-Server: Message-1-13
21:20:57.010 [pool-1-thread-1] DEBUG com.mnc.udp.UDPServer - UDP-Server: Message-2-13 -> Message-2-13 (/127.0.0.1:49427)
21:20:57.010 [pool-1-thread-3] DEBUG com.mnc.udp.UDPServer - UDP-Server: Message-9-13
21:20:57.010 [pool-1-thread-4] DEBUG com.mnc.udp.UDPServer - UDP-Server: Message-1-13 -> Message-1-13 (/127.0.0.1:49426)
21:20:57.010 [pool-1-thread-5] DEBUG com.mnc.udp.UDPServer - UDP-Server: Message-74-12
21:20:57.010 [pool-1-thread-3] DEBUG com.mnc.udp.UDPServer - UDP-Server: Message-9-13 -> Message-9-13 (/127.0.0.1:49434)
21:20:57.010 [pool-1-thread-2] DEBUG com.mnc.udp.UDPServer - UDP-Server: Message-45-54 -> Message-45-54 (/127.0.0.1:49470)
21:20:57.010 [pool-1-thread-3] DEBUG com.mnc.udp.UDPServer - UDP-Server: Message-32-60
21:20:57.010 [pool-1-thread-1] DEBUG com.mnc.udp.UDPServer - UDP-Server: Message-10-13
21:20:57.010 [pool-1-thread-4] DEBUG com.mnc.udp.UDPServer - UDP-Server: Message-0-13
21:20:57.010 [pool-1-thread-1] DEBUG com.mnc.udp.UDPServer - UDP-Server: Message-10-13 -> Message-10-13 (/127.0.0.1:49435)
21:20:57.010 [pool-1-thread-5] DEBUG com.mnc.udp.UDPServer - UDP-Server: Message-74-12 -> Message-74-12 (/127.0.0.1:49499)
21:20:57.010 [pool-1-thread-3] DEBUG com.mnc.udp.UDPServer - UDP-Server: Message-32-60 -> Message-32-60 (/127.0.0.1:49457)
21:20:57.010 [pool-1-thread-5] DEBUG com.mnc.udp.UDPServer - UDP-Server: Message-26-61
21:20:57.010 [pool-1-thread-2] DEBUG com.mnc.udp.UDPServer - UDP-Server: Message-50-14
21:20:57.010 [pool-1-thread-4] DEBUG com.mnc.udp.UDPServer - UDP-Server: Message-0-13 -> Message-0-13 (/127.0.0.1:49425)
21:20:57.010 [pool-1-thread-1] DEBUG com.mnc.udp.UDPServer - UDP-Server: Message-72-12
21:20:57.010 [pool-1-thread-5] DEBUG com.mnc.udp.UDPServer - UDP-Server: Message-26-61 -> Message-26-61 (/127.0.0.1:49451)
21:20:57.010 [pool-1-thread-4] DEBUG com.mnc.udp.UDPServer - UDP-Server: Message-5-13
21:20:57.010 [pool-1-thread-3] DEBUG com.mnc.udp.UDPServer - UDP-Server: Message-4-14
21:20:57.010 [pool-1-thread-4] DEBUG com.mnc.udp.UDPServer - UDP-Server: Message-5-13 -> Message-5-13 (/127.0.0.1:49430)
21:20:57.010 [pool-1-thread-2] DEBUG com.mnc.udp.UDPServer - UDP-Server: Message-50-14 -> Message-50-14 (/127.0.0.1:49475)
21:20:57.010 [pool-1-thread-1] DEBUG com.mnc.udp.UDPServer - UDP-Server: Message-72-12 -> Message-72-12 (/127.0.0.1:49497)
21:20:57.010 [pool-1-thread-4] DEBUG com.mnc.udp.UDPServer - UDP-Server: Message-69-14
21:20:57.010 [pool-1-thread-5] DEBUG com.mnc.udp.UDPServer - UDP-Server: Message-94-54
21:20:57.010 [pool-1-thread-4] DEBUG com.mnc.udp.UDPServer - UDP-Server: Message-69-14 -> Message-69-14 (/127.0.0.1:49494)
21:20:57.010 [pool-1-thread-3] DEBUG com.mnc.udp.UDPServer - UDP-Server: Message-4-14 -> Message-4-14 (/127.0.0.1:49429)
21:20:57.010 [pool-1-thread-5] DEBUG com.mnc.udp.UDPServer - UDP-Server: Message-94-54 -> Message-94-54 (/127.0.0.1:49519)
21:20:57.010 [pool-1-thread-4] DEBUG com.mnc.udp.UDPServer - UDP-Server: Message-3-14
21:20:57.010 [pool-1-thread-5] DEBUG com.mnc.udp.UDPServer - UDP-Server: Message-65-59
21:20:57.010 [pool-1-thread-2] DEBUG com.mnc.udp.UDPServer - UDP-Server: Message-51-12
21:20:57.010 [pool-1-thread-1] DEBUG com.mnc.udp.UDPServer - UDP-Server: Message-8-21
21:20:57.010 [pool-1-thread-2] DEBUG com.mnc.udp.UDPServer - UDP-Server: Message-51-12 -> Message-51-12 (/127.0.0.1:49476)
21:20:57.010 [pool-1-thread-3] DEBUG com.mnc.udp.UDPServer - UDP-Server: Message-52-14
21:20:57.010 [pool-1-thread-2] DEBUG com.mnc.udp.UDPServer - UDP-Server: Message-67-61
21:20:57.010 [pool-1-thread-3] DEBUG com.mnc.udp.UDPServer - UDP-Server: Message-52-14 -> Message-52-14 (/127.0.0.1:49477)
21:20:57.010 [pool-1-thread-4] DEBUG com.mnc.udp.UDPServer - UDP-Server: Message-3-14 -> Message-3-14 (/127.0.0.1:49428)
21:20:57.010 [pool-1-thread-5] DEBUG com.mnc.udp.UDPServer - UDP-Server: Message-65-59 -> Message-65-59 (/127.0.0.1:49490)
21:20:57.010 [pool-1-thread-1] DEBUG com.mnc.udp.UDPServer - UDP-Server: Message-8-21 -> Message-8-21 (/127.0.0.1:49433)
21:20:57.010 [pool-1-thread-3] DEBUG com.mnc.udp.UDPServer - UDP-Server: Message-2-14
21:20:57.010 [pool-1-thread-5] DEBUG com.mnc.udp.UDPServer - UDP-Server: Message-1-14
21:20:57.010 [pool-1-thread-5] DEBUG com.mnc.udp.UDPServer - UDP-Server: Message-1-14 -> Message-1-14 (/127.0.0.1:49426)
21:20:57.010 [pool-1-thread-1] DEBUG com.mnc.udp.UDPServer - UDP-Server: Message-9-14
21:20:57.010 [pool-1-thread-2] DEBUG com.mnc.udp.UDPServer - UDP-Server: Message-67-61 -> Message-67-61 (/127.0.0.1:49492)
21:20:57.010 [pool-1-thread-4] DEBUG com.mnc.udp.UDPServer - UDP-Server: Message-6-12
21:20:57.011 [pool-1-thread-1] DEBUG com.mnc.udp.UDPServer - UDP-Server: Message-9-14 -> Message-9-14 (/127.0.0.1:49434)
21:20:57.010 [pool-1-thread-3] DEBUG com.mnc.udp.UDPServer - UDP-Server: Message-2-14 -> Message-2-14 (/127.0.0.1:49427)
21:20:57.011 [pool-1-thread-2] DEBUG com.mnc.udp.UDPServer - UDP-Server: Message-10-14
21:20:57.011 [pool-1-thread-4] DEBUG com.mnc.udp.UDPServer - UDP-Server: Message-6-12 -> Message-6-12 (/127.0.0.1:49431)
21:20:57.011 [pool-1-thread-2] DEBUG com.mnc.udp.UDPServer - UDP-Server: Message-10-14 -> Message-10-14 (/127.0.0.1:49435)
21:20:57.011 [pool-1-thread-4] DEBUG com.mnc.udp.UDPServer - UDP-Server: Message-0-14
21:20:57.011 [pool-1-thread-5] DEBUG com.mnc.udp.UDPServer - UDP-Server: Message-45-55
21:20:57.011 [pool-1-thread-1] DEBUG com.mnc.udp.UDPServer - UDP-Server: Message-32-61
21:20:57.011 [pool-1-thread-3] DEBUG com.mnc.udp.UDPServer - UDP-Server: Message-74-21
21:20:57.011 [pool-1-thread-2] DEBUG com.mnc.udp.UDPServer - UDP-Server: Message-26-37
21:20:57.011 [pool-1-thread-4] DEBUG com.mnc.udp.UDPServer - UDP-Server: Message-0-14 -> Message-0-14 (/127.0.0.1:49425)
21:20:57.011 [pool-1-thread-5] DEBUG com.mnc.udp.UDPServer - UDP-Server: Message-45-55 -> Message-45-55 (/127.0.0.1:49470)
21:20:57.011 [pool-1-thread-1] DEBUG com.mnc.udp.UDPServer - UDP-Server: Message-32-61 -> Message-32-61 (/127.0.0.1:49457)
21:20:57.011 [pool-1-thread-5] DEBUG com.mnc.udp.UDPServer - UDP-Server: Message-50-12
21:20:57.011 [pool-1-thread-3] DEBUG com.mnc.udp.UDPServer - UDP-Server: Message-74-21 -> Message-74-21 (/127.0.0.1:49499)
21:20:57.011 [pool-1-thread-2] DEBUG com.mnc.udp.UDPServer - UDP-Server: Message-26-37 -> Message-26-37 (/127.0.0.1:49451)
21:20:57.011 [pool-1-thread-4] DEBUG com.mnc.udp.UDPServer - UDP-Server: Message-5-14
21:20:57.011 [pool-1-thread-2] DEBUG com.mnc.udp.UDPServer - UDP-Server: Message-69-12
21:20:57.011 [pool-1-thread-4] DEBUG com.mnc.udp.UDPServer - UDP-Server: Message-5-14 -> Message-5-14 (/127.0.0.1:49430)
21:20:57.011 [pool-1-thread-5] DEBUG com.mnc.udp.UDPServer - UDP-Server: Message-50-12 -> Message-50-12 (/127.0.0.1:49475)
21:20:57.011 [pool-1-thread-4] DEBUG com.mnc.udp.UDPServer - UDP-Server: Message-94-55
21:20:57.011 [pool-1-thread-1] DEBUG com.mnc.udp.UDPServer - UDP-Server: Message-4-12
21:20:57.011 [pool-1-thread-3] DEBUG com.mnc.udp.UDPServer - UDP-Server: Message-72-21
21:20:57.011 [pool-1-thread-2] DEBUG com.mnc.udp.UDPServer - UDP-Server: Message-69-12 -> Message-69-12 (/127.0.0.1:49494)
21:20:57.011 [pool-1-thread-5] DEBUG com.mnc.udp.UDPServer - UDP-Server: Message-51-21
21:20:57.011 [pool-1-thread-4] DEBUG com.mnc.udp.UDPServer - UDP-Server: Message-94-55 -> Message-94-55 (/127.0.0.1:49519)
21:20:57.011 [pool-1-thread-1] DEBUG com.mnc.udp.UDPServer - UDP-Server: Message-4-12 -> Message-4-12 (/127.0.0.1:49429)
21:20:57.011 [pool-1-thread-3] DEBUG com.mnc.udp.UDPServer - UDP-Server: Message-72-21 -> Message-72-21 (/127.0.0.1:49497)
21:20:57.011 [pool-1-thread-1] DEBUG com.mnc.udp.UDPServer - UDP-Server: Message-8-22
21:20:57.011 [pool-1-thread-2] DEBUG com.mnc.udp.UDPServer - UDP-Server: Message-52-12
21:20:57.011 [pool-1-thread-5] DEBUG com.mnc.udp.UDPServer - UDP-Server: Message-51-21 -> Message-51-21 (/127.0.0.1:49476)
21:20:57.011 [pool-1-thread-4] DEBUG com.mnc.udp.UDPServer - UDP-Server: Message-3-12
21:20:57.011 [pool-1-thread-1] DEBUG com.mnc.udp.UDPServer - UDP-Server: Message-8-22 -> Message-8-22 (/127.0.0.1:49433)
21:20:57.011 [pool-1-thread-3] DEBUG com.mnc.udp.UDPServer - UDP-Server: Message-65-53
21:20:57.011 [pool-1-thread-2] DEBUG com.mnc.udp.UDPServer - UDP-Server: Message-52-12 -> Message-52-12 (/127.0.0.1:49477)
21:20:57.011 [pool-1-thread-5] DEBUG com.mnc.udp.UDPServer - UDP-Server: Message-1-12
21:20:57.011 [pool-1-thread-3] DEBUG com.mnc.udp.UDPServer - UDP-Server: Message-65-53 -> Message-65-53 (/127.0.0.1:49490)
21:20:57.011 [pool-1-thread-4] DEBUG com.mnc.udp.UDPServer - UDP-Server: Message-3-12 -> Message-3-12 (/127.0.0.1:49428)
21:20:57.011 [pool-1-thread-3] DEBUG com.mnc.udp.UDPServer - UDP-Server: Message-9-12
21:20:57.011 [pool-1-thread-1] DEBUG com.mnc.udp.UDPServer - UDP-Server: Message-67-59
21:20:57.011 [pool-1-thread-4] DEBUG com.mnc.udp.UDPServer - UDP-Server: Message-6-21
21:20:57.011 [pool-1-thread-2] DEBUG com.mnc.udp.UDPServer - UDP-Server: Message-2-12
21:20:57.011 [pool-1-thread-5] DEBUG com.mnc.udp.UDPServer - UDP-Server: Message-1-12 -> Message-1-12 (/127.0.0.1:49426)
21:20:57.011 [pool-1-thread-2] DEBUG com.mnc.udp.UDPServer - UDP-Server: Message-2-12 -> Message-2-12 (/127.0.0.1:49427)
21:20:57.011 [pool-1-thread-3] DEBUG com.mnc.udp.UDPServer - UDP-Server: Message-9-12 -> Message-9-12 (/127.0.0.1:49434)
21:20:57.011 [pool-1-thread-1] DEBUG com.mnc.udp.UDPServer - UDP-Server: Message-67-59 -> Message-67-59 (/127.0.0.1:49492)
21:20:57.011 [pool-1-thread-4] DEBUG com.mnc.udp.UDPServer - UDP-Server: Message-6-21 -> Message-6-21 (/127.0.0.1:49431)
21:20:57.011 [pool-1-thread-5] DEBUG com.mnc.udp.UDPServer - UDP-Server: Message-10-12
21:20:57.011 [pool-1-thread-2] DEBUG com.mnc.udp.UDPServer - UDP-Server: Message-0-12
21:20:57.012 [pool-1-thread-5] DEBUG com.mnc.udp.UDPServer - UDP-Server: Message-10-12 -> Message-10-12 (/127.0.0.1:49435)
21:20:57.012 [pool-1-thread-3] DEBUG com.mnc.udp.UDPServer - UDP-Server: Message-45-60
21:20:57.012 [pool-1-thread-4] DEBUG com.mnc.udp.UDPServer - UDP-Server: Message-74-22
21:20:57.012 [pool-1-thread-5] DEBUG com.mnc.udp.UDPServer - UDP-Server: Message-26-59
21:20:57.012 [pool-1-thread-1] DEBUG com.mnc.udp.UDPServer - UDP-Server: Message-32-59
21:20:57.012 [pool-1-thread-2] DEBUG com.mnc.udp.UDPServer - UDP-Server: Message-0-12 -> Message-0-12 (/127.0.0.1:49425)
21:20:57.012 [pool-1-thread-3] DEBUG com.mnc.udp.UDPServer - UDP-Server: Message-45-60 -> Message-45-60 (/127.0.0.1:49470)
21:20:57.012 [pool-1-thread-4] DEBUG com.mnc.udp.UDPServer - UDP-Server: Message-74-22 -> Message-74-22 (/127.0.0.1:49499)
21:20:57.012 [pool-1-thread-3] DEBUG com.mnc.udp.UDPServer - UDP-Server: Message-50-21
21:20:57.012 [pool-1-thread-5] DEBUG com.mnc.udp.UDPServer - UDP-Server: Message-26-59 -> Message-26-59 (/127.0.0.1:49451)
21:20:57.012 [pool-1-thread-1] DEBUG com.mnc.udp.UDPServer - UDP-Server: Message-32-59 -> Message-32-59 (/127.0.0.1:49457)
21:20:57.012 [pool-1-thread-2] DEBUG com.mnc.udp.UDPServer - UDP-Server: Message-5-12
21:20:57.012 [pool-1-thread-4] DEBUG com.mnc.udp.UDPServer - UDP-Server: Message-69-21
21:20:57.012 [pool-1-thread-1] DEBUG com.mnc.udp.UDPServer - UDP-Server: Message-4-21
21:20:57.012 [pool-1-thread-3] DEBUG com.mnc.udp.UDPServer - UDP-Server: Message-50-21 -> Message-50-21 (/127.0.0.1:49475)
21:20:57.012 [pool-1-thread-5] DEBUG com.mnc.udp.UDPServer - UDP-Server: Message-94-9
21:20:57.012 [pool-1-thread-2] DEBUG com.mnc.udp.UDPServer - UDP-Server: Message-5-12 -> Message-5-12 (/127.0.0.1:49430)
21:20:57.012 [pool-1-thread-4] DEBUG com.mnc.udp.UDPServer - UDP-Server: Message-69-21 -> Message-69-21 (/127.0.0.1:49494)
21:20:57.012 [pool-1-thread-1] DEBUG com.mnc.udp.UDPServer - UDP-Server: Message-4-21 -> Message-4-21 (/127.0.0.1:49429)
21:20:57.012 [pool-1-thread-3] DEBUG com.mnc.udp.UDPServer - UDP-Server: Message-72-22
21:20:57.012 [pool-1-thread-1] DEBUG com.mnc.udp.UDPServer - UDP-Server: Message-52-21
21:20:57.012 [pool-1-thread-5] DEBUG com.mnc.udp.UDPServer - UDP-Server: Message-94-9 -> Message-94-9 (/127.0.0.1:49519)
21:20:57.012 [pool-1-thread-2] DEBUG com.mnc.udp.UDPServer - UDP-Server: Message-51-22
21:20:57.012 [pool-1-thread-2] DEBUG com.mnc.udp.UDPServer - UDP-Server: Message-51-22 -> Message-51-22 (/127.0.0.1:49476)
21:20:57.012 [pool-1-thread-4] DEBUG com.mnc.udp.UDPServer - UDP-Server: Message-8-23
21:20:57.012 [pool-1-thread-3] DEBUG com.mnc.udp.UDPServer - UDP-Server: Message-72-22 -> Message-72-22 (/127.0.0.1:49497)
21:20:57.012 [pool-1-thread-1] DEBUG com.mnc.udp.UDPServer - UDP-Server: Message-52-21 -> Message-52-21 (/127.0.0.1:49477)
21:20:57.012 [pool-1-thread-5] DEBUG com.mnc.udp.UDPServer - UDP-Server: Message-65-54
21:20:57.012 [pool-1-thread-3] DEBUG com.mnc.udp.UDPServer - UDP-Server: Message-1-21
21:20:57.012 [pool-1-thread-2] DEBUG com.mnc.udp.UDPServer - UDP-Server: Message-3-21
21:20:57.012 [pool-1-thread-3] DEBUG com.mnc.udp.UDPServer - UDP-Server: Message-1-21 -> Message-1-21 (/127.0.0.1:49426)
21:20:57.012 [pool-1-thread-4] DEBUG com.mnc.udp.UDPServer - UDP-Server: Message-8-23 -> Message-8-23 (/127.0.0.1:49433)
21:20:57.012 [pool-1-thread-5] DEBUG com.mnc.udp.UDPServer - UDP-Server: Message-65-54 -> Message-65-54 (/127.0.0.1:49490)
21:20:57.012 [pool-1-thread-1] DEBUG com.mnc.udp.UDPServer - UDP-Server: Message-2-21
21:20:57.012 [pool-1-thread-4] DEBUG com.mnc.udp.UDPServer - UDP-Server: Message-6-22
21:20:57.012 [pool-1-thread-2] DEBUG com.mnc.udp.UDPServer - UDP-Server: Message-3-21 -> Message-3-21 (/127.0.0.1:49428)
21:20:57.012 [pool-1-thread-3] DEBUG com.mnc.udp.UDPServer - UDP-Server: Message-67-53
21:20:57.012 [pool-1-thread-2] DEBUG com.mnc.udp.UDPServer - UDP-Server: Message-10-21
21:20:57.012 [pool-1-thread-2] DEBUG com.mnc.udp.UDPServer - UDP-Server: Message-10-21 -> Message-10-21 (/127.0.0.1:49435)
21:20:57.012 [pool-1-thread-5] DEBUG com.mnc.udp.UDPServer - UDP-Server: Message-9-21
21:20:57.012 [pool-1-thread-1] DEBUG com.mnc.udp.UDPServer - UDP-Server: Message-2-21 -> Message-2-21 (/127.0.0.1:49427)
21:20:57.012 [pool-1-thread-4] DEBUG com.mnc.udp.UDPServer - UDP-Server: Message-6-22 -> Message-6-22 (/127.0.0.1:49431)
21:20:57.012 [pool-1-thread-3] DEBUG com.mnc.udp.UDPServer - UDP-Server: Message-67-53 -> Message-67-53 (/127.0.0.1:49492)
21:20:57.013 [pool-1-thread-5] DEBUG com.mnc.udp.UDPServer - UDP-Server: Message-9-21 -> Message-9-21 (/127.0.0.1:49434)
21:20:57.013 [pool-1-thread-3] DEBUG com.mnc.udp.UDPServer - UDP-Server: Message-26-71
21:20:57.013 [pool-1-thread-2] DEBUG com.mnc.udp.UDPServer - UDP-Server: Message-0-21
21:20:57.013 [pool-1-thread-4] DEBUG com.mnc.udp.UDPServer - UDP-Server: Message-74-23
21:20:57.013 [pool-1-thread-1] DEBUG com.mnc.udp.UDPServer - UDP-Server: Message-45-61
21:20:57.013 [pool-1-thread-3] DEBUG com.mnc.udp.UDPServer - UDP-Server: Message-26-71 -> Message-26-71 (/127.0.0.1:49451)
21:20:57.013 [pool-1-thread-5] DEBUG com.mnc.udp.UDPServer - UDP-Server: Message-32-53
21:20:57.013 [pool-1-thread-3] DEBUG com.mnc.udp.UDPServer - UDP-Server: Message-50-22
21:20:57.013 [pool-1-thread-3] DEBUG com.mnc.udp.UDPServer - UDP-Server: Message-50-22 -> Message-50-22 (/127.0.0.1:49475)
21:20:57.013 [pool-1-thread-2] DEBUG com.mnc.udp.UDPServer - UDP-Server: Message-0-21 -> Message-0-21 (/127.0.0.1:49425)
21:20:57.013 [pool-1-thread-4] DEBUG com.mnc.udp.UDPServer - UDP-Server: Message-74-23 -> Message-74-23 (/127.0.0.1:49499)
21:20:57.013 [pool-1-thread-2] DEBUG com.mnc.udp.UDPServer - UDP-Server: Message-69-22
21:20:57.013 [pool-1-thread-4] DEBUG com.mnc.udp.UDPServer - UDP-Server: Message-4-22
21:20:57.013 [pool-1-thread-1] DEBUG com.mnc.udp.UDPServer - UDP-Server: Message-45-61 -> Message-45-61 (/127.0.0.1:49470)
21:20:57.013 [pool-1-thread-5] DEBUG com.mnc.udp.UDPServer - UDP-Server: Message-32-53 -> Message-32-53 (/127.0.0.1:49457)
21:20:57.013 [pool-1-thread-3] DEBUG com.mnc.udp.UDPServer - UDP-Server: Message-5-21
21:20:57.013 [pool-1-thread-3] DEBUG com.mnc.udp.UDPServer - UDP-Server: Message-5-21 -> Message-5-21 (/127.0.0.1:49430)
21:20:57.013 [pool-1-thread-2] DEBUG com.mnc.udp.UDPServer - UDP-Server: Message-69-22 -> Message-69-22 (/127.0.0.1:49494)
21:20:57.013 [pool-1-thread-4] DEBUG com.mnc.udp.UDPServer - UDP-Server: Message-4-22 -> Message-4-22 (/127.0.0.1:49429)
21:20:57.013 [pool-1-thread-1] DEBUG com.mnc.udp.UDPServer - UDP-Server: Message-94-73
21:20:57.013 [pool-1-thread-4] DEBUG com.mnc.udp.UDPServer - UDP-Server: Message-1-22
21:20:57.013 [pool-1-thread-1] DEBUG com.mnc.udp.UDPServer - UDP-Server: Message-94-73 -> Message-94-73 (/127.0.0.1:49519)
21:20:57.013 [pool-1-thread-5] DEBUG com.mnc.udp.UDPServer - UDP-Server: Message-51-23
21:20:57.013 [pool-1-thread-1] DEBUG com.mnc.udp.UDPServer - UDP-Server: Message-8-24
21:20:57.013 [pool-1-thread-3] DEBUG com.mnc.udp.UDPServer - UDP-Server: Message-52-22
21:20:57.013 [pool-1-thread-1] DEBUG com.mnc.udp.UDPServer - UDP-Server: Message-8-24 -> Message-8-24 (/127.0.0.1:49433)
21:20:57.013 [pool-1-thread-2] DEBUG com.mnc.udp.UDPServer - UDP-Server: Message-72-23
21:20:57.013 [pool-1-thread-4] DEBUG com.mnc.udp.UDPServer - UDP-Server: Message-1-22 -> Message-1-22 (/127.0.0.1:49426)
21:20:57.013 [pool-1-thread-5] DEBUG com.mnc.udp.UDPServer - UDP-Server: Message-51-23 -> Message-51-23 (/127.0.0.1:49476)
21:20:57.013 [pool-1-thread-4] DEBUG com.mnc.udp.UDPServer - UDP-Server: Message-3-22
21:20:57.013 [pool-1-thread-3] DEBUG com.mnc.udp.UDPServer - UDP-Server: Message-52-22 -> Message-52-22 (/127.0.0.1:49477)
21:20:57.013 [pool-1-thread-4] DEBUG com.mnc.udp.UDPServer - UDP-Server: Message-3-22 -> Message-3-22 (/127.0.0.1:49428)
21:20:57.013 [pool-1-thread-3] DEBUG com.mnc.udp.UDPServer - UDP-Server: Message-2-22
21:20:57.013 [pool-1-thread-3] DEBUG com.mnc.udp.UDPServer - UDP-Server: Message-2-22 -> Message-2-22 (/127.0.0.1:49427)
21:20:57.013 [pool-1-thread-1] DEBUG com.mnc.udp.UDPServer - UDP-Server: Message-65-55
21:20:57.013 [pool-1-thread-3] DEBUG com.mnc.udp.UDPServer - UDP-Server: Message-9-22
21:20:57.013 [pool-1-thread-2] DEBUG com.mnc.udp.UDPServer - UDP-Server: Message-72-23 -> Message-72-23 (/127.0.0.1:49497)
21:20:57.013 [pool-1-thread-5] DEBUG com.mnc.udp.UDPServer - UDP-Server: Message-10-22
21:20:57.013 [pool-1-thread-4] DEBUG com.mnc.udp.UDPServer - UDP-Server: Message-6-23
21:20:57.013 [pool-1-thread-5] DEBUG com.mnc.udp.UDPServer - UDP-Server: Message-10-22 -> Message-10-22 (/127.0.0.1:49435)
21:20:57.013 [pool-1-thread-3] DEBUG com.mnc.udp.UDPServer - UDP-Server: Message-9-22 -> Message-9-22 (/127.0.0.1:49434)
21:20:57.013 [pool-1-thread-1] DEBUG com.mnc.udp.UDPServer - UDP-Server: Message-65-55 -> Message-65-55 (/127.0.0.1:49490)
21:20:57.013 [pool-1-thread-2] DEBUG com.mnc.udp.UDPServer - UDP-Server: Message-67-54
21:20:57.013 [pool-1-thread-4] DEBUG com.mnc.udp.UDPServer - UDP-Server: Message-6-23 -> Message-6-23 (/127.0.0.1:49431)
21:20:57.013 [pool-1-thread-5] DEBUG com.mnc.udp.UDPServer - UDP-Server: Message-26-72
21:20:57.013 [pool-1-thread-3] DEBUG com.mnc.udp.UDPServer - UDP-Server: Message-0-22
21:20:57.013 [pool-1-thread-1] DEBUG com.mnc.udp.UDPServer - UDP-Server: Message-50-23
21:20:57.014 [pool-1-thread-2] DEBUG com.mnc.udp.UDPServer - UDP-Server: Message-67-54 -> Message-67-54 (/127.0.0.1:49492)
21:20:57.014 [pool-1-thread-4] DEBUG com.mnc.udp.UDPServer - UDP-Server: Message-74-24
21:20:57.014 [pool-1-thread-5] DEBUG com.mnc.udp.UDPServer - UDP-Server: Message-26-72 -> Message-26-72 (/127.0.0.1:49451)
21:20:57.014 [pool-1-thread-3] DEBUG com.mnc.udp.UDPServer - UDP-Server: Message-0-22 -> Message-0-22 (/127.0.0.1:49425)
21:20:57.014 [pool-1-thread-1] DEBUG com.mnc.udp.UDPServer - UDP-Server: Message-50-23 -> Message-50-23 (/127.0.0.1:49475)
21:20:57.014 [pool-1-thread-2] DEBUG com.mnc.udp.UDPServer - UDP-Server: Message-45-51
21:20:57.014 [pool-1-thread-1] DEBUG com.mnc.udp.UDPServer - UDP-Server: Message-69-23
21:20:57.014 [pool-1-thread-4] DEBUG com.mnc.udp.UDPServer - UDP-Server: Message-74-24 -> Message-74-24 (/127.0.0.1:49499)
21:20:57.014 [pool-1-thread-5] DEBUG com.mnc.udp.UDPServer - UDP-Server: Message-32-54
21:20:57.014 [pool-1-thread-3] DEBUG com.mnc.udp.UDPServer - UDP-Server: Message-5-22
21:20:57.014 [pool-1-thread-2] DEBUG com.mnc.udp.UDPServer - UDP-Server: Message-45-51 -> Message-45-51 (/127.0.0.1:49470)
21:20:57.014 [pool-1-thread-1] DEBUG com.mnc.udp.UDPServer - UDP-Server: Message-69-23 -> Message-69-23 (/127.0.0.1:49494)
21:20:57.014 [pool-1-thread-5] DEBUG com.mnc.udp.UDPServer - UDP-Server: Message-32-54 -> Message-32-54 (/127.0.0.1:49457)
21:20:57.014 [pool-1-thread-1] DEBUG com.mnc.udp.UDPServer - UDP-Server: Message-8-19
21:20:57.014 [pool-1-thread-4] DEBUG com.mnc.udp.UDPServer - UDP-Server: Message-4-23
21:20:57.014 [pool-1-thread-1] DEBUG com.mnc.udp.UDPServer - UDP-Server: Message-8-19 -> Message-8-19 (/127.0.0.1:49433)
21:20:57.014 [pool-1-thread-3] DEBUG com.mnc.udp.UDPServer - UDP-Server: Message-5-22 -> Message-5-22 (/127.0.0.1:49430)
21:20:57.014 [pool-1-thread-2] DEBUG com.mnc.udp.UDPServer - UDP-Server: Message-94-74
21:20:57.014 [pool-1-thread-5] DEBUG com.mnc.udp.UDPServer - UDP-Server: Message-1-23
21:20:57.014 [pool-1-thread-4] DEBUG com.mnc.udp.UDPServer - UDP-Server: Message-4-23 -> Message-4-23 (/127.0.0.1:49429)
21:20:57.014 [pool-1-thread-1] DEBUG com.mnc.udp.UDPServer - UDP-Server: Message-51-24
21:20:57.014 [pool-1-thread-3] DEBUG com.mnc.udp.UDPServer - UDP-Server: Message-52-23
21:20:57.014 [pool-1-thread-2] DEBUG com.mnc.udp.UDPServer - UDP-Server: Message-94-74 -> Message-94-74 (/127.0.0.1:49519)
21:20:57.014 [pool-1-thread-5] DEBUG com.mnc.udp.UDPServer - UDP-Server: Message-1-23 -> Message-1-23 (/127.0.0.1:49426)
21:20:57.014 [pool-1-thread-2] DEBUG com.mnc.udp.UDPServer - UDP-Server: Message-2-23
21:20:57.014 [pool-1-thread-4] DEBUG com.mnc.udp.UDPServer - UDP-Server: Message-3-23
21:20:57.014 [pool-1-thread-1] DEBUG com.mnc.udp.UDPServer - UDP-Server: Message-51-24 -> Message-51-24 (/127.0.0.1:49476)
21:20:57.014 [pool-1-thread-4] DEBUG com.mnc.udp.UDPServer - UDP-Server: Message-3-23 -> Message-3-23 (/127.0.0.1:49428)
21:20:57.014 [pool-1-thread-3] DEBUG com.mnc.udp.UDPServer - UDP-Server: Message-52-23 -> Message-52-23 (/127.0.0.1:49477)
21:20:57.014 [pool-1-thread-4] DEBUG com.mnc.udp.UDPServer - UDP-Server: Message-9-23
21:20:57.014 [pool-1-thread-2] DEBUG com.mnc.udp.UDPServer - UDP-Server: Message-2-23 -> Message-2-23 (/127.0.0.1:49427)
21:20:57.014 [pool-1-thread-5] DEBUG com.mnc.udp.UDPServer - UDP-Server: Message-72-24
21:20:57.014 [pool-1-thread-1] DEBUG com.mnc.udp.UDPServer - UDP-Server: Message-10-23
21:20:57.014 [pool-1-thread-3] DEBUG com.mnc.udp.UDPServer - UDP-Server: Message-65-51
21:20:57.014 [pool-1-thread-4] DEBUG com.mnc.udp.UDPServer - UDP-Server: Message-9-23 -> Message-9-23 (/127.0.0.1:49434)
21:20:57.014 [pool-1-thread-2] DEBUG com.mnc.udp.UDPServer - UDP-Server: Message-6-24
21:20:57.014 [pool-1-thread-5] DEBUG com.mnc.udp.UDPServer - UDP-Server: Message-72-24 -> Message-72-24 (/127.0.0.1:49497)
21:20:57.014 [pool-1-thread-1] DEBUG com.mnc.udp.UDPServer - UDP-Server: Message-10-23 -> Message-10-23 (/127.0.0.1:49435)
21:20:57.014 [pool-1-thread-3] DEBUG com.mnc.udp.UDPServer - UDP-Server: Message-65-51 -> Message-65-51 (/127.0.0.1:49490)
21:20:57.014 [pool-1-thread-4] DEBUG com.mnc.udp.UDPServer - UDP-Server: Message-67-55
21:20:57.014 [pool-1-thread-3] DEBUG com.mnc.udp.UDPServer - UDP-Server: Message-50-24
21:20:57.014 [pool-1-thread-4] DEBUG com.mnc.udp.UDPServer - UDP-Server: Message-67-55 -> Message-67-55 (/127.0.0.1:49492)
21:20:57.014 [pool-1-thread-2] DEBUG com.mnc.udp.UDPServer - UDP-Server: Message-6-24 -> Message-6-24 (/127.0.0.1:49431)
21:20:57.014 [pool-1-thread-5] DEBUG com.mnc.udp.UDPServer - UDP-Server: Message-26-53
21:20:57.014 [pool-1-thread-1] DEBUG com.mnc.udp.UDPServer - UDP-Server: Message-0-23
21:20:57.015 [pool-1-thread-4] DEBUG com.mnc.udp.UDPServer - UDP-Server: Message-74-19
21:20:57.014 [pool-1-thread-3] DEBUG com.mnc.udp.UDPServer - UDP-Server: Message-50-24 -> Message-50-24 (/127.0.0.1:49475)
21:20:57.015 [pool-1-thread-5] DEBUG com.mnc.udp.UDPServer - UDP-Server: Message-26-53 -> Message-26-53 (/127.0.0.1:49451)
21:20:57.015 [pool-1-thread-1] DEBUG com.mnc.udp.UDPServer - UDP-Server: Message-0-23 -> Message-0-23 (/127.0.0.1:49425)
21:20:57.015 [pool-1-thread-4] DEBUG com.mnc.udp.UDPServer - UDP-Server: Message-74-19 -> Message-74-19 (/127.0.0.1:49499)
21:20:57.015 [pool-1-thread-1] DEBUG com.mnc.udp.UDPServer - UDP-Server: Message-8-20
21:20:57.015 [pool-1-thread-4] DEBUG com.mnc.udp.UDPServer - UDP-Server: Message-5-23
21:20:57.015 [pool-1-thread-1] DEBUG com.mnc.udp.UDPServer - UDP-Server: Message-8-20 -> Message-8-20 (/127.0.0.1:49433)
21:20:57.015 [pool-1-thread-2] DEBUG com.mnc.udp.UDPServer - UDP-Server: Message-45-52
21:20:57.015 [pool-1-thread-1] DEBUG com.mnc.udp.UDPServer - UDP-Server: Message-4-24
21:20:57.015 [pool-1-thread-2] DEBUG com.mnc.udp.UDPServer - UDP-Server: Message-45-52 -> Message-45-52 (/127.0.0.1:49470)
21:20:57.015 [pool-1-thread-3] DEBUG com.mnc.udp.UDPServer - UDP-Server: Message-69-24
21:20:57.015 [pool-1-thread-5] DEBUG com.mnc.udp.UDPServer - UDP-Server: Message-32-55
21:20:57.015 [pool-1-thread-2] DEBUG com.mnc.udp.UDPServer - UDP-Server: Message-94-3
21:20:57.015 [pool-1-thread-4] DEBUG com.mnc.udp.UDPServer - UDP-Server: Message-5-23 -> Message-5-23 (/127.0.0.1:49430)
21:20:57.015 [pool-1-thread-5] DEBUG com.mnc.udp.UDPServer - UDP-Server: Message-32-55 -> Message-32-55 (/127.0.0.1:49457)
21:20:57.015 [pool-1-thread-1] DEBUG com.mnc.udp.UDPServer - UDP-Server: Message-4-24 -> Message-4-24 (/127.0.0.1:49429)
21:20:57.015 [pool-1-thread-5] DEBUG com.mnc.udp.UDPServer - UDP-Server: Message-51-19
21:20:57.015 [pool-1-thread-3] DEBUG com.mnc.udp.UDPServer - UDP-Server: Message-69-24 -> Message-69-24 (/127.0.0.1:49494)
21:20:57.015 [pool-1-thread-2] DEBUG com.mnc.udp.UDPServer - UDP-Server: Message-94-3 -> Message-94-3 (/127.0.0.1:49519)
21:20:57.015 [pool-1-thread-4] DEBUG com.mnc.udp.UDPServer - UDP-Server: Message-1-24
21:20:57.015 [pool-1-thread-2] DEBUG com.mnc.udp.UDPServer - UDP-Server: Message-2-24
21:20:57.015 [pool-1-thread-5] DEBUG com.mnc.udp.UDPServer - UDP-Server: Message-51-19 -> Message-51-19 (/127.0.0.1:49476)
21:20:57.015 [pool-1-thread-1] DEBUG com.mnc.udp.UDPServer - UDP-Server: Message-3-24
21:20:57.015 [pool-1-thread-3] DEBUG com.mnc.udp.UDPServer - UDP-Server: Message-52-24
21:20:57.015 [pool-1-thread-4] DEBUG com.mnc.udp.UDPServer - UDP-Server: Message-1-24 -> Message-1-24 (/127.0.0.1:49426)
21:20:57.015 [pool-1-thread-2] DEBUG com.mnc.udp.UDPServer - UDP-Server: Message-2-24 -> Message-2-24 (/127.0.0.1:49427)
21:20:57.015 [pool-1-thread-4] DEBUG com.mnc.udp.UDPServer - UDP-Server: Message-10-24
21:20:57.015 [pool-1-thread-5] DEBUG com.mnc.udp.UDPServer - UDP-Server: Message-9-24
21:20:57.015 [pool-1-thread-1] DEBUG com.mnc.udp.UDPServer - UDP-Server: Message-3-24 -> Message-3-24 (/127.0.0.1:49428)
21:20:57.015 [pool-1-thread-3] DEBUG com.mnc.udp.UDPServer - UDP-Server: Message-52-24 -> Message-52-24 (/127.0.0.1:49477)
21:20:57.015 [pool-1-thread-4] DEBUG com.mnc.udp.UDPServer - UDP-Server: Message-10-24 -> Message-10-24 (/127.0.0.1:49435)
21:20:57.015 [pool-1-thread-2] DEBUG com.mnc.udp.UDPServer - UDP-Server: Message-72-19
21:20:57.015 [pool-1-thread-5] DEBUG com.mnc.udp.UDPServer - UDP-Server: Message-9-24 -> Message-9-24 (/127.0.0.1:49434)
21:20:57.015 [pool-1-thread-1] DEBUG com.mnc.udp.UDPServer - UDP-Server: Message-65-52
21:20:57.015 [pool-1-thread-5] DEBUG com.mnc.udp.UDPServer - UDP-Server: Message-50-19
21:20:57.015 [pool-1-thread-3] DEBUG com.mnc.udp.UDPServer - UDP-Server: Message-67-51
21:20:57.015 [pool-1-thread-4] DEBUG com.mnc.udp.UDPServer - UDP-Server: Message-6-19
21:20:57.015 [pool-1-thread-2] DEBUG com.mnc.udp.UDPServer - UDP-Server: Message-72-19 -> Message-72-19 (/127.0.0.1:49497)
21:20:57.015 [pool-1-thread-4] DEBUG com.mnc.udp.UDPServer - UDP-Server: Message-6-19 -> Message-6-19 (/127.0.0.1:49431)
21:20:57.015 [pool-1-thread-1] DEBUG com.mnc.udp.UDPServer - UDP-Server: Message-65-52 -> Message-65-52 (/127.0.0.1:49490)
21:20:57.015 [pool-1-thread-4] DEBUG com.mnc.udp.UDPServer - UDP-Server: Message-0-24
21:20:57.015 [pool-1-thread-5] DEBUG com.mnc.udp.UDPServer - UDP-Server: Message-50-19 -> Message-50-19 (/127.0.0.1:49475)
21:20:57.015 [pool-1-thread-3] DEBUG com.mnc.udp.UDPServer - UDP-Server: Message-67-51 -> Message-67-51 (/127.0.0.1:49492)
21:20:57.015 [pool-1-thread-5] DEBUG com.mnc.udp.UDPServer - UDP-Server: Message-8-18
21:20:57.015 [pool-1-thread-2] DEBUG com.mnc.udp.UDPServer - UDP-Server: Message-26-69
21:20:57.015 [pool-1-thread-3] DEBUG com.mnc.udp.UDPServer - UDP-Server: Message-45-59
21:20:57.015 [pool-1-thread-2] DEBUG com.mnc.udp.UDPServer - UDP-Server: Message-26-69 -> Message-26-69 (/127.0.0.1:49451)
21:20:57.015 [pool-1-thread-4] DEBUG com.mnc.udp.UDPServer - UDP-Server: Message-0-24 -> Message-0-24 (/127.0.0.1:49425)
21:20:57.015 [pool-1-thread-1] DEBUG com.mnc.udp.UDPServer - UDP-Server: Message-74-20
21:20:57.015 [pool-1-thread-5] DEBUG com.mnc.udp.UDPServer - UDP-Server: Message-8-18 -> Message-8-18 (/127.0.0.1:49433)
21:20:57.015 [pool-1-thread-3] DEBUG com.mnc.udp.UDPServer - UDP-Server: Message-45-59 -> Message-45-59 (/127.0.0.1:49470)
21:20:57.015 [pool-1-thread-2] DEBUG com.mnc.udp.UDPServer - UDP-Server: Message-5-24
21:20:57.016 [pool-1-thread-1] DEBUG com.mnc.udp.UDPServer - UDP-Server: Message-74-20 -> Message-74-20 (/127.0.0.1:49499)
21:20:57.016 [pool-1-thread-5] DEBUG com.mnc.udp.UDPServer - UDP-Server: Message-4-19
21:20:57.016 [pool-1-thread-2] DEBUG com.mnc.udp.UDPServer - UDP-Server: Message-5-24 -> Message-5-24 (/127.0.0.1:49430)
21:20:57.016 [pool-1-thread-3] DEBUG com.mnc.udp.UDPServer - UDP-Server: Message-69-19
21:20:57.016 [pool-1-thread-4] DEBUG com.mnc.udp.UDPServer - UDP-Server: Message-32-51
21:20:57.016 [pool-1-thread-3] DEBUG com.mnc.udp.UDPServer - UDP-Server: Message-69-19 -> Message-69-19 (/127.0.0.1:49494)
21:20:57.016 [pool-1-thread-5] DEBUG com.mnc.udp.UDPServer - UDP-Server: Message-4-19 -> Message-4-19 (/127.0.0.1:49429)
21:20:57.016 [pool-1-thread-4] DEBUG com.mnc.udp.UDPServer - UDP-Server: Message-32-51 -> Message-32-51 (/127.0.0.1:49457)
21:20:57.016 [pool-1-thread-1] DEBUG com.mnc.udp.UDPServer - UDP-Server: Message-94-51
21:20:57.016 [pool-1-thread-2] DEBUG com.mnc.udp.UDPServer - UDP-Server: Message-51-20
21:20:57.016 [pool-1-thread-3] DEBUG com.mnc.udp.UDPServer - UDP-Server: Message-1-19
21:20:57.016 [pool-1-thread-2] DEBUG com.mnc.udp.UDPServer - UDP-Server: Message-51-20 -> Message-51-20 (/127.0.0.1:49476)
21:20:57.016 [pool-1-thread-5] DEBUG com.mnc.udp.UDPServer - UDP-Server: Message-2-19
21:20:57.016 [pool-1-thread-4] DEBUG com.mnc.udp.UDPServer - UDP-Server: Message-3-19
21:20:57.016 [pool-1-thread-5] DEBUG com.mnc.udp.UDPServer - UDP-Server: Message-2-19 -> Message-2-19 (/127.0.0.1:49427)
21:20:57.016 [pool-1-thread-1] DEBUG com.mnc.udp.UDPServer - UDP-Server: Message-94-51 -> Message-94-51 (/127.0.0.1:49519)
21:20:57.016 [pool-1-thread-5] DEBUG com.mnc.udp.UDPServer - UDP-Server: Message-52-19
21:20:57.016 [pool-1-thread-3] DEBUG com.mnc.udp.UDPServer - UDP-Server: Message-1-19 -> Message-1-19 (/127.0.0.1:49426)
21:20:57.016 [pool-1-thread-5] DEBUG com.mnc.udp.UDPServer - UDP-Server: Message-52-19 -> Message-52-19 (/127.0.0.1:49477)
21:20:57.016 [pool-1-thread-3] DEBUG com.mnc.udp.UDPServer - UDP-Server: Message-72-20
21:20:57.016 [pool-1-thread-2] DEBUG com.mnc.udp.UDPServer - UDP-Server: Message-10-19
21:20:57.016 [pool-1-thread-3] DEBUG com.mnc.udp.UDPServer - UDP-Server: Message-72-20 -> Message-72-20 (/127.0.0.1:49497)
21:20:57.016 [pool-1-thread-4] DEBUG com.mnc.udp.UDPServer - UDP-Server: Message-3-19 -> Message-3-19 (/127.0.0.1:49428)
21:20:57.016 [pool-1-thread-3] DEBUG com.mnc.udp.UDPServer - UDP-Server: Message-65-50
21:20:57.016 [pool-1-thread-1] DEBUG com.mnc.udp.UDPServer - UDP-Server: Message-9-19
21:20:57.016 [pool-1-thread-5] DEBUG com.mnc.udp.UDPServer - UDP-Server: Message-6-20
21:20:57.016 [pool-1-thread-2] DEBUG com.mnc.udp.UDPServer - UDP-Server: Message-10-19 -> Message-10-19 (/127.0.0.1:49435)
21:20:57.016 [pool-1-thread-4] DEBUG com.mnc.udp.UDPServer - UDP-Server: Message-50-20
21:20:57.016 [pool-1-thread-3] DEBUG com.mnc.udp.UDPServer - UDP-Server: Message-65-50 -> Message-65-50 (/127.0.0.1:49490)
21:20:57.016 [pool-1-thread-4] DEBUG com.mnc.udp.UDPServer - UDP-Server: Message-50-20 -> Message-50-20 (/127.0.0.1:49475)
21:20:57.016 [pool-1-thread-1] DEBUG com.mnc.udp.UDPServer - UDP-Server: Message-9-19 -> Message-9-19 (/127.0.0.1:49434)
21:20:57.016 [pool-1-thread-5] DEBUG com.mnc.udp.UDPServer - UDP-Server: Message-6-20 -> Message-6-20 (/127.0.0.1:49431)
21:20:57.016 [pool-1-thread-1] DEBUG com.mnc.udp.UDPServer - UDP-Server: Message-8-7
21:20:57.016 [pool-1-thread-1] DEBUG com.mnc.udp.UDPServer - UDP-Server: Message-8-7 -> Message-8-7 (/127.0.0.1:49433)
21:20:57.016 [pool-1-thread-2] DEBUG com.mnc.udp.UDPServer - UDP-Server: Message-67-52
21:20:57.016 [pool-1-thread-3] DEBUG com.mnc.udp.UDPServer - UDP-Server: Message-26-70
21:20:57.016 [pool-1-thread-1] DEBUG com.mnc.udp.UDPServer - UDP-Server: Message-74-18
21:20:57.016 [pool-1-thread-3] DEBUG com.mnc.udp.UDPServer - UDP-Server: Message-26-70 -> Message-26-70 (/127.0.0.1:49451)
21:20:57.016 [pool-1-thread-4] DEBUG com.mnc.udp.UDPServer - UDP-Server: Message-0-19
21:20:57.016 [pool-1-thread-3] DEBUG com.mnc.udp.UDPServer - UDP-Server: Message-5-19
21:20:57.016 [pool-1-thread-5] DEBUG com.mnc.udp.UDPServer - UDP-Server: Message-45-50
21:20:57.016 [pool-1-thread-2] DEBUG com.mnc.udp.UDPServer - UDP-Server: Message-67-52 -> Message-67-52 (/127.0.0.1:49492)
21:20:57.016 [pool-1-thread-5] DEBUG com.mnc.udp.UDPServer - UDP-Server: Message-45-50 -> Message-45-50 (/127.0.0.1:49470)
21:20:57.016 [pool-1-thread-5] DEBUG com.mnc.udp.UDPServer - UDP-Server: Message-4-20
21:20:57.016 [pool-1-thread-1] DEBUG com.mnc.udp.UDPServer - UDP-Server: Message-74-18 -> Message-74-18 (/127.0.0.1:49499)
21:20:57.016 [pool-1-thread-4] DEBUG com.mnc.udp.UDPServer - UDP-Server: Message-0-19 -> Message-0-19 (/127.0.0.1:49425)
21:20:57.016 [pool-1-thread-3] DEBUG com.mnc.udp.UDPServer - UDP-Server: Message-5-19 -> Message-5-19 (/127.0.0.1:49430)
21:20:57.016 [pool-1-thread-4] DEBUG com.mnc.udp.UDPServer - UDP-Server: Message-51-18
21:20:57.016 [pool-1-thread-3] DEBUG com.mnc.udp.UDPServer - UDP-Server: Message-2-20
21:20:57.016 [pool-1-thread-2] DEBUG com.mnc.udp.UDPServer - UDP-Server: Message-69-20
21:20:57.016 [pool-1-thread-3] DEBUG com.mnc.udp.UDPServer - UDP-Server: Message-2-20 -> Message-2-20 (/127.0.0.1:49427)
21:20:57.016 [pool-1-thread-5] DEBUG com.mnc.udp.UDPServer - UDP-Server: Message-4-20 -> Message-4-20 (/127.0.0.1:49429)
21:20:57.016 [pool-1-thread-3] DEBUG com.mnc.udp.UDPServer - UDP-Server: Message-94-52
21:20:57.016 [pool-1-thread-1] DEBUG com.mnc.udp.UDPServer - UDP-Server: Message-32-52
21:20:57.016 [pool-1-thread-4] DEBUG com.mnc.udp.UDPServer - UDP-Server: Message-51-18 -> Message-51-18 (/127.0.0.1:49476)
21:20:57.017 [pool-1-thread-3] DEBUG com.mnc.udp.UDPServer - UDP-Server: Message-94-52 -> Message-94-52 (/127.0.0.1:49519)
21:20:57.016 [pool-1-thread-2] DEBUG com.mnc.udp.UDPServer - UDP-Server: Message-69-20 -> Message-69-20 (/127.0.0.1:49494)
21:20:57.017 [pool-1-thread-5] DEBUG com.mnc.udp.UDPServer - UDP-Server: Message-1-20
21:20:57.017 [pool-1-thread-4] DEBUG com.mnc.udp.UDPServer - UDP-Server: Message-52-20
21:20:57.017 [pool-1-thread-5] DEBUG com.mnc.udp.UDPServer - UDP-Server: Message-1-20 -> Message-1-20 (/127.0.0.1:49426)
21:20:57.017 [pool-1-thread-3] DEBUG com.mnc.udp.UDPServer - UDP-Server: Message-3-20
21:20:57.017 [pool-1-thread-4] DEBUG com.mnc.udp.UDPServer - UDP-Server: Message-52-20 -> Message-52-20 (/127.0.0.1:49477)
21:20:57.017 [pool-1-thread-3] DEBUG com.mnc.udp.UDPServer - UDP-Server: Message-3-20 -> Message-3-20 (/127.0.0.1:49428)
21:20:57.017 [pool-1-thread-1] DEBUG com.mnc.udp.UDPServer - UDP-Server: Message-32-52 -> Message-32-52 (/127.0.0.1:49457)
21:20:57.017 [pool-1-thread-2] DEBUG com.mnc.udp.UDPServer - UDP-Server: Message-72-18
21:20:57.017 [pool-1-thread-5] DEBUG com.mnc.udp.UDPServer - UDP-Server: Message-10-20
21:20:57.017 [pool-1-thread-2] DEBUG com.mnc.udp.UDPServer - UDP-Server: Message-72-18 -> Message-72-18 (/127.0.0.1:49497)
21:20:57.017 [pool-1-thread-4] DEBUG com.mnc.udp.UDPServer - UDP-Server: Message-9-20
21:20:57.017 [pool-1-thread-2] DEBUG com.mnc.udp.UDPServer - UDP-Server: Message-6-18
21:20:57.017 [pool-1-thread-3] DEBUG com.mnc.udp.UDPServer - UDP-Server: Message-65-71
21:20:57.017 [pool-1-thread-1] DEBUG com.mnc.udp.UDPServer - UDP-Server: Message-50-18
21:20:57.017 [pool-1-thread-5] DEBUG com.mnc.udp.UDPServer - UDP-Server: Message-10-20 -> Message-10-20 (/127.0.0.1:49435)
21:20:57.017 [pool-1-thread-4] DEBUG com.mnc.udp.UDPServer - UDP-Server: Message-9-20 -> Message-9-20 (/127.0.0.1:49434)
21:20:57.017 [pool-1-thread-5] DEBUG com.mnc.udp.UDPServer - UDP-Server: Message-8-8
21:20:57.017 [pool-1-thread-2] DEBUG com.mnc.udp.UDPServer - UDP-Server: Message-6-18 -> Message-6-18 (/127.0.0.1:49431)
21:20:57.017 [pool-1-thread-4] DEBUG com.mnc.udp.UDPServer - UDP-Server: Message-26-54
21:20:57.017 [pool-1-thread-3] DEBUG com.mnc.udp.UDPServer - UDP-Server: Message-65-71 -> Message-65-71 (/127.0.0.1:49490)
21:20:57.017 [pool-1-thread-1] DEBUG com.mnc.udp.UDPServer - UDP-Server: Message-50-18 -> Message-50-18 (/127.0.0.1:49475)
21:20:57.017 [pool-1-thread-3] DEBUG com.mnc.udp.UDPServer - UDP-Server: Message-45-71
21:20:57.017 [pool-1-thread-5] DEBUG com.mnc.udp.UDPServer - UDP-Server: Message-8-8 -> Message-8-8 (/127.0.0.1:49433)
21:20:57.017 [pool-1-thread-4] DEBUG com.mnc.udp.UDPServer - UDP-Server: Message-26-54 -> Message-26-54 (/127.0.0.1:49451)
21:20:57.017 [pool-1-thread-5] DEBUG com.mnc.udp.UDPServer - UDP-Server: Message-74-7
21:20:57.017 [pool-1-thread-4] DEBUG com.mnc.udp.UDPServer - UDP-Server: Message-5-20
21:20:57.017 [pool-1-thread-2] DEBUG com.mnc.udp.UDPServer - UDP-Server: Message-67-50
21:20:57.017 [pool-1-thread-2] DEBUG com.mnc.udp.UDPServer - UDP-Server: Message-67-50 -> Message-67-50 (/127.0.0.1:49492)
21:20:57.017 [pool-1-thread-3] DEBUG com.mnc.udp.UDPServer - UDP-Server: Message-45-71 -> Message-45-71 (/127.0.0.1:49470)
21:20:57.017 [pool-1-thread-1] DEBUG com.mnc.udp.UDPServer - UDP-Server: Message-0-20
21:20:57.017 [pool-1-thread-5] DEBUG com.mnc.udp.UDPServer - UDP-Server: Message-74-7 -> Message-74-7 (/127.0.0.1:49499)
21:20:57.017 [pool-1-thread-4] DEBUG com.mnc.udp.UDPServer - UDP-Server: Message-5-20 -> Message-5-20 (/127.0.0.1:49430)
21:20:57.017 [pool-1-thread-5] DEBUG com.mnc.udp.UDPServer - UDP-Server: Message-51-7
21:20:57.017 [pool-1-thread-2] DEBUG com.mnc.udp.UDPServer - UDP-Server: Message-2-18
21:20:57.017 [pool-1-thread-3] DEBUG com.mnc.udp.UDPServer - UDP-Server: Message-4-18
21:20:57.017 [pool-1-thread-1] DEBUG com.mnc.udp.UDPServer - UDP-Server: Message-0-20 -> Message-0-20 (/127.0.0.1:49425)
21:20:57.017 [pool-1-thread-4] DEBUG com.mnc.udp.UDPServer - UDP-Server: Message-94-50
21:20:57.017 [pool-1-thread-1] DEBUG com.mnc.udp.UDPServer - UDP-Server: Message-69-18
21:20:57.017 [pool-1-thread-5] DEBUG com.mnc.udp.UDPServer - UDP-Server: Message-51-7 -> Message-51-7 (/127.0.0.1:49476)
21:20:57.017 [pool-1-thread-2] DEBUG com.mnc.udp.UDPServer - UDP-Server: Message-2-18 -> Message-2-18 (/127.0.0.1:49427)
21:20:57.017 [pool-1-thread-3] DEBUG com.mnc.udp.UDPServer - UDP-Server: Message-4-18 -> Message-4-18 (/127.0.0.1:49429)
21:20:57.017 [pool-1-thread-2] DEBUG com.mnc.udp.UDPServer - UDP-Server: Message-32-50
21:20:57.017 [pool-1-thread-4] DEBUG com.mnc.udp.UDPServer - UDP-Server: Message-94-50 -> Message-94-50 (/127.0.0.1:49519)
21:20:57.017 [pool-1-thread-1] DEBUG com.mnc.udp.UDPServer - UDP-Server: Message-69-18 -> Message-69-18 (/127.0.0.1:49494)
21:20:57.017 [pool-1-thread-5] DEBUG com.mnc.udp.UDPServer - UDP-Server: Message-52-18
21:20:57.017 [pool-1-thread-4] DEBUG com.mnc.udp.UDPServer - UDP-Server: Message-1-18
21:20:57.017 [pool-1-thread-2] DEBUG com.mnc.udp.UDPServer - UDP-Server: Message-32-50 -> Message-32-50 (/127.0.0.1:49457)
21:20:57.017 [pool-1-thread-3] DEBUG com.mnc.udp.UDPServer - UDP-Server: Message-3-18
21:20:57.018 [pool-1-thread-2] DEBUG com.mnc.udp.UDPServer - UDP-Server: Message-9-18
21:20:57.018 [pool-1-thread-4] DEBUG com.mnc.udp.UDPServer - UDP-Server: Message-1-18 -> Message-1-18 (/127.0.0.1:49426)
21:20:57.018 [pool-1-thread-2] DEBUG com.mnc.udp.UDPServer - UDP-Server: Message-9-18 -> Message-9-18 (/127.0.0.1:49434)
21:20:57.018 [pool-1-thread-1] DEBUG com.mnc.udp.UDPServer - UDP-Server: Message-72-7
21:20:57.018 [pool-1-thread-5] DEBUG com.mnc.udp.UDPServer - UDP-Server: Message-52-18 -> Message-52-18 (/127.0.0.1:49477)
21:20:57.018 [pool-1-thread-3] DEBUG com.mnc.udp.UDPServer - UDP-Server: Message-3-18 -> Message-3-18 (/127.0.0.1:49428)
21:20:57.018 [pool-1-thread-4] DEBUG com.mnc.udp.UDPServer - UDP-Server: Message-10-18
21:20:57.018 [pool-1-thread-2] DEBUG com.mnc.udp.UDPServer - UDP-Server: Message-6-7
21:20:57.018 [pool-1-thread-4] DEBUG com.mnc.udp.UDPServer - UDP-Server: Message-10-18 -> Message-10-18 (/127.0.0.1:49435)
21:20:57.018 [pool-1-thread-1] DEBUG com.mnc.udp.UDPServer - UDP-Server: Message-72-7 -> Message-72-7 (/127.0.0.1:49497)
21:20:57.018 [pool-1-thread-4] DEBUG com.mnc.udp.UDPServer - UDP-Server: Message-8-6
21:20:57.018 [pool-1-thread-5] DEBUG com.mnc.udp.UDPServer - UDP-Server: Message-65-72
21:20:57.018 [pool-1-thread-3] DEBUG com.mnc.udp.UDPServer - UDP-Server: Message-50-7
21:20:57.018 [pool-1-thread-2] DEBUG com.mnc.udp.UDPServer - UDP-Server: Message-6-7 -> Message-6-7 (/127.0.0.1:49431)
21:20:57.018 [pool-1-thread-4] DEBUG com.mnc.udp.UDPServer - UDP-Server: Message-8-6 -> Message-8-6 (/127.0.0.1:49433)
21:20:57.018 [pool-1-thread-1] DEBUG com.mnc.udp.UDPServer - UDP-Server: Message-26-55
21:20:57.018 [pool-1-thread-2] DEBUG com.mnc.udp.UDPServer - UDP-Server: Message-45-72
21:20:57.018 [pool-1-thread-5] DEBUG com.mnc.udp.UDPServer - UDP-Server: Message-65-72 -> Message-65-72 (/127.0.0.1:49490)
21:20:57.018 [pool-1-thread-3] DEBUG com.mnc.udp.UDPServer - UDP-Server: Message-50-7 -> Message-50-7 (/127.0.0.1:49475)
21:20:57.018 [pool-1-thread-1] DEBUG com.mnc.udp.UDPServer - UDP-Server: Message-26-55 -> Message-26-55 (/127.0.0.1:49451)
21:20:57.018 [pool-1-thread-3] DEBUG com.mnc.udp.UDPServer - UDP-Server: Message-5-18
21:20:57.018 [pool-1-thread-1] DEBUG com.mnc.udp.UDPServer - UDP-Server: Message-0-18
21:20:57.018 [pool-1-thread-2] DEBUG com.mnc.udp.UDPServer - UDP-Server: Message-45-72 -> Message-45-72 (/127.0.0.1:49470)
21:20:57.018 [pool-1-thread-4] DEBUG com.mnc.udp.UDPServer - UDP-Server: Message-67-71
21:20:57.018 [pool-1-thread-5] DEBUG com.mnc.udp.UDPServer - UDP-Server: Message-74-8
21:20:57.018 [pool-1-thread-5] DEBUG com.mnc.udp.UDPServer - UDP-Server: Message-74-8 -> Message-74-8 (/127.0.0.1:49499)
21:20:57.018 [pool-1-thread-3] DEBUG com.mnc.udp.UDPServer - UDP-Server: Message-5-18 -> Message-5-18 (/127.0.0.1:49430)
21:20:57.018 [pool-1-thread-1] DEBUG com.mnc.udp.UDPServer - UDP-Server: Message-0-18 -> Message-0-18 (/127.0.0.1:49425)
21:20:57.018 [pool-1-thread-2] DEBUG com.mnc.udp.UDPServer - UDP-Server: Message-51-8
21:20:57.018 [pool-1-thread-4] DEBUG com.mnc.udp.UDPServer - UDP-Server: Message-67-71 -> Message-67-71 (/127.0.0.1:49492)
21:20:57.018 [pool-1-thread-2] DEBUG com.mnc.udp.UDPServer - UDP-Server: Message-51-8 -> Message-51-8 (/127.0.0.1:49476)
21:20:57.018 [pool-1-thread-5] DEBUG com.mnc.udp.UDPServer - UDP-Server: Message-2-7
21:20:57.018 [pool-1-thread-3] DEBUG com.mnc.udp.UDPServer - UDP-Server: Message-4-7
21:20:57.018 [pool-1-thread-5] DEBUG com.mnc.udp.UDPServer - UDP-Server: Message-2-7 -> Message-2-7 (/127.0.0.1:49427)
21:20:57.018 [pool-1-thread-3] DEBUG com.mnc.udp.UDPServer - UDP-Server: Message-4-7 -> Message-4-7 (/127.0.0.1:49429)
21:20:57.018 [pool-1-thread-1] DEBUG com.mnc.udp.UDPServer - UDP-Server: Message-94-4
21:20:57.018 [pool-1-thread-3] DEBUG com.mnc.udp.UDPServer - UDP-Server: Message-9-7
21:20:57.018 [pool-1-thread-3] DEBUG com.mnc.udp.UDPServer - UDP-Server: Message-9-7 -> Message-9-7 (/127.0.0.1:49434)
21:20:57.018 [pool-1-thread-4] DEBUG com.mnc.udp.UDPServer - UDP-Server: Message-69-7
21:20:57.018 [pool-1-thread-2] DEBUG com.mnc.udp.UDPServer - UDP-Server: Message-32-71
21:20:57.018 [pool-1-thread-5] DEBUG com.mnc.udp.UDPServer - UDP-Server: Message-1-7
21:20:57.018 [pool-1-thread-1] DEBUG com.mnc.udp.UDPServer - UDP-Server: Message-94-4 -> Message-94-4 (/127.0.0.1:49519)
21:20:57.019 [pool-1-thread-4] DEBUG com.mnc.udp.UDPServer - UDP-Server: Message-69-7 -> Message-69-7 (/127.0.0.1:49494)
21:20:57.019 [pool-1-thread-2] DEBUG com.mnc.udp.UDPServer - UDP-Server: Message-32-71 -> Message-32-71 (/127.0.0.1:49457)
21:20:57.019 [pool-1-thread-1] DEBUG com.mnc.udp.UDPServer - UDP-Server: Message-3-7
21:20:57.019 [pool-1-thread-4] DEBUG com.mnc.udp.UDPServer - UDP-Server: Message-72-8
21:20:57.019 [pool-1-thread-3] DEBUG com.mnc.udp.UDPServer - UDP-Server: Message-52-7
21:20:57.019 [pool-1-thread-5] DEBUG com.mnc.udp.UDPServer - UDP-Server: Message-1-7 -> Message-1-7 (/127.0.0.1:49426)
21:20:57.019 [pool-1-thread-2] DEBUG com.mnc.udp.UDPServer - UDP-Server: Message-10-7
21:20:57.019 [pool-1-thread-5] DEBUG com.mnc.udp.UDPServer - UDP-Server: Message-6-8
21:20:57.019 [pool-1-thread-1] DEBUG com.mnc.udp.UDPServer - UDP-Server: Message-3-7 -> Message-3-7 (/127.0.0.1:49428)
21:20:57.019 [pool-1-thread-4] DEBUG com.mnc.udp.UDPServer - UDP-Server: Message-72-8 -> Message-72-8 (/127.0.0.1:49497)
21:20:57.019 [pool-1-thread-3] DEBUG com.mnc.udp.UDPServer - UDP-Server: Message-52-7 -> Message-52-7 (/127.0.0.1:49477)
21:20:57.019 [pool-1-thread-4] DEBUG com.mnc.udp.UDPServer - UDP-Server: Message-50-8
21:20:57.019 [pool-1-thread-4] DEBUG com.mnc.udp.UDPServer - UDP-Server: Message-50-8 -> Message-50-8 (/127.0.0.1:49475)
21:20:57.019 [pool-1-thread-2] DEBUG com.mnc.udp.UDPServer - UDP-Server: Message-10-7 -> Message-10-7 (/127.0.0.1:49435)
21:20:57.019 [pool-1-thread-5] DEBUG com.mnc.udp.UDPServer - UDP-Server: Message-6-8 -> Message-6-8 (/127.0.0.1:49431)
21:20:57.019 [pool-1-thread-1] DEBUG com.mnc.udp.UDPServer - UDP-Server: Message-8-10
21:20:57.019 [pool-1-thread-3] DEBUG com.mnc.udp.UDPServer - UDP-Server: Message-65-73
21:20:57.019 [pool-1-thread-4] DEBUG com.mnc.udp.UDPServer - UDP-Server: Message-26-73
21:20:57.019 [pool-1-thread-2] DEBUG com.mnc.udp.UDPServer - UDP-Server: Message-45-69
21:20:57.019 [pool-1-thread-5] DEBUG com.mnc.udp.UDPServer - UDP-Server: Message-74-6
21:20:57.019 [pool-1-thread-2] DEBUG com.mnc.udp.UDPServer - UDP-Server: Message-45-69 -> Message-45-69 (/127.0.0.1:49470)
21:20:57.019 [pool-1-thread-1] DEBUG com.mnc.udp.UDPServer - UDP-Server: Message-8-10 -> Message-8-10 (/127.0.0.1:49433)
21:20:57.019 [pool-1-thread-3] DEBUG com.mnc.udp.UDPServer - UDP-Server: Message-65-73 -> Message-65-73 (/127.0.0.1:49490)
21:20:57.019 [pool-1-thread-1] DEBUG com.mnc.udp.UDPServer - UDP-Server: Message-5-7
21:20:57.019 [pool-1-thread-4] DEBUG com.mnc.udp.UDPServer - UDP-Server: Message-26-73 -> Message-26-73 (/127.0.0.1:49451)
21:20:57.019 [pool-1-thread-5] DEBUG com.mnc.udp.UDPServer - UDP-Server: Message-74-6 -> Message-74-6 (/127.0.0.1:49499)
21:20:57.019 [pool-1-thread-4] DEBUG com.mnc.udp.UDPServer - UDP-Server: Message-51-6
21:20:57.019 [pool-1-thread-2] DEBUG com.mnc.udp.UDPServer - UDP-Server: Message-0-7
21:20:57.019 [pool-1-thread-5] DEBUG com.mnc.udp.UDPServer - UDP-Server: Message-2-8
21:20:57.019 [pool-1-thread-2] DEBUG com.mnc.udp.UDPServer - UDP-Server: Message-0-7 -> Message-0-7 (/127.0.0.1:49425)
21:20:57.019 [pool-1-thread-1] DEBUG com.mnc.udp.UDPServer - UDP-Server: Message-5-7 -> Message-5-7 (/127.0.0.1:49430)
21:20:57.019 [pool-1-thread-3] DEBUG com.mnc.udp.UDPServer - UDP-Server: Message-67-72
21:20:57.019 [pool-1-thread-2] DEBUG com.mnc.udp.UDPServer - UDP-Server: Message-4-8
21:20:57.019 [pool-1-thread-2] DEBUG com.mnc.udp.UDPServer - UDP-Server: Message-4-8 -> Message-4-8 (/127.0.0.1:49429)
21:20:57.019 [pool-1-thread-4] DEBUG com.mnc.udp.UDPServer - UDP-Server: Message-51-6 -> Message-51-6 (/127.0.0.1:49476)
21:20:57.019 [pool-1-thread-5] DEBUG com.mnc.udp.UDPServer - UDP-Server: Message-2-8 -> Message-2-8 (/127.0.0.1:49427)
21:20:57.019 [pool-1-thread-1] DEBUG com.mnc.udp.UDPServer - UDP-Server: Message-9-8
21:20:57.019 [pool-1-thread-3] DEBUG com.mnc.udp.UDPServer - UDP-Server: Message-67-72 -> Message-67-72 (/127.0.0.1:49492)
21:20:57.019 [pool-1-thread-5] DEBUG com.mnc.udp.UDPServer - UDP-Server: Message-32-72
21:20:57.019 [pool-1-thread-2] DEBUG com.mnc.udp.UDPServer - UDP-Server: Message-94-5
21:20:57.019 [pool-1-thread-4] DEBUG com.mnc.udp.UDPServer - UDP-Server: Message-69-8
21:20:57.019 [pool-1-thread-1] DEBUG com.mnc.udp.UDPServer - UDP-Server: Message-9-8 -> Message-9-8 (/127.0.0.1:49434)
21:20:57.019 [pool-1-thread-5] DEBUG com.mnc.udp.UDPServer - UDP-Server: Message-32-72 -> Message-32-72 (/127.0.0.1:49457)
21:20:57.019 [pool-1-thread-3] DEBUG com.mnc.udp.UDPServer - UDP-Server: Message-1-8
21:20:57.019 [pool-1-thread-2] DEBUG com.mnc.udp.UDPServer - UDP-Server: Message-94-5 -> Message-94-5 (/127.0.0.1:49519)
21:20:57.019 [pool-1-thread-5] DEBUG com.mnc.udp.UDPServer - UDP-Server: Message-72-6
21:20:57.019 [pool-1-thread-2] DEBUG com.mnc.udp.UDPServer - UDP-Server: Message-52-8
21:20:57.019 [pool-1-thread-4] DEBUG com.mnc.udp.UDPServer - UDP-Server: Message-69-8 -> Message-69-8 (/127.0.0.1:49494)
21:20:57.019 [pool-1-thread-1] DEBUG com.mnc.udp.UDPServer - UDP-Server: Message-3-8
21:20:57.019 [pool-1-thread-3] DEBUG com.mnc.udp.UDPServer - UDP-Server: Message-1-8 -> Message-1-8 (/127.0.0.1:49426)
21:20:57.019 [pool-1-thread-1] DEBUG com.mnc.udp.UDPServer - UDP-Server: Message-3-8 -> Message-3-8 (/127.0.0.1:49428)
21:20:57.019 [pool-1-thread-5] DEBUG com.mnc.udp.UDPServer - UDP-Server: Message-72-6 -> Message-72-6 (/127.0.0.1:49497)
21:20:57.019 [pool-1-thread-3] DEBUG com.mnc.udp.UDPServer - UDP-Server: Message-10-8
21:20:57.019 [pool-1-thread-1] DEBUG com.mnc.udp.UDPServer - UDP-Server: Message-6-6
21:20:57.019 [pool-1-thread-5] DEBUG com.mnc.udp.UDPServer - UDP-Server: Message-45-70
21:20:57.019 [pool-1-thread-2] DEBUG com.mnc.udp.UDPServer - UDP-Server: Message-52-8 -> Message-52-8 (/127.0.0.1:49477)
21:20:57.019 [pool-1-thread-4] DEBUG com.mnc.udp.UDPServer - UDP-Server: Message-50-6
21:20:57.019 [pool-1-thread-1] DEBUG com.mnc.udp.UDPServer - UDP-Server: Message-6-6 -> Message-6-6 (/127.0.0.1:49431)
21:20:57.019 [pool-1-thread-3] DEBUG com.mnc.udp.UDPServer - UDP-Server: Message-10-8 -> Message-10-8 (/127.0.0.1:49435)
21:20:57.019 [pool-1-thread-5] DEBUG com.mnc.udp.UDPServer - UDP-Server: Message-45-70 -> Message-45-70 (/127.0.0.1:49470)
21:20:57.020 [pool-1-thread-1] DEBUG com.mnc.udp.UDPServer - UDP-Server: Message-65-74
21:20:57.020 [pool-1-thread-2] DEBUG com.mnc.udp.UDPServer - UDP-Server: Message-8-11
21:20:57.020 [pool-1-thread-4] DEBUG com.mnc.udp.UDPServer - UDP-Server: Message-50-6 -> Message-50-6 (/127.0.0.1:49475)
21:20:57.020 [pool-1-thread-3] DEBUG com.mnc.udp.UDPServer - UDP-Server: Message-26-74
21:20:57.020 [pool-1-thread-1] DEBUG com.mnc.udp.UDPServer - UDP-Server: Message-65-74 -> Message-65-74 (/127.0.0.1:49490)
21:20:57.020 [pool-1-thread-5] DEBUG com.mnc.udp.UDPServer - UDP-Server: Message-74-10
21:20:57.020 [pool-1-thread-2] DEBUG com.mnc.udp.UDPServer - UDP-Server: Message-8-11 -> Message-8-11 (/127.0.0.1:49433)
21:20:57.020 [pool-1-thread-4] DEBUG com.mnc.udp.UDPServer - UDP-Server: Message-0-8
21:20:57.020 [pool-1-thread-3] DEBUG com.mnc.udp.UDPServer - UDP-Server: Message-26-74 -> Message-26-74 (/127.0.0.1:49451)
21:20:57.020 [pool-1-thread-1] DEBUG com.mnc.udp.UDPServer - UDP-Server: Message-5-8
21:20:57.020 [pool-1-thread-5] DEBUG com.mnc.udp.UDPServer - UDP-Server: Message-74-10 -> Message-74-10 (/127.0.0.1:49499)
21:20:57.020 [pool-1-thread-1] DEBUG com.mnc.udp.UDPServer - UDP-Server: Message-5-8 -> Message-5-8 (/127.0.0.1:49430)
21:20:57.020 [pool-1-thread-2] DEBUG com.mnc.udp.UDPServer - UDP-Server: Message-4-6
21:20:57.020 [pool-1-thread-1] DEBUG com.mnc.udp.UDPServer - UDP-Server: Message-67-73
21:20:57.020 [pool-1-thread-4] DEBUG com.mnc.udp.UDPServer - UDP-Server: Message-0-8 -> Message-0-8 (/127.0.0.1:49425)
21:20:57.020 [pool-1-thread-1] DEBUG com.mnc.udp.UDPServer - UDP-Server: Message-67-73 -> Message-67-73 (/127.0.0.1:49492)
21:20:57.020 [pool-1-thread-3] DEBUG com.mnc.udp.UDPServer - UDP-Server: Message-51-10
21:20:57.020 [pool-1-thread-1] DEBUG com.mnc.udp.UDPServer - UDP-Server: Message-32-73
21:20:57.020 [pool-1-thread-3] DEBUG com.mnc.udp.UDPServer - UDP-Server: Message-51-10 -> Message-51-10 (/127.0.0.1:49476)
21:20:57.020 [pool-1-thread-1] DEBUG com.mnc.udp.UDPServer - UDP-Server: Message-32-73 -> Message-32-73 (/127.0.0.1:49457)
21:20:57.020 [pool-1-thread-5] DEBUG com.mnc.udp.UDPServer - UDP-Server: Message-2-6
21:20:57.020 [pool-1-thread-2] DEBUG com.mnc.udp.UDPServer - UDP-Server: Message-4-6 -> Message-4-6 (/127.0.0.1:49429)
21:20:57.020 [pool-1-thread-4] DEBUG com.mnc.udp.UDPServer - UDP-Server: Message-9-6
21:20:57.020 [pool-1-thread-3] DEBUG com.mnc.udp.UDPServer - UDP-Server: Message-94-69
21:20:57.020 [pool-1-thread-1] DEBUG com.mnc.udp.UDPServer - UDP-Server: Message-69-6
21:20:57.020 [pool-1-thread-5] DEBUG com.mnc.udp.UDPServer - UDP-Server: Message-2-6 -> Message-2-6 (/127.0.0.1:49427)
21:20:57.020 [pool-1-thread-2] DEBUG com.mnc.udp.UDPServer - UDP-Server: Message-3-6
21:20:57.020 [pool-1-thread-5] DEBUG com.mnc.udp.UDPServer - UDP-Server: Message-1-6
21:20:57.020 [pool-1-thread-2] DEBUG com.mnc.udp.UDPServer - UDP-Server: Message-3-6 -> Message-3-6 (/127.0.0.1:49428)
21:20:57.020 [pool-1-thread-5] DEBUG com.mnc.udp.UDPServer - UDP-Server: Message-1-6 -> Message-1-6 (/127.0.0.1:49426)
21:20:57.020 [pool-1-thread-4] DEBUG com.mnc.udp.UDPServer - UDP-Server: Message-9-6 -> Message-9-6 (/127.0.0.1:49434)
21:20:57.020 [pool-1-thread-3] DEBUG com.mnc.udp.UDPServer - UDP-Server: Message-94-69 -> Message-94-69 (/127.0.0.1:49519)
21:20:57.020 [pool-1-thread-4] DEBUG com.mnc.udp.UDPServer - UDP-Server: Message-6-10
21:20:57.020 [pool-1-thread-3] DEBUG com.mnc.udp.UDPServer - UDP-Server: Message-10-6
21:20:57.020 [pool-1-thread-1] DEBUG com.mnc.udp.UDPServer - UDP-Server: Message-69-6 -> Message-69-6 (/127.0.0.1:49494)
21:20:57.020 [pool-1-thread-2] DEBUG com.mnc.udp.UDPServer - UDP-Server: Message-72-10
21:20:57.020 [pool-1-thread-1] DEBUG com.mnc.udp.UDPServer - UDP-Server: Message-45-73
21:20:57.020 [pool-1-thread-2] DEBUG com.mnc.udp.UDPServer - UDP-Server: Message-72-10 -> Message-72-10 (/127.0.0.1:49497)
21:20:57.020 [pool-1-thread-5] DEBUG com.mnc.udp.UDPServer - UDP-Server: Message-52-6
21:20:57.020 [pool-1-thread-2] DEBUG com.mnc.udp.UDPServer - UDP-Server: Message-50-10
21:20:57.020 [pool-1-thread-4] DEBUG com.mnc.udp.UDPServer - UDP-Server: Message-6-10 -> Message-6-10 (/127.0.0.1:49431)
21:20:57.020 [pool-1-thread-3] DEBUG com.mnc.udp.UDPServer - UDP-Server: Message-10-6 -> Message-10-6 (/127.0.0.1:49435)
21:20:57.020 [pool-1-thread-1] DEBUG com.mnc.udp.UDPServer - UDP-Server: Message-45-73 -> Message-45-73 (/127.0.0.1:49470)
21:20:57.021 [pool-1-thread-3] DEBUG com.mnc.udp.UDPServer - UDP-Server: Message-8-9
21:20:57.020 [pool-1-thread-5] DEBUG com.mnc.udp.UDPServer - UDP-Server: Message-52-6 -> Message-52-6 (/127.0.0.1:49477)
21:20:57.021 [pool-1-thread-2] DEBUG com.mnc.udp.UDPServer - UDP-Server: Message-50-10 -> Message-50-10 (/127.0.0.1:49475)
21:20:57.021 [pool-1-thread-4] DEBUG com.mnc.udp.UDPServer - UDP-Server: Message-65-69
21:20:57.021 [pool-1-thread-4] DEBUG com.mnc.udp.UDPServer - UDP-Server: Message-65-69 -> Message-65-69 (/127.0.0.1:49490)
21:20:57.021 [pool-1-thread-3] DEBUG com.mnc.udp.UDPServer - UDP-Server: Message-8-9 -> Message-8-9 (/127.0.0.1:49433)
21:20:57.021 [pool-1-thread-1] DEBUG com.mnc.udp.UDPServer - UDP-Server: Message-26-51
21:20:57.021 [pool-1-thread-1] DEBUG com.mnc.udp.UDPServer - UDP-Server: Message-26-51 -> Message-26-51 (/127.0.0.1:49451)
21:20:57.021 [pool-1-thread-5] DEBUG com.mnc.udp.UDPServer - UDP-Server: Message-74-11
21:20:57.021 [pool-1-thread-1] DEBUG com.mnc.udp.UDPServer - UDP-Server: Message-51-11
21:20:57.021 [pool-1-thread-2] DEBUG com.mnc.udp.UDPServer - UDP-Server: Message-5-6
21:20:57.021 [pool-1-thread-4] DEBUG com.mnc.udp.UDPServer - UDP-Server: Message-0-6
21:20:57.021 [pool-1-thread-3] DEBUG com.mnc.udp.UDPServer - UDP-Server: Message-67-74
21:20:57.021 [pool-1-thread-5] DEBUG com.mnc.udp.UDPServer - UDP-Server: Message-74-11 -> Message-74-11 (/127.0.0.1:49499)
21:20:57.021 [pool-1-thread-3] DEBUG com.mnc.udp.UDPServer - UDP-Server: Message-67-74 -> Message-67-74 (/127.0.0.1:49492)
21:20:57.021 [pool-1-thread-1] DEBUG com.mnc.udp.UDPServer - UDP-Server: Message-51-11 -> Message-51-11 (/127.0.0.1:49476)
21:20:57.021 [pool-1-thread-2] DEBUG com.mnc.udp.UDPServer - UDP-Server: Message-5-6 -> Message-5-6 (/127.0.0.1:49430)
21:20:57.021 [pool-1-thread-1] DEBUG com.mnc.udp.UDPServer - UDP-Server: Message-2-10
21:20:57.021 [pool-1-thread-4] DEBUG com.mnc.udp.UDPServer - UDP-Server: Message-0-6 -> Message-0-6 (/127.0.0.1:49425)
21:20:57.021 [pool-1-thread-5] DEBUG com.mnc.udp.UDPServer - UDP-Server: Message-32-74
21:20:57.021 [pool-1-thread-3] DEBUG com.mnc.udp.UDPServer - UDP-Server: Message-4-10
21:20:57.021 [pool-1-thread-2] DEBUG com.mnc.udp.UDPServer - UDP-Server: Message-3-10
21:20:57.021 [pool-1-thread-1] DEBUG com.mnc.udp.UDPServer - UDP-Server: Message-2-10 -> Message-2-10 (/127.0.0.1:49427)
21:20:57.021 [pool-1-thread-5] DEBUG com.mnc.udp.UDPServer - UDP-Server: Message-32-74 -> Message-32-74 (/127.0.0.1:49457)
21:20:57.021 [pool-1-thread-4] DEBUG com.mnc.udp.UDPServer - UDP-Server: Message-1-10
21:20:57.021 [pool-1-thread-3] DEBUG com.mnc.udp.UDPServer - UDP-Server: Message-4-10 -> Message-4-10 (/127.0.0.1:49429)
21:20:57.021 [pool-1-thread-2] DEBUG com.mnc.udp.UDPServer - UDP-Server: Message-3-10 -> Message-3-10 (/127.0.0.1:49428)
21:20:57.021 [pool-1-thread-1] DEBUG com.mnc.udp.UDPServer - UDP-Server: Message-9-10
21:20:57.021 [pool-1-thread-2] DEBUG com.mnc.udp.UDPServer - UDP-Server: Message-72-11
21:20:57.021 [pool-1-thread-1] DEBUG com.mnc.udp.UDPServer - UDP-Server: Message-9-10 -> Message-9-10 (/127.0.0.1:49434)
21:20:57.021 [pool-1-thread-2] DEBUG com.mnc.udp.UDPServer - UDP-Server: Message-72-11 -> Message-72-11 (/127.0.0.1:49497)
21:20:57.021 [pool-1-thread-5] DEBUG com.mnc.udp.UDPServer - UDP-Server: Message-94-70
21:20:57.021 [pool-1-thread-2] DEBUG com.mnc.udp.UDPServer - UDP-Server: Message-10-10
21:20:57.021 [pool-1-thread-4] DEBUG com.mnc.udp.UDPServer - UDP-Server: Message-1-10 -> Message-1-10 (/127.0.0.1:49426)
21:20:57.021 [pool-1-thread-2] DEBUG com.mnc.udp.UDPServer - UDP-Server: Message-10-10 -> Message-10-10 (/127.0.0.1:49435)
21:20:57.021 [pool-1-thread-3] DEBUG com.mnc.udp.UDPServer - UDP-Server: Message-69-10
21:20:57.021 [pool-1-thread-1] DEBUG com.mnc.udp.UDPServer - UDP-Server: Message-6-11
21:20:57.021 [pool-1-thread-2] DEBUG com.mnc.udp.UDPServer - UDP-Server: Message-52-10
21:20:57.021 [pool-1-thread-5] DEBUG com.mnc.udp.UDPServer - UDP-Server: Message-94-70 -> Message-94-70 (/127.0.0.1:49519)
21:20:57.021 [pool-1-thread-4] DEBUG com.mnc.udp.UDPServer - UDP-Server: Message-45-74
21:20:57.021 [pool-1-thread-3] DEBUG com.mnc.udp.UDPServer - UDP-Server: Message-69-10 -> Message-69-10 (/127.0.0.1:49494)
21:20:57.021 [pool-1-thread-1] DEBUG com.mnc.udp.UDPServer - UDP-Server: Message-6-11 -> Message-6-11 (/127.0.0.1:49431)
21:20:57.021 [pool-1-thread-2] DEBUG com.mnc.udp.UDPServer - UDP-Server: Message-52-10 -> Message-52-10 (/127.0.0.1:49477)
21:20:57.022 [pool-1-thread-4] DEBUG com.mnc.udp.UDPServer - UDP-Server: Message-45-74 -> Message-45-74 (/127.0.0.1:49470)
21:20:57.021 [pool-1-thread-5] DEBUG com.mnc.udp.UDPServer - UDP-Server: Message-50-11
21:20:57.022 [pool-1-thread-5] DEBUG com.mnc.udp.UDPServer - UDP-Server: Message-50-11 -> Message-50-11 (/127.0.0.1:49475)
21:20:57.022 [pool-1-thread-4] DEBUG com.mnc.udp.UDPServer - UDP-Server: Message-74-9
21:20:57.022 [pool-1-thread-3] DEBUG com.mnc.udp.UDPServer - UDP-Server: Message-65-70
21:20:57.022 [pool-1-thread-4] DEBUG com.mnc.udp.UDPServer - UDP-Server: Message-74-9 -> Message-74-9 (/127.0.0.1:49499)
21:20:57.022 [pool-1-thread-1] DEBUG com.mnc.udp.UDPServer - UDP-Server: Message-8-3
21:20:57.022 [pool-1-thread-3] DEBUG com.mnc.udp.UDPServer - UDP-Server: Message-65-70 -> Message-65-70 (/127.0.0.1:49490)
21:20:57.022 [pool-1-thread-1] DEBUG com.mnc.udp.UDPServer - UDP-Server: Message-8-3 -> Message-8-3 (/127.0.0.1:49433)
21:20:57.022 [pool-1-thread-3] DEBUG com.mnc.udp.UDPServer - UDP-Server: Message-5-10
21:20:57.022 [pool-1-thread-2] DEBUG com.mnc.udp.UDPServer - UDP-Server: Message-26-52
21:20:57.022 [pool-1-thread-1] DEBUG com.mnc.udp.UDPServer - UDP-Server: Message-0-10
21:20:57.022 [pool-1-thread-5] DEBUG com.mnc.udp.UDPServer - UDP-Server: Message-67-69
21:20:57.022 [pool-1-thread-4] DEBUG com.mnc.udp.UDPServer - UDP-Server: Message-51-9
21:20:57.022 [pool-1-thread-3] DEBUG com.mnc.udp.UDPServer - UDP-Server: Message-5-10 -> Message-5-10 (/127.0.0.1:49430)
21:20:57.022 [pool-1-thread-1] DEBUG com.mnc.udp.UDPServer - UDP-Server: Message-0-10 -> Message-0-10 (/127.0.0.1:49425)
21:20:57.022 [pool-1-thread-2] DEBUG com.mnc.udp.UDPServer - UDP-Server: Message-26-52 -> Message-26-52 (/127.0.0.1:49451)
21:20:57.022 [pool-1-thread-5] DEBUG com.mnc.udp.UDPServer - UDP-Server: Message-67-69 -> Message-67-69 (/127.0.0.1:49492)
21:20:57.022 [pool-1-thread-4] DEBUG com.mnc.udp.UDPServer - UDP-Server: Message-51-9 -> Message-51-9 (/127.0.0.1:49476)
21:20:57.022 [pool-1-thread-5] DEBUG com.mnc.udp.UDPServer - UDP-Server: Message-4-11
21:20:57.022 [pool-1-thread-2] DEBUG com.mnc.udp.UDPServer - UDP-Server: Message-3-11
21:20:57.022 [pool-1-thread-5] DEBUG com.mnc.udp.UDPServer - UDP-Server: Message-4-11 -> Message-4-11 (/127.0.0.1:49429)
21:20:57.022 [pool-1-thread-3] DEBUG com.mnc.udp.UDPServer - UDP-Server: Message-2-11
21:20:57.022 [pool-1-thread-2] DEBUG com.mnc.udp.UDPServer - UDP-Server: Message-3-11 -> Message-3-11 (/127.0.0.1:49428)
21:20:57.022 [pool-1-thread-1] DEBUG com.mnc.udp.UDPServer - UDP-Server: Message-32-69
21:20:57.022 [pool-1-thread-4] DEBUG com.mnc.udp.UDPServer - UDP-Server: Message-9-11
21:20:57.022 [pool-1-thread-5] DEBUG com.mnc.udp.UDPServer - UDP-Server: Message-72-9
21:20:57.022 [pool-1-thread-3] DEBUG com.mnc.udp.UDPServer - UDP-Server: Message-2-11 -> Message-2-11 (/127.0.0.1:49427)
21:20:57.022 [pool-1-thread-1] DEBUG com.mnc.udp.UDPServer - UDP-Server: Message-32-69 -> Message-32-69 (/127.0.0.1:49457)
21:20:57.022 [pool-1-thread-3] DEBUG com.mnc.udp.UDPServer - UDP-Server: Message-10-11
21:20:57.022 [pool-1-thread-2] DEBUG com.mnc.udp.UDPServer - UDP-Server: Message-1-11
21:20:57.022 [pool-1-thread-4] DEBUG com.mnc.udp.UDPServer - UDP-Server: Message-9-11 -> Message-9-11 (/127.0.0.1:49434)
21:20:57.022 [pool-1-thread-5] DEBUG com.mnc.udp.UDPServer - UDP-Server: Message-72-9 -> Message-72-9 (/127.0.0.1:49497)
21:20:57.022 [pool-1-thread-4] DEBUG com.mnc.udp.UDPServer - UDP-Server: Message-69-11
21:20:57.022 [pool-1-thread-4] DEBUG com.mnc.udp.UDPServer - UDP-Server: Message-69-11 -> Message-69-11 (/127.0.0.1:49494)
21:20:57.022 [pool-1-thread-3] DEBUG com.mnc.udp.UDPServer - UDP-Server: Message-10-11 -> Message-10-11 (/127.0.0.1:49435)
21:20:57.022 [pool-1-thread-4] DEBUG com.mnc.udp.UDPServer - UDP-Server: Message-52-11
21:20:57.022 [pool-1-thread-1] DEBUG com.mnc.udp.UDPServer - UDP-Server: Message-94-1
21:20:57.022 [pool-1-thread-2] DEBUG com.mnc.udp.UDPServer - UDP-Server: Message-1-11 -> Message-1-11 (/127.0.0.1:49426)
21:20:57.022 [pool-1-thread-5] DEBUG com.mnc.udp.UDPServer - UDP-Server: Message-6-9
21:20:57.022 [pool-1-thread-4] DEBUG com.mnc.udp.UDPServer - UDP-Server: Message-52-11 -> Message-52-11 (/127.0.0.1:49477)
21:20:57.022 [pool-1-thread-2] DEBUG com.mnc.udp.UDPServer - UDP-Server: Message-50-9
21:20:57.022 [pool-1-thread-3] DEBUG com.mnc.udp.UDPServer - UDP-Server: Message-45-63
21:20:57.022 [pool-1-thread-2] DEBUG com.mnc.udp.UDPServer - UDP-Server: Message-50-9 -> Message-50-9 (/127.0.0.1:49475)
21:20:57.022 [pool-1-thread-1] DEBUG com.mnc.udp.UDPServer - UDP-Server: Message-94-1 -> Message-94-1 (/127.0.0.1:49519)
21:20:57.022 [pool-1-thread-5] DEBUG com.mnc.udp.UDPServer - UDP-Server: Message-6-9 -> Message-6-9 (/127.0.0.1:49431)
21:20:57.022 [pool-1-thread-4] DEBUG com.mnc.udp.UDPServer - UDP-Server: Message-74-3
21:20:57.022 [pool-1-thread-3] DEBUG com.mnc.udp.UDPServer - UDP-Server: Message-45-63 -> Message-45-63 (/127.0.0.1:49470)
21:20:57.022 [pool-1-thread-2] DEBUG com.mnc.udp.UDPServer - UDP-Server: Message-65-68
21:20:57.022 [pool-1-thread-1] DEBUG com.mnc.udp.UDPServer - UDP-Server: Message-8-4
21:20:57.022 [pool-1-thread-1] DEBUG com.mnc.udp.UDPServer - UDP-Server: Message-8-4 -> Message-8-4 (/127.0.0.1:49433)
21:20:57.022 [pool-1-thread-5] DEBUG com.mnc.udp.UDPServer - UDP-Server: Message-5-11
21:20:57.022 [pool-1-thread-1] DEBUG com.mnc.udp.UDPServer - UDP-Server: Message-26-50
21:20:57.022 [pool-1-thread-4] DEBUG com.mnc.udp.UDPServer - UDP-Server: Message-74-3 -> Message-74-3 (/127.0.0.1:49499)
21:20:57.022 [pool-1-thread-3] DEBUG com.mnc.udp.UDPServer - UDP-Server: Message-0-11
21:20:57.022 [pool-1-thread-2] DEBUG com.mnc.udp.UDPServer - UDP-Server: Message-65-68 -> Message-65-68 (/127.0.0.1:49490)
21:20:57.022 [pool-1-thread-5] DEBUG com.mnc.udp.UDPServer - UDP-Server: Message-5-11 -> Message-5-11 (/127.0.0.1:49430)
21:20:57.022 [pool-1-thread-1] DEBUG com.mnc.udp.UDPServer - UDP-Server: Message-26-50 -> Message-26-50 (/127.0.0.1:49451)
21:20:57.023 [pool-1-thread-4] DEBUG com.mnc.udp.UDPServer - UDP-Server: Message-67-70
21:20:57.023 [pool-1-thread-5] DEBUG com.mnc.udp.UDPServer - UDP-Server: Message-4-9
21:20:57.023 [pool-1-thread-4] DEBUG com.mnc.udp.UDPServer - UDP-Server: Message-67-70 -> Message-67-70 (/127.0.0.1:49492)
21:20:57.023 [pool-1-thread-2] DEBUG com.mnc.udp.UDPServer - UDP-Server: Message-51-3
21:20:57.023 [pool-1-thread-3] DEBUG com.mnc.udp.UDPServer - UDP-Server: Message-0-11 -> Message-0-11 (/127.0.0.1:49425)
21:20:57.023 [pool-1-thread-4] DEBUG com.mnc.udp.UDPServer - UDP-Server: Message-2-9
21:20:57.023 [pool-1-thread-1] DEBUG com.mnc.udp.UDPServer - UDP-Server: Message-3-9
21:20:57.023 [pool-1-thread-5] DEBUG com.mnc.udp.UDPServer - UDP-Server: Message-4-9 -> Message-4-9 (/127.0.0.1:49429)
21:20:57.023 [pool-1-thread-2] DEBUG com.mnc.udp.UDPServer - UDP-Server: Message-51-3 -> Message-51-3 (/127.0.0.1:49476)
21:20:57.023 [pool-1-thread-4] DEBUG com.mnc.udp.UDPServer - UDP-Server: Message-2-9 -> Message-2-9 (/127.0.0.1:49427)
21:20:57.023 [pool-1-thread-3] DEBUG com.mnc.udp.UDPServer - UDP-Server: Message-32-70
21:20:57.023 [pool-1-thread-4] DEBUG com.mnc.udp.UDPServer - UDP-Server: Message-69-9
21:20:57.023 [pool-1-thread-1] DEBUG com.mnc.udp.UDPServer - UDP-Server: Message-3-9 -> Message-3-9 (/127.0.0.1:49428)
21:20:57.023 [pool-1-thread-5] DEBUG com.mnc.udp.UDPServer - UDP-Server: Message-9-9
21:20:57.023 [pool-1-thread-2] DEBUG com.mnc.udp.UDPServer - UDP-Server: Message-72-3
21:20:57.023 [pool-1-thread-3] DEBUG com.mnc.udp.UDPServer - UDP-Server: Message-32-70 -> Message-32-70 (/127.0.0.1:49457)
21:20:57.023 [pool-1-thread-4] DEBUG com.mnc.udp.UDPServer - UDP-Server: Message-69-9 -> Message-69-9 (/127.0.0.1:49494)
21:20:57.023 [pool-1-thread-1] DEBUG com.mnc.udp.UDPServer - UDP-Server: Message-10-9
21:20:57.023 [pool-1-thread-4] DEBUG com.mnc.udp.UDPServer - UDP-Server: Message-52-9
21:20:57.023 [pool-1-thread-5] DEBUG com.mnc.udp.UDPServer - UDP-Server: Message-9-9 -> Message-9-9 (/127.0.0.1:49434)
21:20:57.023 [pool-1-thread-2] DEBUG com.mnc.udp.UDPServer - UDP-Server: Message-72-3 -> Message-72-3 (/127.0.0.1:49497)
21:20:57.023 [pool-1-thread-3] DEBUG com.mnc.udp.UDPServer - UDP-Server: Message-1-9
21:20:57.023 [pool-1-thread-2] DEBUG com.mnc.udp.UDPServer - UDP-Server: Message-94-2
21:20:57.023 [pool-1-thread-3] DEBUG com.mnc.udp.UDPServer - UDP-Server: Message-1-9 -> Message-1-9 (/127.0.0.1:49426)
21:20:57.023 [pool-1-thread-1] DEBUG com.mnc.udp.UDPServer - UDP-Server: Message-10-9 -> Message-10-9 (/127.0.0.1:49435)
21:20:57.023 [pool-1-thread-4] DEBUG com.mnc.udp.UDPServer - UDP-Server: Message-52-9 -> Message-52-9 (/127.0.0.1:49477)
21:20:57.023 [pool-1-thread-1] DEBUG com.mnc.udp.UDPServer - UDP-Server: Message-45-64
21:20:57.023 [pool-1-thread-5] DEBUG com.mnc.udp.UDPServer - UDP-Server: Message-50-3
21:20:57.023 [pool-1-thread-2] DEBUG com.mnc.udp.UDPServer - UDP-Server: Message-94-2 -> Message-94-2 (/127.0.0.1:49519)
21:20:57.023 [pool-1-thread-3] DEBUG com.mnc.udp.UDPServer - UDP-Server: Message-6-3
21:20:57.023 [pool-1-thread-1] DEBUG com.mnc.udp.UDPServer - UDP-Server: Message-45-64 -> Message-45-64 (/127.0.0.1:49470)
21:20:57.023 [pool-1-thread-5] DEBUG com.mnc.udp.UDPServer - UDP-Server: Message-50-3 -> Message-50-3 (/127.0.0.1:49475)
21:20:57.023 [pool-1-thread-1] DEBUG com.mnc.udp.UDPServer - UDP-Server: Message-65-63
21:20:57.023 [pool-1-thread-4] DEBUG com.mnc.udp.UDPServer - UDP-Server: Message-8-5
21:20:57.023 [pool-1-thread-1] DEBUG com.mnc.udp.UDPServer - UDP-Server: Message-65-63 -> Message-65-63 (/127.0.0.1:49490)
21:20:57.023 [pool-1-thread-2] DEBUG com.mnc.udp.UDPServer - UDP-Server: Message-74-4
21:20:57.023 [pool-1-thread-3] DEBUG com.mnc.udp.UDPServer - UDP-Server: Message-6-3 -> Message-6-3 (/127.0.0.1:49431)
21:20:57.023 [pool-1-thread-5] DEBUG com.mnc.udp.UDPServer - UDP-Server: Message-5-9
21:20:57.023 [pool-1-thread-4] DEBUG com.mnc.udp.UDPServer - UDP-Server: Message-8-5 -> Message-8-5 (/127.0.0.1:49433)
21:20:57.023 [pool-1-thread-1] DEBUG com.mnc.udp.UDPServer - UDP-Server: Message-26-68
21:20:57.023 [pool-1-thread-2] DEBUG com.mnc.udp.UDPServer - UDP-Server: Message-74-4 -> Message-74-4 (/127.0.0.1:49499)
21:20:57.023 [pool-1-thread-5] DEBUG com.mnc.udp.UDPServer - UDP-Server: Message-5-9 -> Message-5-9 (/127.0.0.1:49430)
21:20:57.023 [pool-1-thread-3] DEBUG com.mnc.udp.UDPServer - UDP-Server: Message-67-68
21:20:57.023 [pool-1-thread-2] DEBUG com.mnc.udp.UDPServer - UDP-Server: Message-4-3
21:20:57.023 [pool-1-thread-1] DEBUG com.mnc.udp.UDPServer - UDP-Server: Message-26-68 -> Message-26-68 (/127.0.0.1:49451)
21:20:57.023 [pool-1-thread-4] DEBUG com.mnc.udp.UDPServer - UDP-Server: Message-0-9
21:20:57.024 [pool-1-thread-1] DEBUG com.mnc.udp.UDPServer - UDP-Server: Message-2-3
21:20:57.024 [pool-1-thread-4] DEBUG com.mnc.udp.UDPServer - UDP-Server: Message-0-9 -> Message-0-9 (/127.0.0.1:49425)
21:20:57.023 [pool-1-thread-5] DEBUG com.mnc.udp.UDPServer - UDP-Server: Message-51-4
21:20:57.023 [pool-1-thread-3] DEBUG com.mnc.udp.UDPServer - UDP-Server: Message-67-68 -> Message-67-68 (/127.0.0.1:49492)
21:20:57.024 [pool-1-thread-5] DEBUG com.mnc.udp.UDPServer - UDP-Server: Message-51-4 -> Message-51-4 (/127.0.0.1:49476)
21:20:57.024 [pool-1-thread-2] DEBUG com.mnc.udp.UDPServer - UDP-Server: Message-4-3 -> Message-4-3 (/127.0.0.1:49429)
21:20:57.024 [pool-1-thread-2] DEBUG com.mnc.udp.UDPServer - UDP-Server: Message-9-3
21:20:57.024 [pool-1-thread-2] DEBUG com.mnc.udp.UDPServer - UDP-Server: Message-9-3 -> Message-9-3 (/127.0.0.1:49434)
21:20:57.024 [pool-1-thread-1] DEBUG com.mnc.udp.UDPServer - UDP-Server: Message-2-3 -> Message-2-3 (/127.0.0.1:49427)
21:20:57.024 [pool-1-thread-4] DEBUG com.mnc.udp.UDPServer - UDP-Server: Message-3-3
21:20:57.024 [pool-1-thread-4] DEBUG com.mnc.udp.UDPServer - UDP-Server: Message-3-3 -> Message-3-3 (/127.0.0.1:49428)
21:20:57.024 [pool-1-thread-3] DEBUG com.mnc.udp.UDPServer - UDP-Server: Message-32-68
21:20:57.024 [pool-1-thread-5] DEBUG com.mnc.udp.UDPServer - UDP-Server: Message-69-3
21:20:57.024 [pool-1-thread-5] DEBUG com.mnc.udp.UDPServer - UDP-Server: Message-69-3 -> Message-69-3 (/127.0.0.1:49494)
21:20:57.024 [pool-1-thread-2] DEBUG com.mnc.udp.UDPServer - UDP-Server: Message-72-4
21:20:57.024 [pool-1-thread-5] DEBUG com.mnc.udp.UDPServer - UDP-Server: Message-52-3
21:20:57.024 [pool-1-thread-1] DEBUG com.mnc.udp.UDPServer - UDP-Server: Message-1-3
21:20:57.024 [pool-1-thread-4] DEBUG com.mnc.udp.UDPServer - UDP-Server: Message-10-3
21:20:57.024 [pool-1-thread-1] DEBUG com.mnc.udp.UDPServer - UDP-Server: Message-1-3 -> Message-1-3 (/127.0.0.1:49426)
21:20:57.024 [pool-1-thread-3] DEBUG com.mnc.udp.UDPServer - UDP-Server: Message-32-68 -> Message-32-68 (/127.0.0.1:49457)
21:20:57.024 [pool-1-thread-2] DEBUG com.mnc.udp.UDPServer - UDP-Server: Message-72-4 -> Message-72-4 (/127.0.0.1:49497)
21:20:57.024 [pool-1-thread-3] DEBUG com.mnc.udp.UDPServer - UDP-Server: Message-45-68
21:20:57.024 [pool-1-thread-3] DEBUG com.mnc.udp.UDPServer - UDP-Server: Message-45-68 -> Message-45-68 (/127.0.0.1:49470)
21:20:57.024 [pool-1-thread-2] DEBUG com.mnc.udp.UDPServer - UDP-Server: Message-50-4
21:20:57.024 [pool-1-thread-5] DEBUG com.mnc.udp.UDPServer - UDP-Server: Message-52-3 -> Message-52-3 (/127.0.0.1:49477)
21:20:57.024 [pool-1-thread-5] DEBUG com.mnc.udp.UDPServer - UDP-Server: Message-6-4
21:20:57.024 [pool-1-thread-5] DEBUG com.mnc.udp.UDPServer - UDP-Server: Message-6-4 -> Message-6-4 (/127.0.0.1:49431)
21:20:57.024 [pool-1-thread-4] DEBUG com.mnc.udp.UDPServer - UDP-Server: Message-10-3 -> Message-10-3 (/127.0.0.1:49435)
21:20:57.024 [pool-1-thread-1] DEBUG com.mnc.udp.UDPServer - UDP-Server: Message-94-63
21:20:57.024 [pool-1-thread-3] DEBUG com.mnc.udp.UDPServer - UDP-Server: Message-65-64
21:20:57.024 [pool-1-thread-2] DEBUG com.mnc.udp.UDPServer - UDP-Server: Message-50-4 -> Message-50-4 (/127.0.0.1:49475)
21:20:57.025 [pool-1-thread-5] DEBUG com.mnc.udp.UDPServer - UDP-Server: Message-74-5
21:20:57.025 [pool-1-thread-3] DEBUG com.mnc.udp.UDPServer - UDP-Server: Message-65-64 -> Message-65-64 (/127.0.0.1:49490)
21:20:57.025 [pool-1-thread-5] DEBUG com.mnc.udp.UDPServer - UDP-Server: Message-74-5 -> Message-74-5 (/127.0.0.1:49499)
21:20:57.025 [pool-1-thread-1] DEBUG com.mnc.udp.UDPServer - UDP-Server: Message-94-63 -> Message-94-63 (/127.0.0.1:49519)
21:20:57.025 [pool-1-thread-4] DEBUG com.mnc.udp.UDPServer - UDP-Server: Message-8-1
21:20:57.025 [pool-1-thread-5] DEBUG com.mnc.udp.UDPServer - UDP-Server: Message-0-3
21:20:57.025 [pool-1-thread-4] DEBUG com.mnc.udp.UDPServer - UDP-Server: Message-8-1 -> Message-8-1 (/127.0.0.1:49433)
21:20:57.025 [pool-1-thread-2] DEBUG com.mnc.udp.UDPServer - UDP-Server: Message-5-3
21:20:57.025 [pool-1-thread-3] DEBUG com.mnc.udp.UDPServer - UDP-Server: Message-26-66
21:20:57.025 [pool-1-thread-1] DEBUG com.mnc.udp.UDPServer - UDP-Server: Message-51-5
21:20:57.025 [pool-1-thread-5] DEBUG com.mnc.udp.UDPServer - UDP-Server: Message-0-3 -> Message-0-3 (/127.0.0.1:49425)
21:20:57.025 [pool-1-thread-2] DEBUG com.mnc.udp.UDPServer - UDP-Server: Message-5-3 -> Message-5-3 (/127.0.0.1:49430)
21:20:57.025 [pool-1-thread-5] DEBUG com.mnc.udp.UDPServer - UDP-Server: Message-4-4
21:20:57.025 [pool-1-thread-4] DEBUG com.mnc.udp.UDPServer - UDP-Server: Message-67-63
21:20:57.025 [pool-1-thread-2] DEBUG com.mnc.udp.UDPServer - UDP-Server: Message-9-4
21:20:57.025 [pool-1-thread-3] DEBUG com.mnc.udp.UDPServer - UDP-Server: Message-26-66 -> Message-26-66 (/127.0.0.1:49451)
21:20:57.025 [pool-1-thread-1] DEBUG com.mnc.udp.UDPServer - UDP-Server: Message-51-5 -> Message-51-5 (/127.0.0.1:49476)
21:20:57.025 [pool-1-thread-5] DEBUG com.mnc.udp.UDPServer - UDP-Server: Message-4-4 -> Message-4-4 (/127.0.0.1:49429)
21:20:57.025 [pool-1-thread-4] DEBUG com.mnc.udp.UDPServer - UDP-Server: Message-67-63 -> Message-67-63 (/127.0.0.1:49492)
21:20:57.025 [pool-1-thread-5] DEBUG com.mnc.udp.UDPServer - UDP-Server: Message-69-4
21:20:57.025 [pool-1-thread-2] DEBUG com.mnc.udp.UDPServer - UDP-Server: Message-9-4 -> Message-9-4 (/127.0.0.1:49434)
21:20:57.025 [pool-1-thread-4] DEBUG com.mnc.udp.UDPServer - UDP-Server: Message-1-4
21:20:57.025 [pool-1-thread-3] DEBUG com.mnc.udp.UDPServer - UDP-Server: Message-2-4
21:20:57.025 [pool-1-thread-4] DEBUG com.mnc.udp.UDPServer - UDP-Server: Message-1-4 -> Message-1-4 (/127.0.0.1:49426)
21:20:57.025 [pool-1-thread-1] DEBUG com.mnc.udp.UDPServer - UDP-Server: Message-3-4
21:20:57.025 [pool-1-thread-5] DEBUG com.mnc.udp.UDPServer - UDP-Server: Message-69-4 -> Message-69-4 (/127.0.0.1:49494)
21:20:57.025 [pool-1-thread-2] DEBUG com.mnc.udp.UDPServer - UDP-Server: Message-32-63
21:20:57.025 [pool-1-thread-3] DEBUG com.mnc.udp.UDPServer - UDP-Server: Message-2-4 -> Message-2-4 (/127.0.0.1:49427)
21:20:57.026 [pool-1-thread-5] DEBUG com.mnc.udp.UDPServer - UDP-Server: Message-45-62
21:20:57.026 [pool-1-thread-3] DEBUG com.mnc.udp.UDPServer - UDP-Server: Message-52-4
21:20:57.026 [pool-1-thread-4] DEBUG com.mnc.udp.UDPServer - UDP-Server: Message-72-5
21:20:57.026 [pool-1-thread-2] DEBUG com.mnc.udp.UDPServer - UDP-Server: Message-32-63 -> Message-32-63 (/127.0.0.1:49457)
21:20:57.026 [pool-1-thread-1] DEBUG com.mnc.udp.UDPServer - UDP-Server: Message-3-4 -> Message-3-4 (/127.0.0.1:49428)
21:20:57.026 [pool-1-thread-2] DEBUG com.mnc.udp.UDPServer - UDP-Server: Message-16-32
21:20:57.026 [pool-1-thread-5] DEBUG com.mnc.udp.UDPServer - UDP-Server: Message-45-62 -> Message-45-62 (/127.0.0.1:49470)
21:20:57.026 [pool-1-thread-3] DEBUG com.mnc.udp.UDPServer - UDP-Server: Message-52-4 -> Message-52-4 (/127.0.0.1:49477)
21:20:57.026 [pool-1-thread-5] DEBUG com.mnc.udp.UDPServer - UDP-Server: Message-10-4
21:20:57.026 [pool-1-thread-4] DEBUG com.mnc.udp.UDPServer - UDP-Server: Message-72-5 -> Message-72-5 (/127.0.0.1:49497)
21:20:57.026 [pool-1-thread-1] DEBUG com.mnc.udp.UDPServer - UDP-Server: Message-6-5
21:20:57.026 [pool-1-thread-2] DEBUG com.mnc.udp.UDPServer - UDP-Server: Message-16-32 -> Message-16-32 (/127.0.0.1:49441)
21:20:57.026 [pool-1-thread-3] DEBUG com.mnc.udp.UDPServer - UDP-Server: Message-50-5
21:20:57.026 [pool-1-thread-5] DEBUG com.mnc.udp.UDPServer - UDP-Server: Message-10-4 -> Message-10-4 (/127.0.0.1:49435)
21:20:57.026 [pool-1-thread-4] DEBUG com.mnc.udp.UDPServer - UDP-Server: Message-65-62
21:20:57.026 [pool-1-thread-5] DEBUG com.mnc.udp.UDPServer - UDP-Server: Message-74-1
21:20:57.026 [pool-1-thread-1] DEBUG com.mnc.udp.UDPServer - UDP-Server: Message-6-5 -> Message-6-5 (/127.0.0.1:49431)
21:20:57.026 [pool-1-thread-2] DEBUG com.mnc.udp.UDPServer - UDP-Server: Message-94-64
21:20:57.026 [pool-1-thread-2] DEBUG com.mnc.udp.UDPServer - UDP-Server: Message-94-64 -> Message-94-64 (/127.0.0.1:49519)
21:20:57.026 [pool-1-thread-3] DEBUG com.mnc.udp.UDPServer - UDP-Server: Message-50-5 -> Message-50-5 (/127.0.0.1:49475)
21:20:57.026 [pool-1-thread-4] DEBUG com.mnc.udp.UDPServer - UDP-Server: Message-65-62 -> Message-65-62 (/127.0.0.1:49490)
21:20:57.026 [pool-1-thread-3] DEBUG com.mnc.udp.UDPServer - UDP-Server: Message-5-4
21:20:57.026 [pool-1-thread-4] DEBUG com.mnc.udp.UDPServer - UDP-Server: Message-26-67
21:20:57.026 [pool-1-thread-4] DEBUG com.mnc.udp.UDPServer - UDP-Server: Message-26-67 -> Message-26-67 (/127.0.0.1:49451)
21:20:57.026 [pool-1-thread-5] DEBUG com.mnc.udp.UDPServer - UDP-Server: Message-74-1 -> Message-74-1 (/127.0.0.1:49499)
21:20:57.026 [pool-1-thread-1] DEBUG com.mnc.udp.UDPServer - UDP-Server: Message-8-2
21:20:57.026 [pool-1-thread-2] DEBUG com.mnc.udp.UDPServer - UDP-Server: Message-0-4
21:20:57.026 [pool-1-thread-3] DEBUG com.mnc.udp.UDPServer - UDP-Server: Message-5-4 -> Message-5-4 (/127.0.0.1:49430)
21:20:57.026 [pool-1-thread-2] DEBUG com.mnc.udp.UDPServer - UDP-Server: Message-0-4 -> Message-0-4 (/127.0.0.1:49425)
21:20:57.026 [pool-1-thread-4] DEBUG com.mnc.udp.UDPServer - UDP-Server: Message-51-1
21:20:57.026 [pool-1-thread-5] DEBUG com.mnc.udp.UDPServer - UDP-Server: Message-4-5
21:20:57.026 [pool-1-thread-1] DEBUG com.mnc.udp.UDPServer - UDP-Server: Message-8-2 -> Message-8-2 (/127.0.0.1:49433)
21:20:57.027 [pool-1-thread-3] DEBUG com.mnc.udp.UDPServer - UDP-Server: Message-67-64
21:20:57.027 [pool-1-thread-4] DEBUG com.mnc.udp.UDPServer - UDP-Server: Message-51-1 -> Message-51-1 (/127.0.0.1:49476)
21:20:57.027 [pool-1-thread-1] DEBUG com.mnc.udp.UDPServer - UDP-Server: Message-1-5
21:20:57.027 [pool-1-thread-2] DEBUG com.mnc.udp.UDPServer - UDP-Server: Message-9-5
21:20:57.027 [pool-1-thread-1] DEBUG com.mnc.udp.UDPServer - UDP-Server: Message-1-5 -> Message-1-5 (/127.0.0.1:49426)
21:20:57.027 [pool-1-thread-5] DEBUG com.mnc.udp.UDPServer - UDP-Server: Message-4-5 -> Message-4-5 (/127.0.0.1:49429)
21:20:57.027 [pool-1-thread-4] DEBUG com.mnc.udp.UDPServer - UDP-Server: Message-69-5
21:20:57.027 [pool-1-thread-5] DEBUG com.mnc.udp.UDPServer - UDP-Server: Message-32-64
21:20:57.027 [pool-1-thread-3] DEBUG com.mnc.udp.UDPServer - UDP-Server: Message-67-64 -> Message-67-64 (/127.0.0.1:49492)
21:20:57.027 [pool-1-thread-2] DEBUG com.mnc.udp.UDPServer - UDP-Server: Message-9-5 -> Message-9-5 (/127.0.0.1:49434)
21:20:57.027 [pool-1-thread-1] DEBUG com.mnc.udp.UDPServer - UDP-Server: Message-2-5
21:20:57.027 [pool-1-thread-4] DEBUG com.mnc.udp.UDPServer - UDP-Server: Message-69-5 -> Message-69-5 (/127.0.0.1:49494)
21:20:57.027 [pool-1-thread-5] DEBUG com.mnc.udp.UDPServer - UDP-Server: Message-32-64 -> Message-32-64 (/127.0.0.1:49457)
21:20:57.027 [pool-1-thread-3] DEBUG com.mnc.udp.UDPServer - UDP-Server: Message-3-5
21:20:57.027 [pool-1-thread-2] DEBUG com.mnc.udp.UDPServer - UDP-Server: Message-45-66
21:20:57.027 [pool-1-thread-1] DEBUG com.mnc.udp.UDPServer - UDP-Server: Message-2-5 -> Message-2-5 (/127.0.0.1:49427)
21:20:57.028 [pool-1-thread-5] DEBUG com.mnc.udp.UDPServer - UDP-Server: Message-72-1
21:20:57.027 [pool-1-thread-4] DEBUG com.mnc.udp.UDPServer - UDP-Server: Message-52-5
21:20:57.028 [pool-1-thread-3] DEBUG com.mnc.udp.UDPServer - UDP-Server: Message-3-5 -> Message-3-5 (/127.0.0.1:49428)
21:20:57.028 [pool-1-thread-1] DEBUG com.mnc.udp.UDPServer - UDP-Server: Message-16-33
21:20:57.028 [pool-1-thread-1] DEBUG com.mnc.udp.UDPServer - UDP-Server: Message-16-33 -> Message-16-33 (/127.0.0.1:49441)
21:20:57.028 [pool-1-thread-2] DEBUG com.mnc.udp.UDPServer - UDP-Server: Message-45-66 -> Message-45-66 (/127.0.0.1:49470)
21:20:57.028 [pool-1-thread-5] DEBUG com.mnc.udp.UDPServer - UDP-Server: Message-72-1 -> Message-72-1 (/127.0.0.1:49497)
21:20:57.028 [pool-1-thread-2] DEBUG com.mnc.udp.UDPServer - UDP-Server: Message-94-0
21:20:57.028 [pool-1-thread-2] DEBUG com.mnc.udp.UDPServer - UDP-Server: Message-94-0 -> Message-94-0 (/127.0.0.1:49519)
21:20:57.028 [pool-1-thread-4] DEBUG com.mnc.udp.UDPServer - UDP-Server: Message-52-5 -> Message-52-5 (/127.0.0.1:49477)
21:20:57.028 [pool-1-thread-3] DEBUG com.mnc.udp.UDPServer - UDP-Server: Message-10-5
21:20:57.028 [pool-1-thread-1] DEBUG com.mnc.udp.UDPServer - UDP-Server: Message-6-1
21:20:57.028 [pool-1-thread-4] DEBUG com.mnc.udp.UDPServer - UDP-Server: Message-26-63
21:20:57.028 [pool-1-thread-5] DEBUG com.mnc.udp.UDPServer - UDP-Server: Message-50-1
21:20:57.028 [pool-1-thread-2] DEBUG com.mnc.udp.UDPServer - UDP-Server: Message-65-66
21:20:57.028 [pool-1-thread-3] DEBUG com.mnc.udp.UDPServer - UDP-Server: Message-10-5 -> Message-10-5 (/127.0.0.1:49435)
21:20:57.028 [pool-1-thread-1] DEBUG com.mnc.udp.UDPServer - UDP-Server: Message-6-1 -> Message-6-1 (/127.0.0.1:49431)
21:20:57.028 [pool-1-thread-3] DEBUG com.mnc.udp.UDPServer - UDP-Server: Message-74-2
21:20:57.028 [pool-1-thread-4] DEBUG com.mnc.udp.UDPServer - UDP-Server: Message-26-63 -> Message-26-63 (/127.0.0.1:49451)
21:20:57.028 [pool-1-thread-5] DEBUG com.mnc.udp.UDPServer - UDP-Server: Message-50-1 -> Message-50-1 (/127.0.0.1:49475)
21:20:57.028 [pool-1-thread-2] DEBUG com.mnc.udp.UDPServer - UDP-Server: Message-65-66 -> Message-65-66 (/127.0.0.1:49490)
21:20:57.028 [pool-1-thread-1] DEBUG com.mnc.udp.UDPServer - UDP-Server: Message-31-32
21:20:57.028 [pool-1-thread-3] DEBUG com.mnc.udp.UDPServer - UDP-Server: Message-74-2 -> Message-74-2 (/127.0.0.1:49499)
21:20:57.028 [pool-1-thread-4] DEBUG com.mnc.udp.UDPServer - UDP-Server: Message-5-5
21:20:57.028 [pool-1-thread-5] DEBUG com.mnc.udp.UDPServer - UDP-Server: Message-0-5
21:20:57.028 [pool-1-thread-2] DEBUG com.mnc.udp.UDPServer - UDP-Server: Message-8-0
21:20:57.028 [pool-1-thread-1] DEBUG com.mnc.udp.UDPServer - UDP-Server: Message-31-32 -> Message-31-32 (/127.0.0.1:49456)
21:20:57.028 [pool-1-thread-4] DEBUG com.mnc.udp.UDPServer - UDP-Server: Message-5-5 -> Message-5-5 (/127.0.0.1:49430)
21:20:57.028 [pool-1-thread-1] DEBUG com.mnc.udp.UDPServer - UDP-Server: Message-1-1
21:20:57.028 [pool-1-thread-3] DEBUG com.mnc.udp.UDPServer - UDP-Server: Message-51-2
21:20:57.028 [pool-1-thread-5] DEBUG com.mnc.udp.UDPServer - UDP-Server: Message-0-5 -> Message-0-5 (/127.0.0.1:49425)
21:20:57.028 [pool-1-thread-2] DEBUG com.mnc.udp.UDPServer - UDP-Server: Message-8-0 -> Message-8-0 (/127.0.0.1:49433)
21:20:57.028 [pool-1-thread-4] DEBUG com.mnc.udp.UDPServer - UDP-Server: Message-4-1
21:20:57.029 [pool-1-thread-3] DEBUG com.mnc.udp.UDPServer - UDP-Server: Message-51-2 -> Message-51-2 (/127.0.0.1:49476)
21:20:57.029 [pool-1-thread-4] DEBUG com.mnc.udp.UDPServer - UDP-Server: Message-4-1 -> Message-4-1 (/127.0.0.1:49429)
21:20:57.029 [pool-1-thread-3] DEBUG com.mnc.udp.UDPServer - UDP-Server: Message-69-1
21:20:57.029 [pool-1-thread-4] DEBUG com.mnc.udp.UDPServer - UDP-Server: Message-32-62
21:20:57.028 [pool-1-thread-1] DEBUG com.mnc.udp.UDPServer - UDP-Server: Message-1-1 -> Message-1-1 (/127.0.0.1:49426)
21:20:57.029 [pool-1-thread-2] DEBUG com.mnc.udp.UDPServer - UDP-Server: Message-9-1
21:20:57.029 [pool-1-thread-5] DEBUG com.mnc.udp.UDPServer - UDP-Server: Message-67-62
21:20:57.029 [pool-1-thread-1] DEBUG com.mnc.udp.UDPServer - UDP-Server: Message-2-1
21:20:57.029 [pool-1-thread-2] DEBUG com.mnc.udp.UDPServer - UDP-Server: Message-9-1 -> Message-9-1 (/127.0.0.1:49434)
21:20:57.029 [pool-1-thread-3] DEBUG com.mnc.udp.UDPServer - UDP-Server: Message-69-1 -> Message-69-1 (/127.0.0.1:49494)
21:20:57.029 [pool-1-thread-2] DEBUG com.mnc.udp.UDPServer - UDP-Server: Message-3-1
21:20:57.029 [pool-1-thread-2] DEBUG com.mnc.udp.UDPServer - UDP-Server: Message-3-1 -> Message-3-1 (/127.0.0.1:49428)
21:20:57.029 [pool-1-thread-4] DEBUG com.mnc.udp.UDPServer - UDP-Server: Message-32-62 -> Message-32-62 (/127.0.0.1:49457)
21:20:57.029 [pool-1-thread-5] DEBUG com.mnc.udp.UDPServer - UDP-Server: Message-67-62 -> Message-67-62 (/127.0.0.1:49492)
21:20:57.029 [pool-1-thread-4] DEBUG com.mnc.udp.UDPServer - UDP-Server: Message-72-2
21:20:57.029 [pool-1-thread-1] DEBUG com.mnc.udp.UDPServer - UDP-Server: Message-2-1 -> Message-2-1 (/127.0.0.1:49427)
21:20:57.029 [pool-1-thread-3] DEBUG com.mnc.udp.UDPServer - UDP-Server: Message-16-31
21:20:57.029 [pool-1-thread-2] DEBUG com.mnc.udp.UDPServer - UDP-Server: Message-45-67
21:20:57.029 [pool-1-thread-3] DEBUG com.mnc.udp.UDPServer - UDP-Server: Message-16-31 -> Message-16-31 (/127.0.0.1:49441)
21:20:57.029 [pool-1-thread-5] DEBUG com.mnc.udp.UDPServer - UDP-Server: Message-94-68
21:20:57.029 [pool-1-thread-4] DEBUG com.mnc.udp.UDPServer - UDP-Server: Message-72-2 -> Message-72-2 (/127.0.0.1:49497)
21:20:57.030 [pool-1-thread-2] DEBUG com.mnc.udp.UDPServer - UDP-Server: Message-45-67 -> Message-45-67 (/127.0.0.1:49470)
21:20:57.029 [pool-1-thread-1] DEBUG com.mnc.udp.UDPServer - UDP-Server: Message-52-1
21:20:57.030 [pool-1-thread-3] DEBUG com.mnc.udp.UDPServer - UDP-Server: Message-10-1
21:20:57.030 [pool-1-thread-4] DEBUG com.mnc.udp.UDPServer - UDP-Server: Message-6-2
21:20:57.030 [pool-1-thread-4] DEBUG com.mnc.udp.UDPServer - UDP-Server: Message-6-2 -> Message-6-2 (/127.0.0.1:49431)
21:20:57.030 [pool-1-thread-5] DEBUG com.mnc.udp.UDPServer - UDP-Server: Message-94-68 -> Message-94-68 (/127.0.0.1:49519)
21:20:57.030 [pool-1-thread-2] DEBUG com.mnc.udp.UDPServer - UDP-Server: Message-26-64
21:20:57.030 [pool-1-thread-1] DEBUG com.mnc.udp.UDPServer - UDP-Server: Message-52-1 -> Message-52-1 (/127.0.0.1:49477)
21:20:57.030 [pool-1-thread-3] DEBUG com.mnc.udp.UDPServer - UDP-Server: Message-10-1 -> Message-10-1 (/127.0.0.1:49435)
21:20:57.031 [pool-1-thread-2] DEBUG com.mnc.udp.UDPServer - UDP-Server: Message-26-64 -> Message-26-64 (/127.0.0.1:49451)
21:20:57.031 [pool-1-thread-4] DEBUG com.mnc.udp.UDPServer - UDP-Server: Message-50-2
21:20:57.031 [pool-1-thread-3] DEBUG com.mnc.udp.UDPServer - UDP-Server: Message-31-33
21:20:57.031 [pool-1-thread-1] DEBUG com.mnc.udp.UDPServer - UDP-Server: Message-74-0
21:20:57.031 [pool-1-thread-5] DEBUG com.mnc.udp.UDPServer - UDP-Server: Message-65-67
21:20:57.032 [pool-1-thread-4] DEBUG com.mnc.udp.UDPServer - UDP-Server: Message-50-2 -> Message-50-2 (/127.0.0.1:49475)
21:20:57.032 [pool-1-thread-3] DEBUG com.mnc.udp.UDPServer - UDP-Server: Message-31-33 -> Message-31-33 (/127.0.0.1:49456)
21:20:57.032 [pool-1-thread-1] DEBUG com.mnc.udp.UDPServer - UDP-Server: Message-74-0 -> Message-74-0 (/127.0.0.1:49499)
21:20:57.032 [pool-1-thread-3] DEBUG com.mnc.udp.UDPServer - UDP-Server: Message-51-0
21:20:57.032 [pool-1-thread-3] DEBUG com.mnc.udp.UDPServer - UDP-Server: Message-51-0 -> Message-51-0 (/127.0.0.1:49476)
21:20:57.032 [pool-1-thread-5] DEBUG com.mnc.udp.UDPServer - UDP-Server: Message-65-67 -> Message-65-67 (/127.0.0.1:49490)
21:20:57.032 [pool-1-thread-3] DEBUG com.mnc.udp.UDPServer - UDP-Server: Message-1-2
21:20:57.032 [pool-1-thread-2] DEBUG com.mnc.udp.UDPServer - UDP-Server: Message-5-1
21:20:57.032 [pool-1-thread-5] DEBUG com.mnc.udp.UDPServer - UDP-Server: Message-9-2
21:20:57.032 [pool-1-thread-4] DEBUG com.mnc.udp.UDPServer - UDP-Server: Message-0-1
21:20:57.032 [pool-1-thread-1] DEBUG com.mnc.udp.UDPServer - UDP-Server: Message-4-2
21:20:57.032 [pool-1-thread-3] DEBUG com.mnc.udp.UDPServer - UDP-Server: Message-1-2 -> Message-1-2 (/127.0.0.1:49426)
21:20:57.032 [pool-1-thread-2] DEBUG com.mnc.udp.UDPServer - UDP-Server: Message-5-1 -> Message-5-1 (/127.0.0.1:49430)
21:20:57.033 [pool-1-thread-5] DEBUG com.mnc.udp.UDPServer - UDP-Server: Message-9-2 -> Message-9-2 (/127.0.0.1:49434)
21:20:57.034 [pool-1-thread-1] DEBUG com.mnc.udp.UDPServer - UDP-Server: Message-4-2 -> Message-4-2 (/127.0.0.1:49429)
21:20:57.034 [pool-1-thread-2] DEBUG com.mnc.udp.UDPServer - UDP-Server: Message-3-2
21:20:57.033 [pool-1-thread-4] DEBUG com.mnc.udp.UDPServer - UDP-Server: Message-0-1 -> Message-0-1 (/127.0.0.1:49425)
21:20:57.034 [pool-1-thread-5] DEBUG com.mnc.udp.UDPServer - UDP-Server: Message-32-66
21:20:57.034 [pool-1-thread-3] DEBUG com.mnc.udp.UDPServer - UDP-Server: Message-69-2
21:20:57.034 [pool-1-thread-2] DEBUG com.mnc.udp.UDPServer - UDP-Server: Message-3-2 -> Message-3-2 (/127.0.0.1:49428)
21:20:57.034 [pool-1-thread-3] DEBUG com.mnc.udp.UDPServer - UDP-Server: Message-69-2 -> Message-69-2 (/127.0.0.1:49494)
21:20:57.034 [pool-1-thread-2] DEBUG com.mnc.udp.UDPServer - UDP-Server: Message-16-35
21:20:57.034 [pool-1-thread-3] DEBUG com.mnc.udp.UDPServer - UDP-Server: Message-72-0
21:20:57.034 [pool-1-thread-1] DEBUG com.mnc.udp.UDPServer - UDP-Server: Message-2-2
21:20:57.034 [pool-1-thread-4] DEBUG com.mnc.udp.UDPServer - UDP-Server: Message-67-66
21:20:57.034 [pool-1-thread-5] DEBUG com.mnc.udp.UDPServer - UDP-Server: Message-32-66 -> Message-32-66 (/127.0.0.1:49457)
21:20:57.034 [pool-1-thread-2] DEBUG com.mnc.udp.UDPServer - UDP-Server: Message-16-35 -> Message-16-35 (/127.0.0.1:49441)
21:20:57.034 [pool-1-thread-3] DEBUG com.mnc.udp.UDPServer - UDP-Server: Message-72-0 -> Message-72-0 (/127.0.0.1:49497)
21:20:57.034 [pool-1-thread-2] DEBUG com.mnc.udp.UDPServer - UDP-Server: Message-6-0
21:20:57.034 [pool-1-thread-2] DEBUG com.mnc.udp.UDPServer - UDP-Server: Message-6-0 -> Message-6-0 (/127.0.0.1:49431)
21:20:57.034 [pool-1-thread-3] DEBUG com.mnc.udp.UDPServer - UDP-Server: Message-94-66
21:20:57.034 [pool-1-thread-1] DEBUG com.mnc.udp.UDPServer - UDP-Server: Message-2-2 -> Message-2-2 (/127.0.0.1:49427)
21:20:57.034 [pool-1-thread-2] DEBUG com.mnc.udp.UDPServer - UDP-Server: Message-52-2
21:20:57.034 [pool-1-thread-2] DEBUG com.mnc.udp.UDPServer - UDP-Server: Message-52-2 -> Message-52-2 (/127.0.0.1:49477)
21:20:57.034 [pool-1-thread-4] DEBUG com.mnc.udp.UDPServer - UDP-Server: Message-67-66 -> Message-67-66 (/127.0.0.1:49492)
21:20:57.034 [pool-1-thread-5] DEBUG com.mnc.udp.UDPServer - UDP-Server: Message-82-32
21:20:57.034 [pool-1-thread-3] DEBUG com.mnc.udp.UDPServer - UDP-Server: Message-94-66 -> Message-94-66 (/127.0.0.1:49519)
21:20:57.036 [pool-1-thread-4] DEBUG com.mnc.udp.UDPServer - UDP-Server: Message-26-62
21:20:57.036 [pool-1-thread-4] DEBUG com.mnc.udp.UDPServer - UDP-Server: Message-26-62 -> Message-26-62 (/127.0.0.1:49451)
21:20:57.035 [pool-1-thread-1] DEBUG com.mnc.udp.UDPServer - UDP-Server: Message-63-32
21:20:57.035 [pool-1-thread-2] DEBUG com.mnc.udp.UDPServer - UDP-Server: Message-10-2
21:20:57.036 [pool-1-thread-5] DEBUG com.mnc.udp.UDPServer - UDP-Server: Message-82-32 -> Message-82-32 (/127.0.0.1:49507)
21:20:57.036 [pool-1-thread-3] DEBUG com.mnc.udp.UDPServer - UDP-Server: Message-50-0
21:20:57.036 [pool-1-thread-1] DEBUG com.mnc.udp.UDPServer - UDP-Server: Message-63-32 -> Message-63-32 (/127.0.0.1:49488)
21:20:57.036 [pool-1-thread-5] DEBUG com.mnc.udp.UDPServer - UDP-Server: Message-96-32
21:20:57.036 [pool-1-thread-5] DEBUG com.mnc.udp.UDPServer - UDP-Server: Message-96-32 -> Message-96-32 (/127.0.0.1:49521)
21:20:57.036 [pool-1-thread-4] DEBUG com.mnc.udp.UDPServer - UDP-Server: Message-31-90
21:20:57.036 [pool-1-thread-2] DEBUG com.mnc.udp.UDPServer - UDP-Server: Message-10-2 -> Message-10-2 (/127.0.0.1:49435)
21:20:57.036 [pool-1-thread-3] DEBUG com.mnc.udp.UDPServer - UDP-Server: Message-50-0 -> Message-50-0 (/127.0.0.1:49475)
21:20:57.036 [pool-1-thread-1] DEBUG com.mnc.udp.UDPServer - UDP-Server: Message-1-0
21:20:57.037 [pool-1-thread-2] DEBUG com.mnc.udp.UDPServer - UDP-Server: Message-5-2
21:20:57.037 [pool-1-thread-3] DEBUG com.mnc.udp.UDPServer - UDP-Server: Message-4-0
21:20:57.037 [pool-1-thread-2] DEBUG com.mnc.udp.UDPServer - UDP-Server: Message-5-2 -> Message-5-2 (/127.0.0.1:49430)
21:20:57.037 [pool-1-thread-3] DEBUG com.mnc.udp.UDPServer - UDP-Server: Message-4-0 -> Message-4-0 (/127.0.0.1:49429)
21:20:57.037 [pool-1-thread-4] DEBUG com.mnc.udp.UDPServer - UDP-Server: Message-31-90 -> Message-31-90 (/127.0.0.1:49456)
21:20:57.037 [pool-1-thread-5] DEBUG com.mnc.udp.UDPServer - UDP-Server: Message-9-0
21:20:57.037 [pool-1-thread-1] DEBUG com.mnc.udp.UDPServer - UDP-Server: Message-1-0 -> Message-1-0 (/127.0.0.1:49426)
21:20:57.037 [pool-1-thread-2] DEBUG com.mnc.udp.UDPServer - UDP-Server: Message-0-2
21:20:57.037 [pool-1-thread-3] DEBUG com.mnc.udp.UDPServer - UDP-Server: Message-3-0
21:20:57.038 [pool-1-thread-2] DEBUG com.mnc.udp.UDPServer - UDP-Server: Message-0-2 -> Message-0-2 (/127.0.0.1:49425)
21:20:57.038 [pool-1-thread-1] DEBUG com.mnc.udp.UDPServer - UDP-Server: Message-32-67
21:20:57.038 [pool-1-thread-5] DEBUG com.mnc.udp.UDPServer - UDP-Server: Message-9-0 -> Message-9-0 (/127.0.0.1:49434)
21:20:57.038 [pool-1-thread-3] DEBUG com.mnc.udp.UDPServer - UDP-Server: Message-3-0 -> Message-3-0 (/127.0.0.1:49428)
21:20:57.039 [pool-1-thread-1] DEBUG com.mnc.udp.UDPServer - UDP-Server: Message-32-67 -> Message-32-67 (/127.0.0.1:49457)
21:20:57.039 [pool-1-thread-3] DEBUG com.mnc.udp.UDPServer - UDP-Server: Message-52-0
21:20:57.039 [pool-1-thread-1] DEBUG com.mnc.udp.UDPServer - UDP-Server: Message-67-67
21:20:57.039 [pool-1-thread-3] DEBUG com.mnc.udp.UDPServer - UDP-Server: Message-52-0 -> Message-52-0 (/127.0.0.1:49477)
21:20:57.039 [pool-1-thread-1] DEBUG com.mnc.udp.UDPServer - UDP-Server: Message-67-67 -> Message-67-67 (/127.0.0.1:49492)
21:20:57.038 [pool-1-thread-4] DEBUG com.mnc.udp.UDPServer - UDP-Server: Message-69-0
21:20:57.039 [pool-1-thread-2] DEBUG com.mnc.udp.UDPServer - UDP-Server: Message-16-36
21:20:57.040 [pool-1-thread-4] DEBUG com.mnc.udp.UDPServer - UDP-Server: Message-69-0 -> Message-69-0 (/127.0.0.1:49494)
21:20:57.040 [pool-1-thread-4] DEBUG com.mnc.udp.UDPServer - UDP-Server: Message-63-33
21:20:57.040 [pool-1-thread-4] DEBUG com.mnc.udp.UDPServer - UDP-Server: Message-63-33 -> Message-63-33 (/127.0.0.1:49488)
21:20:57.040 [pool-1-thread-4] DEBUG com.mnc.udp.UDPServer - UDP-Server: Message-96-33
21:20:57.040 [pool-1-thread-4] DEBUG com.mnc.udp.UDPServer - UDP-Server: Message-96-33 -> Message-96-33 (/127.0.0.1:49521)
21:20:57.040 [pool-1-thread-4] DEBUG com.mnc.udp.UDPServer - UDP-Server: Message-10-0
21:20:57.040 [pool-1-thread-4] DEBUG com.mnc.udp.UDPServer - UDP-Server: Message-10-0 -> Message-10-0 (/127.0.0.1:49435)
21:20:57.041 [pool-1-thread-4] DEBUG com.mnc.udp.UDPServer - UDP-Server: Message-5-0
21:20:57.041 [pool-1-thread-4] DEBUG com.mnc.udp.UDPServer - UDP-Server: Message-5-0 -> Message-5-0 (/127.0.0.1:49430)
21:20:57.041 [pool-1-thread-4] DEBUG com.mnc.udp.UDPServer - UDP-Server: Message-31-82
21:20:57.041 [pool-1-thread-4] DEBUG com.mnc.udp.UDPServer - UDP-Server: Message-31-82 -> Message-31-82 (/127.0.0.1:49456)
21:20:57.041 [pool-1-thread-4] DEBUG com.mnc.udp.UDPServer - UDP-Server: Message-0-0
21:20:57.041 [pool-1-thread-4] DEBUG com.mnc.udp.UDPServer - UDP-Server: Message-0-0 -> Message-0-0 (/127.0.0.1:49425)
21:20:57.041 [pool-1-thread-4] DEBUG com.mnc.udp.UDPServer - UDP-Server: Message-48-32
21:20:57.041 [pool-1-thread-4] DEBUG com.mnc.udp.UDPServer - UDP-Server: Message-48-32 -> Message-48-32 (/127.0.0.1:49473)
21:20:57.041 [pool-1-thread-4] DEBUG com.mnc.udp.UDPServer - UDP-Server: Message-81-32
21:20:57.041 [pool-1-thread-4] DEBUG com.mnc.udp.UDPServer - UDP-Server: Message-81-32 -> Message-81-32 (/127.0.0.1:49506)
21:20:57.041 [pool-1-thread-4] DEBUG com.mnc.udp.UDPServer - UDP-Server: Message-63-31
21:20:57.041 [pool-1-thread-4] DEBUG com.mnc.udp.UDPServer - UDP-Server: Message-63-31 -> Message-63-31 (/127.0.0.1:49488)
21:20:57.041 [pool-1-thread-4] DEBUG com.mnc.udp.UDPServer - UDP-Server: Message-96-31
21:20:57.041 [pool-1-thread-4] DEBUG com.mnc.udp.UDPServer - UDP-Server: Message-96-31 -> Message-96-31 (/127.0.0.1:49521)
21:20:57.041 [pool-1-thread-4] DEBUG com.mnc.udp.UDPServer - UDP-Server: Message-31-31
21:20:57.041 [pool-1-thread-4] DEBUG com.mnc.udp.UDPServer - UDP-Server: Message-31-31 -> Message-31-31 (/127.0.0.1:49456)
21:20:57.040 [pool-1-thread-1] DEBUG com.mnc.udp.UDPServer - UDP-Server: Message-82-33
21:20:57.039 [pool-1-thread-5] DEBUG com.mnc.udp.UDPServer - UDP-Server: Message-2-0
21:20:57.042 [pool-1-thread-4] DEBUG com.mnc.udp.UDPServer - UDP-Server: Message-63-35
21:20:57.042 [pool-1-thread-5] DEBUG com.mnc.udp.UDPServer - UDP-Server: Message-2-0 -> Message-2-0 (/127.0.0.1:49427)
21:20:57.042 [pool-1-thread-4] DEBUG com.mnc.udp.UDPServer - UDP-Server: Message-63-35 -> Message-63-35 (/127.0.0.1:49488)
21:20:57.042 [pool-1-thread-1] DEBUG com.mnc.udp.UDPServer - UDP-Server: Message-82-33 -> Message-82-33 (/127.0.0.1:49507)
21:20:57.042 [pool-1-thread-4] DEBUG com.mnc.udp.UDPServer - UDP-Server: Message-31-83
21:20:57.042 [pool-1-thread-4] DEBUG com.mnc.udp.UDPServer - UDP-Server: Message-31-83 -> Message-31-83 (/127.0.0.1:49456)
21:20:57.042 [pool-1-thread-1] DEBUG com.mnc.udp.UDPServer - UDP-Server: Message-48-33
21:20:57.042 [pool-1-thread-1] DEBUG com.mnc.udp.UDPServer - UDP-Server: Message-48-33 -> Message-48-33 (/127.0.0.1:49473)
21:20:57.039 [pool-1-thread-3] DEBUG com.mnc.udp.UDPServer - UDP-Server: Message-94-62
21:20:57.041 [pool-1-thread-2] DEBUG com.mnc.udp.UDPServer - UDP-Server: Message-16-36 -> Message-16-36 (/127.0.0.1:49441)
21:20:57.044 [pool-1-thread-3] DEBUG com.mnc.udp.UDPServer - UDP-Server: Message-94-62 -> Message-94-62 (/127.0.0.1:49519)
21:20:57.044 [pool-1-thread-2] DEBUG com.mnc.udp.UDPServer - UDP-Server: Message-82-31
21:20:57.044 [pool-1-thread-2] DEBUG com.mnc.udp.UDPServer - UDP-Server: Message-82-31 -> Message-82-31 (/127.0.0.1:49507)
21:20:57.042 [pool-1-thread-5] DEBUG com.mnc.udp.UDPServer - UDP-Server: Message-96-35
21:20:57.042 [pool-1-thread-4] DEBUG com.mnc.udp.UDPServer - UDP-Server: Message-81-33
21:20:57.044 [pool-1-thread-5] DEBUG com.mnc.udp.UDPServer - UDP-Server: Message-96-35 -> Message-96-35 (/127.0.0.1:49521)
21:20:57.044 [pool-1-thread-1] DEBUG com.mnc.udp.UDPServer - UDP-Server: Message-63-36
21:20:57.044 [pool-1-thread-3] DEBUG com.mnc.udp.UDPServer - UDP-Server: Message-31-81
21:20:57.044 [pool-1-thread-2] DEBUG com.mnc.udp.UDPServer - UDP-Server: Message-48-31
21:20:57.044 [pool-1-thread-4] DEBUG com.mnc.udp.UDPServer - UDP-Server: Message-81-33 -> Message-81-33 (/127.0.0.1:49506)
21:20:57.044 [pool-1-thread-5] DEBUG com.mnc.udp.UDPServer - UDP-Server: Message-16-34
21:20:57.044 [pool-1-thread-1] DEBUG com.mnc.udp.UDPServer - UDP-Server: Message-63-36 -> Message-63-36 (/127.0.0.1:49488)
21:20:57.044 [pool-1-thread-5] DEBUG com.mnc.udp.UDPServer - UDP-Server: Message-16-34 -> Message-16-34 (/127.0.0.1:49441)
21:20:57.044 [pool-1-thread-3] DEBUG com.mnc.udp.UDPServer - UDP-Server: Message-31-81 -> Message-31-81 (/127.0.0.1:49456)
21:20:57.044 [pool-1-thread-1] DEBUG com.mnc.udp.UDPServer - UDP-Server: Message-82-35
21:20:57.044 [pool-1-thread-5] DEBUG com.mnc.udp.UDPServer - UDP-Server: Message-96-36
21:20:57.044 [pool-1-thread-2] DEBUG com.mnc.udp.UDPServer - UDP-Server: Message-48-31 -> Message-48-31 (/127.0.0.1:49473)
21:20:57.044 [pool-1-thread-5] DEBUG com.mnc.udp.UDPServer - UDP-Server: Message-96-36 -> Message-96-36 (/127.0.0.1:49521)
21:20:57.044 [pool-1-thread-4] DEBUG com.mnc.udp.UDPServer - UDP-Server: Message-94-67
21:20:57.044 [pool-1-thread-4] DEBUG com.mnc.udp.UDPServer - UDP-Server: Message-94-67 -> Message-94-67 (/127.0.0.1:49519)
21:20:57.044 [pool-1-thread-1] DEBUG com.mnc.udp.UDPServer - UDP-Server: Message-82-35 -> Message-82-35 (/127.0.0.1:49507)
21:20:57.044 [pool-1-thread-4] DEBUG com.mnc.udp.UDPServer - UDP-Server: Message-63-90
21:20:57.044 [pool-1-thread-4] DEBUG com.mnc.udp.UDPServer - UDP-Server: Message-63-90 -> Message-63-90 (/127.0.0.1:49488)
21:20:57.044 [pool-1-thread-1] DEBUG com.mnc.udp.UDPServer - UDP-Server: Message-81-31
21:20:57.044 [pool-1-thread-4] DEBUG com.mnc.udp.UDPServer - UDP-Server: Message-16-28
21:20:57.044 [pool-1-thread-1] DEBUG com.mnc.udp.UDPServer - UDP-Server: Message-81-31 -> Message-81-31 (/127.0.0.1:49506)
21:20:57.044 [pool-1-thread-5] DEBUG com.mnc.udp.UDPServer - UDP-Server: Message-31-85
21:20:57.044 [pool-1-thread-3] DEBUG com.mnc.udp.UDPServer - UDP-Server: Message-96-34
21:20:57.044 [pool-1-thread-3] DEBUG com.mnc.udp.UDPServer - UDP-Server: Message-96-34 -> Message-96-34 (/127.0.0.1:49521)
21:20:57.044 [pool-1-thread-4] DEBUG com.mnc.udp.UDPServer - UDP-Server: Message-16-28 -> Message-16-28 (/127.0.0.1:49441)
21:20:57.044 [pool-1-thread-1] DEBUG com.mnc.udp.UDPServer - UDP-Server: Message-48-35
21:20:57.044 [pool-1-thread-1] DEBUG com.mnc.udp.UDPServer - UDP-Server: Message-48-35 -> Message-48-35 (/127.0.0.1:49473)
21:20:57.044 [pool-1-thread-5] DEBUG com.mnc.udp.UDPServer - UDP-Server: Message-31-85 -> Message-31-85 (/127.0.0.1:49456)
21:20:57.044 [pool-1-thread-1] DEBUG com.mnc.udp.UDPServer - UDP-Server: Message-81-35
21:20:57.044 [pool-1-thread-2] DEBUG com.mnc.udp.UDPServer - UDP-Server: Message-82-36
21:20:57.045 [pool-1-thread-1] DEBUG com.mnc.udp.UDPServer - UDP-Server: Message-81-35 -> Message-81-35 (/127.0.0.1:49506)
21:20:57.044 [pool-1-thread-3] DEBUG com.mnc.udp.UDPServer - UDP-Server: Message-63-34
21:20:57.045 [pool-1-thread-5] DEBUG com.mnc.udp.UDPServer - UDP-Server: Message-16-29
21:20:57.045 [pool-1-thread-4] DEBUG com.mnc.udp.UDPServer - UDP-Server: Message-96-28
21:20:57.045 [pool-1-thread-2] DEBUG com.mnc.udp.UDPServer - UDP-Server: Message-82-36 -> Message-82-36 (/127.0.0.1:49507)
21:20:57.045 [pool-1-thread-3] DEBUG com.mnc.udp.UDPServer - UDP-Server: Message-63-34 -> Message-63-34 (/127.0.0.1:49488)
21:20:57.045 [pool-1-thread-1] DEBUG com.mnc.udp.UDPServer - UDP-Server: Message-48-36
21:20:57.045 [pool-1-thread-3] DEBUG com.mnc.udp.UDPServer - UDP-Server: Message-81-36
21:20:57.045 [pool-1-thread-1] DEBUG com.mnc.udp.UDPServer - UDP-Server: Message-48-36 -> Message-48-36 (/127.0.0.1:49473)
21:20:57.045 [pool-1-thread-3] DEBUG com.mnc.udp.UDPServer - UDP-Server: Message-81-36 -> Message-81-36 (/127.0.0.1:49506)
21:20:57.045 [pool-1-thread-5] DEBUG com.mnc.udp.UDPServer - UDP-Server: Message-16-29 -> Message-16-29 (/127.0.0.1:49441)
21:20:57.045 [pool-1-thread-1] DEBUG com.mnc.udp.UDPServer - UDP-Server: Message-82-34
21:20:57.045 [pool-1-thread-4] DEBUG com.mnc.udp.UDPServer - UDP-Server: Message-96-28 -> Message-96-28 (/127.0.0.1:49521)
21:20:57.045 [pool-1-thread-2] DEBUG com.mnc.udp.UDPServer - UDP-Server: Message-31-86
21:20:57.045 [pool-1-thread-4] DEBUG com.mnc.udp.UDPServer - UDP-Server: Message-16-30
21:20:57.045 [pool-1-thread-1] DEBUG com.mnc.udp.UDPServer - UDP-Server: Message-82-34 -> Message-82-34 (/127.0.0.1:49507)
21:20:57.045 [pool-1-thread-3] DEBUG com.mnc.udp.UDPServer - UDP-Server: Message-63-57
21:20:57.045 [pool-1-thread-5] DEBUG com.mnc.udp.UDPServer - UDP-Server: Message-48-34
21:20:57.045 [pool-1-thread-1] DEBUG com.mnc.udp.UDPServer - UDP-Server: Message-81-34
21:20:57.045 [pool-1-thread-5] DEBUG com.mnc.udp.UDPServer - UDP-Server: Message-48-34 -> Message-48-34 (/127.0.0.1:49473)
21:20:57.045 [pool-1-thread-1] DEBUG com.mnc.udp.UDPServer - UDP-Server: Message-81-34 -> Message-81-34 (/127.0.0.1:49506)
21:20:57.045 [pool-1-thread-2] DEBUG com.mnc.udp.UDPServer - UDP-Server: Message-31-86 -> Message-31-86 (/127.0.0.1:49456)
21:20:57.045 [pool-1-thread-4] DEBUG com.mnc.udp.UDPServer - UDP-Server: Message-16-30 -> Message-16-30 (/127.0.0.1:49441)
21:20:57.045 [pool-1-thread-3] DEBUG com.mnc.udp.UDPServer - UDP-Server: Message-63-57 -> Message-63-57 (/127.0.0.1:49488)
21:20:57.045 [pool-1-thread-5] DEBUG com.mnc.udp.UDPServer - UDP-Server: Message-96-29
21:20:57.045 [pool-1-thread-2] DEBUG com.mnc.udp.UDPServer - UDP-Server: Message-48-28
21:20:57.046 [pool-1-thread-3] DEBUG com.mnc.udp.UDPServer - UDP-Server: Message-16-26
21:20:57.045 [pool-1-thread-4] DEBUG com.mnc.udp.UDPServer - UDP-Server: Message-82-28
21:20:57.046 [pool-1-thread-2] DEBUG com.mnc.udp.UDPServer - UDP-Server: Message-48-28 -> Message-48-28 (/127.0.0.1:49473)
21:20:57.046 [pool-1-thread-1] DEBUG com.mnc.udp.UDPServer - UDP-Server: Message-81-28
21:20:57.046 [pool-1-thread-5] DEBUG com.mnc.udp.UDPServer - UDP-Server: Message-96-29 -> Message-96-29 (/127.0.0.1:49521)
21:20:57.046 [pool-1-thread-2] DEBUG com.mnc.udp.UDPServer - UDP-Server: Message-31-91
21:20:57.046 [pool-1-thread-3] DEBUG com.mnc.udp.UDPServer - UDP-Server: Message-16-26 -> Message-16-26 (/127.0.0.1:49441)
21:20:57.046 [pool-1-thread-4] DEBUG com.mnc.udp.UDPServer - UDP-Server: Message-82-28 -> Message-82-28 (/127.0.0.1:49507)
21:20:57.046 [pool-1-thread-2] DEBUG com.mnc.udp.UDPServer - UDP-Server: Message-31-91 -> Message-31-91 (/127.0.0.1:49456)
21:20:57.046 [pool-1-thread-1] DEBUG com.mnc.udp.UDPServer - UDP-Server: Message-81-28 -> Message-81-28 (/127.0.0.1:49506)
21:20:57.046 [pool-1-thread-3] DEBUG com.mnc.udp.UDPServer - UDP-Server: Message-48-29
21:20:57.046 [pool-1-thread-1] DEBUG com.mnc.udp.UDPServer - UDP-Server: Message-16-27
21:20:57.046 [pool-1-thread-5] DEBUG com.mnc.udp.UDPServer - UDP-Server: Message-63-58
21:20:57.046 [pool-1-thread-1] DEBUG com.mnc.udp.UDPServer - UDP-Server: Message-16-27 -> Message-16-27 (/127.0.0.1:49441)
21:20:57.046 [pool-1-thread-4] DEBUG com.mnc.udp.UDPServer - UDP-Server: Message-96-30
21:20:57.046 [pool-1-thread-2] DEBUG com.mnc.udp.UDPServer - UDP-Server: Message-82-29
21:20:57.046 [pool-1-thread-2] DEBUG com.mnc.udp.UDPServer - UDP-Server: Message-82-29 -> Message-82-29 (/127.0.0.1:49507)
21:20:57.046 [pool-1-thread-4] DEBUG com.mnc.udp.UDPServer - UDP-Server: Message-96-30 -> Message-96-30 (/127.0.0.1:49521)
21:20:57.046 [pool-1-thread-3] DEBUG com.mnc.udp.UDPServer - UDP-Server: Message-48-29 -> Message-48-29 (/127.0.0.1:49473)
21:20:57.046 [pool-1-thread-2] DEBUG com.mnc.udp.UDPServer - UDP-Server: Message-81-29
21:20:57.046 [pool-1-thread-5] DEBUG com.mnc.udp.UDPServer - UDP-Server: Message-63-58 -> Message-63-58 (/127.0.0.1:49488)
21:20:57.046 [pool-1-thread-2] DEBUG com.mnc.udp.UDPServer - UDP-Server: Message-81-29 -> Message-81-29 (/127.0.0.1:49506)
21:20:57.046 [pool-1-thread-1] DEBUG com.mnc.udp.UDPServer - UDP-Server: Message-31-92
21:20:57.046 [pool-1-thread-1] DEBUG com.mnc.udp.UDPServer - UDP-Server: Message-31-92 -> Message-31-92 (/127.0.0.1:49456)
21:20:57.046 [pool-1-thread-1] DEBUG com.mnc.udp.UDPServer - UDP-Server: Message-16-25
21:20:57.046 [pool-1-thread-1] DEBUG com.mnc.udp.UDPServer - UDP-Server: Message-16-25 -> Message-16-25 (/127.0.0.1:49441)
21:20:57.046 [pool-1-thread-4] DEBUG com.mnc.udp.UDPServer - UDP-Server: Message-82-30
21:20:57.046 [pool-1-thread-1] DEBUG com.mnc.udp.UDPServer - UDP-Server: Message-96-26
21:20:57.046 [pool-1-thread-4] DEBUG com.mnc.udp.UDPServer - UDP-Server: Message-82-30 -> Message-82-30 (/127.0.0.1:49507)
21:20:57.046 [pool-1-thread-5] DEBUG com.mnc.udp.UDPServer - UDP-Server: Message-63-56
21:20:57.046 [pool-1-thread-5] DEBUG com.mnc.udp.UDPServer - UDP-Server: Message-63-56 -> Message-63-56 (/127.0.0.1:49488)
21:20:57.046 [pool-1-thread-3] DEBUG com.mnc.udp.UDPServer - UDP-Server: Message-48-30
21:20:57.046 [pool-1-thread-2] DEBUG com.mnc.udp.UDPServer - UDP-Server: Message-31-88
21:20:57.046 [pool-1-thread-1] DEBUG com.mnc.udp.UDPServer - UDP-Server: Message-96-26 -> Message-96-26 (/127.0.0.1:49521)
21:20:57.046 [pool-1-thread-4] DEBUG com.mnc.udp.UDPServer - UDP-Server: Message-81-30
21:20:57.046 [pool-1-thread-4] DEBUG com.mnc.udp.UDPServer - UDP-Server: Message-81-30 -> Message-81-30 (/127.0.0.1:49506)
21:20:57.046 [pool-1-thread-5] DEBUG com.mnc.udp.UDPServer - UDP-Server: Message-82-26
21:20:57.046 [pool-1-thread-3] DEBUG com.mnc.udp.UDPServer - UDP-Server: Message-48-30 -> Message-48-30 (/127.0.0.1:49473)
21:20:57.046 [pool-1-thread-4] DEBUG com.mnc.udp.UDPServer - UDP-Server: Message-63-60
21:20:57.046 [pool-1-thread-2] DEBUG com.mnc.udp.UDPServer - UDP-Server: Message-31-88 -> Message-31-88 (/127.0.0.1:49456)
21:20:57.046 [pool-1-thread-1] DEBUG com.mnc.udp.UDPServer - UDP-Server: Message-16-44
21:20:57.046 [pool-1-thread-1] DEBUG com.mnc.udp.UDPServer - UDP-Server: Message-16-44 -> Message-16-44 (/127.0.0.1:49441)
21:20:57.046 [pool-1-thread-5] DEBUG com.mnc.udp.UDPServer - UDP-Server: Message-82-26 -> Message-82-26 (/127.0.0.1:49507)
21:20:57.046 [pool-1-thread-1] DEBUG com.mnc.udp.UDPServer - UDP-Server: Message-81-26
21:20:57.046 [pool-1-thread-1] DEBUG com.mnc.udp.UDPServer - UDP-Server: Message-81-26 -> Message-81-26 (/127.0.0.1:49506)
21:20:57.046 [pool-1-thread-5] DEBUG com.mnc.udp.UDPServer - UDP-Server: Message-31-89
21:20:57.046 [pool-1-thread-2] DEBUG com.mnc.udp.UDPServer - UDP-Server: Message-48-26
21:20:57.046 [pool-1-thread-4] DEBUG com.mnc.udp.UDPServer - UDP-Server: Message-63-60 -> Message-63-60 (/127.0.0.1:49488)
21:20:57.046 [pool-1-thread-3] DEBUG com.mnc.udp.UDPServer - UDP-Server: Message-96-27
21:20:57.046 [pool-1-thread-4] DEBUG com.mnc.udp.UDPServer - UDP-Server: Message-16-45
21:20:57.046 [pool-1-thread-3] DEBUG com.mnc.udp.UDPServer - UDP-Server: Message-96-27 -> Message-96-27 (/127.0.0.1:49521)
21:20:57.046 [pool-1-thread-1] DEBUG com.mnc.udp.UDPServer - UDP-Server: Message-82-27
21:20:57.046 [pool-1-thread-5] DEBUG com.mnc.udp.UDPServer - UDP-Server: Message-31-89 -> Message-31-89 (/127.0.0.1:49456)
21:20:57.046 [pool-1-thread-2] DEBUG com.mnc.udp.UDPServer - UDP-Server: Message-48-26 -> Message-48-26 (/127.0.0.1:49473)
21:20:57.046 [pool-1-thread-4] DEBUG com.mnc.udp.UDPServer - UDP-Server: Message-16-45 -> Message-16-45 (/127.0.0.1:49441)
21:20:57.047 [pool-1-thread-2] DEBUG com.mnc.udp.UDPServer - UDP-Server: Message-63-61
21:20:57.047 [pool-1-thread-4] DEBUG com.mnc.udp.UDPServer - UDP-Server: Message-96-25
21:20:57.047 [pool-1-thread-2] DEBUG com.mnc.udp.UDPServer - UDP-Server: Message-63-61 -> Message-63-61 (/127.0.0.1:49488)
21:20:57.047 [pool-1-thread-4] DEBUG com.mnc.udp.UDPServer - UDP-Server: Message-96-25 -> Message-96-25 (/127.0.0.1:49521)
21:20:57.046 [pool-1-thread-3] DEBUG com.mnc.udp.UDPServer - UDP-Server: Message-81-27
21:20:57.047 [pool-1-thread-3] DEBUG com.mnc.udp.UDPServer - UDP-Server: Message-81-27 -> Message-81-27 (/127.0.0.1:49506)
21:20:57.046 [pool-1-thread-1] DEBUG com.mnc.udp.UDPServer - UDP-Server: Message-82-27 -> Message-82-27 (/127.0.0.1:49507)
21:20:57.047 [pool-1-thread-3] DEBUG com.mnc.udp.UDPServer - UDP-Server: Message-48-27
21:20:57.047 [pool-1-thread-3] DEBUG com.mnc.udp.UDPServer - UDP-Server: Message-48-27 -> Message-48-27 (/127.0.0.1:49473)
21:20:57.047 [pool-1-thread-5] DEBUG com.mnc.udp.UDPServer - UDP-Server: Message-31-87
21:20:57.047 [pool-1-thread-5] DEBUG com.mnc.udp.UDPServer - UDP-Server: Message-31-87 -> Message-31-87 (/127.0.0.1:49456)
21:20:57.047 [pool-1-thread-2] DEBUG com.mnc.udp.UDPServer - UDP-Server: Message-63-59
21:20:57.047 [pool-1-thread-5] DEBUG com.mnc.udp.UDPServer - UDP-Server: Message-96-44
21:20:57.047 [pool-1-thread-5] DEBUG com.mnc.udp.UDPServer - UDP-Server: Message-96-44 -> Message-96-44 (/127.0.0.1:49521)
21:20:57.047 [pool-1-thread-4] DEBUG com.mnc.udp.UDPServer - UDP-Server: Message-16-43
21:20:57.047 [pool-1-thread-2] DEBUG com.mnc.udp.UDPServer - UDP-Server: Message-63-59 -> Message-63-59 (/127.0.0.1:49488)
21:20:57.047 [pool-1-thread-1] DEBUG com.mnc.udp.UDPServer - UDP-Server: Message-81-25
21:20:57.047 [pool-1-thread-2] DEBUG com.mnc.udp.UDPServer - UDP-Server: Message-31-84
21:20:57.047 [pool-1-thread-3] DEBUG com.mnc.udp.UDPServer - UDP-Server: Message-82-25
21:20:57.047 [pool-1-thread-2] DEBUG com.mnc.udp.UDPServer - UDP-Server: Message-31-84 -> Message-31-84 (/127.0.0.1:49456)
21:20:57.047 [pool-1-thread-5] DEBUG com.mnc.udp.UDPServer - UDP-Server: Message-48-25
21:20:57.047 [pool-1-thread-2] DEBUG com.mnc.udp.UDPServer - UDP-Server: Message-96-45
21:20:57.047 [pool-1-thread-5] DEBUG com.mnc.udp.UDPServer - UDP-Server: Message-48-25 -> Message-48-25 (/127.0.0.1:49473)
21:20:57.047 [pool-1-thread-2] DEBUG com.mnc.udp.UDPServer - UDP-Server: Message-96-45 -> Message-96-45 (/127.0.0.1:49521)
21:20:57.047 [pool-1-thread-3] DEBUG com.mnc.udp.UDPServer - UDP-Server: Message-82-25 -> Message-82-25 (/127.0.0.1:49507)
21:20:57.047 [pool-1-thread-4] DEBUG com.mnc.udp.UDPServer - UDP-Server: Message-16-43 -> Message-16-43 (/127.0.0.1:49441)
21:20:57.047 [pool-1-thread-1] DEBUG com.mnc.udp.UDPServer - UDP-Server: Message-81-25 -> Message-81-25 (/127.0.0.1:49506)
21:20:57.047 [pool-1-thread-5] DEBUG com.mnc.udp.UDPServer - UDP-Server: Message-63-91
21:20:57.047 [pool-1-thread-3] DEBUG com.mnc.udp.UDPServer - UDP-Server: Message-31-35
21:20:57.047 [pool-1-thread-5] DEBUG com.mnc.udp.UDPServer - UDP-Server: Message-63-91 -> Message-63-91 (/127.0.0.1:49488)
21:20:57.047 [pool-1-thread-3] DEBUG com.mnc.udp.UDPServer - UDP-Server: Message-31-35 -> Message-31-35 (/127.0.0.1:49456)
21:20:57.047 [pool-1-thread-4] DEBUG com.mnc.udp.UDPServer - UDP-Server: Message-48-44
21:20:57.047 [pool-1-thread-5] DEBUG com.mnc.udp.UDPServer - UDP-Server: Message-96-43
21:20:57.047 [pool-1-thread-5] DEBUG com.mnc.udp.UDPServer - UDP-Server: Message-96-43 -> Message-96-43 (/127.0.0.1:49521)
21:20:57.047 [pool-1-thread-4] DEBUG com.mnc.udp.UDPServer - UDP-Server: Message-48-44 -> Message-48-44 (/127.0.0.1:49473)
21:20:57.047 [pool-1-thread-5] DEBUG com.mnc.udp.UDPServer - UDP-Server: Message-16-48
21:20:57.047 [pool-1-thread-5] DEBUG com.mnc.udp.UDPServer - UDP-Server: Message-16-48 -> Message-16-48 (/127.0.0.1:49441)
21:20:57.047 [pool-1-thread-5] DEBUG com.mnc.udp.UDPServer - UDP-Server: Message-81-44
21:20:57.047 [pool-1-thread-3] DEBUG com.mnc.udp.UDPServer - UDP-Server: Message-82-44
21:20:57.047 [pool-1-thread-5] DEBUG com.mnc.udp.UDPServer - UDP-Server: Message-81-44 -> Message-81-44 (/127.0.0.1:49506)
21:20:57.047 [pool-1-thread-4] DEBUG com.mnc.udp.UDPServer - UDP-Server: Message-31-36
21:20:57.047 [pool-1-thread-1] DEBUG com.mnc.udp.UDPServer - UDP-Server: Message-96-48
21:20:57.047 [pool-1-thread-4] DEBUG com.mnc.udp.UDPServer - UDP-Server: Message-31-36 -> Message-31-36 (/127.0.0.1:49456)
21:20:57.047 [pool-1-thread-5] DEBUG com.mnc.udp.UDPServer - UDP-Server: Message-48-45
21:20:57.047 [pool-1-thread-2] DEBUG com.mnc.udp.UDPServer - UDP-Server: Message-63-92
21:20:57.047 [pool-1-thread-3] DEBUG com.mnc.udp.UDPServer - UDP-Server: Message-82-44 -> Message-82-44 (/127.0.0.1:49507)
21:20:57.047 [pool-1-thread-4] DEBUG com.mnc.udp.UDPServer - UDP-Server: Message-16-49
21:20:57.047 [pool-1-thread-1] DEBUG com.mnc.udp.UDPServer - UDP-Server: Message-96-48 -> Message-96-48 (/127.0.0.1:49521)
21:20:57.047 [pool-1-thread-5] DEBUG com.mnc.udp.UDPServer - UDP-Server: Message-48-45 -> Message-48-45 (/127.0.0.1:49473)
21:20:57.047 [pool-1-thread-2] DEBUG com.mnc.udp.UDPServer - UDP-Server: Message-63-92 -> Message-63-92 (/127.0.0.1:49488)
21:20:57.047 [pool-1-thread-4] DEBUG com.mnc.udp.UDPServer - UDP-Server: Message-16-49 -> Message-16-49 (/127.0.0.1:49441)
21:20:57.047 [pool-1-thread-2] DEBUG com.mnc.udp.UDPServer - UDP-Server: Message-31-34
21:20:57.047 [pool-1-thread-5] DEBUG com.mnc.udp.UDPServer - UDP-Server: Message-82-45
21:20:57.047 [pool-1-thread-3] DEBUG com.mnc.udp.UDPServer - UDP-Server: Message-81-45
21:20:57.047 [pool-1-thread-2] DEBUG com.mnc.udp.UDPServer - UDP-Server: Message-31-34 -> Message-31-34 (/127.0.0.1:49456)
21:20:57.047 [pool-1-thread-4] DEBUG com.mnc.udp.UDPServer - UDP-Server: Message-96-49
21:20:57.047 [pool-1-thread-1] DEBUG com.mnc.udp.UDPServer - UDP-Server: Message-48-43
21:20:57.047 [pool-1-thread-5] DEBUG com.mnc.udp.UDPServer - UDP-Server: Message-82-45 -> Message-82-45 (/127.0.0.1:49507)
21:20:57.047 [pool-1-thread-3] DEBUG com.mnc.udp.UDPServer - UDP-Server: Message-81-45 -> Message-81-45 (/127.0.0.1:49506)
21:20:57.047 [pool-1-thread-2] DEBUG com.mnc.udp.UDPServer - UDP-Server: Message-63-53
21:20:57.048 [pool-1-thread-1] DEBUG com.mnc.udp.UDPServer - UDP-Server: Message-48-43 -> Message-48-43 (/127.0.0.1:49473)
21:20:57.048 [pool-1-thread-2] DEBUG com.mnc.udp.UDPServer - UDP-Server: Message-63-53 -> Message-63-53 (/127.0.0.1:49488)
21:20:57.047 [pool-1-thread-4] DEBUG com.mnc.udp.UDPServer - UDP-Server: Message-96-49 -> Message-96-49 (/127.0.0.1:49521)
21:20:57.048 [pool-1-thread-3] DEBUG com.mnc.udp.UDPServer - UDP-Server: Message-31-78
21:20:57.048 [pool-1-thread-3] DEBUG com.mnc.udp.UDPServer - UDP-Server: Message-31-78 -> Message-31-78 (/127.0.0.1:49456)
21:20:57.048 [pool-1-thread-5] DEBUG com.mnc.udp.UDPServer - UDP-Server: Message-16-46
21:20:57.048 [pool-1-thread-1] DEBUG com.mnc.udp.UDPServer - UDP-Server: Message-82-43
21:20:57.048 [pool-1-thread-1] DEBUG com.mnc.udp.UDPServer - UDP-Server: Message-82-43 -> Message-82-43 (/127.0.0.1:49507)
21:20:57.048 [pool-1-thread-5] DEBUG com.mnc.udp.UDPServer - UDP-Server: Message-16-46 -> Message-16-46 (/127.0.0.1:49441)
21:20:57.048 [pool-1-thread-2] DEBUG com.mnc.udp.UDPServer - UDP-Server: Message-81-43
21:20:57.048 [pool-1-thread-3] DEBUG com.mnc.udp.UDPServer - UDP-Server: Message-96-46
21:20:57.048 [pool-1-thread-2] DEBUG com.mnc.udp.UDPServer - UDP-Server: Message-81-43 -> Message-81-43 (/127.0.0.1:49506)
21:20:57.048 [pool-1-thread-3] DEBUG com.mnc.udp.UDPServer - UDP-Server: Message-96-46 -> Message-96-46 (/127.0.0.1:49521)
21:20:57.048 [pool-1-thread-4] DEBUG com.mnc.udp.UDPServer - UDP-Server: Message-63-28
21:20:57.048 [pool-1-thread-5] DEBUG com.mnc.udp.UDPServer - UDP-Server: Message-31-96
21:20:57.048 [pool-1-thread-4] DEBUG com.mnc.udp.UDPServer - UDP-Server: Message-63-28 -> Message-63-28 (/127.0.0.1:49488)
21:20:57.048 [pool-1-thread-5] DEBUG com.mnc.udp.UDPServer - UDP-Server: Message-31-96 -> Message-31-96 (/127.0.0.1:49456)
21:20:57.048 [pool-1-thread-2] DEBUG com.mnc.udp.UDPServer - UDP-Server: Message-82-48
21:20:57.048 [pool-1-thread-3] DEBUG com.mnc.udp.UDPServer - UDP-Server: Message-16-47
21:20:57.048 [pool-1-thread-2] DEBUG com.mnc.udp.UDPServer - UDP-Server: Message-82-48 -> Message-82-48 (/127.0.0.1:49507)
21:20:57.048 [pool-1-thread-1] DEBUG com.mnc.udp.UDPServer - UDP-Server: Message-48-48
21:20:57.048 [pool-1-thread-3] DEBUG com.mnc.udp.UDPServer - UDP-Server: Message-16-47 -> Message-16-47 (/127.0.0.1:49441)
21:20:57.048 [pool-1-thread-1] DEBUG com.mnc.udp.UDPServer - UDP-Server: Message-48-48 -> Message-48-48 (/127.0.0.1:49473)
21:20:57.048 [pool-1-thread-5] DEBUG com.mnc.udp.UDPServer - UDP-Server: Message-81-48
21:20:57.048 [pool-1-thread-4] DEBUG com.mnc.udp.UDPServer - UDP-Server: Message-96-47
21:20:57.048 [pool-1-thread-5] DEBUG com.mnc.udp.UDPServer - UDP-Server: Message-81-48 -> Message-81-48 (/127.0.0.1:49506)
21:20:57.048 [pool-1-thread-4] DEBUG com.mnc.udp.UDPServer - UDP-Server: Message-96-47 -> Message-96-47 (/127.0.0.1:49521)
21:20:57.048 [pool-1-thread-3] DEBUG com.mnc.udp.UDPServer - UDP-Server: Message-63-54
21:20:57.048 [pool-1-thread-2] DEBUG com.mnc.udp.UDPServer - UDP-Server: Message-31-97
21:20:57.048 [pool-1-thread-2] DEBUG com.mnc.udp.UDPServer - UDP-Server: Message-31-97 -> Message-31-97 (/127.0.0.1:49456)
21:20:57.048 [pool-1-thread-3] DEBUG com.mnc.udp.UDPServer - UDP-Server: Message-63-54 -> Message-63-54 (/127.0.0.1:49488)
21:20:57.048 [pool-1-thread-5] DEBUG com.mnc.udp.UDPServer - UDP-Server: Message-82-49
21:20:57.048 [pool-1-thread-2] DEBUG com.mnc.udp.UDPServer - UDP-Server: Message-16-40
21:20:57.048 [pool-1-thread-3] DEBUG com.mnc.udp.UDPServer - UDP-Server: Message-48-49
21:20:57.048 [pool-1-thread-5] DEBUG com.mnc.udp.UDPServer - UDP-Server: Message-82-49 -> Message-82-49 (/127.0.0.1:49507)
21:20:57.048 [pool-1-thread-2] DEBUG com.mnc.udp.UDPServer - UDP-Server: Message-16-40 -> Message-16-40 (/127.0.0.1:49441)
21:20:57.048 [pool-1-thread-1] DEBUG com.mnc.udp.UDPServer - UDP-Server: Message-81-49
21:20:57.048 [pool-1-thread-3] DEBUG com.mnc.udp.UDPServer - UDP-Server: Message-48-49 -> Message-48-49 (/127.0.0.1:49473)
21:20:57.048 [pool-1-thread-2] DEBUG com.mnc.udp.UDPServer - UDP-Server: Message-31-98
21:20:57.048 [pool-1-thread-2] DEBUG com.mnc.udp.UDPServer - UDP-Server: Message-31-98 -> Message-31-98 (/127.0.0.1:49456)
21:20:57.048 [pool-1-thread-4] DEBUG com.mnc.udp.UDPServer - UDP-Server: Message-96-40
21:20:57.048 [pool-1-thread-2] DEBUG com.mnc.udp.UDPServer - UDP-Server: Message-16-41
21:20:57.048 [pool-1-thread-5] DEBUG com.mnc.udp.UDPServer - UDP-Server: Message-63-55
21:20:57.048 [pool-1-thread-1] DEBUG com.mnc.udp.UDPServer - UDP-Server: Message-81-49 -> Message-81-49 (/127.0.0.1:49506)
21:20:57.048 [pool-1-thread-3] DEBUG com.mnc.udp.UDPServer - UDP-Server: Message-82-46
21:20:57.048 [pool-1-thread-4] DEBUG com.mnc.udp.UDPServer - UDP-Server: Message-96-40 -> Message-96-40 (/127.0.0.1:49521)
21:20:57.048 [pool-1-thread-1] DEBUG com.mnc.udp.UDPServer - UDP-Server: Message-48-46
21:20:57.048 [pool-1-thread-2] DEBUG com.mnc.udp.UDPServer - UDP-Server: Message-16-41 -> Message-16-41 (/127.0.0.1:49441)
21:20:57.048 [pool-1-thread-5] DEBUG com.mnc.udp.UDPServer - UDP-Server: Message-63-55 -> Message-63-55 (/127.0.0.1:49488)
21:20:57.048 [pool-1-thread-3] DEBUG com.mnc.udp.UDPServer - UDP-Server: Message-82-46 -> Message-82-46 (/127.0.0.1:49507)
21:20:57.048 [pool-1-thread-1] DEBUG com.mnc.udp.UDPServer - UDP-Server: Message-48-46 -> Message-48-46 (/127.0.0.1:49473)
21:20:57.048 [pool-1-thread-4] DEBUG com.mnc.udp.UDPServer - UDP-Server: Message-31-99
21:20:57.048 [pool-1-thread-2] DEBUG com.mnc.udp.UDPServer - UDP-Server: Message-81-46
21:20:57.048 [pool-1-thread-4] DEBUG com.mnc.udp.UDPServer - UDP-Server: Message-31-99 -> Message-31-99 (/127.0.0.1:49456)
21:20:57.048 [pool-1-thread-5] DEBUG com.mnc.udp.UDPServer - UDP-Server: Message-96-41
21:20:57.048 [pool-1-thread-2] DEBUG com.mnc.udp.UDPServer - UDP-Server: Message-81-46 -> Message-81-46 (/127.0.0.1:49506)
21:20:57.048 [pool-1-thread-5] DEBUG com.mnc.udp.UDPServer - UDP-Server: Message-96-41 -> Message-96-41 (/127.0.0.1:49521)
21:20:57.048 [pool-1-thread-4] DEBUG com.mnc.udp.UDPServer - UDP-Server: Message-16-42
21:20:57.048 [pool-1-thread-1] DEBUG com.mnc.udp.UDPServer - UDP-Server: Message-82-47
21:20:57.048 [pool-1-thread-3] DEBUG com.mnc.udp.UDPServer - UDP-Server: Message-63-88
21:20:57.048 [pool-1-thread-5] DEBUG com.mnc.udp.UDPServer - UDP-Server: Message-48-47
21:20:57.048 [pool-1-thread-4] DEBUG com.mnc.udp.UDPServer - UDP-Server: Message-16-42 -> Message-16-42 (/127.0.0.1:49441)
21:20:57.049 [pool-1-thread-1] DEBUG com.mnc.udp.UDPServer - UDP-Server: Message-82-47 -> Message-82-47 (/127.0.0.1:49507)
21:20:57.049 [pool-1-thread-5] DEBUG com.mnc.udp.UDPServer - UDP-Server: Message-48-47 -> Message-48-47 (/127.0.0.1:49473)
21:20:57.049 [pool-1-thread-2] DEBUG com.mnc.udp.UDPServer - UDP-Server: Message-31-79
21:20:57.049 [pool-1-thread-2] DEBUG com.mnc.udp.UDPServer - UDP-Server: Message-31-79 -> Message-31-79 (/127.0.0.1:49456)
21:20:57.049 [pool-1-thread-5] DEBUG com.mnc.udp.UDPServer - UDP-Server: Message-81-47
21:20:57.049 [pool-1-thread-4] DEBUG com.mnc.udp.UDPServer - UDP-Server: Message-96-42
21:20:57.049 [pool-1-thread-3] DEBUG com.mnc.udp.UDPServer - UDP-Server: Message-63-88 -> Message-63-88 (/127.0.0.1:49488)
21:20:57.049 [pool-1-thread-3] DEBUG com.mnc.udp.UDPServer - UDP-Server: Message-16-38
21:20:57.049 [pool-1-thread-4] DEBUG com.mnc.udp.UDPServer - UDP-Server: Message-96-42 -> Message-96-42 (/127.0.0.1:49521)
21:20:57.049 [pool-1-thread-2] DEBUG com.mnc.udp.UDPServer - UDP-Server: Message-82-40
21:20:57.049 [pool-1-thread-5] DEBUG com.mnc.udp.UDPServer - UDP-Server: Message-81-47 -> Message-81-47 (/127.0.0.1:49506)
21:20:57.049 [pool-1-thread-3] DEBUG com.mnc.udp.UDPServer - UDP-Server: Message-16-38 -> Message-16-38 (/127.0.0.1:49441)
21:20:57.049 [pool-1-thread-4] DEBUG com.mnc.udp.UDPServer - UDP-Server: Message-48-40
21:20:57.049 [pool-1-thread-1] DEBUG com.mnc.udp.UDPServer - UDP-Server: Message-31-80
21:20:57.049 [pool-1-thread-2] DEBUG com.mnc.udp.UDPServer - UDP-Server: Message-82-40 -> Message-82-40 (/127.0.0.1:49507)
21:20:57.049 [pool-1-thread-1] DEBUG com.mnc.udp.UDPServer - UDP-Server: Message-31-80 -> Message-31-80 (/127.0.0.1:49456)
21:20:57.049 [pool-1-thread-5] DEBUG com.mnc.udp.UDPServer - UDP-Server: Message-63-89
21:20:57.049 [pool-1-thread-5] DEBUG com.mnc.udp.UDPServer - UDP-Server: Message-63-89 -> Message-63-89 (/127.0.0.1:49488)
21:20:57.049 [pool-1-thread-2] DEBUG com.mnc.udp.UDPServer - UDP-Server: Message-16-39
21:20:57.049 [pool-1-thread-4] DEBUG com.mnc.udp.UDPServer - UDP-Server: Message-48-40 -> Message-48-40 (/127.0.0.1:49473)
21:20:57.049 [pool-1-thread-3] DEBUG com.mnc.udp.UDPServer - UDP-Server: Message-96-38
21:20:57.049 [pool-1-thread-5] DEBUG com.mnc.udp.UDPServer - UDP-Server: Message-82-41
21:20:57.049 [pool-1-thread-1] DEBUG com.mnc.udp.UDPServer - UDP-Server: Message-81-40
21:20:57.049 [pool-1-thread-2] DEBUG com.mnc.udp.UDPServer - UDP-Server: Message-16-39 -> Message-16-39 (/127.0.0.1:49441)
21:20:57.049 [pool-1-thread-1] DEBUG com.mnc.udp.UDPServer - UDP-Server: Message-81-40 -> Message-81-40 (/127.0.0.1:49506)
21:20:57.049 [pool-1-thread-2] DEBUG com.mnc.udp.UDPServer - UDP-Server: Message-63-51
21:20:57.049 [pool-1-thread-3] DEBUG com.mnc.udp.UDPServer - UDP-Server: Message-96-38 -> Message-96-38 (/127.0.0.1:49521)
21:20:57.049 [pool-1-thread-3] DEBUG com.mnc.udp.UDPServer - UDP-Server: Message-48-41
21:20:57.049 [pool-1-thread-5] DEBUG com.mnc.udp.UDPServer - UDP-Server: Message-82-41 -> Message-82-41 (/127.0.0.1:49507)
21:20:57.049 [pool-1-thread-4] DEBUG com.mnc.udp.UDPServer - UDP-Server: Message-31-28
21:20:57.049 [pool-1-thread-2] DEBUG com.mnc.udp.UDPServer - UDP-Server: Message-63-51 -> Message-63-51 (/127.0.0.1:49488)
21:20:57.049 [pool-1-thread-3] DEBUG com.mnc.udp.UDPServer - UDP-Server: Message-48-41 -> Message-48-41 (/127.0.0.1:49473)
21:20:57.049 [pool-1-thread-1] DEBUG com.mnc.udp.UDPServer - UDP-Server: Message-16-37
21:20:57.049 [pool-1-thread-2] DEBUG com.mnc.udp.UDPServer - UDP-Server: Message-96-39
21:20:57.049 [pool-1-thread-1] DEBUG com.mnc.udp.UDPServer - UDP-Server: Message-16-37 -> Message-16-37 (/127.0.0.1:49441)
21:20:57.049 [pool-1-thread-4] DEBUG com.mnc.udp.UDPServer - UDP-Server: Message-31-28 -> Message-31-28 (/127.0.0.1:49456)
21:20:57.049 [pool-1-thread-1] DEBUG com.mnc.udp.UDPServer - UDP-Server: Message-63-52
21:20:57.049 [pool-1-thread-5] DEBUG com.mnc.udp.UDPServer - UDP-Server: Message-81-41
21:20:57.049 [pool-1-thread-2] DEBUG com.mnc.udp.UDPServer - UDP-Server: Message-96-39 -> Message-96-39 (/127.0.0.1:49521)
21:20:57.049 [pool-1-thread-4] DEBUG com.mnc.udp.UDPServer - UDP-Server: Message-48-42
21:20:57.049 [pool-1-thread-3] DEBUG com.mnc.udp.UDPServer - UDP-Server: Message-82-42
21:20:57.049 [pool-1-thread-1] DEBUG com.mnc.udp.UDPServer - UDP-Server: Message-63-52 -> Message-63-52 (/127.0.0.1:49488)
21:20:57.049 [pool-1-thread-5] DEBUG com.mnc.udp.UDPServer - UDP-Server: Message-81-41 -> Message-81-41 (/127.0.0.1:49506)
21:20:57.049 [pool-1-thread-4] DEBUG com.mnc.udp.UDPServer - UDP-Server: Message-48-42 -> Message-48-42 (/127.0.0.1:49473)
21:20:57.049 [pool-1-thread-3] DEBUG com.mnc.udp.UDPServer - UDP-Server: Message-82-42 -> Message-82-42 (/127.0.0.1:49507)
21:20:57.049 [pool-1-thread-1] DEBUG com.mnc.udp.UDPServer - UDP-Server: Message-31-76
21:20:57.049 [pool-1-thread-1] DEBUG com.mnc.udp.UDPServer - UDP-Server: Message-31-76 -> Message-31-76 (/127.0.0.1:49456)
21:20:57.049 [pool-1-thread-3] DEBUG com.mnc.udp.UDPServer - UDP-Server: Message-96-37
21:20:57.049 [pool-1-thread-3] DEBUG com.mnc.udp.UDPServer - UDP-Server: Message-96-37 -> Message-96-37 (/127.0.0.1:49521)
21:20:57.049 [pool-1-thread-1] DEBUG com.mnc.udp.UDPServer - UDP-Server: Message-63-50
21:20:57.049 [pool-1-thread-2] DEBUG com.mnc.udp.UDPServer - UDP-Server: Message-16-15
21:20:57.049 [pool-1-thread-2] DEBUG com.mnc.udp.UDPServer - UDP-Server: Message-16-15 -> Message-16-15 (/127.0.0.1:49441)
21:20:57.049 [pool-1-thread-4] DEBUG com.mnc.udp.UDPServer - UDP-Server: Message-81-42
21:20:57.049 [pool-1-thread-4] DEBUG com.mnc.udp.UDPServer - UDP-Server: Message-81-42 -> Message-81-42 (/127.0.0.1:49506)
21:20:57.049 [pool-1-thread-1] DEBUG com.mnc.udp.UDPServer - UDP-Server: Message-63-50 -> Message-63-50 (/127.0.0.1:49488)
21:20:57.049 [pool-1-thread-4] DEBUG com.mnc.udp.UDPServer - UDP-Server: Message-31-77
21:20:57.049 [pool-1-thread-2] DEBUG com.mnc.udp.UDPServer - UDP-Server: Message-16-16
21:20:57.049 [pool-1-thread-3] DEBUG com.mnc.udp.UDPServer - UDP-Server: Message-48-38
21:20:57.049 [pool-1-thread-5] DEBUG com.mnc.udp.UDPServer - UDP-Server: Message-82-38
21:20:57.049 [pool-1-thread-1] DEBUG com.mnc.udp.UDPServer - UDP-Server: Message-96-15
21:20:57.049 [pool-1-thread-4] DEBUG com.mnc.udp.UDPServer - UDP-Server: Message-31-77 -> Message-31-77 (/127.0.0.1:49456)
21:20:57.049 [pool-1-thread-2] DEBUG com.mnc.udp.UDPServer - UDP-Server: Message-16-16 -> Message-16-16 (/127.0.0.1:49441)
21:20:57.050 [pool-1-thread-3] DEBUG com.mnc.udp.UDPServer - UDP-Server: Message-48-38 -> Message-48-38 (/127.0.0.1:49473)
21:20:57.050 [pool-1-thread-4] DEBUG com.mnc.udp.UDPServer - UDP-Server: Message-81-38
21:20:57.050 [pool-1-thread-2] DEBUG com.mnc.udp.UDPServer - UDP-Server: Message-63-29
21:20:57.050 [pool-1-thread-2] DEBUG com.mnc.udp.UDPServer - UDP-Server: Message-63-29 -> Message-63-29 (/127.0.0.1:49488)
21:20:57.050 [pool-1-thread-4] DEBUG com.mnc.udp.UDPServer - UDP-Server: Message-81-38 -> Message-81-38 (/127.0.0.1:49506)
21:20:57.050 [pool-1-thread-1] DEBUG com.mnc.udp.UDPServer - UDP-Server: Message-96-15 -> Message-96-15 (/127.0.0.1:49521)
21:20:57.050 [pool-1-thread-5] DEBUG com.mnc.udp.UDPServer - UDP-Server: Message-82-38 -> Message-82-38 (/127.0.0.1:49507)
21:20:57.050 [pool-1-thread-4] DEBUG com.mnc.udp.UDPServer - UDP-Server: Message-31-75
21:20:57.050 [pool-1-thread-4] DEBUG com.mnc.udp.UDPServer - UDP-Server: Message-31-75 -> Message-31-75 (/127.0.0.1:49456)
21:20:57.050 [pool-1-thread-2] DEBUG com.mnc.udp.UDPServer - UDP-Server: Message-16-17
21:20:57.050 [pool-1-thread-5] DEBUG com.mnc.udp.UDPServer - UDP-Server: Message-48-39
21:20:57.050 [pool-1-thread-2] DEBUG com.mnc.udp.UDPServer - UDP-Server: Message-16-17 -> Message-16-17 (/127.0.0.1:49441)
21:20:57.050 [pool-1-thread-5] DEBUG com.mnc.udp.UDPServer - UDP-Server: Message-48-39 -> Message-48-39 (/127.0.0.1:49473)
21:20:57.050 [pool-1-thread-1] DEBUG com.mnc.udp.UDPServer - UDP-Server: Message-96-16
21:20:57.050 [pool-1-thread-4] DEBUG com.mnc.udp.UDPServer - UDP-Server: Message-63-30
21:20:57.050 [pool-1-thread-2] DEBUG com.mnc.udp.UDPServer - UDP-Server: Message-82-39
21:20:57.050 [pool-1-thread-3] DEBUG com.mnc.udp.UDPServer - UDP-Server: Message-81-39
21:20:57.050 [pool-1-thread-1] DEBUG com.mnc.udp.UDPServer - UDP-Server: Message-96-16 -> Message-96-16 (/127.0.0.1:49521)
21:20:57.050 [pool-1-thread-4] DEBUG com.mnc.udp.UDPServer - UDP-Server: Message-63-30 -> Message-63-30 (/127.0.0.1:49488)
21:20:57.050 [pool-1-thread-1] DEBUG com.mnc.udp.UDPServer - UDP-Server: Message-16-13
21:20:57.050 [pool-1-thread-2] DEBUG com.mnc.udp.UDPServer - UDP-Server: Message-82-39 -> Message-82-39 (/127.0.0.1:49507)
21:20:57.050 [pool-1-thread-4] DEBUG com.mnc.udp.UDPServer - UDP-Server: Message-48-37
21:20:57.050 [pool-1-thread-4] DEBUG com.mnc.udp.UDPServer - UDP-Server: Message-48-37 -> Message-48-37 (/127.0.0.1:49473)
21:20:57.050 [pool-1-thread-5] DEBUG com.mnc.udp.UDPServer - UDP-Server: Message-31-94
21:20:57.050 [pool-1-thread-5] DEBUG com.mnc.udp.UDPServer - UDP-Server: Message-31-94 -> Message-31-94 (/127.0.0.1:49456)
21:20:57.050 [pool-1-thread-3] DEBUG com.mnc.udp.UDPServer - UDP-Server: Message-81-39 -> Message-81-39 (/127.0.0.1:49506)
21:20:57.050 [pool-1-thread-5] DEBUG com.mnc.udp.UDPServer - UDP-Server: Message-82-37
21:20:57.050 [pool-1-thread-5] DEBUG com.mnc.udp.UDPServer - UDP-Server: Message-82-37 -> Message-82-37 (/127.0.0.1:49507)
21:20:57.050 [pool-1-thread-1] DEBUG com.mnc.udp.UDPServer - UDP-Server: Message-16-13 -> Message-16-13 (/127.0.0.1:49441)
21:20:57.050 [pool-1-thread-3] DEBUG com.mnc.udp.UDPServer - UDP-Server: Message-48-15
21:20:57.050 [pool-1-thread-2] DEBUG com.mnc.udp.UDPServer - UDP-Server: Message-96-17
21:20:57.050 [pool-1-thread-1] DEBUG com.mnc.udp.UDPServer - UDP-Server: Message-31-95
21:20:57.050 [pool-1-thread-2] DEBUG com.mnc.udp.UDPServer - UDP-Server: Message-96-17 -> Message-96-17 (/127.0.0.1:49521)
21:20:57.050 [pool-1-thread-1] DEBUG com.mnc.udp.UDPServer - UDP-Server: Message-31-95 -> Message-31-95 (/127.0.0.1:49456)
21:20:57.050 [pool-1-thread-4] DEBUG com.mnc.udp.UDPServer - UDP-Server: Message-63-71
21:20:57.050 [pool-1-thread-3] DEBUG com.mnc.udp.UDPServer - UDP-Server: Message-48-15 -> Message-48-15 (/127.0.0.1:49473)
21:20:57.050 [pool-1-thread-2] DEBUG com.mnc.udp.UDPServer - UDP-Server: Message-82-15
21:20:57.050 [pool-1-thread-3] DEBUG com.mnc.udp.UDPServer - UDP-Server: Message-96-13
21:20:57.050 [pool-1-thread-5] DEBUG com.mnc.udp.UDPServer - UDP-Server: Message-81-37
21:20:57.050 [pool-1-thread-3] DEBUG com.mnc.udp.UDPServer - UDP-Server: Message-96-13 -> Message-96-13 (/127.0.0.1:49521)
21:20:57.050 [pool-1-thread-5] DEBUG com.mnc.udp.UDPServer - UDP-Server: Message-81-37 -> Message-81-37 (/127.0.0.1:49506)
21:20:57.050 [pool-1-thread-1] DEBUG com.mnc.udp.UDPServer - UDP-Server: Message-16-14
21:20:57.050 [pool-1-thread-3] DEBUG com.mnc.udp.UDPServer - UDP-Server: Message-31-93
21:20:57.050 [pool-1-thread-4] DEBUG com.mnc.udp.UDPServer - UDP-Server: Message-63-71 -> Message-63-71 (/127.0.0.1:49488)
21:20:57.050 [pool-1-thread-5] DEBUG com.mnc.udp.UDPServer - UDP-Server: Message-48-16
21:20:57.050 [pool-1-thread-2] DEBUG com.mnc.udp.UDPServer - UDP-Server: Message-82-15 -> Message-82-15 (/127.0.0.1:49507)
21:20:57.050 [pool-1-thread-5] DEBUG com.mnc.udp.UDPServer - UDP-Server: Message-48-16 -> Message-48-16 (/127.0.0.1:49473)
21:20:57.050 [pool-1-thread-1] DEBUG com.mnc.udp.UDPServer - UDP-Server: Message-16-14 -> Message-16-14 (/127.0.0.1:49441)
21:20:57.050 [pool-1-thread-4] DEBUG com.mnc.udp.UDPServer - UDP-Server: Message-96-14
21:20:57.050 [pool-1-thread-4] DEBUG com.mnc.udp.UDPServer - UDP-Server: Message-96-14 -> Message-96-14 (/127.0.0.1:49521)
21:20:57.050 [pool-1-thread-3] DEBUG com.mnc.udp.UDPServer - UDP-Server: Message-31-93 -> Message-31-93 (/127.0.0.1:49456)
21:20:57.050 [pool-1-thread-2] DEBUG com.mnc.udp.UDPServer - UDP-Server: Message-63-72
21:20:57.050 [pool-1-thread-4] DEBUG com.mnc.udp.UDPServer - UDP-Server: Message-81-15
21:20:57.050 [pool-1-thread-5] DEBUG com.mnc.udp.UDPServer - UDP-Server: Message-48-17
21:20:57.050 [pool-1-thread-1] DEBUG com.mnc.udp.UDPServer - UDP-Server: Message-16-12
21:20:57.050 [pool-1-thread-4] DEBUG com.mnc.udp.UDPServer - UDP-Server: Message-81-15 -> Message-81-15 (/127.0.0.1:49506)
21:20:57.050 [pool-1-thread-2] DEBUG com.mnc.udp.UDPServer - UDP-Server: Message-63-72 -> Message-63-72 (/127.0.0.1:49488)
21:20:57.050 [pool-1-thread-5] DEBUG com.mnc.udp.UDPServer - UDP-Server: Message-48-17 -> Message-48-17 (/127.0.0.1:49473)
21:20:57.050 [pool-1-thread-2] DEBUG com.mnc.udp.UDPServer - UDP-Server: Message-31-29
21:20:57.050 [pool-1-thread-1] DEBUG com.mnc.udp.UDPServer - UDP-Server: Message-16-12 -> Message-16-12 (/127.0.0.1:49441)
21:20:57.050 [pool-1-thread-3] DEBUG com.mnc.udp.UDPServer - UDP-Server: Message-82-16
21:20:57.050 [pool-1-thread-4] DEBUG com.mnc.udp.UDPServer - UDP-Server: Message-96-12
21:20:57.051 [pool-1-thread-2] DEBUG com.mnc.udp.UDPServer - UDP-Server: Message-31-29 -> Message-31-29 (/127.0.0.1:49456)
21:20:57.051 [pool-1-thread-5] DEBUG com.mnc.udp.UDPServer - UDP-Server: Message-81-16
21:20:57.051 [pool-1-thread-3] DEBUG com.mnc.udp.UDPServer - UDP-Server: Message-82-16 -> Message-82-16 (/127.0.0.1:49507)
21:20:57.051 [pool-1-thread-4] DEBUG com.mnc.udp.UDPServer - UDP-Server: Message-96-12 -> Message-96-12 (/127.0.0.1:49521)
21:20:57.051 [pool-1-thread-2] DEBUG com.mnc.udp.UDPServer - UDP-Server: Message-48-13
21:20:57.051 [pool-1-thread-1] DEBUG com.mnc.udp.UDPServer - UDP-Server: Message-63-87
21:20:57.051 [pool-1-thread-3] DEBUG com.mnc.udp.UDPServer - UDP-Server: Message-31-30
21:20:57.051 [pool-1-thread-5] DEBUG com.mnc.udp.UDPServer - UDP-Server: Message-81-16 -> Message-81-16 (/127.0.0.1:49506)
21:20:57.051 [pool-1-thread-2] DEBUG com.mnc.udp.UDPServer - UDP-Server: Message-48-13 -> Message-48-13 (/127.0.0.1:49473)
21:20:57.051 [pool-1-thread-4] DEBUG com.mnc.udp.UDPServer - UDP-Server: Message-16-21
21:20:57.051 [pool-1-thread-2] DEBUG com.mnc.udp.UDPServer - UDP-Server: Message-82-17
21:20:57.051 [pool-1-thread-4] DEBUG com.mnc.udp.UDPServer - UDP-Server: Message-16-21 -> Message-16-21 (/127.0.0.1:49441)
21:20:57.051 [pool-1-thread-1] DEBUG com.mnc.udp.UDPServer - UDP-Server: Message-63-87 -> Message-63-87 (/127.0.0.1:49488)
21:20:57.051 [pool-1-thread-4] DEBUG com.mnc.udp.UDPServer - UDP-Server: Message-81-17
21:20:57.051 [pool-1-thread-3] DEBUG com.mnc.udp.UDPServer - UDP-Server: Message-31-30 -> Message-31-30 (/127.0.0.1:49456)
21:20:57.051 [pool-1-thread-4] DEBUG com.mnc.udp.UDPServer - UDP-Server: Message-81-17 -> Message-81-17 (/127.0.0.1:49506)
21:20:57.051 [pool-1-thread-2] DEBUG com.mnc.udp.UDPServer - UDP-Server: Message-82-17 -> Message-82-17 (/127.0.0.1:49507)
21:20:57.051 [pool-1-thread-5] DEBUG com.mnc.udp.UDPServer - UDP-Server: Message-96-21
21:20:57.051 [pool-1-thread-5] DEBUG com.mnc.udp.UDPServer - UDP-Server: Message-96-21 -> Message-96-21 (/127.0.0.1:49521)
21:20:57.051 [pool-1-thread-1] DEBUG com.mnc.udp.UDPServer - UDP-Server: Message-48-14
21:20:57.051 [pool-1-thread-3] DEBUG com.mnc.udp.UDPServer - UDP-Server: Message-16-22
21:20:57.051 [pool-1-thread-1] DEBUG com.mnc.udp.UDPServer - UDP-Server: Message-48-14 -> Message-48-14 (/127.0.0.1:49473)
21:20:57.051 [pool-1-thread-4] DEBUG com.mnc.udp.UDPServer - UDP-Server: Message-63-73
21:20:57.051 [pool-1-thread-2] DEBUG com.mnc.udp.UDPServer - UDP-Server: Message-31-53
21:20:57.051 [pool-1-thread-5] DEBUG com.mnc.udp.UDPServer - UDP-Server: Message-81-13
21:20:57.051 [pool-1-thread-3] DEBUG com.mnc.udp.UDPServer - UDP-Server: Message-16-22 -> Message-16-22 (/127.0.0.1:49441)
21:20:57.051 [pool-1-thread-4] DEBUG com.mnc.udp.UDPServer - UDP-Server: Message-63-73 -> Message-63-73 (/127.0.0.1:49488)
21:20:57.051 [pool-1-thread-3] DEBUG com.mnc.udp.UDPServer - UDP-Server: Message-96-22
21:20:57.051 [pool-1-thread-1] DEBUG com.mnc.udp.UDPServer - UDP-Server: Message-82-13
21:20:57.051 [pool-1-thread-4] DEBUG com.mnc.udp.UDPServer - UDP-Server: Message-48-12
21:20:57.051 [pool-1-thread-2] DEBUG com.mnc.udp.UDPServer - UDP-Server: Message-31-53 -> Message-31-53 (/127.0.0.1:49456)
21:20:57.051 [pool-1-thread-5] DEBUG com.mnc.udp.UDPServer - UDP-Server: Message-81-13 -> Message-81-13 (/127.0.0.1:49506)
21:20:57.051 [pool-1-thread-3] DEBUG com.mnc.udp.UDPServer - UDP-Server: Message-96-22 -> Message-96-22 (/127.0.0.1:49521)
21:20:57.051 [pool-1-thread-5] DEBUG com.mnc.udp.UDPServer - UDP-Server: Message-16-23
21:20:57.051 [pool-1-thread-2] DEBUG com.mnc.udp.UDPServer - UDP-Server: Message-63-74
21:20:57.051 [pool-1-thread-2] DEBUG com.mnc.udp.UDPServer - UDP-Server: Message-63-74 -> Message-63-74 (/127.0.0.1:49488)
21:20:57.051 [pool-1-thread-1] DEBUG com.mnc.udp.UDPServer - UDP-Server: Message-82-13 -> Message-82-13 (/127.0.0.1:49507)
21:20:57.051 [pool-1-thread-4] DEBUG com.mnc.udp.UDPServer - UDP-Server: Message-48-12 -> Message-48-12 (/127.0.0.1:49473)
21:20:57.051 [pool-1-thread-1] DEBUG com.mnc.udp.UDPServer - UDP-Server: Message-81-14
21:20:57.051 [pool-1-thread-2] DEBUG com.mnc.udp.UDPServer - UDP-Server: Message-31-57
21:20:57.051 [pool-1-thread-1] DEBUG com.mnc.udp.UDPServer - UDP-Server: Message-81-14 -> Message-81-14 (/127.0.0.1:49506)
21:20:57.051 [pool-1-thread-5] DEBUG com.mnc.udp.UDPServer - UDP-Server: Message-16-23 -> Message-16-23 (/127.0.0.1:49441)
21:20:57.051 [pool-1-thread-1] DEBUG com.mnc.udp.UDPServer - UDP-Server: Message-63-69
21:20:57.051 [pool-1-thread-1] DEBUG com.mnc.udp.UDPServer - UDP-Server: Message-63-69 -> Message-63-69 (/127.0.0.1:49488)
21:20:57.051 [pool-1-thread-2] DEBUG com.mnc.udp.UDPServer - UDP-Server: Message-31-57 -> Message-31-57 (/127.0.0.1:49456)
21:20:57.051 [pool-1-thread-1] DEBUG com.mnc.udp.UDPServer - UDP-Server: Message-82-14
21:20:57.051 [pool-1-thread-1] DEBUG com.mnc.udp.UDPServer - UDP-Server: Message-82-14 -> Message-82-14 (/127.0.0.1:49507)
21:20:57.051 [pool-1-thread-4] DEBUG com.mnc.udp.UDPServer - UDP-Server: Message-96-23
21:20:57.051 [pool-1-thread-4] DEBUG com.mnc.udp.UDPServer - UDP-Server: Message-96-23 -> Message-96-23 (/127.0.0.1:49521)
21:20:57.051 [pool-1-thread-5] DEBUG com.mnc.udp.UDPServer - UDP-Server: Message-81-12
21:20:57.051 [pool-1-thread-1] DEBUG com.mnc.udp.UDPServer - UDP-Server: Message-48-21
21:20:57.051 [pool-1-thread-5] DEBUG com.mnc.udp.UDPServer - UDP-Server: Message-81-12 -> Message-81-12 (/127.0.0.1:49506)
21:20:57.051 [pool-1-thread-4] DEBUG com.mnc.udp.UDPServer - UDP-Server: Message-16-24
21:20:57.051 [pool-1-thread-4] DEBUG com.mnc.udp.UDPServer - UDP-Server: Message-16-24 -> Message-16-24 (/127.0.0.1:49441)
21:20:57.051 [pool-1-thread-5] DEBUG com.mnc.udp.UDPServer - UDP-Server: Message-31-58
21:20:57.051 [pool-1-thread-1] DEBUG com.mnc.udp.UDPServer - UDP-Server: Message-48-21 -> Message-48-21 (/127.0.0.1:49473)
21:20:57.051 [pool-1-thread-5] DEBUG com.mnc.udp.UDPServer - UDP-Server: Message-31-58 -> Message-31-58 (/127.0.0.1:49456)
21:20:57.051 [pool-1-thread-4] DEBUG com.mnc.udp.UDPServer - UDP-Server: Message-96-24
21:20:57.051 [pool-1-thread-2] DEBUG com.mnc.udp.UDPServer - UDP-Server: Message-82-12
21:20:57.051 [pool-1-thread-4] DEBUG com.mnc.udp.UDPServer - UDP-Server: Message-96-24 -> Message-96-24 (/127.0.0.1:49521)
21:20:57.051 [pool-1-thread-1] DEBUG com.mnc.udp.UDPServer - UDP-Server: Message-81-21
21:20:57.051 [pool-1-thread-2] DEBUG com.mnc.udp.UDPServer - UDP-Server: Message-82-12 -> Message-82-12 (/127.0.0.1:49507)
21:20:57.051 [pool-1-thread-1] DEBUG com.mnc.udp.UDPServer - UDP-Server: Message-81-21 -> Message-81-21 (/127.0.0.1:49506)
21:20:57.051 [pool-1-thread-5] DEBUG com.mnc.udp.UDPServer - UDP-Server: Message-16-19
21:20:57.051 [pool-1-thread-3] DEBUG com.mnc.udp.UDPServer - UDP-Server: Message-63-70
21:20:57.052 [pool-1-thread-5] DEBUG com.mnc.udp.UDPServer - UDP-Server: Message-16-19 -> Message-16-19 (/127.0.0.1:49441)
21:20:57.052 [pool-1-thread-1] DEBUG com.mnc.udp.UDPServer - UDP-Server: Message-48-22
21:20:57.052 [pool-1-thread-2] DEBUG com.mnc.udp.UDPServer - UDP-Server: Message-31-56
21:20:57.052 [pool-1-thread-1] DEBUG com.mnc.udp.UDPServer - UDP-Server: Message-48-22 -> Message-48-22 (/127.0.0.1:49473)
21:20:57.052 [pool-1-thread-4] DEBUG com.mnc.udp.UDPServer - UDP-Server: Message-81-22
21:20:57.052 [pool-1-thread-3] DEBUG com.mnc.udp.UDPServer - UDP-Server: Message-63-70 -> Message-63-70 (/127.0.0.1:49488)
21:20:57.052 [pool-1-thread-4] DEBUG com.mnc.udp.UDPServer - UDP-Server: Message-81-22 -> Message-81-22 (/127.0.0.1:49506)
21:20:57.052 [pool-1-thread-5] DEBUG com.mnc.udp.UDPServer - UDP-Server: Message-96-19
21:20:57.052 [pool-1-thread-5] DEBUG com.mnc.udp.UDPServer - UDP-Server: Message-96-19 -> Message-96-19 (/127.0.0.1:49521)
21:20:57.052 [pool-1-thread-2] DEBUG com.mnc.udp.UDPServer - UDP-Server: Message-31-56 -> Message-31-56 (/127.0.0.1:49456)
21:20:57.052 [pool-1-thread-5] DEBUG com.mnc.udp.UDPServer - UDP-Server: Message-48-23
21:20:57.052 [pool-1-thread-1] DEBUG com.mnc.udp.UDPServer - UDP-Server: Message-82-21
21:20:57.052 [pool-1-thread-1] DEBUG com.mnc.udp.UDPServer - UDP-Server: Message-82-21 -> Message-82-21 (/127.0.0.1:49507)
21:20:57.052 [pool-1-thread-4] DEBUG com.mnc.udp.UDPServer - UDP-Server: Message-16-20
21:20:57.052 [pool-1-thread-5] DEBUG com.mnc.udp.UDPServer - UDP-Server: Message-48-23 -> Message-48-23 (/127.0.0.1:49473)
21:20:57.052 [pool-1-thread-2] DEBUG com.mnc.udp.UDPServer - UDP-Server: Message-63-26
21:20:57.052 [pool-1-thread-4] DEBUG com.mnc.udp.UDPServer - UDP-Server: Message-16-20 -> Message-16-20 (/127.0.0.1:49441)
21:20:57.052 [pool-1-thread-5] DEBUG com.mnc.udp.UDPServer - UDP-Server: Message-31-54
21:20:57.052 [pool-1-thread-3] DEBUG com.mnc.udp.UDPServer - UDP-Server: Message-81-23
21:20:57.052 [pool-1-thread-1] DEBUG com.mnc.udp.UDPServer - UDP-Server: Message-96-20
21:20:57.052 [pool-1-thread-4] DEBUG com.mnc.udp.UDPServer - UDP-Server: Message-82-22
21:20:57.052 [pool-1-thread-2] DEBUG com.mnc.udp.UDPServer - UDP-Server: Message-63-26 -> Message-63-26 (/127.0.0.1:49488)
21:20:57.052 [pool-1-thread-5] DEBUG com.mnc.udp.UDPServer - UDP-Server: Message-31-54 -> Message-31-54 (/127.0.0.1:49456)
21:20:57.052 [pool-1-thread-3] DEBUG com.mnc.udp.UDPServer - UDP-Server: Message-81-23 -> Message-81-23 (/127.0.0.1:49506)
21:20:57.052 [pool-1-thread-1] DEBUG com.mnc.udp.UDPServer - UDP-Server: Message-96-20 -> Message-96-20 (/127.0.0.1:49521)
21:20:57.052 [pool-1-thread-5] DEBUG com.mnc.udp.UDPServer - UDP-Server: Message-16-18
21:20:57.052 [pool-1-thread-4] DEBUG com.mnc.udp.UDPServer - UDP-Server: Message-82-22 -> Message-82-22 (/127.0.0.1:49507)
21:20:57.052 [pool-1-thread-2] DEBUG com.mnc.udp.UDPServer - UDP-Server: Message-48-24
21:20:57.052 [pool-1-thread-2] DEBUG com.mnc.udp.UDPServer - UDP-Server: Message-48-24 -> Message-48-24 (/127.0.0.1:49473)
21:20:57.052 [pool-1-thread-5] DEBUG com.mnc.udp.UDPServer - UDP-Server: Message-16-18 -> Message-16-18 (/127.0.0.1:49441)
21:20:57.052 [pool-1-thread-1] DEBUG com.mnc.udp.UDPServer - UDP-Server: Message-63-27
21:20:57.052 [pool-1-thread-4] DEBUG com.mnc.udp.UDPServer - UDP-Server: Message-31-55
21:20:57.052 [pool-1-thread-3] DEBUG com.mnc.udp.UDPServer - UDP-Server: Message-96-18
21:20:57.052 [pool-1-thread-3] DEBUG com.mnc.udp.UDPServer - UDP-Server: Message-96-18 -> Message-96-18 (/127.0.0.1:49521)
21:20:57.052 [pool-1-thread-2] DEBUG com.mnc.udp.UDPServer - UDP-Server: Message-81-24
21:20:57.052 [pool-1-thread-5] DEBUG com.mnc.udp.UDPServer - UDP-Server: Message-82-23
21:20:57.052 [pool-1-thread-4] DEBUG com.mnc.udp.UDPServer - UDP-Server: Message-31-55 -> Message-31-55 (/127.0.0.1:49456)
21:20:57.052 [pool-1-thread-1] DEBUG com.mnc.udp.UDPServer - UDP-Server: Message-63-27 -> Message-63-27 (/127.0.0.1:49488)
21:20:57.052 [pool-1-thread-4] DEBUG com.mnc.udp.UDPServer - UDP-Server: Message-16-7
21:20:57.052 [pool-1-thread-4] DEBUG com.mnc.udp.UDPServer - UDP-Server: Message-16-7 -> Message-16-7 (/127.0.0.1:49441)
21:20:57.052 [pool-1-thread-2] DEBUG com.mnc.udp.UDPServer - UDP-Server: Message-81-24 -> Message-81-24 (/127.0.0.1:49506)
21:20:57.052 [pool-1-thread-4] DEBUG com.mnc.udp.UDPServer - UDP-Server: Message-48-19
21:20:57.052 [pool-1-thread-4] DEBUG com.mnc.udp.UDPServer - UDP-Server: Message-48-19 -> Message-48-19 (/127.0.0.1:49473)
21:20:57.052 [pool-1-thread-5] DEBUG com.mnc.udp.UDPServer - UDP-Server: Message-82-23 -> Message-82-23 (/127.0.0.1:49507)
21:20:57.052 [pool-1-thread-1] DEBUG com.mnc.udp.UDPServer - UDP-Server: Message-96-7
21:20:57.052 [pool-1-thread-3] DEBUG com.mnc.udp.UDPServer - UDP-Server: Message-31-26
21:20:57.052 [pool-1-thread-1] DEBUG com.mnc.udp.UDPServer - UDP-Server: Message-96-7 -> Message-96-7 (/127.0.0.1:49521)
21:20:57.052 [pool-1-thread-3] DEBUG com.mnc.udp.UDPServer - UDP-Server: Message-31-26 -> Message-31-26 (/127.0.0.1:49456)
21:20:57.052 [pool-1-thread-2] DEBUG com.mnc.udp.UDPServer - UDP-Server: Message-63-25
21:20:57.052 [pool-1-thread-4] DEBUG com.mnc.udp.UDPServer - UDP-Server: Message-16-8
21:20:57.052 [pool-1-thread-1] DEBUG com.mnc.udp.UDPServer - UDP-Server: Message-81-19
21:20:57.052 [pool-1-thread-2] DEBUG com.mnc.udp.UDPServer - UDP-Server: Message-63-25 -> Message-63-25 (/127.0.0.1:49488)
21:20:57.052 [pool-1-thread-4] DEBUG com.mnc.udp.UDPServer - UDP-Server: Message-16-8 -> Message-16-8 (/127.0.0.1:49441)
21:20:57.052 [pool-1-thread-5] DEBUG com.mnc.udp.UDPServer - UDP-Server: Message-48-20
21:20:57.052 [pool-1-thread-5] DEBUG com.mnc.udp.UDPServer - UDP-Server: Message-48-20 -> Message-48-20 (/127.0.0.1:49473)
21:20:57.052 [pool-1-thread-1] DEBUG com.mnc.udp.UDPServer - UDP-Server: Message-81-19 -> Message-81-19 (/127.0.0.1:49506)
21:20:57.052 [pool-1-thread-4] DEBUG com.mnc.udp.UDPServer - UDP-Server: Message-96-8
21:20:57.052 [pool-1-thread-2] DEBUG com.mnc.udp.UDPServer - UDP-Server: Message-82-24
21:20:57.053 [pool-1-thread-2] DEBUG com.mnc.udp.UDPServer - UDP-Server: Message-82-24 -> Message-82-24 (/127.0.0.1:49507)
21:20:57.053 [pool-1-thread-5] DEBUG com.mnc.udp.UDPServer - UDP-Server: Message-31-27
21:20:57.053 [pool-1-thread-4] DEBUG com.mnc.udp.UDPServer - UDP-Server: Message-96-8 -> Message-96-8 (/127.0.0.1:49521)
21:20:57.053 [pool-1-thread-1] DEBUG com.mnc.udp.UDPServer - UDP-Server: Message-16-6
21:20:57.053 [pool-1-thread-4] DEBUG com.mnc.udp.UDPServer - UDP-Server: Message-81-20
21:20:57.053 [pool-1-thread-4] DEBUG com.mnc.udp.UDPServer - UDP-Server: Message-81-20 -> Message-81-20 (/127.0.0.1:49506)
21:20:57.053 [pool-1-thread-3] DEBUG com.mnc.udp.UDPServer - UDP-Server: Message-63-44
21:20:57.053 [pool-1-thread-2] DEBUG com.mnc.udp.UDPServer - UDP-Server: Message-48-18
21:20:57.053 [pool-1-thread-4] DEBUG com.mnc.udp.UDPServer - UDP-Server: Message-82-19
21:20:57.053 [pool-1-thread-2] DEBUG com.mnc.udp.UDPServer - UDP-Server: Message-48-18 -> Message-48-18 (/127.0.0.1:49473)
21:20:57.053 [pool-1-thread-5] DEBUG com.mnc.udp.UDPServer - UDP-Server: Message-31-27 -> Message-31-27 (/127.0.0.1:49456)
21:20:57.053 [pool-1-thread-1] DEBUG com.mnc.udp.UDPServer - UDP-Server: Message-16-6 -> Message-16-6 (/127.0.0.1:49441)
21:20:57.053 [pool-1-thread-3] DEBUG com.mnc.udp.UDPServer - UDP-Server: Message-63-44 -> Message-63-44 (/127.0.0.1:49488)
21:20:57.053 [pool-1-thread-4] DEBUG com.mnc.udp.UDPServer - UDP-Server: Message-82-19 -> Message-82-19 (/127.0.0.1:49507)
21:20:57.053 [pool-1-thread-2] DEBUG com.mnc.udp.UDPServer - UDP-Server: Message-96-6
21:20:57.053 [pool-1-thread-2] DEBUG com.mnc.udp.UDPServer - UDP-Server: Message-96-6 -> Message-96-6 (/127.0.0.1:49521)
21:20:57.053 [pool-1-thread-5] DEBUG com.mnc.udp.UDPServer - UDP-Server: Message-81-18
21:20:57.053 [pool-1-thread-4] DEBUG com.mnc.udp.UDPServer - UDP-Server: Message-48-7
21:20:57.057 [pool-1-thread-1] DEBUG com.mnc.udp.UDPServer - UDP-Server: Message-31-25
21:20:57.057 [pool-1-thread-2] DEBUG com.mnc.udp.UDPServer - UDP-Server: Message-63-68
21:20:57.057 [pool-1-thread-3] DEBUG com.mnc.udp.UDPServer - UDP-Server: Message-82-20
21:20:57.057 [pool-1-thread-2] DEBUG com.mnc.udp.UDPServer - UDP-Server: Message-63-68 -> Message-63-68 (/127.0.0.1:49488)
21:20:57.057 [pool-1-thread-3] DEBUG com.mnc.udp.UDPServer - UDP-Server: Message-82-20 -> Message-82-20 (/127.0.0.1:49507)
21:20:57.057 [pool-1-thread-4] DEBUG com.mnc.udp.UDPServer - UDP-Server: Message-48-7 -> Message-48-7 (/127.0.0.1:49473)
21:20:57.057 [pool-1-thread-3] DEBUG com.mnc.udp.UDPServer - UDP-Server: Message-16-10
21:20:57.057 [pool-1-thread-2] DEBUG com.mnc.udp.UDPServer - UDP-Server: Message-96-10
21:20:57.057 [pool-1-thread-5] DEBUG com.mnc.udp.UDPServer - UDP-Server: Message-81-18 -> Message-81-18 (/127.0.0.1:49506)
21:20:57.057 [pool-1-thread-1] DEBUG com.mnc.udp.UDPServer - UDP-Server: Message-31-25 -> Message-31-25 (/127.0.0.1:49456)
21:20:57.057 [pool-1-thread-3] DEBUG com.mnc.udp.UDPServer - UDP-Server: Message-16-10 -> Message-16-10 (/127.0.0.1:49441)
21:20:57.057 [pool-1-thread-4] DEBUG com.mnc.udp.UDPServer - UDP-Server: Message-48-8
21:20:57.057 [pool-1-thread-4] DEBUG com.mnc.udp.UDPServer - UDP-Server: Message-48-8 -> Message-48-8 (/127.0.0.1:49473)
21:20:57.057 [pool-1-thread-2] DEBUG com.mnc.udp.UDPServer - UDP-Server: Message-96-10 -> Message-96-10 (/127.0.0.1:49521)
21:20:57.057 [pool-1-thread-5] DEBUG com.mnc.udp.UDPServer - UDP-Server: Message-82-18
21:20:57.057 [pool-1-thread-1] DEBUG com.mnc.udp.UDPServer - UDP-Server: Message-63-63
21:20:57.057 [pool-1-thread-5] DEBUG com.mnc.udp.UDPServer - UDP-Server: Message-82-18 -> Message-82-18 (/127.0.0.1:49507)
21:20:57.057 [pool-1-thread-3] DEBUG com.mnc.udp.UDPServer - UDP-Server: Message-16-11
21:20:57.057 [pool-1-thread-1] DEBUG com.mnc.udp.UDPServer - UDP-Server: Message-63-63 -> Message-63-63 (/127.0.0.1:49488)
21:20:57.057 [pool-1-thread-4] DEBUG com.mnc.udp.UDPServer - UDP-Server: Message-31-44
21:20:57.057 [pool-1-thread-4] DEBUG com.mnc.udp.UDPServer - UDP-Server: Message-31-44 -> Message-31-44 (/127.0.0.1:49456)
21:20:57.057 [pool-1-thread-2] DEBUG com.mnc.udp.UDPServer - UDP-Server: Message-48-6
21:20:57.057 [pool-1-thread-1] DEBUG com.mnc.udp.UDPServer - UDP-Server: Message-96-11
21:20:57.057 [pool-1-thread-1] DEBUG com.mnc.udp.UDPServer - UDP-Server: Message-96-11 -> Message-96-11 (/127.0.0.1:49521)
21:20:57.057 [pool-1-thread-3] DEBUG com.mnc.udp.UDPServer - UDP-Server: Message-16-11 -> Message-16-11 (/127.0.0.1:49441)
21:20:57.057 [pool-1-thread-5] DEBUG com.mnc.udp.UDPServer - UDP-Server: Message-81-7
21:20:57.057 [pool-1-thread-5] DEBUG com.mnc.udp.UDPServer - UDP-Server: Message-81-7 -> Message-81-7 (/127.0.0.1:49506)
21:20:57.057 [pool-1-thread-2] DEBUG com.mnc.udp.UDPServer - UDP-Server: Message-48-6 -> Message-48-6 (/127.0.0.1:49473)
21:20:57.057 [pool-1-thread-2] DEBUG com.mnc.udp.UDPServer - UDP-Server: Message-82-7
21:20:57.057 [pool-1-thread-2] DEBUG com.mnc.udp.UDPServer - UDP-Server: Message-82-7 -> Message-82-7 (/127.0.0.1:49507)
21:20:57.057 [pool-1-thread-2] DEBUG com.mnc.udp.UDPServer - UDP-Server: Message-63-64
21:20:57.057 [pool-1-thread-2] DEBUG com.mnc.udp.UDPServer - UDP-Server: Message-63-64 -> Message-63-64 (/127.0.0.1:49488)
21:20:57.057 [pool-1-thread-2] DEBUG com.mnc.udp.UDPServer - UDP-Server: Message-96-9
21:20:57.057 [pool-1-thread-2] DEBUG com.mnc.udp.UDPServer - UDP-Server: Message-96-9 -> Message-96-9 (/127.0.0.1:49521)
21:20:57.057 [pool-1-thread-4] DEBUG com.mnc.udp.UDPServer - UDP-Server: Message-16-9
21:20:57.057 [pool-1-thread-4] DEBUG com.mnc.udp.UDPServer - UDP-Server: Message-16-9 -> Message-16-9 (/127.0.0.1:49441)
21:20:57.058 [pool-1-thread-2] DEBUG com.mnc.udp.UDPServer - UDP-Server: Message-31-45
21:20:57.058 [pool-1-thread-2] DEBUG com.mnc.udp.UDPServer - UDP-Server: Message-31-45 -> Message-31-45 (/127.0.0.1:49456)
21:20:57.058 [pool-1-thread-2] DEBUG com.mnc.udp.UDPServer - UDP-Server: Message-81-8
21:20:57.058 [pool-1-thread-2] DEBUG com.mnc.udp.UDPServer - UDP-Server: Message-81-8 -> Message-81-8 (/127.0.0.1:49506)
21:20:57.058 [pool-1-thread-2] DEBUG com.mnc.udp.UDPServer - UDP-Server: Message-48-10
21:20:57.058 [pool-1-thread-2] DEBUG com.mnc.udp.UDPServer - UDP-Server: Message-48-10 -> Message-48-10 (/127.0.0.1:49473)
21:20:57.058 [pool-1-thread-3] DEBUG com.mnc.udp.UDPServer - UDP-Server: Message-82-8
21:20:57.058 [pool-1-thread-3] DEBUG com.mnc.udp.UDPServer - UDP-Server: Message-82-8 -> Message-82-8 (/127.0.0.1:49507)
21:20:57.058 [pool-1-thread-2] DEBUG com.mnc.udp.UDPServer - UDP-Server: Message-63-62
21:20:57.058 [pool-1-thread-2] DEBUG com.mnc.udp.UDPServer - UDP-Server: Message-63-62 -> Message-63-62 (/127.0.0.1:49488)
21:20:57.058 [pool-1-thread-2] DEBUG com.mnc.udp.UDPServer - UDP-Server: Message-81-6
21:20:57.058 [pool-1-thread-2] DEBUG com.mnc.udp.UDPServer - UDP-Server: Message-81-6 -> Message-81-6 (/127.0.0.1:49506)
21:20:57.058 [pool-1-thread-2] DEBUG com.mnc.udp.UDPServer - UDP-Server: Message-31-43
21:20:57.058 [pool-1-thread-5] DEBUG com.mnc.udp.UDPServer - UDP-Server: Message-96-3
21:20:57.058 [pool-1-thread-5] DEBUG com.mnc.udp.UDPServer - UDP-Server: Message-96-3 -> Message-96-3 (/127.0.0.1:49521)
21:20:57.058 [pool-1-thread-3] DEBUG com.mnc.udp.UDPServer - UDP-Server: Message-48-11
21:20:57.058 [pool-1-thread-5] DEBUG com.mnc.udp.UDPServer - UDP-Server: Message-82-6
21:20:57.058 [pool-1-thread-3] DEBUG com.mnc.udp.UDPServer - UDP-Server: Message-48-11 -> Message-48-11 (/127.0.0.1:49473)
21:20:57.058 [pool-1-thread-5] DEBUG com.mnc.udp.UDPServer - UDP-Server: Message-82-6 -> Message-82-6 (/127.0.0.1:49507)
21:20:57.058 [pool-1-thread-4] DEBUG com.mnc.udp.UDPServer - UDP-Server: Message-16-3
21:20:57.058 [pool-1-thread-2] DEBUG com.mnc.udp.UDPServer - UDP-Server: Message-31-43 -> Message-31-43 (/127.0.0.1:49456)
21:20:57.058 [pool-1-thread-2] DEBUG com.mnc.udp.UDPServer - UDP-Server: Message-63-66
21:20:57.058 [pool-1-thread-2] DEBUG com.mnc.udp.UDPServer - UDP-Server: Message-63-66 -> Message-63-66 (/127.0.0.1:49488)
21:20:57.058 [pool-1-thread-2] DEBUG com.mnc.udp.UDPServer - UDP-Server: Message-81-10
21:20:57.058 [pool-1-thread-2] DEBUG com.mnc.udp.UDPServer - UDP-Server: Message-81-10 -> Message-81-10 (/127.0.0.1:49506)
21:20:57.058 [pool-1-thread-4] DEBUG com.mnc.udp.UDPServer - UDP-Server: Message-16-3 -> Message-16-3 (/127.0.0.1:49441)
21:20:57.058 [pool-1-thread-2] DEBUG com.mnc.udp.UDPServer - UDP-Server: Message-48-9
21:20:57.058 [pool-1-thread-2] DEBUG com.mnc.udp.UDPServer - UDP-Server: Message-48-9 -> Message-48-9 (/127.0.0.1:49473)
21:20:57.058 [pool-1-thread-1] DEBUG com.mnc.udp.UDPServer - UDP-Server: Message-96-4
21:20:57.058 [pool-1-thread-1] DEBUG com.mnc.udp.UDPServer - UDP-Server: Message-96-4 -> Message-96-4 (/127.0.0.1:49521)
21:20:57.058 [pool-1-thread-4] DEBUG com.mnc.udp.UDPServer - UDP-Server: Message-82-10
21:20:57.058 [pool-1-thread-4] DEBUG com.mnc.udp.UDPServer - UDP-Server: Message-82-10 -> Message-82-10 (/127.0.0.1:49507)
21:20:57.058 [pool-1-thread-4] DEBUG com.mnc.udp.UDPServer - UDP-Server: Message-31-48
21:20:57.058 [pool-1-thread-4] DEBUG com.mnc.udp.UDPServer - UDP-Server: Message-31-48 -> Message-31-48 (/127.0.0.1:49456)
21:20:57.058 [pool-1-thread-2] DEBUG com.mnc.udp.UDPServer - UDP-Server: Message-63-67
21:20:57.058 [pool-1-thread-2] DEBUG com.mnc.udp.UDPServer - UDP-Server: Message-63-67 -> Message-63-67 (/127.0.0.1:49488)
21:20:57.058 [pool-1-thread-2] DEBUG com.mnc.udp.UDPServer - UDP-Server: Message-81-11
21:20:57.058 [pool-1-thread-1] DEBUG com.mnc.udp.UDPServer - UDP-Server: Message-16-4
21:20:57.058 [pool-1-thread-2] DEBUG com.mnc.udp.UDPServer - UDP-Server: Message-81-11 -> Message-81-11 (/127.0.0.1:49506)
21:20:57.058 [pool-1-thread-3] DEBUG com.mnc.udp.UDPServer - UDP-Server: Message-48-3
21:20:57.058 [pool-1-thread-3] DEBUG com.mnc.udp.UDPServer - UDP-Server: Message-48-3 -> Message-48-3 (/127.0.0.1:49473)
21:20:57.058 [pool-1-thread-3] DEBUG com.mnc.udp.UDPServer - UDP-Server: Message-31-49
21:20:57.058 [pool-1-thread-3] DEBUG com.mnc.udp.UDPServer - UDP-Server: Message-31-49 -> Message-31-49 (/127.0.0.1:49456)
21:20:57.058 [pool-1-thread-1] DEBUG com.mnc.udp.UDPServer - UDP-Server: Message-16-4 -> Message-16-4 (/127.0.0.1:49441)
21:20:57.058 [pool-1-thread-5] DEBUG com.mnc.udp.UDPServer - UDP-Server: Message-96-5
21:20:57.058 [pool-1-thread-2] DEBUG com.mnc.udp.UDPServer - UDP-Server: Message-82-11
21:20:57.059 [pool-1-thread-5] DEBUG com.mnc.udp.UDPServer - UDP-Server: Message-96-5 -> Message-96-5 (/127.0.0.1:49521)
21:20:57.059 [pool-1-thread-3] DEBUG com.mnc.udp.UDPServer - UDP-Server: Message-81-9
21:20:57.059 [pool-1-thread-4] DEBUG com.mnc.udp.UDPServer - UDP-Server: Message-63-96
21:20:57.059 [pool-1-thread-5] DEBUG com.mnc.udp.UDPServer - UDP-Server: Message-88-32
21:20:57.059 [pool-1-thread-2] DEBUG com.mnc.udp.UDPServer - UDP-Server: Message-82-11 -> Message-82-11 (/127.0.0.1:49507)
21:20:57.059 [pool-1-thread-1] DEBUG com.mnc.udp.UDPServer - UDP-Server: Message-48-4
21:20:57.059 [pool-1-thread-1] DEBUG com.mnc.udp.UDPServer - UDP-Server: Message-48-4 -> Message-48-4 (/127.0.0.1:49473)
21:20:57.059 [pool-1-thread-3] DEBUG com.mnc.udp.UDPServer - UDP-Server: Message-81-9 -> Message-81-9 (/127.0.0.1:49506)
21:20:57.059 [pool-1-thread-4] DEBUG com.mnc.udp.UDPServer - UDP-Server: Message-63-96 -> Message-63-96 (/127.0.0.1:49488)
21:20:57.059 [pool-1-thread-3] DEBUG com.mnc.udp.UDPServer - UDP-Server: Message-96-1
21:20:57.059 [pool-1-thread-3] DEBUG com.mnc.udp.UDPServer - UDP-Server: Message-96-1 -> Message-96-1 (/127.0.0.1:49521)
21:20:57.059 [pool-1-thread-5] DEBUG com.mnc.udp.UDPServer - UDP-Server: Message-88-32 -> Message-88-32 (/127.0.0.1:49513)
21:20:57.059 [pool-1-thread-3] DEBUG com.mnc.udp.UDPServer - UDP-Server: Message-82-9
21:20:57.059 [pool-1-thread-2] DEBUG com.mnc.udp.UDPServer - UDP-Server: Message-31-51
21:20:57.059 [pool-1-thread-1] DEBUG com.mnc.udp.UDPServer - UDP-Server: Message-16-5
21:20:57.059 [pool-1-thread-4] DEBUG com.mnc.udp.UDPServer - UDP-Server: Message-81-3
21:20:57.059 [pool-1-thread-3] DEBUG com.mnc.udp.UDPServer - UDP-Server: Message-82-9 -> Message-82-9 (/127.0.0.1:49507)
21:20:57.059 [pool-1-thread-2] DEBUG com.mnc.udp.UDPServer - UDP-Server: Message-31-51 -> Message-31-51 (/127.0.0.1:49456)
21:20:57.059 [pool-1-thread-3] DEBUG com.mnc.udp.UDPServer - UDP-Server: Message-63-97
21:20:57.059 [pool-1-thread-3] DEBUG com.mnc.udp.UDPServer - UDP-Server: Message-63-97 -> Message-63-97 (/127.0.0.1:49488)
21:20:57.059 [pool-1-thread-5] DEBUG com.mnc.udp.UDPServer - UDP-Server: Message-48-5
21:20:57.059 [pool-1-thread-1] DEBUG com.mnc.udp.UDPServer - UDP-Server: Message-16-5 -> Message-16-5 (/127.0.0.1:49441)
21:20:57.059 [pool-1-thread-3] DEBUG com.mnc.udp.UDPServer - UDP-Server: Message-88-33
21:20:57.059 [pool-1-thread-4] DEBUG com.mnc.udp.UDPServer - UDP-Server: Message-81-3 -> Message-81-3 (/127.0.0.1:49506)
21:20:57.059 [pool-1-thread-2] DEBUG com.mnc.udp.UDPServer - UDP-Server: Message-96-2
21:20:57.059 [pool-1-thread-5] DEBUG com.mnc.udp.UDPServer - UDP-Server: Message-48-5 -> Message-48-5 (/127.0.0.1:49473)
21:20:57.060 [pool-1-thread-3] DEBUG com.mnc.udp.UDPServer - UDP-Server: Message-88-33 -> Message-88-33 (/127.0.0.1:49513)
21:20:57.060 [pool-1-thread-5] DEBUG com.mnc.udp.UDPServer - UDP-Server: Message-63-98
21:20:57.060 [pool-1-thread-1] DEBUG com.mnc.udp.UDPServer - UDP-Server: Message-31-52
21:20:57.060 [pool-1-thread-5] DEBUG com.mnc.udp.UDPServer - UDP-Server: Message-63-98 -> Message-63-98 (/127.0.0.1:49488)
21:20:57.060 [pool-1-thread-1] DEBUG com.mnc.udp.UDPServer - UDP-Server: Message-31-52 -> Message-31-52 (/127.0.0.1:49456)
21:20:57.060 [pool-1-thread-4] DEBUG com.mnc.udp.UDPServer - UDP-Server: Message-82-3
21:20:57.060 [pool-1-thread-2] DEBUG com.mnc.udp.UDPServer - UDP-Server: Message-96-2 -> Message-96-2 (/127.0.0.1:49521)
21:20:57.060 [pool-1-thread-5] DEBUG com.mnc.udp.UDPServer - UDP-Server: Message-81-4
21:20:57.060 [pool-1-thread-1] DEBUG com.mnc.udp.UDPServer - UDP-Server: Message-48-1
21:20:57.060 [pool-1-thread-5] DEBUG com.mnc.udp.UDPServer - UDP-Server: Message-81-4 -> Message-81-4 (/127.0.0.1:49506)
21:20:57.060 [pool-1-thread-3] DEBUG com.mnc.udp.UDPServer - UDP-Server: Message-16-1
21:20:57.060 [pool-1-thread-4] DEBUG com.mnc.udp.UDPServer - UDP-Server: Message-82-3 -> Message-82-3 (/127.0.0.1:49507)
21:20:57.060 [pool-1-thread-1] DEBUG com.mnc.udp.UDPServer - UDP-Server: Message-48-1 -> Message-48-1 (/127.0.0.1:49473)
21:20:57.060 [pool-1-thread-2] DEBUG com.mnc.udp.UDPServer - UDP-Server: Message-88-31
21:20:57.060 [pool-1-thread-5] DEBUG com.mnc.udp.UDPServer - UDP-Server: Message-63-99
21:20:57.060 [pool-1-thread-2] DEBUG com.mnc.udp.UDPServer - UDP-Server: Message-88-31 -> Message-88-31 (/127.0.0.1:49513)
21:20:57.060 [pool-1-thread-5] DEBUG com.mnc.udp.UDPServer - UDP-Server: Message-63-99 -> Message-63-99 (/127.0.0.1:49488)
21:20:57.060 [pool-1-thread-3] DEBUG com.mnc.udp.UDPServer - UDP-Server: Message-16-1 -> Message-16-1 (/127.0.0.1:49441)
21:20:57.060 [pool-1-thread-2] DEBUG com.mnc.udp.UDPServer - UDP-Server: Message-81-5
21:20:57.060 [pool-1-thread-2] DEBUG com.mnc.udp.UDPServer - UDP-Server: Message-81-5 -> Message-81-5 (/127.0.0.1:49506)
21:20:57.060 [pool-1-thread-5] DEBUG com.mnc.udp.UDPServer - UDP-Server: Message-82-4
21:20:57.060 [pool-1-thread-4] DEBUG com.mnc.udp.UDPServer - UDP-Server: Message-31-50
21:20:57.060 [pool-1-thread-4] DEBUG com.mnc.udp.UDPServer - UDP-Server: Message-31-50 -> Message-31-50 (/127.0.0.1:49456)
21:20:57.060 [pool-1-thread-1] DEBUG com.mnc.udp.UDPServer - UDP-Server: Message-96-0
21:20:57.060 [pool-1-thread-1] DEBUG com.mnc.udp.UDPServer - UDP-Server: Message-96-0 -> Message-96-0 (/127.0.0.1:49521)
21:20:57.060 [pool-1-thread-4] DEBUG com.mnc.udp.UDPServer - UDP-Server: Message-63-94
21:20:57.060 [pool-1-thread-4] DEBUG com.mnc.udp.UDPServer - UDP-Server: Message-63-94 -> Message-63-94 (/127.0.0.1:49488)
21:20:57.060 [pool-1-thread-5] DEBUG com.mnc.udp.UDPServer - UDP-Server: Message-82-4 -> Message-82-4 (/127.0.0.1:49507)
21:20:57.060 [pool-1-thread-1] DEBUG com.mnc.udp.UDPServer - UDP-Server: Message-81-1
21:20:57.060 [pool-1-thread-2] DEBUG com.mnc.udp.UDPServer - UDP-Server: Message-48-2
21:20:57.060 [pool-1-thread-2] DEBUG com.mnc.udp.UDPServer - UDP-Server: Message-48-2 -> Message-48-2 (/127.0.0.1:49473)
21:20:57.060 [pool-1-thread-2] DEBUG com.mnc.udp.UDPServer - UDP-Server: Message-31-60
21:20:57.060 [pool-1-thread-2] DEBUG com.mnc.udp.UDPServer - UDP-Server: Message-31-60 -> Message-31-60 (/127.0.0.1:49456)
21:20:57.060 [pool-1-thread-5] DEBUG com.mnc.udp.UDPServer - UDP-Server: Message-96-90
21:20:57.060 [pool-1-thread-3] DEBUG com.mnc.udp.UDPServer - UDP-Server: Message-88-35
21:20:57.060 [pool-1-thread-4] DEBUG com.mnc.udp.UDPServer - UDP-Server: Message-16-2
21:20:57.060 [pool-1-thread-1] DEBUG com.mnc.udp.UDPServer - UDP-Server: Message-81-1 -> Message-81-1 (/127.0.0.1:49506)
21:20:57.060 [pool-1-thread-5] DEBUG com.mnc.udp.UDPServer - UDP-Server: Message-96-90 -> Message-96-90 (/127.0.0.1:49521)
21:20:57.060 [pool-1-thread-2] DEBUG com.mnc.udp.UDPServer - UDP-Server: Message-82-5
21:20:57.060 [pool-1-thread-3] DEBUG com.mnc.udp.UDPServer - UDP-Server: Message-88-35 -> Message-88-35 (/127.0.0.1:49513)
21:20:57.060 [pool-1-thread-5] DEBUG com.mnc.udp.UDPServer - UDP-Server: Message-48-0
21:20:57.060 [pool-1-thread-4] DEBUG com.mnc.udp.UDPServer - UDP-Server: Message-16-2 -> Message-16-2 (/127.0.0.1:49441)
21:20:57.060 [pool-1-thread-5] DEBUG com.mnc.udp.UDPServer - UDP-Server: Message-48-0 -> Message-48-0 (/127.0.0.1:49473)
21:20:57.060 [pool-1-thread-1] DEBUG com.mnc.udp.UDPServer - UDP-Server: Message-63-95
21:20:57.060 [pool-1-thread-2] DEBUG com.mnc.udp.UDPServer - UDP-Server: Message-82-5 -> Message-82-5 (/127.0.0.1:49507)
21:20:57.060 [pool-1-thread-3] DEBUG com.mnc.udp.UDPServer - UDP-Server: Message-31-61
21:20:57.060 [pool-1-thread-2] DEBUG com.mnc.udp.UDPServer - UDP-Server: Message-88-36
21:20:57.060 [pool-1-thread-4] DEBUG com.mnc.udp.UDPServer - UDP-Server: Message-81-2
21:20:57.060 [pool-1-thread-5] DEBUG com.mnc.udp.UDPServer - UDP-Server: Message-96-91
21:20:57.060 [pool-1-thread-1] DEBUG com.mnc.udp.UDPServer - UDP-Server: Message-63-95 -> Message-63-95 (/127.0.0.1:49488)
21:20:57.060 [pool-1-thread-3] DEBUG com.mnc.udp.UDPServer - UDP-Server: Message-31-61 -> Message-31-61 (/127.0.0.1:49456)
21:20:57.060 [pool-1-thread-2] DEBUG com.mnc.udp.UDPServer - UDP-Server: Message-88-36 -> Message-88-36 (/127.0.0.1:49513)
21:20:57.060 [pool-1-thread-1] DEBUG com.mnc.udp.UDPServer - UDP-Server: Message-16-0
21:20:57.060 [pool-1-thread-4] DEBUG com.mnc.udp.UDPServer - UDP-Server: Message-81-2 -> Message-81-2 (/127.0.0.1:49506)
21:20:57.060 [pool-1-thread-5] DEBUG com.mnc.udp.UDPServer - UDP-Server: Message-96-91 -> Message-96-91 (/127.0.0.1:49521)
21:20:57.060 [pool-1-thread-2] DEBUG com.mnc.udp.UDPServer - UDP-Server: Message-82-1
21:20:57.060 [pool-1-thread-3] DEBUG com.mnc.udp.UDPServer - UDP-Server: Message-48-90
21:20:57.060 [pool-1-thread-1] DEBUG com.mnc.udp.UDPServer - UDP-Server: Message-16-0 -> Message-16-0 (/127.0.0.1:49441)
21:20:57.060 [pool-1-thread-4] DEBUG com.mnc.udp.UDPServer - UDP-Server: Message-63-93
21:20:57.060 [pool-1-thread-2] DEBUG com.mnc.udp.UDPServer - UDP-Server: Message-82-1 -> Message-82-1 (/127.0.0.1:49507)
21:20:57.060 [pool-1-thread-3] DEBUG com.mnc.udp.UDPServer - UDP-Server: Message-48-90 -> Message-48-90 (/127.0.0.1:49473)
21:20:57.060 [pool-1-thread-5] DEBUG com.mnc.udp.UDPServer - UDP-Server: Message-31-59
21:20:57.060 [pool-1-thread-1] DEBUG com.mnc.udp.UDPServer - UDP-Server: Message-88-34
21:20:57.061 [pool-1-thread-5] DEBUG com.mnc.udp.UDPServer - UDP-Server: Message-31-59 -> Message-31-59 (/127.0.0.1:49456)
21:20:57.061 [pool-1-thread-4] DEBUG com.mnc.udp.UDPServer - UDP-Server: Message-63-93 -> Message-63-93 (/127.0.0.1:49488)
21:20:57.061 [pool-1-thread-3] DEBUG com.mnc.udp.UDPServer - UDP-Server: Message-96-92
21:20:57.061 [pool-1-thread-5] DEBUG com.mnc.udp.UDPServer - UDP-Server: Message-16-90
21:20:57.061 [pool-1-thread-4] DEBUG com.mnc.udp.UDPServer - UDP-Server: Message-82-2
21:20:57.061 [pool-1-thread-5] DEBUG com.mnc.udp.UDPServer - UDP-Server: Message-16-90 -> Message-16-90 (/127.0.0.1:49441)
21:20:57.061 [pool-1-thread-3] DEBUG com.mnc.udp.UDPServer - UDP-Server: Message-96-92 -> Message-96-92 (/127.0.0.1:49521)
21:20:57.061 [pool-1-thread-5] DEBUG com.mnc.udp.UDPServer - UDP-Server: Message-48-91
21:20:57.061 [pool-1-thread-5] DEBUG com.mnc.udp.UDPServer - UDP-Server: Message-48-91 -> Message-48-91 (/127.0.0.1:49473)
21:20:57.061 [pool-1-thread-3] DEBUG com.mnc.udp.UDPServer - UDP-Server: Message-31-69
21:20:57.061 [pool-1-thread-3] DEBUG com.mnc.udp.UDPServer - UDP-Server: Message-31-69 -> Message-31-69 (/127.0.0.1:49456)
21:20:57.061 [pool-1-thread-5] DEBUG com.mnc.udp.UDPServer - UDP-Server: Message-63-82
21:20:57.061 [pool-1-thread-2] DEBUG com.mnc.udp.UDPServer - UDP-Server: Message-81-0
21:20:57.061 [pool-1-thread-1] DEBUG com.mnc.udp.UDPServer - UDP-Server: Message-88-34 -> Message-88-34 (/127.0.0.1:49513)
21:20:57.061 [pool-1-thread-4] DEBUG com.mnc.udp.UDPServer - UDP-Server: Message-82-2 -> Message-82-2 (/127.0.0.1:49507)
21:20:57.061 [pool-1-thread-5] DEBUG com.mnc.udp.UDPServer - UDP-Server: Message-63-82 -> Message-63-82 (/127.0.0.1:49488)
21:20:57.061 [pool-1-thread-3] DEBUG com.mnc.udp.UDPServer - UDP-Server: Message-16-91
21:20:57.061 [pool-1-thread-5] DEBUG com.mnc.udp.UDPServer - UDP-Server: Message-31-70
21:20:57.061 [pool-1-thread-3] DEBUG com.mnc.udp.UDPServer - UDP-Server: Message-16-91 -> Message-16-91 (/127.0.0.1:49441)
21:20:57.061 [pool-1-thread-5] DEBUG com.mnc.udp.UDPServer - UDP-Server: Message-31-70 -> Message-31-70 (/127.0.0.1:49456)
21:20:57.061 [pool-1-thread-2] DEBUG com.mnc.udp.UDPServer - UDP-Server: Message-81-0 -> Message-81-0 (/127.0.0.1:49506)
21:20:57.061 [pool-1-thread-1] DEBUG com.mnc.udp.UDPServer - UDP-Server: Message-96-88
21:20:57.061 [pool-1-thread-1] DEBUG com.mnc.udp.UDPServer - UDP-Server: Message-96-88 -> Message-96-88 (/127.0.0.1:49521)
21:20:57.061 [pool-1-thread-4] DEBUG com.mnc.udp.UDPServer - UDP-Server: Message-48-92
21:20:57.061 [pool-1-thread-5] DEBUG com.mnc.udp.UDPServer - UDP-Server: Message-88-28
21:20:57.061 [pool-1-thread-3] DEBUG com.mnc.udp.UDPServer - UDP-Server: Message-82-0
21:20:57.061 [pool-1-thread-5] DEBUG com.mnc.udp.UDPServer - UDP-Server: Message-88-28 -> Message-88-28 (/127.0.0.1:49513)
21:20:57.061 [pool-1-thread-4] DEBUG com.mnc.udp.UDPServer - UDP-Server: Message-48-92 -> Message-48-92 (/127.0.0.1:49473)
21:20:57.061 [pool-1-thread-2] DEBUG com.mnc.udp.UDPServer - UDP-Server: Message-31-68
21:20:57.061 [pool-1-thread-5] DEBUG com.mnc.udp.UDPServer - UDP-Server: Message-16-92
21:20:57.061 [pool-1-thread-2] DEBUG com.mnc.udp.UDPServer - UDP-Server: Message-31-68 -> Message-31-68 (/127.0.0.1:49456)
21:20:57.061 [pool-1-thread-5] DEBUG com.mnc.udp.UDPServer - UDP-Server: Message-16-92 -> Message-16-92 (/127.0.0.1:49441)
21:20:57.061 [pool-1-thread-3] DEBUG com.mnc.udp.UDPServer - UDP-Server: Message-82-0 -> Message-82-0 (/127.0.0.1:49507)
21:20:57.061 [pool-1-thread-2] DEBUG com.mnc.udp.UDPServer - UDP-Server: Message-81-90
21:20:57.061 [pool-1-thread-2] DEBUG com.mnc.udp.UDPServer - UDP-Server: Message-81-90 -> Message-81-90 (/127.0.0.1:49506)
21:20:57.061 [pool-1-thread-4] DEBUG com.mnc.udp.UDPServer - UDP-Server: Message-96-89
21:20:57.061 [pool-1-thread-1] DEBUG com.mnc.udp.UDPServer - UDP-Server: Message-63-83
21:20:57.061 [pool-1-thread-1] DEBUG com.mnc.udp.UDPServer - UDP-Server: Message-63-83 -> Message-63-83 (/127.0.0.1:49488)
21:20:57.061 [pool-1-thread-2] DEBUG com.mnc.udp.UDPServer - UDP-Server: Message-88-29
21:20:57.061 [pool-1-thread-2] DEBUG com.mnc.udp.UDPServer - UDP-Server: Message-88-29 -> Message-88-29 (/127.0.0.1:49513)
21:20:57.061 [pool-1-thread-1] DEBUG com.mnc.udp.UDPServer - UDP-Server: Message-48-88
21:20:57.061 [pool-1-thread-4] DEBUG com.mnc.udp.UDPServer - UDP-Server: Message-96-89 -> Message-96-89 (/127.0.0.1:49521)
21:20:57.061 [pool-1-thread-1] DEBUG com.mnc.udp.UDPServer - UDP-Server: Message-48-88 -> Message-48-88 (/127.0.0.1:49473)
21:20:57.061 [pool-1-thread-3] DEBUG com.mnc.udp.UDPServer - UDP-Server: Message-82-90
21:20:57.061 [pool-1-thread-3] DEBUG com.mnc.udp.UDPServer - UDP-Server: Message-82-90 -> Message-82-90 (/127.0.0.1:49507)
21:20:57.061 [pool-1-thread-2] DEBUG com.mnc.udp.UDPServer - UDP-Server: Message-31-73
21:20:57.061 [pool-1-thread-5] DEBUG com.mnc.udp.UDPServer - UDP-Server: Message-16-88
21:20:57.061 [pool-1-thread-2] DEBUG com.mnc.udp.UDPServer - UDP-Server: Message-31-73 -> Message-31-73 (/127.0.0.1:49456)
21:20:57.061 [pool-1-thread-5] DEBUG com.mnc.udp.UDPServer - UDP-Server: Message-16-88 -> Message-16-88 (/127.0.0.1:49441)
21:20:57.061 [pool-1-thread-4] DEBUG com.mnc.udp.UDPServer - UDP-Server: Message-63-81
21:20:57.061 [pool-1-thread-2] DEBUG com.mnc.udp.UDPServer - UDP-Server: Message-88-30
21:20:57.061 [pool-1-thread-2] DEBUG com.mnc.udp.UDPServer - UDP-Server: Message-88-30 -> Message-88-30 (/127.0.0.1:49513)
21:20:57.061 [pool-1-thread-3] DEBUG com.mnc.udp.UDPServer - UDP-Server: Message-81-91
21:20:57.061 [pool-1-thread-4] DEBUG com.mnc.udp.UDPServer - UDP-Server: Message-63-81 -> Message-63-81 (/127.0.0.1:49488)
21:20:57.061 [pool-1-thread-5] DEBUG com.mnc.udp.UDPServer - UDP-Server: Message-96-87
21:20:57.061 [pool-1-thread-1] DEBUG com.mnc.udp.UDPServer - UDP-Server: Message-48-89
21:20:57.061 [pool-1-thread-5] DEBUG com.mnc.udp.UDPServer - UDP-Server: Message-96-87 -> Message-96-87 (/127.0.0.1:49521)
21:20:57.061 [pool-1-thread-2] DEBUG com.mnc.udp.UDPServer - UDP-Server: Message-82-91
21:20:57.061 [pool-1-thread-3] DEBUG com.mnc.udp.UDPServer - UDP-Server: Message-81-91 -> Message-81-91 (/127.0.0.1:49506)
21:20:57.061 [pool-1-thread-2] DEBUG com.mnc.udp.UDPServer - UDP-Server: Message-82-91 -> Message-82-91 (/127.0.0.1:49507)
21:20:57.061 [pool-1-thread-4] DEBUG com.mnc.udp.UDPServer - UDP-Server: Message-16-89
21:20:57.061 [pool-1-thread-1] DEBUG com.mnc.udp.UDPServer - UDP-Server: Message-48-89 -> Message-48-89 (/127.0.0.1:49473)
21:20:57.061 [pool-1-thread-2] DEBUG com.mnc.udp.UDPServer - UDP-Server: Message-88-26
21:20:57.061 [pool-1-thread-5] DEBUG com.mnc.udp.UDPServer - UDP-Server: Message-31-74
21:20:57.061 [pool-1-thread-2] DEBUG com.mnc.udp.UDPServer - UDP-Server: Message-88-26 -> Message-88-26 (/127.0.0.1:49513)
21:20:57.061 [pool-1-thread-4] DEBUG com.mnc.udp.UDPServer - UDP-Server: Message-16-89 -> Message-16-89 (/127.0.0.1:49441)
21:20:57.061 [pool-1-thread-3] DEBUG com.mnc.udp.UDPServer - UDP-Server: Message-63-45
21:20:57.061 [pool-1-thread-3] DEBUG com.mnc.udp.UDPServer - UDP-Server: Message-63-45 -> Message-63-45 (/127.0.0.1:49488)
21:20:57.061 [pool-1-thread-5] DEBUG com.mnc.udp.UDPServer - UDP-Server: Message-31-74 -> Message-31-74 (/127.0.0.1:49456)
21:20:57.061 [pool-1-thread-2] DEBUG com.mnc.udp.UDPServer - UDP-Server: Message-96-96
21:20:57.061 [pool-1-thread-1] DEBUG com.mnc.udp.UDPServer - UDP-Server: Message-81-92
21:20:57.061 [pool-1-thread-2] DEBUG com.mnc.udp.UDPServer - UDP-Server: Message-96-96 -> Message-96-96 (/127.0.0.1:49521)
21:20:57.061 [pool-1-thread-4] DEBUG com.mnc.udp.UDPServer - UDP-Server: Message-82-92
21:20:57.062 [pool-1-thread-3] DEBUG com.mnc.udp.UDPServer - UDP-Server: Message-48-87
21:20:57.061 [pool-1-thread-1] DEBUG com.mnc.udp.UDPServer - UDP-Server: Message-81-92 -> Message-81-92 (/127.0.0.1:49506)
21:20:57.062 [pool-1-thread-5] DEBUG com.mnc.udp.UDPServer - UDP-Server: Message-88-27
21:20:57.062 [pool-1-thread-2] DEBUG com.mnc.udp.UDPServer - UDP-Server: Message-16-87
21:20:57.062 [pool-1-thread-4] DEBUG com.mnc.udp.UDPServer - UDP-Server: Message-82-92 -> Message-82-92 (/127.0.0.1:49507)
21:20:57.062 [pool-1-thread-2] DEBUG com.mnc.udp.UDPServer - UDP-Server: Message-16-87 -> Message-16-87 (/127.0.0.1:49441)
21:20:57.062 [pool-1-thread-3] DEBUG com.mnc.udp.UDPServer - UDP-Server: Message-48-87 -> Message-48-87 (/127.0.0.1:49473)
21:20:57.062 [pool-1-thread-1] DEBUG com.mnc.udp.UDPServer - UDP-Server: Message-63-43
21:20:57.062 [pool-1-thread-5] DEBUG com.mnc.udp.UDPServer - UDP-Server: Message-88-27 -> Message-88-27 (/127.0.0.1:49513)
21:20:57.062 [pool-1-thread-2] DEBUG com.mnc.udp.UDPServer - UDP-Server: Message-31-46
21:20:57.062 [pool-1-thread-2] DEBUG com.mnc.udp.UDPServer - UDP-Server: Message-31-46 -> Message-31-46 (/127.0.0.1:49456)
21:20:57.062 [pool-1-thread-3] DEBUG com.mnc.udp.UDPServer - UDP-Server: Message-82-88
21:20:57.062 [pool-1-thread-4] DEBUG com.mnc.udp.UDPServer - UDP-Server: Message-96-97
21:20:57.062 [pool-1-thread-1] DEBUG com.mnc.udp.UDPServer - UDP-Server: Message-63-43 -> Message-63-43 (/127.0.0.1:49488)
21:20:57.062 [pool-1-thread-4] DEBUG com.mnc.udp.UDPServer - UDP-Server: Message-96-97 -> Message-96-97 (/127.0.0.1:49521)
21:20:57.062 [pool-1-thread-5] DEBUG com.mnc.udp.UDPServer - UDP-Server: Message-81-88
21:20:57.062 [pool-1-thread-5] DEBUG com.mnc.udp.UDPServer - UDP-Server: Message-81-88 -> Message-81-88 (/127.0.0.1:49506)
21:20:57.062 [pool-1-thread-3] DEBUG com.mnc.udp.UDPServer - UDP-Server: Message-82-88 -> Message-82-88 (/127.0.0.1:49507)
21:20:57.062 [pool-1-thread-5] DEBUG com.mnc.udp.UDPServer - UDP-Server: Message-31-47
21:20:57.062 [pool-1-thread-2] DEBUG com.mnc.udp.UDPServer - UDP-Server: Message-16-96
21:20:57.062 [pool-1-thread-4] DEBUG com.mnc.udp.UDPServer - UDP-Server: Message-48-96
21:20:57.062 [pool-1-thread-1] DEBUG com.mnc.udp.UDPServer - UDP-Server: Message-88-25
21:20:57.062 [pool-1-thread-4] DEBUG com.mnc.udp.UDPServer - UDP-Server: Message-48-96 -> Message-48-96 (/127.0.0.1:49473)
21:20:57.062 [pool-1-thread-3] DEBUG com.mnc.udp.UDPServer - UDP-Server: Message-63-48
21:20:57.062 [pool-1-thread-1] DEBUG com.mnc.udp.UDPServer - UDP-Server: Message-88-25 -> Message-88-25 (/127.0.0.1:49513)
21:20:57.062 [pool-1-thread-3] DEBUG com.mnc.udp.UDPServer - UDP-Server: Message-63-48 -> Message-63-48 (/127.0.0.1:49488)
21:20:57.062 [pool-1-thread-4] DEBUG com.mnc.udp.UDPServer - UDP-Server: Message-96-98
21:20:57.062 [pool-1-thread-5] DEBUG com.mnc.udp.UDPServer - UDP-Server: Message-31-47 -> Message-31-47 (/127.0.0.1:49456)
21:20:57.062 [pool-1-thread-1] DEBUG com.mnc.udp.UDPServer - UDP-Server: Message-82-89
21:20:57.062 [pool-1-thread-1] DEBUG com.mnc.udp.UDPServer - UDP-Server: Message-82-89 -> Message-82-89 (/127.0.0.1:49507)
21:20:57.062 [pool-1-thread-2] DEBUG com.mnc.udp.UDPServer - UDP-Server: Message-16-96 -> Message-16-96 (/127.0.0.1:49441)
21:20:57.062 [pool-1-thread-3] DEBUG com.mnc.udp.UDPServer - UDP-Server: Message-81-89
21:20:57.062 [pool-1-thread-3] DEBUG com.mnc.udp.UDPServer - UDP-Server: Message-81-89 -> Message-81-89 (/127.0.0.1:49506)
21:20:57.062 [pool-1-thread-4] DEBUG com.mnc.udp.UDPServer - UDP-Server: Message-96-98 -> Message-96-98 (/127.0.0.1:49521)
21:20:57.062 [pool-1-thread-2] DEBUG com.mnc.udp.UDPServer - UDP-Server: Message-48-57
21:20:57.062 [pool-1-thread-1] DEBUG com.mnc.udp.UDPServer - UDP-Server: Message-63-49
21:20:57.062 [pool-1-thread-4] DEBUG com.mnc.udp.UDPServer - UDP-Server: Message-31-40
21:20:57.062 [pool-1-thread-1] DEBUG com.mnc.udp.UDPServer - UDP-Server: Message-63-49 -> Message-63-49 (/127.0.0.1:49488)
21:20:57.062 [pool-1-thread-5] DEBUG com.mnc.udp.UDPServer - UDP-Server: Message-88-44
21:20:57.062 [pool-1-thread-5] DEBUG com.mnc.udp.UDPServer - UDP-Server: Message-88-44 -> Message-88-44 (/127.0.0.1:49513)
21:20:57.062 [pool-1-thread-3] DEBUG com.mnc.udp.UDPServer - UDP-Server: Message-81-87
21:20:57.062 [pool-1-thread-2] DEBUG com.mnc.udp.UDPServer - UDP-Server: Message-48-57 -> Message-48-57 (/127.0.0.1:49473)
21:20:57.062 [pool-1-thread-4] DEBUG com.mnc.udp.UDPServer - UDP-Server: Message-31-40 -> Message-31-40 (/127.0.0.1:49456)
21:20:57.062 [pool-1-thread-2] DEBUG com.mnc.udp.UDPServer - UDP-Server: Message-82-87
21:20:57.062 [pool-1-thread-2] DEBUG com.mnc.udp.UDPServer - UDP-Server: Message-82-87 -> Message-82-87 (/127.0.0.1:49507)
21:20:57.062 [pool-1-thread-4] DEBUG com.mnc.udp.UDPServer - UDP-Server: Message-16-97
21:20:57.062 [pool-1-thread-3] DEBUG com.mnc.udp.UDPServer - UDP-Server: Message-81-87 -> Message-81-87 (/127.0.0.1:49506)
21:20:57.062 [pool-1-thread-5] DEBUG com.mnc.udp.UDPServer - UDP-Server: Message-96-99
21:20:57.062 [pool-1-thread-1] DEBUG com.mnc.udp.UDPServer - UDP-Server: Message-63-46
21:20:57.062 [pool-1-thread-3] DEBUG com.mnc.udp.UDPServer - UDP-Server: Message-48-58
21:20:57.062 [pool-1-thread-2] DEBUG com.mnc.udp.UDPServer - UDP-Server: Message-88-45
21:20:57.062 [pool-1-thread-3] DEBUG com.mnc.udp.UDPServer - UDP-Server: Message-48-58 -> Message-48-58 (/127.0.0.1:49473)
21:20:57.062 [pool-1-thread-4] DEBUG com.mnc.udp.UDPServer - UDP-Server: Message-16-97 -> Message-16-97 (/127.0.0.1:49441)
21:20:57.062 [pool-1-thread-3] DEBUG com.mnc.udp.UDPServer - UDP-Server: Message-31-41
21:20:57.062 [pool-1-thread-3] DEBUG com.mnc.udp.UDPServer - UDP-Server: Message-31-41 -> Message-31-41 (/127.0.0.1:49456)
21:20:57.062 [pool-1-thread-4] DEBUG com.mnc.udp.UDPServer - UDP-Server: Message-82-96
21:20:57.062 [pool-1-thread-5] DEBUG com.mnc.udp.UDPServer - UDP-Server: Message-96-99 -> Message-96-99 (/127.0.0.1:49521)
21:20:57.062 [pool-1-thread-3] DEBUG com.mnc.udp.UDPServer - UDP-Server: Message-81-96
21:20:57.062 [pool-1-thread-3] DEBUG com.mnc.udp.UDPServer - UDP-Server: Message-81-96 -> Message-81-96 (/127.0.0.1:49506)
21:20:57.062 [pool-1-thread-1] DEBUG com.mnc.udp.UDPServer - UDP-Server: Message-63-46 -> Message-63-46 (/127.0.0.1:49488)
21:20:57.062 [pool-1-thread-3] DEBUG com.mnc.udp.UDPServer - UDP-Server: Message-16-98
21:20:57.062 [pool-1-thread-5] DEBUG com.mnc.udp.UDPServer - UDP-Server: Message-48-97
21:20:57.062 [pool-1-thread-2] DEBUG com.mnc.udp.UDPServer - UDP-Server: Message-88-45 -> Message-88-45 (/127.0.0.1:49513)
21:20:57.062 [pool-1-thread-4] DEBUG com.mnc.udp.UDPServer - UDP-Server: Message-82-96 -> Message-82-96 (/127.0.0.1:49507)
21:20:57.062 [pool-1-thread-2] DEBUG com.mnc.udp.UDPServer - UDP-Server: Message-31-42
21:20:57.062 [pool-1-thread-4] DEBUG com.mnc.udp.UDPServer - UDP-Server: Message-81-97
21:20:57.062 [pool-1-thread-3] DEBUG com.mnc.udp.UDPServer - UDP-Server: Message-16-98 -> Message-16-98 (/127.0.0.1:49441)
21:20:57.062 [pool-1-thread-5] DEBUG com.mnc.udp.UDPServer - UDP-Server: Message-48-97 -> Message-48-97 (/127.0.0.1:49473)
21:20:57.062 [pool-1-thread-1] DEBUG com.mnc.udp.UDPServer - UDP-Server: Message-96-94
21:20:57.062 [pool-1-thread-2] DEBUG com.mnc.udp.UDPServer - UDP-Server: Message-31-42 -> Message-31-42 (/127.0.0.1:49456)
21:20:57.062 [pool-1-thread-4] DEBUG com.mnc.udp.UDPServer - UDP-Server: Message-81-97 -> Message-81-97 (/127.0.0.1:49506)
21:20:57.062 [pool-1-thread-3] DEBUG com.mnc.udp.UDPServer - UDP-Server: Message-63-47
21:20:57.062 [pool-1-thread-5] DEBUG com.mnc.udp.UDPServer - UDP-Server: Message-88-43
21:20:57.062 [pool-1-thread-1] DEBUG com.mnc.udp.UDPServer - UDP-Server: Message-96-94 -> Message-96-94 (/127.0.0.1:49521)
21:20:57.062 [pool-1-thread-2] DEBUG com.mnc.udp.UDPServer - UDP-Server: Message-82-97
21:20:57.063 [pool-1-thread-4] DEBUG com.mnc.udp.UDPServer - UDP-Server: Message-16-99
21:20:57.063 [pool-1-thread-2] DEBUG com.mnc.udp.UDPServer - UDP-Server: Message-82-97 -> Message-82-97 (/127.0.0.1:49507)
21:20:57.063 [pool-1-thread-5] DEBUG com.mnc.udp.UDPServer - UDP-Server: Message-88-43 -> Message-88-43 (/127.0.0.1:49513)
21:20:57.063 [pool-1-thread-3] DEBUG com.mnc.udp.UDPServer - UDP-Server: Message-63-47 -> Message-63-47 (/127.0.0.1:49488)
21:20:57.063 [pool-1-thread-1] DEBUG com.mnc.udp.UDPServer - UDP-Server: Message-48-56
21:20:57.063 [pool-1-thread-5] DEBUG com.mnc.udp.UDPServer - UDP-Server: Message-81-98
21:20:57.063 [pool-1-thread-3] DEBUG com.mnc.udp.UDPServer - UDP-Server: Message-96-95
21:20:57.063 [pool-1-thread-4] DEBUG com.mnc.udp.UDPServer - UDP-Server: Message-16-99 -> Message-16-99 (/127.0.0.1:49441)
21:20:57.063 [pool-1-thread-2] DEBUG com.mnc.udp.UDPServer - UDP-Server: Message-31-38
21:20:57.063 [pool-1-thread-5] DEBUG com.mnc.udp.UDPServer - UDP-Server: Message-81-98 -> Message-81-98 (/127.0.0.1:49506)
21:20:57.063 [pool-1-thread-1] DEBUG com.mnc.udp.UDPServer - UDP-Server: Message-48-56 -> Message-48-56 (/127.0.0.1:49473)
21:20:57.063 [pool-1-thread-5] DEBUG com.mnc.udp.UDPServer - UDP-Server: Message-63-40
21:20:57.063 [pool-1-thread-5] DEBUG com.mnc.udp.UDPServer - UDP-Server: Message-63-40 -> Message-63-40 (/127.0.0.1:49488)
21:20:57.063 [pool-1-thread-1] DEBUG com.mnc.udp.UDPServer - UDP-Server: Message-88-48
21:20:57.063 [pool-1-thread-2] DEBUG com.mnc.udp.UDPServer - UDP-Server: Message-31-38 -> Message-31-38 (/127.0.0.1:49456)
21:20:57.063 [pool-1-thread-3] DEBUG com.mnc.udp.UDPServer - UDP-Server: Message-96-95 -> Message-96-95 (/127.0.0.1:49521)
21:20:57.063 [pool-1-thread-4] DEBUG com.mnc.udp.UDPServer - UDP-Server: Message-82-98
21:20:57.063 [pool-1-thread-3] DEBUG com.mnc.udp.UDPServer - UDP-Server: Message-48-60
21:20:57.063 [pool-1-thread-5] DEBUG com.mnc.udp.UDPServer - UDP-Server: Message-16-94
21:20:57.063 [pool-1-thread-4] DEBUG com.mnc.udp.UDPServer - UDP-Server: Message-82-98 -> Message-82-98 (/127.0.0.1:49507)
21:20:57.063 [pool-1-thread-3] DEBUG com.mnc.udp.UDPServer - UDP-Server: Message-48-60 -> Message-48-60 (/127.0.0.1:49473)
21:20:57.063 [pool-1-thread-4] DEBUG com.mnc.udp.UDPServer - UDP-Server: Message-63-85
21:20:57.063 [pool-1-thread-1] DEBUG com.mnc.udp.UDPServer - UDP-Server: Message-88-48 -> Message-88-48 (/127.0.0.1:49513)
21:20:57.063 [pool-1-thread-3] DEBUG com.mnc.udp.UDPServer - UDP-Server: Message-31-39
21:20:57.063 [pool-1-thread-2] DEBUG com.mnc.udp.UDPServer - UDP-Server: Message-81-99
21:20:57.063 [pool-1-thread-2] DEBUG com.mnc.udp.UDPServer - UDP-Server: Message-81-99 -> Message-81-99 (/127.0.0.1:49506)
21:20:57.063 [pool-1-thread-5] DEBUG com.mnc.udp.UDPServer - UDP-Server: Message-16-94 -> Message-16-94 (/127.0.0.1:49441)
21:20:57.063 [pool-1-thread-4] DEBUG com.mnc.udp.UDPServer - UDP-Server: Message-63-85 -> Message-63-85 (/127.0.0.1:49488)
21:20:57.063 [pool-1-thread-2] DEBUG com.mnc.udp.UDPServer - UDP-Server: Message-82-99
21:20:57.063 [pool-1-thread-5] DEBUG com.mnc.udp.UDPServer - UDP-Server: Message-48-61
21:20:57.063 [pool-1-thread-5] DEBUG com.mnc.udp.UDPServer - UDP-Server: Message-48-61 -> Message-48-61 (/127.0.0.1:49473)
21:20:57.063 [pool-1-thread-3] DEBUG com.mnc.udp.UDPServer - UDP-Server: Message-31-39 -> Message-31-39 (/127.0.0.1:49456)
21:20:57.063 [pool-1-thread-1] DEBUG com.mnc.udp.UDPServer - UDP-Server: Message-96-93
21:20:57.063 [pool-1-thread-3] DEBUG com.mnc.udp.UDPServer - UDP-Server: Message-16-95
21:20:57.063 [pool-1-thread-2] DEBUG com.mnc.udp.UDPServer - UDP-Server: Message-82-99 -> Message-82-99 (/127.0.0.1:49507)
21:20:57.063 [pool-1-thread-4] DEBUG com.mnc.udp.UDPServer - UDP-Server: Message-88-49
21:20:57.063 [pool-1-thread-4] DEBUG com.mnc.udp.UDPServer - UDP-Server: Message-88-49 -> Message-88-49 (/127.0.0.1:49513)
21:20:57.063 [pool-1-thread-2] DEBUG com.mnc.udp.UDPServer - UDP-Server: Message-63-86
21:20:57.063 [pool-1-thread-5] DEBUG com.mnc.udp.UDPServer - UDP-Server: Message-81-94
21:20:57.063 [pool-1-thread-1] DEBUG com.mnc.udp.UDPServer - UDP-Server: Message-96-93 -> Message-96-93 (/127.0.0.1:49521)
21:20:57.063 [pool-1-thread-3] DEBUG com.mnc.udp.UDPServer - UDP-Server: Message-16-95 -> Message-16-95 (/127.0.0.1:49441)
21:20:57.063 [pool-1-thread-4] DEBUG com.mnc.udp.UDPServer - UDP-Server: Message-31-71
21:20:57.063 [pool-1-thread-3] DEBUG com.mnc.udp.UDPServer - UDP-Server: Message-82-94
21:20:57.063 [pool-1-thread-2] DEBUG com.mnc.udp.UDPServer - UDP-Server: Message-63-86 -> Message-63-86 (/127.0.0.1:49488)
21:20:57.063 [pool-1-thread-5] DEBUG com.mnc.udp.UDPServer - UDP-Server: Message-81-94 -> Message-81-94 (/127.0.0.1:49506)
21:20:57.063 [pool-1-thread-1] DEBUG com.mnc.udp.UDPServer - UDP-Server: Message-48-98
21:20:57.063 [pool-1-thread-2] DEBUG com.mnc.udp.UDPServer - UDP-Server: Message-88-46
21:20:57.063 [pool-1-thread-1] DEBUG com.mnc.udp.UDPServer - UDP-Server: Message-48-98 -> Message-48-98 (/127.0.0.1:49473)
21:20:57.063 [pool-1-thread-5] DEBUG com.mnc.udp.UDPServer - UDP-Server: Message-96-82
21:20:57.063 [pool-1-thread-4] DEBUG com.mnc.udp.UDPServer - UDP-Server: Message-31-71 -> Message-31-71 (/127.0.0.1:49456)
21:20:57.063 [pool-1-thread-1] DEBUG com.mnc.udp.UDPServer - UDP-Server: Message-16-93
21:20:57.063 [pool-1-thread-3] DEBUG com.mnc.udp.UDPServer - UDP-Server: Message-82-94 -> Message-82-94 (/127.0.0.1:49507)
21:20:57.063 [pool-1-thread-2] DEBUG com.mnc.udp.UDPServer - UDP-Server: Message-88-46 -> Message-88-46 (/127.0.0.1:49513)
21:20:57.063 [pool-1-thread-4] DEBUG com.mnc.udp.UDPServer - UDP-Server: Message-63-84
21:20:57.063 [pool-1-thread-4] DEBUG com.mnc.udp.UDPServer - UDP-Server: Message-63-84 -> Message-63-84 (/127.0.0.1:49488)
21:20:57.063 [pool-1-thread-3] DEBUG com.mnc.udp.UDPServer - UDP-Server: Message-81-95
21:20:57.063 [pool-1-thread-3] DEBUG com.mnc.udp.UDPServer - UDP-Server: Message-81-95 -> Message-81-95 (/127.0.0.1:49506)
21:20:57.063 [pool-1-thread-5] DEBUG com.mnc.udp.UDPServer - UDP-Server: Message-96-82 -> Message-96-82 (/127.0.0.1:49521)
21:20:57.063 [pool-1-thread-1] DEBUG com.mnc.udp.UDPServer - UDP-Server: Message-16-93 -> Message-16-93 (/127.0.0.1:49441)
21:20:57.063 [pool-1-thread-3] DEBUG com.mnc.udp.UDPServer - UDP-Server: Message-82-95
21:20:57.063 [pool-1-thread-4] DEBUG com.mnc.udp.UDPServer - UDP-Server: Message-31-72
21:20:57.063 [pool-1-thread-5] DEBUG com.mnc.udp.UDPServer - UDP-Server: Message-88-47
21:20:57.063 [pool-1-thread-1] DEBUG com.mnc.udp.UDPServer - UDP-Server: Message-63-41
21:20:57.063 [pool-1-thread-2] DEBUG com.mnc.udp.UDPServer - UDP-Server: Message-48-99
21:20:57.063 [pool-1-thread-5] DEBUG com.mnc.udp.UDPServer - UDP-Server: Message-88-47 -> Message-88-47 (/127.0.0.1:49513)
21:20:57.063 [pool-1-thread-2] DEBUG com.mnc.udp.UDPServer - UDP-Server: Message-48-99 -> Message-48-99 (/127.0.0.1:49473)
21:20:57.063 [pool-1-thread-3] DEBUG com.mnc.udp.UDPServer - UDP-Server: Message-82-95 -> Message-82-95 (/127.0.0.1:49507)
21:20:57.063 [pool-1-thread-4] DEBUG com.mnc.udp.UDPServer - UDP-Server: Message-31-72 -> Message-31-72 (/127.0.0.1:49456)
21:20:57.063 [pool-1-thread-5] DEBUG com.mnc.udp.UDPServer - UDP-Server: Message-81-93
21:20:57.063 [pool-1-thread-5] DEBUG com.mnc.udp.UDPServer - UDP-Server: Message-81-93 -> Message-81-93 (/127.0.0.1:49506)
21:20:57.063 [pool-1-thread-1] DEBUG com.mnc.udp.UDPServer - UDP-Server: Message-63-41 -> Message-63-41 (/127.0.0.1:49488)
21:20:57.063 [pool-1-thread-4] DEBUG com.mnc.udp.UDPServer - UDP-Server: Message-16-82
21:20:57.063 [pool-1-thread-1] DEBUG com.mnc.udp.UDPServer - UDP-Server: Message-88-40
21:20:57.063 [pool-1-thread-2] DEBUG com.mnc.udp.UDPServer - UDP-Server: Message-96-83
21:20:57.063 [pool-1-thread-2] DEBUG com.mnc.udp.UDPServer - UDP-Server: Message-96-83 -> Message-96-83 (/127.0.0.1:49521)
21:20:57.063 [pool-1-thread-4] DEBUG com.mnc.udp.UDPServer - UDP-Server: Message-16-82 -> Message-16-82 (/127.0.0.1:49441)
21:20:57.063 [pool-1-thread-1] DEBUG com.mnc.udp.UDPServer - UDP-Server: Message-88-40 -> Message-88-40 (/127.0.0.1:49513)
21:20:57.064 [pool-1-thread-5] DEBUG com.mnc.udp.UDPServer - UDP-Server: Message-82-93
21:20:57.064 [pool-1-thread-5] DEBUG com.mnc.udp.UDPServer - UDP-Server: Message-82-93 -> Message-82-93 (/127.0.0.1:49507)
21:20:57.064 [pool-1-thread-1] DEBUG com.mnc.udp.UDPServer - UDP-Server: Message-63-42
21:20:57.064 [pool-1-thread-3] DEBUG com.mnc.udp.UDPServer - UDP-Server: Message-48-94
21:20:57.064 [pool-1-thread-1] DEBUG com.mnc.udp.UDPServer - UDP-Server: Message-63-42 -> Message-63-42 (/127.0.0.1:49488)
21:20:57.064 [pool-1-thread-3] DEBUG com.mnc.udp.UDPServer - UDP-Server: Message-48-94 -> Message-48-94 (/127.0.0.1:49473)
21:20:57.064 [pool-1-thread-5] DEBUG com.mnc.udp.UDPServer - UDP-Server: Message-96-81
21:20:57.064 [pool-1-thread-4] DEBUG com.mnc.udp.UDPServer - UDP-Server: Message-31-37
21:20:57.064 [pool-1-thread-2] DEBUG com.mnc.udp.UDPServer - UDP-Server: Message-81-82
21:20:57.064 [pool-1-thread-1] DEBUG com.mnc.udp.UDPServer - UDP-Server: Message-16-83
21:20:57.064 [pool-1-thread-1] DEBUG com.mnc.udp.UDPServer - UDP-Server: Message-16-83 -> Message-16-83 (/127.0.0.1:49441)
21:20:57.064 [pool-1-thread-3] DEBUG com.mnc.udp.UDPServer - UDP-Server: Message-88-41
21:20:57.064 [pool-1-thread-3] DEBUG com.mnc.udp.UDPServer - UDP-Server: Message-88-41 -> Message-88-41 (/127.0.0.1:49513)
21:20:57.064 [pool-1-thread-5] DEBUG com.mnc.udp.UDPServer - UDP-Server: Message-96-81 -> Message-96-81 (/127.0.0.1:49521)
21:20:57.064 [pool-1-thread-4] DEBUG com.mnc.udp.UDPServer - UDP-Server: Message-31-37 -> Message-31-37 (/127.0.0.1:49456)
21:20:57.064 [pool-1-thread-2] DEBUG com.mnc.udp.UDPServer - UDP-Server: Message-81-82 -> Message-81-82 (/127.0.0.1:49506)
21:20:57.064 [pool-1-thread-1] DEBUG com.mnc.udp.UDPServer - UDP-Server: Message-82-82
21:20:57.064 [pool-1-thread-3] DEBUG com.mnc.udp.UDPServer - UDP-Server: Message-63-78
21:20:57.064 [pool-1-thread-5] DEBUG com.mnc.udp.UDPServer - UDP-Server: Message-48-95
21:20:57.064 [pool-1-thread-3] DEBUG com.mnc.udp.UDPServer - UDP-Server: Message-63-78 -> Message-63-78 (/127.0.0.1:49488)
21:20:57.064 [pool-1-thread-1] DEBUG com.mnc.udp.UDPServer - UDP-Server: Message-82-82 -> Message-82-82 (/127.0.0.1:49507)
21:20:57.064 [pool-1-thread-4] DEBUG com.mnc.udp.UDPServer - UDP-Server: Message-16-81
21:20:57.064 [pool-1-thread-3] DEBUG com.mnc.udp.UDPServer - UDP-Server: Message-96-85
21:20:57.064 [pool-1-thread-3] DEBUG com.mnc.udp.UDPServer - UDP-Server: Message-96-85 -> Message-96-85 (/127.0.0.1:49521)
21:20:57.064 [pool-1-thread-2] DEBUG com.mnc.udp.UDPServer - UDP-Server: Message-88-42
21:20:57.064 [pool-1-thread-5] DEBUG com.mnc.udp.UDPServer - UDP-Server: Message-48-95 -> Message-48-95 (/127.0.0.1:49473)
21:20:57.064 [pool-1-thread-3] DEBUG com.mnc.udp.UDPServer - UDP-Server: Message-31-63
21:20:57.064 [pool-1-thread-3] DEBUG com.mnc.udp.UDPServer - UDP-Server: Message-31-63 -> Message-31-63 (/127.0.0.1:49456)
21:20:57.064 [pool-1-thread-5] DEBUG com.mnc.udp.UDPServer - UDP-Server: Message-63-38
21:20:57.064 [pool-1-thread-4] DEBUG com.mnc.udp.UDPServer - UDP-Server: Message-16-81 -> Message-16-81 (/127.0.0.1:49441)
21:20:57.064 [pool-1-thread-1] DEBUG com.mnc.udp.UDPServer - UDP-Server: Message-81-83
21:20:57.064 [pool-1-thread-2] DEBUG com.mnc.udp.UDPServer - UDP-Server: Message-88-42 -> Message-88-42 (/127.0.0.1:49513)
21:20:57.064 [pool-1-thread-5] DEBUG com.mnc.udp.UDPServer - UDP-Server: Message-63-38 -> Message-63-38 (/127.0.0.1:49488)
21:20:57.064 [pool-1-thread-3] DEBUG com.mnc.udp.UDPServer - UDP-Server: Message-82-83
21:20:57.064 [pool-1-thread-3] DEBUG com.mnc.udp.UDPServer - UDP-Server: Message-82-83 -> Message-82-83 (/127.0.0.1:49507)
21:20:57.064 [pool-1-thread-4] DEBUG com.mnc.udp.UDPServer - UDP-Server: Message-96-86
21:20:57.064 [pool-1-thread-1] DEBUG com.mnc.udp.UDPServer - UDP-Server: Message-81-83 -> Message-81-83 (/127.0.0.1:49506)
21:20:57.064 [pool-1-thread-2] DEBUG com.mnc.udp.UDPServer - UDP-Server: Message-48-93
21:20:57.064 [pool-1-thread-5] DEBUG com.mnc.udp.UDPServer - UDP-Server: Message-31-64
21:20:57.064 [pool-1-thread-3] DEBUG com.mnc.udp.UDPServer - UDP-Server: Message-16-85
21:20:57.064 [pool-1-thread-3] DEBUG com.mnc.udp.UDPServer - UDP-Server: Message-16-85 -> Message-16-85 (/127.0.0.1:49441)
21:20:57.064 [pool-1-thread-4] DEBUG com.mnc.udp.UDPServer - UDP-Server: Message-96-86 -> Message-96-86 (/127.0.0.1:49521)
21:20:57.064 [pool-1-thread-1] DEBUG com.mnc.udp.UDPServer - UDP-Server: Message-88-38
21:20:57.064 [pool-1-thread-4] DEBUG com.mnc.udp.UDPServer - UDP-Server: Message-82-81
21:20:57.064 [pool-1-thread-4] DEBUG com.mnc.udp.UDPServer - UDP-Server: Message-82-81 -> Message-82-81 (/127.0.0.1:49507)
21:20:57.064 [pool-1-thread-2] DEBUG com.mnc.udp.UDPServer - UDP-Server: Message-48-93 -> Message-48-93 (/127.0.0.1:49473)
21:20:57.064 [pool-1-thread-4] DEBUG com.mnc.udp.UDPServer - UDP-Server: Message-81-81
21:20:57.064 [pool-1-thread-5] DEBUG com.mnc.udp.UDPServer - UDP-Server: Message-31-64 -> Message-31-64 (/127.0.0.1:49456)
21:20:57.064 [pool-1-thread-3] DEBUG com.mnc.udp.UDPServer - UDP-Server: Message-63-39
21:20:57.064 [pool-1-thread-1] DEBUG com.mnc.udp.UDPServer - UDP-Server: Message-88-38 -> Message-88-38 (/127.0.0.1:49513)
21:20:57.064 [pool-1-thread-2] DEBUG com.mnc.udp.UDPServer - UDP-Server: Message-16-86
21:20:57.064 [pool-1-thread-4] DEBUG com.mnc.udp.UDPServer - UDP-Server: Message-81-81 -> Message-81-81 (/127.0.0.1:49506)
21:20:57.064 [pool-1-thread-1] DEBUG com.mnc.udp.UDPServer - UDP-Server: Message-82-85
21:20:57.064 [pool-1-thread-1] DEBUG com.mnc.udp.UDPServer - UDP-Server: Message-82-85 -> Message-82-85 (/127.0.0.1:49507)
21:20:57.064 [pool-1-thread-4] DEBUG com.mnc.udp.UDPServer - UDP-Server: Message-48-59
21:20:57.064 [pool-1-thread-1] DEBUG com.mnc.udp.UDPServer - UDP-Server: Message-31-15
21:20:57.064 [pool-1-thread-1] DEBUG com.mnc.udp.UDPServer - UDP-Server: Message-31-15 -> Message-31-15 (/127.0.0.1:49456)
21:20:57.064 [pool-1-thread-5] DEBUG com.mnc.udp.UDPServer - UDP-Server: Message-96-84
21:20:57.064 [pool-1-thread-3] DEBUG com.mnc.udp.UDPServer - UDP-Server: Message-63-39 -> Message-63-39 (/127.0.0.1:49488)
21:20:57.064 [pool-1-thread-1] DEBUG com.mnc.udp.UDPServer - UDP-Server: Message-88-39
21:20:57.064 [pool-1-thread-2] DEBUG com.mnc.udp.UDPServer - UDP-Server: Message-16-86 -> Message-16-86 (/127.0.0.1:49441)
21:20:57.064 [pool-1-thread-4] DEBUG com.mnc.udp.UDPServer - UDP-Server: Message-48-59 -> Message-48-59 (/127.0.0.1:49473)
21:20:57.064 [pool-1-thread-5] DEBUG com.mnc.udp.UDPServer - UDP-Server: Message-96-84 -> Message-96-84 (/127.0.0.1:49521)
21:20:57.064 [pool-1-thread-4] DEBUG com.mnc.udp.UDPServer - UDP-Server: Message-31-16
21:20:57.064 [pool-1-thread-1] DEBUG com.mnc.udp.UDPServer - UDP-Server: Message-88-39 -> Message-88-39 (/127.0.0.1:49513)
21:20:57.064 [pool-1-thread-2] DEBUG com.mnc.udp.UDPServer - UDP-Server: Message-82-86
21:20:57.064 [pool-1-thread-3] DEBUG com.mnc.udp.UDPServer - UDP-Server: Message-81-85
21:20:57.064 [pool-1-thread-4] DEBUG com.mnc.udp.UDPServer - UDP-Server: Message-31-16 -> Message-31-16 (/127.0.0.1:49456)
21:20:57.064 [pool-1-thread-2] DEBUG com.mnc.udp.UDPServer - UDP-Server: Message-82-86 -> Message-82-86 (/127.0.0.1:49507)
21:20:57.065 [pool-1-thread-5] DEBUG com.mnc.udp.UDPServer - UDP-Server: Message-63-37
21:20:57.065 [pool-1-thread-1] DEBUG com.mnc.udp.UDPServer - UDP-Server: Message-16-84
21:20:57.065 [pool-1-thread-4] DEBUG com.mnc.udp.UDPServer - UDP-Server: Message-48-82
21:20:57.065 [pool-1-thread-2] DEBUG com.mnc.udp.UDPServer - UDP-Server: Message-96-78
21:20:57.065 [pool-1-thread-4] DEBUG com.mnc.udp.UDPServer - UDP-Server: Message-48-82 -> Message-48-82 (/127.0.0.1:49473)
21:20:57.065 [pool-1-thread-2] DEBUG com.mnc.udp.UDPServer - UDP-Server: Message-96-78 -> Message-96-78 (/127.0.0.1:49521)
21:20:57.065 [pool-1-thread-3] DEBUG com.mnc.udp.UDPServer - UDP-Server: Message-81-85 -> Message-81-85 (/127.0.0.1:49506)
21:20:57.065 [pool-1-thread-5] DEBUG com.mnc.udp.UDPServer - UDP-Server: Message-63-37 -> Message-63-37 (/127.0.0.1:49488)
21:20:57.065 [pool-1-thread-1] DEBUG com.mnc.udp.UDPServer - UDP-Server: Message-16-84 -> Message-16-84 (/127.0.0.1:49441)
21:20:57.065 [pool-1-thread-4] DEBUG com.mnc.udp.UDPServer - UDP-Server: Message-88-37
21:20:57.065 [pool-1-thread-5] DEBUG com.mnc.udp.UDPServer - UDP-Server: Message-48-83
21:20:57.065 [pool-1-thread-4] DEBUG com.mnc.udp.UDPServer - UDP-Server: Message-88-37 -> Message-88-37 (/127.0.0.1:49513)
21:20:57.065 [pool-1-thread-5] DEBUG com.mnc.udp.UDPServer - UDP-Server: Message-48-83 -> Message-48-83 (/127.0.0.1:49473)
21:20:57.065 [pool-1-thread-2] DEBUG com.mnc.udp.UDPServer - UDP-Server: Message-31-17
21:20:57.065 [pool-1-thread-5] DEBUG com.mnc.udp.UDPServer - UDP-Server: Message-16-78
21:20:57.065 [pool-1-thread-2] DEBUG com.mnc.udp.UDPServer - UDP-Server: Message-31-17 -> Message-31-17 (/127.0.0.1:49456)
21:20:57.065 [pool-1-thread-3] DEBUG com.mnc.udp.UDPServer - UDP-Server: Message-82-84
21:20:57.065 [pool-1-thread-2] DEBUG com.mnc.udp.UDPServer - UDP-Server: Message-63-79
21:20:57.065 [pool-1-thread-3] DEBUG com.mnc.udp.UDPServer - UDP-Server: Message-82-84 -> Message-82-84 (/127.0.0.1:49507)
21:20:57.065 [pool-1-thread-1] DEBUG com.mnc.udp.UDPServer - UDP-Server: Message-96-79
21:20:57.065 [pool-1-thread-3] DEBUG com.mnc.udp.UDPServer - UDP-Server: Message-88-15
21:20:57.065 [pool-1-thread-4] DEBUG com.mnc.udp.UDPServer - UDP-Server: Message-81-86
21:20:57.065 [pool-1-thread-5] DEBUG com.mnc.udp.UDPServer - UDP-Server: Message-16-78 -> Message-16-78 (/127.0.0.1:49441)
21:20:57.065 [pool-1-thread-2] DEBUG com.mnc.udp.UDPServer - UDP-Server: Message-63-79 -> Message-63-79 (/127.0.0.1:49488)
21:20:57.065 [pool-1-thread-1] DEBUG com.mnc.udp.UDPServer - UDP-Server: Message-96-79 -> Message-96-79 (/127.0.0.1:49521)
21:20:57.065 [pool-1-thread-2] DEBUG com.mnc.udp.UDPServer - UDP-Server: Message-31-13
21:20:57.065 [pool-1-thread-3] DEBUG com.mnc.udp.UDPServer - UDP-Server: Message-88-15 -> Message-88-15 (/127.0.0.1:49513)
21:20:57.065 [pool-1-thread-2] DEBUG com.mnc.udp.UDPServer - UDP-Server: Message-31-13 -> Message-31-13 (/127.0.0.1:49456)
21:20:57.065 [pool-1-thread-4] DEBUG com.mnc.udp.UDPServer - UDP-Server: Message-81-86 -> Message-81-86 (/127.0.0.1:49506)
21:20:57.065 [pool-1-thread-3] DEBUG com.mnc.udp.UDPServer - UDP-Server: Message-82-78
21:20:57.065 [pool-1-thread-5] DEBUG com.mnc.udp.UDPServer - UDP-Server: Message-48-81
21:20:57.065 [pool-1-thread-2] DEBUG com.mnc.udp.UDPServer - UDP-Server: Message-16-79
21:20:57.065 [pool-1-thread-5] DEBUG com.mnc.udp.UDPServer - UDP-Server: Message-48-81 -> Message-48-81 (/127.0.0.1:49473)
21:20:57.065 [pool-1-thread-4] DEBUG com.mnc.udp.UDPServer - UDP-Server: Message-63-80
21:20:57.065 [pool-1-thread-4] DEBUG com.mnc.udp.UDPServer - UDP-Server: Message-63-80 -> Message-63-80 (/127.0.0.1:49488)
21:20:57.065 [pool-1-thread-3] DEBUG com.mnc.udp.UDPServer - UDP-Server: Message-82-78 -> Message-82-78 (/127.0.0.1:49507)
21:20:57.065 [pool-1-thread-1] DEBUG com.mnc.udp.UDPServer - UDP-Server: Message-96-80
21:20:57.065 [pool-1-thread-2] DEBUG com.mnc.udp.UDPServer - UDP-Server: Message-16-79 -> Message-16-79 (/127.0.0.1:49441)
21:20:57.065 [pool-1-thread-3] DEBUG com.mnc.udp.UDPServer - UDP-Server: Message-88-16
21:20:57.065 [pool-1-thread-5] DEBUG com.mnc.udp.UDPServer - UDP-Server: Message-31-14
21:20:57.065 [pool-1-thread-4] DEBUG com.mnc.udp.UDPServer - UDP-Server: Message-81-84
21:20:57.065 [pool-1-thread-1] DEBUG com.mnc.udp.UDPServer - UDP-Server: Message-96-80 -> Message-96-80 (/127.0.0.1:49521)
21:20:57.065 [pool-1-thread-2] DEBUG com.mnc.udp.UDPServer - UDP-Server: Message-48-85
21:20:57.065 [pool-1-thread-3] DEBUG com.mnc.udp.UDPServer - UDP-Server: Message-88-16 -> Message-88-16 (/127.0.0.1:49513)
21:20:57.065 [pool-1-thread-1] DEBUG com.mnc.udp.UDPServer - UDP-Server: Message-63-76
21:20:57.065 [pool-1-thread-1] DEBUG com.mnc.udp.UDPServer - UDP-Server: Message-63-76 -> Message-63-76 (/127.0.0.1:49488)
21:20:57.065 [pool-1-thread-5] DEBUG com.mnc.udp.UDPServer - UDP-Server: Message-31-14 -> Message-31-14 (/127.0.0.1:49456)
21:20:57.065 [pool-1-thread-4] DEBUG com.mnc.udp.UDPServer - UDP-Server: Message-81-84 -> Message-81-84 (/127.0.0.1:49506)
21:20:57.065 [pool-1-thread-3] DEBUG com.mnc.udp.UDPServer - UDP-Server: Message-82-79
21:20:57.065 [pool-1-thread-3] DEBUG com.mnc.udp.UDPServer - UDP-Server: Message-82-79 -> Message-82-79 (/127.0.0.1:49507)
21:20:57.065 [pool-1-thread-2] DEBUG com.mnc.udp.UDPServer - UDP-Server: Message-48-85 -> Message-48-85 (/127.0.0.1:49473)
21:20:57.065 [pool-1-thread-5] DEBUG com.mnc.udp.UDPServer - UDP-Server: Message-96-76
21:20:57.065 [pool-1-thread-5] DEBUG com.mnc.udp.UDPServer - UDP-Server: Message-96-76 -> Message-96-76 (/127.0.0.1:49521)
21:20:57.065 [pool-1-thread-4] DEBUG com.mnc.udp.UDPServer - UDP-Server: Message-16-80
21:20:57.065 [pool-1-thread-1] DEBUG com.mnc.udp.UDPServer - UDP-Server: Message-88-17
21:20:57.065 [pool-1-thread-3] DEBUG com.mnc.udp.UDPServer - UDP-Server: Message-63-77
21:20:57.065 [pool-1-thread-4] DEBUG com.mnc.udp.UDPServer - UDP-Server: Message-16-80 -> Message-16-80 (/127.0.0.1:49441)
21:20:57.065 [pool-1-thread-2] DEBUG com.mnc.udp.UDPServer - UDP-Server: Message-81-78
21:20:57.065 [pool-1-thread-1] DEBUG com.mnc.udp.UDPServer - UDP-Server: Message-88-17 -> Message-88-17 (/127.0.0.1:49513)
21:20:57.065 [pool-1-thread-5] DEBUG com.mnc.udp.UDPServer - UDP-Server: Message-82-80
21:20:57.065 [pool-1-thread-4] DEBUG com.mnc.udp.UDPServer - UDP-Server: Message-31-12
21:20:57.065 [pool-1-thread-3] DEBUG com.mnc.udp.UDPServer - UDP-Server: Message-63-77 -> Message-63-77 (/127.0.0.1:49488)
21:20:57.065 [pool-1-thread-4] DEBUG com.mnc.udp.UDPServer - UDP-Server: Message-31-12 -> Message-31-12 (/127.0.0.1:49456)
21:20:57.065 [pool-1-thread-1] DEBUG com.mnc.udp.UDPServer - UDP-Server: Message-96-77
21:20:57.065 [pool-1-thread-2] DEBUG com.mnc.udp.UDPServer - UDP-Server: Message-81-78 -> Message-81-78 (/127.0.0.1:49506)
21:20:57.065 [pool-1-thread-1] DEBUG com.mnc.udp.UDPServer - UDP-Server: Message-96-77 -> Message-96-77 (/127.0.0.1:49521)
21:20:57.065 [pool-1-thread-5] DEBUG com.mnc.udp.UDPServer - UDP-Server: Message-82-80 -> Message-82-80 (/127.0.0.1:49507)
21:20:57.065 [pool-1-thread-4] DEBUG com.mnc.udp.UDPServer - UDP-Server: Message-48-53
21:20:57.065 [pool-1-thread-1] DEBUG com.mnc.udp.UDPServer - UDP-Server: Message-63-75
21:20:57.065 [pool-1-thread-4] DEBUG com.mnc.udp.UDPServer - UDP-Server: Message-48-53 -> Message-48-53 (/127.0.0.1:49473)
21:20:57.065 [pool-1-thread-1] DEBUG com.mnc.udp.UDPServer - UDP-Server: Message-63-75 -> Message-63-75 (/127.0.0.1:49488)
21:20:57.065 [pool-1-thread-3] DEBUG com.mnc.udp.UDPServer - UDP-Server: Message-16-76
21:20:57.065 [pool-1-thread-2] DEBUG com.mnc.udp.UDPServer - UDP-Server: Message-88-13
21:20:57.065 [pool-1-thread-5] DEBUG com.mnc.udp.UDPServer - UDP-Server: Message-31-62
21:20:57.066 [pool-1-thread-1] DEBUG com.mnc.udp.UDPServer - UDP-Server: Message-81-79
21:20:57.066 [pool-1-thread-3] DEBUG com.mnc.udp.UDPServer - UDP-Server: Message-16-76 -> Message-16-76 (/127.0.0.1:49441)
21:20:57.066 [pool-1-thread-1] DEBUG com.mnc.udp.UDPServer - UDP-Server: Message-81-79 -> Message-81-79 (/127.0.0.1:49506)
21:20:57.066 [pool-1-thread-5] DEBUG com.mnc.udp.UDPServer - UDP-Server: Message-31-62 -> Message-31-62 (/127.0.0.1:49456)
21:20:57.066 [pool-1-thread-4] DEBUG com.mnc.udp.UDPServer - UDP-Server: Message-96-75
21:20:57.066 [pool-1-thread-1] DEBUG com.mnc.udp.UDPServer - UDP-Server: Message-48-54
21:20:57.066 [pool-1-thread-2] DEBUG com.mnc.udp.UDPServer - UDP-Server: Message-88-13 -> Message-88-13 (/127.0.0.1:49513)
21:20:57.066 [pool-1-thread-5] DEBUG com.mnc.udp.UDPServer - UDP-Server: Message-63-15
21:20:57.066 [pool-1-thread-5] DEBUG com.mnc.udp.UDPServer - UDP-Server: Message-63-15 -> Message-63-15 (/127.0.0.1:49488)
21:20:57.066 [pool-1-thread-3] DEBUG com.mnc.udp.UDPServer - UDP-Server: Message-82-76
21:20:57.066 [pool-1-thread-3] DEBUG com.mnc.udp.UDPServer - UDP-Server: Message-82-76 -> Message-82-76 (/127.0.0.1:49507)
21:20:57.066 [pool-1-thread-2] DEBUG com.mnc.udp.UDPServer - UDP-Server: Message-16-77
21:20:57.066 [pool-1-thread-3] DEBUG com.mnc.udp.UDPServer - UDP-Server: Message-31-21
21:20:57.066 [pool-1-thread-3] DEBUG com.mnc.udp.UDPServer - UDP-Server: Message-31-21 -> Message-31-21 (/127.0.0.1:49456)
21:20:57.066 [pool-1-thread-2] DEBUG com.mnc.udp.UDPServer - UDP-Server: Message-16-77 -> Message-16-77 (/127.0.0.1:49441)
21:20:57.066 [pool-1-thread-4] DEBUG com.mnc.udp.UDPServer - UDP-Server: Message-96-75 -> Message-96-75 (/127.0.0.1:49521)
21:20:57.066 [pool-1-thread-3] DEBUG com.mnc.udp.UDPServer - UDP-Server: Message-88-14
21:20:57.066 [pool-1-thread-1] DEBUG com.mnc.udp.UDPServer - UDP-Server: Message-48-54 -> Message-48-54 (/127.0.0.1:49473)
21:20:57.066 [pool-1-thread-5] DEBUG com.mnc.udp.UDPServer - UDP-Server: Message-81-80
21:20:57.066 [pool-1-thread-3] DEBUG com.mnc.udp.UDPServer - UDP-Server: Message-88-14 -> Message-88-14 (/127.0.0.1:49513)
21:20:57.066 [pool-1-thread-2] DEBUG com.mnc.udp.UDPServer - UDP-Server: Message-31-22
21:20:57.066 [pool-1-thread-4] DEBUG com.mnc.udp.UDPServer - UDP-Server: Message-63-16
21:20:57.066 [pool-1-thread-1] DEBUG com.mnc.udp.UDPServer - UDP-Server: Message-82-77
21:20:57.066 [pool-1-thread-5] DEBUG com.mnc.udp.UDPServer - UDP-Server: Message-81-80 -> Message-81-80 (/127.0.0.1:49506)
21:20:57.066 [pool-1-thread-1] DEBUG com.mnc.udp.UDPServer - UDP-Server: Message-82-77 -> Message-82-77 (/127.0.0.1:49507)
21:20:57.066 [pool-1-thread-5] DEBUG com.mnc.udp.UDPServer - UDP-Server: Message-96-57
21:20:57.066 [pool-1-thread-1] DEBUG com.mnc.udp.UDPServer - UDP-Server: Message-48-55
21:20:57.066 [pool-1-thread-2] DEBUG com.mnc.udp.UDPServer - UDP-Server: Message-31-22 -> Message-31-22 (/127.0.0.1:49456)
21:20:57.066 [pool-1-thread-1] DEBUG com.mnc.udp.UDPServer - UDP-Server: Message-48-55 -> Message-48-55 (/127.0.0.1:49473)
21:20:57.066 [pool-1-thread-4] DEBUG com.mnc.udp.UDPServer - UDP-Server: Message-63-16 -> Message-63-16 (/127.0.0.1:49488)
21:20:57.066 [pool-1-thread-1] DEBUG com.mnc.udp.UDPServer - UDP-Server: Message-88-12
21:20:57.066 [pool-1-thread-3] DEBUG com.mnc.udp.UDPServer - UDP-Server: Message-16-75
21:20:57.066 [pool-1-thread-2] DEBUG com.mnc.udp.UDPServer - UDP-Server: Message-81-76
21:20:57.066 [pool-1-thread-4] DEBUG com.mnc.udp.UDPServer - UDP-Server: Message-82-75
21:20:57.066 [pool-1-thread-5] DEBUG com.mnc.udp.UDPServer - UDP-Server: Message-96-57 -> Message-96-57 (/127.0.0.1:49521)
21:20:57.066 [pool-1-thread-1] DEBUG com.mnc.udp.UDPServer - UDP-Server: Message-88-12 -> Message-88-12 (/127.0.0.1:49513)
21:20:57.066 [pool-1-thread-3] DEBUG com.mnc.udp.UDPServer - UDP-Server: Message-16-75 -> Message-16-75 (/127.0.0.1:49441)
21:20:57.066 [pool-1-thread-2] DEBUG com.mnc.udp.UDPServer - UDP-Server: Message-81-76 -> Message-81-76 (/127.0.0.1:49506)
21:20:57.066 [pool-1-thread-3] DEBUG com.mnc.udp.UDPServer - UDP-Server: Message-63-17
21:20:57.066 [pool-1-thread-3] DEBUG com.mnc.udp.UDPServer - UDP-Server: Message-63-17 -> Message-63-17 (/127.0.0.1:49488)
21:20:57.066 [pool-1-thread-4] DEBUG com.mnc.udp.UDPServer - UDP-Server: Message-82-75 -> Message-82-75 (/127.0.0.1:49507)
21:20:57.066 [pool-1-thread-5] DEBUG com.mnc.udp.UDPServer - UDP-Server: Message-48-51
21:20:57.066 [pool-1-thread-1] DEBUG com.mnc.udp.UDPServer - UDP-Server: Message-31-23
21:20:57.066 [pool-1-thread-5] DEBUG com.mnc.udp.UDPServer - UDP-Server: Message-48-51 -> Message-48-51 (/127.0.0.1:49473)
21:20:57.066 [pool-1-thread-3] DEBUG com.mnc.udp.UDPServer - UDP-Server: Message-88-21
21:20:57.066 [pool-1-thread-2] DEBUG com.mnc.udp.UDPServer - UDP-Server: Message-96-58
21:20:57.066 [pool-1-thread-4] DEBUG com.mnc.udp.UDPServer - UDP-Server: Message-81-77
21:20:57.066 [pool-1-thread-1] DEBUG com.mnc.udp.UDPServer - UDP-Server: Message-31-23 -> Message-31-23 (/127.0.0.1:49456)
21:20:57.066 [pool-1-thread-4] DEBUG com.mnc.udp.UDPServer - UDP-Server: Message-81-77 -> Message-81-77 (/127.0.0.1:49506)
21:20:57.066 [pool-1-thread-3] DEBUG com.mnc.udp.UDPServer - UDP-Server: Message-88-21 -> Message-88-21 (/127.0.0.1:49513)
21:20:57.066 [pool-1-thread-4] DEBUG com.mnc.udp.UDPServer - UDP-Server: Message-63-13
21:20:57.066 [pool-1-thread-4] DEBUG com.mnc.udp.UDPServer - UDP-Server: Message-63-13 -> Message-63-13 (/127.0.0.1:49488)
21:20:57.066 [pool-1-thread-2] DEBUG com.mnc.udp.UDPServer - UDP-Server: Message-96-58 -> Message-96-58 (/127.0.0.1:49521)
21:20:57.066 [pool-1-thread-1] DEBUG com.mnc.udp.UDPServer - UDP-Server: Message-16-57
21:20:57.066 [pool-1-thread-4] DEBUG com.mnc.udp.UDPServer - UDP-Server: Message-81-75
21:20:57.066 [pool-1-thread-1] DEBUG com.mnc.udp.UDPServer - UDP-Server: Message-16-57 -> Message-16-57 (/127.0.0.1:49441)
21:20:57.066 [pool-1-thread-4] DEBUG com.mnc.udp.UDPServer - UDP-Server: Message-81-75 -> Message-81-75 (/127.0.0.1:49506)
21:20:57.066 [pool-1-thread-5] DEBUG com.mnc.udp.UDPServer - UDP-Server: Message-82-57
21:20:57.066 [pool-1-thread-1] DEBUG com.mnc.udp.UDPServer - UDP-Server: Message-48-52
21:20:57.066 [pool-1-thread-3] DEBUG com.mnc.udp.UDPServer - UDP-Server: Message-31-66
21:20:57.066 [pool-1-thread-2] DEBUG com.mnc.udp.UDPServer - UDP-Server: Message-88-90
21:20:57.066 [pool-1-thread-3] DEBUG com.mnc.udp.UDPServer - UDP-Server: Message-31-66 -> Message-31-66 (/127.0.0.1:49456)
21:20:57.066 [pool-1-thread-5] DEBUG com.mnc.udp.UDPServer - UDP-Server: Message-82-57 -> Message-82-57 (/127.0.0.1:49507)
21:20:57.066 [pool-1-thread-4] DEBUG com.mnc.udp.UDPServer - UDP-Server: Message-63-14
21:20:57.066 [pool-1-thread-1] DEBUG com.mnc.udp.UDPServer - UDP-Server: Message-48-52 -> Message-48-52 (/127.0.0.1:49473)
21:20:57.066 [pool-1-thread-2] DEBUG com.mnc.udp.UDPServer - UDP-Server: Message-88-90 -> Message-88-90 (/127.0.0.1:49513)
21:20:57.066 [pool-1-thread-5] DEBUG com.mnc.udp.UDPServer - UDP-Server: Message-16-58
21:20:57.066 [pool-1-thread-3] DEBUG com.mnc.udp.UDPServer - UDP-Server: Message-96-56
21:20:57.066 [pool-1-thread-4] DEBUG com.mnc.udp.UDPServer - UDP-Server: Message-63-14 -> Message-63-14 (/127.0.0.1:49488)
21:20:57.066 [pool-1-thread-1] DEBUG com.mnc.udp.UDPServer - UDP-Server: Message-81-57
21:20:57.066 [pool-1-thread-2] DEBUG com.mnc.udp.UDPServer - UDP-Server: Message-31-67
21:20:57.067 [pool-1-thread-3] DEBUG com.mnc.udp.UDPServer - UDP-Server: Message-96-56 -> Message-96-56 (/127.0.0.1:49521)
21:20:57.066 [pool-1-thread-5] DEBUG com.mnc.udp.UDPServer - UDP-Server: Message-16-58 -> Message-16-58 (/127.0.0.1:49441)
21:20:57.067 [pool-1-thread-4] DEBUG com.mnc.udp.UDPServer - UDP-Server: Message-82-58
21:20:57.067 [pool-1-thread-3] DEBUG com.mnc.udp.UDPServer - UDP-Server: Message-48-50
21:20:57.067 [pool-1-thread-1] DEBUG com.mnc.udp.UDPServer - UDP-Server: Message-81-57 -> Message-81-57 (/127.0.0.1:49506)
21:20:57.067 [pool-1-thread-2] DEBUG com.mnc.udp.UDPServer - UDP-Server: Message-31-67 -> Message-31-67 (/127.0.0.1:49456)
21:20:57.067 [pool-1-thread-4] DEBUG com.mnc.udp.UDPServer - UDP-Server: Message-82-58 -> Message-82-58 (/127.0.0.1:49507)
21:20:57.067 [pool-1-thread-5] DEBUG com.mnc.udp.UDPServer - UDP-Server: Message-88-22
21:20:57.067 [pool-1-thread-3] DEBUG com.mnc.udp.UDPServer - UDP-Server: Message-48-50 -> Message-48-50 (/127.0.0.1:49473)
21:20:57.067 [pool-1-thread-4] DEBUG com.mnc.udp.UDPServer - UDP-Server: Message-16-56
21:20:57.067 [pool-1-thread-1] DEBUG com.mnc.udp.UDPServer - UDP-Server: Message-63-12
21:20:57.067 [pool-1-thread-5] DEBUG com.mnc.udp.UDPServer - UDP-Server: Message-88-22 -> Message-88-22 (/127.0.0.1:49513)
21:20:57.067 [pool-1-thread-3] DEBUG com.mnc.udp.UDPServer - UDP-Server: Message-81-58
21:20:57.067 [pool-1-thread-2] DEBUG com.mnc.udp.UDPServer - UDP-Server: Message-96-60
21:20:57.067 [pool-1-thread-4] DEBUG com.mnc.udp.UDPServer - UDP-Server: Message-16-56 -> Message-16-56 (/127.0.0.1:49441)
21:20:57.067 [pool-1-thread-1] DEBUG com.mnc.udp.UDPServer - UDP-Server: Message-63-12 -> Message-63-12 (/127.0.0.1:49488)
21:20:57.067 [pool-1-thread-3] DEBUG com.mnc.udp.UDPServer - UDP-Server: Message-81-58 -> Message-81-58 (/127.0.0.1:49506)
21:20:57.067 [pool-1-thread-5] DEBUG com.mnc.udp.UDPServer - UDP-Server: Message-31-24
21:20:57.067 [pool-1-thread-3] DEBUG com.mnc.udp.UDPServer - UDP-Server: Message-48-86
21:20:57.067 [pool-1-thread-5] DEBUG com.mnc.udp.UDPServer - UDP-Server: Message-31-24 -> Message-31-24 (/127.0.0.1:49456)
21:20:57.067 [pool-1-thread-2] DEBUG com.mnc.udp.UDPServer - UDP-Server: Message-96-60 -> Message-96-60 (/127.0.0.1:49521)
21:20:57.067 [pool-1-thread-4] DEBUG com.mnc.udp.UDPServer - UDP-Server: Message-82-56
21:20:57.067 [pool-1-thread-5] DEBUG com.mnc.udp.UDPServer - UDP-Server: Message-88-23
21:20:57.067 [pool-1-thread-1] DEBUG com.mnc.udp.UDPServer - UDP-Server: Message-41-32
21:20:57.067 [pool-1-thread-5] DEBUG com.mnc.udp.UDPServer - UDP-Server: Message-88-23 -> Message-88-23 (/127.0.0.1:49513)
21:20:57.067 [pool-1-thread-2] DEBUG com.mnc.udp.UDPServer - UDP-Server: Message-16-60
21:20:57.067 [pool-1-thread-5] DEBUG com.mnc.udp.UDPServer - UDP-Server: Message-63-21
21:20:57.067 [pool-1-thread-5] DEBUG com.mnc.udp.UDPServer - UDP-Server: Message-63-21 -> Message-63-21 (/127.0.0.1:49488)
21:20:57.067 [pool-1-thread-3] DEBUG com.mnc.udp.UDPServer - UDP-Server: Message-48-86 -> Message-48-86 (/127.0.0.1:49473)
21:20:57.067 [pool-1-thread-4] DEBUG com.mnc.udp.UDPServer - UDP-Server: Message-82-56 -> Message-82-56 (/127.0.0.1:49507)
21:20:57.067 [pool-1-thread-1] DEBUG com.mnc.udp.UDPServer - UDP-Server: Message-41-32 -> Message-41-32 (/127.0.0.1:49466)
21:20:57.067 [pool-1-thread-2] DEBUG com.mnc.udp.UDPServer - UDP-Server: Message-16-60 -> Message-16-60 (/127.0.0.1:49441)
21:20:57.067 [pool-1-thread-5] DEBUG com.mnc.udp.UDPServer - UDP-Server: Message-81-56
21:20:57.068 [pool-1-thread-3] DEBUG com.mnc.udp.UDPServer - UDP-Server: Message-96-61
21:20:57.068 [pool-1-thread-2] DEBUG com.mnc.udp.UDPServer - UDP-Server: Message-63-22
21:20:57.068 [pool-1-thread-5] DEBUG com.mnc.udp.UDPServer - UDP-Server: Message-81-56 -> Message-81-56 (/127.0.0.1:49506)
21:20:57.068 [pool-1-thread-1] DEBUG com.mnc.udp.UDPServer - UDP-Server: Message-88-24
21:20:57.068 [pool-1-thread-1] DEBUG com.mnc.udp.UDPServer - UDP-Server: Message-88-24 -> Message-88-24 (/127.0.0.1:49513)
21:20:57.068 [pool-1-thread-5] DEBUG com.mnc.udp.UDPServer - UDP-Server: Message-48-84
21:20:57.068 [pool-1-thread-1] DEBUG com.mnc.udp.UDPServer - UDP-Server: Message-82-60
21:20:57.068 [pool-1-thread-5] DEBUG com.mnc.udp.UDPServer - UDP-Server: Message-48-84 -> Message-48-84 (/127.0.0.1:49473)
21:20:57.068 [pool-1-thread-4] DEBUG com.mnc.udp.UDPServer - UDP-Server: Message-31-19
21:20:57.068 [pool-1-thread-3] DEBUG com.mnc.udp.UDPServer - UDP-Server: Message-96-61 -> Message-96-61 (/127.0.0.1:49521)
21:20:57.068 [pool-1-thread-5] DEBUG com.mnc.udp.UDPServer - UDP-Server: Message-41-33
21:20:57.068 [pool-1-thread-5] DEBUG com.mnc.udp.UDPServer - UDP-Server: Message-41-33 -> Message-41-33 (/127.0.0.1:49466)
21:20:57.068 [pool-1-thread-3] DEBUG com.mnc.udp.UDPServer - UDP-Server: Message-16-61
21:20:57.068 [pool-1-thread-5] DEBUG com.mnc.udp.UDPServer - UDP-Server: Message-81-60
21:20:57.068 [pool-1-thread-2] DEBUG com.mnc.udp.UDPServer - UDP-Server: Message-63-22 -> Message-63-22 (/127.0.0.1:49488)
21:20:57.068 [pool-1-thread-1] DEBUG com.mnc.udp.UDPServer - UDP-Server: Message-82-60 -> Message-82-60 (/127.0.0.1:49507)
21:20:57.068 [pool-1-thread-3] DEBUG com.mnc.udp.UDPServer - UDP-Server: Message-16-61 -> Message-16-61 (/127.0.0.1:49441)
21:20:57.068 [pool-1-thread-4] DEBUG com.mnc.udp.UDPServer - UDP-Server: Message-31-19 -> Message-31-19 (/127.0.0.1:49456)
21:20:57.068 [pool-1-thread-5] DEBUG com.mnc.udp.UDPServer - UDP-Server: Message-81-60 -> Message-81-60 (/127.0.0.1:49506)
21:20:57.068 [pool-1-thread-4] DEBUG com.mnc.udp.UDPServer - UDP-Server: Message-41-31
21:20:57.068 [pool-1-thread-1] DEBUG com.mnc.udp.UDPServer - UDP-Server: Message-48-78
21:20:57.068 [pool-1-thread-5] DEBUG com.mnc.udp.UDPServer - UDP-Server: Message-82-61
21:20:57.068 [pool-1-thread-5] DEBUG com.mnc.udp.UDPServer - UDP-Server: Message-82-61 -> Message-82-61 (/127.0.0.1:49507)
21:20:57.068 [pool-1-thread-2] DEBUG com.mnc.udp.UDPServer - UDP-Server: Message-88-19
21:20:57.068 [pool-1-thread-2] DEBUG com.mnc.udp.UDPServer - UDP-Server: Message-88-19 -> Message-88-19 (/127.0.0.1:49513)
21:20:57.068 [pool-1-thread-3] DEBUG com.mnc.udp.UDPServer - UDP-Server: Message-96-59
21:20:57.068 [pool-1-thread-4] DEBUG com.mnc.udp.UDPServer - UDP-Server: Message-41-31 -> Message-41-31 (/127.0.0.1:49466)
21:20:57.068 [pool-1-thread-1] DEBUG com.mnc.udp.UDPServer - UDP-Server: Message-48-78 -> Message-48-78 (/127.0.0.1:49473)
21:20:57.068 [pool-1-thread-5] DEBUG com.mnc.udp.UDPServer - UDP-Server: Message-63-23
21:20:57.068 [pool-1-thread-4] DEBUG com.mnc.udp.UDPServer - UDP-Server: Message-31-20
21:20:57.068 [pool-1-thread-3] DEBUG com.mnc.udp.UDPServer - UDP-Server: Message-96-59 -> Message-96-59 (/127.0.0.1:49521)
21:20:57.068 [pool-1-thread-1] DEBUG com.mnc.udp.UDPServer - UDP-Server: Message-81-61
21:20:57.068 [pool-1-thread-2] DEBUG com.mnc.udp.UDPServer - UDP-Server: Message-16-59
21:20:57.068 [pool-1-thread-5] DEBUG com.mnc.udp.UDPServer - UDP-Server: Message-63-23 -> Message-63-23 (/127.0.0.1:49488)
21:20:57.068 [pool-1-thread-3] DEBUG com.mnc.udp.UDPServer - UDP-Server: Message-82-59
21:20:57.068 [pool-1-thread-4] DEBUG com.mnc.udp.UDPServer - UDP-Server: Message-31-20 -> Message-31-20 (/127.0.0.1:49456)
21:20:57.068 [pool-1-thread-5] DEBUG com.mnc.udp.UDPServer - UDP-Server: Message-88-20
21:20:57.068 [pool-1-thread-4] DEBUG com.mnc.udp.UDPServer - UDP-Server: Message-41-35
21:20:57.068 [pool-1-thread-1] DEBUG com.mnc.udp.UDPServer - UDP-Server: Message-81-61 -> Message-81-61 (/127.0.0.1:49506)
21:20:57.068 [pool-1-thread-5] DEBUG com.mnc.udp.UDPServer - UDP-Server: Message-88-20 -> Message-88-20 (/127.0.0.1:49513)
21:20:57.068 [pool-1-thread-2] DEBUG com.mnc.udp.UDPServer - UDP-Server: Message-16-59 -> Message-16-59 (/127.0.0.1:49441)
21:20:57.068 [pool-1-thread-3] DEBUG com.mnc.udp.UDPServer - UDP-Server: Message-82-59 -> Message-82-59 (/127.0.0.1:49507)
21:20:57.068 [pool-1-thread-4] DEBUG com.mnc.udp.UDPServer - UDP-Server: Message-41-35 -> Message-41-35 (/127.0.0.1:49466)
21:20:57.068 [pool-1-thread-1] DEBUG com.mnc.udp.UDPServer - UDP-Server: Message-63-24
21:20:57.068 [pool-1-thread-2] DEBUG com.mnc.udp.UDPServer - UDP-Server: Message-96-53
21:20:57.068 [pool-1-thread-5] DEBUG com.mnc.udp.UDPServer - UDP-Server: Message-48-79
21:20:57.068 [pool-1-thread-2] DEBUG com.mnc.udp.UDPServer - UDP-Server: Message-96-53 -> Message-96-53 (/127.0.0.1:49521)
21:20:57.068 [pool-1-thread-5] DEBUG com.mnc.udp.UDPServer - UDP-Server: Message-48-79 -> Message-48-79 (/127.0.0.1:49473)
21:20:57.068 [pool-1-thread-1] DEBUG com.mnc.udp.UDPServer - UDP-Server: Message-63-24 -> Message-63-24 (/127.0.0.1:49488)
21:20:57.068 [pool-1-thread-2] DEBUG com.mnc.udp.UDPServer - UDP-Server: Message-88-18
21:20:57.068 [pool-1-thread-3] DEBUG com.mnc.udp.UDPServer - UDP-Server: Message-81-59
21:20:57.068 [pool-1-thread-4] DEBUG com.mnc.udp.UDPServer - UDP-Server: Message-31-18
21:20:57.068 [pool-1-thread-5] DEBUG com.mnc.udp.UDPServer - UDP-Server: Message-16-53
21:20:57.068 [pool-1-thread-2] DEBUG com.mnc.udp.UDPServer - UDP-Server: Message-88-18 -> Message-88-18 (/127.0.0.1:49513)
21:20:57.069 [pool-1-thread-3] DEBUG com.mnc.udp.UDPServer - UDP-Server: Message-81-59 -> Message-81-59 (/127.0.0.1:49506)
21:20:57.069 [pool-1-thread-2] DEBUG com.mnc.udp.UDPServer - UDP-Server: Message-41-36
21:20:57.069 [pool-1-thread-2] DEBUG com.mnc.udp.UDPServer - UDP-Server: Message-41-36 -> Message-41-36 (/127.0.0.1:49466)
21:20:57.069 [pool-1-thread-3] DEBUG com.mnc.udp.UDPServer - UDP-Server: Message-96-54
21:20:57.069 [pool-1-thread-3] DEBUG com.mnc.udp.UDPServer - UDP-Server: Message-96-54 -> Message-96-54 (/127.0.0.1:49521)
21:20:57.068 [pool-1-thread-1] DEBUG com.mnc.udp.UDPServer - UDP-Server: Message-82-53
21:20:57.069 [pool-1-thread-2] DEBUG com.mnc.udp.UDPServer - UDP-Server: Message-48-71
21:20:57.069 [pool-1-thread-4] DEBUG com.mnc.udp.UDPServer - UDP-Server: Message-31-18 -> Message-31-18 (/127.0.0.1:49456)
21:20:57.069 [pool-1-thread-3] DEBUG com.mnc.udp.UDPServer - UDP-Server: Message-63-19
21:20:57.069 [pool-1-thread-3] DEBUG com.mnc.udp.UDPServer - UDP-Server: Message-63-19 -> Message-63-19 (/127.0.0.1:49488)
21:20:57.069 [pool-1-thread-4] DEBUG com.mnc.udp.UDPServer - UDP-Server: Message-88-7
21:20:57.069 [pool-1-thread-5] DEBUG com.mnc.udp.UDPServer - UDP-Server: Message-16-53 -> Message-16-53 (/127.0.0.1:49441)
21:20:57.069 [pool-1-thread-1] DEBUG com.mnc.udp.UDPServer - UDP-Server: Message-82-53 -> Message-82-53 (/127.0.0.1:49507)
21:20:57.069 [pool-1-thread-2] DEBUG com.mnc.udp.UDPServer - UDP-Server: Message-48-71 -> Message-48-71 (/127.0.0.1:49473)
21:20:57.069 [pool-1-thread-5] DEBUG com.mnc.udp.UDPServer - UDP-Server: Message-41-34
21:20:57.069 [pool-1-thread-3] DEBUG com.mnc.udp.UDPServer - UDP-Server: Message-81-53
21:20:57.069 [pool-1-thread-4] DEBUG com.mnc.udp.UDPServer - UDP-Server: Message-88-7 -> Message-88-7 (/127.0.0.1:49513)
21:20:57.069 [pool-1-thread-1] DEBUG com.mnc.udp.UDPServer - UDP-Server: Message-96-55
21:20:57.069 [pool-1-thread-2] DEBUG com.mnc.udp.UDPServer - UDP-Server: Message-63-20
21:20:57.069 [pool-1-thread-4] DEBUG com.mnc.udp.UDPServer - UDP-Server: Message-31-7
21:20:57.069 [pool-1-thread-5] DEBUG com.mnc.udp.UDPServer - UDP-Server: Message-41-34 -> Message-41-34 (/127.0.0.1:49466)
21:20:57.069 [pool-1-thread-3] DEBUG com.mnc.udp.UDPServer - UDP-Server: Message-81-53 -> Message-81-53 (/127.0.0.1:49506)
21:20:57.069 [pool-1-thread-1] DEBUG com.mnc.udp.UDPServer - UDP-Server: Message-96-55 -> Message-96-55 (/127.0.0.1:49521)
21:20:57.069 [pool-1-thread-2] DEBUG com.mnc.udp.UDPServer - UDP-Server: Message-63-20 -> Message-63-20 (/127.0.0.1:49488)
21:20:57.069 [pool-1-thread-4] DEBUG com.mnc.udp.UDPServer - UDP-Server: Message-31-7 -> Message-31-7 (/127.0.0.1:49456)
21:20:57.069 [pool-1-thread-5] DEBUG com.mnc.udp.UDPServer - UDP-Server: Message-16-54
21:20:57.069 [pool-1-thread-4] DEBUG com.mnc.udp.UDPServer - UDP-Server: Message-41-28
21:20:57.069 [pool-1-thread-3] DEBUG com.mnc.udp.UDPServer - UDP-Server: Message-82-54
21:20:57.069 [pool-1-thread-4] DEBUG com.mnc.udp.UDPServer - UDP-Server: Message-41-28 -> Message-41-28 (/127.0.0.1:49466)
21:20:57.069 [pool-1-thread-2] DEBUG com.mnc.udp.UDPServer - UDP-Server: Message-48-72
21:20:57.069 [pool-1-thread-1] DEBUG com.mnc.udp.UDPServer - UDP-Server: Message-88-8
21:20:57.069 [pool-1-thread-1] DEBUG com.mnc.udp.UDPServer - UDP-Server: Message-88-8 -> Message-88-8 (/127.0.0.1:49513)
21:20:57.069 [pool-1-thread-5] DEBUG com.mnc.udp.UDPServer - UDP-Server: Message-16-54 -> Message-16-54 (/127.0.0.1:49441)
21:20:57.069 [pool-1-thread-5] DEBUG com.mnc.udp.UDPServer - UDP-Server: Message-63-18
21:20:57.069 [pool-1-thread-5] DEBUG com.mnc.udp.UDPServer - UDP-Server: Message-63-18 -> Message-63-18 (/127.0.0.1:49488)
21:20:57.069 [pool-1-thread-3] DEBUG com.mnc.udp.UDPServer - UDP-Server: Message-82-54 -> Message-82-54 (/127.0.0.1:49507)
21:20:57.069 [pool-1-thread-4] DEBUG com.mnc.udp.UDPServer - UDP-Server: Message-81-54
21:20:57.069 [pool-1-thread-2] DEBUG com.mnc.udp.UDPServer - UDP-Server: Message-48-72 -> Message-48-72 (/127.0.0.1:49473)
21:20:57.069 [pool-1-thread-1] DEBUG com.mnc.udp.UDPServer - UDP-Server: Message-96-51
21:20:57.069 [pool-1-thread-5] DEBUG com.mnc.udp.UDPServer - UDP-Server: Message-31-8
21:20:57.069 [pool-1-thread-2] DEBUG com.mnc.udp.UDPServer - UDP-Server: Message-88-6
21:20:57.069 [pool-1-thread-2] DEBUG com.mnc.udp.UDPServer - UDP-Server: Message-88-6 -> Message-88-6 (/127.0.0.1:49513)
21:20:57.069 [pool-1-thread-2] DEBUG com.mnc.udp.UDPServer - UDP-Server: Message-16-55
21:20:57.069 [pool-1-thread-2] DEBUG com.mnc.udp.UDPServer - UDP-Server: Message-16-55 -> Message-16-55 (/127.0.0.1:49441)
21:20:57.069 [pool-1-thread-2] DEBUG com.mnc.udp.UDPServer - UDP-Server: Message-82-55
21:20:57.069 [pool-1-thread-2] DEBUG com.mnc.udp.UDPServer - UDP-Server: Message-82-55 -> Message-82-55 (/127.0.0.1:49507)
21:20:57.069 [pool-1-thread-2] DEBUG com.mnc.udp.UDPServer - UDP-Server: Message-63-7
21:20:57.069 [pool-1-thread-3] DEBUG com.mnc.udp.UDPServer - UDP-Server: Message-41-29
21:20:57.069 [pool-1-thread-3] DEBUG com.mnc.udp.UDPServer - UDP-Server: Message-41-29 -> Message-41-29 (/127.0.0.1:49466)
21:20:57.069 [pool-1-thread-4] DEBUG com.mnc.udp.UDPServer - UDP-Server: Message-81-54 -> Message-81-54 (/127.0.0.1:49506)
21:20:57.069 [pool-1-thread-3] DEBUG com.mnc.udp.UDPServer - UDP-Server: Message-48-73
21:20:57.069 [pool-1-thread-1] DEBUG com.mnc.udp.UDPServer - UDP-Server: Message-96-51 -> Message-96-51 (/127.0.0.1:49521)
21:20:57.070 [pool-1-thread-3] DEBUG com.mnc.udp.UDPServer - UDP-Server: Message-48-73 -> Message-48-73 (/127.0.0.1:49473)
21:20:57.070 [pool-1-thread-1] DEBUG com.mnc.udp.UDPServer - UDP-Server: Message-88-10
21:20:57.070 [pool-1-thread-1] DEBUG com.mnc.udp.UDPServer - UDP-Server: Message-88-10 -> Message-88-10 (/127.0.0.1:49513)
21:20:57.070 [pool-1-thread-1] DEBUG com.mnc.udp.UDPServer - UDP-Server: Message-82-51
21:20:57.070 [pool-1-thread-1] DEBUG com.mnc.udp.UDPServer - UDP-Server: Message-82-51 -> Message-82-51 (/127.0.0.1:49507)
21:20:57.069 [pool-1-thread-5] DEBUG com.mnc.udp.UDPServer - UDP-Server: Message-31-8 -> Message-31-8 (/127.0.0.1:49456)
21:20:57.069 [pool-1-thread-2] DEBUG com.mnc.udp.UDPServer - UDP-Server: Message-63-7 -> Message-63-7 (/127.0.0.1:49488)
21:20:57.071 [pool-1-thread-2] DEBUG com.mnc.udp.UDPServer - UDP-Server: Message-81-55
21:20:57.071 [pool-1-thread-2] DEBUG com.mnc.udp.UDPServer - UDP-Server: Message-81-55 -> Message-81-55 (/127.0.0.1:49506)
21:20:57.071 [pool-1-thread-2] DEBUG com.mnc.udp.UDPServer - UDP-Server: Message-88-11
21:20:57.071 [pool-1-thread-2] DEBUG com.mnc.udp.UDPServer - UDP-Server: Message-88-11 -> Message-88-11 (/127.0.0.1:49513)
21:20:57.071 [pool-1-thread-1] DEBUG com.mnc.udp.UDPServer - UDP-Server: Message-96-52
21:20:57.071 [pool-1-thread-1] DEBUG com.mnc.udp.UDPServer - UDP-Server: Message-96-52 -> Message-96-52 (/127.0.0.1:49521)
21:20:57.071 [pool-1-thread-2] DEBUG com.mnc.udp.UDPServer - UDP-Server: Message-82-52
21:20:57.071 [pool-1-thread-2] DEBUG com.mnc.udp.UDPServer - UDP-Server: Message-82-52 -> Message-82-52 (/127.0.0.1:49507)
21:20:57.071 [pool-1-thread-1] DEBUG com.mnc.udp.UDPServer - UDP-Server: Message-48-74
21:20:57.071 [pool-1-thread-1] DEBUG com.mnc.udp.UDPServer - UDP-Server: Message-48-74 -> Message-48-74 (/127.0.0.1:49473)
21:20:57.070 [pool-1-thread-4] DEBUG com.mnc.udp.UDPServer - UDP-Server: Message-16-51
21:20:57.071 [pool-1-thread-4] DEBUG com.mnc.udp.UDPServer - UDP-Server: Message-16-51 -> Message-16-51 (/127.0.0.1:49441)
21:20:57.071 [pool-1-thread-4] DEBUG com.mnc.udp.UDPServer - UDP-Server: Message-31-6
21:20:57.071 [pool-1-thread-4] DEBUG com.mnc.udp.UDPServer - UDP-Server: Message-31-6 -> Message-31-6 (/127.0.0.1:49456)
21:20:57.071 [pool-1-thread-4] DEBUG com.mnc.udp.UDPServer - UDP-Server: Message-63-8
21:20:57.071 [pool-1-thread-4] DEBUG com.mnc.udp.UDPServer - UDP-Server: Message-63-8 -> Message-63-8 (/127.0.0.1:49488)
21:20:57.071 [pool-1-thread-4] DEBUG com.mnc.udp.UDPServer - UDP-Server: Message-88-9
21:20:57.071 [pool-1-thread-4] DEBUG com.mnc.udp.UDPServer - UDP-Server: Message-88-9 -> Message-88-9 (/127.0.0.1:49513)
21:20:57.071 [pool-1-thread-4] DEBUG com.mnc.udp.UDPServer - UDP-Server: Message-81-51
21:20:57.071 [pool-1-thread-4] DEBUG com.mnc.udp.UDPServer - UDP-Server: Message-81-51 -> Message-81-51 (/127.0.0.1:49506)
21:20:57.071 [pool-1-thread-5] DEBUG com.mnc.udp.UDPServer - UDP-Server: Message-41-30
21:20:57.071 [pool-1-thread-5] DEBUG com.mnc.udp.UDPServer - UDP-Server: Message-41-30 -> Message-41-30 (/127.0.0.1:49466)
21:20:57.072 [pool-1-thread-1] DEBUG com.mnc.udp.UDPServer - UDP-Server: Message-82-50
21:20:57.072 [pool-1-thread-1] DEBUG com.mnc.udp.UDPServer - UDP-Server: Message-82-50 -> Message-82-50 (/127.0.0.1:49507)
21:20:57.072 [pool-1-thread-1] DEBUG com.mnc.udp.UDPServer - UDP-Server: Message-48-69
21:20:57.072 [pool-1-thread-1] DEBUG com.mnc.udp.UDPServer - UDP-Server: Message-48-69 -> Message-48-69 (/127.0.0.1:49473)
21:20:57.072 [pool-1-thread-4] DEBUG com.mnc.udp.UDPServer - UDP-Server: Message-16-52
21:20:57.072 [pool-1-thread-4] DEBUG com.mnc.udp.UDPServer - UDP-Server: Message-16-52 -> Message-16-52 (/127.0.0.1:49441)
21:20:57.072 [pool-1-thread-1] DEBUG com.mnc.udp.UDPServer - UDP-Server: Message-31-10
21:20:57.072 [pool-1-thread-1] DEBUG com.mnc.udp.UDPServer - UDP-Server: Message-31-10 -> Message-31-10 (/127.0.0.1:49456)
21:20:57.072 [pool-1-thread-4] DEBUG com.mnc.udp.UDPServer - UDP-Server: Message-63-6
21:20:57.072 [pool-1-thread-3] DEBUG com.mnc.udp.UDPServer - UDP-Server: Message-96-50
21:20:57.072 [pool-1-thread-1] DEBUG com.mnc.udp.UDPServer - UDP-Server: Message-88-3
21:20:57.072 [pool-1-thread-1] DEBUG com.mnc.udp.UDPServer - UDP-Server: Message-88-3 -> Message-88-3 (/127.0.0.1:49513)
21:20:57.072 [pool-1-thread-1] DEBUG com.mnc.udp.UDPServer - UDP-Server: Message-81-52
21:20:57.072 [pool-1-thread-1] DEBUG com.mnc.udp.UDPServer - UDP-Server: Message-81-52 -> Message-81-52 (/127.0.0.1:49506)
21:20:57.072 [pool-1-thread-1] DEBUG com.mnc.udp.UDPServer - UDP-Server: Message-41-26
21:20:57.072 [pool-1-thread-1] DEBUG com.mnc.udp.UDPServer - UDP-Server: Message-41-26 -> Message-41-26 (/127.0.0.1:49466)
21:20:57.072 [pool-1-thread-4] DEBUG com.mnc.udp.UDPServer - UDP-Server: Message-63-6 -> Message-63-6 (/127.0.0.1:49488)
21:20:57.072 [pool-1-thread-3] DEBUG com.mnc.udp.UDPServer - UDP-Server: Message-96-50 -> Message-96-50 (/127.0.0.1:49521)
21:20:57.072 [pool-1-thread-3] DEBUG com.mnc.udp.UDPServer - UDP-Server: Message-82-71
21:20:57.072 [pool-1-thread-3] DEBUG com.mnc.udp.UDPServer - UDP-Server: Message-82-71 -> Message-82-71 (/127.0.0.1:49507)
21:20:57.072 [pool-1-thread-1] DEBUG com.mnc.udp.UDPServer - UDP-Server: Message-48-70
21:20:57.072 [pool-1-thread-1] DEBUG com.mnc.udp.UDPServer - UDP-Server: Message-48-70 -> Message-48-70 (/127.0.0.1:49473)
21:20:57.072 [pool-1-thread-3] DEBUG com.mnc.udp.UDPServer - UDP-Server: Message-16-50
21:20:57.072 [pool-1-thread-1] DEBUG com.mnc.udp.UDPServer - UDP-Server: Message-81-50
21:20:57.072 [pool-1-thread-1] DEBUG com.mnc.udp.UDPServer - UDP-Server: Message-81-50 -> Message-81-50 (/127.0.0.1:49506)
21:20:57.072 [pool-1-thread-4] DEBUG com.mnc.udp.UDPServer - UDP-Server: Message-88-4
21:20:57.072 [pool-1-thread-4] DEBUG com.mnc.udp.UDPServer - UDP-Server: Message-88-4 -> Message-88-4 (/127.0.0.1:49513)
21:20:57.072 [pool-1-thread-1] DEBUG com.mnc.udp.UDPServer - UDP-Server: Message-41-27
21:20:57.072 [pool-1-thread-1] DEBUG com.mnc.udp.UDPServer - UDP-Server: Message-41-27 -> Message-41-27 (/127.0.0.1:49466)
21:20:57.072 [pool-1-thread-4] DEBUG com.mnc.udp.UDPServer - UDP-Server: Message-63-10
21:20:57.072 [pool-1-thread-4] DEBUG com.mnc.udp.UDPServer - UDP-Server: Message-63-10 -> Message-63-10 (/127.0.0.1:49488)
21:20:57.072 [pool-1-thread-2] DEBUG com.mnc.udp.UDPServer - UDP-Server: Message-31-11
21:20:57.072 [pool-1-thread-2] DEBUG com.mnc.udp.UDPServer - UDP-Server: Message-31-11 -> Message-31-11 (/127.0.0.1:49456)
21:20:57.072 [pool-1-thread-2] DEBUG com.mnc.udp.UDPServer - UDP-Server: Message-48-68
21:20:57.072 [pool-1-thread-2] DEBUG com.mnc.udp.UDPServer - UDP-Server: Message-48-68 -> Message-48-68 (/127.0.0.1:49473)
21:20:57.072 [pool-1-thread-2] DEBUG com.mnc.udp.UDPServer - UDP-Server: Message-88-5
21:20:57.072 [pool-1-thread-2] DEBUG com.mnc.udp.UDPServer - UDP-Server: Message-88-5 -> Message-88-5 (/127.0.0.1:49513)
21:20:57.072 [pool-1-thread-2] DEBUG com.mnc.udp.UDPServer - UDP-Server: Message-41-25
21:20:57.072 [pool-1-thread-2] DEBUG com.mnc.udp.UDPServer - UDP-Server: Message-41-25 -> Message-41-25 (/127.0.0.1:49466)
21:20:57.072 [pool-1-thread-2] DEBUG com.mnc.udp.UDPServer - UDP-Server: Message-63-11
21:20:57.072 [pool-1-thread-2] DEBUG com.mnc.udp.UDPServer - UDP-Server: Message-63-11 -> Message-63-11 (/127.0.0.1:49488)
21:20:57.072 [pool-1-thread-3] DEBUG com.mnc.udp.UDPServer - UDP-Server: Message-16-50 -> Message-16-50 (/127.0.0.1:49441)
21:20:57.072 [pool-1-thread-2] DEBUG com.mnc.udp.UDPServer - UDP-Server: Message-31-9
21:20:57.072 [pool-1-thread-2] DEBUG com.mnc.udp.UDPServer - UDP-Server: Message-31-9 -> Message-31-9 (/127.0.0.1:49456)
21:20:57.072 [pool-1-thread-1] DEBUG com.mnc.udp.UDPServer - UDP-Server: Message-82-72
21:20:57.072 [pool-1-thread-5] DEBUG com.mnc.udp.UDPServer - UDP-Server: Message-96-71
21:20:57.072 [pool-1-thread-4] DEBUG com.mnc.udp.UDPServer - UDP-Server: Message-81-71
21:20:57.073 [pool-1-thread-4] DEBUG com.mnc.udp.UDPServer - UDP-Server: Message-81-71 -> Message-81-71 (/127.0.0.1:49506)
21:20:57.073 [pool-1-thread-3] DEBUG com.mnc.udp.UDPServer - UDP-Server: Message-48-63
21:20:57.073 [pool-1-thread-3] DEBUG com.mnc.udp.UDPServer - UDP-Server: Message-48-63 -> Message-48-63 (/127.0.0.1:49473)
21:20:57.073 [pool-1-thread-3] DEBUG com.mnc.udp.UDPServer - UDP-Server: Message-41-44
21:20:57.073 [pool-1-thread-3] DEBUG com.mnc.udp.UDPServer - UDP-Server: Message-41-44 -> Message-41-44 (/127.0.0.1:49466)
21:20:57.073 [pool-1-thread-3] DEBUG com.mnc.udp.UDPServer - UDP-Server: Message-63-9
21:20:57.073 [pool-1-thread-3] DEBUG com.mnc.udp.UDPServer - UDP-Server: Message-63-9 -> Message-63-9 (/127.0.0.1:49488)
21:20:57.073 [pool-1-thread-3] DEBUG com.mnc.udp.UDPServer - UDP-Server: Message-16-71
21:20:57.073 [pool-1-thread-3] DEBUG com.mnc.udp.UDPServer - UDP-Server: Message-16-71 -> Message-16-71 (/127.0.0.1:49441)
21:20:57.073 [pool-1-thread-3] DEBUG com.mnc.udp.UDPServer - UDP-Server: Message-31-3
21:20:57.073 [pool-1-thread-3] DEBUG com.mnc.udp.UDPServer - UDP-Server: Message-31-3 -> Message-31-3 (/127.0.0.1:49456)
21:20:57.073 [pool-1-thread-1] DEBUG com.mnc.udp.UDPServer - UDP-Server: Message-82-72 -> Message-82-72 (/127.0.0.1:49507)
21:20:57.073 [pool-1-thread-5] DEBUG com.mnc.udp.UDPServer - UDP-Server: Message-96-71 -> Message-96-71 (/127.0.0.1:49521)
21:20:57.073 [pool-1-thread-4] DEBUG com.mnc.udp.UDPServer - UDP-Server: Message-88-1
21:20:57.074 [pool-1-thread-5] DEBUG com.mnc.udp.UDPServer - UDP-Server: Message-81-72
21:20:57.074 [pool-1-thread-1] DEBUG com.mnc.udp.UDPServer - UDP-Server: Message-16-72
21:20:57.074 [pool-1-thread-3] DEBUG com.mnc.udp.UDPServer - UDP-Server: Message-48-64
21:20:57.074 [pool-1-thread-2] DEBUG com.mnc.udp.UDPServer - UDP-Server: Message-41-45
21:20:57.074 [pool-1-thread-5] DEBUG com.mnc.udp.UDPServer - UDP-Server: Message-81-72 -> Message-81-72 (/127.0.0.1:49506)
21:20:57.074 [pool-1-thread-1] DEBUG com.mnc.udp.UDPServer - UDP-Server: Message-16-72 -> Message-16-72 (/127.0.0.1:49441)
21:20:57.074 [pool-1-thread-5] DEBUG com.mnc.udp.UDPServer - UDP-Server: Message-63-3
21:20:57.074 [pool-1-thread-4] DEBUG com.mnc.udp.UDPServer - UDP-Server: Message-88-1 -> Message-88-1 (/127.0.0.1:49513)
21:20:57.074 [pool-1-thread-3] DEBUG com.mnc.udp.UDPServer - UDP-Server: Message-48-64 -> Message-48-64 (/127.0.0.1:49473)
21:20:57.074 [pool-1-thread-2] DEBUG com.mnc.udp.UDPServer - UDP-Server: Message-41-45 -> Message-41-45 (/127.0.0.1:49466)
21:20:57.074 [pool-1-thread-3] DEBUG com.mnc.udp.UDPServer - UDP-Server: Message-96-72
21:20:57.074 [pool-1-thread-5] DEBUG com.mnc.udp.UDPServer - UDP-Server: Message-63-3 -> Message-63-3 (/127.0.0.1:49488)
21:20:57.074 [pool-1-thread-1] DEBUG com.mnc.udp.UDPServer - UDP-Server: Message-31-4
21:20:57.074 [pool-1-thread-4] DEBUG com.mnc.udp.UDPServer - UDP-Server: Message-82-73
21:20:57.074 [pool-1-thread-3] DEBUG com.mnc.udp.UDPServer - UDP-Server: Message-96-72 -> Message-96-72 (/127.0.0.1:49521)
21:20:57.074 [pool-1-thread-4] DEBUG com.mnc.udp.UDPServer - UDP-Server: Message-82-73 -> Message-82-73 (/127.0.0.1:49507)
21:20:57.074 [pool-1-thread-3] DEBUG com.mnc.udp.UDPServer - UDP-Server: Message-88-2
21:20:57.074 [pool-1-thread-3] DEBUG com.mnc.udp.UDPServer - UDP-Server: Message-88-2 -> Message-88-2 (/127.0.0.1:49513)
21:20:57.074 [pool-1-thread-4] DEBUG com.mnc.udp.UDPServer - UDP-Server: Message-48-80
21:20:57.074 [pool-1-thread-4] DEBUG com.mnc.udp.UDPServer - UDP-Server: Message-48-80 -> Message-48-80 (/127.0.0.1:49473)
21:20:57.074 [pool-1-thread-4] DEBUG com.mnc.udp.UDPServer - UDP-Server: Message-63-4
21:20:57.074 [pool-1-thread-4] DEBUG com.mnc.udp.UDPServer - UDP-Server: Message-63-4 -> Message-63-4 (/127.0.0.1:49488)
21:20:57.074 [pool-1-thread-2] DEBUG com.mnc.udp.UDPServer - UDP-Server: Message-81-73
21:20:57.074 [pool-1-thread-2] DEBUG com.mnc.udp.UDPServer - UDP-Server: Message-81-73 -> Message-81-73 (/127.0.0.1:49506)
21:20:57.074 [pool-1-thread-1] DEBUG com.mnc.udp.UDPServer - UDP-Server: Message-31-4 -> Message-31-4 (/127.0.0.1:49456)
21:20:57.074 [pool-1-thread-5] DEBUG com.mnc.udp.UDPServer - UDP-Server: Message-16-73
21:20:57.074 [pool-1-thread-3] DEBUG com.mnc.udp.UDPServer - UDP-Server: Message-41-43
21:20:57.075 [pool-1-thread-5] DEBUG com.mnc.udp.UDPServer - UDP-Server: Message-16-73 -> Message-16-73 (/127.0.0.1:49441)
21:20:57.075 [pool-1-thread-2] DEBUG com.mnc.udp.UDPServer - UDP-Server: Message-82-74
21:20:57.075 [pool-1-thread-1] DEBUG com.mnc.udp.UDPServer - UDP-Server: Message-88-91
21:20:57.075 [pool-1-thread-3] DEBUG com.mnc.udp.UDPServer - UDP-Server: Message-41-43 -> Message-41-43 (/127.0.0.1:49466)
21:20:57.075 [pool-1-thread-1] DEBUG com.mnc.udp.UDPServer - UDP-Server: Message-88-91 -> Message-88-91 (/127.0.0.1:49513)
21:20:57.075 [pool-1-thread-2] DEBUG com.mnc.udp.UDPServer - UDP-Server: Message-82-74 -> Message-82-74 (/127.0.0.1:49507)
21:20:57.075 [pool-1-thread-5] DEBUG com.mnc.udp.UDPServer - UDP-Server: Message-63-5
21:20:57.075 [pool-1-thread-5] DEBUG com.mnc.udp.UDPServer - UDP-Server: Message-63-5 -> Message-63-5 (/127.0.0.1:49488)
21:20:57.075 [pool-1-thread-4] DEBUG com.mnc.udp.UDPServer - UDP-Server: Message-96-73
21:20:57.075 [pool-1-thread-5] DEBUG com.mnc.udp.UDPServer - UDP-Server: Message-16-74
21:20:57.075 [pool-1-thread-3] DEBUG com.mnc.udp.UDPServer - UDP-Server: Message-81-74
21:20:57.075 [pool-1-thread-1] DEBUG com.mnc.udp.UDPServer - UDP-Server: Message-48-62
21:20:57.075 [pool-1-thread-2] DEBUG com.mnc.udp.UDPServer - UDP-Server: Message-31-5
21:20:57.075 [pool-1-thread-4] DEBUG com.mnc.udp.UDPServer - UDP-Server: Message-96-73 -> Message-96-73 (/127.0.0.1:49521)
21:20:57.075 [pool-1-thread-5] DEBUG com.mnc.udp.UDPServer - UDP-Server: Message-16-74 -> Message-16-74 (/127.0.0.1:49441)
21:20:57.075 [pool-1-thread-3] DEBUG com.mnc.udp.UDPServer - UDP-Server: Message-81-74 -> Message-81-74 (/127.0.0.1:49506)
21:20:57.075 [pool-1-thread-1] DEBUG com.mnc.udp.UDPServer - UDP-Server: Message-48-62 -> Message-48-62 (/127.0.0.1:49473)
21:20:57.075 [pool-1-thread-4] DEBUG com.mnc.udp.UDPServer - UDP-Server: Message-41-48
21:20:57.075 [pool-1-thread-2] DEBUG com.mnc.udp.UDPServer - UDP-Server: Message-31-5 -> Message-31-5 (/127.0.0.1:49456)
21:20:57.075 [pool-1-thread-1] DEBUG com.mnc.udp.UDPServer - UDP-Server: Message-63-1
21:20:57.075 [pool-1-thread-1] DEBUG com.mnc.udp.UDPServer - UDP-Server: Message-63-1 -> Message-63-1 (/127.0.0.1:49488)
21:20:57.075 [pool-1-thread-5] DEBUG com.mnc.udp.UDPServer - UDP-Server: Message-82-69
21:20:57.075 [pool-1-thread-3] DEBUG com.mnc.udp.UDPServer - UDP-Server: Message-88-0
21:20:57.075 [pool-1-thread-5] DEBUG com.mnc.udp.UDPServer - UDP-Server: Message-82-69 -> Message-82-69 (/127.0.0.1:49507)
21:20:57.075 [pool-1-thread-4] DEBUG com.mnc.udp.UDPServer - UDP-Server: Message-41-48 -> Message-41-48 (/127.0.0.1:49466)
21:20:57.075 [pool-1-thread-5] DEBUG com.mnc.udp.UDPServer - UDP-Server: Message-81-69
21:20:57.075 [pool-1-thread-5] DEBUG com.mnc.udp.UDPServer - UDP-Server: Message-81-69 -> Message-81-69 (/127.0.0.1:49506)
21:20:57.075 [pool-1-thread-2] DEBUG com.mnc.udp.UDPServer - UDP-Server: Message-96-74
21:20:57.075 [pool-1-thread-2] DEBUG com.mnc.udp.UDPServer - UDP-Server: Message-96-74 -> Message-96-74 (/127.0.0.1:49521)
21:20:57.075 [pool-1-thread-1] DEBUG com.mnc.udp.UDPServer - UDP-Server: Message-16-69
21:20:57.075 [pool-1-thread-3] DEBUG com.mnc.udp.UDPServer - UDP-Server: Message-88-0 -> Message-88-0 (/127.0.0.1:49513)
21:20:57.076 [pool-1-thread-5] DEBUG com.mnc.udp.UDPServer - UDP-Server: Message-63-2
21:20:57.076 [pool-1-thread-3] DEBUG com.mnc.udp.UDPServer - UDP-Server: Message-82-70
21:20:57.075 [pool-1-thread-2] DEBUG com.mnc.udp.UDPServer - UDP-Server: Message-48-66
21:20:57.076 [pool-1-thread-1] DEBUG com.mnc.udp.UDPServer - UDP-Server: Message-16-69 -> Message-16-69 (/127.0.0.1:49441)
21:20:57.076 [pool-1-thread-2] DEBUG com.mnc.udp.UDPServer - UDP-Server: Message-48-66 -> Message-48-66 (/127.0.0.1:49473)
21:20:57.076 [pool-1-thread-1] DEBUG com.mnc.udp.UDPServer - UDP-Server: Message-41-49
21:20:57.076 [pool-1-thread-2] DEBUG com.mnc.udp.UDPServer - UDP-Server: Message-81-70
21:20:57.076 [pool-1-thread-2] DEBUG com.mnc.udp.UDPServer - UDP-Server: Message-81-70 -> Message-81-70 (/127.0.0.1:49506)
21:20:57.076 [pool-1-thread-4] DEBUG com.mnc.udp.UDPServer - UDP-Server: Message-31-1
21:20:57.076 [pool-1-thread-4] DEBUG com.mnc.udp.UDPServer - UDP-Server: Message-31-1 -> Message-31-1 (/127.0.0.1:49456)
21:20:57.076 [pool-1-thread-5] DEBUG com.mnc.udp.UDPServer - UDP-Server: Message-63-2 -> Message-63-2 (/127.0.0.1:49488)
21:20:57.076 [pool-1-thread-4] DEBUG com.mnc.udp.UDPServer - UDP-Server: Message-88-92
21:20:57.076 [pool-1-thread-5] DEBUG com.mnc.udp.UDPServer - UDP-Server: Message-16-70
21:20:57.076 [pool-1-thread-4] DEBUG com.mnc.udp.UDPServer - UDP-Server: Message-88-92 -> Message-88-92 (/127.0.0.1:49513)
21:20:57.076 [pool-1-thread-5] DEBUG com.mnc.udp.UDPServer - UDP-Server: Message-16-70 -> Message-16-70 (/127.0.0.1:49441)
21:20:57.076 [pool-1-thread-4] DEBUG com.mnc.udp.UDPServer - UDP-Server: Message-48-67
21:20:57.076 [pool-1-thread-4] DEBUG com.mnc.udp.UDPServer - UDP-Server: Message-48-67 -> Message-48-67 (/127.0.0.1:49473)
21:20:57.076 [pool-1-thread-3] DEBUG com.mnc.udp.UDPServer - UDP-Server: Message-82-70 -> Message-82-70 (/127.0.0.1:49507)
21:20:57.076 [pool-1-thread-3] DEBUG com.mnc.udp.UDPServer - UDP-Server: Message-81-68
21:20:57.076 [pool-1-thread-1] DEBUG com.mnc.udp.UDPServer - UDP-Server: Message-41-49 -> Message-41-49 (/127.0.0.1:49466)
21:20:57.076 [pool-1-thread-3] DEBUG com.mnc.udp.UDPServer - UDP-Server: Message-81-68 -> Message-81-68 (/127.0.0.1:49506)
21:20:57.076 [pool-1-thread-1] DEBUG com.mnc.udp.UDPServer - UDP-Server: Message-63-0
21:20:57.076 [pool-1-thread-1] DEBUG com.mnc.udp.UDPServer - UDP-Server: Message-63-0 -> Message-63-0 (/127.0.0.1:49488)
21:20:57.076 [pool-1-thread-2] DEBUG com.mnc.udp.UDPServer - UDP-Server: Message-96-69
21:20:57.076 [pool-1-thread-2] DEBUG com.mnc.udp.UDPServer - UDP-Server: Message-96-69 -> Message-96-69 (/127.0.0.1:49521)
21:20:57.076 [pool-1-thread-4] DEBUG com.mnc.udp.UDPServer - UDP-Server: Message-16-68
21:20:57.076 [pool-1-thread-1] DEBUG com.mnc.udp.UDPServer - UDP-Server: Message-82-68
21:20:57.076 [pool-1-thread-2] DEBUG com.mnc.udp.UDPServer - UDP-Server: Message-48-76
21:20:57.076 [pool-1-thread-5] DEBUG com.mnc.udp.UDPServer - UDP-Server: Message-31-2
21:20:57.076 [pool-1-thread-3] DEBUG com.mnc.udp.UDPServer - UDP-Server: Message-88-88
21:20:57.076 [pool-1-thread-1] DEBUG com.mnc.udp.UDPServer - UDP-Server: Message-82-68 -> Message-82-68 (/127.0.0.1:49507)
21:20:57.076 [pool-1-thread-4] DEBUG com.mnc.udp.UDPServer - UDP-Server: Message-16-68 -> Message-16-68 (/127.0.0.1:49441)
21:20:57.077 [pool-1-thread-2] DEBUG com.mnc.udp.UDPServer - UDP-Server: Message-48-76 -> Message-48-76 (/127.0.0.1:49473)
21:20:57.077 [pool-1-thread-5] DEBUG com.mnc.udp.UDPServer - UDP-Server: Message-31-2 -> Message-31-2 (/127.0.0.1:49456)
21:20:57.077 [pool-1-thread-2] DEBUG com.mnc.udp.UDPServer - UDP-Server: Message-81-63
21:20:57.077 [pool-1-thread-1] DEBUG com.mnc.udp.UDPServer - UDP-Server: Message-41-46
21:20:57.077 [pool-1-thread-5] DEBUG com.mnc.udp.UDPServer - UDP-Server: Message-96-70
21:20:57.077 [pool-1-thread-4] DEBUG com.mnc.udp.UDPServer - UDP-Server: Message-85-32
21:20:57.077 [pool-1-thread-5] DEBUG com.mnc.udp.UDPServer - UDP-Server: Message-96-70 -> Message-96-70 (/127.0.0.1:49521)
21:20:57.077 [pool-1-thread-3] DEBUG com.mnc.udp.UDPServer - UDP-Server: Message-88-88 -> Message-88-88 (/127.0.0.1:49513)
21:20:57.077 [pool-1-thread-2] DEBUG com.mnc.udp.UDPServer - UDP-Server: Message-81-63 -> Message-81-63 (/127.0.0.1:49506)
21:20:57.077 [pool-1-thread-4] DEBUG com.mnc.udp.UDPServer - UDP-Server: Message-85-32 -> Message-85-32 (/127.0.0.1:49510)
21:20:57.077 [pool-1-thread-1] DEBUG com.mnc.udp.UDPServer - UDP-Server: Message-41-46 -> Message-41-46 (/127.0.0.1:49466)
21:20:57.077 [pool-1-thread-4] DEBUG com.mnc.udp.UDPServer - UDP-Server: Message-31-0
21:20:57.077 [pool-1-thread-5] DEBUG com.mnc.udp.UDPServer - UDP-Server: Message-82-63
21:20:57.077 [pool-1-thread-1] DEBUG com.mnc.udp.UDPServer - UDP-Server: Message-96-68
21:20:57.077 [pool-1-thread-1] DEBUG com.mnc.udp.UDPServer - UDP-Server: Message-96-68 -> Message-96-68 (/127.0.0.1:49521)
21:20:57.077 [pool-1-thread-3] DEBUG com.mnc.udp.UDPServer - UDP-Server: Message-16-63
21:20:57.077 [pool-1-thread-2] DEBUG com.mnc.udp.UDPServer - UDP-Server: Message-48-77
21:20:57.077 [pool-1-thread-4] DEBUG com.mnc.udp.UDPServer - UDP-Server: Message-31-0 -> Message-31-0 (/127.0.0.1:49456)
21:20:57.077 [pool-1-thread-5] DEBUG com.mnc.udp.UDPServer - UDP-Server: Message-82-63 -> Message-82-63 (/127.0.0.1:49507)
21:20:57.077 [pool-1-thread-1] DEBUG com.mnc.udp.UDPServer - UDP-Server: Message-88-89
21:20:57.077 [pool-1-thread-1] DEBUG com.mnc.udp.UDPServer - UDP-Server: Message-88-89 -> Message-88-89 (/127.0.0.1:49513)
21:20:57.077 [pool-1-thread-3] DEBUG com.mnc.udp.UDPServer - UDP-Server: Message-16-63 -> Message-16-63 (/127.0.0.1:49441)
21:20:57.077 [pool-1-thread-1] DEBUG com.mnc.udp.UDPServer - UDP-Server: Message-41-47
21:20:57.077 [pool-1-thread-1] DEBUG com.mnc.udp.UDPServer - UDP-Server: Message-41-47 -> Message-41-47 (/127.0.0.1:49466)
21:20:57.077 [pool-1-thread-2] DEBUG com.mnc.udp.UDPServer - UDP-Server: Message-48-77 -> Message-48-77 (/127.0.0.1:49473)
21:20:57.077 [pool-1-thread-3] DEBUG com.mnc.udp.UDPServer - UDP-Server: Message-82-64
21:20:57.077 [pool-1-thread-3] DEBUG com.mnc.udp.UDPServer - UDP-Server: Message-82-64 -> Message-82-64 (/127.0.0.1:49507)
21:20:57.077 [pool-1-thread-4] DEBUG com.mnc.udp.UDPServer - UDP-Server: Message-81-64
21:20:57.077 [pool-1-thread-4] DEBUG com.mnc.udp.UDPServer - UDP-Server: Message-81-64 -> Message-81-64 (/127.0.0.1:49506)
21:20:57.077 [pool-1-thread-3] DEBUG com.mnc.udp.UDPServer - UDP-Server: Message-88-87
21:20:57.077 [pool-1-thread-3] DEBUG com.mnc.udp.UDPServer - UDP-Server: Message-88-87 -> Message-88-87 (/127.0.0.1:49513)
21:20:57.077 [pool-1-thread-2] DEBUG com.mnc.udp.UDPServer - UDP-Server: Message-16-64
21:20:57.077 [pool-1-thread-2] DEBUG com.mnc.udp.UDPServer - UDP-Server: Message-16-64 -> Message-16-64 (/127.0.0.1:49441)
21:20:57.077 [pool-1-thread-5] DEBUG com.mnc.udp.UDPServer - UDP-Server: Message-85-33
21:20:57.077 [pool-1-thread-1] DEBUG com.mnc.udp.UDPServer - UDP-Server: Message-96-63
21:20:57.077 [pool-1-thread-3] DEBUG com.mnc.udp.UDPServer - UDP-Server: Message-41-40
21:20:57.077 [pool-1-thread-2] DEBUG com.mnc.udp.UDPServer - UDP-Server: Message-82-62
21:20:57.077 [pool-1-thread-3] DEBUG com.mnc.udp.UDPServer - UDP-Server: Message-41-40 -> Message-41-40 (/127.0.0.1:49466)
21:20:57.077 [pool-1-thread-4] DEBUG com.mnc.udp.UDPServer - UDP-Server: Message-48-75
21:20:57.077 [pool-1-thread-5] DEBUG com.mnc.udp.UDPServer - UDP-Server: Message-85-33 -> Message-85-33 (/127.0.0.1:49510)
21:20:57.077 [pool-1-thread-4] DEBUG com.mnc.udp.UDPServer - UDP-Server: Message-48-75 -> Message-48-75 (/127.0.0.1:49473)
21:20:57.077 [pool-1-thread-1] DEBUG com.mnc.udp.UDPServer - UDP-Server: Message-96-63 -> Message-96-63 (/127.0.0.1:49521)
21:20:57.077 [pool-1-thread-2] DEBUG com.mnc.udp.UDPServer - UDP-Server: Message-82-62 -> Message-82-62 (/127.0.0.1:49507)
21:20:57.077 [pool-1-thread-4] DEBUG com.mnc.udp.UDPServer - UDP-Server: Message-16-62
21:20:57.077 [pool-1-thread-3] DEBUG com.mnc.udp.UDPServer - UDP-Server: Message-88-57
21:20:57.077 [pool-1-thread-5] DEBUG com.mnc.udp.UDPServer - UDP-Server: Message-81-62
21:20:57.077 [pool-1-thread-4] DEBUG com.mnc.udp.UDPServer - UDP-Server: Message-16-62 -> Message-16-62 (/127.0.0.1:49441)
21:20:57.077 [pool-1-thread-3] DEBUG com.mnc.udp.UDPServer - UDP-Server: Message-88-57 -> Message-88-57 (/127.0.0.1:49513)
21:20:57.077 [pool-1-thread-1] DEBUG com.mnc.udp.UDPServer - UDP-Server: Message-41-90
21:20:57.077 [pool-1-thread-2] DEBUG com.mnc.udp.UDPServer - UDP-Server: Message-85-31
21:20:57.077 [pool-1-thread-1] DEBUG com.mnc.udp.UDPServer - UDP-Server: Message-41-90 -> Message-41-90 (/127.0.0.1:49466)
21:20:57.077 [pool-1-thread-5] DEBUG com.mnc.udp.UDPServer - UDP-Server: Message-81-62 -> Message-81-62 (/127.0.0.1:49506)
21:20:57.078 [pool-1-thread-2] DEBUG com.mnc.udp.UDPServer - UDP-Server: Message-85-31 -> Message-85-31 (/127.0.0.1:49510)
21:20:57.078 [pool-1-thread-3] DEBUG com.mnc.udp.UDPServer - UDP-Server: Message-82-66
21:20:57.078 [pool-1-thread-5] DEBUG com.mnc.udp.UDPServer - UDP-Server: Message-88-58
21:20:57.078 [pool-1-thread-4] DEBUG com.mnc.udp.UDPServer - UDP-Server: Message-16-66
21:20:57.078 [pool-1-thread-5] DEBUG com.mnc.udp.UDPServer - UDP-Server: Message-88-58 -> Message-88-58 (/127.0.0.1:49513)
21:20:57.078 [pool-1-thread-4] DEBUG com.mnc.udp.UDPServer - UDP-Server: Message-16-66 -> Message-16-66 (/127.0.0.1:49441)
21:20:57.078 [pool-1-thread-1] DEBUG com.mnc.udp.UDPServer - UDP-Server: Message-96-64
21:20:57.078 [pool-1-thread-1] DEBUG com.mnc.udp.UDPServer - UDP-Server: Message-96-64 -> Message-96-64 (/127.0.0.1:49521)
21:20:57.078 [pool-1-thread-5] DEBUG com.mnc.udp.UDPServer - UDP-Server: Message-81-66
21:20:57.078 [pool-1-thread-5] DEBUG com.mnc.udp.UDPServer - UDP-Server: Message-81-66 -> Message-81-66 (/127.0.0.1:49506)
21:20:57.078 [pool-1-thread-1] DEBUG com.mnc.udp.UDPServer - UDP-Server: Message-85-35
21:20:57.078 [pool-1-thread-3] DEBUG com.mnc.udp.UDPServer - UDP-Server: Message-82-66 -> Message-82-66 (/127.0.0.1:49507)
21:20:57.078 [pool-1-thread-4] DEBUG com.mnc.udp.UDPServer - UDP-Server: Message-88-56
21:20:57.078 [pool-1-thread-2] DEBUG com.mnc.udp.UDPServer - UDP-Server: Message-41-91
21:20:57.078 [pool-1-thread-4] DEBUG com.mnc.udp.UDPServer - UDP-Server: Message-88-56 -> Message-88-56 (/127.0.0.1:49513)
21:20:57.078 [pool-1-thread-2] DEBUG com.mnc.udp.UDPServer - UDP-Server: Message-41-91 -> Message-41-91 (/127.0.0.1:49466)
21:20:57.078 [pool-1-thread-1] DEBUG com.mnc.udp.UDPServer - UDP-Server: Message-85-35 -> Message-85-35 (/127.0.0.1:49510)
21:20:57.078 [pool-1-thread-4] DEBUG com.mnc.udp.UDPServer - UDP-Server: Message-96-62
21:20:57.078 [pool-1-thread-4] DEBUG com.mnc.udp.UDPServer - UDP-Server: Message-96-62 -> Message-96-62 (/127.0.0.1:49521)
21:20:57.078 [pool-1-thread-5] DEBUG com.mnc.udp.UDPServer - UDP-Server: Message-16-67
21:20:57.078 [pool-1-thread-3] DEBUG com.mnc.udp.UDPServer - UDP-Server: Message-81-67
21:20:57.078 [pool-1-thread-1] DEBUG com.mnc.udp.UDPServer - UDP-Server: Message-88-60
21:20:57.078 [pool-1-thread-5] DEBUG com.mnc.udp.UDPServer - UDP-Server: Message-16-67 -> Message-16-67 (/127.0.0.1:49441)
21:20:57.078 [pool-1-thread-4] DEBUG com.mnc.udp.UDPServer - UDP-Server: Message-41-92
21:20:57.078 [pool-1-thread-4] DEBUG com.mnc.udp.UDPServer - UDP-Server: Message-41-92 -> Message-41-92 (/127.0.0.1:49466)
21:20:57.078 [pool-1-thread-2] DEBUG com.mnc.udp.UDPServer - UDP-Server: Message-82-67
21:20:57.078 [pool-1-thread-5] DEBUG com.mnc.udp.UDPServer - UDP-Server: Message-85-36
21:20:57.078 [pool-1-thread-3] DEBUG com.mnc.udp.UDPServer - UDP-Server: Message-81-67 -> Message-81-67 (/127.0.0.1:49506)
21:20:57.078 [pool-1-thread-5] DEBUG com.mnc.udp.UDPServer - UDP-Server: Message-85-36 -> Message-85-36 (/127.0.0.1:49510)
21:20:57.078 [pool-1-thread-1] DEBUG com.mnc.udp.UDPServer - UDP-Server: Message-88-60 -> Message-88-60 (/127.0.0.1:49513)
21:20:57.078 [pool-1-thread-4] DEBUG com.mnc.udp.UDPServer - UDP-Server: Message-96-66
21:20:57.078 [pool-1-thread-2] DEBUG com.mnc.udp.UDPServer - UDP-Server: Message-82-67 -> Message-82-67 (/127.0.0.1:49507)
21:20:57.078 [pool-1-thread-2] DEBUG com.mnc.udp.UDPServer - UDP-Server: Message-41-88
21:20:57.078 [pool-1-thread-4] DEBUG com.mnc.udp.UDPServer - UDP-Server: Message-96-66 -> Message-96-66 (/127.0.0.1:49521)
21:20:57.079 [pool-1-thread-3] DEBUG com.mnc.udp.UDPServer - UDP-Server: Message-88-61
21:20:57.079 [pool-1-thread-2] DEBUG com.mnc.udp.UDPServer - UDP-Server: Message-41-88 -> Message-41-88 (/127.0.0.1:49466)
21:20:57.080 [pool-1-thread-5] DEBUG com.mnc.udp.UDPServer - UDP-Server: Message-85-34
21:20:57.080 [pool-1-thread-2] DEBUG com.mnc.udp.UDPServer - UDP-Server: Message-12-32
21:20:57.080 [pool-1-thread-3] DEBUG com.mnc.udp.UDPServer - UDP-Server: Message-88-61 -> Message-88-61 (/127.0.0.1:49513)
21:20:57.080 [pool-1-thread-1] DEBUG com.mnc.udp.UDPServer - UDP-Server: Message-25-32
21:20:57.080 [pool-1-thread-5] DEBUG com.mnc.udp.UDPServer - UDP-Server: Message-85-34 -> Message-85-34 (/127.0.0.1:49510)
21:20:57.080 [pool-1-thread-4] DEBUG com.mnc.udp.UDPServer - UDP-Server: Message-27-32
21:20:57.080 [pool-1-thread-2] DEBUG com.mnc.udp.UDPServer - UDP-Server: Message-12-32 -> Message-12-32 (/127.0.0.1:49437)
21:20:57.080 [pool-1-thread-1] DEBUG com.mnc.udp.UDPServer - UDP-Server: Message-25-32 -> Message-25-32 (/127.0.0.1:49450)
21:20:57.080 [pool-1-thread-3] DEBUG com.mnc.udp.UDPServer - UDP-Server: Message-96-67
21:20:57.080 [pool-1-thread-3] DEBUG com.mnc.udp.UDPServer - UDP-Server: Message-96-67 -> Message-96-67 (/127.0.0.1:49521)
21:20:57.080 [pool-1-thread-2] DEBUG com.mnc.udp.UDPServer - UDP-Server: Message-88-96
21:20:57.080 [pool-1-thread-4] DEBUG com.mnc.udp.UDPServer - UDP-Server: Message-27-32 -> Message-27-32 (/127.0.0.1:49452)
21:20:57.080 [pool-1-thread-5] DEBUG com.mnc.udp.UDPServer - UDP-Server: Message-41-41
21:20:57.081 [pool-1-thread-2] DEBUG com.mnc.udp.UDPServer - UDP-Server: Message-88-96 -> Message-88-96 (/127.0.0.1:49513)
21:20:57.080 [pool-1-thread-1] DEBUG com.mnc.udp.UDPServer - UDP-Server: Message-12-33
21:20:57.082 [pool-1-thread-1] DEBUG com.mnc.udp.UDPServer - UDP-Server: Message-12-33 -> Message-12-33 (/127.0.0.1:49437)
21:20:57.080 [pool-1-thread-3] DEBUG com.mnc.udp.UDPServer - UDP-Server: Message-85-90
21:20:57.082 [pool-1-thread-5] DEBUG com.mnc.udp.UDPServer - UDP-Server: Message-41-41 -> Message-41-41 (/127.0.0.1:49466)
21:20:57.082 [pool-1-thread-4] DEBUG com.mnc.udp.UDPServer - UDP-Server: Message-25-33
21:20:57.082 [pool-1-thread-2] DEBUG com.mnc.udp.UDPServer - UDP-Server: Message-90-32
21:20:57.082 [pool-1-thread-2] DEBUG com.mnc.udp.UDPServer - UDP-Server: Message-90-32 -> Message-90-32 (/127.0.0.1:49515)
21:20:57.082 [pool-1-thread-3] DEBUG com.mnc.udp.UDPServer - UDP-Server: Message-85-90 -> Message-85-90 (/127.0.0.1:49510)
21:20:57.082 [pool-1-thread-1] DEBUG com.mnc.udp.UDPServer - UDP-Server: Message-88-71
21:20:57.082 [pool-1-thread-4] DEBUG com.mnc.udp.UDPServer - UDP-Server: Message-25-33 -> Message-25-33 (/127.0.0.1:49450)
21:20:57.082 [pool-1-thread-5] DEBUG com.mnc.udp.UDPServer - UDP-Server: Message-27-33
21:20:57.082 [pool-1-thread-2] DEBUG com.mnc.udp.UDPServer - UDP-Server: Message-12-31
21:20:57.082 [pool-1-thread-1] DEBUG com.mnc.udp.UDPServer - UDP-Server: Message-88-71 -> Message-88-71 (/127.0.0.1:49513)
21:20:57.083 [pool-1-thread-2] DEBUG com.mnc.udp.UDPServer - UDP-Server: Message-12-31 -> Message-12-31 (/127.0.0.1:49437)
21:20:57.083 [pool-1-thread-3] DEBUG com.mnc.udp.UDPServer - UDP-Server: Message-41-42
21:20:57.083 [pool-1-thread-5] DEBUG com.mnc.udp.UDPServer - UDP-Server: Message-27-33 -> Message-27-33 (/127.0.0.1:49452)
21:20:57.083 [pool-1-thread-4] DEBUG com.mnc.udp.UDPServer - UDP-Server: Message-90-33
21:20:57.083 [pool-1-thread-2] DEBUG com.mnc.udp.UDPServer - UDP-Server: Message-25-31
21:20:57.083 [pool-1-thread-3] DEBUG com.mnc.udp.UDPServer - UDP-Server: Message-41-42 -> Message-41-42 (/127.0.0.1:49466)
21:20:57.083 [pool-1-thread-2] DEBUG com.mnc.udp.UDPServer - UDP-Server: Message-25-31 -> Message-25-31 (/127.0.0.1:49450)
21:20:57.083 [pool-1-thread-1] DEBUG com.mnc.udp.UDPServer - UDP-Server: Message-85-28
21:20:57.083 [pool-1-thread-4] DEBUG com.mnc.udp.UDPServer - UDP-Server: Message-90-33 -> Message-90-33 (/127.0.0.1:49515)
21:20:57.083 [pool-1-thread-3] DEBUG com.mnc.udp.UDPServer - UDP-Server: Message-88-72
21:20:57.083 [pool-1-thread-1] DEBUG com.mnc.udp.UDPServer - UDP-Server: Message-85-28 -> Message-85-28 (/127.0.0.1:49510)
21:20:57.083 [pool-1-thread-3] DEBUG com.mnc.udp.UDPServer - UDP-Server: Message-88-72 -> Message-88-72 (/127.0.0.1:49513)
21:20:57.083 [pool-1-thread-2] DEBUG com.mnc.udp.UDPServer - UDP-Server: Message-12-35
21:20:57.083 [pool-1-thread-3] DEBUG com.mnc.udp.UDPServer - UDP-Server: Message-27-31
21:20:57.083 [pool-1-thread-4] DEBUG com.mnc.udp.UDPServer - UDP-Server: Message-25-35
21:20:57.083 [pool-1-thread-2] DEBUG com.mnc.udp.UDPServer - UDP-Server: Message-12-35 -> Message-12-35 (/127.0.0.1:49437)
21:20:57.083 [pool-1-thread-3] DEBUG com.mnc.udp.UDPServer - UDP-Server: Message-27-31 -> Message-27-31 (/127.0.0.1:49452)
21:20:57.083 [pool-1-thread-5] DEBUG com.mnc.udp.UDPServer - UDP-Server: Message-41-38
21:20:57.083 [pool-1-thread-2] DEBUG com.mnc.udp.UDPServer - UDP-Server: Message-85-29
21:20:57.083 [pool-1-thread-5] DEBUG com.mnc.udp.UDPServer - UDP-Server: Message-41-38 -> Message-41-38 (/127.0.0.1:49466)
21:20:57.083 [pool-1-thread-2] DEBUG com.mnc.udp.UDPServer - UDP-Server: Message-85-29 -> Message-85-29 (/127.0.0.1:49510)
21:20:57.083 [pool-1-thread-4] DEBUG com.mnc.udp.UDPServer - UDP-Server: Message-25-35 -> Message-25-35 (/127.0.0.1:49450)
21:20:57.083 [pool-1-thread-1] DEBUG com.mnc.udp.UDPServer - UDP-Server: Message-90-31
21:20:57.083 [pool-1-thread-3] DEBUG com.mnc.udp.UDPServer - UDP-Server: Message-88-73
21:20:57.083 [pool-1-thread-5] DEBUG com.mnc.udp.UDPServer - UDP-Server: Message-27-35
21:20:57.083 [pool-1-thread-3] DEBUG com.mnc.udp.UDPServer - UDP-Server: Message-88-73 -> Message-88-73 (/127.0.0.1:49513)
21:20:57.083 [pool-1-thread-2] DEBUG com.mnc.udp.UDPServer - UDP-Server: Message-12-36
21:20:57.083 [pool-1-thread-4] DEBUG com.mnc.udp.UDPServer - UDP-Server: Message-41-89
21:20:57.083 [pool-1-thread-2] DEBUG com.mnc.udp.UDPServer - UDP-Server: Message-12-36 -> Message-12-36 (/127.0.0.1:49437)
21:20:57.083 [pool-1-thread-1] DEBUG com.mnc.udp.UDPServer - UDP-Server: Message-90-31 -> Message-90-31 (/127.0.0.1:49515)
21:20:57.083 [pool-1-thread-5] DEBUG com.mnc.udp.UDPServer - UDP-Server: Message-27-35 -> Message-27-35 (/127.0.0.1:49452)
21:20:57.083 [pool-1-thread-3] DEBUG com.mnc.udp.UDPServer - UDP-Server: Message-85-30
21:20:57.084 [pool-1-thread-4] DEBUG com.mnc.udp.UDPServer - UDP-Server: Message-41-89 -> Message-41-89 (/127.0.0.1:49466)
21:20:57.084 [pool-1-thread-2] DEBUG com.mnc.udp.UDPServer - UDP-Server: Message-25-36
21:20:57.084 [pool-1-thread-1] DEBUG com.mnc.udp.UDPServer - UDP-Server: Message-88-97
21:20:57.084 [pool-1-thread-5] DEBUG com.mnc.udp.UDPServer - UDP-Server: Message-27-36
21:20:57.084 [pool-1-thread-3] DEBUG com.mnc.udp.UDPServer - UDP-Server: Message-85-30 -> Message-85-30 (/127.0.0.1:49510)
21:20:57.084 [pool-1-thread-4] DEBUG com.mnc.udp.UDPServer - UDP-Server: Message-12-34
21:20:57.084 [pool-1-thread-2] DEBUG com.mnc.udp.UDPServer - UDP-Server: Message-25-36 -> Message-25-36 (/127.0.0.1:49450)
21:20:57.084 [pool-1-thread-3] DEBUG com.mnc.udp.UDPServer - UDP-Server: Message-90-35
21:20:57.084 [pool-1-thread-1] DEBUG com.mnc.udp.UDPServer - UDP-Server: Message-88-97 -> Message-88-97 (/127.0.0.1:49513)
21:20:57.084 [pool-1-thread-3] DEBUG com.mnc.udp.UDPServer - UDP-Server: Message-90-35 -> Message-90-35 (/127.0.0.1:49515)
21:20:57.084 [pool-1-thread-5] DEBUG com.mnc.udp.UDPServer - UDP-Server: Message-27-36 -> Message-27-36 (/127.0.0.1:49452)
21:20:57.084 [pool-1-thread-3] DEBUG com.mnc.udp.UDPServer - UDP-Server: Message-85-26
21:20:57.084 [pool-1-thread-4] DEBUG com.mnc.udp.UDPServer - UDP-Server: Message-12-34 -> Message-12-34 (/127.0.0.1:49437)
21:20:57.084 [pool-1-thread-2] DEBUG com.mnc.udp.UDPServer - UDP-Server: Message-41-39
21:20:57.084 [pool-1-thread-3] DEBUG com.mnc.udp.UDPServer - UDP-Server: Message-85-26 -> Message-85-26 (/127.0.0.1:49510)
21:20:57.084 [pool-1-thread-2] DEBUG com.mnc.udp.UDPServer - UDP-Server: Message-41-39 -> Message-41-39 (/127.0.0.1:49466)
21:20:57.084 [pool-1-thread-1] DEBUG com.mnc.udp.UDPServer - UDP-Server: Message-25-34
21:20:57.084 [pool-1-thread-1] DEBUG com.mnc.udp.UDPServer - UDP-Server: Message-25-34 -> Message-25-34 (/127.0.0.1:49450)
21:20:57.084 [pool-1-thread-2] DEBUG com.mnc.udp.UDPServer - UDP-Server: Message-88-59
21:20:57.084 [pool-1-thread-2] DEBUG com.mnc.udp.UDPServer - UDP-Server: Message-88-59 -> Message-88-59 (/127.0.0.1:49513)
21:20:57.084 [pool-1-thread-5] DEBUG com.mnc.udp.UDPServer - UDP-Server: Message-90-36
21:20:57.084 [pool-1-thread-5] DEBUG com.mnc.udp.UDPServer - UDP-Server: Message-90-36 -> Message-90-36 (/127.0.0.1:49515)
21:20:57.084 [pool-1-thread-5] DEBUG com.mnc.udp.UDPServer - UDP-Server: Message-85-27
21:20:57.084 [pool-1-thread-5] DEBUG com.mnc.udp.UDPServer - UDP-Server: Message-85-27 -> Message-85-27 (/127.0.0.1:49510)
21:20:57.084 [pool-1-thread-2] DEBUG com.mnc.udp.UDPServer - UDP-Server: Message-25-28
21:20:57.084 [pool-1-thread-3] DEBUG com.mnc.udp.UDPServer - UDP-Server: Message-12-28
21:20:57.084 [pool-1-thread-4] DEBUG com.mnc.udp.UDPServer - UDP-Server: Message-27-34
21:20:57.084 [pool-1-thread-4] DEBUG com.mnc.udp.UDPServer - UDP-Server: Message-27-34 -> Message-27-34 (/127.0.0.1:49452)
21:20:57.084 [pool-1-thread-1] DEBUG com.mnc.udp.UDPServer - UDP-Server: Message-41-37
21:20:57.084 [pool-1-thread-2] DEBUG com.mnc.udp.UDPServer - UDP-Server: Message-25-28 -> Message-25-28 (/127.0.0.1:49450)
21:20:57.084 [pool-1-thread-4] DEBUG com.mnc.udp.UDPServer - UDP-Server: Message-90-34
21:20:57.084 [pool-1-thread-3] DEBUG com.mnc.udp.UDPServer - UDP-Server: Message-12-28 -> Message-12-28 (/127.0.0.1:49437)
21:20:57.084 [pool-1-thread-4] DEBUG com.mnc.udp.UDPServer - UDP-Server: Message-90-34 -> Message-90-34 (/127.0.0.1:49515)
21:20:57.084 [pool-1-thread-5] DEBUG com.mnc.udp.UDPServer - UDP-Server: Message-88-53
21:20:57.084 [pool-1-thread-1] DEBUG com.mnc.udp.UDPServer - UDP-Server: Message-41-37 -> Message-41-37 (/127.0.0.1:49466)
21:20:57.084 [pool-1-thread-2] DEBUG com.mnc.udp.UDPServer - UDP-Server: Message-85-25
21:20:57.084 [pool-1-thread-3] DEBUG com.mnc.udp.UDPServer - UDP-Server: Message-27-28
21:20:57.084 [pool-1-thread-1] DEBUG com.mnc.udp.UDPServer - UDP-Server: Message-25-29
21:20:57.084 [pool-1-thread-5] DEBUG com.mnc.udp.UDPServer - UDP-Server: Message-88-53 -> Message-88-53 (/127.0.0.1:49513)
21:20:57.084 [pool-1-thread-2] DEBUG com.mnc.udp.UDPServer - UDP-Server: Message-85-25 -> Message-85-25 (/127.0.0.1:49510)
21:20:57.084 [pool-1-thread-3] DEBUG com.mnc.udp.UDPServer - UDP-Server: Message-27-28 -> Message-27-28 (/127.0.0.1:49452)
21:20:57.084 [pool-1-thread-2] DEBUG com.mnc.udp.UDPServer - UDP-Server: Message-90-28
21:20:57.084 [pool-1-thread-2] DEBUG com.mnc.udp.UDPServer - UDP-Server: Message-90-28 -> Message-90-28 (/127.0.0.1:49515)
21:20:57.084 [pool-1-thread-1] DEBUG com.mnc.udp.UDPServer - UDP-Server: Message-25-29 -> Message-25-29 (/127.0.0.1:49450)
21:20:57.084 [pool-1-thread-5] DEBUG com.mnc.udp.UDPServer - UDP-Server: Message-12-29
21:20:57.084 [pool-1-thread-5] DEBUG com.mnc.udp.UDPServer - UDP-Server: Message-12-29 -> Message-12-29 (/127.0.0.1:49437)
21:20:57.084 [pool-1-thread-3] DEBUG com.mnc.udp.UDPServer - UDP-Server: Message-41-87
21:20:57.084 [pool-1-thread-1] DEBUG com.mnc.udp.UDPServer - UDP-Server: Message-88-54
21:20:57.084 [pool-1-thread-1] DEBUG com.mnc.udp.UDPServer - UDP-Server: Message-88-54 -> Message-88-54 (/127.0.0.1:49513)
21:20:57.084 [pool-1-thread-3] DEBUG com.mnc.udp.UDPServer - UDP-Server: Message-41-87 -> Message-41-87 (/127.0.0.1:49466)
21:20:57.084 [pool-1-thread-5] DEBUG com.mnc.udp.UDPServer - UDP-Server: Message-85-91
21:20:57.084 [pool-1-thread-5] DEBUG com.mnc.udp.UDPServer - UDP-Server: Message-85-91 -> Message-85-91 (/127.0.0.1:49510)
21:20:57.084 [pool-1-thread-4] DEBUG com.mnc.udp.UDPServer - UDP-Server: Message-90-29
21:20:57.084 [pool-1-thread-2] DEBUG com.mnc.udp.UDPServer - UDP-Server: Message-27-29
21:20:57.084 [pool-1-thread-1] DEBUG com.mnc.udp.UDPServer - UDP-Server: Message-25-30
21:20:57.084 [pool-1-thread-4] DEBUG com.mnc.udp.UDPServer - UDP-Server: Message-90-29 -> Message-90-29 (/127.0.0.1:49515)
21:20:57.084 [pool-1-thread-3] DEBUG com.mnc.udp.UDPServer - UDP-Server: Message-12-30
21:20:57.084 [pool-1-thread-2] DEBUG com.mnc.udp.UDPServer - UDP-Server: Message-27-29 -> Message-27-29 (/127.0.0.1:49452)
21:20:57.084 [pool-1-thread-1] DEBUG com.mnc.udp.UDPServer - UDP-Server: Message-25-30 -> Message-25-30 (/127.0.0.1:49450)
21:20:57.084 [pool-1-thread-3] DEBUG com.mnc.udp.UDPServer - UDP-Server: Message-12-30 -> Message-12-30 (/127.0.0.1:49437)
21:20:57.084 [pool-1-thread-5] DEBUG com.mnc.udp.UDPServer - UDP-Server: Message-41-96
21:20:57.084 [pool-1-thread-4] DEBUG com.mnc.udp.UDPServer - UDP-Server: Message-85-92
21:20:57.084 [pool-1-thread-1] DEBUG com.mnc.udp.UDPServer - UDP-Server: Message-88-55
21:20:57.084 [pool-1-thread-5] DEBUG com.mnc.udp.UDPServer - UDP-Server: Message-41-96 -> Message-41-96 (/127.0.0.1:49466)
21:20:57.084 [pool-1-thread-1] DEBUG com.mnc.udp.UDPServer - UDP-Server: Message-88-55 -> Message-88-55 (/127.0.0.1:49513)
21:20:57.084 [pool-1-thread-4] DEBUG com.mnc.udp.UDPServer - UDP-Server: Message-85-92 -> Message-85-92 (/127.0.0.1:49510)
21:20:57.084 [pool-1-thread-1] DEBUG com.mnc.udp.UDPServer - UDP-Server: Message-25-26
21:20:57.084 [pool-1-thread-3] DEBUG com.mnc.udp.UDPServer - UDP-Server: Message-90-30
21:20:57.084 [pool-1-thread-3] DEBUG com.mnc.udp.UDPServer - UDP-Server: Message-90-30 -> Message-90-30 (/127.0.0.1:49515)
21:20:57.084 [pool-1-thread-5] DEBUG com.mnc.udp.UDPServer - UDP-Server: Message-27-30
21:20:57.084 [pool-1-thread-1] DEBUG com.mnc.udp.UDPServer - UDP-Server: Message-25-26 -> Message-25-26 (/127.0.0.1:49450)
21:20:57.084 [pool-1-thread-2] DEBUG com.mnc.udp.UDPServer - UDP-Server: Message-12-26
21:20:57.084 [pool-1-thread-3] DEBUG com.mnc.udp.UDPServer - UDP-Server: Message-41-97
21:20:57.085 [pool-1-thread-4] DEBUG com.mnc.udp.UDPServer - UDP-Server: Message-88-98
21:20:57.085 [pool-1-thread-3] DEBUG com.mnc.udp.UDPServer - UDP-Server: Message-41-97 -> Message-41-97 (/127.0.0.1:49466)
21:20:57.085 [pool-1-thread-4] DEBUG com.mnc.udp.UDPServer - UDP-Server: Message-88-98 -> Message-88-98 (/127.0.0.1:49513)
21:20:57.084 [pool-1-thread-5] DEBUG com.mnc.udp.UDPServer - UDP-Server: Message-27-30 -> Message-27-30 (/127.0.0.1:49452)
21:20:57.085 [pool-1-thread-1] DEBUG com.mnc.udp.UDPServer - UDP-Server: Message-85-44
21:20:57.085 [pool-1-thread-2] DEBUG com.mnc.udp.UDPServer - UDP-Server: Message-12-26 -> Message-12-26 (/127.0.0.1:49437)
21:20:57.085 [pool-1-thread-1] DEBUG com.mnc.udp.UDPServer - UDP-Server: Message-85-44 -> Message-85-44 (/127.0.0.1:49510)
21:20:57.085 [pool-1-thread-3] DEBUG com.mnc.udp.UDPServer - UDP-Server: Message-90-26
21:20:57.085 [pool-1-thread-4] DEBUG com.mnc.udp.UDPServer - UDP-Server: Message-25-27
21:20:57.085 [pool-1-thread-5] DEBUG com.mnc.udp.UDPServer - UDP-Server: Message-41-98
21:20:57.085 [pool-1-thread-5] DEBUG com.mnc.udp.UDPServer - UDP-Server: Message-41-98 -> Message-41-98 (/127.0.0.1:49466)
21:20:57.085 [pool-1-thread-2] DEBUG com.mnc.udp.UDPServer - UDP-Server: Message-88-99
21:20:57.085 [pool-1-thread-3] DEBUG com.mnc.udp.UDPServer - UDP-Server: Message-90-26 -> Message-90-26 (/127.0.0.1:49515)
21:20:57.085 [pool-1-thread-4] DEBUG com.mnc.udp.UDPServer - UDP-Server: Message-25-27 -> Message-25-27 (/127.0.0.1:49450)
21:20:57.085 [pool-1-thread-5] DEBUG com.mnc.udp.UDPServer - UDP-Server: Message-27-26
21:20:57.085 [pool-1-thread-2] DEBUG com.mnc.udp.UDPServer - UDP-Server: Message-88-99 -> Message-88-99 (/127.0.0.1:49513)
21:20:57.085 [pool-1-thread-5] DEBUG com.mnc.udp.UDPServer - UDP-Server: Message-27-26 -> Message-27-26 (/127.0.0.1:49452)
21:20:57.085 [pool-1-thread-4] DEBUG com.mnc.udp.UDPServer - UDP-Server: Message-41-15
21:20:57.085 [pool-1-thread-3] DEBUG com.mnc.udp.UDPServer - UDP-Server: Message-12-27
21:20:57.085 [pool-1-thread-3] DEBUG com.mnc.udp.UDPServer - UDP-Server: Message-12-27 -> Message-12-27 (/127.0.0.1:49437)
21:20:57.085 [pool-1-thread-2] DEBUG com.mnc.udp.UDPServer - UDP-Server: Message-90-27
21:20:57.085 [pool-1-thread-5] DEBUG com.mnc.udp.UDPServer - UDP-Server: Message-25-25
21:20:57.085 [pool-1-thread-3] DEBUG com.mnc.udp.UDPServer - UDP-Server: Message-27-27
21:20:57.085 [pool-1-thread-1] DEBUG com.mnc.udp.UDPServer - UDP-Server: Message-85-45
21:20:57.085 [pool-1-thread-4] DEBUG com.mnc.udp.UDPServer - UDP-Server: Message-41-15 -> Message-41-15 (/127.0.0.1:49466)
21:20:57.085 [pool-1-thread-2] DEBUG com.mnc.udp.UDPServer - UDP-Server: Message-90-27 -> Message-90-27 (/127.0.0.1:49515)
21:20:57.085 [pool-1-thread-5] DEBUG com.mnc.udp.UDPServer - UDP-Server: Message-25-25 -> Message-25-25 (/127.0.0.1:49450)
21:20:57.085 [pool-1-thread-3] DEBUG com.mnc.udp.UDPServer - UDP-Server: Message-27-27 -> Message-27-27 (/127.0.0.1:49452)
21:20:57.085 [pool-1-thread-2] DEBUG com.mnc.udp.UDPServer - UDP-Server: Message-12-25
21:20:57.085 [pool-1-thread-1] DEBUG com.mnc.udp.UDPServer - UDP-Server: Message-85-45 -> Message-85-45 (/127.0.0.1:49510)
21:20:57.085 [pool-1-thread-4] DEBUG com.mnc.udp.UDPServer - UDP-Server: Message-88-94
21:20:57.085 [pool-1-thread-2] DEBUG com.mnc.udp.UDPServer - UDP-Server: Message-12-25 -> Message-12-25 (/127.0.0.1:49437)
21:20:57.085 [pool-1-thread-4] DEBUG com.mnc.udp.UDPServer - UDP-Server: Message-88-94 -> Message-88-94 (/127.0.0.1:49513)
21:20:57.085 [pool-1-thread-2] DEBUG com.mnc.udp.UDPServer - UDP-Server: Message-41-16
21:20:57.085 [pool-1-thread-1] DEBUG com.mnc.udp.UDPServer - UDP-Server: Message-90-25
21:20:57.085 [pool-1-thread-1] DEBUG com.mnc.udp.UDPServer - UDP-Server: Message-90-25 -> Message-90-25 (/127.0.0.1:49515)
21:20:57.085 [pool-1-thread-5] DEBUG com.mnc.udp.UDPServer - UDP-Server: Message-27-25
21:20:57.085 [pool-1-thread-2] DEBUG com.mnc.udp.UDPServer - UDP-Server: Message-41-16 -> Message-41-16 (/127.0.0.1:49466)
21:20:57.085 [pool-1-thread-4] DEBUG com.mnc.udp.UDPServer - UDP-Server: Message-25-44
21:20:57.085 [pool-1-thread-2] DEBUG com.mnc.udp.UDPServer - UDP-Server: Message-12-44
21:20:57.085 [pool-1-thread-5] DEBUG com.mnc.udp.UDPServer - UDP-Server: Message-27-25 -> Message-27-25 (/127.0.0.1:49452)
21:20:57.085 [pool-1-thread-3] DEBUG com.mnc.udp.UDPServer - UDP-Server: Message-85-43
21:20:57.085 [pool-1-thread-1] DEBUG com.mnc.udp.UDPServer - UDP-Server: Message-88-74
21:20:57.085 [pool-1-thread-5] DEBUG com.mnc.udp.UDPServer - UDP-Server: Message-90-44
21:20:57.085 [pool-1-thread-5] DEBUG com.mnc.udp.UDPServer - UDP-Server: Message-90-44 -> Message-90-44 (/127.0.0.1:49515)
21:20:57.085 [pool-1-thread-2] DEBUG com.mnc.udp.UDPServer - UDP-Server: Message-12-44 -> Message-12-44 (/127.0.0.1:49437)
21:20:57.085 [pool-1-thread-5] DEBUG com.mnc.udp.UDPServer - UDP-Server: Message-41-17
21:20:57.085 [pool-1-thread-5] DEBUG com.mnc.udp.UDPServer - UDP-Server: Message-41-17 -> Message-41-17 (/127.0.0.1:49466)
21:20:57.085 [pool-1-thread-2] DEBUG com.mnc.udp.UDPServer - UDP-Server: Message-27-44
21:20:57.085 [pool-1-thread-4] DEBUG com.mnc.udp.UDPServer - UDP-Server: Message-25-44 -> Message-25-44 (/127.0.0.1:49450)
21:20:57.085 [pool-1-thread-3] DEBUG com.mnc.udp.UDPServer - UDP-Server: Message-85-43 -> Message-85-43 (/127.0.0.1:49510)
21:20:57.085 [pool-1-thread-2] DEBUG com.mnc.udp.UDPServer - UDP-Server: Message-27-44 -> Message-27-44 (/127.0.0.1:49452)
21:20:57.085 [pool-1-thread-1] DEBUG com.mnc.udp.UDPServer - UDP-Server: Message-88-74 -> Message-88-74 (/127.0.0.1:49513)
21:20:57.085 [pool-1-thread-4] DEBUG com.mnc.udp.UDPServer - UDP-Server: Message-90-45
21:20:57.085 [pool-1-thread-4] DEBUG com.mnc.udp.UDPServer - UDP-Server: Message-90-45 -> Message-90-45 (/127.0.0.1:49515)
21:20:57.085 [pool-1-thread-4] DEBUG com.mnc.udp.UDPServer - UDP-Server: Message-12-45
21:20:57.085 [pool-1-thread-2] DEBUG com.mnc.udp.UDPServer - UDP-Server: Message-41-13
21:20:57.085 [pool-1-thread-1] DEBUG com.mnc.udp.UDPServer - UDP-Server: Message-25-45
21:20:57.085 [pool-1-thread-4] DEBUG com.mnc.udp.UDPServer - UDP-Server: Message-12-45 -> Message-12-45 (/127.0.0.1:49437)
21:20:57.085 [pool-1-thread-2] DEBUG com.mnc.udp.UDPServer - UDP-Server: Message-41-13 -> Message-41-13 (/127.0.0.1:49466)
21:20:57.085 [pool-1-thread-3] DEBUG com.mnc.udp.UDPServer - UDP-Server: Message-27-45
21:20:57.085 [pool-1-thread-1] DEBUG com.mnc.udp.UDPServer - UDP-Server: Message-25-45 -> Message-25-45 (/127.0.0.1:49450)
21:20:57.085 [pool-1-thread-3] DEBUG com.mnc.udp.UDPServer - UDP-Server: Message-27-45 -> Message-27-45 (/127.0.0.1:49452)
21:20:57.085 [pool-1-thread-1] DEBUG com.mnc.udp.UDPServer - UDP-Server: Message-90-43
21:20:57.085 [pool-1-thread-2] DEBUG com.mnc.udp.UDPServer - UDP-Server: Message-85-48
21:20:57.085 [pool-1-thread-5] DEBUG com.mnc.udp.UDPServer - UDP-Server: Message-88-95
21:20:57.085 [pool-1-thread-2] DEBUG com.mnc.udp.UDPServer - UDP-Server: Message-85-48 -> Message-85-48 (/127.0.0.1:49510)
21:20:57.085 [pool-1-thread-1] DEBUG com.mnc.udp.UDPServer - UDP-Server: Message-90-43 -> Message-90-43 (/127.0.0.1:49515)
21:20:57.085 [pool-1-thread-5] DEBUG com.mnc.udp.UDPServer - UDP-Server: Message-88-95 -> Message-88-95 (/127.0.0.1:49513)
21:20:57.086 [pool-1-thread-3] DEBUG com.mnc.udp.UDPServer - UDP-Server: Message-12-43
21:20:57.086 [pool-1-thread-3] DEBUG com.mnc.udp.UDPServer - UDP-Server: Message-12-43 -> Message-12-43 (/127.0.0.1:49437)
21:20:57.086 [pool-1-thread-1] DEBUG com.mnc.udp.UDPServer - UDP-Server: Message-27-43
21:20:57.086 [pool-1-thread-1] DEBUG com.mnc.udp.UDPServer - UDP-Server: Message-27-43 -> Message-27-43 (/127.0.0.1:49452)
21:20:57.086 [pool-1-thread-4] DEBUG com.mnc.udp.UDPServer - UDP-Server: Message-25-43
21:20:57.086 [pool-1-thread-4] DEBUG com.mnc.udp.UDPServer - UDP-Server: Message-25-43 -> Message-25-43 (/127.0.0.1:49450)
21:20:57.086 [pool-1-thread-1] DEBUG com.mnc.udp.UDPServer - UDP-Server: Message-85-88
21:20:57.086 [pool-1-thread-1] DEBUG com.mnc.udp.UDPServer - UDP-Server: Message-85-88 -> Message-85-88 (/127.0.0.1:49510)
21:20:57.086 [pool-1-thread-3] DEBUG com.mnc.udp.UDPServer - UDP-Server: Message-90-48
21:20:57.086 [pool-1-thread-3] DEBUG com.mnc.udp.UDPServer - UDP-Server: Message-90-48 -> Message-90-48 (/127.0.0.1:49515)
21:20:57.086 [pool-1-thread-2] DEBUG com.mnc.udp.UDPServer - UDP-Server: Message-41-99
21:20:57.086 [pool-1-thread-4] DEBUG com.mnc.udp.UDPServer - UDP-Server: Message-88-93
21:20:57.086 [pool-1-thread-3] DEBUG com.mnc.udp.UDPServer - UDP-Server: Message-27-48
21:20:57.086 [pool-1-thread-5] DEBUG com.mnc.udp.UDPServer - UDP-Server: Message-12-48
21:20:57.086 [pool-1-thread-2] DEBUG com.mnc.udp.UDPServer - UDP-Server: Message-41-99 -> Message-41-99 (/127.0.0.1:49466)
21:20:57.086 [pool-1-thread-4] DEBUG com.mnc.udp.UDPServer - UDP-Server: Message-88-93 -> Message-88-93 (/127.0.0.1:49513)
21:20:57.086 [pool-1-thread-2] DEBUG com.mnc.udp.UDPServer - UDP-Server: Message-85-89
21:20:57.086 [pool-1-thread-3] DEBUG com.mnc.udp.UDPServer - UDP-Server: Message-27-48 -> Message-27-48 (/127.0.0.1:49452)
21:20:57.086 [pool-1-thread-1] DEBUG com.mnc.udp.UDPServer - UDP-Server: Message-25-48
21:20:57.086 [pool-1-thread-5] DEBUG com.mnc.udp.UDPServer - UDP-Server: Message-12-48 -> Message-12-48 (/127.0.0.1:49437)
21:20:57.086 [pool-1-thread-1] DEBUG com.mnc.udp.UDPServer - UDP-Server: Message-25-48 -> Message-25-48 (/127.0.0.1:49450)
21:20:57.086 [pool-1-thread-2] DEBUG com.mnc.udp.UDPServer - UDP-Server: Message-85-89 -> Message-85-89 (/127.0.0.1:49510)
21:20:57.086 [pool-1-thread-4] DEBUG com.mnc.udp.UDPServer - UDP-Server: Message-90-49
21:20:57.086 [pool-1-thread-1] DEBUG com.mnc.udp.UDPServer - UDP-Server: Message-41-14
21:20:57.086 [pool-1-thread-4] DEBUG com.mnc.udp.UDPServer - UDP-Server: Message-90-49 -> Message-90-49 (/127.0.0.1:49515)
21:20:57.086 [pool-1-thread-3] DEBUG com.mnc.udp.UDPServer - UDP-Server: Message-27-49
21:20:57.086 [pool-1-thread-1] DEBUG com.mnc.udp.UDPServer - UDP-Server: Message-41-14 -> Message-41-14 (/127.0.0.1:49466)
21:20:57.086 [pool-1-thread-3] DEBUG com.mnc.udp.UDPServer - UDP-Server: Message-27-49 -> Message-27-49 (/127.0.0.1:49452)
21:20:57.086 [pool-1-thread-4] DEBUG com.mnc.udp.UDPServer - UDP-Server: Message-25-49
21:20:57.086 [pool-1-thread-5] DEBUG com.mnc.udp.UDPServer - UDP-Server: Message-88-51
21:20:57.086 [pool-1-thread-4] DEBUG com.mnc.udp.UDPServer - UDP-Server: Message-25-49 -> Message-25-49 (/127.0.0.1:49450)
21:20:57.086 [pool-1-thread-1] DEBUG com.mnc.udp.UDPServer - UDP-Server: Message-85-87
21:20:57.086 [pool-1-thread-1] DEBUG com.mnc.udp.UDPServer - UDP-Server: Message-85-87 -> Message-85-87 (/127.0.0.1:49510)
21:20:57.086 [pool-1-thread-2] DEBUG com.mnc.udp.UDPServer - UDP-Server: Message-12-49
21:20:57.086 [pool-1-thread-2] DEBUG com.mnc.udp.UDPServer - UDP-Server: Message-12-49 -> Message-12-49 (/127.0.0.1:49437)
21:20:57.086 [pool-1-thread-5] DEBUG com.mnc.udp.UDPServer - UDP-Server: Message-88-51 -> Message-88-51 (/127.0.0.1:49513)
21:20:57.086 [pool-1-thread-1] DEBUG com.mnc.udp.UDPServer - UDP-Server: Message-41-12
21:20:57.086 [pool-1-thread-1] DEBUG com.mnc.udp.UDPServer - UDP-Server: Message-41-12 -> Message-41-12 (/127.0.0.1:49466)
21:20:57.086 [pool-1-thread-3] DEBUG com.mnc.udp.UDPServer - UDP-Server: Message-90-46
21:20:57.086 [pool-1-thread-5] DEBUG com.mnc.udp.UDPServer - UDP-Server: Message-25-46
21:20:57.086 [pool-1-thread-3] DEBUG com.mnc.udp.UDPServer - UDP-Server: Message-90-46 -> Message-90-46 (/127.0.0.1:49515)
21:20:57.086 [pool-1-thread-4] DEBUG com.mnc.udp.UDPServer - UDP-Server: Message-27-46
21:20:57.086 [pool-1-thread-2] DEBUG com.mnc.udp.UDPServer - UDP-Server: Message-85-49
21:20:57.086 [pool-1-thread-5] DEBUG com.mnc.udp.UDPServer - UDP-Server: Message-25-46 -> Message-25-46 (/127.0.0.1:49450)
21:20:57.086 [pool-1-thread-1] DEBUG com.mnc.udp.UDPServer - UDP-Server: Message-12-46
21:20:57.086 [pool-1-thread-5] DEBUG com.mnc.udp.UDPServer - UDP-Server: Message-41-94
21:20:57.086 [pool-1-thread-1] DEBUG com.mnc.udp.UDPServer - UDP-Server: Message-12-46 -> Message-12-46 (/127.0.0.1:49437)
21:20:57.086 [pool-1-thread-5] DEBUG com.mnc.udp.UDPServer - UDP-Server: Message-41-94 -> Message-41-94 (/127.0.0.1:49466)
21:20:57.086 [pool-1-thread-4] DEBUG com.mnc.udp.UDPServer - UDP-Server: Message-27-46 -> Message-27-46 (/127.0.0.1:49452)
21:20:57.086 [pool-1-thread-3] DEBUG com.mnc.udp.UDPServer - UDP-Server: Message-88-52
21:20:57.086 [pool-1-thread-2] DEBUG com.mnc.udp.UDPServer - UDP-Server: Message-85-49 -> Message-85-49 (/127.0.0.1:49510)
21:20:57.086 [pool-1-thread-3] DEBUG com.mnc.udp.UDPServer - UDP-Server: Message-88-52 -> Message-88-52 (/127.0.0.1:49513)
21:20:57.086 [pool-1-thread-1] DEBUG com.mnc.udp.UDPServer - UDP-Server: Message-90-47
21:20:57.086 [pool-1-thread-4] DEBUG com.mnc.udp.UDPServer - UDP-Server: Message-25-47
21:20:57.086 [pool-1-thread-3] DEBUG com.mnc.udp.UDPServer - UDP-Server: Message-41-95
21:20:57.086 [pool-1-thread-3] DEBUG com.mnc.udp.UDPServer - UDP-Server: Message-41-95 -> Message-41-95 (/127.0.0.1:49466)
21:20:57.086 [pool-1-thread-5] DEBUG com.mnc.udp.UDPServer - UDP-Server: Message-12-47
21:20:57.086 [pool-1-thread-3] DEBUG com.mnc.udp.UDPServer - UDP-Server: Message-27-47
21:20:57.086 [pool-1-thread-4] DEBUG com.mnc.udp.UDPServer - UDP-Server: Message-25-47 -> Message-25-47 (/127.0.0.1:49450)
21:20:57.086 [pool-1-thread-1] DEBUG com.mnc.udp.UDPServer - UDP-Server: Message-90-47 -> Message-90-47 (/127.0.0.1:49515)
21:20:57.086 [pool-1-thread-3] DEBUG com.mnc.udp.UDPServer - UDP-Server: Message-27-47 -> Message-27-47 (/127.0.0.1:49452)
21:20:57.086 [pool-1-thread-5] DEBUG com.mnc.udp.UDPServer - UDP-Server: Message-12-47 -> Message-12-47 (/127.0.0.1:49437)
21:20:57.086 [pool-1-thread-1] DEBUG com.mnc.udp.UDPServer - UDP-Server: Message-85-46
21:20:57.086 [pool-1-thread-2] DEBUG com.mnc.udp.UDPServer - UDP-Server: Message-88-50
21:20:57.086 [pool-1-thread-1] DEBUG com.mnc.udp.UDPServer - UDP-Server: Message-85-46 -> Message-85-46 (/127.0.0.1:49510)
21:20:57.086 [pool-1-thread-4] DEBUG com.mnc.udp.UDPServer - UDP-Server: Message-41-93
21:20:57.086 [pool-1-thread-3] DEBUG com.mnc.udp.UDPServer - UDP-Server: Message-25-40
21:20:57.086 [pool-1-thread-2] DEBUG com.mnc.udp.UDPServer - UDP-Server: Message-88-50 -> Message-88-50 (/127.0.0.1:49513)
21:20:57.086 [pool-1-thread-3] DEBUG com.mnc.udp.UDPServer - UDP-Server: Message-25-40 -> Message-25-40 (/127.0.0.1:49450)
21:20:57.086 [pool-1-thread-5] DEBUG com.mnc.udp.UDPServer - UDP-Server: Message-90-40
21:20:57.086 [pool-1-thread-1] DEBUG com.mnc.udp.UDPServer - UDP-Server: Message-27-40
21:20:57.086 [pool-1-thread-2] DEBUG com.mnc.udp.UDPServer - UDP-Server: Message-12-40
21:20:57.086 [pool-1-thread-2] DEBUG com.mnc.udp.UDPServer - UDP-Server: Message-12-40 -> Message-12-40 (/127.0.0.1:49437)
21:20:57.086 [pool-1-thread-4] DEBUG com.mnc.udp.UDPServer - UDP-Server: Message-41-93 -> Message-41-93 (/127.0.0.1:49466)
21:20:57.086 [pool-1-thread-3] DEBUG com.mnc.udp.UDPServer - UDP-Server: Message-85-47
21:20:57.086 [pool-1-thread-5] DEBUG com.mnc.udp.UDPServer - UDP-Server: Message-90-40 -> Message-90-40 (/127.0.0.1:49515)
21:20:57.086 [pool-1-thread-1] DEBUG com.mnc.udp.UDPServer - UDP-Server: Message-27-40 -> Message-27-40 (/127.0.0.1:49452)
21:20:57.086 [pool-1-thread-3] DEBUG com.mnc.udp.UDPServer - UDP-Server: Message-85-47 -> Message-85-47 (/127.0.0.1:49510)
21:20:57.087 [pool-1-thread-2] DEBUG com.mnc.udp.UDPServer - UDP-Server: Message-25-41
21:20:57.087 [pool-1-thread-2] DEBUG com.mnc.udp.UDPServer - UDP-Server: Message-25-41 -> Message-25-41 (/127.0.0.1:49450)
21:20:57.087 [pool-1-thread-1] DEBUG com.mnc.udp.UDPServer - UDP-Server: Message-88-82
21:20:57.087 [pool-1-thread-1] DEBUG com.mnc.udp.UDPServer - UDP-Server: Message-88-82 -> Message-88-82 (/127.0.0.1:49513)
21:20:57.087 [pool-1-thread-2] DEBUG com.mnc.udp.UDPServer - UDP-Server: Message-12-41
21:20:57.087 [pool-1-thread-4] DEBUG com.mnc.udp.UDPServer - UDP-Server: Message-41-82
21:20:57.087 [pool-1-thread-4] DEBUG com.mnc.udp.UDPServer - UDP-Server: Message-41-82 -> Message-41-82 (/127.0.0.1:49466)
21:20:57.087 [pool-1-thread-2] DEBUG com.mnc.udp.UDPServer - UDP-Server: Message-12-41 -> Message-12-41 (/127.0.0.1:49437)
21:20:57.087 [pool-1-thread-4] DEBUG com.mnc.udp.UDPServer - UDP-Server: Message-27-41
21:20:57.087 [pool-1-thread-4] DEBUG com.mnc.udp.UDPServer - UDP-Server: Message-27-41 -> Message-27-41 (/127.0.0.1:49452)
21:20:57.087 [pool-1-thread-2] DEBUG com.mnc.udp.UDPServer - UDP-Server: Message-85-40
21:20:57.087 [pool-1-thread-5] DEBUG com.mnc.udp.UDPServer - UDP-Server: Message-90-41
21:20:57.087 [pool-1-thread-2] DEBUG com.mnc.udp.UDPServer - UDP-Server: Message-85-40 -> Message-85-40 (/127.0.0.1:49510)
21:20:57.087 [pool-1-thread-5] DEBUG com.mnc.udp.UDPServer - UDP-Server: Message-90-41 -> Message-90-41 (/127.0.0.1:49515)
21:20:57.087 [pool-1-thread-5] DEBUG com.mnc.udp.UDPServer - UDP-Server: Message-25-42
21:20:57.087 [pool-1-thread-1] DEBUG com.mnc.udp.UDPServer - UDP-Server: Message-88-83
21:20:57.087 [pool-1-thread-5] DEBUG com.mnc.udp.UDPServer - UDP-Server: Message-25-42 -> Message-25-42 (/127.0.0.1:49450)
21:20:57.087 [pool-1-thread-1] DEBUG com.mnc.udp.UDPServer - UDP-Server: Message-88-83 -> Message-88-83 (/127.0.0.1:49513)
21:20:57.087 [pool-1-thread-2] DEBUG com.mnc.udp.UDPServer - UDP-Server: Message-12-42
21:20:57.087 [pool-1-thread-2] DEBUG com.mnc.udp.UDPServer - UDP-Server: Message-12-42 -> Message-12-42 (/127.0.0.1:49437)
21:20:57.087 [pool-1-thread-3] DEBUG com.mnc.udp.UDPServer - UDP-Server: Message-41-83
21:20:57.087 [pool-1-thread-1] DEBUG com.mnc.udp.UDPServer - UDP-Server: Message-27-42
21:20:57.087 [pool-1-thread-1] DEBUG com.mnc.udp.UDPServer - UDP-Server: Message-27-42 -> Message-27-42 (/127.0.0.1:49452)
21:20:57.087 [pool-1-thread-3] DEBUG com.mnc.udp.UDPServer - UDP-Server: Message-41-83 -> Message-41-83 (/127.0.0.1:49466)
21:20:57.087 [pool-1-thread-4] DEBUG com.mnc.udp.UDPServer - UDP-Server: Message-85-41
21:20:57.087 [pool-1-thread-5] DEBUG com.mnc.udp.UDPServer - UDP-Server: Message-88-81
21:20:57.087 [pool-1-thread-4] DEBUG com.mnc.udp.UDPServer - UDP-Server: Message-85-41 -> Message-85-41 (/127.0.0.1:49510)
21:20:57.087 [pool-1-thread-5] DEBUG com.mnc.udp.UDPServer - UDP-Server: Message-88-81 -> Message-88-81 (/127.0.0.1:49513)
21:20:57.087 [pool-1-thread-2] DEBUG com.mnc.udp.UDPServer - UDP-Server: Message-90-42
21:20:57.087 [pool-1-thread-4] DEBUG com.mnc.udp.UDPServer - UDP-Server: Message-12-38
21:20:57.087 [pool-1-thread-4] DEBUG com.mnc.udp.UDPServer - UDP-Server: Message-12-38 -> Message-12-38 (/127.0.0.1:49437)
21:20:57.087 [pool-1-thread-1] DEBUG com.mnc.udp.UDPServer - UDP-Server: Message-25-38
21:20:57.087 [pool-1-thread-1] DEBUG com.mnc.udp.UDPServer - UDP-Server: Message-25-38 -> Message-25-38 (/127.0.0.1:49450)
21:20:57.087 [pool-1-thread-5] DEBUG com.mnc.udp.UDPServer - UDP-Server: Message-27-38
21:20:57.087 [pool-1-thread-5] DEBUG com.mnc.udp.UDPServer - UDP-Server: Message-27-38 -> Message-27-38 (/127.0.0.1:49452)
21:20:57.087 [pool-1-thread-2] DEBUG com.mnc.udp.UDPServer - UDP-Server: Message-90-42 -> Message-90-42 (/127.0.0.1:49515)
21:20:57.087 [pool-1-thread-1] DEBUG com.mnc.udp.UDPServer - UDP-Server: Message-41-81
21:20:57.087 [pool-1-thread-5] DEBUG com.mnc.udp.UDPServer - UDP-Server: Message-88-85
21:20:57.087 [pool-1-thread-5] DEBUG com.mnc.udp.UDPServer - UDP-Server: Message-88-85 -> Message-88-85 (/127.0.0.1:49513)
21:20:57.087 [pool-1-thread-1] DEBUG com.mnc.udp.UDPServer - UDP-Server: Message-41-81 -> Message-41-81 (/127.0.0.1:49466)
21:20:57.087 [pool-1-thread-3] DEBUG com.mnc.udp.UDPServer - UDP-Server: Message-12-39
21:20:57.087 [pool-1-thread-5] DEBUG com.mnc.udp.UDPServer - UDP-Server: Message-85-42
21:20:57.087 [pool-1-thread-5] DEBUG com.mnc.udp.UDPServer - UDP-Server: Message-85-42 -> Message-85-42 (/127.0.0.1:49510)
21:20:57.087 [pool-1-thread-4] DEBUG com.mnc.udp.UDPServer - UDP-Server: Message-27-39
21:20:57.087 [pool-1-thread-4] DEBUG com.mnc.udp.UDPServer - UDP-Server: Message-27-39 -> Message-27-39 (/127.0.0.1:49452)
21:20:57.087 [pool-1-thread-2] DEBUG com.mnc.udp.UDPServer - UDP-Server: Message-25-39
21:20:57.087 [pool-1-thread-2] DEBUG com.mnc.udp.UDPServer - UDP-Server: Message-25-39 -> Message-25-39 (/127.0.0.1:49450)
21:20:57.087 [pool-1-thread-3] DEBUG com.mnc.udp.UDPServer - UDP-Server: Message-12-39 -> Message-12-39 (/127.0.0.1:49437)
21:20:57.087 [pool-1-thread-1] DEBUG com.mnc.udp.UDPServer - UDP-Server: Message-90-38
21:20:57.087 [pool-1-thread-4] DEBUG com.mnc.udp.UDPServer - UDP-Server: Message-85-38
21:20:57.087 [pool-1-thread-4] DEBUG com.mnc.udp.UDPServer - UDP-Server: Message-85-38 -> Message-85-38 (/127.0.0.1:49510)
21:20:57.087 [pool-1-thread-1] DEBUG com.mnc.udp.UDPServer - UDP-Server: Message-90-38 -> Message-90-38 (/127.0.0.1:49515)
21:20:57.087 [pool-1-thread-5] DEBUG com.mnc.udp.UDPServer - UDP-Server: Message-88-86
21:20:57.087 [pool-1-thread-5] DEBUG com.mnc.udp.UDPServer - UDP-Server: Message-88-86 -> Message-88-86 (/127.0.0.1:49513)
21:20:57.087 [pool-1-thread-2] DEBUG com.mnc.udp.UDPServer - UDP-Server: Message-27-37
21:20:57.087 [pool-1-thread-2] DEBUG com.mnc.udp.UDPServer - UDP-Server: Message-27-37 -> Message-27-37 (/127.0.0.1:49452)
21:20:57.087 [pool-1-thread-4] DEBUG com.mnc.udp.UDPServer - UDP-Server: Message-12-37
21:20:57.087 [pool-1-thread-1] DEBUG com.mnc.udp.UDPServer - UDP-Server: Message-85-39
21:20:57.087 [pool-1-thread-3] DEBUG com.mnc.udp.UDPServer - UDP-Server: Message-41-85
21:20:57.087 [pool-1-thread-3] DEBUG com.mnc.udp.UDPServer - UDP-Server: Message-41-85 -> Message-41-85 (/127.0.0.1:49466)
21:20:57.087 [pool-1-thread-2] DEBUG com.mnc.udp.UDPServer - UDP-Server: Message-25-37
21:20:57.087 [pool-1-thread-4] DEBUG com.mnc.udp.UDPServer - UDP-Server: Message-12-37 -> Message-12-37 (/127.0.0.1:49437)
21:20:57.087 [pool-1-thread-5] DEBUG com.mnc.udp.UDPServer - UDP-Server: Message-90-39
21:20:57.088 [pool-1-thread-2] DEBUG com.mnc.udp.UDPServer - UDP-Server: Message-25-37 -> Message-25-37 (/127.0.0.1:49450)
21:20:57.088 [pool-1-thread-4] DEBUG com.mnc.udp.UDPServer - UDP-Server: Message-27-15
21:20:57.088 [pool-1-thread-5] DEBUG com.mnc.udp.UDPServer - UDP-Server: Message-90-39 -> Message-90-39 (/127.0.0.1:49515)
21:20:57.087 [pool-1-thread-1] DEBUG com.mnc.udp.UDPServer - UDP-Server: Message-85-39 -> Message-85-39 (/127.0.0.1:49510)
21:20:57.088 [pool-1-thread-5] DEBUG com.mnc.udp.UDPServer - UDP-Server: Message-12-15
21:20:57.088 [pool-1-thread-5] DEBUG com.mnc.udp.UDPServer - UDP-Server: Message-12-15 -> Message-12-15 (/127.0.0.1:49437)
21:20:57.088 [pool-1-thread-1] DEBUG com.mnc.udp.UDPServer - UDP-Server: Message-25-15
21:20:57.088 [pool-1-thread-5] DEBUG com.mnc.udp.UDPServer - UDP-Server: Message-90-37
21:20:57.088 [pool-1-thread-3] DEBUG com.mnc.udp.UDPServer - UDP-Server: Message-88-84
21:20:57.088 [pool-1-thread-3] DEBUG com.mnc.udp.UDPServer - UDP-Server: Message-88-84 -> Message-88-84 (/127.0.0.1:49513)
21:20:57.088 [pool-1-thread-2] DEBUG com.mnc.udp.UDPServer - UDP-Server: Message-41-86
21:20:57.088 [pool-1-thread-2] DEBUG com.mnc.udp.UDPServer - UDP-Server: Message-41-86 -> Message-41-86 (/127.0.0.1:49466)
21:20:57.088 [pool-1-thread-1] DEBUG com.mnc.udp.UDPServer - UDP-Server: Message-25-15 -> Message-25-15 (/127.0.0.1:49450)
21:20:57.088 [pool-1-thread-3] DEBUG com.mnc.udp.UDPServer - UDP-Server: Message-12-16
21:20:57.088 [pool-1-thread-3] DEBUG com.mnc.udp.UDPServer - UDP-Server: Message-12-16 -> Message-12-16 (/127.0.0.1:49437)
21:20:57.088 [pool-1-thread-5] DEBUG com.mnc.udp.UDPServer - UDP-Server: Message-90-37 -> Message-90-37 (/127.0.0.1:49515)
21:20:57.088 [pool-1-thread-1] DEBUG com.mnc.udp.UDPServer - UDP-Server: Message-88-78
21:20:57.088 [pool-1-thread-4] DEBUG com.mnc.udp.UDPServer - UDP-Server: Message-27-15 -> Message-27-15 (/127.0.0.1:49452)
21:20:57.088 [pool-1-thread-1] DEBUG com.mnc.udp.UDPServer - UDP-Server: Message-88-78 -> Message-88-78 (/127.0.0.1:49513)
21:20:57.088 [pool-1-thread-2] DEBUG com.mnc.udp.UDPServer - UDP-Server: Message-85-37
21:20:57.088 [pool-1-thread-5] DEBUG com.mnc.udp.UDPServer - UDP-Server: Message-41-84
21:20:57.088 [pool-1-thread-2] DEBUG com.mnc.udp.UDPServer - UDP-Server: Message-85-37 -> Message-85-37 (/127.0.0.1:49510)
21:20:57.088 [pool-1-thread-3] DEBUG com.mnc.udp.UDPServer - UDP-Server: Message-25-16
21:20:57.088 [pool-1-thread-2] DEBUG com.mnc.udp.UDPServer - UDP-Server: Message-90-15
21:20:57.088 [pool-1-thread-3] DEBUG com.mnc.udp.UDPServer - UDP-Server: Message-25-16 -> Message-25-16 (/127.0.0.1:49450)
21:20:57.088 [pool-1-thread-5] DEBUG com.mnc.udp.UDPServer - UDP-Server: Message-41-84 -> Message-41-84 (/127.0.0.1:49466)
21:20:57.088 [pool-1-thread-1] DEBUG com.mnc.udp.UDPServer - UDP-Server: Message-27-16
21:20:57.088 [pool-1-thread-3] DEBUG com.mnc.udp.UDPServer - UDP-Server: Message-88-69
21:20:57.088 [pool-1-thread-1] DEBUG com.mnc.udp.UDPServer - UDP-Server: Message-27-16 -> Message-27-16 (/127.0.0.1:49452)
21:20:57.088 [pool-1-thread-2] DEBUG com.mnc.udp.UDPServer - UDP-Server: Message-90-15 -> Message-90-15 (/127.0.0.1:49515)
21:20:57.088 [pool-1-thread-3] DEBUG com.mnc.udp.UDPServer - UDP-Server: Message-88-69 -> Message-88-69 (/127.0.0.1:49513)
21:20:57.088 [pool-1-thread-4] DEBUG com.mnc.udp.UDPServer - UDP-Server: Message-12-17
21:20:57.088 [pool-1-thread-5] DEBUG com.mnc.udp.UDPServer - UDP-Server: Message-85-15
21:20:57.088 [pool-1-thread-4] DEBUG com.mnc.udp.UDPServer - UDP-Server: Message-12-17 -> Message-12-17 (/127.0.0.1:49437)
21:20:57.088 [pool-1-thread-5] DEBUG com.mnc.udp.UDPServer - UDP-Server: Message-85-15 -> Message-85-15 (/127.0.0.1:49510)
21:20:57.088 [pool-1-thread-3] DEBUG com.mnc.udp.UDPServer - UDP-Server: Message-41-78
21:20:57.088 [pool-1-thread-2] DEBUG com.mnc.udp.UDPServer - UDP-Server: Message-25-17
21:20:57.088 [pool-1-thread-3] DEBUG com.mnc.udp.UDPServer - UDP-Server: Message-41-78 -> Message-41-78 (/127.0.0.1:49466)
21:20:57.088 [pool-1-thread-1] DEBUG com.mnc.udp.UDPServer - UDP-Server: Message-27-17
21:20:57.088 [pool-1-thread-5] DEBUG com.mnc.udp.UDPServer - UDP-Server: Message-90-16
21:20:57.088 [pool-1-thread-2] DEBUG com.mnc.udp.UDPServer - UDP-Server: Message-25-17 -> Message-25-17 (/127.0.0.1:49450)
21:20:57.088 [pool-1-thread-5] DEBUG com.mnc.udp.UDPServer - UDP-Server: Message-90-16 -> Message-90-16 (/127.0.0.1:49515)
21:20:57.088 [pool-1-thread-4] DEBUG com.mnc.udp.UDPServer - UDP-Server: Message-88-70
21:20:57.088 [pool-1-thread-4] DEBUG com.mnc.udp.UDPServer - UDP-Server: Message-88-70 -> Message-88-70 (/127.0.0.1:49513)
21:20:57.088 [pool-1-thread-1] DEBUG com.mnc.udp.UDPServer - UDP-Server: Message-27-17 -> Message-27-17 (/127.0.0.1:49452)
21:20:57.088 [pool-1-thread-5] DEBUG com.mnc.udp.UDPServer - UDP-Server: Message-41-79
21:20:57.088 [pool-1-thread-1] DEBUG com.mnc.udp.UDPServer - UDP-Server: Message-25-13
21:20:57.088 [pool-1-thread-3] DEBUG com.mnc.udp.UDPServer - UDP-Server: Message-12-13
21:20:57.088 [pool-1-thread-1] DEBUG com.mnc.udp.UDPServer - UDP-Server: Message-25-13 -> Message-25-13 (/127.0.0.1:49450)
21:20:57.088 [pool-1-thread-3] DEBUG com.mnc.udp.UDPServer - UDP-Server: Message-12-13 -> Message-12-13 (/127.0.0.1:49437)
21:20:57.088 [pool-1-thread-2] DEBUG com.mnc.udp.UDPServer - UDP-Server: Message-85-96
21:20:57.088 [pool-1-thread-5] DEBUG com.mnc.udp.UDPServer - UDP-Server: Message-41-79 -> Message-41-79 (/127.0.0.1:49466)
21:20:57.088 [pool-1-thread-3] DEBUG com.mnc.udp.UDPServer - UDP-Server: Message-90-17
21:20:57.088 [pool-1-thread-3] DEBUG com.mnc.udp.UDPServer - UDP-Server: Message-90-17 -> Message-90-17 (/127.0.0.1:49515)
21:20:57.088 [pool-1-thread-2] DEBUG com.mnc.udp.UDPServer - UDP-Server: Message-85-96 -> Message-85-96 (/127.0.0.1:49510)
21:20:57.088 [pool-1-thread-1] DEBUG com.mnc.udp.UDPServer - UDP-Server: Message-88-68
21:20:57.088 [pool-1-thread-1] DEBUG com.mnc.udp.UDPServer - UDP-Server: Message-88-68 -> Message-88-68 (/127.0.0.1:49513)
21:20:57.089 [pool-1-thread-1] DEBUG com.mnc.udp.UDPServer - UDP-Server: Message-25-14
21:20:57.089 [pool-1-thread-1] DEBUG com.mnc.udp.UDPServer - UDP-Server: Message-25-14 -> Message-25-14 (/127.0.0.1:49450)
21:20:57.089 [pool-1-thread-3] DEBUG com.mnc.udp.UDPServer - UDP-Server: Message-90-13
21:20:57.089 [pool-1-thread-1] DEBUG com.mnc.udp.UDPServer - UDP-Server: Message-85-97
21:20:57.089 [pool-1-thread-1] DEBUG com.mnc.udp.UDPServer - UDP-Server: Message-85-97 -> Message-85-97 (/127.0.0.1:49510)
21:20:57.089 [pool-1-thread-2] DEBUG com.mnc.udp.UDPServer - UDP-Server: Message-41-80
21:20:57.089 [pool-1-thread-1] DEBUG com.mnc.udp.UDPServer - UDP-Server: Message-88-66
21:20:57.089 [pool-1-thread-1] DEBUG com.mnc.udp.UDPServer - UDP-Server: Message-88-66 -> Message-88-66 (/127.0.0.1:49513)
21:20:57.089 [pool-1-thread-4] DEBUG com.mnc.udp.UDPServer - UDP-Server: Message-27-13
21:20:57.089 [pool-1-thread-1] DEBUG com.mnc.udp.UDPServer - UDP-Server: Message-25-12
21:20:57.089 [pool-1-thread-5] DEBUG com.mnc.udp.UDPServer - UDP-Server: Message-12-14
21:20:57.089 [pool-1-thread-1] DEBUG com.mnc.udp.UDPServer - UDP-Server: Message-25-12 -> Message-25-12 (/127.0.0.1:49450)
21:20:57.089 [pool-1-thread-3] DEBUG com.mnc.udp.UDPServer - UDP-Server: Message-90-13 -> Message-90-13 (/127.0.0.1:49515)
21:20:57.089 [pool-1-thread-2] DEBUG com.mnc.udp.UDPServer - UDP-Server: Message-41-80 -> Message-41-80 (/127.0.0.1:49466)
21:20:57.089 [pool-1-thread-1] DEBUG com.mnc.udp.UDPServer - UDP-Server: Message-85-16
21:20:57.089 [pool-1-thread-5] DEBUG com.mnc.udp.UDPServer - UDP-Server: Message-12-14 -> Message-12-14 (/127.0.0.1:49437)
21:20:57.089 [pool-1-thread-3] DEBUG com.mnc.udp.UDPServer - UDP-Server: Message-88-67
21:20:57.089 [pool-1-thread-3] DEBUG com.mnc.udp.UDPServer - UDP-Server: Message-88-67 -> Message-88-67 (/127.0.0.1:49513)
21:20:57.089 [pool-1-thread-3] DEBUG com.mnc.udp.UDPServer - UDP-Server: Message-25-21
21:20:57.089 [pool-1-thread-5] DEBUG com.mnc.udp.UDPServer - UDP-Server: Message-90-14
21:20:57.089 [pool-1-thread-5] DEBUG com.mnc.udp.UDPServer - UDP-Server: Message-90-14 -> Message-90-14 (/127.0.0.1:49515)
21:20:57.089 [pool-1-thread-2] DEBUG com.mnc.udp.UDPServer - UDP-Server: Message-12-12
21:20:57.089 [pool-1-thread-4] DEBUG com.mnc.udp.UDPServer - UDP-Server: Message-27-13 -> Message-27-13 (/127.0.0.1:49452)
21:20:57.089 [pool-1-thread-2] DEBUG com.mnc.udp.UDPServer - UDP-Server: Message-12-12 -> Message-12-12 (/127.0.0.1:49437)
21:20:57.089 [pool-1-thread-4] DEBUG com.mnc.udp.UDPServer - UDP-Server: Message-41-76
21:20:57.089 [pool-1-thread-4] DEBUG com.mnc.udp.UDPServer - UDP-Server: Message-41-76 -> Message-41-76 (/127.0.0.1:49466)
21:20:57.089 [pool-1-thread-5] DEBUG com.mnc.udp.UDPServer - UDP-Server: Message-42-32
21:20:57.089 [pool-1-thread-5] DEBUG com.mnc.udp.UDPServer - UDP-Server: Message-42-32 -> Message-42-32 (/127.0.0.1:49467)
21:20:57.089 [pool-1-thread-1] DEBUG com.mnc.udp.UDPServer - UDP-Server: Message-85-16 -> Message-85-16 (/127.0.0.1:49510)
21:20:57.089 [pool-1-thread-4] DEBUG com.mnc.udp.UDPServer - UDP-Server: Message-90-12
21:20:57.089 [pool-1-thread-4] DEBUG com.mnc.udp.UDPServer - UDP-Server: Message-90-12 -> Message-90-12 (/127.0.0.1:49515)
21:20:57.089 [pool-1-thread-3] DEBUG com.mnc.udp.UDPServer - UDP-Server: Message-25-21 -> Message-25-21 (/127.0.0.1:49450)
21:20:57.089 [pool-1-thread-5] DEBUG com.mnc.udp.UDPServer - UDP-Server: Message-88-79
21:20:57.089 [pool-1-thread-5] DEBUG com.mnc.udp.UDPServer - UDP-Server: Message-88-79 -> Message-88-79 (/127.0.0.1:49513)
21:20:57.089 [pool-1-thread-1] DEBUG com.mnc.udp.UDPServer - UDP-Server: Message-27-14
21:20:57.089 [pool-1-thread-5] DEBUG com.mnc.udp.UDPServer - UDP-Server: Message-42-33
21:20:57.089 [pool-1-thread-3] DEBUG com.mnc.udp.UDPServer - UDP-Server: Message-85-17
21:20:57.089 [pool-1-thread-3] DEBUG com.mnc.udp.UDPServer - UDP-Server: Message-85-17 -> Message-85-17 (/127.0.0.1:49510)
21:20:57.089 [pool-1-thread-4] DEBUG com.mnc.udp.UDPServer - UDP-Server: Message-12-21
21:20:57.089 [pool-1-thread-1] DEBUG com.mnc.udp.UDPServer - UDP-Server: Message-27-14 -> Message-27-14 (/127.0.0.1:49452)
21:20:57.089 [pool-1-thread-2] DEBUG com.mnc.udp.UDPServer - UDP-Server: Message-41-77
21:20:57.089 [pool-1-thread-2] DEBUG com.mnc.udp.UDPServer - UDP-Server: Message-41-77 -> Message-41-77 (/127.0.0.1:49466)
21:20:57.089 [pool-1-thread-5] DEBUG com.mnc.udp.UDPServer - UDP-Server: Message-42-33 -> Message-42-33 (/127.0.0.1:49467)
21:20:57.089 [pool-1-thread-1] DEBUG com.mnc.udp.UDPServer - UDP-Server: Message-90-21
21:20:57.089 [pool-1-thread-4] DEBUG com.mnc.udp.UDPServer - UDP-Server: Message-12-21 -> Message-12-21 (/127.0.0.1:49437)
21:20:57.089 [pool-1-thread-5] DEBUG com.mnc.udp.UDPServer - UDP-Server: Message-85-13
21:20:57.089 [pool-1-thread-3] DEBUG com.mnc.udp.UDPServer - UDP-Server: Message-25-22
21:20:57.089 [pool-1-thread-2] DEBUG com.mnc.udp.UDPServer - UDP-Server: Message-88-80
21:20:57.089 [pool-1-thread-1] DEBUG com.mnc.udp.UDPServer - UDP-Server: Message-90-21 -> Message-90-21 (/127.0.0.1:49515)
21:20:57.089 [pool-1-thread-5] DEBUG com.mnc.udp.UDPServer - UDP-Server: Message-85-13 -> Message-85-13 (/127.0.0.1:49510)
21:20:57.089 [pool-1-thread-3] DEBUG com.mnc.udp.UDPServer - UDP-Server: Message-25-22 -> Message-25-22 (/127.0.0.1:49450)
21:20:57.089 [pool-1-thread-4] DEBUG com.mnc.udp.UDPServer - UDP-Server: Message-27-12
21:20:57.089 [pool-1-thread-5] DEBUG com.mnc.udp.UDPServer - UDP-Server: Message-42-31
21:20:57.089 [pool-1-thread-3] DEBUG com.mnc.udp.UDPServer - UDP-Server: Message-12-22
21:20:57.089 [pool-1-thread-3] DEBUG com.mnc.udp.UDPServer - UDP-Server: Message-12-22 -> Message-12-22 (/127.0.0.1:49437)
21:20:57.089 [pool-1-thread-2] DEBUG com.mnc.udp.UDPServer - UDP-Server: Message-88-80 -> Message-88-80 (/127.0.0.1:49513)
21:20:57.089 [pool-1-thread-1] DEBUG com.mnc.udp.UDPServer - UDP-Server: Message-41-21
21:20:57.090 [pool-1-thread-5] DEBUG com.mnc.udp.UDPServer - UDP-Server: Message-42-31 -> Message-42-31 (/127.0.0.1:49467)
21:20:57.089 [pool-1-thread-4] DEBUG com.mnc.udp.UDPServer - UDP-Server: Message-27-12 -> Message-27-12 (/127.0.0.1:49452)
21:20:57.090 [pool-1-thread-1] DEBUG com.mnc.udp.UDPServer - UDP-Server: Message-41-21 -> Message-41-21 (/127.0.0.1:49466)
21:20:57.090 [pool-1-thread-3] DEBUG com.mnc.udp.UDPServer - UDP-Server: Message-90-22
21:20:57.090 [pool-1-thread-4] DEBUG com.mnc.udp.UDPServer - UDP-Server: Message-25-23
21:20:57.090 [pool-1-thread-4] DEBUG com.mnc.udp.UDPServer - UDP-Server: Message-25-23 -> Message-25-23 (/127.0.0.1:49450)
21:20:57.090 [pool-1-thread-2] DEBUG com.mnc.udp.UDPServer - UDP-Server: Message-85-14
21:20:57.090 [pool-1-thread-4] DEBUG com.mnc.udp.UDPServer - UDP-Server: Message-12-23
21:20:57.090 [pool-1-thread-2] DEBUG com.mnc.udp.UDPServer - UDP-Server: Message-85-14 -> Message-85-14 (/127.0.0.1:49510)
21:20:57.090 [pool-1-thread-3] DEBUG com.mnc.udp.UDPServer - UDP-Server: Message-90-22 -> Message-90-22 (/127.0.0.1:49515)
21:20:57.090 [pool-1-thread-5] DEBUG com.mnc.udp.UDPServer - UDP-Server: Message-88-76
21:20:57.090 [pool-1-thread-3] DEBUG com.mnc.udp.UDPServer - UDP-Server: Message-41-22
21:20:57.090 [pool-1-thread-5] DEBUG com.mnc.udp.UDPServer - UDP-Server: Message-88-76 -> Message-88-76 (/127.0.0.1:49513)
21:20:57.090 [pool-1-thread-4] DEBUG com.mnc.udp.UDPServer - UDP-Server: Message-12-23 -> Message-12-23 (/127.0.0.1:49437)
21:20:57.090 [pool-1-thread-2] DEBUG com.mnc.udp.UDPServer - UDP-Server: Message-42-35
21:20:57.090 [pool-1-thread-4] DEBUG com.mnc.udp.UDPServer - UDP-Server: Message-85-12
21:20:57.090 [pool-1-thread-4] DEBUG com.mnc.udp.UDPServer - UDP-Server: Message-85-12 -> Message-85-12 (/127.0.0.1:49510)
21:20:57.090 [pool-1-thread-2] DEBUG com.mnc.udp.UDPServer - UDP-Server: Message-42-35 -> Message-42-35 (/127.0.0.1:49467)
21:20:57.090 [pool-1-thread-3] DEBUG com.mnc.udp.UDPServer - UDP-Server: Message-41-22 -> Message-41-22 (/127.0.0.1:49466)
21:20:57.090 [pool-1-thread-4] DEBUG com.mnc.udp.UDPServer - UDP-Server: Message-88-77
21:20:57.090 [pool-1-thread-3] DEBUG com.mnc.udp.UDPServer - UDP-Server: Message-12-24
21:20:57.090 [pool-1-thread-4] DEBUG com.mnc.udp.UDPServer - UDP-Server: Message-88-77 -> Message-88-77 (/127.0.0.1:49513)
21:20:57.090 [pool-1-thread-5] DEBUG com.mnc.udp.UDPServer - UDP-Server: Message-27-21
21:20:57.090 [pool-1-thread-1] DEBUG com.mnc.udp.UDPServer - UDP-Server: Message-25-24
21:20:57.090 [pool-1-thread-4] DEBUG com.mnc.udp.UDPServer - UDP-Server: Message-85-98
21:20:57.090 [pool-1-thread-2] DEBUG com.mnc.udp.UDPServer - UDP-Server: Message-90-23
21:20:57.090 [pool-1-thread-3] DEBUG com.mnc.udp.UDPServer - UDP-Server: Message-12-24 -> Message-12-24 (/127.0.0.1:49437)
21:20:57.090 [pool-1-thread-5] DEBUG com.mnc.udp.UDPServer - UDP-Server: Message-27-21 -> Message-27-21 (/127.0.0.1:49452)
21:20:57.090 [pool-1-thread-1] DEBUG com.mnc.udp.UDPServer - UDP-Server: Message-25-24 -> Message-25-24 (/127.0.0.1:49450)
21:20:57.090 [pool-1-thread-4] DEBUG com.mnc.udp.UDPServer - UDP-Server: Message-85-98 -> Message-85-98 (/127.0.0.1:49510)
21:20:57.090 [pool-1-thread-2] DEBUG com.mnc.udp.UDPServer - UDP-Server: Message-90-23 -> Message-90-23 (/127.0.0.1:49515)
21:20:57.090 [pool-1-thread-4] DEBUG com.mnc.udp.UDPServer - UDP-Server: Message-88-75
21:20:57.090 [pool-1-thread-3] DEBUG com.mnc.udp.UDPServer - UDP-Server: Message-41-23
21:20:57.090 [pool-1-thread-3] DEBUG com.mnc.udp.UDPServer - UDP-Server: Message-41-23 -> Message-41-23 (/127.0.0.1:49466)
21:20:57.090 [pool-1-thread-2] DEBUG com.mnc.udp.UDPServer - UDP-Server: Message-27-22
21:20:57.090 [pool-1-thread-3] DEBUG com.mnc.udp.UDPServer - UDP-Server: Message-85-99
21:20:57.090 [pool-1-thread-3] DEBUG com.mnc.udp.UDPServer - UDP-Server: Message-85-99 -> Message-85-99 (/127.0.0.1:49510)
21:20:57.090 [pool-1-thread-5] DEBUG com.mnc.udp.UDPServer - UDP-Server: Message-42-36
21:20:57.090 [pool-1-thread-3] DEBUG com.mnc.udp.UDPServer - UDP-Server: Message-25-19
21:20:57.090 [pool-1-thread-4] DEBUG com.mnc.udp.UDPServer - UDP-Server: Message-88-75 -> Message-88-75 (/127.0.0.1:49513)
21:20:57.090 [pool-1-thread-3] DEBUG com.mnc.udp.UDPServer - UDP-Server: Message-25-19 -> Message-25-19 (/127.0.0.1:49450)
21:20:57.090 [pool-1-thread-1] DEBUG com.mnc.udp.UDPServer - UDP-Server: Message-12-19
21:20:57.090 [pool-1-thread-2] DEBUG com.mnc.udp.UDPServer - UDP-Server: Message-27-22 -> Message-27-22 (/127.0.0.1:49452)
21:20:57.090 [pool-1-thread-5] DEBUG com.mnc.udp.UDPServer - UDP-Server: Message-42-36 -> Message-42-36 (/127.0.0.1:49467)
21:20:57.090 [pool-1-thread-1] DEBUG com.mnc.udp.UDPServer - UDP-Server: Message-12-19 -> Message-12-19 (/127.0.0.1:49437)
21:20:57.090 [pool-1-thread-3] DEBUG com.mnc.udp.UDPServer - UDP-Server: Message-90-24
21:20:57.090 [pool-1-thread-5] DEBUG com.mnc.udp.UDPServer - UDP-Server: Message-25-20
21:20:57.090 [pool-1-thread-1] DEBUG com.mnc.udp.UDPServer - UDP-Server: Message-88-63
21:20:57.090 [pool-1-thread-5] DEBUG com.mnc.udp.UDPServer - UDP-Server: Message-25-20 -> Message-25-20 (/127.0.0.1:49450)
21:20:57.090 [pool-1-thread-1] DEBUG com.mnc.udp.UDPServer - UDP-Server: Message-88-63 -> Message-88-63 (/127.0.0.1:49513)
21:20:57.090 [pool-1-thread-4] DEBUG com.mnc.udp.UDPServer - UDP-Server: Message-41-24
21:20:57.090 [pool-1-thread-2] DEBUG com.mnc.udp.UDPServer - UDP-Server: Message-85-94
21:20:57.090 [pool-1-thread-3] DEBUG com.mnc.udp.UDPServer - UDP-Server: Message-90-24 -> Message-90-24 (/127.0.0.1:49515)
21:20:57.090 [pool-1-thread-5] DEBUG com.mnc.udp.UDPServer - UDP-Server: Message-27-23
21:20:57.091 [pool-1-thread-1] DEBUG com.mnc.udp.UDPServer - UDP-Server: Message-42-34
21:20:57.091 [pool-1-thread-2] DEBUG com.mnc.udp.UDPServer - UDP-Server: Message-85-94 -> Message-85-94 (/127.0.0.1:49510)
21:20:57.091 [pool-1-thread-5] DEBUG com.mnc.udp.UDPServer - UDP-Server: Message-27-23 -> Message-27-23 (/127.0.0.1:49452)
21:20:57.091 [pool-1-thread-1] DEBUG com.mnc.udp.UDPServer - UDP-Server: Message-42-34 -> Message-42-34 (/127.0.0.1:49467)
21:20:57.091 [pool-1-thread-4] DEBUG com.mnc.udp.UDPServer - UDP-Server: Message-41-24 -> Message-41-24 (/127.0.0.1:49466)
21:20:57.091 [pool-1-thread-3] DEBUG com.mnc.udp.UDPServer - UDP-Server: Message-12-20
21:20:57.091 [pool-1-thread-2] DEBUG com.mnc.udp.UDPServer - UDP-Server: Message-25-18
21:20:57.091 [pool-1-thread-5] DEBUG com.mnc.udp.UDPServer - UDP-Server: Message-88-64
21:20:57.091 [pool-1-thread-5] DEBUG com.mnc.udp.UDPServer - UDP-Server: Message-88-64 -> Message-88-64 (/127.0.0.1:49513)
21:20:57.091 [pool-1-thread-1] DEBUG com.mnc.udp.UDPServer - UDP-Server: Message-90-19
21:20:57.091 [pool-1-thread-3] DEBUG com.mnc.udp.UDPServer - UDP-Server: Message-12-20 -> Message-12-20 (/127.0.0.1:49437)
21:20:57.091 [pool-1-thread-1] DEBUG com.mnc.udp.UDPServer - UDP-Server: Message-90-19 -> Message-90-19 (/127.0.0.1:49515)
21:20:57.091 [pool-1-thread-4] DEBUG com.mnc.udp.UDPServer - UDP-Server: Message-85-95
21:20:57.091 [pool-1-thread-2] DEBUG com.mnc.udp.UDPServer - UDP-Server: Message-25-18 -> Message-25-18 (/127.0.0.1:49450)
21:20:57.091 [pool-1-thread-4] DEBUG com.mnc.udp.UDPServer - UDP-Server: Message-85-95 -> Message-85-95 (/127.0.0.1:49510)
21:20:57.091 [pool-1-thread-2] DEBUG com.mnc.udp.UDPServer - UDP-Server: Message-88-62
21:20:57.091 [pool-1-thread-2] DEBUG com.mnc.udp.UDPServer - UDP-Server: Message-88-62 -> Message-88-62 (/127.0.0.1:49513)
21:20:57.091 [pool-1-thread-5] DEBUG com.mnc.udp.UDPServer - UDP-Server: Message-27-24
21:20:57.091 [pool-1-thread-3] DEBUG com.mnc.udp.UDPServer - UDP-Server: Message-41-19
21:20:57.091 [pool-1-thread-1] DEBUG com.mnc.udp.UDPServer - UDP-Server: Message-42-90
21:20:57.091 [pool-1-thread-1] DEBUG com.mnc.udp.UDPServer - UDP-Server: Message-42-90 -> Message-42-90 (/127.0.0.1:49467)
21:20:57.091 [pool-1-thread-4] DEBUG com.mnc.udp.UDPServer - UDP-Server: Message-90-20
21:20:57.091 [pool-1-thread-1] DEBUG com.mnc.udp.UDPServer - UDP-Server: Message-12-18
21:20:57.091 [pool-1-thread-5] DEBUG com.mnc.udp.UDPServer - UDP-Server: Message-27-24 -> Message-27-24 (/127.0.0.1:49452)
21:20:57.091 [pool-1-thread-3] DEBUG com.mnc.udp.UDPServer - UDP-Server: Message-41-19 -> Message-41-19 (/127.0.0.1:49466)
21:20:57.091 [pool-1-thread-1] DEBUG com.mnc.udp.UDPServer - UDP-Server: Message-12-18 -> Message-12-18 (/127.0.0.1:49437)
21:20:57.091 [pool-1-thread-2] DEBUG com.mnc.udp.UDPServer - UDP-Server: Message-25-7
21:20:57.091 [pool-1-thread-5] DEBUG com.mnc.udp.UDPServer - UDP-Server: Message-85-93
21:20:57.091 [pool-1-thread-4] DEBUG com.mnc.udp.UDPServer - UDP-Server: Message-90-20 -> Message-90-20 (/127.0.0.1:49515)
21:20:57.091 [pool-1-thread-5] DEBUG com.mnc.udp.UDPServer - UDP-Server: Message-85-93 -> Message-85-93 (/127.0.0.1:49510)
21:20:57.091 [pool-1-thread-4] DEBUG com.mnc.udp.UDPServer - UDP-Server: Message-41-20
21:20:57.091 [pool-1-thread-2] DEBUG com.mnc.udp.UDPServer - UDP-Server: Message-25-7 -> Message-25-7 (/127.0.0.1:49450)
21:20:57.091 [pool-1-thread-4] DEBUG com.mnc.udp.UDPServer - UDP-Server: Message-41-20 -> Message-41-20 (/127.0.0.1:49466)
21:20:57.091 [pool-1-thread-1] DEBUG com.mnc.udp.UDPServer - UDP-Server: Message-42-57
21:20:57.091 [pool-1-thread-3] DEBUG com.mnc.udp.UDPServer - UDP-Server: Message-12-7
21:20:57.091 [pool-1-thread-5] DEBUG com.mnc.udp.UDPServer - UDP-Server: Message-27-19
21:20:57.091 [pool-1-thread-4] DEBUG com.mnc.udp.UDPServer - UDP-Server: Message-85-21
21:20:57.091 [pool-1-thread-1] DEBUG com.mnc.udp.UDPServer - UDP-Server: Message-42-57 -> Message-42-57 (/127.0.0.1:49467)
21:20:57.091 [pool-1-thread-3] DEBUG com.mnc.udp.UDPServer - UDP-Server: Message-12-7 -> Message-12-7 (/127.0.0.1:49437)
21:20:57.091 [pool-1-thread-1] DEBUG com.mnc.udp.UDPServer - UDP-Server: Message-25-8
21:20:57.091 [pool-1-thread-1] DEBUG com.mnc.udp.UDPServer - UDP-Server: Message-25-8 -> Message-25-8 (/127.0.0.1:49450)
21:20:57.091 [pool-1-thread-3] DEBUG com.mnc.udp.UDPServer - UDP-Server: Message-41-18
21:20:57.091 [pool-1-thread-2] DEBUG com.mnc.udp.UDPServer - UDP-Server: Message-90-18
21:20:57.091 [pool-1-thread-3] DEBUG com.mnc.udp.UDPServer - UDP-Server: Message-41-18 -> Message-41-18 (/127.0.0.1:49466)
21:20:57.091 [pool-1-thread-5] DEBUG com.mnc.udp.UDPServer - UDP-Server: Message-27-19 -> Message-27-19 (/127.0.0.1:49452)
21:20:57.091 [pool-1-thread-3] DEBUG com.mnc.udp.UDPServer - UDP-Server: Message-12-8
21:20:57.091 [pool-1-thread-4] DEBUG com.mnc.udp.UDPServer - UDP-Server: Message-85-21 -> Message-85-21 (/127.0.0.1:49510)
21:20:57.091 [pool-1-thread-2] DEBUG com.mnc.udp.UDPServer - UDP-Server: Message-90-18 -> Message-90-18 (/127.0.0.1:49515)
21:20:57.091 [pool-1-thread-5] DEBUG com.mnc.udp.UDPServer - UDP-Server: Message-25-6
21:20:57.091 [pool-1-thread-5] DEBUG com.mnc.udp.UDPServer - UDP-Server: Message-25-6 -> Message-25-6 (/127.0.0.1:49450)
21:20:57.091 [pool-1-thread-1] DEBUG com.mnc.udp.UDPServer - UDP-Server: Message-42-58
21:20:57.091 [pool-1-thread-3] DEBUG com.mnc.udp.UDPServer - UDP-Server: Message-12-8 -> Message-12-8 (/127.0.0.1:49437)
21:20:57.091 [pool-1-thread-1] DEBUG com.mnc.udp.UDPServer - UDP-Server: Message-42-58 -> Message-42-58 (/127.0.0.1:49467)
21:20:57.091 [pool-1-thread-5] DEBUG com.mnc.udp.UDPServer - UDP-Server: Message-41-7
21:20:57.092 [pool-1-thread-5] DEBUG com.mnc.udp.UDPServer - UDP-Server: Message-41-7 -> Message-41-7 (/127.0.0.1:49466)
21:20:57.092 [pool-1-thread-2] DEBUG com.mnc.udp.UDPServer - UDP-Server: Message-27-20
21:20:57.092 [pool-1-thread-5] DEBUG com.mnc.udp.UDPServer - UDP-Server: Message-12-6
21:20:57.092 [pool-1-thread-1] DEBUG com.mnc.udp.UDPServer - UDP-Server: Message-90-7
21:20:57.092 [pool-1-thread-2] DEBUG com.mnc.udp.UDPServer - UDP-Server: Message-27-20 -> Message-27-20 (/127.0.0.1:49452)
21:20:57.092 [pool-1-thread-3] DEBUG com.mnc.udp.UDPServer - UDP-Server: Message-25-10
21:20:57.092 [pool-1-thread-4] DEBUG com.mnc.udp.UDPServer - UDP-Server: Message-85-22
21:20:57.092 [pool-1-thread-5] DEBUG com.mnc.udp.UDPServer - UDP-Server: Message-12-6 -> Message-12-6 (/127.0.0.1:49437)
21:20:57.092 [pool-1-thread-1] DEBUG com.mnc.udp.UDPServer - UDP-Server: Message-90-7 -> Message-90-7 (/127.0.0.1:49515)
21:20:57.092 [pool-1-thread-2] DEBUG com.mnc.udp.UDPServer - UDP-Server: Message-42-28
21:20:57.092 [pool-1-thread-3] DEBUG com.mnc.udp.UDPServer - UDP-Server: Message-25-10 -> Message-25-10 (/127.0.0.1:49450)
21:20:57.092 [pool-1-thread-2] DEBUG com.mnc.udp.UDPServer - UDP-Server: Message-42-28 -> Message-42-28 (/127.0.0.1:49467)
21:20:57.092 [pool-1-thread-4] DEBUG com.mnc.udp.UDPServer - UDP-Server: Message-85-22 -> Message-85-22 (/127.0.0.1:49510)
21:20:57.092 [pool-1-thread-5] DEBUG com.mnc.udp.UDPServer - UDP-Server: Message-41-8
21:20:57.092 [pool-1-thread-1] DEBUG com.mnc.udp.UDPServer - UDP-Server: Message-27-18
21:20:57.092 [pool-1-thread-2] DEBUG com.mnc.udp.UDPServer - UDP-Server: Message-12-10
21:20:57.092 [pool-1-thread-3] DEBUG com.mnc.udp.UDPServer - UDP-Server: Message-90-8
21:20:57.092 [pool-1-thread-5] DEBUG com.mnc.udp.UDPServer - UDP-Server: Message-41-8 -> Message-41-8 (/127.0.0.1:49466)
21:20:57.092 [pool-1-thread-1] DEBUG com.mnc.udp.UDPServer - UDP-Server: Message-27-18 -> Message-27-18 (/127.0.0.1:49452)
21:20:57.092 [pool-1-thread-3] DEBUG com.mnc.udp.UDPServer - UDP-Server: Message-90-8 -> Message-90-8 (/127.0.0.1:49515)
21:20:57.092 [pool-1-thread-4] DEBUG com.mnc.udp.UDPServer - UDP-Server: Message-25-11
21:20:57.092 [pool-1-thread-2] DEBUG com.mnc.udp.UDPServer - UDP-Server: Message-12-10 -> Message-12-10 (/127.0.0.1:49437)
21:20:57.092 [pool-1-thread-1] DEBUG com.mnc.udp.UDPServer - UDP-Server: Message-42-29
21:20:57.092 [pool-1-thread-1] DEBUG com.mnc.udp.UDPServer - UDP-Server: Message-42-29 -> Message-42-29 (/127.0.0.1:49467)
21:20:57.092 [pool-1-thread-4] DEBUG com.mnc.udp.UDPServer - UDP-Server: Message-25-11 -> Message-25-11 (/127.0.0.1:49450)
21:20:57.092 [pool-1-thread-3] DEBUG com.mnc.udp.UDPServer - UDP-Server: Message-41-6
21:20:57.092 [pool-1-thread-5] DEBUG com.mnc.udp.UDPServer - UDP-Server: Message-27-7
21:20:57.092 [pool-1-thread-2] DEBUG com.mnc.udp.UDPServer - UDP-Server: Message-85-82
21:20:57.092 [pool-1-thread-3] DEBUG com.mnc.udp.UDPServer - UDP-Server: Message-41-6 -> Message-41-6 (/127.0.0.1:49466)
21:20:57.092 [pool-1-thread-4] DEBUG com.mnc.udp.UDPServer - UDP-Server: Message-90-6
21:20:57.092 [pool-1-thread-2] DEBUG com.mnc.udp.UDPServer - UDP-Server: Message-85-82 -> Message-85-82 (/127.0.0.1:49510)
21:20:57.092 [pool-1-thread-5] DEBUG com.mnc.udp.UDPServer - UDP-Server: Message-27-7 -> Message-27-7 (/127.0.0.1:49452)
21:20:57.092 [pool-1-thread-4] DEBUG com.mnc.udp.UDPServer - UDP-Server: Message-90-6 -> Message-90-6 (/127.0.0.1:49515)
21:20:57.092 [pool-1-thread-1] DEBUG com.mnc.udp.UDPServer - UDP-Server: Message-12-11
21:20:57.092 [pool-1-thread-3] DEBUG com.mnc.udp.UDPServer - UDP-Server: Message-42-30
21:20:57.092 [pool-1-thread-1] DEBUG com.mnc.udp.UDPServer - UDP-Server: Message-12-11 -> Message-12-11 (/127.0.0.1:49437)
21:20:57.092 [pool-1-thread-2] DEBUG com.mnc.udp.UDPServer - UDP-Server: Message-25-9
21:20:57.092 [pool-1-thread-3] DEBUG com.mnc.udp.UDPServer - UDP-Server: Message-42-30 -> Message-42-30 (/127.0.0.1:49467)
21:20:57.092 [pool-1-thread-2] DEBUG com.mnc.udp.UDPServer - UDP-Server: Message-25-9 -> Message-25-9 (/127.0.0.1:49450)
21:20:57.092 [pool-1-thread-3] DEBUG com.mnc.udp.UDPServer - UDP-Server: Message-41-75
21:20:57.092 [pool-1-thread-2] DEBUG com.mnc.udp.UDPServer - UDP-Server: Message-85-83
21:20:57.092 [pool-1-thread-5] DEBUG com.mnc.udp.UDPServer - UDP-Server: Message-90-10
21:20:57.092 [pool-1-thread-3] DEBUG com.mnc.udp.UDPServer - UDP-Server: Message-41-75 -> Message-41-75 (/127.0.0.1:49466)
21:20:57.092 [pool-1-thread-5] DEBUG com.mnc.udp.UDPServer - UDP-Server: Message-90-10 -> Message-90-10 (/127.0.0.1:49515)
21:20:57.092 [pool-1-thread-2] DEBUG com.mnc.udp.UDPServer - UDP-Server: Message-85-83 -> Message-85-83 (/127.0.0.1:49510)
21:20:57.092 [pool-1-thread-1] DEBUG com.mnc.udp.UDPServer - UDP-Server: Message-27-8
21:20:57.092 [pool-1-thread-5] DEBUG com.mnc.udp.UDPServer - UDP-Server: Message-12-9
21:20:57.092 [pool-1-thread-5] DEBUG com.mnc.udp.UDPServer - UDP-Server: Message-12-9 -> Message-12-9 (/127.0.0.1:49437)
21:20:57.092 [pool-1-thread-1] DEBUG com.mnc.udp.UDPServer - UDP-Server: Message-27-8 -> Message-27-8 (/127.0.0.1:49452)
21:20:57.092 [pool-1-thread-3] DEBUG com.mnc.udp.UDPServer - UDP-Server: Message-42-26
21:20:57.092 [pool-1-thread-4] DEBUG com.mnc.udp.UDPServer - UDP-Server: Message-25-3
21:20:57.092 [pool-1-thread-5] DEBUG com.mnc.udp.UDPServer - UDP-Server: Message-85-81
21:20:57.092 [pool-1-thread-4] DEBUG com.mnc.udp.UDPServer - UDP-Server: Message-25-3 -> Message-25-3 (/127.0.0.1:49450)
21:20:57.092 [pool-1-thread-5] DEBUG com.mnc.udp.UDPServer - UDP-Server: Message-85-81 -> Message-85-81 (/127.0.0.1:49510)
21:20:57.092 [pool-1-thread-3] DEBUG com.mnc.udp.UDPServer - UDP-Server: Message-42-26 -> Message-42-26 (/127.0.0.1:49467)
21:20:57.092 [pool-1-thread-4] DEBUG com.mnc.udp.UDPServer - UDP-Server: Message-12-3
21:20:57.092 [pool-1-thread-5] DEBUG com.mnc.udp.UDPServer - UDP-Server: Message-27-6
21:20:57.092 [pool-1-thread-2] DEBUG com.mnc.udp.UDPServer - UDP-Server: Message-90-11
21:20:57.092 [pool-1-thread-1] DEBUG com.mnc.udp.UDPServer - UDP-Server: Message-41-10
21:20:57.092 [pool-1-thread-2] DEBUG com.mnc.udp.UDPServer - UDP-Server: Message-90-11 -> Message-90-11 (/127.0.0.1:49515)
21:20:57.092 [pool-1-thread-4] DEBUG com.mnc.udp.UDPServer - UDP-Server: Message-12-3 -> Message-12-3 (/127.0.0.1:49437)
21:20:57.092 [pool-1-thread-1] DEBUG com.mnc.udp.UDPServer - UDP-Server: Message-41-10 -> Message-41-10 (/127.0.0.1:49466)
21:20:57.092 [pool-1-thread-5] DEBUG com.mnc.udp.UDPServer - UDP-Server: Message-27-6 -> Message-27-6 (/127.0.0.1:49452)
21:20:57.092 [pool-1-thread-4] DEBUG com.mnc.udp.UDPServer - UDP-Server: Message-85-85
21:20:57.092 [pool-1-thread-4] DEBUG com.mnc.udp.UDPServer - UDP-Server: Message-85-85 -> Message-85-85 (/127.0.0.1:49510)
21:20:57.092 [pool-1-thread-2] DEBUG com.mnc.udp.UDPServer - UDP-Server: Message-90-9
21:20:57.092 [pool-1-thread-3] DEBUG com.mnc.udp.UDPServer - UDP-Server: Message-25-4
21:20:57.092 [pool-1-thread-2] DEBUG com.mnc.udp.UDPServer - UDP-Server: Message-90-9 -> Message-90-9 (/127.0.0.1:49515)
21:20:57.092 [pool-1-thread-5] DEBUG com.mnc.udp.UDPServer - UDP-Server: Message-42-27
21:20:57.092 [pool-1-thread-4] DEBUG com.mnc.udp.UDPServer - UDP-Server: Message-12-4
21:20:57.092 [pool-1-thread-5] DEBUG com.mnc.udp.UDPServer - UDP-Server: Message-42-27 -> Message-42-27 (/127.0.0.1:49467)
21:20:57.092 [pool-1-thread-3] DEBUG com.mnc.udp.UDPServer - UDP-Server: Message-25-4 -> Message-25-4 (/127.0.0.1:49450)
21:20:57.092 [pool-1-thread-4] DEBUG com.mnc.udp.UDPServer - UDP-Server: Message-12-4 -> Message-12-4 (/127.0.0.1:49437)
21:20:57.092 [pool-1-thread-3] DEBUG com.mnc.udp.UDPServer - UDP-Server: Message-27-10
21:20:57.092 [pool-1-thread-3] DEBUG com.mnc.udp.UDPServer - UDP-Server: Message-27-10 -> Message-27-10 (/127.0.0.1:49452)
21:20:57.092 [pool-1-thread-4] DEBUG com.mnc.udp.UDPServer - UDP-Server: Message-90-3
21:20:57.092 [pool-1-thread-4] DEBUG com.mnc.udp.UDPServer - UDP-Server: Message-90-3 -> Message-90-3 (/127.0.0.1:49515)
21:20:57.092 [pool-1-thread-3] DEBUG com.mnc.udp.UDPServer - UDP-Server: Message-42-25
21:20:57.092 [pool-1-thread-1] DEBUG com.mnc.udp.UDPServer - UDP-Server: Message-41-11
21:20:57.092 [pool-1-thread-1] DEBUG com.mnc.udp.UDPServer - UDP-Server: Message-41-11 -> Message-41-11 (/127.0.0.1:49466)
21:20:57.092 [pool-1-thread-2] DEBUG com.mnc.udp.UDPServer - UDP-Server: Message-85-86
21:20:57.092 [pool-1-thread-5] DEBUG com.mnc.udp.UDPServer - UDP-Server: Message-25-5
21:20:57.092 [pool-1-thread-3] DEBUG com.mnc.udp.UDPServer - UDP-Server: Message-42-25 -> Message-42-25 (/127.0.0.1:49467)
21:20:57.093 [pool-1-thread-4] DEBUG com.mnc.udp.UDPServer - UDP-Server: Message-27-11
21:20:57.093 [pool-1-thread-5] DEBUG com.mnc.udp.UDPServer - UDP-Server: Message-25-5 -> Message-25-5 (/127.0.0.1:49450)
21:20:57.093 [pool-1-thread-4] DEBUG com.mnc.udp.UDPServer - UDP-Server: Message-27-11 -> Message-27-11 (/127.0.0.1:49452)
21:20:57.093 [pool-1-thread-2] DEBUG com.mnc.udp.UDPServer - UDP-Server: Message-85-86 -> Message-85-86 (/127.0.0.1:49510)
21:20:57.093 [pool-1-thread-1] DEBUG com.mnc.udp.UDPServer - UDP-Server: Message-12-5
21:20:57.093 [pool-1-thread-2] DEBUG com.mnc.udp.UDPServer - UDP-Server: Message-42-56
21:20:57.093 [pool-1-thread-3] DEBUG com.mnc.udp.UDPServer - UDP-Server: Message-90-4
21:20:57.093 [pool-1-thread-2] DEBUG com.mnc.udp.UDPServer - UDP-Server: Message-42-56 -> Message-42-56 (/127.0.0.1:49467)
21:20:57.093 [pool-1-thread-3] DEBUG com.mnc.udp.UDPServer - UDP-Server: Message-90-4 -> Message-90-4 (/127.0.0.1:49515)
21:20:57.093 [pool-1-thread-5] DEBUG com.mnc.udp.UDPServer - UDP-Server: Message-41-57
21:20:57.093 [pool-1-thread-1] DEBUG com.mnc.udp.UDPServer - UDP-Server: Message-12-5 -> Message-12-5 (/127.0.0.1:49437)
21:20:57.093 [pool-1-thread-5] DEBUG com.mnc.udp.UDPServer - UDP-Server: Message-41-57 -> Message-41-57 (/127.0.0.1:49466)
21:20:57.093 [pool-1-thread-4] DEBUG com.mnc.udp.UDPServer - UDP-Server: Message-27-9
21:20:57.093 [pool-1-thread-3] DEBUG com.mnc.udp.UDPServer - UDP-Server: Message-25-1
21:20:57.093 [pool-1-thread-3] DEBUG com.mnc.udp.UDPServer - UDP-Server: Message-25-1 -> Message-25-1 (/127.0.0.1:49450)
21:20:57.093 [pool-1-thread-1] DEBUG com.mnc.udp.UDPServer - UDP-Server: Message-42-60
21:20:57.093 [pool-1-thread-1] DEBUG com.mnc.udp.UDPServer - UDP-Server: Message-42-60 -> Message-42-60 (/127.0.0.1:49467)
21:20:57.093 [pool-1-thread-4] DEBUG com.mnc.udp.UDPServer - UDP-Server: Message-27-9 -> Message-27-9 (/127.0.0.1:49452)
21:20:57.093 [pool-1-thread-5] DEBUG com.mnc.udp.UDPServer - UDP-Server: Message-85-84
21:20:57.093 [pool-1-thread-2] DEBUG com.mnc.udp.UDPServer - UDP-Server: Message-90-5
21:20:57.093 [pool-1-thread-4] DEBUG com.mnc.udp.UDPServer - UDP-Server: Message-41-58
21:20:57.093 [pool-1-thread-3] DEBUG com.mnc.udp.UDPServer - UDP-Server: Message-12-1
21:20:57.093 [pool-1-thread-3] DEBUG com.mnc.udp.UDPServer - UDP-Server: Message-12-1 -> Message-12-1 (/127.0.0.1:49437)
21:20:57.093 [pool-1-thread-5] DEBUG com.mnc.udp.UDPServer - UDP-Server: Message-85-84 -> Message-85-84 (/127.0.0.1:49510)
21:20:57.093 [pool-1-thread-1] DEBUG com.mnc.udp.UDPServer - UDP-Server: Message-25-2
21:20:57.093 [pool-1-thread-4] DEBUG com.mnc.udp.UDPServer - UDP-Server: Message-41-58 -> Message-41-58 (/127.0.0.1:49466)
21:20:57.093 [pool-1-thread-3] DEBUG com.mnc.udp.UDPServer - UDP-Server: Message-42-61
21:20:57.093 [pool-1-thread-5] DEBUG com.mnc.udp.UDPServer - UDP-Server: Message-27-3
21:20:57.093 [pool-1-thread-1] DEBUG com.mnc.udp.UDPServer - UDP-Server: Message-25-2 -> Message-25-2 (/127.0.0.1:49450)
21:20:57.093 [pool-1-thread-2] DEBUG com.mnc.udp.UDPServer - UDP-Server: Message-90-5 -> Message-90-5 (/127.0.0.1:49515)
21:20:57.093 [pool-1-thread-3] DEBUG com.mnc.udp.UDPServer - UDP-Server: Message-42-61 -> Message-42-61 (/127.0.0.1:49467)
21:20:57.093 [pool-1-thread-5] DEBUG com.mnc.udp.UDPServer - UDP-Server: Message-27-3 -> Message-27-3 (/127.0.0.1:49452)
21:20:57.093 [pool-1-thread-2] DEBUG com.mnc.udp.UDPServer - UDP-Server: Message-12-2
21:20:57.093 [pool-1-thread-2] DEBUG com.mnc.udp.UDPServer - UDP-Server: Message-12-2 -> Message-12-2 (/127.0.0.1:49437)
21:20:57.093 [pool-1-thread-5] DEBUG com.mnc.udp.UDPServer - UDP-Server: Message-85-78
21:20:57.093 [pool-1-thread-5] DEBUG com.mnc.udp.UDPServer - UDP-Server: Message-85-78 -> Message-85-78 (/127.0.0.1:49510)
21:20:57.093 [pool-1-thread-5] DEBUG com.mnc.udp.UDPServer - UDP-Server: Message-41-9
21:20:57.093 [pool-1-thread-5] DEBUG com.mnc.udp.UDPServer - UDP-Server: Message-41-9 -> Message-41-9 (/127.0.0.1:49466)
21:20:57.093 [pool-1-thread-1] DEBUG com.mnc.udp.UDPServer - UDP-Server: Message-25-0
21:20:57.093 [pool-1-thread-1] DEBUG com.mnc.udp.UDPServer - UDP-Server: Message-25-0 -> Message-25-0 (/127.0.0.1:49450)
21:20:57.093 [pool-1-thread-4] DEBUG com.mnc.udp.UDPServer - UDP-Server: Message-90-1
21:20:57.093 [pool-1-thread-4] DEBUG com.mnc.udp.UDPServer - UDP-Server: Message-90-1 -> Message-90-1 (/127.0.0.1:49515)
21:20:57.093 [pool-1-thread-3] DEBUG com.mnc.udp.UDPServer - UDP-Server: Message-27-4
21:20:57.093 [pool-1-thread-4] DEBUG com.mnc.udp.UDPServer - UDP-Server: Message-12-0
21:20:57.093 [pool-1-thread-3] DEBUG com.mnc.udp.UDPServer - UDP-Server: Message-27-4 -> Message-27-4 (/127.0.0.1:49452)
21:20:57.093 [pool-1-thread-5] DEBUG com.mnc.udp.UDPServer - UDP-Server: Message-85-79
21:20:57.093 [pool-1-thread-3] DEBUG com.mnc.udp.UDPServer - UDP-Server: Message-41-3
21:20:57.093 [pool-1-thread-2] DEBUG com.mnc.udp.UDPServer - UDP-Server: Message-42-59
21:20:57.093 [pool-1-thread-5] DEBUG com.mnc.udp.UDPServer - UDP-Server: Message-85-79 -> Message-85-79 (/127.0.0.1:49510)
21:20:57.093 [pool-1-thread-4] DEBUG com.mnc.udp.UDPServer - UDP-Server: Message-12-0 -> Message-12-0 (/127.0.0.1:49437)
21:20:57.093 [pool-1-thread-5] DEBUG com.mnc.udp.UDPServer - UDP-Server: Message-90-2
21:20:57.093 [pool-1-thread-5] DEBUG com.mnc.udp.UDPServer - UDP-Server: Message-90-2 -> Message-90-2 (/127.0.0.1:49515)
21:20:57.093 [pool-1-thread-3] DEBUG com.mnc.udp.UDPServer - UDP-Server: Message-41-3 -> Message-41-3 (/127.0.0.1:49466)
21:20:57.093 [pool-1-thread-5] DEBUG com.mnc.udp.UDPServer - UDP-Server: Message-27-5
21:20:57.093 [pool-1-thread-5] DEBUG com.mnc.udp.UDPServer - UDP-Server: Message-27-5 -> Message-27-5 (/127.0.0.1:49452)
21:20:57.093 [pool-1-thread-2] DEBUG com.mnc.udp.UDPServer - UDP-Server: Message-42-59 -> Message-42-59 (/127.0.0.1:49467)
21:20:57.093 [pool-1-thread-5] DEBUG com.mnc.udp.UDPServer - UDP-Server: Message-85-80
21:20:57.093 [pool-1-thread-5] DEBUG com.mnc.udp.UDPServer - UDP-Server: Message-85-80 -> Message-85-80 (/127.0.0.1:49510)
21:20:57.093 [pool-1-thread-1] DEBUG com.mnc.udp.UDPServer - UDP-Server: Message-25-90
21:20:57.093 [pool-1-thread-2] DEBUG com.mnc.udp.UDPServer - UDP-Server: Message-12-90
21:20:57.093 [pool-1-thread-2] DEBUG com.mnc.udp.UDPServer - UDP-Server: Message-12-90 -> Message-12-90 (/127.0.0.1:49437)
21:20:57.093 [pool-1-thread-4] DEBUG com.mnc.udp.UDPServer - UDP-Server: Message-41-4
21:20:57.093 [pool-1-thread-3] DEBUG com.mnc.udp.UDPServer - UDP-Server: Message-90-0
21:20:57.093 [pool-1-thread-3] DEBUG com.mnc.udp.UDPServer - UDP-Server: Message-90-0 -> Message-90-0 (/127.0.0.1:49515)
21:20:57.093 [pool-1-thread-1] DEBUG com.mnc.udp.UDPServer - UDP-Server: Message-25-90 -> Message-25-90 (/127.0.0.1:49450)
21:20:57.093 [pool-1-thread-4] DEBUG com.mnc.udp.UDPServer - UDP-Server: Message-41-4 -> Message-41-4 (/127.0.0.1:49466)
21:20:57.093 [pool-1-thread-1] DEBUG com.mnc.udp.UDPServer - UDP-Server: Message-85-76
21:20:57.093 [pool-1-thread-1] DEBUG com.mnc.udp.UDPServer - UDP-Server: Message-85-76 -> Message-85-76 (/127.0.0.1:49510)
21:20:57.093 [pool-1-thread-2] DEBUG com.mnc.udp.UDPServer - UDP-Server: Message-27-1
21:20:57.093 [pool-1-thread-1] DEBUG com.mnc.udp.UDPServer - UDP-Server: Message-12-91
21:20:57.093 [pool-1-thread-1] DEBUG com.mnc.udp.UDPServer - UDP-Server: Message-12-91 -> Message-12-91 (/127.0.0.1:49437)
21:20:57.093 [pool-1-thread-3] DEBUG com.mnc.udp.UDPServer - UDP-Server: Message-90-90
21:20:57.093 [pool-1-thread-3] DEBUG com.mnc.udp.UDPServer - UDP-Server: Message-90-90 -> Message-90-90 (/127.0.0.1:49515)
21:20:57.093 [pool-1-thread-5] DEBUG com.mnc.udp.UDPServer - UDP-Server: Message-42-53
21:20:57.093 [pool-1-thread-3] DEBUG com.mnc.udp.UDPServer - UDP-Server: Message-41-5
21:20:57.093 [pool-1-thread-3] DEBUG com.mnc.udp.UDPServer - UDP-Server: Message-41-5 -> Message-41-5 (/127.0.0.1:49466)
21:20:57.093 [pool-1-thread-1] DEBUG com.mnc.udp.UDPServer - UDP-Server: Message-85-77
21:20:57.093 [pool-1-thread-1] DEBUG com.mnc.udp.UDPServer - UDP-Server: Message-85-77 -> Message-85-77 (/127.0.0.1:49510)
21:20:57.093 [pool-1-thread-2] DEBUG com.mnc.udp.UDPServer - UDP-Server: Message-27-1 -> Message-27-1 (/127.0.0.1:49452)
21:20:57.093 [pool-1-thread-4] DEBUG com.mnc.udp.UDPServer - UDP-Server: Message-25-91
21:20:57.093 [pool-1-thread-5] DEBUG com.mnc.udp.UDPServer - UDP-Server: Message-42-53 -> Message-42-53 (/127.0.0.1:49467)
21:20:57.094 [pool-1-thread-1] DEBUG com.mnc.udp.UDPServer - UDP-Server: Message-12-92
21:20:57.094 [pool-1-thread-1] DEBUG com.mnc.udp.UDPServer - UDP-Server: Message-12-92 -> Message-12-92 (/127.0.0.1:49437)
21:20:57.094 [pool-1-thread-5] DEBUG com.mnc.udp.UDPServer - UDP-Server: Message-41-1
21:20:57.094 [pool-1-thread-5] DEBUG com.mnc.udp.UDPServer - UDP-Server: Message-41-1 -> Message-41-1 (/127.0.0.1:49466)
21:20:57.094 [pool-1-thread-1] DEBUG com.mnc.udp.UDPServer - UDP-Server: Message-85-75
21:20:57.094 [pool-1-thread-4] DEBUG com.mnc.udp.UDPServer - UDP-Server: Message-25-91 -> Message-25-91 (/127.0.0.1:49450)
21:20:57.094 [pool-1-thread-3] DEBUG com.mnc.udp.UDPServer - UDP-Server: Message-90-91
21:20:57.094 [pool-1-thread-3] DEBUG com.mnc.udp.UDPServer - UDP-Server: Message-90-91 -> Message-90-91 (/127.0.0.1:49515)
21:20:57.094 [pool-1-thread-1] DEBUG com.mnc.udp.UDPServer - UDP-Server: Message-85-75 -> Message-85-75 (/127.0.0.1:49510)
21:20:57.094 [pool-1-thread-3] DEBUG com.mnc.udp.UDPServer - UDP-Server: Message-27-2
21:20:57.094 [pool-1-thread-5] DEBUG com.mnc.udp.UDPServer - UDP-Server: Message-42-91
21:20:57.094 [pool-1-thread-3] DEBUG com.mnc.udp.UDPServer - UDP-Server: Message-27-2 -> Message-27-2 (/127.0.0.1:49452)
21:20:57.094 [pool-1-thread-5] DEBUG com.mnc.udp.UDPServer - UDP-Server: Message-42-91 -> Message-42-91 (/127.0.0.1:49467)
21:20:57.094 [pool-1-thread-1] DEBUG com.mnc.udp.UDPServer - UDP-Server: Message-41-2
21:20:57.094 [pool-1-thread-4] DEBUG com.mnc.udp.UDPServer - UDP-Server: Message-12-88
21:20:57.094 [pool-1-thread-1] DEBUG com.mnc.udp.UDPServer - UDP-Server: Message-41-2 -> Message-41-2 (/127.0.0.1:49466)
21:20:57.094 [pool-1-thread-5] DEBUG com.mnc.udp.UDPServer - UDP-Server: Message-25-92
21:20:57.094 [pool-1-thread-2] DEBUG com.mnc.udp.UDPServer - UDP-Server: Message-90-92
21:20:57.094 [pool-1-thread-4] DEBUG com.mnc.udp.UDPServer - UDP-Server: Message-12-88 -> Message-12-88 (/127.0.0.1:49437)
21:20:57.094 [pool-1-thread-2] DEBUG com.mnc.udp.UDPServer - UDP-Server: Message-90-92 -> Message-90-92 (/127.0.0.1:49515)
21:20:57.094 [pool-1-thread-3] DEBUG com.mnc.udp.UDPServer - UDP-Server: Message-85-57
21:20:57.094 [pool-1-thread-5] DEBUG com.mnc.udp.UDPServer - UDP-Server: Message-25-92 -> Message-25-92 (/127.0.0.1:49450)
21:20:57.094 [pool-1-thread-4] DEBUG com.mnc.udp.UDPServer - UDP-Server: Message-27-0
21:20:57.094 [pool-1-thread-5] DEBUG com.mnc.udp.UDPServer - UDP-Server: Message-41-0
21:20:57.094 [pool-1-thread-3] DEBUG com.mnc.udp.UDPServer - UDP-Server: Message-85-57 -> Message-85-57 (/127.0.0.1:49510)
21:20:57.094 [pool-1-thread-5] DEBUG com.mnc.udp.UDPServer - UDP-Server: Message-41-0 -> Message-41-0 (/127.0.0.1:49466)
21:20:57.094 [pool-1-thread-1] DEBUG com.mnc.udp.UDPServer - UDP-Server: Message-42-92
21:20:57.094 [pool-1-thread-4] DEBUG com.mnc.udp.UDPServer - UDP-Server: Message-27-0 -> Message-27-0 (/127.0.0.1:49452)
21:20:57.094 [pool-1-thread-3] DEBUG com.mnc.udp.UDPServer - UDP-Server: Message-12-89
21:20:57.094 [pool-1-thread-3] DEBUG com.mnc.udp.UDPServer - UDP-Server: Message-12-89 -> Message-12-89 (/127.0.0.1:49437)
21:20:57.094 [pool-1-thread-1] DEBUG com.mnc.udp.UDPServer - UDP-Server: Message-42-92 -> Message-42-92 (/127.0.0.1:49467)
21:20:57.094 [pool-1-thread-2] DEBUG com.mnc.udp.UDPServer - UDP-Server: Message-90-88
21:20:57.094 [pool-1-thread-1] DEBUG com.mnc.udp.UDPServer - UDP-Server: Message-85-58
21:20:57.094 [pool-1-thread-5] DEBUG com.mnc.udp.UDPServer - UDP-Server: Message-25-88
21:20:57.094 [pool-1-thread-1] DEBUG com.mnc.udp.UDPServer - UDP-Server: Message-85-58 -> Message-85-58 (/127.0.0.1:49510)
21:20:57.094 [pool-1-thread-2] DEBUG com.mnc.udp.UDPServer - UDP-Server: Message-90-88 -> Message-90-88 (/127.0.0.1:49515)
21:20:57.094 [pool-1-thread-3] DEBUG com.mnc.udp.UDPServer - UDP-Server: Message-27-90
21:20:57.094 [pool-1-thread-1] DEBUG com.mnc.udp.UDPServer - UDP-Server: Message-12-87
21:20:57.094 [pool-1-thread-4] DEBUG com.mnc.udp.UDPServer - UDP-Server: Message-41-56
21:20:57.094 [pool-1-thread-5] DEBUG com.mnc.udp.UDPServer - UDP-Server: Message-25-88 -> Message-25-88 (/127.0.0.1:49450)
21:20:57.094 [pool-1-thread-3] DEBUG com.mnc.udp.UDPServer - UDP-Server: Message-27-90 -> Message-27-90 (/127.0.0.1:49452)
21:20:57.094 [pool-1-thread-1] DEBUG com.mnc.udp.UDPServer - UDP-Server: Message-12-87 -> Message-12-87 (/127.0.0.1:49437)
21:20:57.094 [pool-1-thread-4] DEBUG com.mnc.udp.UDPServer - UDP-Server: Message-41-56 -> Message-41-56 (/127.0.0.1:49466)
21:20:57.094 [pool-1-thread-3] DEBUG com.mnc.udp.UDPServer - UDP-Server: Message-85-56
21:20:57.094 [pool-1-thread-5] DEBUG com.mnc.udp.UDPServer - UDP-Server: Message-90-89
21:20:57.094 [pool-1-thread-2] DEBUG com.mnc.udp.UDPServer - UDP-Server: Message-42-88
21:20:57.094 [pool-1-thread-2] DEBUG com.mnc.udp.UDPServer - UDP-Server: Message-42-88 -> Message-42-88 (/127.0.0.1:49467)
21:20:57.094 [pool-1-thread-3] DEBUG com.mnc.udp.UDPServer - UDP-Server: Message-85-56 -> Message-85-56 (/127.0.0.1:49510)
21:20:57.094 [pool-1-thread-5] DEBUG com.mnc.udp.UDPServer - UDP-Server: Message-90-89 -> Message-90-89 (/127.0.0.1:49515)
21:20:57.094 [pool-1-thread-4] DEBUG com.mnc.udp.UDPServer - UDP-Server: Message-25-89
21:20:57.094 [pool-1-thread-1] DEBUG com.mnc.udp.UDPServer - UDP-Server: Message-27-91
21:20:57.094 [pool-1-thread-2] DEBUG com.mnc.udp.UDPServer - UDP-Server: Message-12-96
21:20:57.094 [pool-1-thread-3] DEBUG com.mnc.udp.UDPServer - UDP-Server: Message-41-60
21:20:57.094 [pool-1-thread-4] DEBUG com.mnc.udp.UDPServer - UDP-Server: Message-25-89 -> Message-25-89 (/127.0.0.1:49450)
21:20:57.094 [pool-1-thread-2] DEBUG com.mnc.udp.UDPServer - UDP-Server: Message-12-96 -> Message-12-96 (/127.0.0.1:49437)
21:20:57.094 [pool-1-thread-1] DEBUG com.mnc.udp.UDPServer - UDP-Server: Message-27-91 -> Message-27-91 (/127.0.0.1:49452)
21:20:57.094 [pool-1-thread-5] DEBUG com.mnc.udp.UDPServer - UDP-Server: Message-42-89
21:20:57.094 [pool-1-thread-3] DEBUG com.mnc.udp.UDPServer - UDP-Server: Message-41-60 -> Message-41-60 (/127.0.0.1:49466)
21:20:57.094 [pool-1-thread-5] DEBUG com.mnc.udp.UDPServer - UDP-Server: Message-42-89 -> Message-42-89 (/127.0.0.1:49467)
21:20:57.094 [pool-1-thread-4] DEBUG com.mnc.udp.UDPServer - UDP-Server: Message-85-23
21:20:57.094 [pool-1-thread-3] DEBUG com.mnc.udp.UDPServer - UDP-Server: Message-90-87
21:20:57.094 [pool-1-thread-1] DEBUG com.mnc.udp.UDPServer - UDP-Server: Message-12-97
21:20:57.094 [pool-1-thread-1] DEBUG com.mnc.udp.UDPServer - UDP-Server: Message-12-97 -> Message-12-97 (/127.0.0.1:49437)
21:20:57.094 [pool-1-thread-5] DEBUG com.mnc.udp.UDPServer - UDP-Server: Message-25-87
21:20:57.094 [pool-1-thread-2] DEBUG com.mnc.udp.UDPServer - UDP-Server: Message-27-92
21:20:57.094 [pool-1-thread-1] DEBUG com.mnc.udp.UDPServer - UDP-Server: Message-41-61
21:20:57.094 [pool-1-thread-4] DEBUG com.mnc.udp.UDPServer - UDP-Server: Message-85-23 -> Message-85-23 (/127.0.0.1:49510)
21:20:57.094 [pool-1-thread-3] DEBUG com.mnc.udp.UDPServer - UDP-Server: Message-90-87 -> Message-90-87 (/127.0.0.1:49515)
21:20:57.094 [pool-1-thread-5] DEBUG com.mnc.udp.UDPServer - UDP-Server: Message-25-87 -> Message-25-87 (/127.0.0.1:49450)
21:20:57.094 [pool-1-thread-2] DEBUG com.mnc.udp.UDPServer - UDP-Server: Message-27-92 -> Message-27-92 (/127.0.0.1:49452)
21:20:57.094 [pool-1-thread-1] DEBUG com.mnc.udp.UDPServer - UDP-Server: Message-41-61 -> Message-41-61 (/127.0.0.1:49466)
21:20:57.094 [pool-1-thread-4] DEBUG com.mnc.udp.UDPServer - UDP-Server: Message-42-87
21:20:57.094 [pool-1-thread-4] DEBUG com.mnc.udp.UDPServer - UDP-Server: Message-42-87 -> Message-42-87 (/127.0.0.1:49467)
21:20:57.094 [pool-1-thread-2] DEBUG com.mnc.udp.UDPServer - UDP-Server: Message-12-98
21:20:57.094 [pool-1-thread-4] DEBUG com.mnc.udp.UDPServer - UDP-Server: Message-25-96
21:20:57.094 [pool-1-thread-1] DEBUG com.mnc.udp.UDPServer - UDP-Server: Message-90-96
21:20:57.094 [pool-1-thread-1] DEBUG com.mnc.udp.UDPServer - UDP-Server: Message-90-96 -> Message-90-96 (/127.0.0.1:49515)
21:20:57.094 [pool-1-thread-5] DEBUG com.mnc.udp.UDPServer - UDP-Server: Message-85-60
21:20:57.094 [pool-1-thread-4] DEBUG com.mnc.udp.UDPServer - UDP-Server: Message-25-96 -> Message-25-96 (/127.0.0.1:49450)
21:20:57.094 [pool-1-thread-2] DEBUG com.mnc.udp.UDPServer - UDP-Server: Message-12-98 -> Message-12-98 (/127.0.0.1:49437)
21:20:57.095 [pool-1-thread-3] DEBUG com.mnc.udp.UDPServer - UDP-Server: Message-27-88
21:20:57.095 [pool-1-thread-2] DEBUG com.mnc.udp.UDPServer - UDP-Server: Message-90-97
21:20:57.095 [pool-1-thread-4] DEBUG com.mnc.udp.UDPServer - UDP-Server: Message-42-96
21:20:57.095 [pool-1-thread-5] DEBUG com.mnc.udp.UDPServer - UDP-Server: Message-85-60 -> Message-85-60 (/127.0.0.1:49510)
21:20:57.095 [pool-1-thread-3] DEBUG com.mnc.udp.UDPServer - UDP-Server: Message-27-88 -> Message-27-88 (/127.0.0.1:49452)
21:20:57.095 [pool-1-thread-1] DEBUG com.mnc.udp.UDPServer - UDP-Server: Message-41-59
21:20:57.095 [pool-1-thread-2] DEBUG com.mnc.udp.UDPServer - UDP-Server: Message-90-97 -> Message-90-97 (/127.0.0.1:49515)
21:20:57.095 [pool-1-thread-3] DEBUG com.mnc.udp.UDPServer - UDP-Server: Message-12-99
21:20:57.095 [pool-1-thread-1] DEBUG com.mnc.udp.UDPServer - UDP-Server: Message-41-59 -> Message-41-59 (/127.0.0.1:49466)
21:20:57.095 [pool-1-thread-3] DEBUG com.mnc.udp.UDPServer - UDP-Server: Message-12-99 -> Message-12-99 (/127.0.0.1:49437)
21:20:57.095 [pool-1-thread-4] DEBUG com.mnc.udp.UDPServer - UDP-Server: Message-42-96 -> Message-42-96 (/127.0.0.1:49467)
21:20:57.095 [pool-1-thread-5] DEBUG com.mnc.udp.UDPServer - UDP-Server: Message-25-97
21:20:57.095 [pool-1-thread-5] DEBUG com.mnc.udp.UDPServer - UDP-Server: Message-25-97 -> Message-25-97 (/127.0.0.1:49450)
21:20:57.095 [pool-1-thread-4] DEBUG com.mnc.udp.UDPServer - UDP-Server: Message-85-61
21:20:57.095 [pool-1-thread-4] DEBUG com.mnc.udp.UDPServer - UDP-Server: Message-85-61 -> Message-85-61 (/127.0.0.1:49510)
21:20:57.095 [pool-1-thread-5] DEBUG com.mnc.udp.UDPServer - UDP-Server: Message-27-89
21:20:57.095 [pool-1-thread-5] DEBUG com.mnc.udp.UDPServer - UDP-Server: Message-27-89 -> Message-27-89 (/127.0.0.1:49452)
21:20:57.095 [pool-1-thread-4] DEBUG com.mnc.udp.UDPServer - UDP-Server: Message-42-97
21:20:57.095 [pool-1-thread-3] DEBUG com.mnc.udp.UDPServer - UDP-Server: Message-41-53
21:20:57.095 [pool-1-thread-5] DEBUG com.mnc.udp.UDPServer - UDP-Server: Message-25-98
21:20:57.095 [pool-1-thread-1] DEBUG com.mnc.udp.UDPServer - UDP-Server: Message-12-94
21:20:57.095 [pool-1-thread-2] DEBUG com.mnc.udp.UDPServer - UDP-Server: Message-90-98
21:20:57.095 [pool-1-thread-1] DEBUG com.mnc.udp.UDPServer - UDP-Server: Message-12-94 -> Message-12-94 (/127.0.0.1:49437)
21:20:57.095 [pool-1-thread-4] DEBUG com.mnc.udp.UDPServer - UDP-Server: Message-42-97 -> Message-42-97 (/127.0.0.1:49467)
21:20:57.095 [pool-1-thread-5] DEBUG com.mnc.udp.UDPServer - UDP-Server: Message-25-98 -> Message-25-98 (/127.0.0.1:49450)
21:20:57.095 [pool-1-thread-3] DEBUG com.mnc.udp.UDPServer - UDP-Server: Message-41-53 -> Message-41-53 (/127.0.0.1:49466)
21:20:57.095 [pool-1-thread-4] DEBUG com.mnc.udp.UDPServer - UDP-Server: Message-27-87
21:20:57.095 [pool-1-thread-2] DEBUG com.mnc.udp.UDPServer - UDP-Server: Message-90-98 -> Message-90-98 (/127.0.0.1:49515)
21:20:57.095 [pool-1-thread-1] DEBUG com.mnc.udp.UDPServer - UDP-Server: Message-85-24
21:20:57.095 [pool-1-thread-4] DEBUG com.mnc.udp.UDPServer - UDP-Server: Message-27-87 -> Message-27-87 (/127.0.0.1:49452)
21:20:57.095 [pool-1-thread-2] DEBUG com.mnc.udp.UDPServer - UDP-Server: Message-42-54
21:20:57.095 [pool-1-thread-2] DEBUG com.mnc.udp.UDPServer - UDP-Server: Message-42-54 -> Message-42-54 (/127.0.0.1:49467)
21:20:57.095 [pool-1-thread-3] DEBUG com.mnc.udp.UDPServer - UDP-Server: Message-25-99
21:20:57.095 [pool-1-thread-4] DEBUG com.mnc.udp.UDPServer - UDP-Server: Message-41-54
21:20:57.095 [pool-1-thread-5] DEBUG com.mnc.udp.UDPServer - UDP-Server: Message-12-95
21:20:57.095 [pool-1-thread-1] DEBUG com.mnc.udp.UDPServer - UDP-Server: Message-85-24 -> Message-85-24 (/127.0.0.1:49510)
21:20:57.095 [pool-1-thread-5] DEBUG com.mnc.udp.UDPServer - UDP-Server: Message-12-95 -> Message-12-95 (/127.0.0.1:49437)
21:20:57.095 [pool-1-thread-2] DEBUG com.mnc.udp.UDPServer - UDP-Server: Message-90-99
21:20:57.095 [pool-1-thread-3] DEBUG com.mnc.udp.UDPServer - UDP-Server: Message-25-99 -> Message-25-99 (/127.0.0.1:49450)
21:20:57.095 [pool-1-thread-1] DEBUG com.mnc.udp.UDPServer - UDP-Server: Message-27-96
21:20:57.095 [pool-1-thread-1] DEBUG com.mnc.udp.UDPServer - UDP-Server: Message-27-96 -> Message-27-96 (/127.0.0.1:49452)
21:20:57.095 [pool-1-thread-4] DEBUG com.mnc.udp.UDPServer - UDP-Server: Message-41-54 -> Message-41-54 (/127.0.0.1:49466)
21:20:57.095 [pool-1-thread-1] DEBUG com.mnc.udp.UDPServer - UDP-Server: Message-42-55
21:20:57.095 [pool-1-thread-1] DEBUG com.mnc.udp.UDPServer - UDP-Server: Message-42-55 -> Message-42-55 (/127.0.0.1:49467)
21:20:57.095 [pool-1-thread-2] DEBUG com.mnc.udp.UDPServer - UDP-Server: Message-90-99 -> Message-90-99 (/127.0.0.1:49515)
21:20:57.095 [pool-1-thread-3] DEBUG com.mnc.udp.UDPServer - UDP-Server: Message-12-93
21:20:57.095 [pool-1-thread-3] DEBUG com.mnc.udp.UDPServer - UDP-Server: Message-12-93 -> Message-12-93 (/127.0.0.1:49437)
21:20:57.095 [pool-1-thread-5] DEBUG com.mnc.udp.UDPServer - UDP-Server: Message-85-59
21:20:57.095 [pool-1-thread-5] DEBUG com.mnc.udp.UDPServer - UDP-Server: Message-85-59 -> Message-85-59 (/127.0.0.1:49510)
21:20:57.095 [pool-1-thread-3] DEBUG com.mnc.udp.UDPServer - UDP-Server: Message-27-97
21:20:57.095 [pool-1-thread-3] DEBUG com.mnc.udp.UDPServer - UDP-Server: Message-27-97 -> Message-27-97 (/127.0.0.1:49452)
21:20:57.095 [pool-1-thread-4] DEBUG com.mnc.udp.UDPServer - UDP-Server: Message-25-94
21:20:57.095 [pool-1-thread-1] DEBUG com.mnc.udp.UDPServer - UDP-Server: Message-41-55
21:20:57.095 [pool-1-thread-3] DEBUG com.mnc.udp.UDPServer - UDP-Server: Message-90-94
21:20:57.095 [pool-1-thread-1] DEBUG com.mnc.udp.UDPServer - UDP-Server: Message-41-55 -> Message-41-55 (/127.0.0.1:49466)
21:20:57.095 [pool-1-thread-5] DEBUG com.mnc.udp.UDPServer - UDP-Server: Message-42-44
21:20:57.095 [pool-1-thread-4] DEBUG com.mnc.udp.UDPServer - UDP-Server: Message-25-94 -> Message-25-94 (/127.0.0.1:49450)
21:20:57.095 [pool-1-thread-2] DEBUG com.mnc.udp.UDPServer - UDP-Server: Message-12-82
21:20:57.095 [pool-1-thread-3] DEBUG com.mnc.udp.UDPServer - UDP-Server: Message-90-94 -> Message-90-94 (/127.0.0.1:49515)
21:20:57.095 [pool-1-thread-2] DEBUG com.mnc.udp.UDPServer - UDP-Server: Message-12-82 -> Message-12-82 (/127.0.0.1:49437)
21:20:57.095 [pool-1-thread-5] DEBUG com.mnc.udp.UDPServer - UDP-Server: Message-42-44 -> Message-42-44 (/127.0.0.1:49467)
21:20:57.095 [pool-1-thread-1] DEBUG com.mnc.udp.UDPServer - UDP-Server: Message-85-19
21:20:57.095 [pool-1-thread-1] DEBUG com.mnc.udp.UDPServer - UDP-Server: Message-85-19 -> Message-85-19 (/127.0.0.1:49510)
21:20:57.095 [pool-1-thread-3] DEBUG com.mnc.udp.UDPServer - UDP-Server: Message-27-98
21:20:57.095 [pool-1-thread-4] DEBUG com.mnc.udp.UDPServer - UDP-Server: Message-41-51
21:20:57.095 [pool-1-thread-3] DEBUG com.mnc.udp.UDPServer - UDP-Server: Message-27-98 -> Message-27-98 (/127.0.0.1:49452)
21:20:57.095 [pool-1-thread-2] DEBUG com.mnc.udp.UDPServer - UDP-Server: Message-12-83
21:20:57.095 [pool-1-thread-4] DEBUG com.mnc.udp.UDPServer - UDP-Server: Message-41-51 -> Message-41-51 (/127.0.0.1:49466)
21:20:57.095 [pool-1-thread-1] DEBUG com.mnc.udp.UDPServer - UDP-Server: Message-25-95
21:20:57.095 [pool-1-thread-1] DEBUG com.mnc.udp.UDPServer - UDP-Server: Message-25-95 -> Message-25-95 (/127.0.0.1:49450)
21:20:57.095 [pool-1-thread-5] DEBUG com.mnc.udp.UDPServer - UDP-Server: Message-42-45
21:20:57.095 [pool-1-thread-2] DEBUG com.mnc.udp.UDPServer - UDP-Server: Message-12-83 -> Message-12-83 (/127.0.0.1:49437)
21:20:57.096 [pool-1-thread-3] DEBUG com.mnc.udp.UDPServer - UDP-Server: Message-85-20
21:20:57.096 [pool-1-thread-2] DEBUG com.mnc.udp.UDPServer - UDP-Server: Message-41-52
21:20:57.095 [pool-1-thread-4] DEBUG com.mnc.udp.UDPServer - UDP-Server: Message-90-95
21:20:57.096 [pool-1-thread-5] DEBUG com.mnc.udp.UDPServer - UDP-Server: Message-42-45 -> Message-42-45 (/127.0.0.1:49467)
21:20:57.096 [pool-1-thread-4] DEBUG com.mnc.udp.UDPServer - UDP-Server: Message-90-95 -> Message-90-95 (/127.0.0.1:49515)
21:20:57.096 [pool-1-thread-1] DEBUG com.mnc.udp.UDPServer - UDP-Server: Message-27-99
21:20:57.096 [pool-1-thread-3] DEBUG com.mnc.udp.UDPServer - UDP-Server: Message-85-20 -> Message-85-20 (/127.0.0.1:49510)
21:20:57.096 [pool-1-thread-1] DEBUG com.mnc.udp.UDPServer - UDP-Server: Message-27-99 -> Message-27-99 (/127.0.0.1:49452)
21:20:57.096 [pool-1-thread-2] DEBUG com.mnc.udp.UDPServer - UDP-Server: Message-41-52 -> Message-41-52 (/127.0.0.1:49466)
21:20:57.096 [pool-1-thread-1] DEBUG com.mnc.udp.UDPServer - UDP-Server: Message-42-43
21:20:57.096 [pool-1-thread-1] DEBUG com.mnc.udp.UDPServer - UDP-Server: Message-42-43 -> Message-42-43 (/127.0.0.1:49467)
21:20:57.096 [pool-1-thread-5] DEBUG com.mnc.udp.UDPServer - UDP-Server: Message-25-93
21:20:57.096 [pool-1-thread-3] DEBUG com.mnc.udp.UDPServer - UDP-Server: Message-90-93
21:20:57.096 [pool-1-thread-4] DEBUG com.mnc.udp.UDPServer - UDP-Server: Message-12-81
21:20:57.096 [pool-1-thread-2] DEBUG com.mnc.udp.UDPServer - UDP-Server: Message-27-94
21:20:57.096 [pool-1-thread-5] DEBUG com.mnc.udp.UDPServer - UDP-Server: Message-25-93 -> Message-25-93 (/127.0.0.1:49450)
21:20:57.096 [pool-1-thread-1] DEBUG com.mnc.udp.UDPServer - UDP-Server: Message-85-18
21:20:57.096 [pool-1-thread-5] DEBUG com.mnc.udp.UDPServer - UDP-Server: Message-41-50
21:20:57.096 [pool-1-thread-3] DEBUG com.mnc.udp.UDPServer - UDP-Server: Message-90-93 -> Message-90-93 (/127.0.0.1:49515)
21:20:57.096 [pool-1-thread-4] DEBUG com.mnc.udp.UDPServer - UDP-Server: Message-12-81 -> Message-12-81 (/127.0.0.1:49437)
21:20:57.096 [pool-1-thread-2] DEBUG com.mnc.udp.UDPServer - UDP-Server: Message-27-94 -> Message-27-94 (/127.0.0.1:49452)
21:20:57.096 [pool-1-thread-3] DEBUG com.mnc.udp.UDPServer - UDP-Server: Message-42-51
21:20:57.096 [pool-1-thread-1] DEBUG com.mnc.udp.UDPServer - UDP-Server: Message-85-18 -> Message-85-18 (/127.0.0.1:49510)
21:20:57.096 [pool-1-thread-4] DEBUG com.mnc.udp.UDPServer - UDP-Server: Message-25-82
21:20:57.096 [pool-1-thread-4] DEBUG com.mnc.udp.UDPServer - UDP-Server: Message-25-82 -> Message-25-82 (/127.0.0.1:49450)
21:20:57.096 [pool-1-thread-5] DEBUG com.mnc.udp.UDPServer - UDP-Server: Message-41-50 -> Message-41-50 (/127.0.0.1:49466)
21:20:57.096 [pool-1-thread-3] DEBUG com.mnc.udp.UDPServer - UDP-Server: Message-42-51 -> Message-42-51 (/127.0.0.1:49467)
21:20:57.096 [pool-1-thread-5] DEBUG com.mnc.udp.UDPServer - UDP-Server: Message-12-85
21:20:57.096 [pool-1-thread-5] DEBUG com.mnc.udp.UDPServer - UDP-Server: Message-12-85 -> Message-12-85 (/127.0.0.1:49437)
21:20:57.096 [pool-1-thread-3] DEBUG com.mnc.udp.UDPServer - UDP-Server: Message-90-82
21:20:57.096 [pool-1-thread-1] DEBUG com.mnc.udp.UDPServer - UDP-Server: Message-27-95
21:20:57.096 [pool-1-thread-5] DEBUG com.mnc.udp.UDPServer - UDP-Server: Message-85-53
21:20:57.096 [pool-1-thread-1] DEBUG com.mnc.udp.UDPServer - UDP-Server: Message-27-95 -> Message-27-95 (/127.0.0.1:49452)
21:20:57.096 [pool-1-thread-3] DEBUG com.mnc.udp.UDPServer - UDP-Server: Message-90-82 -> Message-90-82 (/127.0.0.1:49515)
21:20:57.096 [pool-1-thread-1] DEBUG com.mnc.udp.UDPServer - UDP-Server: Message-41-71
21:20:57.096 [pool-1-thread-5] DEBUG com.mnc.udp.UDPServer - UDP-Server: Message-85-53 -> Message-85-53 (/127.0.0.1:49510)
21:20:57.096 [pool-1-thread-3] DEBUG com.mnc.udp.UDPServer - UDP-Server: Message-12-86
21:20:57.096 [pool-1-thread-2] DEBUG com.mnc.udp.UDPServer - UDP-Server: Message-25-83
21:20:57.096 [pool-1-thread-4] DEBUG com.mnc.udp.UDPServer - UDP-Server: Message-42-98
21:20:57.096 [pool-1-thread-5] DEBUG com.mnc.udp.UDPServer - UDP-Server: Message-27-93
21:20:57.096 [pool-1-thread-1] DEBUG com.mnc.udp.UDPServer - UDP-Server: Message-41-71 -> Message-41-71 (/127.0.0.1:49466)
21:20:57.096 [pool-1-thread-2] DEBUG com.mnc.udp.UDPServer - UDP-Server: Message-25-83 -> Message-25-83 (/127.0.0.1:49450)
21:20:57.096 [pool-1-thread-3] DEBUG com.mnc.udp.UDPServer - UDP-Server: Message-12-86 -> Message-12-86 (/127.0.0.1:49437)
21:20:57.096 [pool-1-thread-1] DEBUG com.mnc.udp.UDPServer - UDP-Server: Message-85-54
21:20:57.096 [pool-1-thread-4] DEBUG com.mnc.udp.UDPServer - UDP-Server: Message-42-98 -> Message-42-98 (/127.0.0.1:49467)
21:20:57.096 [pool-1-thread-1] DEBUG com.mnc.udp.UDPServer - UDP-Server: Message-85-54 -> Message-85-54 (/127.0.0.1:49510)
21:20:57.096 [pool-1-thread-3] DEBUG com.mnc.udp.UDPServer - UDP-Server: Message-25-81
21:20:57.096 [pool-1-thread-3] DEBUG com.mnc.udp.UDPServer - UDP-Server: Message-25-81 -> Message-25-81 (/127.0.0.1:49450)
21:20:57.096 [pool-1-thread-5] DEBUG com.mnc.udp.UDPServer - UDP-Server: Message-27-93 -> Message-27-93 (/127.0.0.1:49452)
21:20:57.096 [pool-1-thread-4] DEBUG com.mnc.udp.UDPServer - UDP-Server: Message-12-84
21:20:57.096 [pool-1-thread-2] DEBUG com.mnc.udp.UDPServer - UDP-Server: Message-90-83
21:20:57.096 [pool-1-thread-1] DEBUG com.mnc.udp.UDPServer - UDP-Server: Message-41-72
21:20:57.096 [pool-1-thread-4] DEBUG com.mnc.udp.UDPServer - UDP-Server: Message-12-84 -> Message-12-84 (/127.0.0.1:49437)
21:20:57.096 [pool-1-thread-1] DEBUG com.mnc.udp.UDPServer - UDP-Server: Message-41-72 -> Message-41-72 (/127.0.0.1:49466)
21:20:57.096 [pool-1-thread-2] DEBUG com.mnc.udp.UDPServer - UDP-Server: Message-90-83 -> Message-90-83 (/127.0.0.1:49515)
21:20:57.096 [pool-1-thread-4] DEBUG com.mnc.udp.UDPServer - UDP-Server: Message-25-85
21:20:57.096 [pool-1-thread-3] DEBUG com.mnc.udp.UDPServer - UDP-Server: Message-85-55
21:20:57.096 [pool-1-thread-5] DEBUG com.mnc.udp.UDPServer - UDP-Server: Message-42-99
21:20:57.096 [pool-1-thread-1] DEBUG com.mnc.udp.UDPServer - UDP-Server: Message-27-82
21:20:57.096 [pool-1-thread-4] DEBUG com.mnc.udp.UDPServer - UDP-Server: Message-25-85 -> Message-25-85 (/127.0.0.1:49450)
21:20:57.096 [pool-1-thread-2] DEBUG com.mnc.udp.UDPServer - UDP-Server: Message-12-78
21:20:57.096 [pool-1-thread-2] DEBUG com.mnc.udp.UDPServer - UDP-Server: Message-12-78 -> Message-12-78 (/127.0.0.1:49437)
21:20:57.096 [pool-1-thread-3] DEBUG com.mnc.udp.UDPServer - UDP-Server: Message-85-55 -> Message-85-55 (/127.0.0.1:49510)
21:20:57.096 [pool-1-thread-5] DEBUG com.mnc.udp.UDPServer - UDP-Server: Message-42-99 -> Message-42-99 (/127.0.0.1:49467)
21:20:57.096 [pool-1-thread-3] DEBUG com.mnc.udp.UDPServer - UDP-Server: Message-25-86
21:20:57.096 [pool-1-thread-1] DEBUG com.mnc.udp.UDPServer - UDP-Server: Message-27-82 -> Message-27-82 (/127.0.0.1:49452)
21:20:57.096 [pool-1-thread-4] DEBUG com.mnc.udp.UDPServer - UDP-Server: Message-41-73
21:20:57.096 [pool-1-thread-2] DEBUG com.mnc.udp.UDPServer - UDP-Server: Message-90-81
21:20:57.097 [pool-1-thread-3] DEBUG com.mnc.udp.UDPServer - UDP-Server: Message-25-86 -> Message-25-86 (/127.0.0.1:49450)
21:20:57.097 [pool-1-thread-2] DEBUG com.mnc.udp.UDPServer - UDP-Server: Message-90-81 -> Message-90-81 (/127.0.0.1:49515)
21:20:57.097 [pool-1-thread-1] DEBUG com.mnc.udp.UDPServer - UDP-Server: Message-85-7
21:20:57.097 [pool-1-thread-1] DEBUG com.mnc.udp.UDPServer - UDP-Server: Message-85-7 -> Message-85-7 (/127.0.0.1:49510)
21:20:57.097 [pool-1-thread-4] DEBUG com.mnc.udp.UDPServer - UDP-Server: Message-41-73 -> Message-41-73 (/127.0.0.1:49466)
21:20:57.097 [pool-1-thread-5] DEBUG com.mnc.udp.UDPServer - UDP-Server: Message-12-79
21:20:57.097 [pool-1-thread-4] DEBUG com.mnc.udp.UDPServer - UDP-Server: Message-27-83
21:20:57.097 [pool-1-thread-5] DEBUG com.mnc.udp.UDPServer - UDP-Server: Message-12-79 -> Message-12-79 (/127.0.0.1:49437)
21:20:57.097 [pool-1-thread-4] DEBUG com.mnc.udp.UDPServer - UDP-Server: Message-27-83 -> Message-27-83 (/127.0.0.1:49452)
21:20:57.097 [pool-1-thread-3] DEBUG com.mnc.udp.UDPServer - UDP-Server: Message-42-94
21:20:57.097 [pool-1-thread-3] DEBUG com.mnc.udp.UDPServer - UDP-Server: Message-42-94 -> Message-42-94 (/127.0.0.1:49467)
21:20:57.097 [pool-1-thread-5] DEBUG com.mnc.udp.UDPServer - UDP-Server: Message-25-84
21:20:57.097 [pool-1-thread-5] DEBUG com.mnc.udp.UDPServer - UDP-Server: Message-25-84 -> Message-25-84 (/127.0.0.1:49450)
21:20:57.097 [pool-1-thread-2] DEBUG com.mnc.udp.UDPServer - UDP-Server: Message-90-85
21:20:57.097 [pool-1-thread-2] DEBUG com.mnc.udp.UDPServer - UDP-Server: Message-90-85 -> Message-90-85 (/127.0.0.1:49515)
21:20:57.097 [pool-1-thread-2] DEBUG com.mnc.udp.UDPServer - UDP-Server: Message-41-74
21:20:57.097 [pool-1-thread-2] DEBUG com.mnc.udp.UDPServer - UDP-Server: Message-41-74 -> Message-41-74 (/127.0.0.1:49466)
21:20:57.097 [pool-1-thread-2] DEBUG com.mnc.udp.UDPServer - UDP-Server: Message-12-80
21:20:57.097 [pool-1-thread-2] DEBUG com.mnc.udp.UDPServer - UDP-Server: Message-12-80 -> Message-12-80 (/127.0.0.1:49437)
21:20:57.097 [pool-1-thread-3] DEBUG com.mnc.udp.UDPServer - UDP-Server: Message-85-8
21:20:57.097 [pool-1-thread-3] DEBUG com.mnc.udp.UDPServer - UDP-Server: Message-85-8 -> Message-85-8 (/127.0.0.1:49510)
21:20:57.097 [pool-1-thread-1] DEBUG com.mnc.udp.UDPServer - UDP-Server: Message-27-81
21:20:57.097 [pool-1-thread-3] DEBUG com.mnc.udp.UDPServer - UDP-Server: Message-90-86
21:20:57.097 [pool-1-thread-5] DEBUG com.mnc.udp.UDPServer - UDP-Server: Message-42-95
21:20:57.097 [pool-1-thread-2] DEBUG com.mnc.udp.UDPServer - UDP-Server: Message-25-78
21:20:57.097 [pool-1-thread-3] DEBUG com.mnc.udp.UDPServer - UDP-Server: Message-90-86 -> Message-90-86 (/127.0.0.1:49515)
21:20:57.097 [pool-1-thread-2] DEBUG com.mnc.udp.UDPServer - UDP-Server: Message-25-78 -> Message-25-78 (/127.0.0.1:49450)
21:20:57.097 [pool-1-thread-3] DEBUG com.mnc.udp.UDPServer - UDP-Server: Message-12-76
21:20:57.097 [pool-1-thread-3] DEBUG com.mnc.udp.UDPServer - UDP-Server: Message-12-76 -> Message-12-76 (/127.0.0.1:49437)
21:20:57.097 [pool-1-thread-1] DEBUG com.mnc.udp.UDPServer - UDP-Server: Message-27-81 -> Message-27-81 (/127.0.0.1:49452)
21:20:57.097 [pool-1-thread-5] DEBUG com.mnc.udp.UDPServer - UDP-Server: Message-42-95 -> Message-42-95 (/127.0.0.1:49467)
21:20:57.097 [pool-1-thread-4] DEBUG com.mnc.udp.UDPServer - UDP-Server: Message-41-69
21:20:57.097 [pool-1-thread-2] DEBUG com.mnc.udp.UDPServer - UDP-Server: Message-85-6
21:20:57.097 [pool-1-thread-5] DEBUG com.mnc.udp.UDPServer - UDP-Server: Message-25-79
21:20:57.097 [pool-1-thread-3] DEBUG com.mnc.udp.UDPServer - UDP-Server: Message-90-84
21:20:57.097 [pool-1-thread-2] DEBUG com.mnc.udp.UDPServer - UDP-Server: Message-85-6 -> Message-85-6 (/127.0.0.1:49510)
21:20:57.097 [pool-1-thread-4] DEBUG com.mnc.udp.UDPServer - UDP-Server: Message-41-69 -> Message-41-69 (/127.0.0.1:49466)
21:20:57.097 [pool-1-thread-1] DEBUG com.mnc.udp.UDPServer - UDP-Server: Message-12-77
21:20:57.097 [pool-1-thread-2] DEBUG com.mnc.udp.UDPServer - UDP-Server: Message-27-85
21:20:57.097 [pool-1-thread-1] DEBUG com.mnc.udp.UDPServer - UDP-Server: Message-12-77 -> Message-12-77 (/127.0.0.1:49437)
21:20:57.097 [pool-1-thread-5] DEBUG com.mnc.udp.UDPServer - UDP-Server: Message-25-79 -> Message-25-79 (/127.0.0.1:49450)
21:20:57.097 [pool-1-thread-3] DEBUG com.mnc.udp.UDPServer - UDP-Server: Message-90-84 -> Message-90-84 (/127.0.0.1:49515)
21:20:57.097 [pool-1-thread-2] DEBUG com.mnc.udp.UDPServer - UDP-Server: Message-27-85 -> Message-27-85 (/127.0.0.1:49452)
21:20:57.097 [pool-1-thread-4] DEBUG com.mnc.udp.UDPServer - UDP-Server: Message-42-93
21:20:57.097 [pool-1-thread-1] DEBUG com.mnc.udp.UDPServer - UDP-Server: Message-85-10
21:20:57.097 [pool-1-thread-4] DEBUG com.mnc.udp.UDPServer - UDP-Server: Message-42-93 -> Message-42-93 (/127.0.0.1:49467)
21:20:57.097 [pool-1-thread-1] DEBUG com.mnc.udp.UDPServer - UDP-Server: Message-85-10 -> Message-85-10 (/127.0.0.1:49510)
21:20:57.097 [pool-1-thread-1] DEBUG com.mnc.udp.UDPServer - UDP-Server: Message-41-70
21:20:57.097 [pool-1-thread-1] DEBUG com.mnc.udp.UDPServer - UDP-Server: Message-41-70 -> Message-41-70 (/127.0.0.1:49466)
21:20:57.097 [pool-1-thread-5] DEBUG com.mnc.udp.UDPServer - UDP-Server: Message-12-75
21:20:57.097 [pool-1-thread-5] DEBUG com.mnc.udp.UDPServer - UDP-Server: Message-12-75 -> Message-12-75 (/127.0.0.1:49437)
21:20:57.097 [pool-1-thread-3] DEBUG com.mnc.udp.UDPServer - UDP-Server: Message-90-78
21:20:57.097 [pool-1-thread-1] DEBUG com.mnc.udp.UDPServer - UDP-Server: Message-25-80
21:20:57.097 [pool-1-thread-1] DEBUG com.mnc.udp.UDPServer - UDP-Server: Message-25-80 -> Message-25-80 (/127.0.0.1:49450)
21:20:57.097 [pool-1-thread-3] DEBUG com.mnc.udp.UDPServer - UDP-Server: Message-90-78 -> Message-90-78 (/127.0.0.1:49515)
21:20:57.097 [pool-1-thread-5] DEBUG com.mnc.udp.UDPServer - UDP-Server: Message-27-86
21:20:57.097 [pool-1-thread-4] DEBUG com.mnc.udp.UDPServer - UDP-Server: Message-85-11
21:20:57.097 [pool-1-thread-5] DEBUG com.mnc.udp.UDPServer - UDP-Server: Message-27-86 -> Message-27-86 (/127.0.0.1:49452)
21:20:57.097 [pool-1-thread-4] DEBUG com.mnc.udp.UDPServer - UDP-Server: Message-85-11 -> Message-85-11 (/127.0.0.1:49510)
21:20:57.097 [pool-1-thread-1] DEBUG com.mnc.udp.UDPServer - UDP-Server: Message-42-82
21:20:57.097 [pool-1-thread-5] DEBUG com.mnc.udp.UDPServer - UDP-Server: Message-12-57
21:20:57.097 [pool-1-thread-5] DEBUG com.mnc.udp.UDPServer - UDP-Server: Message-12-57 -> Message-12-57 (/127.0.0.1:49437)
21:20:57.097 [pool-1-thread-1] DEBUG com.mnc.udp.UDPServer - UDP-Server: Message-42-82 -> Message-42-82 (/127.0.0.1:49467)
21:20:57.097 [pool-1-thread-3] DEBUG com.mnc.udp.UDPServer - UDP-Server: Message-90-79
21:20:57.097 [pool-1-thread-2] DEBUG com.mnc.udp.UDPServer - UDP-Server: Message-41-68
21:20:57.097 [pool-1-thread-5] DEBUG com.mnc.udp.UDPServer - UDP-Server: Message-85-9
21:20:57.097 [pool-1-thread-1] DEBUG com.mnc.udp.UDPServer - UDP-Server: Message-12-58
21:20:57.097 [pool-1-thread-2] DEBUG com.mnc.udp.UDPServer - UDP-Server: Message-41-68 -> Message-41-68 (/127.0.0.1:49466)
21:20:57.097 [pool-1-thread-4] DEBUG com.mnc.udp.UDPServer - UDP-Server: Message-25-76
21:20:57.097 [pool-1-thread-4] DEBUG com.mnc.udp.UDPServer - UDP-Server: Message-25-76 -> Message-25-76 (/127.0.0.1:49450)
21:20:57.097 [pool-1-thread-3] DEBUG com.mnc.udp.UDPServer - UDP-Server: Message-90-79 -> Message-90-79 (/127.0.0.1:49515)
21:20:57.097 [pool-1-thread-4] DEBUG com.mnc.udp.UDPServer - UDP-Server: Message-42-83
21:20:57.097 [pool-1-thread-4] DEBUG com.mnc.udp.UDPServer - UDP-Server: Message-42-83 -> Message-42-83 (/127.0.0.1:49467)
21:20:57.097 [pool-1-thread-1] DEBUG com.mnc.udp.UDPServer - UDP-Server: Message-12-58 -> Message-12-58 (/127.0.0.1:49437)
21:20:57.097 [pool-1-thread-5] DEBUG com.mnc.udp.UDPServer - UDP-Server: Message-85-9 -> Message-85-9 (/127.0.0.1:49510)
21:20:57.097 [pool-1-thread-2] DEBUG com.mnc.udp.UDPServer - UDP-Server: Message-27-84
21:20:57.097 [pool-1-thread-1] DEBUG com.mnc.udp.UDPServer - UDP-Server: Message-25-77
21:20:57.097 [pool-1-thread-3] DEBUG com.mnc.udp.UDPServer - UDP-Server: Message-41-63
21:20:57.097 [pool-1-thread-1] DEBUG com.mnc.udp.UDPServer - UDP-Server: Message-25-77 -> Message-25-77 (/127.0.0.1:49450)
21:20:57.097 [pool-1-thread-2] DEBUG com.mnc.udp.UDPServer - UDP-Server: Message-27-84 -> Message-27-84 (/127.0.0.1:49452)
21:20:57.097 [pool-1-thread-5] DEBUG com.mnc.udp.UDPServer - UDP-Server: Message-90-80
21:20:57.098 [pool-1-thread-3] DEBUG com.mnc.udp.UDPServer - UDP-Server: Message-41-63 -> Message-41-63 (/127.0.0.1:49466)
21:20:57.098 [pool-1-thread-5] DEBUG com.mnc.udp.UDPServer - UDP-Server: Message-90-80 -> Message-90-80 (/127.0.0.1:49515)
21:20:57.098 [pool-1-thread-1] DEBUG com.mnc.udp.UDPServer - UDP-Server: Message-12-56
21:20:57.098 [pool-1-thread-4] DEBUG com.mnc.udp.UDPServer - UDP-Server: Message-42-81
21:20:57.098 [pool-1-thread-2] DEBUG com.mnc.udp.UDPServer - UDP-Server: Message-85-3
21:20:57.098 [pool-1-thread-4] DEBUG com.mnc.udp.UDPServer - UDP-Server: Message-42-81 -> Message-42-81 (/127.0.0.1:49467)
21:20:57.098 [pool-1-thread-1] DEBUG com.mnc.udp.UDPServer - UDP-Server: Message-12-56 -> Message-12-56 (/127.0.0.1:49437)
21:20:57.098 [pool-1-thread-2] DEBUG com.mnc.udp.UDPServer - UDP-Server: Message-85-3 -> Message-85-3 (/127.0.0.1:49510)
21:20:57.098 [pool-1-thread-4] DEBUG com.mnc.udp.UDPServer - UDP-Server: Message-25-75
21:20:57.098 [pool-1-thread-4] DEBUG com.mnc.udp.UDPServer - UDP-Server: Message-25-75 -> Message-25-75 (/127.0.0.1:49450)
21:20:57.098 [pool-1-thread-2] DEBUG com.mnc.udp.UDPServer - UDP-Server: Message-27-78
21:20:57.098 [pool-1-thread-1] DEBUG com.mnc.udp.UDPServer - UDP-Server: Message-41-64
21:20:57.098 [pool-1-thread-2] DEBUG com.mnc.udp.UDPServer - UDP-Server: Message-27-78 -> Message-27-78 (/127.0.0.1:49452)
21:20:57.098 [pool-1-thread-4] DEBUG com.mnc.udp.UDPServer - UDP-Server: Message-90-76
21:20:57.098 [pool-1-thread-4] DEBUG com.mnc.udp.UDPServer - UDP-Server: Message-90-76 -> Message-90-76 (/127.0.0.1:49515)
21:20:57.098 [pool-1-thread-1] DEBUG com.mnc.udp.UDPServer - UDP-Server: Message-41-64 -> Message-41-64 (/127.0.0.1:49466)
21:20:57.098 [pool-1-thread-4] DEBUG com.mnc.udp.UDPServer - UDP-Server: Message-85-4
21:20:57.098 [pool-1-thread-4] DEBUG com.mnc.udp.UDPServer - UDP-Server: Message-85-4 -> Message-85-4 (/127.0.0.1:49510)
21:20:57.098 [pool-1-thread-1] DEBUG com.mnc.udp.UDPServer - UDP-Server: Message-12-60
21:20:57.098 [pool-1-thread-2] DEBUG com.mnc.udp.UDPServer - UDP-Server: Message-42-85
21:20:57.098 [pool-1-thread-1] DEBUG com.mnc.udp.UDPServer - UDP-Server: Message-12-60 -> Message-12-60 (/127.0.0.1:49437)
21:20:57.098 [pool-1-thread-5] DEBUG com.mnc.udp.UDPServer - UDP-Server: Message-25-57
21:20:57.098 [pool-1-thread-5] DEBUG com.mnc.udp.UDPServer - UDP-Server: Message-25-57 -> Message-25-57 (/127.0.0.1:49450)
21:20:57.098 [pool-1-thread-2] DEBUG com.mnc.udp.UDPServer - UDP-Server: Message-42-85 -> Message-42-85 (/127.0.0.1:49467)
21:20:57.098 [pool-1-thread-5] DEBUG com.mnc.udp.UDPServer - UDP-Server: Message-90-77
21:20:57.098 [pool-1-thread-3] DEBUG com.mnc.udp.UDPServer - UDP-Server: Message-27-79
21:20:57.098 [pool-1-thread-3] DEBUG com.mnc.udp.UDPServer - UDP-Server: Message-27-79 -> Message-27-79 (/127.0.0.1:49452)
21:20:57.098 [pool-1-thread-5] DEBUG com.mnc.udp.UDPServer - UDP-Server: Message-90-77 -> Message-90-77 (/127.0.0.1:49515)
21:20:57.098 [pool-1-thread-3] DEBUG com.mnc.udp.UDPServer - UDP-Server: Message-41-66
21:20:57.098 [pool-1-thread-3] DEBUG com.mnc.udp.UDPServer - UDP-Server: Message-41-66 -> Message-41-66 (/127.0.0.1:49466)
21:20:57.098 [pool-1-thread-4] DEBUG com.mnc.udp.UDPServer - UDP-Server: Message-85-5
21:20:57.098 [pool-1-thread-1] DEBUG com.mnc.udp.UDPServer - UDP-Server: Message-25-58
21:20:57.098 [pool-1-thread-2] DEBUG com.mnc.udp.UDPServer - UDP-Server: Message-12-61
21:20:57.098 [pool-1-thread-4] DEBUG com.mnc.udp.UDPServer - UDP-Server: Message-85-5 -> Message-85-5 (/127.0.0.1:49510)
21:20:57.098 [pool-1-thread-1] DEBUG com.mnc.udp.UDPServer - UDP-Server: Message-25-58 -> Message-25-58 (/127.0.0.1:49450)
21:20:57.098 [pool-1-thread-4] DEBUG com.mnc.udp.UDPServer - UDP-Server: Message-90-75
21:20:57.098 [pool-1-thread-2] DEBUG com.mnc.udp.UDPServer - UDP-Server: Message-12-61 -> Message-12-61 (/127.0.0.1:49437)
21:20:57.098 [pool-1-thread-4] DEBUG com.mnc.udp.UDPServer - UDP-Server: Message-90-75 -> Message-90-75 (/127.0.0.1:49515)
21:20:57.098 [pool-1-thread-3] DEBUG com.mnc.udp.UDPServer - UDP-Server: Message-42-52
21:20:57.098 [pool-1-thread-1] DEBUG com.mnc.udp.UDPServer - UDP-Server: Message-41-67
21:20:57.098 [pool-1-thread-5] DEBUG com.mnc.udp.UDPServer - UDP-Server: Message-27-80
21:20:57.098 [pool-1-thread-1] DEBUG com.mnc.udp.UDPServer - UDP-Server: Message-41-67 -> Message-41-67 (/127.0.0.1:49466)
21:20:57.098 [pool-1-thread-3] DEBUG com.mnc.udp.UDPServer - UDP-Server: Message-42-52 -> Message-42-52 (/127.0.0.1:49467)
21:20:57.098 [pool-1-thread-2] DEBUG com.mnc.udp.UDPServer - UDP-Server: Message-85-51
21:20:57.098 [pool-1-thread-2] DEBUG com.mnc.udp.UDPServer - UDP-Server: Message-85-51 -> Message-85-51 (/127.0.0.1:49510)
21:20:57.098 [pool-1-thread-5] DEBUG com.mnc.udp.UDPServer - UDP-Server: Message-27-80 -> Message-27-80 (/127.0.0.1:49452)
21:20:57.098 [pool-1-thread-5] DEBUG com.mnc.udp.UDPServer - UDP-Server: Message-25-56
21:20:57.098 [pool-1-thread-4] DEBUG com.mnc.udp.UDPServer - UDP-Server: Message-12-59
21:20:57.098 [pool-1-thread-1] DEBUG com.mnc.udp.UDPServer - UDP-Server: Message-90-57
21:20:57.098 [pool-1-thread-3] DEBUG com.mnc.udp.UDPServer - UDP-Server: Message-41-62
21:20:57.098 [pool-1-thread-4] DEBUG com.mnc.udp.UDPServer - UDP-Server: Message-12-59 -> Message-12-59 (/127.0.0.1:49437)
21:20:57.098 [pool-1-thread-5] DEBUG com.mnc.udp.UDPServer - UDP-Server: Message-25-56 -> Message-25-56 (/127.0.0.1:49450)
21:20:57.098 [pool-1-thread-1] DEBUG com.mnc.udp.UDPServer - UDP-Server: Message-90-57 -> Message-90-57 (/127.0.0.1:49515)
21:20:57.098 [pool-1-thread-5] DEBUG com.mnc.udp.UDPServer - UDP-Server: Message-85-52
21:20:57.098 [pool-1-thread-5] DEBUG com.mnc.udp.UDPServer - UDP-Server: Message-85-52 -> Message-85-52 (/127.0.0.1:49510)
21:20:57.098 [pool-1-thread-2] DEBUG com.mnc.udp.UDPServer - UDP-Server: Message-42-50
21:20:57.098 [pool-1-thread-2] DEBUG com.mnc.udp.UDPServer - UDP-Server: Message-42-50 -> Message-42-50 (/127.0.0.1:49467)
21:20:57.098 [pool-1-thread-3] DEBUG com.mnc.udp.UDPServer - UDP-Server: Message-41-62 -> Message-41-62 (/127.0.0.1:49466)
21:20:57.098 [pool-1-thread-5] DEBUG com.mnc.udp.UDPServer - UDP-Server: Message-12-53
21:20:57.098 [pool-1-thread-3] DEBUG com.mnc.udp.UDPServer - UDP-Server: Message-25-60
21:20:57.098 [pool-1-thread-3] DEBUG com.mnc.udp.UDPServer - UDP-Server: Message-25-60 -> Message-25-60 (/127.0.0.1:49450)
21:20:57.098 [pool-1-thread-3] DEBUG com.mnc.udp.UDPServer - UDP-Server: Message-90-58
21:20:57.098 [pool-1-thread-3] DEBUG com.mnc.udp.UDPServer - UDP-Server: Message-90-58 -> Message-90-58 (/127.0.0.1:49515)
21:20:57.098 [pool-1-thread-2] DEBUG com.mnc.udp.UDPServer - UDP-Server: Message-85-50
21:20:57.098 [pool-1-thread-2] DEBUG com.mnc.udp.UDPServer - UDP-Server: Message-85-50 -> Message-85-50 (/127.0.0.1:49510)
21:20:57.098 [pool-1-thread-4] DEBUG com.mnc.udp.UDPServer - UDP-Server: Message-77-32
21:20:57.098 [pool-1-thread-4] DEBUG com.mnc.udp.UDPServer - UDP-Server: Message-77-32 -> Message-77-32 (/127.0.0.1:49502)
21:20:57.098 [pool-1-thread-1] DEBUG com.mnc.udp.UDPServer - UDP-Server: Message-27-76
21:20:57.098 [pool-1-thread-1] DEBUG com.mnc.udp.UDPServer - UDP-Server: Message-27-76 -> Message-27-76 (/127.0.0.1:49452)
21:20:57.098 [pool-1-thread-5] DEBUG com.mnc.udp.UDPServer - UDP-Server: Message-12-53 -> Message-12-53 (/127.0.0.1:49437)
21:20:57.099 [pool-1-thread-2] DEBUG com.mnc.udp.UDPServer - UDP-Server: Message-25-61
21:20:57.099 [pool-1-thread-5] DEBUG com.mnc.udp.UDPServer - UDP-Server: Message-90-56
21:20:57.099 [pool-1-thread-2] DEBUG com.mnc.udp.UDPServer - UDP-Server: Message-25-61 -> Message-25-61 (/127.0.0.1:49450)
21:20:57.099 [pool-1-thread-5] DEBUG com.mnc.udp.UDPServer - UDP-Server: Message-90-56 -> Message-90-56 (/127.0.0.1:49515)
21:20:57.098 [pool-1-thread-3] DEBUG com.mnc.udp.UDPServer - UDP-Server: Message-42-71
21:20:57.099 [pool-1-thread-3] DEBUG com.mnc.udp.UDPServer - UDP-Server: Message-42-71 -> Message-42-71 (/127.0.0.1:49467)
21:20:57.099 [pool-1-thread-4] DEBUG com.mnc.udp.UDPServer - UDP-Server: Message-27-77
21:20:57.099 [pool-1-thread-4] DEBUG com.mnc.udp.UDPServer - UDP-Server: Message-27-77 -> Message-27-77 (/127.0.0.1:49452)
21:20:57.099 [pool-1-thread-5] DEBUG com.mnc.udp.UDPServer - UDP-Server: Message-77-33
21:20:57.099 [pool-1-thread-5] DEBUG com.mnc.udp.UDPServer - UDP-Server: Message-77-33 -> Message-77-33 (/127.0.0.1:49502)
21:20:57.099 [pool-1-thread-2] DEBUG com.mnc.udp.UDPServer - UDP-Server: Message-12-54
21:20:57.099 [pool-1-thread-2] DEBUG com.mnc.udp.UDPServer - UDP-Server: Message-12-54 -> Message-12-54 (/127.0.0.1:49437)
21:20:57.099 [pool-1-thread-2] DEBUG com.mnc.udp.UDPServer - UDP-Server: Message-25-59
21:20:57.099 [pool-1-thread-2] DEBUG com.mnc.udp.UDPServer - UDP-Server: Message-25-59 -> Message-25-59 (/127.0.0.1:49450)
21:20:57.099 [pool-1-thread-3] DEBUG com.mnc.udp.UDPServer - UDP-Server: Message-90-60
21:20:57.099 [pool-1-thread-3] DEBUG com.mnc.udp.UDPServer - UDP-Server: Message-90-60 -> Message-90-60 (/127.0.0.1:49515)
21:20:57.099 [pool-1-thread-4] DEBUG com.mnc.udp.UDPServer - UDP-Server: Message-42-72
21:20:57.099 [pool-1-thread-3] DEBUG com.mnc.udp.UDPServer - UDP-Server: Message-27-75
21:20:57.099 [pool-1-thread-3] DEBUG com.mnc.udp.UDPServer - UDP-Server: Message-27-75 -> Message-27-75 (/127.0.0.1:49452)
21:20:57.099 [pool-1-thread-2] DEBUG com.mnc.udp.UDPServer - UDP-Server: Message-85-71
21:20:57.099 [pool-1-thread-4] DEBUG com.mnc.udp.UDPServer - UDP-Server: Message-42-72 -> Message-42-72 (/127.0.0.1:49467)
21:20:57.099 [pool-1-thread-1] DEBUG com.mnc.udp.UDPServer - UDP-Server: Message-77-31
21:20:57.099 [pool-1-thread-1] DEBUG com.mnc.udp.UDPServer - UDP-Server: Message-77-31 -> Message-77-31 (/127.0.0.1:49502)
21:20:57.099 [pool-1-thread-3] DEBUG com.mnc.udp.UDPServer - UDP-Server: Message-12-55
21:20:57.099 [pool-1-thread-1] DEBUG com.mnc.udp.UDPServer - UDP-Server: Message-27-57
21:20:57.099 [pool-1-thread-2] DEBUG com.mnc.udp.UDPServer - UDP-Server: Message-85-71 -> Message-85-71 (/127.0.0.1:49510)
21:20:57.099 [pool-1-thread-4] DEBUG com.mnc.udp.UDPServer - UDP-Server: Message-25-53
21:20:57.099 [pool-1-thread-2] DEBUG com.mnc.udp.UDPServer - UDP-Server: Message-42-73
21:20:57.099 [pool-1-thread-3] DEBUG com.mnc.udp.UDPServer - UDP-Server: Message-12-55 -> Message-12-55 (/127.0.0.1:49437)
21:20:57.099 [pool-1-thread-5] DEBUG com.mnc.udp.UDPServer - UDP-Server: Message-90-61
21:20:57.099 [pool-1-thread-5] DEBUG com.mnc.udp.UDPServer - UDP-Server: Message-90-61 -> Message-90-61 (/127.0.0.1:49515)
21:20:57.099 [pool-1-thread-3] DEBUG com.mnc.udp.UDPServer - UDP-Server: Message-77-35
21:20:57.099 [pool-1-thread-1] DEBUG com.mnc.udp.UDPServer - UDP-Server: Message-27-57 -> Message-27-57 (/127.0.0.1:49452)
21:20:57.099 [pool-1-thread-4] DEBUG com.mnc.udp.UDPServer - UDP-Server: Message-25-53 -> Message-25-53 (/127.0.0.1:49450)
21:20:57.099 [pool-1-thread-5] DEBUG com.mnc.udp.UDPServer - UDP-Server: Message-85-72
21:20:57.099 [pool-1-thread-2] DEBUG com.mnc.udp.UDPServer - UDP-Server: Message-42-73 -> Message-42-73 (/127.0.0.1:49467)
21:20:57.099 [pool-1-thread-3] DEBUG com.mnc.udp.UDPServer - UDP-Server: Message-77-35 -> Message-77-35 (/127.0.0.1:49502)
21:20:57.099 [pool-1-thread-5] DEBUG com.mnc.udp.UDPServer - UDP-Server: Message-85-72 -> Message-85-72 (/127.0.0.1:49510)
21:20:57.099 [pool-1-thread-1] DEBUG com.mnc.udp.UDPServer - UDP-Server: Message-12-51
21:20:57.099 [pool-1-thread-5] DEBUG com.mnc.udp.UDPServer - UDP-Server: Message-90-59
21:20:57.099 [pool-1-thread-5] DEBUG com.mnc.udp.UDPServer - UDP-Server: Message-90-59 -> Message-90-59 (/127.0.0.1:49515)
21:20:57.099 [pool-1-thread-4] DEBUG com.mnc.udp.UDPServer - UDP-Server: Message-27-58
21:20:57.099 [pool-1-thread-4] DEBUG com.mnc.udp.UDPServer - UDP-Server: Message-27-58 -> Message-27-58 (/127.0.0.1:49452)
21:20:57.099 [pool-1-thread-1] DEBUG com.mnc.udp.UDPServer - UDP-Server: Message-12-51 -> Message-12-51 (/127.0.0.1:49437)
21:20:57.099 [pool-1-thread-5] DEBUG com.mnc.udp.UDPServer - UDP-Server: Message-25-54
21:20:57.099 [pool-1-thread-1] DEBUG com.mnc.udp.UDPServer - UDP-Server: Message-42-48
21:20:57.099 [pool-1-thread-3] DEBUG com.mnc.udp.UDPServer - UDP-Server: Message-85-73
21:20:57.099 [pool-1-thread-4] DEBUG com.mnc.udp.UDPServer - UDP-Server: Message-77-36
21:20:57.099 [pool-1-thread-3] DEBUG com.mnc.udp.UDPServer - UDP-Server: Message-85-73 -> Message-85-73 (/127.0.0.1:49510)
21:20:57.099 [pool-1-thread-2] DEBUG com.mnc.udp.UDPServer - UDP-Server: Message-90-53
21:20:57.099 [pool-1-thread-5] DEBUG com.mnc.udp.UDPServer - UDP-Server: Message-25-54 -> Message-25-54 (/127.0.0.1:49450)
21:20:57.099 [pool-1-thread-1] DEBUG com.mnc.udp.UDPServer - UDP-Server: Message-42-48 -> Message-42-48 (/127.0.0.1:49467)
21:20:57.099 [pool-1-thread-4] DEBUG com.mnc.udp.UDPServer - UDP-Server: Message-77-36 -> Message-77-36 (/127.0.0.1:49502)
21:20:57.100 [pool-1-thread-2] DEBUG com.mnc.udp.UDPServer - UDP-Server: Message-90-53 -> Message-90-53 (/127.0.0.1:49515)
21:20:57.100 [pool-1-thread-5] DEBUG com.mnc.udp.UDPServer - UDP-Server: Message-27-56
21:20:57.100 [pool-1-thread-5] DEBUG com.mnc.udp.UDPServer - UDP-Server: Message-27-56 -> Message-27-56 (/127.0.0.1:49452)
21:20:57.100 [pool-1-thread-3] DEBUG com.mnc.udp.UDPServer - UDP-Server: Message-12-52
21:20:57.100 [pool-1-thread-5] DEBUG com.mnc.udp.UDPServer - UDP-Server: Message-85-74
21:20:57.100 [pool-1-thread-3] DEBUG com.mnc.udp.UDPServer - UDP-Server: Message-12-52 -> Message-12-52 (/127.0.0.1:49437)
21:20:57.100 [pool-1-thread-5] DEBUG com.mnc.udp.UDPServer - UDP-Server: Message-85-74 -> Message-85-74 (/127.0.0.1:49510)
21:20:57.100 [pool-1-thread-1] DEBUG com.mnc.udp.UDPServer - UDP-Server: Message-25-55
21:20:57.100 [pool-1-thread-3] DEBUG com.mnc.udp.UDPServer - UDP-Server: Message-77-34
21:20:57.100 [pool-1-thread-1] DEBUG com.mnc.udp.UDPServer - UDP-Server: Message-25-55 -> Message-25-55 (/127.0.0.1:49450)
21:20:57.100 [pool-1-thread-2] DEBUG com.mnc.udp.UDPServer - UDP-Server: Message-90-54
21:20:57.100 [pool-1-thread-2] DEBUG com.mnc.udp.UDPServer - UDP-Server: Message-90-54 -> Message-90-54 (/127.0.0.1:49515)
21:20:57.100 [pool-1-thread-5] DEBUG com.mnc.udp.UDPServer - UDP-Server: Message-42-49
21:20:57.100 [pool-1-thread-3] DEBUG com.mnc.udp.UDPServer - UDP-Server: Message-77-34 -> Message-77-34 (/127.0.0.1:49502)
21:20:57.100 [pool-1-thread-1] DEBUG com.mnc.udp.UDPServer - UDP-Server: Message-27-60
21:20:57.100 [pool-1-thread-4] DEBUG com.mnc.udp.UDPServer - UDP-Server: Message-12-50
21:20:57.100 [pool-1-thread-1] DEBUG com.mnc.udp.UDPServer - UDP-Server: Message-27-60 -> Message-27-60 (/127.0.0.1:49452)
21:20:57.100 [pool-1-thread-5] DEBUG com.mnc.udp.UDPServer - UDP-Server: Message-42-49 -> Message-42-49 (/127.0.0.1:49467)
21:20:57.100 [pool-1-thread-1] DEBUG com.mnc.udp.UDPServer - UDP-Server: Message-25-51
21:20:57.100 [pool-1-thread-2] DEBUG com.mnc.udp.UDPServer - UDP-Server: Message-85-69
21:20:57.100 [pool-1-thread-4] DEBUG com.mnc.udp.UDPServer - UDP-Server: Message-12-50 -> Message-12-50 (/127.0.0.1:49437)
21:20:57.100 [pool-1-thread-5] DEBUG com.mnc.udp.UDPServer - UDP-Server: Message-90-55
21:20:57.100 [pool-1-thread-2] DEBUG com.mnc.udp.UDPServer - UDP-Server: Message-85-69 -> Message-85-69 (/127.0.0.1:49510)
21:20:57.100 [pool-1-thread-1] DEBUG com.mnc.udp.UDPServer - UDP-Server: Message-25-51 -> Message-25-51 (/127.0.0.1:49450)
21:20:57.100 [pool-1-thread-5] DEBUG com.mnc.udp.UDPServer - UDP-Server: Message-90-55 -> Message-90-55 (/127.0.0.1:49515)
21:20:57.100 [pool-1-thread-1] DEBUG com.mnc.udp.UDPServer - UDP-Server: Message-27-61
21:20:57.100 [pool-1-thread-3] DEBUG com.mnc.udp.UDPServer - UDP-Server: Message-42-46
21:20:57.100 [pool-1-thread-1] DEBUG com.mnc.udp.UDPServer - UDP-Server: Message-27-61 -> Message-27-61 (/127.0.0.1:49452)
21:20:57.100 [pool-1-thread-4] DEBUG com.mnc.udp.UDPServer - UDP-Server: Message-12-71
21:20:57.100 [pool-1-thread-3] DEBUG com.mnc.udp.UDPServer - UDP-Server: Message-42-46 -> Message-42-46 (/127.0.0.1:49467)
21:20:57.100 [pool-1-thread-2] DEBUG com.mnc.udp.UDPServer - UDP-Server: Message-85-70
21:20:57.100 [pool-1-thread-2] DEBUG com.mnc.udp.UDPServer - UDP-Server: Message-85-70 -> Message-85-70 (/127.0.0.1:49510)
21:20:57.100 [pool-1-thread-5] DEBUG com.mnc.udp.UDPServer - UDP-Server: Message-77-28
21:20:57.100 [pool-1-thread-3] DEBUG com.mnc.udp.UDPServer - UDP-Server: Message-25-52
21:20:57.100 [pool-1-thread-5] DEBUG com.mnc.udp.UDPServer - UDP-Server: Message-77-28 -> Message-77-28 (/127.0.0.1:49502)
21:20:57.100 [pool-1-thread-4] DEBUG com.mnc.udp.UDPServer - UDP-Server: Message-12-71 -> Message-12-71 (/127.0.0.1:49437)
21:20:57.100 [pool-1-thread-5] DEBUG com.mnc.udp.UDPServer - UDP-Server: Message-90-51
21:20:57.100 [pool-1-thread-4] DEBUG com.mnc.udp.UDPServer - UDP-Server: Message-27-59
21:20:57.100 [pool-1-thread-5] DEBUG com.mnc.udp.UDPServer - UDP-Server: Message-90-51 -> Message-90-51 (/127.0.0.1:49515)
21:20:57.100 [pool-1-thread-3] DEBUG com.mnc.udp.UDPServer - UDP-Server: Message-25-52 -> Message-25-52 (/127.0.0.1:49450)
21:20:57.100 [pool-1-thread-2] DEBUG com.mnc.udp.UDPServer - UDP-Server: Message-42-47
21:20:57.100 [pool-1-thread-4] DEBUG com.mnc.udp.UDPServer - UDP-Server: Message-27-59 -> Message-27-59 (/127.0.0.1:49452)
21:20:57.100 [pool-1-thread-5] DEBUG com.mnc.udp.UDPServer - UDP-Server: Message-77-29
21:20:57.100 [pool-1-thread-5] DEBUG com.mnc.udp.UDPServer - UDP-Server: Message-77-29 -> Message-77-29 (/127.0.0.1:49502)
21:20:57.100 [pool-1-thread-2] DEBUG com.mnc.udp.UDPServer - UDP-Server: Message-42-47 -> Message-42-47 (/127.0.0.1:49467)
21:20:57.100 [pool-1-thread-1] DEBUG com.mnc.udp.UDPServer - UDP-Server: Message-85-68
21:20:57.100 [pool-1-thread-1] DEBUG com.mnc.udp.UDPServer - UDP-Server: Message-85-68 -> Message-85-68 (/127.0.0.1:49510)
21:20:57.100 [pool-1-thread-4] DEBUG com.mnc.udp.UDPServer - UDP-Server: Message-12-72
21:20:57.100 [pool-1-thread-4] DEBUG com.mnc.udp.UDPServer - UDP-Server: Message-12-72 -> Message-12-72 (/127.0.0.1:49437)
21:20:57.100 [pool-1-thread-2] DEBUG com.mnc.udp.UDPServer - UDP-Server: Message-90-52
21:20:57.100 [pool-1-thread-2] DEBUG com.mnc.udp.UDPServer - UDP-Server: Message-90-52 -> Message-90-52 (/127.0.0.1:49515)
21:20:57.100 [pool-1-thread-5] DEBUG com.mnc.udp.UDPServer - UDP-Server: Message-25-50
21:20:57.100 [pool-1-thread-5] DEBUG com.mnc.udp.UDPServer - UDP-Server: Message-25-50 -> Message-25-50 (/127.0.0.1:49450)
21:20:57.100 [pool-1-thread-2] DEBUG com.mnc.udp.UDPServer - UDP-Server: Message-77-30
21:20:57.100 [pool-1-thread-2] DEBUG com.mnc.udp.UDPServer - UDP-Server: Message-77-30 -> Message-77-30 (/127.0.0.1:49502)
21:20:57.100 [pool-1-thread-5] DEBUG com.mnc.udp.UDPServer - UDP-Server: Message-85-63
21:20:57.100 [pool-1-thread-4] DEBUG com.mnc.udp.UDPServer - UDP-Server: Message-27-53
21:20:57.100 [pool-1-thread-4] DEBUG com.mnc.udp.UDPServer - UDP-Server: Message-27-53 -> Message-27-53 (/127.0.0.1:49452)
21:20:57.100 [pool-1-thread-5] DEBUG com.mnc.udp.UDPServer - UDP-Server: Message-85-63 -> Message-85-63 (/127.0.0.1:49510)
21:20:57.100 [pool-1-thread-3] DEBUG com.mnc.udp.UDPServer - UDP-Server: Message-42-74
21:20:57.100 [pool-1-thread-3] DEBUG com.mnc.udp.UDPServer - UDP-Server: Message-42-74 -> Message-42-74 (/127.0.0.1:49467)
21:20:57.100 [pool-1-thread-5] DEBUG com.mnc.udp.UDPServer - UDP-Server: Message-90-50
21:20:57.100 [pool-1-thread-5] DEBUG com.mnc.udp.UDPServer - UDP-Server: Message-90-50 -> Message-90-50 (/127.0.0.1:49515)
21:20:57.100 [pool-1-thread-1] DEBUG com.mnc.udp.UDPServer - UDP-Server: Message-77-26
21:20:57.100 [pool-1-thread-4] DEBUG com.mnc.udp.UDPServer - UDP-Server: Message-12-73
21:20:57.100 [pool-1-thread-1] DEBUG com.mnc.udp.UDPServer - UDP-Server: Message-77-26 -> Message-77-26 (/127.0.0.1:49502)
21:20:57.100 [pool-1-thread-5] DEBUG com.mnc.udp.UDPServer - UDP-Server: Message-25-71
21:20:57.100 [pool-1-thread-2] DEBUG com.mnc.udp.UDPServer - UDP-Server: Message-27-54
21:20:57.100 [pool-1-thread-4] DEBUG com.mnc.udp.UDPServer - UDP-Server: Message-12-73 -> Message-12-73 (/127.0.0.1:49437)
21:20:57.100 [pool-1-thread-3] DEBUG com.mnc.udp.UDPServer - UDP-Server: Message-85-1
21:20:57.100 [pool-1-thread-1] DEBUG com.mnc.udp.UDPServer - UDP-Server: Message-42-86
21:20:57.100 [pool-1-thread-5] DEBUG com.mnc.udp.UDPServer - UDP-Server: Message-25-71 -> Message-25-71 (/127.0.0.1:49450)
21:20:57.100 [pool-1-thread-3] DEBUG com.mnc.udp.UDPServer - UDP-Server: Message-85-1 -> Message-85-1 (/127.0.0.1:49510)
21:20:57.100 [pool-1-thread-2] DEBUG com.mnc.udp.UDPServer - UDP-Server: Message-27-54 -> Message-27-54 (/127.0.0.1:49452)
21:20:57.100 [pool-1-thread-4] DEBUG com.mnc.udp.UDPServer - UDP-Server: Message-90-71
21:20:57.100 [pool-1-thread-5] DEBUG com.mnc.udp.UDPServer - UDP-Server: Message-77-90
21:20:57.100 [pool-1-thread-5] DEBUG com.mnc.udp.UDPServer - UDP-Server: Message-77-90 -> Message-77-90 (/127.0.0.1:49502)
21:20:57.100 [pool-1-thread-4] DEBUG com.mnc.udp.UDPServer - UDP-Server: Message-90-71 -> Message-90-71 (/127.0.0.1:49515)
21:20:57.100 [pool-1-thread-1] DEBUG com.mnc.udp.UDPServer - UDP-Server: Message-42-86 -> Message-42-86 (/127.0.0.1:49467)
21:20:57.100 [pool-1-thread-1] DEBUG com.mnc.udp.UDPServer - UDP-Server: Message-12-74
21:20:57.100 [pool-1-thread-1] DEBUG com.mnc.udp.UDPServer - UDP-Server: Message-12-74 -> Message-12-74 (/127.0.0.1:49437)
21:20:57.100 [pool-1-thread-2] DEBUG com.mnc.udp.UDPServer - UDP-Server: Message-25-72
21:20:57.100 [pool-1-thread-1] DEBUG com.mnc.udp.UDPServer - UDP-Server: Message-85-2
21:20:57.100 [pool-1-thread-2] DEBUG com.mnc.udp.UDPServer - UDP-Server: Message-25-72 -> Message-25-72 (/127.0.0.1:49450)
21:20:57.101 [pool-1-thread-1] DEBUG com.mnc.udp.UDPServer - UDP-Server: Message-85-2 -> Message-85-2 (/127.0.0.1:49510)
21:20:57.101 [pool-1-thread-4] DEBUG com.mnc.udp.UDPServer - UDP-Server: Message-27-55
21:20:57.101 [pool-1-thread-3] DEBUG com.mnc.udp.UDPServer - UDP-Server: Message-90-72
21:20:57.101 [pool-1-thread-5] DEBUG com.mnc.udp.UDPServer - UDP-Server: Message-42-84
21:20:57.101 [pool-1-thread-3] DEBUG com.mnc.udp.UDPServer - UDP-Server: Message-90-72 -> Message-90-72 (/127.0.0.1:49515)
21:20:57.101 [pool-1-thread-2] DEBUG com.mnc.udp.UDPServer - UDP-Server: Message-77-27
21:20:57.101 [pool-1-thread-4] DEBUG com.mnc.udp.UDPServer - UDP-Server: Message-27-55 -> Message-27-55 (/127.0.0.1:49452)
21:20:57.101 [pool-1-thread-5] DEBUG com.mnc.udp.UDPServer - UDP-Server: Message-42-84 -> Message-42-84 (/127.0.0.1:49467)
21:20:57.101 [pool-1-thread-4] DEBUG com.mnc.udp.UDPServer - UDP-Server: Message-85-64
21:20:57.101 [pool-1-thread-4] DEBUG com.mnc.udp.UDPServer - UDP-Server: Message-85-64 -> Message-85-64 (/127.0.0.1:49510)
21:20:57.101 [pool-1-thread-1] DEBUG com.mnc.udp.UDPServer - UDP-Server: Message-12-69
21:20:57.101 [pool-1-thread-5] DEBUG com.mnc.udp.UDPServer - UDP-Server: Message-90-73
21:20:57.101 [pool-1-thread-2] DEBUG com.mnc.udp.UDPServer - UDP-Server: Message-77-27 -> Message-77-27 (/127.0.0.1:49502)
21:20:57.101 [pool-1-thread-3] DEBUG com.mnc.udp.UDPServer - UDP-Server: Message-25-73
21:20:57.101 [pool-1-thread-1] DEBUG com.mnc.udp.UDPServer - UDP-Server: Message-12-69 -> Message-12-69 (/127.0.0.1:49437)
21:20:57.101 [pool-1-thread-5] DEBUG com.mnc.udp.UDPServer - UDP-Server: Message-90-73 -> Message-90-73 (/127.0.0.1:49515)
21:20:57.101 [pool-1-thread-4] DEBUG com.mnc.udp.UDPServer - UDP-Server: Message-27-51
21:20:57.101 [pool-1-thread-2] DEBUG com.mnc.udp.UDPServer - UDP-Server: Message-42-69
21:20:57.101 [pool-1-thread-4] DEBUG com.mnc.udp.UDPServer - UDP-Server: Message-27-51 -> Message-27-51 (/127.0.0.1:49452)
21:20:57.101 [pool-1-thread-2] DEBUG com.mnc.udp.UDPServer - UDP-Server: Message-42-69 -> Message-42-69 (/127.0.0.1:49467)
21:20:57.101 [pool-1-thread-3] DEBUG com.mnc.udp.UDPServer - UDP-Server: Message-25-73 -> Message-25-73 (/127.0.0.1:49450)
21:20:57.101 [pool-1-thread-5] DEBUG com.mnc.udp.UDPServer - UDP-Server: Message-12-70
21:20:57.101 [pool-1-thread-1] DEBUG com.mnc.udp.UDPServer - UDP-Server: Message-85-0
21:20:57.101 [pool-1-thread-3] DEBUG com.mnc.udp.UDPServer - UDP-Server: Message-27-52
21:20:57.101 [pool-1-thread-4] DEBUG com.mnc.udp.UDPServer - UDP-Server: Message-77-91
21:20:57.101 [pool-1-thread-5] DEBUG com.mnc.udp.UDPServer - UDP-Server: Message-12-70 -> Message-12-70 (/127.0.0.1:49437)
21:20:57.101 [pool-1-thread-4] DEBUG com.mnc.udp.UDPServer - UDP-Server: Message-77-91 -> Message-77-91 (/127.0.0.1:49502)
21:20:57.101 [pool-1-thread-2] DEBUG com.mnc.udp.UDPServer - UDP-Server: Message-90-74
21:20:57.101 [pool-1-thread-5] DEBUG com.mnc.udp.UDPServer - UDP-Server: Message-42-70
21:20:57.101 [pool-1-thread-2] DEBUG com.mnc.udp.UDPServer - UDP-Server: Message-90-74 -> Message-90-74 (/127.0.0.1:49515)
21:20:57.101 [pool-1-thread-1] DEBUG com.mnc.udp.UDPServer - UDP-Server: Message-85-0 -> Message-85-0 (/127.0.0.1:49510)
21:20:57.101 [pool-1-thread-3] DEBUG com.mnc.udp.UDPServer - UDP-Server: Message-27-52 -> Message-27-52 (/127.0.0.1:49452)
21:20:57.101 [pool-1-thread-4] DEBUG com.mnc.udp.UDPServer - UDP-Server: Message-25-74
21:20:57.101 [pool-1-thread-3] DEBUG com.mnc.udp.UDPServer - UDP-Server: Message-12-68
21:20:57.101 [pool-1-thread-3] DEBUG com.mnc.udp.UDPServer - UDP-Server: Message-12-68 -> Message-12-68 (/127.0.0.1:49437)
21:20:57.101 [pool-1-thread-5] DEBUG com.mnc.udp.UDPServer - UDP-Server: Message-42-70 -> Message-42-70 (/127.0.0.1:49467)
21:20:57.101 [pool-1-thread-4] DEBUG com.mnc.udp.UDPServer - UDP-Server: Message-25-74 -> Message-25-74 (/127.0.0.1:49450)
21:20:57.101 [pool-1-thread-3] DEBUG com.mnc.udp.UDPServer - UDP-Server: Message-77-92
21:20:57.101 [pool-1-thread-2] DEBUG com.mnc.udp.UDPServer - UDP-Server: Message-85-62
21:20:57.101 [pool-1-thread-5] DEBUG com.mnc.udp.UDPServer - UDP-Server: Message-90-69
21:20:57.101 [pool-1-thread-4] DEBUG com.mnc.udp.UDPServer - UDP-Server: Message-27-50
21:20:57.101 [pool-1-thread-5] DEBUG com.mnc.udp.UDPServer - UDP-Server: Message-90-69 -> Message-90-69 (/127.0.0.1:49515)
21:20:57.101 [pool-1-thread-1] DEBUG com.mnc.udp.UDPServer - UDP-Server: Message-12-63
21:20:57.101 [pool-1-thread-1] DEBUG com.mnc.udp.UDPServer - UDP-Server: Message-12-63 -> Message-12-63 (/127.0.0.1:49437)
21:20:57.101 [pool-1-thread-5] DEBUG com.mnc.udp.UDPServer - UDP-Server: Message-42-68
21:20:57.101 [pool-1-thread-3] DEBUG com.mnc.udp.UDPServer - UDP-Server: Message-77-92 -> Message-77-92 (/127.0.0.1:49502)
21:20:57.101 [pool-1-thread-2] DEBUG com.mnc.udp.UDPServer - UDP-Server: Message-85-62 -> Message-85-62 (/127.0.0.1:49510)
21:20:57.101 [pool-1-thread-4] DEBUG com.mnc.udp.UDPServer - UDP-Server: Message-27-50 -> Message-27-50 (/127.0.0.1:49452)
21:20:57.102 [pool-1-thread-5] DEBUG com.mnc.udp.UDPServer - UDP-Server: Message-42-68 -> Message-42-68 (/127.0.0.1:49467)
21:20:57.102 [pool-1-thread-1] DEBUG com.mnc.udp.UDPServer - UDP-Server: Message-25-69
21:20:57.102 [pool-1-thread-1] DEBUG com.mnc.udp.UDPServer - UDP-Server: Message-25-69 -> Message-25-69 (/127.0.0.1:49450)
21:20:57.102 [pool-1-thread-2] DEBUG com.mnc.udp.UDPServer - UDP-Server: Message-12-64
21:20:57.102 [pool-1-thread-2] DEBUG com.mnc.udp.UDPServer - UDP-Server: Message-12-64 -> Message-12-64 (/127.0.0.1:49437)
21:20:57.102 [pool-1-thread-3] DEBUG com.mnc.udp.UDPServer - UDP-Server: Message-90-70
21:20:57.102 [pool-1-thread-5] DEBUG com.mnc.udp.UDPServer - UDP-Server: Message-77-88
21:20:57.102 [pool-1-thread-2] DEBUG com.mnc.udp.UDPServer - UDP-Server: Message-85-66
21:20:57.102 [pool-1-thread-4] DEBUG com.mnc.udp.UDPServer - UDP-Server: Message-34-32
21:20:57.102 [pool-1-thread-1] DEBUG com.mnc.udp.UDPServer - UDP-Server: Message-27-71
21:20:57.102 [pool-1-thread-3] DEBUG com.mnc.udp.UDPServer - UDP-Server: Message-90-70 -> Message-90-70 (/127.0.0.1:49515)
21:20:57.102 [pool-1-thread-5] DEBUG com.mnc.udp.UDPServer - UDP-Server: Message-77-88 -> Message-77-88 (/127.0.0.1:49502)
21:20:57.102 [pool-1-thread-2] DEBUG com.mnc.udp.UDPServer - UDP-Server: Message-85-66 -> Message-85-66 (/127.0.0.1:49510)
21:20:57.102 [pool-1-thread-5] DEBUG com.mnc.udp.UDPServer - UDP-Server: Message-42-40
21:20:57.102 [pool-1-thread-5] DEBUG com.mnc.udp.UDPServer - UDP-Server: Message-42-40 -> Message-42-40 (/127.0.0.1:49467)
21:20:57.102 [pool-1-thread-4] DEBUG com.mnc.udp.UDPServer - UDP-Server: Message-34-32 -> Message-34-32 (/127.0.0.1:49459)
21:20:57.102 [pool-1-thread-2] DEBUG com.mnc.udp.UDPServer - UDP-Server: Message-12-62
21:20:57.102 [pool-1-thread-5] DEBUG com.mnc.udp.UDPServer - UDP-Server: Message-90-68
21:20:57.102 [pool-1-thread-1] DEBUG com.mnc.udp.UDPServer - UDP-Server: Message-27-71 -> Message-27-71 (/127.0.0.1:49452)
21:20:57.102 [pool-1-thread-4] DEBUG com.mnc.udp.UDPServer - UDP-Server: Message-77-89
21:20:57.102 [pool-1-thread-4] DEBUG com.mnc.udp.UDPServer - UDP-Server: Message-77-89 -> Message-77-89 (/127.0.0.1:49502)
21:20:57.102 [pool-1-thread-3] DEBUG com.mnc.udp.UDPServer - UDP-Server: Message-25-70
21:20:57.102 [pool-1-thread-3] DEBUG com.mnc.udp.UDPServer - UDP-Server: Message-25-70 -> Message-25-70 (/127.0.0.1:49450)
21:20:57.102 [pool-1-thread-1] DEBUG com.mnc.udp.UDPServer - UDP-Server: Message-42-41
21:20:57.102 [pool-1-thread-2] DEBUG com.mnc.udp.UDPServer - UDP-Server: Message-12-62 -> Message-12-62 (/127.0.0.1:49437)
21:20:57.102 [pool-1-thread-5] DEBUG com.mnc.udp.UDPServer - UDP-Server: Message-90-68 -> Message-90-68 (/127.0.0.1:49515)
21:20:57.102 [pool-1-thread-4] DEBUG com.mnc.udp.UDPServer - UDP-Server: Message-85-67
21:20:57.102 [pool-1-thread-1] DEBUG com.mnc.udp.UDPServer - UDP-Server: Message-42-41 -> Message-42-41 (/127.0.0.1:49467)
21:20:57.102 [pool-1-thread-3] DEBUG com.mnc.udp.UDPServer - UDP-Server: Message-34-33
21:20:57.102 [pool-1-thread-2] DEBUG com.mnc.udp.UDPServer - UDP-Server: Message-27-72
21:20:57.102 [pool-1-thread-1] DEBUG com.mnc.udp.UDPServer - UDP-Server: Message-25-68
21:20:57.102 [pool-1-thread-1] DEBUG com.mnc.udp.UDPServer - UDP-Server: Message-25-68 -> Message-25-68 (/127.0.0.1:49450)
21:20:57.102 [pool-1-thread-3] DEBUG com.mnc.udp.UDPServer - UDP-Server: Message-34-33 -> Message-34-33 (/127.0.0.1:49459)
21:20:57.102 [pool-1-thread-4] DEBUG com.mnc.udp.UDPServer - UDP-Server: Message-85-67 -> Message-85-67 (/127.0.0.1:49510)
21:20:57.102 [pool-1-thread-5] DEBUG com.mnc.udp.UDPServer - UDP-Server: Message-77-25
21:20:57.102 [pool-1-thread-2] DEBUG com.mnc.udp.UDPServer - UDP-Server: Message-27-72 -> Message-27-72 (/127.0.0.1:49452)
21:20:57.102 [pool-1-thread-5] DEBUG com.mnc.udp.UDPServer - UDP-Server: Message-77-25 -> Message-77-25 (/127.0.0.1:49502)
21:20:57.102 [pool-1-thread-3] DEBUG com.mnc.udp.UDPServer - UDP-Server: Message-42-42
21:20:57.102 [pool-1-thread-1] DEBUG com.mnc.udp.UDPServer - UDP-Server: Message-12-66
21:20:57.102 [pool-1-thread-4] DEBUG com.mnc.udp.UDPServer - UDP-Server: Message-90-63
21:20:57.102 [pool-1-thread-4] DEBUG com.mnc.udp.UDPServer - UDP-Server: Message-90-63 -> Message-90-63 (/127.0.0.1:49515)
21:20:57.102 [pool-1-thread-1] DEBUG com.mnc.udp.UDPServer - UDP-Server: Message-12-66 -> Message-12-66 (/127.0.0.1:49437)
21:20:57.102 [pool-1-thread-3] DEBUG com.mnc.udp.UDPServer - UDP-Server: Message-42-42 -> Message-42-42 (/127.0.0.1:49467)
21:20:57.102 [pool-1-thread-2] DEBUG com.mnc.udp.UDPServer - UDP-Server: Message-25-63
21:20:57.103 [pool-1-thread-5] DEBUG com.mnc.udp.UDPServer - UDP-Server: Message-34-31
21:20:57.103 [pool-1-thread-1] DEBUG com.mnc.udp.UDPServer - UDP-Server: Message-12-67
21:20:57.103 [pool-1-thread-2] DEBUG com.mnc.udp.UDPServer - UDP-Server: Message-25-63 -> Message-25-63 (/127.0.0.1:49450)
21:20:57.103 [pool-1-thread-1] DEBUG com.mnc.udp.UDPServer - UDP-Server: Message-12-67 -> Message-12-67 (/127.0.0.1:49437)
21:20:57.103 [pool-1-thread-3] DEBUG com.mnc.udp.UDPServer - UDP-Server: Message-77-87
21:20:57.103 [pool-1-thread-2] DEBUG com.mnc.udp.UDPServer - UDP-Server: Message-90-64
21:20:57.103 [pool-1-thread-1] DEBUG com.mnc.udp.UDPServer - UDP-Server: Message-42-63
21:20:57.103 [pool-1-thread-5] DEBUG com.mnc.udp.UDPServer - UDP-Server: Message-34-31 -> Message-34-31 (/127.0.0.1:49459)
21:20:57.103 [pool-1-thread-4] DEBUG com.mnc.udp.UDPServer - UDP-Server: Message-27-73
21:20:57.103 [pool-1-thread-3] DEBUG com.mnc.udp.UDPServer - UDP-Server: Message-77-87 -> Message-77-87 (/127.0.0.1:49502)
21:20:57.103 [pool-1-thread-1] DEBUG com.mnc.udp.UDPServer - UDP-Server: Message-42-63 -> Message-42-63 (/127.0.0.1:49467)
21:20:57.103 [pool-1-thread-4] DEBUG com.mnc.udp.UDPServer - UDP-Server: Message-27-73 -> Message-27-73 (/127.0.0.1:49452)
21:20:57.103 [pool-1-thread-2] DEBUG com.mnc.udp.UDPServer - UDP-Server: Message-90-64 -> Message-90-64 (/127.0.0.1:49515)
21:20:57.103 [pool-1-thread-5] DEBUG com.mnc.udp.UDPServer - UDP-Server: Message-25-64
21:20:57.103 [pool-1-thread-4] DEBUG com.mnc.udp.UDPServer - UDP-Server: Message-24-32
21:20:57.103 [pool-1-thread-5] DEBUG com.mnc.udp.UDPServer - UDP-Server: Message-25-64 -> Message-25-64 (/127.0.0.1:49450)
21:20:57.103 [pool-1-thread-4] DEBUG com.mnc.udp.UDPServer - UDP-Server: Message-24-32 -> Message-24-32 (/127.0.0.1:49449)
21:20:57.103 [pool-1-thread-5] DEBUG com.mnc.udp.UDPServer - UDP-Server: Message-34-35
21:20:57.103 [pool-1-thread-5] DEBUG com.mnc.udp.UDPServer - UDP-Server: Message-34-35 -> Message-34-35 (/127.0.0.1:49459)
21:20:57.103 [pool-1-thread-4] DEBUG com.mnc.udp.UDPServer - UDP-Server: Message-77-96
21:20:57.103 [pool-1-thread-4] DEBUG com.mnc.udp.UDPServer - UDP-Server: Message-77-96 -> Message-77-96 (/127.0.0.1:49502)
21:20:57.103 [pool-1-thread-3] DEBUG com.mnc.udp.UDPServer - UDP-Server: Message-42-64
21:20:57.103 [pool-1-thread-3] DEBUG com.mnc.udp.UDPServer - UDP-Server: Message-42-64 -> Message-42-64 (/127.0.0.1:49467)
21:20:57.103 [pool-1-thread-4] DEBUG com.mnc.udp.UDPServer - UDP-Server: Message-27-74
21:20:57.103 [pool-1-thread-2] DEBUG com.mnc.udp.UDPServer - UDP-Server: Message-24-33
21:20:57.103 [pool-1-thread-3] DEBUG com.mnc.udp.UDPServer - UDP-Server: Message-90-62
21:20:57.103 [pool-1-thread-1] DEBUG com.mnc.udp.UDPServer - UDP-Server: Message-25-62
21:20:57.103 [pool-1-thread-3] DEBUG com.mnc.udp.UDPServer - UDP-Server: Message-90-62 -> Message-90-62 (/127.0.0.1:49515)
21:20:57.103 [pool-1-thread-1] DEBUG com.mnc.udp.UDPServer - UDP-Server: Message-25-62 -> Message-25-62 (/127.0.0.1:49450)
21:20:57.103 [pool-1-thread-5] DEBUG com.mnc.udp.UDPServer - UDP-Server: Message-77-97
21:20:57.103 [pool-1-thread-3] DEBUG com.mnc.udp.UDPServer - UDP-Server: Message-42-62
21:20:57.103 [pool-1-thread-4] DEBUG com.mnc.udp.UDPServer - UDP-Server: Message-27-74 -> Message-27-74 (/127.0.0.1:49452)
21:20:57.103 [pool-1-thread-3] DEBUG com.mnc.udp.UDPServer - UDP-Server: Message-42-62 -> Message-42-62 (/127.0.0.1:49467)
21:20:57.103 [pool-1-thread-5] DEBUG com.mnc.udp.UDPServer - UDP-Server: Message-77-97 -> Message-77-97 (/127.0.0.1:49502)
21:20:57.103 [pool-1-thread-2] DEBUG com.mnc.udp.UDPServer - UDP-Server: Message-24-33 -> Message-24-33 (/127.0.0.1:49449)
21:20:57.103 [pool-1-thread-1] DEBUG com.mnc.udp.UDPServer - UDP-Server: Message-34-36
21:20:57.103 [pool-1-thread-1] DEBUG com.mnc.udp.UDPServer - UDP-Server: Message-34-36 -> Message-34-36 (/127.0.0.1:49459)
21:20:57.103 [pool-1-thread-2] DEBUG com.mnc.udp.UDPServer - UDP-Server: Message-90-66
21:20:57.103 [pool-1-thread-2] DEBUG com.mnc.udp.UDPServer - UDP-Server: Message-90-66 -> Message-90-66 (/127.0.0.1:49515)
21:20:57.103 [pool-1-thread-1] DEBUG com.mnc.udp.UDPServer - UDP-Server: Message-25-66
21:20:57.103 [pool-1-thread-4] DEBUG com.mnc.udp.UDPServer - UDP-Server: Message-24-31
21:20:57.103 [pool-1-thread-1] DEBUG com.mnc.udp.UDPServer - UDP-Server: Message-25-66 -> Message-25-66 (/127.0.0.1:49450)
21:20:57.103 [pool-1-thread-4] DEBUG com.mnc.udp.UDPServer - UDP-Server: Message-24-31 -> Message-24-31 (/127.0.0.1:49449)
21:20:57.103 [pool-1-thread-5] DEBUG com.mnc.udp.UDPServer - UDP-Server: Message-27-69
21:20:57.103 [pool-1-thread-2] DEBUG com.mnc.udp.UDPServer - UDP-Server: Message-42-66
21:20:57.103 [pool-1-thread-3] DEBUG com.mnc.udp.UDPServer - UDP-Server: Message-77-98
21:20:57.103 [pool-1-thread-1] DEBUG com.mnc.udp.UDPServer - UDP-Server: Message-90-67
21:20:57.103 [pool-1-thread-4] DEBUG com.mnc.udp.UDPServer - UDP-Server: Message-34-90
21:20:57.103 [pool-1-thread-4] DEBUG com.mnc.udp.UDPServer - UDP-Server: Message-34-90 -> Message-34-90 (/127.0.0.1:49459)
21:20:57.103 [pool-1-thread-5] DEBUG com.mnc.udp.UDPServer - UDP-Server: Message-27-69 -> Message-27-69 (/127.0.0.1:49452)
21:20:57.103 [pool-1-thread-4] DEBUG com.mnc.udp.UDPServer - UDP-Server: Message-25-67
21:20:57.103 [pool-1-thread-2] DEBUG com.mnc.udp.UDPServer - UDP-Server: Message-42-66 -> Message-42-66 (/127.0.0.1:49467)
21:20:57.103 [pool-1-thread-1] DEBUG com.mnc.udp.UDPServer - UDP-Server: Message-90-67 -> Message-90-67 (/127.0.0.1:49515)
21:20:57.103 [pool-1-thread-3] DEBUG com.mnc.udp.UDPServer - UDP-Server: Message-77-98 -> Message-77-98 (/127.0.0.1:49502)
21:20:57.103 [pool-1-thread-4] DEBUG com.mnc.udp.UDPServer - UDP-Server: Message-25-67 -> Message-25-67 (/127.0.0.1:49450)
21:20:57.103 [pool-1-thread-5] DEBUG com.mnc.udp.UDPServer - UDP-Server: Message-24-35
21:20:57.104 [pool-1-thread-2] DEBUG com.mnc.udp.UDPServer - UDP-Server: Message-34-34
21:20:57.104 [pool-1-thread-4] DEBUG com.mnc.udp.UDPServer - UDP-Server: Message-27-70
21:20:57.104 [pool-1-thread-3] DEBUG com.mnc.udp.UDPServer - UDP-Server: Message-77-99
21:20:57.104 [pool-1-thread-4] DEBUG com.mnc.udp.UDPServer - UDP-Server: Message-27-70 -> Message-27-70 (/127.0.0.1:49452)
21:20:57.104 [pool-1-thread-5] DEBUG com.mnc.udp.UDPServer - UDP-Server: Message-24-35 -> Message-24-35 (/127.0.0.1:49449)
21:20:57.104 [pool-1-thread-2] DEBUG com.mnc.udp.UDPServer - UDP-Server: Message-34-34 -> Message-34-34 (/127.0.0.1:49459)
21:20:57.104 [pool-1-thread-4] DEBUG com.mnc.udp.UDPServer - UDP-Server: Message-42-67
21:20:57.104 [pool-1-thread-4] DEBUG com.mnc.udp.UDPServer - UDP-Server: Message-42-67 -> Message-42-67 (/127.0.0.1:49467)
21:20:57.104 [pool-1-thread-5] DEBUG com.mnc.udp.UDPServer - UDP-Server: Message-76-32
21:20:57.104 [pool-1-thread-5] DEBUG com.mnc.udp.UDPServer - UDP-Server: Message-76-32 -> Message-76-32 (/127.0.0.1:49501)
21:20:57.104 [pool-1-thread-1] DEBUG com.mnc.udp.UDPServer - UDP-Server: Message-22-32
21:20:57.104 [pool-1-thread-3] DEBUG com.mnc.udp.UDPServer - UDP-Server: Message-77-99 -> Message-77-99 (/127.0.0.1:49502)
21:20:57.104 [pool-1-thread-1] DEBUG com.mnc.udp.UDPServer - UDP-Server: Message-22-32 -> Message-22-32 (/127.0.0.1:49447)
21:20:57.104 [pool-1-thread-3] DEBUG com.mnc.udp.UDPServer - UDP-Server: Message-27-68
21:20:57.104 [pool-1-thread-3] DEBUG com.mnc.udp.UDPServer - UDP-Server: Message-27-68 -> Message-27-68 (/127.0.0.1:49452)
21:20:57.104 [pool-1-thread-1] DEBUG com.mnc.udp.UDPServer - UDP-Server: Message-34-28
21:20:57.104 [pool-1-thread-3] DEBUG com.mnc.udp.UDPServer - UDP-Server: Message-62-32
21:20:57.104 [pool-1-thread-3] DEBUG com.mnc.udp.UDPServer - UDP-Server: Message-62-32 -> Message-62-32 (/127.0.0.1:49487)
21:20:57.104 [pool-1-thread-5] DEBUG com.mnc.udp.UDPServer - UDP-Server: Message-76-33
21:20:57.104 [pool-1-thread-3] DEBUG com.mnc.udp.UDPServer - UDP-Server: Message-22-33
21:20:57.104 [pool-1-thread-3] DEBUG com.mnc.udp.UDPServer - UDP-Server: Message-22-33 -> Message-22-33 (/127.0.0.1:49447)
21:20:57.104 [pool-1-thread-2] DEBUG com.mnc.udp.UDPServer - UDP-Server: Message-24-36
21:20:57.104 [pool-1-thread-1] DEBUG com.mnc.udp.UDPServer - UDP-Server: Message-34-28 -> Message-34-28 (/127.0.0.1:49459)
21:20:57.104 [pool-1-thread-4] DEBUG com.mnc.udp.UDPServer - UDP-Server: Message-42-78
21:20:57.104 [pool-1-thread-5] DEBUG com.mnc.udp.UDPServer - UDP-Server: Message-76-33 -> Message-76-33 (/127.0.0.1:49501)
21:20:57.104 [pool-1-thread-3] DEBUG com.mnc.udp.UDPServer - UDP-Server: Message-77-94
21:20:57.104 [pool-1-thread-2] DEBUG com.mnc.udp.UDPServer - UDP-Server: Message-24-36 -> Message-24-36 (/127.0.0.1:49449)
21:20:57.104 [pool-1-thread-5] DEBUG com.mnc.udp.UDPServer - UDP-Server: Message-62-33
21:20:57.104 [pool-1-thread-1] DEBUG com.mnc.udp.UDPServer - UDP-Server: Message-27-63
21:20:57.104 [pool-1-thread-2] DEBUG com.mnc.udp.UDPServer - UDP-Server: Message-22-31
21:20:57.104 [pool-1-thread-1] DEBUG com.mnc.udp.UDPServer - UDP-Server: Message-27-63 -> Message-27-63 (/127.0.0.1:49452)
21:20:57.104 [pool-1-thread-4] DEBUG com.mnc.udp.UDPServer - UDP-Server: Message-42-78 -> Message-42-78 (/127.0.0.1:49467)
21:20:57.104 [pool-1-thread-3] DEBUG com.mnc.udp.UDPServer - UDP-Server: Message-77-94 -> Message-77-94 (/127.0.0.1:49502)
21:20:57.104 [pool-1-thread-5] DEBUG com.mnc.udp.UDPServer - UDP-Server: Message-62-33 -> Message-62-33 (/127.0.0.1:49487)
21:20:57.104 [pool-1-thread-3] DEBUG com.mnc.udp.UDPServer - UDP-Server: Message-24-34
21:20:57.104 [pool-1-thread-2] DEBUG com.mnc.udp.UDPServer - UDP-Server: Message-22-31 -> Message-22-31 (/127.0.0.1:49447)
21:20:57.104 [pool-1-thread-3] DEBUG com.mnc.udp.UDPServer - UDP-Server: Message-24-34 -> Message-24-34 (/127.0.0.1:49449)
21:20:57.104 [pool-1-thread-5] DEBUG com.mnc.udp.UDPServer - UDP-Server: Message-27-64
21:20:57.104 [pool-1-thread-5] DEBUG com.mnc.udp.UDPServer - UDP-Server: Message-27-64 -> Message-27-64 (/127.0.0.1:49452)
21:20:57.104 [pool-1-thread-1] DEBUG com.mnc.udp.UDPServer - UDP-Server: Message-34-29
21:20:57.104 [pool-1-thread-1] DEBUG com.mnc.udp.UDPServer - UDP-Server: Message-34-29 -> Message-34-29 (/127.0.0.1:49459)
21:20:57.104 [pool-1-thread-4] DEBUG com.mnc.udp.UDPServer - UDP-Server: Message-76-31
21:20:57.105 [pool-1-thread-3] DEBUG com.mnc.udp.UDPServer - UDP-Server: Message-62-31
21:20:57.105 [pool-1-thread-5] DEBUG com.mnc.udp.UDPServer - UDP-Server: Message-22-35
21:20:57.105 [pool-1-thread-2] DEBUG com.mnc.udp.UDPServer - UDP-Server: Message-77-95
21:20:57.105 [pool-1-thread-4] DEBUG com.mnc.udp.UDPServer - UDP-Server: Message-76-31 -> Message-76-31 (/127.0.0.1:49501)
21:20:57.105 [pool-1-thread-2] DEBUG com.mnc.udp.UDPServer - UDP-Server: Message-77-95 -> Message-77-95 (/127.0.0.1:49502)
21:20:57.105 [pool-1-thread-1] DEBUG com.mnc.udp.UDPServer - UDP-Server: Message-42-79
21:20:57.105 [pool-1-thread-3] DEBUG com.mnc.udp.UDPServer - UDP-Server: Message-62-31 -> Message-62-31 (/127.0.0.1:49487)
21:20:57.105 [pool-1-thread-4] DEBUG com.mnc.udp.UDPServer - UDP-Server: Message-24-28
21:20:57.105 [pool-1-thread-5] DEBUG com.mnc.udp.UDPServer - UDP-Server: Message-22-35 -> Message-22-35 (/127.0.0.1:49447)
21:20:57.105 [pool-1-thread-3] DEBUG com.mnc.udp.UDPServer - UDP-Server: Message-34-30
21:20:57.105 [pool-1-thread-3] DEBUG com.mnc.udp.UDPServer - UDP-Server: Message-34-30 -> Message-34-30 (/127.0.0.1:49459)
21:20:57.105 [pool-1-thread-2] DEBUG com.mnc.udp.UDPServer - UDP-Server: Message-27-62
21:20:57.105 [pool-1-thread-5] DEBUG com.mnc.udp.UDPServer - UDP-Server: Message-76-35
21:20:57.105 [pool-1-thread-5] DEBUG com.mnc.udp.UDPServer - UDP-Server: Message-76-35 -> Message-76-35 (/127.0.0.1:49501)
21:20:57.105 [pool-1-thread-1] DEBUG com.mnc.udp.UDPServer - UDP-Server: Message-42-79 -> Message-42-79 (/127.0.0.1:49467)
21:20:57.105 [pool-1-thread-4] DEBUG com.mnc.udp.UDPServer - UDP-Server: Message-24-28 -> Message-24-28 (/127.0.0.1:49449)
21:20:57.105 [pool-1-thread-2] DEBUG com.mnc.udp.UDPServer - UDP-Server: Message-27-62 -> Message-27-62 (/127.0.0.1:49452)
21:20:57.105 [pool-1-thread-1] DEBUG com.mnc.udp.UDPServer - UDP-Server: Message-62-35
21:20:57.105 [pool-1-thread-1] DEBUG com.mnc.udp.UDPServer - UDP-Server: Message-62-35 -> Message-62-35 (/127.0.0.1:49487)
21:20:57.105 [pool-1-thread-4] DEBUG com.mnc.udp.UDPServer - UDP-Server: Message-77-93
21:20:57.105 [pool-1-thread-2] DEBUG com.mnc.udp.UDPServer - UDP-Server: Message-22-36
21:20:57.105 [pool-1-thread-3] DEBUG com.mnc.udp.UDPServer - UDP-Server: Message-76-36
21:20:57.105 [pool-1-thread-4] DEBUG com.mnc.udp.UDPServer - UDP-Server: Message-77-93 -> Message-77-93 (/127.0.0.1:49502)
21:20:57.105 [pool-1-thread-5] DEBUG com.mnc.udp.UDPServer - UDP-Server: Message-34-26
21:20:57.105 [pool-1-thread-1] DEBUG com.mnc.udp.UDPServer - UDP-Server: Message-42-80
21:20:57.105 [pool-1-thread-2] DEBUG com.mnc.udp.UDPServer - UDP-Server: Message-22-36 -> Message-22-36 (/127.0.0.1:49447)
21:20:57.105 [pool-1-thread-1] DEBUG com.mnc.udp.UDPServer - UDP-Server: Message-42-80 -> Message-42-80 (/127.0.0.1:49467)
21:20:57.105 [pool-1-thread-2] DEBUG com.mnc.udp.UDPServer - UDP-Server: Message-27-66
21:20:57.105 [pool-1-thread-2] DEBUG com.mnc.udp.UDPServer - UDP-Server: Message-27-66 -> Message-27-66 (/127.0.0.1:49452)
21:20:57.105 [pool-1-thread-3] DEBUG com.mnc.udp.UDPServer - UDP-Server: Message-76-36 -> Message-76-36 (/127.0.0.1:49501)
21:20:57.105 [pool-1-thread-2] DEBUG com.mnc.udp.UDPServer - UDP-Server: Message-77-44
21:20:57.105 [pool-1-thread-3] DEBUG com.mnc.udp.UDPServer - UDP-Server: Message-22-34
21:20:57.105 [pool-1-thread-5] DEBUG com.mnc.udp.UDPServer - UDP-Server: Message-34-26 -> Message-34-26 (/127.0.0.1:49459)
21:20:57.105 [pool-1-thread-3] DEBUG com.mnc.udp.UDPServer - UDP-Server: Message-22-34 -> Message-22-34 (/127.0.0.1:49447)
21:20:57.105 [pool-1-thread-4] DEBUG com.mnc.udp.UDPServer - UDP-Server: Message-24-29
21:20:57.105 [pool-1-thread-3] DEBUG com.mnc.udp.UDPServer - UDP-Server: Message-27-67
21:20:57.105 [pool-1-thread-3] DEBUG com.mnc.udp.UDPServer - UDP-Server: Message-27-67 -> Message-27-67 (/127.0.0.1:49452)
21:20:57.105 [pool-1-thread-1] DEBUG com.mnc.udp.UDPServer - UDP-Server: Message-62-36
21:20:57.105 [pool-1-thread-3] DEBUG com.mnc.udp.UDPServer - UDP-Server: Message-76-34
21:20:57.105 [pool-1-thread-3] DEBUG com.mnc.udp.UDPServer - UDP-Server: Message-76-34 -> Message-76-34 (/127.0.0.1:49501)
21:20:57.105 [pool-1-thread-2] DEBUG com.mnc.udp.UDPServer - UDP-Server: Message-77-44 -> Message-77-44 (/127.0.0.1:49502)
21:20:57.105 [pool-1-thread-3] DEBUG com.mnc.udp.UDPServer - UDP-Server: Message-34-27
21:20:57.105 [pool-1-thread-5] DEBUG com.mnc.udp.UDPServer - UDP-Server: Message-42-76
21:20:57.105 [pool-1-thread-4] DEBUG com.mnc.udp.UDPServer - UDP-Server: Message-24-29 -> Message-24-29 (/127.0.0.1:49449)
21:20:57.105 [pool-1-thread-1] DEBUG com.mnc.udp.UDPServer - UDP-Server: Message-62-36 -> Message-62-36 (/127.0.0.1:49487)
21:20:57.105 [pool-1-thread-4] DEBUG com.mnc.udp.UDPServer - UDP-Server: Message-36-32
21:20:57.105 [pool-1-thread-4] DEBUG com.mnc.udp.UDPServer - UDP-Server: Message-36-32 -> Message-36-32 (/127.0.0.1:49461)
21:20:57.105 [pool-1-thread-2] DEBUG com.mnc.udp.UDPServer - UDP-Server: Message-22-28
21:20:57.105 [pool-1-thread-1] DEBUG com.mnc.udp.UDPServer - UDP-Server: Message-77-45
21:20:57.105 [pool-1-thread-2] DEBUG com.mnc.udp.UDPServer - UDP-Server: Message-22-28 -> Message-22-28 (/127.0.0.1:49447)
21:20:57.105 [pool-1-thread-1] DEBUG com.mnc.udp.UDPServer - UDP-Server: Message-77-45 -> Message-77-45 (/127.0.0.1:49502)
21:20:57.105 [pool-1-thread-3] DEBUG com.mnc.udp.UDPServer - UDP-Server: Message-34-27 -> Message-34-27 (/127.0.0.1:49459)
21:20:57.105 [pool-1-thread-5] DEBUG com.mnc.udp.UDPServer - UDP-Server: Message-42-76 -> Message-42-76 (/127.0.0.1:49467)
21:20:57.105 [pool-1-thread-2] DEBUG com.mnc.udp.UDPServer - UDP-Server: Message-62-34
21:20:57.105 [pool-1-thread-4] DEBUG com.mnc.udp.UDPServer - UDP-Server: Message-76-28
21:20:57.105 [pool-1-thread-3] DEBUG com.mnc.udp.UDPServer - UDP-Server: Message-36-33
21:20:57.105 [pool-1-thread-3] DEBUG com.mnc.udp.UDPServer - UDP-Server: Message-36-33 -> Message-36-33 (/127.0.0.1:49461)
21:20:57.105 [pool-1-thread-4] DEBUG com.mnc.udp.UDPServer - UDP-Server: Message-76-28 -> Message-76-28 (/127.0.0.1:49501)
21:20:57.105 [pool-1-thread-3] DEBUG com.mnc.udp.UDPServer - UDP-Server: Message-22-29
21:20:57.105 [pool-1-thread-3] DEBUG com.mnc.udp.UDPServer - UDP-Server: Message-22-29 -> Message-22-29 (/127.0.0.1:49447)
21:20:57.105 [pool-1-thread-1] DEBUG com.mnc.udp.UDPServer - UDP-Server: Message-24-30
21:20:57.105 [pool-1-thread-5] DEBUG com.mnc.udp.UDPServer - UDP-Server: Message-34-91
21:20:57.105 [pool-1-thread-3] DEBUG com.mnc.udp.UDPServer - UDP-Server: Message-42-77
21:20:57.105 [pool-1-thread-2] DEBUG com.mnc.udp.UDPServer - UDP-Server: Message-62-34 -> Message-62-34 (/127.0.0.1:49487)
21:20:57.105 [pool-1-thread-3] DEBUG com.mnc.udp.UDPServer - UDP-Server: Message-42-77 -> Message-42-77 (/127.0.0.1:49467)
21:20:57.105 [pool-1-thread-4] DEBUG com.mnc.udp.UDPServer - UDP-Server: Message-77-43
21:20:57.105 [pool-1-thread-1] DEBUG com.mnc.udp.UDPServer - UDP-Server: Message-24-30 -> Message-24-30 (/127.0.0.1:49449)
21:20:57.106 [pool-1-thread-2] DEBUG com.mnc.udp.UDPServer - UDP-Server: Message-76-29
21:20:57.106 [pool-1-thread-2] DEBUG com.mnc.udp.UDPServer - UDP-Server: Message-76-29 -> Message-76-29 (/127.0.0.1:49501)
21:20:57.105 [pool-1-thread-5] DEBUG com.mnc.udp.UDPServer - UDP-Server: Message-34-91 -> Message-34-91 (/127.0.0.1:49459)
21:20:57.106 [pool-1-thread-4] DEBUG com.mnc.udp.UDPServer - UDP-Server: Message-77-43 -> Message-77-43 (/127.0.0.1:49502)
21:20:57.106 [pool-1-thread-3] DEBUG com.mnc.udp.UDPServer - UDP-Server: Message-36-31
21:20:57.106 [pool-1-thread-3] DEBUG com.mnc.udp.UDPServer - UDP-Server: Message-36-31 -> Message-36-31 (/127.0.0.1:49461)
21:20:57.106 [pool-1-thread-2] DEBUG com.mnc.udp.UDPServer - UDP-Server: Message-42-75
21:20:57.106 [pool-1-thread-4] DEBUG com.mnc.udp.UDPServer - UDP-Server: Message-24-26
21:20:57.106 [pool-1-thread-4] DEBUG com.mnc.udp.UDPServer - UDP-Server: Message-24-26 -> Message-24-26 (/127.0.0.1:49449)
21:20:57.106 [pool-1-thread-3] DEBUG com.mnc.udp.UDPServer - UDP-Server: Message-76-30
21:20:57.106 [pool-1-thread-1] DEBUG com.mnc.udp.UDPServer - UDP-Server: Message-22-30
21:20:57.106 [pool-1-thread-3] DEBUG com.mnc.udp.UDPServer - UDP-Server: Message-76-30 -> Message-76-30 (/127.0.0.1:49501)
21:20:57.106 [pool-1-thread-5] DEBUG com.mnc.udp.UDPServer - UDP-Server: Message-62-28
21:20:57.106 [pool-1-thread-2] DEBUG com.mnc.udp.UDPServer - UDP-Server: Message-42-75 -> Message-42-75 (/127.0.0.1:49467)
21:20:57.106 [pool-1-thread-3] DEBUG com.mnc.udp.UDPServer - UDP-Server: Message-77-48
21:20:57.106 [pool-1-thread-2] DEBUG com.mnc.udp.UDPServer - UDP-Server: Message-36-35
21:20:57.106 [pool-1-thread-3] DEBUG com.mnc.udp.UDPServer - UDP-Server: Message-77-48 -> Message-77-48 (/127.0.0.1:49502)
21:20:57.106 [pool-1-thread-1] DEBUG com.mnc.udp.UDPServer - UDP-Server: Message-22-30 -> Message-22-30 (/127.0.0.1:49447)
21:20:57.106 [pool-1-thread-4] DEBUG com.mnc.udp.UDPServer - UDP-Server: Message-34-92
21:20:57.106 [pool-1-thread-4] DEBUG com.mnc.udp.UDPServer - UDP-Server: Message-34-92 -> Message-34-92 (/127.0.0.1:49459)
21:20:57.106 [pool-1-thread-5] DEBUG com.mnc.udp.UDPServer - UDP-Server: Message-62-28 -> Message-62-28 (/127.0.0.1:49487)
21:20:57.106 [pool-1-thread-2] DEBUG com.mnc.udp.UDPServer - UDP-Server: Message-36-35 -> Message-36-35 (/127.0.0.1:49461)
21:20:57.106 [pool-1-thread-1] DEBUG com.mnc.udp.UDPServer - UDP-Server: Message-76-26
21:20:57.106 [pool-1-thread-5] DEBUG com.mnc.udp.UDPServer - UDP-Server: Message-42-38
21:20:57.106 [pool-1-thread-3] DEBUG com.mnc.udp.UDPServer - UDP-Server: Message-24-27
21:20:57.106 [pool-1-thread-2] DEBUG com.mnc.udp.UDPServer - UDP-Server: Message-77-49
21:20:57.106 [pool-1-thread-3] DEBUG com.mnc.udp.UDPServer - UDP-Server: Message-24-27 -> Message-24-27 (/127.0.0.1:49449)
21:20:57.106 [pool-1-thread-3] DEBUG com.mnc.udp.UDPServer - UDP-Server: Message-22-26
21:20:57.106 [pool-1-thread-3] DEBUG com.mnc.udp.UDPServer - UDP-Server: Message-22-26 -> Message-22-26 (/127.0.0.1:49447)
21:20:57.106 [pool-1-thread-5] DEBUG com.mnc.udp.UDPServer - UDP-Server: Message-42-38 -> Message-42-38 (/127.0.0.1:49467)
21:20:57.106 [pool-1-thread-1] DEBUG com.mnc.udp.UDPServer - UDP-Server: Message-76-26 -> Message-76-26 (/127.0.0.1:49501)
21:20:57.106 [pool-1-thread-2] DEBUG com.mnc.udp.UDPServer - UDP-Server: Message-77-49 -> Message-77-49 (/127.0.0.1:49502)
21:20:57.106 [pool-1-thread-4] DEBUG com.mnc.udp.UDPServer - UDP-Server: Message-62-29
21:20:57.106 [pool-1-thread-2] DEBUG com.mnc.udp.UDPServer - UDP-Server: Message-22-27
21:20:57.106 [pool-1-thread-2] DEBUG com.mnc.udp.UDPServer - UDP-Server: Message-22-27 -> Message-22-27 (/127.0.0.1:49447)
21:20:57.106 [pool-1-thread-3] DEBUG com.mnc.udp.UDPServer - UDP-Server: Message-36-36
21:20:57.106 [pool-1-thread-2] DEBUG com.mnc.udp.UDPServer - UDP-Server: Message-42-39
21:20:57.106 [pool-1-thread-3] DEBUG com.mnc.udp.UDPServer - UDP-Server: Message-36-36 -> Message-36-36 (/127.0.0.1:49461)
21:20:57.106 [pool-1-thread-5] DEBUG com.mnc.udp.UDPServer - UDP-Server: Message-34-88
21:20:57.106 [pool-1-thread-3] DEBUG com.mnc.udp.UDPServer - UDP-Server: Message-76-27
21:20:57.106 [pool-1-thread-3] DEBUG com.mnc.udp.UDPServer - UDP-Server: Message-76-27 -> Message-76-27 (/127.0.0.1:49501)
21:20:57.106 [pool-1-thread-1] DEBUG com.mnc.udp.UDPServer - UDP-Server: Message-24-25
21:20:57.106 [pool-1-thread-3] DEBUG com.mnc.udp.UDPServer - UDP-Server: Message-77-82
21:20:57.106 [pool-1-thread-3] DEBUG com.mnc.udp.UDPServer - UDP-Server: Message-77-82 -> Message-77-82 (/127.0.0.1:49502)
21:20:57.106 [pool-1-thread-4] DEBUG com.mnc.udp.UDPServer - UDP-Server: Message-62-29 -> Message-62-29 (/127.0.0.1:49487)
21:20:57.106 [pool-1-thread-2] DEBUG com.mnc.udp.UDPServer - UDP-Server: Message-42-39 -> Message-42-39 (/127.0.0.1:49467)
21:20:57.106 [pool-1-thread-5] DEBUG com.mnc.udp.UDPServer - UDP-Server: Message-34-88 -> Message-34-88 (/127.0.0.1:49459)
21:20:57.106 [pool-1-thread-1] DEBUG com.mnc.udp.UDPServer - UDP-Server: Message-24-25 -> Message-24-25 (/127.0.0.1:49449)
21:20:57.106 [pool-1-thread-3] DEBUG com.mnc.udp.UDPServer - UDP-Server: Message-22-25
21:20:57.106 [pool-1-thread-4] DEBUG com.mnc.udp.UDPServer - UDP-Server: Message-36-34
21:20:57.106 [pool-1-thread-2] DEBUG com.mnc.udp.UDPServer - UDP-Server: Message-76-25
21:20:57.107 [pool-1-thread-5] DEBUG com.mnc.udp.UDPServer - UDP-Server: Message-77-83
21:20:57.107 [pool-1-thread-5] DEBUG com.mnc.udp.UDPServer - UDP-Server: Message-77-83 -> Message-77-83 (/127.0.0.1:49502)
21:20:57.107 [pool-1-thread-2] DEBUG com.mnc.udp.UDPServer - UDP-Server: Message-76-25 -> Message-76-25 (/127.0.0.1:49501)
21:20:57.107 [pool-1-thread-4] DEBUG com.mnc.udp.UDPServer - UDP-Server: Message-36-34 -> Message-36-34 (/127.0.0.1:49461)
21:20:57.107 [pool-1-thread-5] DEBUG com.mnc.udp.UDPServer - UDP-Server: Message-42-37
21:20:57.107 [pool-1-thread-3] DEBUG com.mnc.udp.UDPServer - UDP-Server: Message-22-25 -> Message-22-25 (/127.0.0.1:49447)
21:20:57.107 [pool-1-thread-4] DEBUG com.mnc.udp.UDPServer - UDP-Server: Message-24-44
21:20:57.107 [pool-1-thread-4] DEBUG com.mnc.udp.UDPServer - UDP-Server: Message-24-44 -> Message-24-44 (/127.0.0.1:49449)
21:20:57.107 [pool-1-thread-1] DEBUG com.mnc.udp.UDPServer - UDP-Server: Message-62-30
21:20:57.107 [pool-1-thread-5] DEBUG com.mnc.udp.UDPServer - UDP-Server: Message-42-37 -> Message-42-37 (/127.0.0.1:49467)
21:20:57.107 [pool-1-thread-2] DEBUG com.mnc.udp.UDPServer - UDP-Server: Message-34-89
21:20:57.107 [pool-1-thread-4] DEBUG com.mnc.udp.UDPServer - UDP-Server: Message-36-28
21:20:57.107 [pool-1-thread-5] DEBUG com.mnc.udp.UDPServer - UDP-Server: Message-76-44
21:20:57.107 [pool-1-thread-1] DEBUG com.mnc.udp.UDPServer - UDP-Server: Message-62-30 -> Message-62-30 (/127.0.0.1:49487)
21:20:57.107 [pool-1-thread-3] DEBUG com.mnc.udp.UDPServer - UDP-Server: Message-77-46
21:20:57.107 [pool-1-thread-2] DEBUG com.mnc.udp.UDPServer - UDP-Server: Message-34-89 -> Message-34-89 (/127.0.0.1:49459)
21:20:57.107 [pool-1-thread-4] DEBUG com.mnc.udp.UDPServer - UDP-Server: Message-36-28 -> Message-36-28 (/127.0.0.1:49461)
21:20:57.107 [pool-1-thread-5] DEBUG com.mnc.udp.UDPServer - UDP-Server: Message-76-44 -> Message-76-44 (/127.0.0.1:49501)
21:20:57.107 [pool-1-thread-3] DEBUG com.mnc.udp.UDPServer - UDP-Server: Message-77-46 -> Message-77-46 (/127.0.0.1:49502)
21:20:57.107 [pool-1-thread-4] DEBUG com.mnc.udp.UDPServer - UDP-Server: Message-42-15
21:20:57.107 [pool-1-thread-1] DEBUG com.mnc.udp.UDPServer - UDP-Server: Message-22-44
21:20:57.107 [pool-1-thread-2] DEBUG com.mnc.udp.UDPServer - UDP-Server: Message-24-45
21:20:57.107 [pool-1-thread-4] DEBUG com.mnc.udp.UDPServer - UDP-Server: Message-42-15 -> Message-42-15 (/127.0.0.1:49467)
21:20:57.107 [pool-1-thread-5] DEBUG com.mnc.udp.UDPServer - UDP-Server: Message-62-90
21:20:57.107 [pool-1-thread-1] DEBUG com.mnc.udp.UDPServer - UDP-Server: Message-22-44 -> Message-22-44 (/127.0.0.1:49447)
21:20:57.107 [pool-1-thread-3] DEBUG com.mnc.udp.UDPServer - UDP-Server: Message-36-29
21:20:57.107 [pool-1-thread-4] DEBUG com.mnc.udp.UDPServer - UDP-Server: Message-34-25
21:20:57.107 [pool-1-thread-2] DEBUG com.mnc.udp.UDPServer - UDP-Server: Message-24-45 -> Message-24-45 (/127.0.0.1:49449)
21:20:57.107 [pool-1-thread-4] DEBUG com.mnc.udp.UDPServer - UDP-Server: Message-34-25 -> Message-34-25 (/127.0.0.1:49459)
21:20:57.107 [pool-1-thread-5] DEBUG com.mnc.udp.UDPServer - UDP-Server: Message-62-90 -> Message-62-90 (/127.0.0.1:49487)
21:20:57.107 [pool-1-thread-3] DEBUG com.mnc.udp.UDPServer - UDP-Server: Message-36-29 -> Message-36-29 (/127.0.0.1:49461)
21:20:57.107 [pool-1-thread-1] DEBUG com.mnc.udp.UDPServer - UDP-Server: Message-76-45
21:20:57.107 [pool-1-thread-2] DEBUG com.mnc.udp.UDPServer - UDP-Server: Message-77-81
21:20:57.107 [pool-1-thread-1] DEBUG com.mnc.udp.UDPServer - UDP-Server: Message-76-45 -> Message-76-45 (/127.0.0.1:49501)
21:20:57.107 [pool-1-thread-5] DEBUG com.mnc.udp.UDPServer - UDP-Server: Message-42-16
21:20:57.107 [pool-1-thread-5] DEBUG com.mnc.udp.UDPServer - UDP-Server: Message-42-16 -> Message-42-16 (/127.0.0.1:49467)
21:20:57.107 [pool-1-thread-1] DEBUG com.mnc.udp.UDPServer - UDP-Server: Message-24-43
21:20:57.107 [pool-1-thread-4] DEBUG com.mnc.udp.UDPServer - UDP-Server: Message-22-45
21:20:57.107 [pool-1-thread-5] DEBUG com.mnc.udp.UDPServer - UDP-Server: Message-34-44
21:20:57.107 [pool-1-thread-5] DEBUG com.mnc.udp.UDPServer - UDP-Server: Message-34-44 -> Message-34-44 (/127.0.0.1:49459)
21:20:57.107 [pool-1-thread-2] DEBUG com.mnc.udp.UDPServer - UDP-Server: Message-77-81 -> Message-77-81 (/127.0.0.1:49502)
21:20:57.107 [pool-1-thread-5] DEBUG com.mnc.udp.UDPServer - UDP-Server: Message-76-43
21:20:57.107 [pool-1-thread-4] DEBUG com.mnc.udp.UDPServer - UDP-Server: Message-22-45 -> Message-22-45 (/127.0.0.1:49447)
21:20:57.107 [pool-1-thread-3] DEBUG com.mnc.udp.UDPServer - UDP-Server: Message-62-26
21:20:57.107 [pool-1-thread-1] DEBUG com.mnc.udp.UDPServer - UDP-Server: Message-24-43 -> Message-24-43 (/127.0.0.1:49449)
21:20:57.107 [pool-1-thread-5] DEBUG com.mnc.udp.UDPServer - UDP-Server: Message-76-43 -> Message-76-43 (/127.0.0.1:49501)
21:20:57.107 [pool-1-thread-2] DEBUG com.mnc.udp.UDPServer - UDP-Server: Message-36-30
21:20:57.108 [pool-1-thread-5] DEBUG com.mnc.udp.UDPServer - UDP-Server: Message-34-45
21:20:57.108 [pool-1-thread-2] DEBUG com.mnc.udp.UDPServer - UDP-Server: Message-36-30 -> Message-36-30 (/127.0.0.1:49461)
21:20:57.108 [pool-1-thread-4] DEBUG com.mnc.udp.UDPServer - UDP-Server: Message-42-17
21:20:57.108 [pool-1-thread-2] DEBUG com.mnc.udp.UDPServer - UDP-Server: Message-22-43
21:20:57.108 [pool-1-thread-3] DEBUG com.mnc.udp.UDPServer - UDP-Server: Message-62-26 -> Message-62-26 (/127.0.0.1:49487)
21:20:57.108 [pool-1-thread-1] DEBUG com.mnc.udp.UDPServer - UDP-Server: Message-77-47
21:20:57.108 [pool-1-thread-3] DEBUG com.mnc.udp.UDPServer - UDP-Server: Message-24-48
21:20:57.108 [pool-1-thread-5] DEBUG com.mnc.udp.UDPServer - UDP-Server: Message-34-45 -> Message-34-45 (/127.0.0.1:49459)
21:20:57.108 [pool-1-thread-4] DEBUG com.mnc.udp.UDPServer - UDP-Server: Message-42-17 -> Message-42-17 (/127.0.0.1:49467)
21:20:57.108 [pool-1-thread-5] DEBUG com.mnc.udp.UDPServer - UDP-Server: Message-76-48
21:20:57.108 [pool-1-thread-2] DEBUG com.mnc.udp.UDPServer - UDP-Server: Message-22-43 -> Message-22-43 (/127.0.0.1:49447)
21:20:57.108 [pool-1-thread-1] DEBUG com.mnc.udp.UDPServer - UDP-Server: Message-77-47 -> Message-77-47 (/127.0.0.1:49502)
21:20:57.108 [pool-1-thread-3] DEBUG com.mnc.udp.UDPServer - UDP-Server: Message-24-48 -> Message-24-48 (/127.0.0.1:49449)
21:20:57.108 [pool-1-thread-2] DEBUG com.mnc.udp.UDPServer - UDP-Server: Message-62-27
21:20:57.108 [pool-1-thread-5] DEBUG com.mnc.udp.UDPServer - UDP-Server: Message-76-48 -> Message-76-48 (/127.0.0.1:49501)
21:20:57.108 [pool-1-thread-4] DEBUG com.mnc.udp.UDPServer - UDP-Server: Message-36-26
21:20:57.108 [pool-1-thread-5] DEBUG com.mnc.udp.UDPServer - UDP-Server: Message-42-13
21:20:57.108 [pool-1-thread-2] DEBUG com.mnc.udp.UDPServer - UDP-Server: Message-62-27 -> Message-62-27 (/127.0.0.1:49487)
21:20:57.108 [pool-1-thread-4] DEBUG com.mnc.udp.UDPServer - UDP-Server: Message-36-26 -> Message-36-26 (/127.0.0.1:49461)
21:20:57.108 [pool-1-thread-1] DEBUG com.mnc.udp.UDPServer - UDP-Server: Message-34-87
21:20:57.108 [pool-1-thread-5] DEBUG com.mnc.udp.UDPServer - UDP-Server: Message-42-13 -> Message-42-13 (/127.0.0.1:49467)
21:20:57.108 [pool-1-thread-1] DEBUG com.mnc.udp.UDPServer - UDP-Server: Message-34-87 -> Message-34-87 (/127.0.0.1:49459)
21:20:57.108 [pool-1-thread-3] DEBUG com.mnc.udp.UDPServer - UDP-Server: Message-22-48
21:20:57.108 [pool-1-thread-3] DEBUG com.mnc.udp.UDPServer - UDP-Server: Message-22-48 -> Message-22-48 (/127.0.0.1:49447)
21:20:57.108 [pool-1-thread-2] DEBUG com.mnc.udp.UDPServer - UDP-Server: Message-77-85
21:20:57.108 [pool-1-thread-1] DEBUG com.mnc.udp.UDPServer - UDP-Server: Message-62-91
21:20:57.108 [pool-1-thread-1] DEBUG com.mnc.udp.UDPServer - UDP-Server: Message-62-91 -> Message-62-91 (/127.0.0.1:49487)
21:20:57.108 [pool-1-thread-4] DEBUG com.mnc.udp.UDPServer - UDP-Server: Message-24-49
21:20:57.108 [pool-1-thread-3] DEBUG com.mnc.udp.UDPServer - UDP-Server: Message-36-27
21:20:57.108 [pool-1-thread-5] DEBUG com.mnc.udp.UDPServer - UDP-Server: Message-76-49
21:20:57.108 [pool-1-thread-1] DEBUG com.mnc.udp.UDPServer - UDP-Server: Message-42-14
21:20:57.108 [pool-1-thread-2] DEBUG com.mnc.udp.UDPServer - UDP-Server: Message-77-85 -> Message-77-85 (/127.0.0.1:49502)
21:20:57.108 [pool-1-thread-4] DEBUG com.mnc.udp.UDPServer - UDP-Server: Message-24-49 -> Message-24-49 (/127.0.0.1:49449)
21:20:57.108 [pool-1-thread-2] DEBUG com.mnc.udp.UDPServer - UDP-Server: Message-34-96
21:20:57.108 [pool-1-thread-3] DEBUG com.mnc.udp.UDPServer - UDP-Server: Message-36-27 -> Message-36-27 (/127.0.0.1:49461)
21:20:57.108 [pool-1-thread-5] DEBUG com.mnc.udp.UDPServer - UDP-Server: Message-76-49 -> Message-76-49 (/127.0.0.1:49501)
21:20:57.108 [pool-1-thread-1] DEBUG com.mnc.udp.UDPServer - UDP-Server: Message-42-14 -> Message-42-14 (/127.0.0.1:49467)
21:20:57.108 [pool-1-thread-5] DEBUG com.mnc.udp.UDPServer - UDP-Server: Message-77-86
21:20:57.108 [pool-1-thread-2] DEBUG com.mnc.udp.UDPServer - UDP-Server: Message-34-96 -> Message-34-96 (/127.0.0.1:49459)
21:20:57.108 [pool-1-thread-3] DEBUG com.mnc.udp.UDPServer - UDP-Server: Message-22-49
21:20:57.108 [pool-1-thread-4] DEBUG com.mnc.udp.UDPServer - UDP-Server: Message-62-92
21:20:57.108 [pool-1-thread-3] DEBUG com.mnc.udp.UDPServer - UDP-Server: Message-22-49 -> Message-22-49 (/127.0.0.1:49447)
21:20:57.108 [pool-1-thread-1] DEBUG com.mnc.udp.UDPServer - UDP-Server: Message-24-46
21:20:57.108 [pool-1-thread-5] DEBUG com.mnc.udp.UDPServer - UDP-Server: Message-77-86 -> Message-77-86 (/127.0.0.1:49502)
21:20:57.108 [pool-1-thread-2] DEBUG com.mnc.udp.UDPServer - UDP-Server: Message-36-25
21:20:57.108 [pool-1-thread-4] DEBUG com.mnc.udp.UDPServer - UDP-Server: Message-62-92 -> Message-62-92 (/127.0.0.1:49487)
21:20:57.108 [pool-1-thread-1] DEBUG com.mnc.udp.UDPServer - UDP-Server: Message-24-46 -> Message-24-46 (/127.0.0.1:49449)
21:20:57.108 [pool-1-thread-3] DEBUG com.mnc.udp.UDPServer - UDP-Server: Message-76-46
21:20:57.108 [pool-1-thread-4] DEBUG com.mnc.udp.UDPServer - UDP-Server: Message-34-97
21:20:57.108 [pool-1-thread-3] DEBUG com.mnc.udp.UDPServer - UDP-Server: Message-76-46 -> Message-76-46 (/127.0.0.1:49501)
21:20:57.108 [pool-1-thread-1] DEBUG com.mnc.udp.UDPServer - UDP-Server: Message-22-46
21:20:57.108 [pool-1-thread-1] DEBUG com.mnc.udp.UDPServer - UDP-Server: Message-22-46 -> Message-22-46 (/127.0.0.1:49447)
21:20:57.108 [pool-1-thread-5] DEBUG com.mnc.udp.UDPServer - UDP-Server: Message-42-12
21:20:57.108 [pool-1-thread-3] DEBUG com.mnc.udp.UDPServer - UDP-Server: Message-77-84
21:20:57.108 [pool-1-thread-2] DEBUG com.mnc.udp.UDPServer - UDP-Server: Message-36-25 -> Message-36-25 (/127.0.0.1:49461)
21:20:57.108 [pool-1-thread-4] DEBUG com.mnc.udp.UDPServer - UDP-Server: Message-34-97 -> Message-34-97 (/127.0.0.1:49459)
21:20:57.108 [pool-1-thread-2] DEBUG com.mnc.udp.UDPServer - UDP-Server: Message-24-47
21:20:57.108 [pool-1-thread-2] DEBUG com.mnc.udp.UDPServer - UDP-Server: Message-24-47 -> Message-24-47 (/127.0.0.1:49449)
21:20:57.108 [pool-1-thread-3] DEBUG com.mnc.udp.UDPServer - UDP-Server: Message-77-84 -> Message-77-84 (/127.0.0.1:49502)
21:20:57.108 [pool-1-thread-4] DEBUG com.mnc.udp.UDPServer - UDP-Server: Message-76-47
21:20:57.108 [pool-1-thread-2] DEBUG com.mnc.udp.UDPServer - UDP-Server: Message-22-47
21:20:57.108 [pool-1-thread-5] DEBUG com.mnc.udp.UDPServer - UDP-Server: Message-42-12 -> Message-42-12 (/127.0.0.1:49467)
21:20:57.108 [pool-1-thread-3] DEBUG com.mnc.udp.UDPServer - UDP-Server: Message-36-44
21:20:57.108 [pool-1-thread-3] DEBUG com.mnc.udp.UDPServer - UDP-Server: Message-36-44 -> Message-36-44 (/127.0.0.1:49461)
21:20:57.108 [pool-1-thread-1] DEBUG com.mnc.udp.UDPServer - UDP-Server: Message-62-25
21:20:57.108 [pool-1-thread-4] DEBUG com.mnc.udp.UDPServer - UDP-Server: Message-76-47 -> Message-76-47 (/127.0.0.1:49501)
21:20:57.108 [pool-1-thread-2] DEBUG com.mnc.udp.UDPServer - UDP-Server: Message-22-47 -> Message-22-47 (/127.0.0.1:49447)
21:20:57.108 [pool-1-thread-5] DEBUG com.mnc.udp.UDPServer - UDP-Server: Message-34-98
21:20:57.108 [pool-1-thread-1] DEBUG com.mnc.udp.UDPServer - UDP-Server: Message-62-25 -> Message-62-25 (/127.0.0.1:49487)
21:20:57.108 [pool-1-thread-4] DEBUG com.mnc.udp.UDPServer - UDP-Server: Message-77-40
21:20:57.108 [pool-1-thread-4] DEBUG com.mnc.udp.UDPServer - UDP-Server: Message-77-40 -> Message-77-40 (/127.0.0.1:49502)
21:20:57.108 [pool-1-thread-3] DEBUG com.mnc.udp.UDPServer - UDP-Server: Message-24-40
21:20:57.108 [pool-1-thread-3] DEBUG com.mnc.udp.UDPServer - UDP-Server: Message-24-40 -> Message-24-40 (/127.0.0.1:49449)
21:20:57.108 [pool-1-thread-4] DEBUG com.mnc.udp.UDPServer - UDP-Server: Message-22-40
21:20:57.108 [pool-1-thread-5] DEBUG com.mnc.udp.UDPServer - UDP-Server: Message-34-98 -> Message-34-98 (/127.0.0.1:49459)
21:20:57.108 [pool-1-thread-3] DEBUG com.mnc.udp.UDPServer - UDP-Server: Message-76-40
21:20:57.108 [pool-1-thread-5] DEBUG com.mnc.udp.UDPServer - UDP-Server: Message-62-44
21:20:57.108 [pool-1-thread-2] DEBUG com.mnc.udp.UDPServer - UDP-Server: Message-42-21
21:20:57.108 [pool-1-thread-1] DEBUG com.mnc.udp.UDPServer - UDP-Server: Message-36-45
21:20:57.108 [pool-1-thread-4] DEBUG com.mnc.udp.UDPServer - UDP-Server: Message-22-40 -> Message-22-40 (/127.0.0.1:49447)
21:20:57.109 [pool-1-thread-1] DEBUG com.mnc.udp.UDPServer - UDP-Server: Message-36-45 -> Message-36-45 (/127.0.0.1:49461)
21:20:57.109 [pool-1-thread-2] DEBUG com.mnc.udp.UDPServer - UDP-Server: Message-42-21 -> Message-42-21 (/127.0.0.1:49467)
21:20:57.108 [pool-1-thread-3] DEBUG com.mnc.udp.UDPServer - UDP-Server: Message-76-40 -> Message-76-40 (/127.0.0.1:49501)
21:20:57.109 [pool-1-thread-5] DEBUG com.mnc.udp.UDPServer - UDP-Server: Message-62-44 -> Message-62-44 (/127.0.0.1:49487)
21:20:57.109 [pool-1-thread-1] DEBUG com.mnc.udp.UDPServer - UDP-Server: Message-77-41
21:20:57.109 [pool-1-thread-1] DEBUG com.mnc.udp.UDPServer - UDP-Server: Message-77-41 -> Message-77-41 (/127.0.0.1:49502)
21:20:57.109 [pool-1-thread-4] DEBUG com.mnc.udp.UDPServer - UDP-Server: Message-24-41
21:20:57.109 [pool-1-thread-2] DEBUG com.mnc.udp.UDPServer - UDP-Server: Message-34-99
21:20:57.109 [pool-1-thread-4] DEBUG com.mnc.udp.UDPServer - UDP-Server: Message-24-41 -> Message-24-41 (/127.0.0.1:49449)
21:20:57.109 [pool-1-thread-1] DEBUG com.mnc.udp.UDPServer - UDP-Server: Message-36-43
21:20:57.109 [pool-1-thread-2] DEBUG com.mnc.udp.UDPServer - UDP-Server: Message-34-99 -> Message-34-99 (/127.0.0.1:49459)
21:20:57.109 [pool-1-thread-1] DEBUG com.mnc.udp.UDPServer - UDP-Server: Message-36-43 -> Message-36-43 (/127.0.0.1:49461)
21:20:57.109 [pool-1-thread-2] DEBUG com.mnc.udp.UDPServer - UDP-Server: Message-22-41
21:20:57.109 [pool-1-thread-2] DEBUG com.mnc.udp.UDPServer - UDP-Server: Message-22-41 -> Message-22-41 (/127.0.0.1:49447)
21:20:57.109 [pool-1-thread-5] DEBUG com.mnc.udp.UDPServer - UDP-Server: Message-42-22
21:20:57.109 [pool-1-thread-2] DEBUG com.mnc.udp.UDPServer - UDP-Server: Message-62-45
21:20:57.109 [pool-1-thread-2] DEBUG com.mnc.udp.UDPServer - UDP-Server: Message-62-45 -> Message-62-45 (/127.0.0.1:49487)
21:20:57.109 [pool-1-thread-5] DEBUG com.mnc.udp.UDPServer - UDP-Server: Message-42-22 -> Message-42-22 (/127.0.0.1:49467)
21:20:57.109 [pool-1-thread-2] DEBUG com.mnc.udp.UDPServer - UDP-Server: Message-77-42
21:20:57.109 [pool-1-thread-2] DEBUG com.mnc.udp.UDPServer - UDP-Server: Message-77-42 -> Message-77-42 (/127.0.0.1:49502)
21:20:57.109 [pool-1-thread-3] DEBUG com.mnc.udp.UDPServer - UDP-Server: Message-24-42
21:20:57.109 [pool-1-thread-5] DEBUG com.mnc.udp.UDPServer - UDP-Server: Message-36-48
21:20:57.109 [pool-1-thread-1] DEBUG com.mnc.udp.UDPServer - UDP-Server: Message-22-42
21:20:57.109 [pool-1-thread-1] DEBUG com.mnc.udp.UDPServer - UDP-Server: Message-22-42 -> Message-22-42 (/127.0.0.1:49447)
21:20:57.109 [pool-1-thread-4] DEBUG com.mnc.udp.UDPServer - UDP-Server: Message-76-41
21:20:57.109 [pool-1-thread-1] DEBUG com.mnc.udp.UDPServer - UDP-Server: Message-62-43
21:20:57.109 [pool-1-thread-2] DEBUG com.mnc.udp.UDPServer - UDP-Server: Message-34-43
21:20:57.109 [pool-1-thread-1] DEBUG com.mnc.udp.UDPServer - UDP-Server: Message-62-43 -> Message-62-43 (/127.0.0.1:49487)
21:20:57.109 [pool-1-thread-3] DEBUG com.mnc.udp.UDPServer - UDP-Server: Message-24-42 -> Message-24-42 (/127.0.0.1:49449)
21:20:57.109 [pool-1-thread-5] DEBUG com.mnc.udp.UDPServer - UDP-Server: Message-36-48 -> Message-36-48 (/127.0.0.1:49461)
21:20:57.109 [pool-1-thread-3] DEBUG com.mnc.udp.UDPServer - UDP-Server: Message-77-38
21:20:57.109 [pool-1-thread-3] DEBUG com.mnc.udp.UDPServer - UDP-Server: Message-77-38 -> Message-77-38 (/127.0.0.1:49502)
21:20:57.109 [pool-1-thread-4] DEBUG com.mnc.udp.UDPServer - UDP-Server: Message-76-41 -> Message-76-41 (/127.0.0.1:49501)
21:20:57.109 [pool-1-thread-5] DEBUG com.mnc.udp.UDPServer - UDP-Server: Message-22-38
21:20:57.109 [pool-1-thread-2] DEBUG com.mnc.udp.UDPServer - UDP-Server: Message-34-43 -> Message-34-43 (/127.0.0.1:49459)
21:20:57.109 [pool-1-thread-5] DEBUG com.mnc.udp.UDPServer - UDP-Server: Message-22-38 -> Message-22-38 (/127.0.0.1:49447)
21:20:57.109 [pool-1-thread-1] DEBUG com.mnc.udp.UDPServer - UDP-Server: Message-42-23
21:20:57.109 [pool-1-thread-2] DEBUG com.mnc.udp.UDPServer - UDP-Server: Message-24-38
21:20:57.109 [pool-1-thread-3] DEBUG com.mnc.udp.UDPServer - UDP-Server: Message-62-88
21:20:57.109 [pool-1-thread-2] DEBUG com.mnc.udp.UDPServer - UDP-Server: Message-24-38 -> Message-24-38 (/127.0.0.1:49449)
21:20:57.109 [pool-1-thread-1] DEBUG com.mnc.udp.UDPServer - UDP-Server: Message-42-23 -> Message-42-23 (/127.0.0.1:49467)
21:20:57.109 [pool-1-thread-5] DEBUG com.mnc.udp.UDPServer - UDP-Server: Message-36-49
21:20:57.109 [pool-1-thread-4] DEBUG com.mnc.udp.UDPServer - UDP-Server: Message-77-39
21:20:57.109 [pool-1-thread-5] DEBUG com.mnc.udp.UDPServer - UDP-Server: Message-36-49 -> Message-36-49 (/127.0.0.1:49461)
21:20:57.109 [pool-1-thread-4] DEBUG com.mnc.udp.UDPServer - UDP-Server: Message-77-39 -> Message-77-39 (/127.0.0.1:49502)
21:20:57.109 [pool-1-thread-1] DEBUG com.mnc.udp.UDPServer - UDP-Server: Message-22-39
21:20:57.109 [pool-1-thread-3] DEBUG com.mnc.udp.UDPServer - UDP-Server: Message-62-88 -> Message-62-88 (/127.0.0.1:49487)
21:20:57.109 [pool-1-thread-1] DEBUG com.mnc.udp.UDPServer - UDP-Server: Message-22-39 -> Message-22-39 (/127.0.0.1:49447)
21:20:57.109 [pool-1-thread-2] DEBUG com.mnc.udp.UDPServer - UDP-Server: Message-34-94
21:20:57.109 [pool-1-thread-3] DEBUG com.mnc.udp.UDPServer - UDP-Server: Message-42-24
21:20:57.109 [pool-1-thread-1] DEBUG com.mnc.udp.UDPServer - UDP-Server: Message-76-42
21:20:57.109 [pool-1-thread-3] DEBUG com.mnc.udp.UDPServer - UDP-Server: Message-42-24 -> Message-42-24 (/127.0.0.1:49467)
21:20:57.109 [pool-1-thread-1] DEBUG com.mnc.udp.UDPServer - UDP-Server: Message-76-42 -> Message-76-42 (/127.0.0.1:49501)
21:20:57.109 [pool-1-thread-5] DEBUG com.mnc.udp.UDPServer - UDP-Server: Message-24-39
21:20:57.109 [pool-1-thread-4] DEBUG com.mnc.udp.UDPServer - UDP-Server: Message-36-46
21:20:57.109 [pool-1-thread-2] DEBUG com.mnc.udp.UDPServer - UDP-Server: Message-34-94 -> Message-34-94 (/127.0.0.1:49459)
21:20:57.109 [pool-1-thread-3] DEBUG com.mnc.udp.UDPServer - UDP-Server: Message-77-37
21:20:57.109 [pool-1-thread-1] DEBUG com.mnc.udp.UDPServer - UDP-Server: Message-62-89
21:20:57.109 [pool-1-thread-3] DEBUG com.mnc.udp.UDPServer - UDP-Server: Message-77-37 -> Message-77-37 (/127.0.0.1:49502)
21:20:57.109 [pool-1-thread-1] DEBUG com.mnc.udp.UDPServer - UDP-Server: Message-62-89 -> Message-62-89 (/127.0.0.1:49487)
21:20:57.109 [pool-1-thread-5] DEBUG com.mnc.udp.UDPServer - UDP-Server: Message-24-39 -> Message-24-39 (/127.0.0.1:49449)
21:20:57.109 [pool-1-thread-3] DEBUG com.mnc.udp.UDPServer - UDP-Server: Message-42-19
21:20:57.109 [pool-1-thread-4] DEBUG com.mnc.udp.UDPServer - UDP-Server: Message-36-46 -> Message-36-46 (/127.0.0.1:49461)
21:20:57.109 [pool-1-thread-1] DEBUG com.mnc.udp.UDPServer - UDP-Server: Message-76-38
21:20:57.109 [pool-1-thread-5] DEBUG com.mnc.udp.UDPServer - UDP-Server: Message-34-95
21:20:57.109 [pool-1-thread-5] DEBUG com.mnc.udp.UDPServer - UDP-Server: Message-34-95 -> Message-34-95 (/127.0.0.1:49459)
21:20:57.109 [pool-1-thread-2] DEBUG com.mnc.udp.UDPServer - UDP-Server: Message-22-37
21:20:57.109 [pool-1-thread-1] DEBUG com.mnc.udp.UDPServer - UDP-Server: Message-76-38 -> Message-76-38 (/127.0.0.1:49501)
21:20:57.109 [pool-1-thread-2] DEBUG com.mnc.udp.UDPServer - UDP-Server: Message-22-37 -> Message-22-37 (/127.0.0.1:49447)
21:20:57.109 [pool-1-thread-3] DEBUG com.mnc.udp.UDPServer - UDP-Server: Message-42-19 -> Message-42-19 (/127.0.0.1:49467)
21:20:57.109 [pool-1-thread-3] DEBUG com.mnc.udp.UDPServer - UDP-Server: Message-77-15
21:20:57.109 [pool-1-thread-3] DEBUG com.mnc.udp.UDPServer - UDP-Server: Message-77-15 -> Message-77-15 (/127.0.0.1:49502)
21:20:57.109 [pool-1-thread-4] DEBUG com.mnc.udp.UDPServer - UDP-Server: Message-24-37
21:20:57.109 [pool-1-thread-4] DEBUG com.mnc.udp.UDPServer - UDP-Server: Message-24-37 -> Message-24-37 (/127.0.0.1:49449)
21:20:57.109 [pool-1-thread-3] DEBUG com.mnc.udp.UDPServer - UDP-Server: Message-62-87
21:20:57.109 [pool-1-thread-5] DEBUG com.mnc.udp.UDPServer - UDP-Server: Message-36-47
21:20:57.109 [pool-1-thread-1] DEBUG com.mnc.udp.UDPServer - UDP-Server: Message-22-15
21:20:57.109 [pool-1-thread-1] DEBUG com.mnc.udp.UDPServer - UDP-Server: Message-22-15 -> Message-22-15 (/127.0.0.1:49447)
21:20:57.109 [pool-1-thread-3] DEBUG com.mnc.udp.UDPServer - UDP-Server: Message-62-87 -> Message-62-87 (/127.0.0.1:49487)
21:20:57.110 [pool-1-thread-5] DEBUG com.mnc.udp.UDPServer - UDP-Server: Message-36-47 -> Message-36-47 (/127.0.0.1:49461)
21:20:57.110 [pool-1-thread-2] DEBUG com.mnc.udp.UDPServer - UDP-Server: Message-42-20
21:20:57.110 [pool-1-thread-2] DEBUG com.mnc.udp.UDPServer - UDP-Server: Message-42-20 -> Message-42-20 (/127.0.0.1:49467)
21:20:57.110 [pool-1-thread-5] DEBUG com.mnc.udp.UDPServer - UDP-Server: Message-24-15
21:20:57.110 [pool-1-thread-5] DEBUG com.mnc.udp.UDPServer - UDP-Server: Message-24-15 -> Message-24-15 (/127.0.0.1:49449)
21:20:57.110 [pool-1-thread-2] DEBUG com.mnc.udp.UDPServer - UDP-Server: Message-22-16
21:20:57.109 [pool-1-thread-4] DEBUG com.mnc.udp.UDPServer - UDP-Server: Message-34-93
21:20:57.110 [pool-1-thread-2] DEBUG com.mnc.udp.UDPServer - UDP-Server: Message-22-16 -> Message-22-16 (/127.0.0.1:49447)
21:20:57.110 [pool-1-thread-4] DEBUG com.mnc.udp.UDPServer - UDP-Server: Message-34-93 -> Message-34-93 (/127.0.0.1:49459)
21:20:57.110 [pool-1-thread-2] DEBUG com.mnc.udp.UDPServer - UDP-Server: Message-36-40
21:20:57.110 [pool-1-thread-2] DEBUG com.mnc.udp.UDPServer - UDP-Server: Message-36-40 -> Message-36-40 (/127.0.0.1:49461)
21:20:57.110 [pool-1-thread-1] DEBUG com.mnc.udp.UDPServer - UDP-Server: Message-76-39
21:20:57.110 [pool-1-thread-1] DEBUG com.mnc.udp.UDPServer - UDP-Server: Message-76-39 -> Message-76-39 (/127.0.0.1:49501)
21:20:57.110 [pool-1-thread-3] DEBUG com.mnc.udp.UDPServer - UDP-Server: Message-77-16
21:20:57.110 [pool-1-thread-4] DEBUG com.mnc.udp.UDPServer - UDP-Server: Message-42-18
21:20:57.110 [pool-1-thread-3] DEBUG com.mnc.udp.UDPServer - UDP-Server: Message-77-16 -> Message-77-16 (/127.0.0.1:49502)
21:20:57.110 [pool-1-thread-4] DEBUG com.mnc.udp.UDPServer - UDP-Server: Message-42-18 -> Message-42-18 (/127.0.0.1:49467)
21:20:57.110 [pool-1-thread-3] DEBUG com.mnc.udp.UDPServer - UDP-Server: Message-22-17
21:20:57.110 [pool-1-thread-3] DEBUG com.mnc.udp.UDPServer - UDP-Server: Message-22-17 -> Message-22-17 (/127.0.0.1:49447)
21:20:57.110 [pool-1-thread-5] DEBUG com.mnc.udp.UDPServer - UDP-Server: Message-62-96
21:20:57.110 [pool-1-thread-5] DEBUG com.mnc.udp.UDPServer - UDP-Server: Message-62-96 -> Message-62-96 (/127.0.0.1:49487)
21:20:57.110 [pool-1-thread-1] DEBUG com.mnc.udp.UDPServer - UDP-Server: Message-24-16
21:20:57.110 [pool-1-thread-4] DEBUG com.mnc.udp.UDPServer - UDP-Server: Message-34-82
21:20:57.110 [pool-1-thread-2] DEBUG com.mnc.udp.UDPServer - UDP-Server: Message-36-41
21:20:57.110 [pool-1-thread-4] DEBUG com.mnc.udp.UDPServer - UDP-Server: Message-34-82 -> Message-34-82 (/127.0.0.1:49459)
21:20:57.110 [pool-1-thread-3] DEBUG com.mnc.udp.UDPServer - UDP-Server: Message-42-7
21:20:57.110 [pool-1-thread-5] DEBUG com.mnc.udp.UDPServer - UDP-Server: Message-76-37
21:20:57.110 [pool-1-thread-4] DEBUG com.mnc.udp.UDPServer - UDP-Server: Message-22-13
21:20:57.110 [pool-1-thread-5] DEBUG com.mnc.udp.UDPServer - UDP-Server: Message-76-37 -> Message-76-37 (/127.0.0.1:49501)
21:20:57.110 [pool-1-thread-1] DEBUG com.mnc.udp.UDPServer - UDP-Server: Message-24-16 -> Message-24-16 (/127.0.0.1:49449)
21:20:57.110 [pool-1-thread-2] DEBUG com.mnc.udp.UDPServer - UDP-Server: Message-36-41 -> Message-36-41 (/127.0.0.1:49461)
21:20:57.110 [pool-1-thread-3] DEBUG com.mnc.udp.UDPServer - UDP-Server: Message-42-7 -> Message-42-7 (/127.0.0.1:49467)
21:20:57.110 [pool-1-thread-1] DEBUG com.mnc.udp.UDPServer - UDP-Server: Message-62-97
21:20:57.110 [pool-1-thread-2] DEBUG com.mnc.udp.UDPServer - UDP-Server: Message-34-83
21:20:57.110 [pool-1-thread-1] DEBUG com.mnc.udp.UDPServer - UDP-Server: Message-62-97 -> Message-62-97 (/127.0.0.1:49487)
21:20:57.110 [pool-1-thread-4] DEBUG com.mnc.udp.UDPServer - UDP-Server: Message-22-13 -> Message-22-13 (/127.0.0.1:49447)
21:20:57.110 [pool-1-thread-5] DEBUG com.mnc.udp.UDPServer - UDP-Server: Message-77-17
21:20:57.110 [pool-1-thread-1] DEBUG com.mnc.udp.UDPServer - UDP-Server: Message-76-15
21:20:57.110 [pool-1-thread-3] DEBUG com.mnc.udp.UDPServer - UDP-Server: Message-36-42
21:20:57.110 [pool-1-thread-2] DEBUG com.mnc.udp.UDPServer - UDP-Server: Message-34-83 -> Message-34-83 (/127.0.0.1:49459)
21:20:57.110 [pool-1-thread-4] DEBUG com.mnc.udp.UDPServer - UDP-Server: Message-24-17
21:20:57.110 [pool-1-thread-3] DEBUG com.mnc.udp.UDPServer - UDP-Server: Message-36-42 -> Message-36-42 (/127.0.0.1:49461)
21:20:57.110 [pool-1-thread-2] DEBUG com.mnc.udp.UDPServer - UDP-Server: Message-42-8
21:20:57.110 [pool-1-thread-5] DEBUG com.mnc.udp.UDPServer - UDP-Server: Message-77-17 -> Message-77-17 (/127.0.0.1:49502)
21:20:57.110 [pool-1-thread-1] DEBUG com.mnc.udp.UDPServer - UDP-Server: Message-76-15 -> Message-76-15 (/127.0.0.1:49501)
21:20:57.110 [pool-1-thread-5] DEBUG com.mnc.udp.UDPServer - UDP-Server: Message-22-14
21:20:57.110 [pool-1-thread-4] DEBUG com.mnc.udp.UDPServer - UDP-Server: Message-24-17 -> Message-24-17 (/127.0.0.1:49449)
21:20:57.110 [pool-1-thread-2] DEBUG com.mnc.udp.UDPServer - UDP-Server: Message-42-8 -> Message-42-8 (/127.0.0.1:49467)
21:20:57.110 [pool-1-thread-4] DEBUG com.mnc.udp.UDPServer - UDP-Server: Message-36-38
21:20:57.110 [pool-1-thread-3] DEBUG com.mnc.udp.UDPServer - UDP-Server: Message-62-98
21:20:57.110 [pool-1-thread-2] DEBUG com.mnc.udp.UDPServer - UDP-Server: Message-77-13
21:20:57.110 [pool-1-thread-5] DEBUG com.mnc.udp.UDPServer - UDP-Server: Message-22-14 -> Message-22-14 (/127.0.0.1:49447)
21:20:57.110 [pool-1-thread-1] DEBUG com.mnc.udp.UDPServer - UDP-Server: Message-34-81
21:20:57.110 [pool-1-thread-4] DEBUG com.mnc.udp.UDPServer - UDP-Server: Message-36-38 -> Message-36-38 (/127.0.0.1:49461)
21:20:57.110 [pool-1-thread-2] DEBUG com.mnc.udp.UDPServer - UDP-Server: Message-77-13 -> Message-77-13 (/127.0.0.1:49502)
21:20:57.110 [pool-1-thread-3] DEBUG com.mnc.udp.UDPServer - UDP-Server: Message-62-98 -> Message-62-98 (/127.0.0.1:49487)
21:20:57.110 [pool-1-thread-5] DEBUG com.mnc.udp.UDPServer - UDP-Server: Message-76-16
21:20:57.110 [pool-1-thread-3] DEBUG com.mnc.udp.UDPServer - UDP-Server: Message-22-12
21:20:57.110 [pool-1-thread-1] DEBUG com.mnc.udp.UDPServer - UDP-Server: Message-34-81 -> Message-34-81 (/127.0.0.1:49459)
21:20:57.110 [pool-1-thread-4] DEBUG com.mnc.udp.UDPServer - UDP-Server: Message-24-13
21:20:57.110 [pool-1-thread-2] DEBUG com.mnc.udp.UDPServer - UDP-Server: Message-42-6
21:20:57.110 [pool-1-thread-1] DEBUG com.mnc.udp.UDPServer - UDP-Server: Message-36-39
21:20:57.110 [pool-1-thread-5] DEBUG com.mnc.udp.UDPServer - UDP-Server: Message-76-16 -> Message-76-16 (/127.0.0.1:49501)
21:20:57.110 [pool-1-thread-1] DEBUG com.mnc.udp.UDPServer - UDP-Server: Message-36-39 -> Message-36-39 (/127.0.0.1:49461)
21:20:57.110 [pool-1-thread-3] DEBUG com.mnc.udp.UDPServer - UDP-Server: Message-22-12 -> Message-22-12 (/127.0.0.1:49447)
21:20:57.110 [pool-1-thread-1] DEBUG com.mnc.udp.UDPServer - UDP-Server: Message-77-78
21:20:57.110 [pool-1-thread-4] DEBUG com.mnc.udp.UDPServer - UDP-Server: Message-24-13 -> Message-24-13 (/127.0.0.1:49449)
21:20:57.110 [pool-1-thread-2] DEBUG com.mnc.udp.UDPServer - UDP-Server: Message-42-6 -> Message-42-6 (/127.0.0.1:49467)
21:20:57.110 [pool-1-thread-3] DEBUG com.mnc.udp.UDPServer - UDP-Server: Message-34-48
21:20:57.110 [pool-1-thread-1] DEBUG com.mnc.udp.UDPServer - UDP-Server: Message-77-78 -> Message-77-78 (/127.0.0.1:49502)
21:20:57.110 [pool-1-thread-4] DEBUG com.mnc.udp.UDPServer - UDP-Server: Message-76-17
21:20:57.110 [pool-1-thread-5] DEBUG com.mnc.udp.UDPServer - UDP-Server: Message-62-48
21:20:57.110 [pool-1-thread-1] DEBUG com.mnc.udp.UDPServer - UDP-Server: Message-36-37
21:20:57.110 [pool-1-thread-5] DEBUG com.mnc.udp.UDPServer - UDP-Server: Message-62-48 -> Message-62-48 (/127.0.0.1:49487)
21:20:57.110 [pool-1-thread-3] DEBUG com.mnc.udp.UDPServer - UDP-Server: Message-34-48 -> Message-34-48 (/127.0.0.1:49459)
21:20:57.110 [pool-1-thread-4] DEBUG com.mnc.udp.UDPServer - UDP-Server: Message-76-17 -> Message-76-17 (/127.0.0.1:49501)
21:20:57.110 [pool-1-thread-2] DEBUG com.mnc.udp.UDPServer - UDP-Server: Message-22-21
21:20:57.111 [pool-1-thread-3] DEBUG com.mnc.udp.UDPServer - UDP-Server: Message-42-10
21:20:57.110 [pool-1-thread-1] DEBUG com.mnc.udp.UDPServer - UDP-Server: Message-36-37 -> Message-36-37 (/127.0.0.1:49461)
21:20:57.111 [pool-1-thread-3] DEBUG com.mnc.udp.UDPServer - UDP-Server: Message-42-10 -> Message-42-10 (/127.0.0.1:49467)
21:20:57.111 [pool-1-thread-1] DEBUG com.mnc.udp.UDPServer - UDP-Server: Message-62-49
21:20:57.110 [pool-1-thread-5] DEBUG com.mnc.udp.UDPServer - UDP-Server: Message-24-14
21:20:57.111 [pool-1-thread-1] DEBUG com.mnc.udp.UDPServer - UDP-Server: Message-62-49 -> Message-62-49 (/127.0.0.1:49487)
21:20:57.111 [pool-1-thread-4] DEBUG com.mnc.udp.UDPServer - UDP-Server: Message-77-79
21:20:57.111 [pool-1-thread-1] DEBUG com.mnc.udp.UDPServer - UDP-Server: Message-76-13
21:20:57.111 [pool-1-thread-4] DEBUG com.mnc.udp.UDPServer - UDP-Server: Message-77-79 -> Message-77-79 (/127.0.0.1:49502)
21:20:57.111 [pool-1-thread-2] DEBUG com.mnc.udp.UDPServer - UDP-Server: Message-22-21 -> Message-22-21 (/127.0.0.1:49447)
21:20:57.111 [pool-1-thread-4] DEBUG com.mnc.udp.UDPServer - UDP-Server: Message-36-15
21:20:57.111 [pool-1-thread-4] DEBUG com.mnc.udp.UDPServer - UDP-Server: Message-36-15 -> Message-36-15 (/127.0.0.1:49461)
21:20:57.111 [pool-1-thread-2] DEBUG com.mnc.udp.UDPServer - UDP-Server: Message-42-11
21:20:57.111 [pool-1-thread-4] DEBUG com.mnc.udp.UDPServer - UDP-Server: Message-62-46
21:20:57.111 [pool-1-thread-3] DEBUG com.mnc.udp.UDPServer - UDP-Server: Message-34-49
21:20:57.111 [pool-1-thread-5] DEBUG com.mnc.udp.UDPServer - UDP-Server: Message-24-14 -> Message-24-14 (/127.0.0.1:49449)
21:20:57.111 [pool-1-thread-3] DEBUG com.mnc.udp.UDPServer - UDP-Server: Message-34-49 -> Message-34-49 (/127.0.0.1:49459)
21:20:57.111 [pool-1-thread-1] DEBUG com.mnc.udp.UDPServer - UDP-Server: Message-76-13 -> Message-76-13 (/127.0.0.1:49501)
21:20:57.111 [pool-1-thread-2] DEBUG com.mnc.udp.UDPServer - UDP-Server: Message-42-11 -> Message-42-11 (/127.0.0.1:49467)
21:20:57.111 [pool-1-thread-3] DEBUG com.mnc.udp.UDPServer - UDP-Server: Message-22-22
21:20:57.111 [pool-1-thread-4] DEBUG com.mnc.udp.UDPServer - UDP-Server: Message-62-46 -> Message-62-46 (/127.0.0.1:49487)
21:20:57.111 [pool-1-thread-2] DEBUG com.mnc.udp.UDPServer - UDP-Server: Message-36-16
21:20:57.111 [pool-1-thread-1] DEBUG com.mnc.udp.UDPServer - UDP-Server: Message-24-12
21:20:57.111 [pool-1-thread-5] DEBUG com.mnc.udp.UDPServer - UDP-Server: Message-77-80
21:20:57.111 [pool-1-thread-4] DEBUG com.mnc.udp.UDPServer - UDP-Server: Message-34-85
21:20:57.111 [pool-1-thread-5] DEBUG com.mnc.udp.UDPServer - UDP-Server: Message-77-80 -> Message-77-80 (/127.0.0.1:49502)
21:20:57.111 [pool-1-thread-3] DEBUG com.mnc.udp.UDPServer - UDP-Server: Message-22-22 -> Message-22-22 (/127.0.0.1:49447)
21:20:57.111 [pool-1-thread-1] DEBUG com.mnc.udp.UDPServer - UDP-Server: Message-24-12 -> Message-24-12 (/127.0.0.1:49449)
21:20:57.111 [pool-1-thread-3] DEBUG com.mnc.udp.UDPServer - UDP-Server: Message-42-9
21:20:57.111 [pool-1-thread-2] DEBUG com.mnc.udp.UDPServer - UDP-Server: Message-36-16 -> Message-36-16 (/127.0.0.1:49461)
21:20:57.111 [pool-1-thread-3] DEBUG com.mnc.udp.UDPServer - UDP-Server: Message-42-9 -> Message-42-9 (/127.0.0.1:49467)
21:20:57.111 [pool-1-thread-4] DEBUG com.mnc.udp.UDPServer - UDP-Server: Message-34-85 -> Message-34-85 (/127.0.0.1:49459)
21:20:57.111 [pool-1-thread-5] DEBUG com.mnc.udp.UDPServer - UDP-Server: Message-76-14
21:20:57.111 [pool-1-thread-5] DEBUG com.mnc.udp.UDPServer - UDP-Server: Message-76-14 -> Message-76-14 (/127.0.0.1:49501)
21:20:57.111 [pool-1-thread-3] DEBUG com.mnc.udp.UDPServer - UDP-Server: Message-22-23
21:20:57.111 [pool-1-thread-1] DEBUG com.mnc.udp.UDPServer - UDP-Server: Message-62-99
21:20:57.111 [pool-1-thread-2] DEBUG com.mnc.udp.UDPServer - UDP-Server: Message-77-14
21:20:57.111 [pool-1-thread-5] DEBUG com.mnc.udp.UDPServer - UDP-Server: Message-24-21
21:20:57.111 [pool-1-thread-3] DEBUG com.mnc.udp.UDPServer - UDP-Server: Message-22-23 -> Message-22-23 (/127.0.0.1:49447)
21:20:57.111 [pool-1-thread-4] DEBUG com.mnc.udp.UDPServer - UDP-Server: Message-36-17
21:20:57.111 [pool-1-thread-1] DEBUG com.mnc.udp.UDPServer - UDP-Server: Message-62-99 -> Message-62-99 (/127.0.0.1:49487)
21:20:57.111 [pool-1-thread-3] DEBUG com.mnc.udp.UDPServer - UDP-Server: Message-34-86
21:20:57.111 [pool-1-thread-2] DEBUG com.mnc.udp.UDPServer - UDP-Server: Message-77-14 -> Message-77-14 (/127.0.0.1:49502)
21:20:57.111 [pool-1-thread-5] DEBUG com.mnc.udp.UDPServer - UDP-Server: Message-24-21 -> Message-24-21 (/127.0.0.1:49449)
21:20:57.111 [pool-1-thread-4] DEBUG com.mnc.udp.UDPServer - UDP-Server: Message-36-17 -> Message-36-17 (/127.0.0.1:49461)
21:20:57.111 [pool-1-thread-2] DEBUG com.mnc.udp.UDPServer - UDP-Server: Message-76-12
21:20:57.111 [pool-1-thread-3] DEBUG com.mnc.udp.UDPServer - UDP-Server: Message-34-86 -> Message-34-86 (/127.0.0.1:49459)
21:20:57.111 [pool-1-thread-1] DEBUG com.mnc.udp.UDPServer - UDP-Server: Message-42-3
21:20:57.111 [pool-1-thread-1] DEBUG com.mnc.udp.UDPServer - UDP-Server: Message-42-3 -> Message-42-3 (/127.0.0.1:49467)
21:20:57.111 [pool-1-thread-2] DEBUG com.mnc.udp.UDPServer - UDP-Server: Message-76-12 -> Message-76-12 (/127.0.0.1:49501)
21:20:57.111 [pool-1-thread-4] DEBUG com.mnc.udp.UDPServer - UDP-Server: Message-22-24
21:20:57.111 [pool-1-thread-4] DEBUG com.mnc.udp.UDPServer - UDP-Server: Message-22-24 -> Message-22-24 (/127.0.0.1:49447)
21:20:57.111 [pool-1-thread-1] DEBUG com.mnc.udp.UDPServer - UDP-Server: Message-24-22
21:20:57.111 [pool-1-thread-3] DEBUG com.mnc.udp.UDPServer - UDP-Server: Message-36-13
21:20:57.111 [pool-1-thread-1] DEBUG com.mnc.udp.UDPServer - UDP-Server: Message-24-22 -> Message-24-22 (/127.0.0.1:49449)
21:20:57.111 [pool-1-thread-5] DEBUG com.mnc.udp.UDPServer - UDP-Server: Message-62-94
21:20:57.111 [pool-1-thread-2] DEBUG com.mnc.udp.UDPServer - UDP-Server: Message-77-12
21:20:57.111 [pool-1-thread-5] DEBUG com.mnc.udp.UDPServer - UDP-Server: Message-62-94 -> Message-62-94 (/127.0.0.1:49487)
21:20:57.111 [pool-1-thread-4] DEBUG com.mnc.udp.UDPServer - UDP-Server: Message-34-46
21:20:57.111 [pool-1-thread-4] DEBUG com.mnc.udp.UDPServer - UDP-Server: Message-34-46 -> Message-34-46 (/127.0.0.1:49459)
21:20:57.111 [pool-1-thread-3] DEBUG com.mnc.udp.UDPServer - UDP-Server: Message-36-13 -> Message-36-13 (/127.0.0.1:49461)
21:20:57.111 [pool-1-thread-1] DEBUG com.mnc.udp.UDPServer - UDP-Server: Message-76-21
21:20:57.111 [pool-1-thread-1] DEBUG com.mnc.udp.UDPServer - UDP-Server: Message-76-21 -> Message-76-21 (/127.0.0.1:49501)
21:20:57.111 [pool-1-thread-2] DEBUG com.mnc.udp.UDPServer - UDP-Server: Message-77-12 -> Message-77-12 (/127.0.0.1:49502)
21:20:57.111 [pool-1-thread-1] DEBUG com.mnc.udp.UDPServer - UDP-Server: Message-62-95
21:20:57.111 [pool-1-thread-1] DEBUG com.mnc.udp.UDPServer - UDP-Server: Message-62-95 -> Message-62-95 (/127.0.0.1:49487)
21:20:57.111 [pool-1-thread-5] DEBUG com.mnc.udp.UDPServer - UDP-Server: Message-42-4
21:20:57.111 [pool-1-thread-5] DEBUG com.mnc.udp.UDPServer - UDP-Server: Message-42-4 -> Message-42-4 (/127.0.0.1:49467)
21:20:57.111 [pool-1-thread-4] DEBUG com.mnc.udp.UDPServer - UDP-Server: Message-22-19
21:20:57.111 [pool-1-thread-5] DEBUG com.mnc.udp.UDPServer - UDP-Server: Message-76-22
21:20:57.111 [pool-1-thread-2] DEBUG com.mnc.udp.UDPServer - UDP-Server: Message-34-47
21:20:57.111 [pool-1-thread-5] DEBUG com.mnc.udp.UDPServer - UDP-Server: Message-76-22 -> Message-76-22 (/127.0.0.1:49501)
21:20:57.111 [pool-1-thread-2] DEBUG com.mnc.udp.UDPServer - UDP-Server: Message-34-47 -> Message-34-47 (/127.0.0.1:49459)
21:20:57.111 [pool-1-thread-3] DEBUG com.mnc.udp.UDPServer - UDP-Server: Message-24-23
21:20:57.111 [pool-1-thread-4] DEBUG com.mnc.udp.UDPServer - UDP-Server: Message-22-19 -> Message-22-19 (/127.0.0.1:49447)
21:20:57.111 [pool-1-thread-1] DEBUG com.mnc.udp.UDPServer - UDP-Server: Message-36-14
21:20:57.111 [pool-1-thread-3] DEBUG com.mnc.udp.UDPServer - UDP-Server: Message-24-23 -> Message-24-23 (/127.0.0.1:49449)
21:20:57.111 [pool-1-thread-5] DEBUG com.mnc.udp.UDPServer - UDP-Server: Message-77-21
21:20:57.111 [pool-1-thread-4] DEBUG com.mnc.udp.UDPServer - UDP-Server: Message-42-5
21:20:57.111 [pool-1-thread-2] DEBUG com.mnc.udp.UDPServer - UDP-Server: Message-62-47
21:20:57.111 [pool-1-thread-5] DEBUG com.mnc.udp.UDPServer - UDP-Server: Message-77-21 -> Message-77-21 (/127.0.0.1:49502)
21:20:57.111 [pool-1-thread-3] DEBUG com.mnc.udp.UDPServer - UDP-Server: Message-76-23
21:20:57.111 [pool-1-thread-1] DEBUG com.mnc.udp.UDPServer - UDP-Server: Message-36-14 -> Message-36-14 (/127.0.0.1:49461)
21:20:57.111 [pool-1-thread-5] DEBUG com.mnc.udp.UDPServer - UDP-Server: Message-34-84
21:20:57.111 [pool-1-thread-4] DEBUG com.mnc.udp.UDPServer - UDP-Server: Message-42-5 -> Message-42-5 (/127.0.0.1:49467)
21:20:57.111 [pool-1-thread-2] DEBUG com.mnc.udp.UDPServer - UDP-Server: Message-62-47 -> Message-62-47 (/127.0.0.1:49487)
21:20:57.111 [pool-1-thread-3] DEBUG com.mnc.udp.UDPServer - UDP-Server: Message-76-23 -> Message-76-23 (/127.0.0.1:49501)
21:20:57.112 [pool-1-thread-4] DEBUG com.mnc.udp.UDPServer - UDP-Server: Message-24-24
21:20:57.112 [pool-1-thread-2] DEBUG com.mnc.udp.UDPServer - UDP-Server: Message-77-22
21:20:57.112 [pool-1-thread-3] DEBUG com.mnc.udp.UDPServer - UDP-Server: Message-36-12
21:20:57.111 [pool-1-thread-1] DEBUG com.mnc.udp.UDPServer - UDP-Server: Message-22-20
21:20:57.112 [pool-1-thread-2] DEBUG com.mnc.udp.UDPServer - UDP-Server: Message-77-22 -> Message-77-22 (/127.0.0.1:49502)
21:20:57.111 [pool-1-thread-5] DEBUG com.mnc.udp.UDPServer - UDP-Server: Message-34-84 -> Message-34-84 (/127.0.0.1:49459)
21:20:57.112 [pool-1-thread-4] DEBUG com.mnc.udp.UDPServer - UDP-Server: Message-24-24 -> Message-24-24 (/127.0.0.1:49449)
21:20:57.112 [pool-1-thread-3] DEBUG com.mnc.udp.UDPServer - UDP-Server: Message-36-12 -> Message-36-12 (/127.0.0.1:49461)
21:20:57.112 [pool-1-thread-5] DEBUG com.mnc.udp.UDPServer - UDP-Server: Message-62-93
21:20:57.112 [pool-1-thread-1] DEBUG com.mnc.udp.UDPServer - UDP-Server: Message-22-20 -> Message-22-20 (/127.0.0.1:49447)
21:20:57.112 [pool-1-thread-4] DEBUG com.mnc.udp.UDPServer - UDP-Server: Message-76-24
21:20:57.112 [pool-1-thread-2] DEBUG com.mnc.udp.UDPServer - UDP-Server: Message-42-1
21:20:57.112 [pool-1-thread-3] DEBUG com.mnc.udp.UDPServer - UDP-Server: Message-77-23
21:20:57.112 [pool-1-thread-2] DEBUG com.mnc.udp.UDPServer - UDP-Server: Message-42-1 -> Message-42-1 (/127.0.0.1:49467)
21:20:57.112 [pool-1-thread-5] DEBUG com.mnc.udp.UDPServer - UDP-Server: Message-62-93 -> Message-62-93 (/127.0.0.1:49487)
21:20:57.112 [pool-1-thread-1] DEBUG com.mnc.udp.UDPServer - UDP-Server: Message-34-78
21:20:57.112 [pool-1-thread-2] DEBUG com.mnc.udp.UDPServer - UDP-Server: Message-24-19
21:20:57.112 [pool-1-thread-4] DEBUG com.mnc.udp.UDPServer - UDP-Server: Message-76-24 -> Message-76-24 (/127.0.0.1:49501)
21:20:57.112 [pool-1-thread-2] DEBUG com.mnc.udp.UDPServer - UDP-Server: Message-24-19 -> Message-24-19 (/127.0.0.1:49449)
21:20:57.112 [pool-1-thread-3] DEBUG com.mnc.udp.UDPServer - UDP-Server: Message-77-23 -> Message-77-23 (/127.0.0.1:49502)
21:20:57.112 [pool-1-thread-5] DEBUG com.mnc.udp.UDPServer - UDP-Server: Message-22-18
21:20:57.112 [pool-1-thread-1] DEBUG com.mnc.udp.UDPServer - UDP-Server: Message-34-78 -> Message-34-78 (/127.0.0.1:49459)
21:20:57.112 [pool-1-thread-5] DEBUG com.mnc.udp.UDPServer - UDP-Server: Message-22-18 -> Message-22-18 (/127.0.0.1:49447)
21:20:57.112 [pool-1-thread-5] DEBUG com.mnc.udp.UDPServer - UDP-Server: Message-36-21
21:20:57.112 [pool-1-thread-5] DEBUG com.mnc.udp.UDPServer - UDP-Server: Message-36-21 -> Message-36-21 (/127.0.0.1:49461)
21:20:57.112 [pool-1-thread-2] DEBUG com.mnc.udp.UDPServer - UDP-Server: Message-42-2
21:20:57.112 [pool-1-thread-4] DEBUG com.mnc.udp.UDPServer - UDP-Server: Message-77-76
21:20:57.112 [pool-1-thread-1] DEBUG com.mnc.udp.UDPServer - UDP-Server: Message-62-82
21:20:57.112 [pool-1-thread-4] DEBUG com.mnc.udp.UDPServer - UDP-Server: Message-77-76 -> Message-77-76 (/127.0.0.1:49502)
21:20:57.112 [pool-1-thread-5] DEBUG com.mnc.udp.UDPServer - UDP-Server: Message-76-19
21:20:57.112 [pool-1-thread-1] DEBUG com.mnc.udp.UDPServer - UDP-Server: Message-62-82 -> Message-62-82 (/127.0.0.1:49487)
21:20:57.112 [pool-1-thread-5] DEBUG com.mnc.udp.UDPServer - UDP-Server: Message-76-19 -> Message-76-19 (/127.0.0.1:49501)
21:20:57.112 [pool-1-thread-3] DEBUG com.mnc.udp.UDPServer - UDP-Server: Message-24-20
21:20:57.112 [pool-1-thread-2] DEBUG com.mnc.udp.UDPServer - UDP-Server: Message-42-2 -> Message-42-2 (/127.0.0.1:49467)
21:20:57.112 [pool-1-thread-5] DEBUG com.mnc.udp.UDPServer - UDP-Server: Message-36-22
21:20:57.112 [pool-1-thread-4] DEBUG com.mnc.udp.UDPServer - UDP-Server: Message-22-7
21:20:57.112 [pool-1-thread-5] DEBUG com.mnc.udp.UDPServer - UDP-Server: Message-36-22 -> Message-36-22 (/127.0.0.1:49461)
21:20:57.112 [pool-1-thread-4] DEBUG com.mnc.udp.UDPServer - UDP-Server: Message-22-7 -> Message-22-7 (/127.0.0.1:49447)
21:20:57.112 [pool-1-thread-1] DEBUG com.mnc.udp.UDPServer - UDP-Server: Message-34-79
21:20:57.112 [pool-1-thread-3] DEBUG com.mnc.udp.UDPServer - UDP-Server: Message-24-20 -> Message-24-20 (/127.0.0.1:49449)
21:20:57.112 [pool-1-thread-2] DEBUG com.mnc.udp.UDPServer - UDP-Server: Message-77-77
21:20:57.112 [pool-1-thread-4] DEBUG com.mnc.udp.UDPServer - UDP-Server: Message-76-20
21:20:57.112 [pool-1-thread-3] DEBUG com.mnc.udp.UDPServer - UDP-Server: Message-42-0
21:20:57.112 [pool-1-thread-1] DEBUG com.mnc.udp.UDPServer - UDP-Server: Message-34-79 -> Message-34-79 (/127.0.0.1:49459)
21:20:57.112 [pool-1-thread-5] DEBUG com.mnc.udp.UDPServer - UDP-Server: Message-62-83
21:20:57.112 [pool-1-thread-5] DEBUG com.mnc.udp.UDPServer - UDP-Server: Message-62-83 -> Message-62-83 (/127.0.0.1:49487)
21:20:57.112 [pool-1-thread-2] DEBUG com.mnc.udp.UDPServer - UDP-Server: Message-77-77 -> Message-77-77 (/127.0.0.1:49502)
21:20:57.112 [pool-1-thread-5] DEBUG com.mnc.udp.UDPServer - UDP-Server: Message-22-8
21:20:57.112 [pool-1-thread-4] DEBUG com.mnc.udp.UDPServer - UDP-Server: Message-76-20 -> Message-76-20 (/127.0.0.1:49501)
21:20:57.112 [pool-1-thread-3] DEBUG com.mnc.udp.UDPServer - UDP-Server: Message-42-0 -> Message-42-0 (/127.0.0.1:49467)
21:20:57.112 [pool-1-thread-1] DEBUG com.mnc.udp.UDPServer - UDP-Server: Message-36-23
21:20:57.112 [pool-1-thread-5] DEBUG com.mnc.udp.UDPServer - UDP-Server: Message-22-8 -> Message-22-8 (/127.0.0.1:49447)
21:20:57.112 [pool-1-thread-3] DEBUG com.mnc.udp.UDPServer - UDP-Server: Message-62-40
21:20:57.112 [pool-1-thread-2] DEBUG com.mnc.udp.UDPServer - UDP-Server: Message-24-18
21:20:57.112 [pool-1-thread-4] DEBUG com.mnc.udp.UDPServer - UDP-Server: Message-34-80
21:20:57.112 [pool-1-thread-1] DEBUG com.mnc.udp.UDPServer - UDP-Server: Message-36-23 -> Message-36-23 (/127.0.0.1:49461)
21:20:57.112 [pool-1-thread-3] DEBUG com.mnc.udp.UDPServer - UDP-Server: Message-62-40 -> Message-62-40 (/127.0.0.1:49487)
21:20:57.112 [pool-1-thread-2] DEBUG com.mnc.udp.UDPServer - UDP-Server: Message-24-18 -> Message-24-18 (/127.0.0.1:49449)
21:20:57.112 [pool-1-thread-4] DEBUG com.mnc.udp.UDPServer - UDP-Server: Message-34-80 -> Message-34-80 (/127.0.0.1:49459)
21:20:57.112 [pool-1-thread-5] DEBUG com.mnc.udp.UDPServer - UDP-Server: Message-77-75
21:20:57.112 [pool-1-thread-3] DEBUG com.mnc.udp.UDPServer - UDP-Server: Message-36-24
21:20:57.112 [pool-1-thread-1] DEBUG com.mnc.udp.UDPServer - UDP-Server: Message-76-18
21:20:57.112 [pool-1-thread-4] DEBUG com.mnc.udp.UDPServer - UDP-Server: Message-62-41
21:20:57.112 [pool-1-thread-2] DEBUG com.mnc.udp.UDPServer - UDP-Server: Message-22-6
21:20:57.112 [pool-1-thread-3] DEBUG com.mnc.udp.UDPServer - UDP-Server: Message-36-24 -> Message-36-24 (/127.0.0.1:49461)
21:20:57.112 [pool-1-thread-5] DEBUG com.mnc.udp.UDPServer - UDP-Server: Message-77-75 -> Message-77-75 (/127.0.0.1:49502)
21:20:57.112 [pool-1-thread-3] DEBUG com.mnc.udp.UDPServer - UDP-Server: Message-24-7
21:20:57.112 [pool-1-thread-1] DEBUG com.mnc.udp.UDPServer - UDP-Server: Message-76-18 -> Message-76-18 (/127.0.0.1:49501)
21:20:57.112 [pool-1-thread-4] DEBUG com.mnc.udp.UDPServer - UDP-Server: Message-62-41 -> Message-62-41 (/127.0.0.1:49487)
21:20:57.112 [pool-1-thread-2] DEBUG com.mnc.udp.UDPServer - UDP-Server: Message-22-6 -> Message-22-6 (/127.0.0.1:49447)
21:20:57.112 [pool-1-thread-3] DEBUG com.mnc.udp.UDPServer - UDP-Server: Message-24-7 -> Message-24-7 (/127.0.0.1:49449)
21:20:57.112 [pool-1-thread-5] DEBUG com.mnc.udp.UDPServer - UDP-Server: Message-34-76
21:20:57.112 [pool-1-thread-5] DEBUG com.mnc.udp.UDPServer - UDP-Server: Message-34-76 -> Message-34-76 (/127.0.0.1:49459)
21:20:57.112 [pool-1-thread-1] DEBUG com.mnc.udp.UDPServer - UDP-Server: Message-36-19
21:20:57.112 [pool-1-thread-4] DEBUG com.mnc.udp.UDPServer - UDP-Server: Message-77-24
21:20:57.113 [pool-1-thread-5] DEBUG com.mnc.udp.UDPServer - UDP-Server: Message-76-7
21:20:57.113 [pool-1-thread-5] DEBUG com.mnc.udp.UDPServer - UDP-Server: Message-76-7 -> Message-76-7 (/127.0.0.1:49501)
21:20:57.113 [pool-1-thread-4] DEBUG com.mnc.udp.UDPServer - UDP-Server: Message-77-24 -> Message-77-24 (/127.0.0.1:49502)
21:20:57.113 [pool-1-thread-5] DEBUG com.mnc.udp.UDPServer - UDP-Server: Message-24-8
21:20:57.113 [pool-1-thread-1] DEBUG com.mnc.udp.UDPServer - UDP-Server: Message-36-19 -> Message-36-19 (/127.0.0.1:49461)
21:20:57.113 [pool-1-thread-3] DEBUG com.mnc.udp.UDPServer - UDP-Server: Message-62-42
21:20:57.113 [pool-1-thread-2] DEBUG com.mnc.udp.UDPServer - UDP-Server: Message-22-10
21:20:57.113 [pool-1-thread-3] DEBUG com.mnc.udp.UDPServer - UDP-Server: Message-62-42 -> Message-62-42 (/127.0.0.1:49487)
21:20:57.113 [pool-1-thread-5] DEBUG com.mnc.udp.UDPServer - UDP-Server: Message-24-8 -> Message-24-8 (/127.0.0.1:49449)
21:20:57.113 [pool-1-thread-1] DEBUG com.mnc.udp.UDPServer - UDP-Server: Message-76-8
21:20:57.113 [pool-1-thread-1] DEBUG com.mnc.udp.UDPServer - UDP-Server: Message-76-8 -> Message-76-8 (/127.0.0.1:49501)
21:20:57.113 [pool-1-thread-4] DEBUG com.mnc.udp.UDPServer - UDP-Server: Message-34-40
21:20:57.113 [pool-1-thread-4] DEBUG com.mnc.udp.UDPServer - UDP-Server: Message-34-40 -> Message-34-40 (/127.0.0.1:49459)
21:20:57.113 [pool-1-thread-2] DEBUG com.mnc.udp.UDPServer - UDP-Server: Message-22-10 -> Message-22-10 (/127.0.0.1:49447)
21:20:57.113 [pool-1-thread-3] DEBUG com.mnc.udp.UDPServer - UDP-Server: Message-36-20
21:20:57.113 [pool-1-thread-3] DEBUG com.mnc.udp.UDPServer - UDP-Server: Message-36-20 -> Message-36-20 (/127.0.0.1:49461)
21:20:57.113 [pool-1-thread-5] DEBUG com.mnc.udp.UDPServer - UDP-Server: Message-77-19
21:20:57.113 [pool-1-thread-2] DEBUG com.mnc.udp.UDPServer - UDP-Server: Message-76-6
21:20:57.113 [pool-1-thread-2] DEBUG com.mnc.udp.UDPServer - UDP-Server: Message-76-6 -> Message-76-6 (/127.0.0.1:49501)
21:20:57.113 [pool-1-thread-1] DEBUG com.mnc.udp.UDPServer - UDP-Server: Message-62-38
21:20:57.113 [pool-1-thread-4] DEBUG com.mnc.udp.UDPServer - UDP-Server: Message-24-6
21:20:57.113 [pool-1-thread-3] DEBUG com.mnc.udp.UDPServer - UDP-Server: Message-22-11
21:20:57.113 [pool-1-thread-2] DEBUG com.mnc.udp.UDPServer - UDP-Server: Message-34-77
21:20:57.113 [pool-1-thread-5] DEBUG com.mnc.udp.UDPServer - UDP-Server: Message-77-19 -> Message-77-19 (/127.0.0.1:49502)
21:20:57.113 [pool-1-thread-2] DEBUG com.mnc.udp.UDPServer - UDP-Server: Message-34-77 -> Message-34-77 (/127.0.0.1:49459)
21:20:57.113 [pool-1-thread-1] DEBUG com.mnc.udp.UDPServer - UDP-Server: Message-62-38 -> Message-62-38 (/127.0.0.1:49487)
21:20:57.113 [pool-1-thread-4] DEBUG com.mnc.udp.UDPServer - UDP-Server: Message-24-6 -> Message-24-6 (/127.0.0.1:49449)
21:20:57.113 [pool-1-thread-1] DEBUG com.mnc.udp.UDPServer - UDP-Server: Message-76-10
21:20:57.113 [pool-1-thread-3] DEBUG com.mnc.udp.UDPServer - UDP-Server: Message-22-11 -> Message-22-11 (/127.0.0.1:49447)
21:20:57.113 [pool-1-thread-1] DEBUG com.mnc.udp.UDPServer - UDP-Server: Message-76-10 -> Message-76-10 (/127.0.0.1:49501)
21:20:57.113 [pool-1-thread-5] DEBUG com.mnc.udp.UDPServer - UDP-Server: Message-36-18
21:20:57.113 [pool-1-thread-4] DEBUG com.mnc.udp.UDPServer - UDP-Server: Message-77-20
21:20:57.113 [pool-1-thread-5] DEBUG com.mnc.udp.UDPServer - UDP-Server: Message-36-18 -> Message-36-18 (/127.0.0.1:49461)
21:20:57.113 [pool-1-thread-4] DEBUG com.mnc.udp.UDPServer - UDP-Server: Message-77-20 -> Message-77-20 (/127.0.0.1:49502)
21:20:57.113 [pool-1-thread-1] DEBUG com.mnc.udp.UDPServer - UDP-Server: Message-62-39
21:20:57.113 [pool-1-thread-1] DEBUG com.mnc.udp.UDPServer - UDP-Server: Message-62-39 -> Message-62-39 (/127.0.0.1:49487)
21:20:57.113 [pool-1-thread-4] DEBUG com.mnc.udp.UDPServer - UDP-Server: Message-76-11
21:20:57.113 [pool-1-thread-4] DEBUG com.mnc.udp.UDPServer - UDP-Server: Message-76-11 -> Message-76-11 (/127.0.0.1:49501)
21:20:57.113 [pool-1-thread-2] DEBUG com.mnc.udp.UDPServer - UDP-Server: Message-34-75
21:20:57.113 [pool-1-thread-3] DEBUG com.mnc.udp.UDPServer - UDP-Server: Message-24-10
21:20:57.113 [pool-1-thread-4] DEBUG com.mnc.udp.UDPServer - UDP-Server: Message-22-9
21:20:57.113 [pool-1-thread-2] DEBUG com.mnc.udp.UDPServer - UDP-Server: Message-34-75 -> Message-34-75 (/127.0.0.1:49459)
21:20:57.113 [pool-1-thread-4] DEBUG com.mnc.udp.UDPServer - UDP-Server: Message-22-9 -> Message-22-9 (/127.0.0.1:49447)
21:20:57.113 [pool-1-thread-3] DEBUG com.mnc.udp.UDPServer - UDP-Server: Message-24-10 -> Message-24-10 (/127.0.0.1:49449)
21:20:57.113 [pool-1-thread-2] DEBUG com.mnc.udp.UDPServer - UDP-Server: Message-36-7
21:20:57.113 [pool-1-thread-2] DEBUG com.mnc.udp.UDPServer - UDP-Server: Message-36-7 -> Message-36-7 (/127.0.0.1:49461)
21:20:57.113 [pool-1-thread-4] DEBUG com.mnc.udp.UDPServer - UDP-Server: Message-77-18
21:20:57.113 [pool-1-thread-4] DEBUG com.mnc.udp.UDPServer - UDP-Server: Message-77-18 -> Message-77-18 (/127.0.0.1:49502)
21:20:57.113 [pool-1-thread-3] DEBUG com.mnc.udp.UDPServer - UDP-Server: Message-76-9
21:20:57.113 [pool-1-thread-2] DEBUG com.mnc.udp.UDPServer - UDP-Server: Message-62-37
21:20:57.113 [pool-1-thread-3] DEBUG com.mnc.udp.UDPServer - UDP-Server: Message-76-9 -> Message-76-9 (/127.0.0.1:49501)
21:20:57.113 [pool-1-thread-2] DEBUG com.mnc.udp.UDPServer - UDP-Server: Message-62-37 -> Message-62-37 (/127.0.0.1:49487)
21:20:57.113 [pool-1-thread-1] DEBUG com.mnc.udp.UDPServer - UDP-Server: Message-22-3
21:20:57.113 [pool-1-thread-5] DEBUG com.mnc.udp.UDPServer - UDP-Server: Message-34-41
21:20:57.113 [pool-1-thread-1] DEBUG com.mnc.udp.UDPServer - UDP-Server: Message-22-3 -> Message-22-3 (/127.0.0.1:49447)
21:20:57.113 [pool-1-thread-2] DEBUG com.mnc.udp.UDPServer - UDP-Server: Message-24-11
21:20:57.113 [pool-1-thread-4] DEBUG com.mnc.udp.UDPServer - UDP-Server: Message-36-8
21:20:57.113 [pool-1-thread-5] DEBUG com.mnc.udp.UDPServer - UDP-Server: Message-34-41 -> Message-34-41 (/127.0.0.1:49459)
21:20:57.113 [pool-1-thread-2] DEBUG com.mnc.udp.UDPServer - UDP-Server: Message-24-11 -> Message-24-11 (/127.0.0.1:49449)
21:20:57.113 [pool-1-thread-3] DEBUG com.mnc.udp.UDPServer - UDP-Server: Message-77-57
21:20:57.113 [pool-1-thread-3] DEBUG com.mnc.udp.UDPServer - UDP-Server: Message-77-57 -> Message-77-57 (/127.0.0.1:49502)
21:20:57.113 [pool-1-thread-2] DEBUG com.mnc.udp.UDPServer - UDP-Server: Message-76-3
21:20:57.113 [pool-1-thread-1] DEBUG com.mnc.udp.UDPServer - UDP-Server: Message-22-4
21:20:57.113 [pool-1-thread-2] DEBUG com.mnc.udp.UDPServer - UDP-Server: Message-76-3 -> Message-76-3 (/127.0.0.1:49501)
21:20:57.113 [pool-1-thread-1] DEBUG com.mnc.udp.UDPServer - UDP-Server: Message-22-4 -> Message-22-4 (/127.0.0.1:49447)
21:20:57.113 [pool-1-thread-4] DEBUG com.mnc.udp.UDPServer - UDP-Server: Message-36-8 -> Message-36-8 (/127.0.0.1:49461)
21:20:57.113 [pool-1-thread-5] DEBUG com.mnc.udp.UDPServer - UDP-Server: Message-62-57
21:20:57.113 [pool-1-thread-1] DEBUG com.mnc.udp.UDPServer - UDP-Server: Message-77-58
21:20:57.113 [pool-1-thread-5] DEBUG com.mnc.udp.UDPServer - UDP-Server: Message-62-57 -> Message-62-57 (/127.0.0.1:49487)
21:20:57.113 [pool-1-thread-1] DEBUG com.mnc.udp.UDPServer - UDP-Server: Message-77-58 -> Message-77-58 (/127.0.0.1:49502)
21:20:57.113 [pool-1-thread-3] DEBUG com.mnc.udp.UDPServer - UDP-Server: Message-34-42
21:20:57.113 [pool-1-thread-2] DEBUG com.mnc.udp.UDPServer - UDP-Server: Message-24-9
21:20:57.113 [pool-1-thread-3] DEBUG com.mnc.udp.UDPServer - UDP-Server: Message-34-42 -> Message-34-42 (/127.0.0.1:49459)
21:20:57.113 [pool-1-thread-2] DEBUG com.mnc.udp.UDPServer - UDP-Server: Message-24-9 -> Message-24-9 (/127.0.0.1:49449)
21:20:57.113 [pool-1-thread-4] DEBUG com.mnc.udp.UDPServer - UDP-Server: Message-76-4
21:20:57.113 [pool-1-thread-3] DEBUG com.mnc.udp.UDPServer - UDP-Server: Message-22-5
21:20:57.113 [pool-1-thread-3] DEBUG com.mnc.udp.UDPServer - UDP-Server: Message-22-5 -> Message-22-5 (/127.0.0.1:49447)
21:20:57.113 [pool-1-thread-5] DEBUG com.mnc.udp.UDPServer - UDP-Server: Message-62-58
21:20:57.113 [pool-1-thread-5] DEBUG com.mnc.udp.UDPServer - UDP-Server: Message-62-58 -> Message-62-58 (/127.0.0.1:49487)
21:20:57.113 [pool-1-thread-2] DEBUG com.mnc.udp.UDPServer - UDP-Server: Message-77-56
21:20:57.113 [pool-1-thread-3] DEBUG com.mnc.udp.UDPServer - UDP-Server: Message-24-3
21:20:57.113 [pool-1-thread-2] DEBUG com.mnc.udp.UDPServer - UDP-Server: Message-77-56 -> Message-77-56 (/127.0.0.1:49502)
21:20:57.113 [pool-1-thread-4] DEBUG com.mnc.udp.UDPServer - UDP-Server: Message-76-4 -> Message-76-4 (/127.0.0.1:49501)
21:20:57.113 [pool-1-thread-1] DEBUG com.mnc.udp.UDPServer - UDP-Server: Message-36-6
21:20:57.114 [pool-1-thread-3] DEBUG com.mnc.udp.UDPServer - UDP-Server: Message-24-3 -> Message-24-3 (/127.0.0.1:49449)
21:20:57.114 [pool-1-thread-5] DEBUG com.mnc.udp.UDPServer - UDP-Server: Message-34-57
21:20:57.114 [pool-1-thread-2] DEBUG com.mnc.udp.UDPServer - UDP-Server: Message-22-1
21:20:57.114 [pool-1-thread-1] DEBUG com.mnc.udp.UDPServer - UDP-Server: Message-36-6 -> Message-36-6 (/127.0.0.1:49461)
21:20:57.114 [pool-1-thread-2] DEBUG com.mnc.udp.UDPServer - UDP-Server: Message-22-1 -> Message-22-1 (/127.0.0.1:49447)
21:20:57.114 [pool-1-thread-4] DEBUG com.mnc.udp.UDPServer - UDP-Server: Message-62-56
21:20:57.114 [pool-1-thread-4] DEBUG com.mnc.udp.UDPServer - UDP-Server: Message-62-56 -> Message-62-56 (/127.0.0.1:49487)
21:20:57.114 [pool-1-thread-5] DEBUG com.mnc.udp.UDPServer - UDP-Server: Message-34-57 -> Message-34-57 (/127.0.0.1:49459)
21:20:57.114 [pool-1-thread-3] DEBUG com.mnc.udp.UDPServer - UDP-Server: Message-76-5
21:20:57.114 [pool-1-thread-2] DEBUG com.mnc.udp.UDPServer - UDP-Server: Message-24-4
21:20:57.114 [pool-1-thread-4] DEBUG com.mnc.udp.UDPServer - UDP-Server: Message-36-10
21:20:57.114 [pool-1-thread-5] DEBUG com.mnc.udp.UDPServer - UDP-Server: Message-22-2
21:20:57.114 [pool-1-thread-4] DEBUG com.mnc.udp.UDPServer - UDP-Server: Message-36-10 -> Message-36-10 (/127.0.0.1:49461)
21:20:57.114 [pool-1-thread-1] DEBUG com.mnc.udp.UDPServer - UDP-Server: Message-77-7
21:20:57.114 [pool-1-thread-3] DEBUG com.mnc.udp.UDPServer - UDP-Server: Message-76-5 -> Message-76-5 (/127.0.0.1:49501)
21:20:57.114 [pool-1-thread-2] DEBUG com.mnc.udp.UDPServer - UDP-Server: Message-24-4 -> Message-24-4 (/127.0.0.1:49449)
21:20:57.114 [pool-1-thread-5] DEBUG com.mnc.udp.UDPServer - UDP-Server: Message-22-2 -> Message-22-2 (/127.0.0.1:49447)
21:20:57.114 [pool-1-thread-1] DEBUG com.mnc.udp.UDPServer - UDP-Server: Message-77-7 -> Message-77-7 (/127.0.0.1:49502)
21:20:57.114 [pool-1-thread-5] DEBUG com.mnc.udp.UDPServer - UDP-Server: Message-36-11
21:20:57.114 [pool-1-thread-4] DEBUG com.mnc.udp.UDPServer - UDP-Server: Message-62-81
21:20:57.114 [pool-1-thread-4] DEBUG com.mnc.udp.UDPServer - UDP-Server: Message-62-81 -> Message-62-81 (/127.0.0.1:49487)
21:20:57.114 [pool-1-thread-3] DEBUG com.mnc.udp.UDPServer - UDP-Server: Message-34-38
21:20:57.114 [pool-1-thread-5] DEBUG com.mnc.udp.UDPServer - UDP-Server: Message-36-11 -> Message-36-11 (/127.0.0.1:49461)
21:20:57.114 [pool-1-thread-1] DEBUG com.mnc.udp.UDPServer - UDP-Server: Message-76-1
21:20:57.114 [pool-1-thread-2] DEBUG com.mnc.udp.UDPServer - UDP-Server: Message-24-5
21:20:57.114 [pool-1-thread-2] DEBUG com.mnc.udp.UDPServer - UDP-Server: Message-24-5 -> Message-24-5 (/127.0.0.1:49449)
21:20:57.114 [pool-1-thread-3] DEBUG com.mnc.udp.UDPServer - UDP-Server: Message-34-38 -> Message-34-38 (/127.0.0.1:49459)
21:20:57.114 [pool-1-thread-2] DEBUG com.mnc.udp.UDPServer - UDP-Server: Message-62-85
21:20:57.114 [pool-1-thread-4] DEBUG com.mnc.udp.UDPServer - UDP-Server: Message-22-0
21:20:57.114 [pool-1-thread-3] DEBUG com.mnc.udp.UDPServer - UDP-Server: Message-36-9
21:20:57.114 [pool-1-thread-4] DEBUG com.mnc.udp.UDPServer - UDP-Server: Message-22-0 -> Message-22-0 (/127.0.0.1:49447)
21:20:57.114 [pool-1-thread-5] DEBUG com.mnc.udp.UDPServer - UDP-Server: Message-77-8
21:20:57.114 [pool-1-thread-1] DEBUG com.mnc.udp.UDPServer - UDP-Server: Message-76-1 -> Message-76-1 (/127.0.0.1:49501)
21:20:57.114 [pool-1-thread-2] DEBUG com.mnc.udp.UDPServer - UDP-Server: Message-62-85 -> Message-62-85 (/127.0.0.1:49487)
21:20:57.114 [pool-1-thread-4] DEBUG com.mnc.udp.UDPServer - UDP-Server: Message-24-1
21:20:57.114 [pool-1-thread-4] DEBUG com.mnc.udp.UDPServer - UDP-Server: Message-24-1 -> Message-24-1 (/127.0.0.1:49449)
21:20:57.114 [pool-1-thread-1] DEBUG com.mnc.udp.UDPServer - UDP-Server: Message-34-39
21:20:57.114 [pool-1-thread-1] DEBUG com.mnc.udp.UDPServer - UDP-Server: Message-34-39 -> Message-34-39 (/127.0.0.1:49459)
21:20:57.114 [pool-1-thread-3] DEBUG com.mnc.udp.UDPServer - UDP-Server: Message-36-9 -> Message-36-9 (/127.0.0.1:49461)
21:20:57.114 [pool-1-thread-1] DEBUG com.mnc.udp.UDPServer - UDP-Server: Message-22-90
21:20:57.114 [pool-1-thread-5] DEBUG com.mnc.udp.UDPServer - UDP-Server: Message-77-8 -> Message-77-8 (/127.0.0.1:49502)
21:20:57.114 [pool-1-thread-3] DEBUG com.mnc.udp.UDPServer - UDP-Server: Message-76-2
21:20:57.114 [pool-1-thread-4] DEBUG com.mnc.udp.UDPServer - UDP-Server: Message-24-2
21:20:57.114 [pool-1-thread-1] DEBUG com.mnc.udp.UDPServer - UDP-Server: Message-22-90 -> Message-22-90 (/127.0.0.1:49447)
21:20:57.114 [pool-1-thread-3] DEBUG com.mnc.udp.UDPServer - UDP-Server: Message-76-2 -> Message-76-2 (/127.0.0.1:49501)
21:20:57.114 [pool-1-thread-2] DEBUG com.mnc.udp.UDPServer - UDP-Server: Message-62-86
21:20:57.114 [pool-1-thread-1] DEBUG com.mnc.udp.UDPServer - UDP-Server: Message-34-58
21:20:57.114 [pool-1-thread-2] DEBUG com.mnc.udp.UDPServer - UDP-Server: Message-62-86 -> Message-62-86 (/127.0.0.1:49487)
21:20:57.114 [pool-1-thread-1] DEBUG com.mnc.udp.UDPServer - UDP-Server: Message-34-58 -> Message-34-58 (/127.0.0.1:49459)
21:20:57.114 [pool-1-thread-3] DEBUG com.mnc.udp.UDPServer - UDP-Server: Message-77-6
21:20:57.114 [pool-1-thread-4] DEBUG com.mnc.udp.UDPServer - UDP-Server: Message-24-2 -> Message-24-2 (/127.0.0.1:49449)
21:20:57.114 [pool-1-thread-1] DEBUG com.mnc.udp.UDPServer - UDP-Server: Message-22-91
21:20:57.114 [pool-1-thread-1] DEBUG com.mnc.udp.UDPServer - UDP-Server: Message-22-91 -> Message-22-91 (/127.0.0.1:49447)
21:20:57.114 [pool-1-thread-5] DEBUG com.mnc.udp.UDPServer - UDP-Server: Message-36-3
21:20:57.114 [pool-1-thread-1] DEBUG com.mnc.udp.UDPServer - UDP-Server: Message-62-60
21:20:57.114 [pool-1-thread-1] DEBUG com.mnc.udp.UDPServer - UDP-Server: Message-62-60 -> Message-62-60 (/127.0.0.1:49487)
21:20:57.114 [pool-1-thread-4] DEBUG com.mnc.udp.UDPServer - UDP-Server: Message-34-56
21:20:57.114 [pool-1-thread-1] DEBUG com.mnc.udp.UDPServer - UDP-Server: Message-22-92
21:20:57.114 [pool-1-thread-3] DEBUG com.mnc.udp.UDPServer - UDP-Server: Message-77-6 -> Message-77-6 (/127.0.0.1:49502)
21:20:57.114 [pool-1-thread-1] DEBUG com.mnc.udp.UDPServer - UDP-Server: Message-22-92 -> Message-22-92 (/127.0.0.1:49447)
21:20:57.114 [pool-1-thread-2] DEBUG com.mnc.udp.UDPServer - UDP-Server: Message-76-0
21:20:57.114 [pool-1-thread-3] DEBUG com.mnc.udp.UDPServer - UDP-Server: Message-24-0
21:20:57.114 [pool-1-thread-5] DEBUG com.mnc.udp.UDPServer - UDP-Server: Message-36-3 -> Message-36-3 (/127.0.0.1:49461)
21:20:57.114 [pool-1-thread-4] DEBUG com.mnc.udp.UDPServer - UDP-Server: Message-34-56 -> Message-34-56 (/127.0.0.1:49459)
21:20:57.114 [pool-1-thread-2] DEBUG com.mnc.udp.UDPServer - UDP-Server: Message-76-0 -> Message-76-0 (/127.0.0.1:49501)
21:20:57.114 [pool-1-thread-3] DEBUG com.mnc.udp.UDPServer - UDP-Server: Message-24-0 -> Message-24-0 (/127.0.0.1:49449)
21:20:57.114 [pool-1-thread-2] DEBUG com.mnc.udp.UDPServer - UDP-Server: Message-77-60
21:20:57.114 [pool-1-thread-1] DEBUG com.mnc.udp.UDPServer - UDP-Server: Message-62-61
21:20:57.114 [pool-1-thread-2] DEBUG com.mnc.udp.UDPServer - UDP-Server: Message-77-60 -> Message-77-60 (/127.0.0.1:49502)
21:20:57.114 [pool-1-thread-5] DEBUG com.mnc.udp.UDPServer - UDP-Server: Message-22-88
21:20:57.114 [pool-1-thread-1] DEBUG com.mnc.udp.UDPServer - UDP-Server: Message-62-61 -> Message-62-61 (/127.0.0.1:49487)
21:20:57.114 [pool-1-thread-5] DEBUG com.mnc.udp.UDPServer - UDP-Server: Message-22-88 -> Message-22-88 (/127.0.0.1:49447)
21:20:57.114 [pool-1-thread-4] DEBUG com.mnc.udp.UDPServer - UDP-Server: Message-76-90
21:20:57.114 [pool-1-thread-2] DEBUG com.mnc.udp.UDPServer - UDP-Server: Message-36-4
21:20:57.114 [pool-1-thread-3] DEBUG com.mnc.udp.UDPServer - UDP-Server: Message-34-60
21:20:57.115 [pool-1-thread-1] DEBUG com.mnc.udp.UDPServer - UDP-Server: Message-24-90
21:20:57.115 [pool-1-thread-5] DEBUG com.mnc.udp.UDPServer - UDP-Server: Message-77-61
21:20:57.115 [pool-1-thread-3] DEBUG com.mnc.udp.UDPServer - UDP-Server: Message-34-60 -> Message-34-60 (/127.0.0.1:49459)
21:20:57.115 [pool-1-thread-2] DEBUG com.mnc.udp.UDPServer - UDP-Server: Message-36-4 -> Message-36-4 (/127.0.0.1:49461)
21:20:57.115 [pool-1-thread-4] DEBUG com.mnc.udp.UDPServer - UDP-Server: Message-76-90 -> Message-76-90 (/127.0.0.1:49501)
21:20:57.115 [pool-1-thread-5] DEBUG com.mnc.udp.UDPServer - UDP-Server: Message-77-61 -> Message-77-61 (/127.0.0.1:49502)
21:20:57.115 [pool-1-thread-1] DEBUG com.mnc.udp.UDPServer - UDP-Server: Message-24-90 -> Message-24-90 (/127.0.0.1:49449)
21:20:57.115 [pool-1-thread-3] DEBUG com.mnc.udp.UDPServer - UDP-Server: Message-22-89
21:20:57.115 [pool-1-thread-2] DEBUG com.mnc.udp.UDPServer - UDP-Server: Message-62-15
21:20:57.115 [pool-1-thread-5] DEBUG com.mnc.udp.UDPServer - UDP-Server: Message-36-5
21:20:57.115 [pool-1-thread-4] DEBUG com.mnc.udp.UDPServer - UDP-Server: Message-76-91
21:20:57.115 [pool-1-thread-1] DEBUG com.mnc.udp.UDPServer - UDP-Server: Message-34-61
21:20:57.115 [pool-1-thread-3] DEBUG com.mnc.udp.UDPServer - UDP-Server: Message-22-89 -> Message-22-89 (/127.0.0.1:49447)
21:20:57.115 [pool-1-thread-2] DEBUG com.mnc.udp.UDPServer - UDP-Server: Message-62-15 -> Message-62-15 (/127.0.0.1:49487)
21:20:57.115 [pool-1-thread-5] DEBUG com.mnc.udp.UDPServer - UDP-Server: Message-36-5 -> Message-36-5 (/127.0.0.1:49461)
21:20:57.115 [pool-1-thread-4] DEBUG com.mnc.udp.UDPServer - UDP-Server: Message-76-91 -> Message-76-91 (/127.0.0.1:49501)
21:20:57.115 [pool-1-thread-1] DEBUG com.mnc.udp.UDPServer - UDP-Server: Message-34-61 -> Message-34-61 (/127.0.0.1:49459)
21:20:57.115 [pool-1-thread-3] DEBUG com.mnc.udp.UDPServer - UDP-Server: Message-77-10
21:20:57.115 [pool-1-thread-2] DEBUG com.mnc.udp.UDPServer - UDP-Server: Message-24-91
21:20:57.115 [pool-1-thread-3] DEBUG com.mnc.udp.UDPServer - UDP-Server: Message-77-10 -> Message-77-10 (/127.0.0.1:49502)
21:20:57.115 [pool-1-thread-1] DEBUG com.mnc.udp.UDPServer - UDP-Server: Message-62-59
21:20:57.115 [pool-1-thread-2] DEBUG com.mnc.udp.UDPServer - UDP-Server: Message-24-91 -> Message-24-91 (/127.0.0.1:49449)
21:20:57.115 [pool-1-thread-1] DEBUG com.mnc.udp.UDPServer - UDP-Server: Message-62-59 -> Message-62-59 (/127.0.0.1:49487)
21:20:57.115 [pool-1-thread-5] DEBUG com.mnc.udp.UDPServer - UDP-Server: Message-22-87
21:20:57.115 [pool-1-thread-1] DEBUG com.mnc.udp.UDPServer - UDP-Server: Message-36-1
21:20:57.115 [pool-1-thread-4] DEBUG com.mnc.udp.UDPServer - UDP-Server: Message-76-92
21:20:57.115 [pool-1-thread-1] DEBUG com.mnc.udp.UDPServer - UDP-Server: Message-36-1 -> Message-36-1 (/127.0.0.1:49461)
21:20:57.115 [pool-1-thread-5] DEBUG com.mnc.udp.UDPServer - UDP-Server: Message-22-87 -> Message-22-87 (/127.0.0.1:49447)
21:20:57.115 [pool-1-thread-2] DEBUG com.mnc.udp.UDPServer - UDP-Server: Message-34-37
21:20:57.115 [pool-1-thread-3] DEBUG com.mnc.udp.UDPServer - UDP-Server: Message-77-59
21:20:57.115 [pool-1-thread-1] DEBUG com.mnc.udp.UDPServer - UDP-Server: Message-62-53
21:20:57.115 [pool-1-thread-4] DEBUG com.mnc.udp.UDPServer - UDP-Server: Message-76-92 -> Message-76-92 (/127.0.0.1:49501)
21:20:57.115 [pool-1-thread-2] DEBUG com.mnc.udp.UDPServer - UDP-Server: Message-34-37 -> Message-34-37 (/127.0.0.1:49459)
21:20:57.115 [pool-1-thread-4] DEBUG com.mnc.udp.UDPServer - UDP-Server: Message-36-2
21:20:57.115 [pool-1-thread-3] DEBUG com.mnc.udp.UDPServer - UDP-Server: Message-77-59 -> Message-77-59 (/127.0.0.1:49502)
21:20:57.115 [pool-1-thread-2] DEBUG com.mnc.udp.UDPServer - UDP-Server: Message-22-96
21:20:57.115 [pool-1-thread-2] DEBUG com.mnc.udp.UDPServer - UDP-Server: Message-22-96 -> Message-22-96 (/127.0.0.1:49447)
21:20:57.115 [pool-1-thread-5] DEBUG com.mnc.udp.UDPServer - UDP-Server: Message-24-92
21:20:57.115 [pool-1-thread-1] DEBUG com.mnc.udp.UDPServer - UDP-Server: Message-62-53 -> Message-62-53 (/127.0.0.1:49487)
21:20:57.115 [pool-1-thread-4] DEBUG com.mnc.udp.UDPServer - UDP-Server: Message-36-2 -> Message-36-2 (/127.0.0.1:49461)
21:20:57.115 [pool-1-thread-5] DEBUG com.mnc.udp.UDPServer - UDP-Server: Message-24-92 -> Message-24-92 (/127.0.0.1:49449)
21:20:57.115 [pool-1-thread-3] DEBUG com.mnc.udp.UDPServer - UDP-Server: Message-76-88
21:20:57.115 [pool-1-thread-3] DEBUG com.mnc.udp.UDPServer - UDP-Server: Message-76-88 -> Message-76-88 (/127.0.0.1:49501)
21:20:57.115 [pool-1-thread-2] DEBUG com.mnc.udp.UDPServer - UDP-Server: Message-34-59
21:20:57.115 [pool-1-thread-3] DEBUG com.mnc.udp.UDPServer - UDP-Server: Message-22-97
21:20:57.115 [pool-1-thread-3] DEBUG com.mnc.udp.UDPServer - UDP-Server: Message-22-97 -> Message-22-97 (/127.0.0.1:49447)
21:20:57.115 [pool-1-thread-2] DEBUG com.mnc.udp.UDPServer - UDP-Server: Message-34-59 -> Message-34-59 (/127.0.0.1:49459)
21:20:57.115 [pool-1-thread-3] DEBUG com.mnc.udp.UDPServer - UDP-Server: Message-62-54
21:20:57.115 [pool-1-thread-4] DEBUG com.mnc.udp.UDPServer - UDP-Server: Message-77-53
21:20:57.115 [pool-1-thread-3] DEBUG com.mnc.udp.UDPServer - UDP-Server: Message-62-54 -> Message-62-54 (/127.0.0.1:49487)
21:20:57.115 [pool-1-thread-5] DEBUG com.mnc.udp.UDPServer - UDP-Server: Message-24-88
21:20:57.115 [pool-1-thread-4] DEBUG com.mnc.udp.UDPServer - UDP-Server: Message-77-53 -> Message-77-53 (/127.0.0.1:49502)
21:20:57.115 [pool-1-thread-3] DEBUG com.mnc.udp.UDPServer - UDP-Server: Message-22-98
21:20:57.115 [pool-1-thread-1] DEBUG com.mnc.udp.UDPServer - UDP-Server: Message-36-0
21:20:57.115 [pool-1-thread-2] DEBUG com.mnc.udp.UDPServer - UDP-Server: Message-76-89
21:20:57.115 [pool-1-thread-2] DEBUG com.mnc.udp.UDPServer - UDP-Server: Message-76-89 -> Message-76-89 (/127.0.0.1:49501)
21:20:57.115 [pool-1-thread-5] DEBUG com.mnc.udp.UDPServer - UDP-Server: Message-24-88 -> Message-24-88 (/127.0.0.1:49449)
21:20:57.115 [pool-1-thread-3] DEBUG com.mnc.udp.UDPServer - UDP-Server: Message-22-98 -> Message-22-98 (/127.0.0.1:49447)
21:20:57.115 [pool-1-thread-4] DEBUG com.mnc.udp.UDPServer - UDP-Server: Message-34-53
21:20:57.115 [pool-1-thread-1] DEBUG com.mnc.udp.UDPServer - UDP-Server: Message-36-0 -> Message-36-0 (/127.0.0.1:49461)
21:20:57.115 [pool-1-thread-2] DEBUG com.mnc.udp.UDPServer - UDP-Server: Message-62-84
21:20:57.115 [pool-1-thread-1] DEBUG com.mnc.udp.UDPServer - UDP-Server: Message-76-87
21:20:57.115 [pool-1-thread-2] DEBUG com.mnc.udp.UDPServer - UDP-Server: Message-62-84 -> Message-62-84 (/127.0.0.1:49487)
21:20:57.115 [pool-1-thread-5] DEBUG com.mnc.udp.UDPServer - UDP-Server: Message-77-54
21:20:57.115 [pool-1-thread-4] DEBUG com.mnc.udp.UDPServer - UDP-Server: Message-34-53 -> Message-34-53 (/127.0.0.1:49459)
21:20:57.115 [pool-1-thread-1] DEBUG com.mnc.udp.UDPServer - UDP-Server: Message-76-87 -> Message-76-87 (/127.0.0.1:49501)
21:20:57.115 [pool-1-thread-3] DEBUG com.mnc.udp.UDPServer - UDP-Server: Message-24-89
21:20:57.115 [pool-1-thread-3] DEBUG com.mnc.udp.UDPServer - UDP-Server: Message-24-89 -> Message-24-89 (/127.0.0.1:49449)
21:20:57.115 [pool-1-thread-2] DEBUG com.mnc.udp.UDPServer - UDP-Server: Message-22-99
21:20:57.115 [pool-1-thread-1] DEBUG com.mnc.udp.UDPServer - UDP-Server: Message-62-55
21:20:57.115 [pool-1-thread-5] DEBUG com.mnc.udp.UDPServer - UDP-Server: Message-77-54 -> Message-77-54 (/127.0.0.1:49502)
21:20:57.115 [pool-1-thread-3] DEBUG com.mnc.udp.UDPServer - UDP-Server: Message-34-54
21:20:57.115 [pool-1-thread-4] DEBUG com.mnc.udp.UDPServer - UDP-Server: Message-36-90
21:20:57.115 [pool-1-thread-5] DEBUG com.mnc.udp.UDPServer - UDP-Server: Message-76-96
21:20:57.115 [pool-1-thread-2] DEBUG com.mnc.udp.UDPServer - UDP-Server: Message-22-99 -> Message-22-99 (/127.0.0.1:49447)
21:20:57.115 [pool-1-thread-1] DEBUG com.mnc.udp.UDPServer - UDP-Server: Message-62-55 -> Message-62-55 (/127.0.0.1:49487)
21:20:57.115 [pool-1-thread-3] DEBUG com.mnc.udp.UDPServer - UDP-Server: Message-34-54 -> Message-34-54 (/127.0.0.1:49459)
21:20:57.115 [pool-1-thread-4] DEBUG com.mnc.udp.UDPServer - UDP-Server: Message-36-90 -> Message-36-90 (/127.0.0.1:49461)
21:20:57.115 [pool-1-thread-5] DEBUG com.mnc.udp.UDPServer - UDP-Server: Message-76-96 -> Message-76-96 (/127.0.0.1:49501)
21:20:57.116 [pool-1-thread-2] DEBUG com.mnc.udp.UDPServer - UDP-Server: Message-24-87
21:20:57.116 [pool-1-thread-4] DEBUG com.mnc.udp.UDPServer - UDP-Server: Message-77-55
21:20:57.116 [pool-1-thread-2] DEBUG com.mnc.udp.UDPServer - UDP-Server: Message-24-87 -> Message-24-87 (/127.0.0.1:49449)
21:20:57.116 [pool-1-thread-1] DEBUG com.mnc.udp.UDPServer - UDP-Server: Message-62-51
21:20:57.116 [pool-1-thread-3] DEBUG com.mnc.udp.UDPServer - UDP-Server: Message-22-94
21:20:57.116 [pool-1-thread-4] DEBUG com.mnc.udp.UDPServer - UDP-Server: Message-77-55 -> Message-77-55 (/127.0.0.1:49502)
21:20:57.116 [pool-1-thread-5] DEBUG com.mnc.udp.UDPServer - UDP-Server: Message-36-91
21:20:57.116 [pool-1-thread-1] DEBUG com.mnc.udp.UDPServer - UDP-Server: Message-62-51 -> Message-62-51 (/127.0.0.1:49487)
21:20:57.116 [pool-1-thread-4] DEBUG com.mnc.udp.UDPServer - UDP-Server: Message-34-15
21:20:57.116 [pool-1-thread-4] DEBUG com.mnc.udp.UDPServer - UDP-Server: Message-34-15 -> Message-34-15 (/127.0.0.1:49459)
21:20:57.116 [pool-1-thread-3] DEBUG com.mnc.udp.UDPServer - UDP-Server: Message-22-94 -> Message-22-94 (/127.0.0.1:49447)
21:20:57.116 [pool-1-thread-1] DEBUG com.mnc.udp.UDPServer - UDP-Server: Message-24-96
21:20:57.116 [pool-1-thread-2] DEBUG com.mnc.udp.UDPServer - UDP-Server: Message-76-97
21:20:57.116 [pool-1-thread-5] DEBUG com.mnc.udp.UDPServer - UDP-Server: Message-36-91 -> Message-36-91 (/127.0.0.1:49461)
21:20:57.116 [pool-1-thread-2] DEBUG com.mnc.udp.UDPServer - UDP-Server: Message-76-97 -> Message-76-97 (/127.0.0.1:49501)
21:20:57.116 [pool-1-thread-3] DEBUG com.mnc.udp.UDPServer - UDP-Server: Message-62-52
21:20:57.116 [pool-1-thread-1] DEBUG com.mnc.udp.UDPServer - UDP-Server: Message-24-96 -> Message-24-96 (/127.0.0.1:49449)
21:20:57.116 [pool-1-thread-3] DEBUG com.mnc.udp.UDPServer - UDP-Server: Message-62-52 -> Message-62-52 (/127.0.0.1:49487)
21:20:57.116 [pool-1-thread-4] DEBUG com.mnc.udp.UDPServer - UDP-Server: Message-77-51
21:20:57.116 [pool-1-thread-4] DEBUG com.mnc.udp.UDPServer - UDP-Server: Message-77-51 -> Message-77-51 (/127.0.0.1:49502)
21:20:57.116 [pool-1-thread-3] DEBUG com.mnc.udp.UDPServer - UDP-Server: Message-34-16
21:20:57.116 [pool-1-thread-4] DEBUG com.mnc.udp.UDPServer - UDP-Server: Message-22-95
21:20:57.116 [pool-1-thread-4] DEBUG com.mnc.udp.UDPServer - UDP-Server: Message-22-95 -> Message-22-95 (/127.0.0.1:49447)
21:20:57.116 [pool-1-thread-3] DEBUG com.mnc.udp.UDPServer - UDP-Server: Message-34-16 -> Message-34-16 (/127.0.0.1:49459)
21:20:57.116 [pool-1-thread-2] DEBUG com.mnc.udp.UDPServer - UDP-Server: Message-76-98
21:20:57.116 [pool-1-thread-1] DEBUG com.mnc.udp.UDPServer - UDP-Server: Message-36-92
21:20:57.116 [pool-1-thread-1] DEBUG com.mnc.udp.UDPServer - UDP-Server: Message-36-92 -> Message-36-92 (/127.0.0.1:49461)
21:20:57.116 [pool-1-thread-5] DEBUG com.mnc.udp.UDPServer - UDP-Server: Message-24-97
21:20:57.116 [pool-1-thread-4] DEBUG com.mnc.udp.UDPServer - UDP-Server: Message-62-16
21:20:57.116 [pool-1-thread-2] DEBUG com.mnc.udp.UDPServer - UDP-Server: Message-76-98 -> Message-76-98 (/127.0.0.1:49501)
21:20:57.116 [pool-1-thread-1] DEBUG com.mnc.udp.UDPServer - UDP-Server: Message-22-93
21:20:57.116 [pool-1-thread-3] DEBUG com.mnc.udp.UDPServer - UDP-Server: Message-77-11
21:20:57.116 [pool-1-thread-1] DEBUG com.mnc.udp.UDPServer - UDP-Server: Message-22-93 -> Message-22-93 (/127.0.0.1:49447)
21:20:57.116 [pool-1-thread-3] DEBUG com.mnc.udp.UDPServer - UDP-Server: Message-77-11 -> Message-77-11 (/127.0.0.1:49502)
21:20:57.116 [pool-1-thread-5] DEBUG com.mnc.udp.UDPServer - UDP-Server: Message-24-97 -> Message-24-97 (/127.0.0.1:49449)
21:20:57.116 [pool-1-thread-1] DEBUG com.mnc.udp.UDPServer - UDP-Server: Message-36-88
21:20:57.116 [pool-1-thread-4] DEBUG com.mnc.udp.UDPServer - UDP-Server: Message-62-16 -> Message-62-16 (/127.0.0.1:49487)
21:20:57.116 [pool-1-thread-3] DEBUG com.mnc.udp.UDPServer - UDP-Server: Message-76-99
21:20:57.116 [pool-1-thread-2] DEBUG com.mnc.udp.UDPServer - UDP-Server: Message-34-17
21:20:57.116 [pool-1-thread-3] DEBUG com.mnc.udp.UDPServer - UDP-Server: Message-76-99 -> Message-76-99 (/127.0.0.1:49501)
21:20:57.116 [pool-1-thread-5] DEBUG com.mnc.udp.UDPServer - UDP-Server: Message-22-82
21:20:57.116 [pool-1-thread-2] DEBUG com.mnc.udp.UDPServer - UDP-Server: Message-34-17 -> Message-34-17 (/127.0.0.1:49459)
21:20:57.116 [pool-1-thread-1] DEBUG com.mnc.udp.UDPServer - UDP-Server: Message-36-88 -> Message-36-88 (/127.0.0.1:49461)
21:20:57.116 [pool-1-thread-5] DEBUG com.mnc.udp.UDPServer - UDP-Server: Message-22-82 -> Message-22-82 (/127.0.0.1:49447)
21:20:57.116 [pool-1-thread-3] DEBUG com.mnc.udp.UDPServer - UDP-Server: Message-77-52
21:20:57.116 [pool-1-thread-3] DEBUG com.mnc.udp.UDPServer - UDP-Server: Message-77-52 -> Message-77-52 (/127.0.0.1:49502)
21:20:57.116 [pool-1-thread-4] DEBUG com.mnc.udp.UDPServer - UDP-Server: Message-24-98
21:20:57.116 [pool-1-thread-5] DEBUG com.mnc.udp.UDPServer - UDP-Server: Message-62-17
21:20:57.116 [pool-1-thread-1] DEBUG com.mnc.udp.UDPServer - UDP-Server: Message-76-94
21:20:57.116 [pool-1-thread-3] DEBUG com.mnc.udp.UDPServer - UDP-Server: Message-36-89
21:20:57.116 [pool-1-thread-4] DEBUG com.mnc.udp.UDPServer - UDP-Server: Message-24-98 -> Message-24-98 (/127.0.0.1:49449)
21:20:57.116 [pool-1-thread-5] DEBUG com.mnc.udp.UDPServer - UDP-Server: Message-62-17 -> Message-62-17 (/127.0.0.1:49487)
21:20:57.116 [pool-1-thread-4] DEBUG com.mnc.udp.UDPServer - UDP-Server: Message-22-83
21:20:57.116 [pool-1-thread-4] DEBUG com.mnc.udp.UDPServer - UDP-Server: Message-22-83 -> Message-22-83 (/127.0.0.1:49447)
21:20:57.116 [pool-1-thread-5] DEBUG com.mnc.udp.UDPServer - UDP-Server: Message-77-50
21:20:57.116 [pool-1-thread-5] DEBUG com.mnc.udp.UDPServer - UDP-Server: Message-77-50 -> Message-77-50 (/127.0.0.1:49502)
21:20:57.116 [pool-1-thread-2] DEBUG com.mnc.udp.UDPServer - UDP-Server: Message-34-13
21:20:57.116 [pool-1-thread-5] DEBUG com.mnc.udp.UDPServer - UDP-Server: Message-24-99
21:20:57.116 [pool-1-thread-2] DEBUG com.mnc.udp.UDPServer - UDP-Server: Message-34-13 -> Message-34-13 (/127.0.0.1:49459)
21:20:57.116 [pool-1-thread-4] DEBUG com.mnc.udp.UDPServer - UDP-Server: Message-62-13
21:20:57.116 [pool-1-thread-4] DEBUG com.mnc.udp.UDPServer - UDP-Server: Message-62-13 -> Message-62-13 (/127.0.0.1:49487)
21:20:57.116 [pool-1-thread-1] DEBUG com.mnc.udp.UDPServer - UDP-Server: Message-76-94 -> Message-76-94 (/127.0.0.1:49501)
21:20:57.116 [pool-1-thread-3] DEBUG com.mnc.udp.UDPServer - UDP-Server: Message-36-89 -> Message-36-89 (/127.0.0.1:49461)
21:20:57.116 [pool-1-thread-4] DEBUG com.mnc.udp.UDPServer - UDP-Server: Message-77-9
21:20:57.116 [pool-1-thread-5] DEBUG com.mnc.udp.UDPServer - UDP-Server: Message-24-99 -> Message-24-99 (/127.0.0.1:49449)
21:20:57.116 [pool-1-thread-2] DEBUG com.mnc.udp.UDPServer - UDP-Server: Message-22-81
21:20:57.116 [pool-1-thread-1] DEBUG com.mnc.udp.UDPServer - UDP-Server: Message-34-55
21:20:57.116 [pool-1-thread-1] DEBUG com.mnc.udp.UDPServer - UDP-Server: Message-34-55 -> Message-34-55 (/127.0.0.1:49459)
21:20:57.116 [pool-1-thread-5] DEBUG com.mnc.udp.UDPServer - UDP-Server: Message-36-87
21:20:57.116 [pool-1-thread-4] DEBUG com.mnc.udp.UDPServer - UDP-Server: Message-77-9 -> Message-77-9 (/127.0.0.1:49502)
21:20:57.116 [pool-1-thread-1] DEBUG com.mnc.udp.UDPServer - UDP-Server: Message-76-95
21:20:57.116 [pool-1-thread-3] DEBUG com.mnc.udp.UDPServer - UDP-Server: Message-62-14
21:20:57.116 [pool-1-thread-4] DEBUG com.mnc.udp.UDPServer - UDP-Server: Message-24-94
21:20:57.116 [pool-1-thread-3] DEBUG com.mnc.udp.UDPServer - UDP-Server: Message-62-14 -> Message-62-14 (/127.0.0.1:49487)
21:20:57.116 [pool-1-thread-2] DEBUG com.mnc.udp.UDPServer - UDP-Server: Message-22-81 -> Message-22-81 (/127.0.0.1:49447)
21:20:57.116 [pool-1-thread-5] DEBUG com.mnc.udp.UDPServer - UDP-Server: Message-36-87 -> Message-36-87 (/127.0.0.1:49461)
21:20:57.116 [pool-1-thread-1] DEBUG com.mnc.udp.UDPServer - UDP-Server: Message-76-95 -> Message-76-95 (/127.0.0.1:49501)
21:20:57.116 [pool-1-thread-4] DEBUG com.mnc.udp.UDPServer - UDP-Server: Message-24-94 -> Message-24-94 (/127.0.0.1:49449)
21:20:57.117 [pool-1-thread-3] DEBUG com.mnc.udp.UDPServer - UDP-Server: Message-34-51
21:20:57.117 [pool-1-thread-1] DEBUG com.mnc.udp.UDPServer - UDP-Server: Message-62-12
21:20:57.117 [pool-1-thread-1] DEBUG com.mnc.udp.UDPServer - UDP-Server: Message-62-12 -> Message-62-12 (/127.0.0.1:49487)
21:20:57.117 [pool-1-thread-3] DEBUG com.mnc.udp.UDPServer - UDP-Server: Message-34-51 -> Message-34-51 (/127.0.0.1:49459)
21:20:57.117 [pool-1-thread-2] DEBUG com.mnc.udp.UDPServer - UDP-Server: Message-22-85
21:20:57.117 [pool-1-thread-3] DEBUG com.mnc.udp.UDPServer - UDP-Server: Message-36-96
21:20:57.117 [pool-1-thread-5] DEBUG com.mnc.udp.UDPServer - UDP-Server: Message-77-71
21:20:57.117 [pool-1-thread-2] DEBUG com.mnc.udp.UDPServer - UDP-Server: Message-22-85 -> Message-22-85 (/127.0.0.1:49447)
21:20:57.117 [pool-1-thread-1] DEBUG com.mnc.udp.UDPServer - UDP-Server: Message-76-93
21:20:57.117 [pool-1-thread-3] DEBUG com.mnc.udp.UDPServer - UDP-Server: Message-36-96 -> Message-36-96 (/127.0.0.1:49461)
21:20:57.117 [pool-1-thread-2] DEBUG com.mnc.udp.UDPServer - UDP-Server: Message-62-50
21:20:57.117 [pool-1-thread-4] DEBUG com.mnc.udp.UDPServer - UDP-Server: Message-24-95
21:20:57.117 [pool-1-thread-5] DEBUG com.mnc.udp.UDPServer - UDP-Server: Message-77-71 -> Message-77-71 (/127.0.0.1:49502)
21:20:57.117 [pool-1-thread-4] DEBUG com.mnc.udp.UDPServer - UDP-Server: Message-24-95 -> Message-24-95 (/127.0.0.1:49449)
21:20:57.117 [pool-1-thread-3] DEBUG com.mnc.udp.UDPServer - UDP-Server: Message-34-52
21:20:57.117 [pool-1-thread-1] DEBUG com.mnc.udp.UDPServer - UDP-Server: Message-76-93 -> Message-76-93 (/127.0.0.1:49501)
21:20:57.117 [pool-1-thread-2] DEBUG com.mnc.udp.UDPServer - UDP-Server: Message-62-50 -> Message-62-50 (/127.0.0.1:49487)
21:20:57.117 [pool-1-thread-3] DEBUG com.mnc.udp.UDPServer - UDP-Server: Message-34-52 -> Message-34-52 (/127.0.0.1:49459)
21:20:57.117 [pool-1-thread-4] DEBUG com.mnc.udp.UDPServer - UDP-Server: Message-36-97
21:20:57.117 [pool-1-thread-5] DEBUG com.mnc.udp.UDPServer - UDP-Server: Message-22-86
21:20:57.117 [pool-1-thread-4] DEBUG com.mnc.udp.UDPServer - UDP-Server: Message-36-97 -> Message-36-97 (/127.0.0.1:49461)
21:20:57.117 [pool-1-thread-1] DEBUG com.mnc.udp.UDPServer - UDP-Server: Message-24-93
21:20:57.117 [pool-1-thread-5] DEBUG com.mnc.udp.UDPServer - UDP-Server: Message-22-86 -> Message-22-86 (/127.0.0.1:49447)
21:20:57.117 [pool-1-thread-1] DEBUG com.mnc.udp.UDPServer - UDP-Server: Message-24-93 -> Message-24-93 (/127.0.0.1:49449)
21:20:57.117 [pool-1-thread-2] DEBUG com.mnc.udp.UDPServer - UDP-Server: Message-77-72
21:20:57.117 [pool-1-thread-5] DEBUG com.mnc.udp.UDPServer - UDP-Server: Message-76-82
21:20:57.117 [pool-1-thread-4] DEBUG com.mnc.udp.UDPServer - UDP-Server: Message-62-78
21:20:57.117 [pool-1-thread-5] DEBUG com.mnc.udp.UDPServer - UDP-Server: Message-76-82 -> Message-76-82 (/127.0.0.1:49501)
21:20:57.117 [pool-1-thread-2] DEBUG com.mnc.udp.UDPServer - UDP-Server: Message-77-72 -> Message-77-72 (/127.0.0.1:49502)
21:20:57.117 [pool-1-thread-4] DEBUG com.mnc.udp.UDPServer - UDP-Server: Message-62-78 -> Message-62-78 (/127.0.0.1:49487)
21:20:57.117 [pool-1-thread-3] DEBUG com.mnc.udp.UDPServer - UDP-Server: Message-34-50
21:20:57.117 [pool-1-thread-3] DEBUG com.mnc.udp.UDPServer - UDP-Server: Message-34-50 -> Message-34-50 (/127.0.0.1:49459)
21:20:57.117 [pool-1-thread-4] DEBUG com.mnc.udp.UDPServer - UDP-Server: Message-36-98
21:20:57.117 [pool-1-thread-2] DEBUG com.mnc.udp.UDPServer - UDP-Server: Message-24-82
21:20:57.117 [pool-1-thread-4] DEBUG com.mnc.udp.UDPServer - UDP-Server: Message-36-98 -> Message-36-98 (/127.0.0.1:49461)
21:20:57.117 [pool-1-thread-2] DEBUG com.mnc.udp.UDPServer - UDP-Server: Message-24-82 -> Message-24-82 (/127.0.0.1:49449)
21:20:57.117 [pool-1-thread-4] DEBUG com.mnc.udp.UDPServer - UDP-Server: Message-62-79
21:20:57.117 [pool-1-thread-4] DEBUG com.mnc.udp.UDPServer - UDP-Server: Message-62-79 -> Message-62-79 (/127.0.0.1:49487)
21:20:57.117 [pool-1-thread-5] DEBUG com.mnc.udp.UDPServer - UDP-Server: Message-22-84
21:20:57.117 [pool-1-thread-1] DEBUG com.mnc.udp.UDPServer - UDP-Server: Message-76-83
21:20:57.117 [pool-1-thread-4] DEBUG com.mnc.udp.UDPServer - UDP-Server: Message-77-73
21:20:57.117 [pool-1-thread-1] DEBUG com.mnc.udp.UDPServer - UDP-Server: Message-76-83 -> Message-76-83 (/127.0.0.1:49501)
21:20:57.117 [pool-1-thread-4] DEBUG com.mnc.udp.UDPServer - UDP-Server: Message-77-73 -> Message-77-73 (/127.0.0.1:49502)
21:20:57.117 [pool-1-thread-5] DEBUG com.mnc.udp.UDPServer - UDP-Server: Message-22-84 -> Message-22-84 (/127.0.0.1:49447)
21:20:57.117 [pool-1-thread-2] DEBUG com.mnc.udp.UDPServer - UDP-Server: Message-34-71
21:20:57.117 [pool-1-thread-5] DEBUG com.mnc.udp.UDPServer - UDP-Server: Message-62-80
21:20:57.117 [pool-1-thread-1] DEBUG com.mnc.udp.UDPServer - UDP-Server: Message-36-99
21:20:57.117 [pool-1-thread-5] DEBUG com.mnc.udp.UDPServer - UDP-Server: Message-62-80 -> Message-62-80 (/127.0.0.1:49487)
21:20:57.117 [pool-1-thread-3] DEBUG com.mnc.udp.UDPServer - UDP-Server: Message-24-83
21:20:57.117 [pool-1-thread-2] DEBUG com.mnc.udp.UDPServer - UDP-Server: Message-34-71 -> Message-34-71 (/127.0.0.1:49459)
21:20:57.117 [pool-1-thread-1] DEBUG com.mnc.udp.UDPServer - UDP-Server: Message-36-99 -> Message-36-99 (/127.0.0.1:49461)
21:20:57.117 [pool-1-thread-4] DEBUG com.mnc.udp.UDPServer - UDP-Server: Message-76-81
21:20:57.117 [pool-1-thread-1] DEBUG com.mnc.udp.UDPServer - UDP-Server: Message-62-71
21:20:57.117 [pool-1-thread-4] DEBUG com.mnc.udp.UDPServer - UDP-Server: Message-76-81 -> Message-76-81 (/127.0.0.1:49501)
21:20:57.117 [pool-1-thread-1] DEBUG com.mnc.udp.UDPServer - UDP-Server: Message-62-71 -> Message-62-71 (/127.0.0.1:49487)
21:20:57.117 [pool-1-thread-3] DEBUG com.mnc.udp.UDPServer - UDP-Server: Message-24-83 -> Message-24-83 (/127.0.0.1:49449)
21:20:57.117 [pool-1-thread-5] DEBUG com.mnc.udp.UDPServer - UDP-Server: Message-77-74
21:20:57.117 [pool-1-thread-4] DEBUG com.mnc.udp.UDPServer - UDP-Server: Message-34-72
21:20:57.117 [pool-1-thread-5] DEBUG com.mnc.udp.UDPServer - UDP-Server: Message-77-74 -> Message-77-74 (/127.0.0.1:49502)
21:20:57.117 [pool-1-thread-2] DEBUG com.mnc.udp.UDPServer - UDP-Server: Message-22-78
21:20:57.117 [pool-1-thread-3] DEBUG com.mnc.udp.UDPServer - UDP-Server: Message-36-94
21:20:57.117 [pool-1-thread-5] DEBUG com.mnc.udp.UDPServer - UDP-Server: Message-76-85
21:20:57.117 [pool-1-thread-4] DEBUG com.mnc.udp.UDPServer - UDP-Server: Message-34-72 -> Message-34-72 (/127.0.0.1:49459)
21:20:57.117 [pool-1-thread-1] DEBUG com.mnc.udp.UDPServer - UDP-Server: Message-62-21
21:20:57.117 [pool-1-thread-2] DEBUG com.mnc.udp.UDPServer - UDP-Server: Message-22-78 -> Message-22-78 (/127.0.0.1:49447)
21:20:57.117 [pool-1-thread-4] DEBUG com.mnc.udp.UDPServer - UDP-Server: Message-24-81
21:20:57.117 [pool-1-thread-4] DEBUG com.mnc.udp.UDPServer - UDP-Server: Message-24-81 -> Message-24-81 (/127.0.0.1:49449)
21:20:57.117 [pool-1-thread-2] DEBUG com.mnc.udp.UDPServer - UDP-Server: Message-77-69
21:20:57.117 [pool-1-thread-3] DEBUG com.mnc.udp.UDPServer - UDP-Server: Message-36-94 -> Message-36-94 (/127.0.0.1:49461)
21:20:57.117 [pool-1-thread-5] DEBUG com.mnc.udp.UDPServer - UDP-Server: Message-76-85 -> Message-76-85 (/127.0.0.1:49501)
21:20:57.117 [pool-1-thread-1] DEBUG com.mnc.udp.UDPServer - UDP-Server: Message-62-21 -> Message-62-21 (/127.0.0.1:49487)
21:20:57.117 [pool-1-thread-2] DEBUG com.mnc.udp.UDPServer - UDP-Server: Message-77-69 -> Message-77-69 (/127.0.0.1:49502)
21:20:57.117 [pool-1-thread-3] DEBUG com.mnc.udp.UDPServer - UDP-Server: Message-22-79
21:20:57.117 [pool-1-thread-4] DEBUG com.mnc.udp.UDPServer - UDP-Server: Message-34-14
21:20:57.117 [pool-1-thread-2] DEBUG com.mnc.udp.UDPServer - UDP-Server: Message-36-95
21:20:57.117 [pool-1-thread-1] DEBUG com.mnc.udp.UDPServer - UDP-Server: Message-24-85
21:20:57.117 [pool-1-thread-3] DEBUG com.mnc.udp.UDPServer - UDP-Server: Message-22-79 -> Message-22-79 (/127.0.0.1:49447)
21:20:57.117 [pool-1-thread-2] DEBUG com.mnc.udp.UDPServer - UDP-Server: Message-36-95 -> Message-36-95 (/127.0.0.1:49461)
21:20:57.117 [pool-1-thread-5] DEBUG com.mnc.udp.UDPServer - UDP-Server: Message-76-86
21:20:57.117 [pool-1-thread-4] DEBUG com.mnc.udp.UDPServer - UDP-Server: Message-34-14 -> Message-34-14 (/127.0.0.1:49459)
21:20:57.118 [pool-1-thread-3] DEBUG com.mnc.udp.UDPServer - UDP-Server: Message-62-22
21:20:57.117 [pool-1-thread-1] DEBUG com.mnc.udp.UDPServer - UDP-Server: Message-24-85 -> Message-24-85 (/127.0.0.1:49449)
21:20:57.118 [pool-1-thread-2] DEBUG com.mnc.udp.UDPServer - UDP-Server: Message-77-70
21:20:57.118 [pool-1-thread-4] DEBUG com.mnc.udp.UDPServer - UDP-Server: Message-36-93
21:20:57.118 [pool-1-thread-5] DEBUG com.mnc.udp.UDPServer - UDP-Server: Message-76-86 -> Message-76-86 (/127.0.0.1:49501)
21:20:57.118 [pool-1-thread-2] DEBUG com.mnc.udp.UDPServer - UDP-Server: Message-77-70 -> Message-77-70 (/127.0.0.1:49502)
21:20:57.118 [pool-1-thread-3] DEBUG com.mnc.udp.UDPServer - UDP-Server: Message-62-22 -> Message-62-22 (/127.0.0.1:49487)
21:20:57.118 [pool-1-thread-1] DEBUG com.mnc.udp.UDPServer - UDP-Server: Message-22-80
21:20:57.118 [pool-1-thread-4] DEBUG com.mnc.udp.UDPServer - UDP-Server: Message-36-93 -> Message-36-93 (/127.0.0.1:49461)
21:20:57.118 [pool-1-thread-1] DEBUG com.mnc.udp.UDPServer - UDP-Server: Message-22-80 -> Message-22-80 (/127.0.0.1:49447)
21:20:57.118 [pool-1-thread-4] DEBUG com.mnc.udp.UDPServer - UDP-Server: Message-34-12
21:20:57.118 [pool-1-thread-2] DEBUG com.mnc.udp.UDPServer - UDP-Server: Message-62-23
21:20:57.118 [pool-1-thread-3] DEBUG com.mnc.udp.UDPServer - UDP-Server: Message-77-68
21:20:57.118 [pool-1-thread-5] DEBUG com.mnc.udp.UDPServer - UDP-Server: Message-24-86
21:20:57.118 [pool-1-thread-5] DEBUG com.mnc.udp.UDPServer - UDP-Server: Message-24-86 -> Message-24-86 (/127.0.0.1:49449)
21:20:57.118 [pool-1-thread-1] DEBUG com.mnc.udp.UDPServer - UDP-Server: Message-76-84
21:20:57.118 [pool-1-thread-4] DEBUG com.mnc.udp.UDPServer - UDP-Server: Message-34-12 -> Message-34-12 (/127.0.0.1:49459)
21:20:57.118 [pool-1-thread-2] DEBUG com.mnc.udp.UDPServer - UDP-Server: Message-62-23 -> Message-62-23 (/127.0.0.1:49487)
21:20:57.118 [pool-1-thread-3] DEBUG com.mnc.udp.UDPServer - UDP-Server: Message-77-68 -> Message-77-68 (/127.0.0.1:49502)
21:20:57.118 [pool-1-thread-5] DEBUG com.mnc.udp.UDPServer - UDP-Server: Message-36-82
21:20:57.118 [pool-1-thread-1] DEBUG com.mnc.udp.UDPServer - UDP-Server: Message-76-84 -> Message-76-84 (/127.0.0.1:49501)
21:20:57.118 [pool-1-thread-4] DEBUG com.mnc.udp.UDPServer - UDP-Server: Message-22-76
21:20:57.118 [pool-1-thread-5] DEBUG com.mnc.udp.UDPServer - UDP-Server: Message-36-82 -> Message-36-82 (/127.0.0.1:49461)
21:20:57.118 [pool-1-thread-4] DEBUG com.mnc.udp.UDPServer - UDP-Server: Message-22-76 -> Message-22-76 (/127.0.0.1:49447)
21:20:57.118 [pool-1-thread-3] DEBUG com.mnc.udp.UDPServer - UDP-Server: Message-34-21
21:20:57.118 [pool-1-thread-3] DEBUG com.mnc.udp.UDPServer - UDP-Server: Message-34-21 -> Message-34-21 (/127.0.0.1:49459)
21:20:57.118 [pool-1-thread-4] DEBUG com.mnc.udp.UDPServer - UDP-Server: Message-77-3
21:20:57.118 [pool-1-thread-2] DEBUG com.mnc.udp.UDPServer - UDP-Server: Message-24-84
21:20:57.118 [pool-1-thread-1] DEBUG com.mnc.udp.UDPServer - UDP-Server: Message-62-24
21:20:57.118 [pool-1-thread-5] DEBUG com.mnc.udp.UDPServer - UDP-Server: Message-76-78
21:20:57.118 [pool-1-thread-4] DEBUG com.mnc.udp.UDPServer - UDP-Server: Message-77-3 -> Message-77-3 (/127.0.0.1:49502)
21:20:57.118 [pool-1-thread-1] DEBUG com.mnc.udp.UDPServer - UDP-Server: Message-62-24 -> Message-62-24 (/127.0.0.1:49487)
21:20:57.118 [pool-1-thread-2] DEBUG com.mnc.udp.UDPServer - UDP-Server: Message-24-84 -> Message-24-84 (/127.0.0.1:49449)
21:20:57.118 [pool-1-thread-4] DEBUG com.mnc.udp.UDPServer - UDP-Server: Message-22-77
21:20:57.118 [pool-1-thread-5] DEBUG com.mnc.udp.UDPServer - UDP-Server: Message-76-78 -> Message-76-78 (/127.0.0.1:49501)
21:20:57.118 [pool-1-thread-3] DEBUG com.mnc.udp.UDPServer - UDP-Server: Message-36-83
21:20:57.118 [pool-1-thread-4] DEBUG com.mnc.udp.UDPServer - UDP-Server: Message-22-77 -> Message-22-77 (/127.0.0.1:49447)
21:20:57.118 [pool-1-thread-3] DEBUG com.mnc.udp.UDPServer - UDP-Server: Message-36-83 -> Message-36-83 (/127.0.0.1:49461)
21:20:57.118 [pool-1-thread-1] DEBUG com.mnc.udp.UDPServer - UDP-Server: Message-34-22
21:20:57.118 [pool-1-thread-2] DEBUG com.mnc.udp.UDPServer - UDP-Server: Message-77-63
21:20:57.118 [pool-1-thread-1] DEBUG com.mnc.udp.UDPServer - UDP-Server: Message-34-22 -> Message-34-22 (/127.0.0.1:49459)
21:20:57.118 [pool-1-thread-3] DEBUG com.mnc.udp.UDPServer - UDP-Server: Message-76-79
21:20:57.118 [pool-1-thread-2] DEBUG com.mnc.udp.UDPServer - UDP-Server: Message-77-63 -> Message-77-63 (/127.0.0.1:49502)
21:20:57.118 [pool-1-thread-4] DEBUG com.mnc.udp.UDPServer - UDP-Server: Message-24-78
21:20:57.118 [pool-1-thread-2] DEBUG com.mnc.udp.UDPServer - UDP-Server: Message-36-81
21:20:57.118 [pool-1-thread-5] DEBUG com.mnc.udp.UDPServer - UDP-Server: Message-62-19
21:20:57.118 [pool-1-thread-3] DEBUG com.mnc.udp.UDPServer - UDP-Server: Message-76-79 -> Message-76-79 (/127.0.0.1:49501)
21:20:57.118 [pool-1-thread-1] DEBUG com.mnc.udp.UDPServer - UDP-Server: Message-22-75
21:20:57.118 [pool-1-thread-3] DEBUG com.mnc.udp.UDPServer - UDP-Server: Message-34-23
21:20:57.118 [pool-1-thread-3] DEBUG com.mnc.udp.UDPServer - UDP-Server: Message-34-23 -> Message-34-23 (/127.0.0.1:49459)
21:20:57.118 [pool-1-thread-4] DEBUG com.mnc.udp.UDPServer - UDP-Server: Message-24-78 -> Message-24-78 (/127.0.0.1:49449)
21:20:57.118 [pool-1-thread-2] DEBUG com.mnc.udp.UDPServer - UDP-Server: Message-36-81 -> Message-36-81 (/127.0.0.1:49461)
21:20:57.118 [pool-1-thread-5] DEBUG com.mnc.udp.UDPServer - UDP-Server: Message-62-19 -> Message-62-19 (/127.0.0.1:49487)
21:20:57.118 [pool-1-thread-1] DEBUG com.mnc.udp.UDPServer - UDP-Server: Message-22-75 -> Message-22-75 (/127.0.0.1:49447)
21:20:57.118 [pool-1-thread-2] DEBUG com.mnc.udp.UDPServer - UDP-Server: Message-76-80
21:20:57.118 [pool-1-thread-3] DEBUG com.mnc.udp.UDPServer - UDP-Server: Message-77-64
21:20:57.118 [pool-1-thread-2] DEBUG com.mnc.udp.UDPServer - UDP-Server: Message-76-80 -> Message-76-80 (/127.0.0.1:49501)
21:20:57.118 [pool-1-thread-3] DEBUG com.mnc.udp.UDPServer - UDP-Server: Message-77-64 -> Message-77-64 (/127.0.0.1:49502)
21:20:57.118 [pool-1-thread-5] DEBUG com.mnc.udp.UDPServer - UDP-Server: Message-34-24
21:20:57.118 [pool-1-thread-5] DEBUG com.mnc.udp.UDPServer - UDP-Server: Message-34-24 -> Message-34-24 (/127.0.0.1:49459)
21:20:57.118 [pool-1-thread-4] DEBUG com.mnc.udp.UDPServer - UDP-Server: Message-24-79
21:20:57.118 [pool-1-thread-1] DEBUG com.mnc.udp.UDPServer - UDP-Server: Message-36-85
21:20:57.118 [pool-1-thread-3] DEBUG com.mnc.udp.UDPServer - UDP-Server: Message-22-57
21:20:57.118 [pool-1-thread-5] DEBUG com.mnc.udp.UDPServer - UDP-Server: Message-76-76
21:20:57.118 [pool-1-thread-3] DEBUG com.mnc.udp.UDPServer - UDP-Server: Message-22-57 -> Message-22-57 (/127.0.0.1:49447)
21:20:57.118 [pool-1-thread-4] DEBUG com.mnc.udp.UDPServer - UDP-Server: Message-24-79 -> Message-24-79 (/127.0.0.1:49449)
21:20:57.118 [pool-1-thread-3] DEBUG com.mnc.udp.UDPServer - UDP-Server: Message-77-62
21:20:57.118 [pool-1-thread-3] DEBUG com.mnc.udp.UDPServer - UDP-Server: Message-77-62 -> Message-77-62 (/127.0.0.1:49502)
21:20:57.118 [pool-1-thread-2] DEBUG com.mnc.udp.UDPServer - UDP-Server: Message-62-20
21:20:57.118 [pool-1-thread-1] DEBUG com.mnc.udp.UDPServer - UDP-Server: Message-36-85 -> Message-36-85 (/127.0.0.1:49461)
21:20:57.118 [pool-1-thread-3] DEBUG com.mnc.udp.UDPServer - UDP-Server: Message-22-58
21:20:57.118 [pool-1-thread-5] DEBUG com.mnc.udp.UDPServer - UDP-Server: Message-76-76 -> Message-76-76 (/127.0.0.1:49501)
21:20:57.118 [pool-1-thread-4] DEBUG com.mnc.udp.UDPServer - UDP-Server: Message-34-73
21:20:57.118 [pool-1-thread-2] DEBUG com.mnc.udp.UDPServer - UDP-Server: Message-62-20 -> Message-62-20 (/127.0.0.1:49487)
21:20:57.119 [pool-1-thread-3] DEBUG com.mnc.udp.UDPServer - UDP-Server: Message-22-58 -> Message-22-58 (/127.0.0.1:49447)
21:20:57.119 [pool-1-thread-1] DEBUG com.mnc.udp.UDPServer - UDP-Server: Message-24-80
21:20:57.119 [pool-1-thread-4] DEBUG com.mnc.udp.UDPServer - UDP-Server: Message-34-73 -> Message-34-73 (/127.0.0.1:49459)
21:20:57.119 [pool-1-thread-5] DEBUG com.mnc.udp.UDPServer - UDP-Server: Message-77-4
21:20:57.119 [pool-1-thread-2] DEBUG com.mnc.udp.UDPServer - UDP-Server: Message-36-86
21:20:57.119 [pool-1-thread-1] DEBUG com.mnc.udp.UDPServer - UDP-Server: Message-24-80 -> Message-24-80 (/127.0.0.1:49449)
21:20:57.119 [pool-1-thread-4] DEBUG com.mnc.udp.UDPServer - UDP-Server: Message-76-77
21:20:57.119 [pool-1-thread-5] DEBUG com.mnc.udp.UDPServer - UDP-Server: Message-77-4 -> Message-77-4 (/127.0.0.1:49502)
21:20:57.119 [pool-1-thread-2] DEBUG com.mnc.udp.UDPServer - UDP-Server: Message-36-86 -> Message-36-86 (/127.0.0.1:49461)
21:20:57.119 [pool-1-thread-5] DEBUG com.mnc.udp.UDPServer - UDP-Server: Message-34-74
21:20:57.119 [pool-1-thread-3] DEBUG com.mnc.udp.UDPServer - UDP-Server: Message-62-72
21:20:57.119 [pool-1-thread-1] DEBUG com.mnc.udp.UDPServer - UDP-Server: Message-22-56
21:20:57.119 [pool-1-thread-3] DEBUG com.mnc.udp.UDPServer - UDP-Server: Message-62-72 -> Message-62-72 (/127.0.0.1:49487)
21:20:57.119 [pool-1-thread-4] DEBUG com.mnc.udp.UDPServer - UDP-Server: Message-76-77 -> Message-76-77 (/127.0.0.1:49501)
21:20:57.119 [pool-1-thread-5] DEBUG com.mnc.udp.UDPServer - UDP-Server: Message-34-74 -> Message-34-74 (/127.0.0.1:49459)
21:20:57.119 [pool-1-thread-4] DEBUG com.mnc.udp.UDPServer - UDP-Server: Message-36-84
21:20:57.119 [pool-1-thread-1] DEBUG com.mnc.udp.UDPServer - UDP-Server: Message-22-56 -> Message-22-56 (/127.0.0.1:49447)
21:20:57.119 [pool-1-thread-2] DEBUG com.mnc.udp.UDPServer - UDP-Server: Message-24-76
21:20:57.119 [pool-1-thread-2] DEBUG com.mnc.udp.UDPServer - UDP-Server: Message-24-76 -> Message-24-76 (/127.0.0.1:49449)
21:20:57.119 [pool-1-thread-3] DEBUG com.mnc.udp.UDPServer - UDP-Server: Message-77-5
21:20:57.119 [pool-1-thread-5] DEBUG com.mnc.udp.UDPServer - UDP-Server: Message-62-73
21:20:57.119 [pool-1-thread-3] DEBUG com.mnc.udp.UDPServer - UDP-Server: Message-77-5 -> Message-77-5 (/127.0.0.1:49502)
21:20:57.119 [pool-1-thread-1] DEBUG com.mnc.udp.UDPServer - UDP-Server: Message-76-75
21:20:57.119 [pool-1-thread-4] DEBUG com.mnc.udp.UDPServer - UDP-Server: Message-36-84 -> Message-36-84 (/127.0.0.1:49461)
21:20:57.119 [pool-1-thread-5] DEBUG com.mnc.udp.UDPServer - UDP-Server: Message-62-73 -> Message-62-73 (/127.0.0.1:49487)
21:20:57.119 [pool-1-thread-2] DEBUG com.mnc.udp.UDPServer - UDP-Server: Message-34-69
21:20:57.119 [pool-1-thread-1] DEBUG com.mnc.udp.UDPServer - UDP-Server: Message-76-75 -> Message-76-75 (/127.0.0.1:49501)
21:20:57.119 [pool-1-thread-3] DEBUG com.mnc.udp.UDPServer - UDP-Server: Message-22-60
21:20:57.119 [pool-1-thread-5] DEBUG com.mnc.udp.UDPServer - UDP-Server: Message-24-77
21:20:57.119 [pool-1-thread-2] DEBUG com.mnc.udp.UDPServer - UDP-Server: Message-34-69 -> Message-34-69 (/127.0.0.1:49459)
21:20:57.119 [pool-1-thread-1] DEBUG com.mnc.udp.UDPServer - UDP-Server: Message-36-78
21:20:57.119 [pool-1-thread-4] DEBUG com.mnc.udp.UDPServer - UDP-Server: Message-77-1
21:20:57.119 [pool-1-thread-3] DEBUG com.mnc.udp.UDPServer - UDP-Server: Message-22-60 -> Message-22-60 (/127.0.0.1:49447)
21:20:57.119 [pool-1-thread-2] DEBUG com.mnc.udp.UDPServer - UDP-Server: Message-62-74
21:20:57.119 [pool-1-thread-5] DEBUG com.mnc.udp.UDPServer - UDP-Server: Message-24-77 -> Message-24-77 (/127.0.0.1:49449)
21:20:57.119 [pool-1-thread-3] DEBUG com.mnc.udp.UDPServer - UDP-Server: Message-76-57
21:20:57.119 [pool-1-thread-1] DEBUG com.mnc.udp.UDPServer - UDP-Server: Message-36-78 -> Message-36-78 (/127.0.0.1:49461)
21:20:57.119 [pool-1-thread-4] DEBUG com.mnc.udp.UDPServer - UDP-Server: Message-77-1 -> Message-77-1 (/127.0.0.1:49502)
21:20:57.119 [pool-1-thread-5] DEBUG com.mnc.udp.UDPServer - UDP-Server: Message-34-70
21:20:57.119 [pool-1-thread-2] DEBUG com.mnc.udp.UDPServer - UDP-Server: Message-62-74 -> Message-62-74 (/127.0.0.1:49487)
21:20:57.119 [pool-1-thread-5] DEBUG com.mnc.udp.UDPServer - UDP-Server: Message-34-70 -> Message-34-70 (/127.0.0.1:49459)
21:20:57.119 [pool-1-thread-3] DEBUG com.mnc.udp.UDPServer - UDP-Server: Message-76-57 -> Message-76-57 (/127.0.0.1:49501)
21:20:57.119 [pool-1-thread-4] DEBUG com.mnc.udp.UDPServer - UDP-Server: Message-24-75
21:20:57.119 [pool-1-thread-1] DEBUG com.mnc.udp.UDPServer - UDP-Server: Message-22-61
21:20:57.119 [pool-1-thread-3] DEBUG com.mnc.udp.UDPServer - UDP-Server: Message-36-79
21:20:57.119 [pool-1-thread-3] DEBUG com.mnc.udp.UDPServer - UDP-Server: Message-36-79 -> Message-36-79 (/127.0.0.1:49461)
21:20:57.119 [pool-1-thread-5] DEBUG com.mnc.udp.UDPServer - UDP-Server: Message-77-66
21:20:57.119 [pool-1-thread-5] DEBUG com.mnc.udp.UDPServer - UDP-Server: Message-77-66 -> Message-77-66 (/127.0.0.1:49502)
21:20:57.119 [pool-1-thread-2] DEBUG com.mnc.udp.UDPServer - UDP-Server: Message-62-76
21:20:57.119 [pool-1-thread-4] DEBUG com.mnc.udp.UDPServer - UDP-Server: Message-24-75 -> Message-24-75 (/127.0.0.1:49449)
21:20:57.119 [pool-1-thread-1] DEBUG com.mnc.udp.UDPServer - UDP-Server: Message-22-61 -> Message-22-61 (/127.0.0.1:49447)
21:20:57.119 [pool-1-thread-3] DEBUG com.mnc.udp.UDPServer - UDP-Server: Message-34-19
21:20:57.119 [pool-1-thread-2] DEBUG com.mnc.udp.UDPServer - UDP-Server: Message-62-76 -> Message-62-76 (/127.0.0.1:49487)
21:20:57.119 [pool-1-thread-4] DEBUG com.mnc.udp.UDPServer - UDP-Server: Message-36-80
21:20:57.119 [pool-1-thread-5] DEBUG com.mnc.udp.UDPServer - UDP-Server: Message-76-58
21:20:57.119 [pool-1-thread-3] DEBUG com.mnc.udp.UDPServer - UDP-Server: Message-34-19 -> Message-34-19 (/127.0.0.1:49459)
21:20:57.119 [pool-1-thread-1] DEBUG com.mnc.udp.UDPServer - UDP-Server: Message-77-2
21:20:57.119 [pool-1-thread-4] DEBUG com.mnc.udp.UDPServer - UDP-Server: Message-36-80 -> Message-36-80 (/127.0.0.1:49461)
21:20:57.119 [pool-1-thread-5] DEBUG com.mnc.udp.UDPServer - UDP-Server: Message-76-58 -> Message-76-58 (/127.0.0.1:49501)
21:20:57.119 [pool-1-thread-4] DEBUG com.mnc.udp.UDPServer - UDP-Server: Message-62-69
21:20:57.119 [pool-1-thread-1] DEBUG com.mnc.udp.UDPServer - UDP-Server: Message-77-2 -> Message-77-2 (/127.0.0.1:49502)
21:20:57.119 [pool-1-thread-2] DEBUG com.mnc.udp.UDPServer - UDP-Server: Message-24-57
21:20:57.119 [pool-1-thread-3] DEBUG com.mnc.udp.UDPServer - UDP-Server: Message-22-59
21:20:57.119 [pool-1-thread-1] DEBUG com.mnc.udp.UDPServer - UDP-Server: Message-34-20
21:20:57.119 [pool-1-thread-4] DEBUG com.mnc.udp.UDPServer - UDP-Server: Message-62-69 -> Message-62-69 (/127.0.0.1:49487)
21:20:57.119 [pool-1-thread-1] DEBUG com.mnc.udp.UDPServer - UDP-Server: Message-34-20 -> Message-34-20 (/127.0.0.1:49459)
21:20:57.119 [pool-1-thread-5] DEBUG com.mnc.udp.UDPServer - UDP-Server: Message-36-76
21:20:57.119 [pool-1-thread-4] DEBUG com.mnc.udp.UDPServer - UDP-Server: Message-76-56
21:20:57.119 [pool-1-thread-2] DEBUG com.mnc.udp.UDPServer - UDP-Server: Message-24-57 -> Message-24-57 (/127.0.0.1:49449)
21:20:57.119 [pool-1-thread-1] DEBUG com.mnc.udp.UDPServer - UDP-Server: Message-77-0
21:20:57.119 [pool-1-thread-3] DEBUG com.mnc.udp.UDPServer - UDP-Server: Message-22-59 -> Message-22-59 (/127.0.0.1:49447)
21:20:57.119 [pool-1-thread-5] DEBUG com.mnc.udp.UDPServer - UDP-Server: Message-36-76 -> Message-36-76 (/127.0.0.1:49461)
21:20:57.119 [pool-1-thread-4] DEBUG com.mnc.udp.UDPServer - UDP-Server: Message-76-56 -> Message-76-56 (/127.0.0.1:49501)
21:20:57.119 [pool-1-thread-1] DEBUG com.mnc.udp.UDPServer - UDP-Server: Message-77-0 -> Message-77-0 (/127.0.0.1:49502)
21:20:57.119 [pool-1-thread-2] DEBUG com.mnc.udp.UDPServer - UDP-Server: Message-62-70
21:20:57.119 [pool-1-thread-3] DEBUG com.mnc.udp.UDPServer - UDP-Server: Message-34-68
21:20:57.119 [pool-1-thread-4] DEBUG com.mnc.udp.UDPServer - UDP-Server: Message-24-58
21:20:57.119 [pool-1-thread-2] DEBUG com.mnc.udp.UDPServer - UDP-Server: Message-62-70 -> Message-62-70 (/127.0.0.1:49487)
21:20:57.120 [pool-1-thread-3] DEBUG com.mnc.udp.UDPServer - UDP-Server: Message-34-68 -> Message-34-68 (/127.0.0.1:49459)
21:20:57.120 [pool-1-thread-4] DEBUG com.mnc.udp.UDPServer - UDP-Server: Message-24-58 -> Message-24-58 (/127.0.0.1:49449)
21:20:57.120 [pool-1-thread-5] DEBUG com.mnc.udp.UDPServer - UDP-Server: Message-22-53
21:20:57.120 [pool-1-thread-1] DEBUG com.mnc.udp.UDPServer - UDP-Server: Message-36-77
21:20:57.120 [pool-1-thread-4] DEBUG com.mnc.udp.UDPServer - UDP-Server: Message-77-67
21:20:57.120 [pool-1-thread-5] DEBUG com.mnc.udp.UDPServer - UDP-Server: Message-22-53 -> Message-22-53 (/127.0.0.1:49447)
21:20:57.120 [pool-1-thread-1] DEBUG com.mnc.udp.UDPServer - UDP-Server: Message-36-77 -> Message-36-77 (/127.0.0.1:49461)
21:20:57.120 [pool-1-thread-3] DEBUG com.mnc.udp.UDPServer - UDP-Server: Message-76-60
21:20:57.120 [pool-1-thread-2] DEBUG com.mnc.udp.UDPServer - UDP-Server: Message-62-18
21:20:57.120 [pool-1-thread-3] DEBUG com.mnc.udp.UDPServer - UDP-Server: Message-76-60 -> Message-76-60 (/127.0.0.1:49501)
21:20:57.120 [pool-1-thread-4] DEBUG com.mnc.udp.UDPServer - UDP-Server: Message-77-67 -> Message-77-67 (/127.0.0.1:49502)
21:20:57.120 [pool-1-thread-1] DEBUG com.mnc.udp.UDPServer - UDP-Server: Message-34-63
21:20:57.120 [pool-1-thread-5] DEBUG com.mnc.udp.UDPServer - UDP-Server: Message-68-32
21:20:57.120 [pool-1-thread-4] DEBUG com.mnc.udp.UDPServer - UDP-Server: Message-22-54
21:20:57.120 [pool-1-thread-2] DEBUG com.mnc.udp.UDPServer - UDP-Server: Message-62-18 -> Message-62-18 (/127.0.0.1:49487)
21:20:57.120 [pool-1-thread-3] DEBUG com.mnc.udp.UDPServer - UDP-Server: Message-24-56
21:20:57.120 [pool-1-thread-1] DEBUG com.mnc.udp.UDPServer - UDP-Server: Message-34-63 -> Message-34-63 (/127.0.0.1:49459)
21:20:57.120 [pool-1-thread-2] DEBUG com.mnc.udp.UDPServer - UDP-Server: Message-36-75
21:20:57.120 [pool-1-thread-5] DEBUG com.mnc.udp.UDPServer - UDP-Server: Message-68-32 -> Message-68-32 (/127.0.0.1:49493)
21:20:57.120 [pool-1-thread-2] DEBUG com.mnc.udp.UDPServer - UDP-Server: Message-36-75 -> Message-36-75 (/127.0.0.1:49461)
21:20:57.120 [pool-1-thread-4] DEBUG com.mnc.udp.UDPServer - UDP-Server: Message-22-54 -> Message-22-54 (/127.0.0.1:49447)
21:20:57.120 [pool-1-thread-3] DEBUG com.mnc.udp.UDPServer - UDP-Server: Message-24-56 -> Message-24-56 (/127.0.0.1:49449)
21:20:57.120 [pool-1-thread-4] DEBUG com.mnc.udp.UDPServer - UDP-Server: Message-36-57
21:20:57.120 [pool-1-thread-3] DEBUG com.mnc.udp.UDPServer - UDP-Server: Message-34-64
21:20:57.120 [pool-1-thread-4] DEBUG com.mnc.udp.UDPServer - UDP-Server: Message-36-57 -> Message-36-57 (/127.0.0.1:49461)
21:20:57.120 [pool-1-thread-4] DEBUG com.mnc.udp.UDPServer - UDP-Server: Message-22-55
21:20:57.120 [pool-1-thread-2] DEBUG com.mnc.udp.UDPServer - UDP-Server: Message-62-7
21:20:57.120 [pool-1-thread-1] DEBUG com.mnc.udp.UDPServer - UDP-Server: Message-76-61
21:20:57.120 [pool-1-thread-5] DEBUG com.mnc.udp.UDPServer - UDP-Server: Message-24-60
21:20:57.120 [pool-1-thread-2] DEBUG com.mnc.udp.UDPServer - UDP-Server: Message-62-7 -> Message-62-7 (/127.0.0.1:49487)
21:20:57.120 [pool-1-thread-3] DEBUG com.mnc.udp.UDPServer - UDP-Server: Message-34-64 -> Message-34-64 (/127.0.0.1:49459)
21:20:57.120 [pool-1-thread-4] DEBUG com.mnc.udp.UDPServer - UDP-Server: Message-22-55 -> Message-22-55 (/127.0.0.1:49447)
21:20:57.120 [pool-1-thread-3] DEBUG com.mnc.udp.UDPServer - UDP-Server: Message-36-58
21:20:57.120 [pool-1-thread-3] DEBUG com.mnc.udp.UDPServer - UDP-Server: Message-36-58 -> Message-36-58 (/127.0.0.1:49461)
21:20:57.120 [pool-1-thread-1] DEBUG com.mnc.udp.UDPServer - UDP-Server: Message-76-61 -> Message-76-61 (/127.0.0.1:49501)
21:20:57.120 [pool-1-thread-5] DEBUG com.mnc.udp.UDPServer - UDP-Server: Message-24-60 -> Message-24-60 (/127.0.0.1:49449)
21:20:57.120 [pool-1-thread-2] DEBUG com.mnc.udp.UDPServer - UDP-Server: Message-68-90
21:20:57.120 [pool-1-thread-2] DEBUG com.mnc.udp.UDPServer - UDP-Server: Message-68-90 -> Message-68-90 (/127.0.0.1:49493)
21:20:57.120 [pool-1-thread-4] DEBUG com.mnc.udp.UDPServer - UDP-Server: Message-62-68
21:20:57.120 [pool-1-thread-4] DEBUG com.mnc.udp.UDPServer - UDP-Server: Message-62-68 -> Message-62-68 (/127.0.0.1:49487)
21:20:57.120 [pool-1-thread-2] DEBUG com.mnc.udp.UDPServer - UDP-Server: Message-34-62
21:20:57.120 [pool-1-thread-3] DEBUG com.mnc.udp.UDPServer - UDP-Server: Message-22-51
21:20:57.120 [pool-1-thread-4] DEBUG com.mnc.udp.UDPServer - UDP-Server: Message-76-59
21:20:57.120 [pool-1-thread-3] DEBUG com.mnc.udp.UDPServer - UDP-Server: Message-22-51 -> Message-22-51 (/127.0.0.1:49447)
21:20:57.120 [pool-1-thread-1] DEBUG com.mnc.udp.UDPServer - UDP-Server: Message-24-61
21:20:57.120 [pool-1-thread-2] DEBUG com.mnc.udp.UDPServer - UDP-Server: Message-34-62 -> Message-34-62 (/127.0.0.1:49459)
21:20:57.120 [pool-1-thread-5] DEBUG com.mnc.udp.UDPServer - UDP-Server: Message-36-56
21:20:57.121 [pool-1-thread-3] DEBUG com.mnc.udp.UDPServer - UDP-Server: Message-68-33
21:20:57.121 [pool-1-thread-2] DEBUG com.mnc.udp.UDPServer - UDP-Server: Message-62-77
21:20:57.120 [pool-1-thread-4] DEBUG com.mnc.udp.UDPServer - UDP-Server: Message-76-59 -> Message-76-59 (/127.0.0.1:49501)
21:20:57.121 [pool-1-thread-2] DEBUG com.mnc.udp.UDPServer - UDP-Server: Message-62-77 -> Message-62-77 (/127.0.0.1:49487)
21:20:57.121 [pool-1-thread-1] DEBUG com.mnc.udp.UDPServer - UDP-Server: Message-24-61 -> Message-24-61 (/127.0.0.1:49449)
21:20:57.121 [pool-1-thread-5] DEBUG com.mnc.udp.UDPServer - UDP-Server: Message-36-56 -> Message-36-56 (/127.0.0.1:49461)
21:20:57.121 [pool-1-thread-3] DEBUG com.mnc.udp.UDPServer - UDP-Server: Message-68-33 -> Message-68-33 (/127.0.0.1:49493)
21:20:57.121 [pool-1-thread-4] DEBUG com.mnc.udp.UDPServer - UDP-Server: Message-22-52
21:20:57.121 [pool-1-thread-4] DEBUG com.mnc.udp.UDPServer - UDP-Server: Message-22-52 -> Message-22-52 (/127.0.0.1:49447)
21:20:57.121 [pool-1-thread-2] DEBUG com.mnc.udp.UDPServer - UDP-Server: Message-34-66
21:20:57.121 [pool-1-thread-4] DEBUG com.mnc.udp.UDPServer - UDP-Server: Message-76-53
21:20:57.121 [pool-1-thread-5] DEBUG com.mnc.udp.UDPServer - UDP-Server: Message-62-75
21:20:57.121 [pool-1-thread-4] DEBUG com.mnc.udp.UDPServer - UDP-Server: Message-76-53 -> Message-76-53 (/127.0.0.1:49501)
21:20:57.121 [pool-1-thread-5] DEBUG com.mnc.udp.UDPServer - UDP-Server: Message-62-75 -> Message-62-75 (/127.0.0.1:49487)
21:20:57.121 [pool-1-thread-1] DEBUG com.mnc.udp.UDPServer - UDP-Server: Message-68-31
21:20:57.121 [pool-1-thread-4] DEBUG com.mnc.udp.UDPServer - UDP-Server: Message-36-60
21:20:57.121 [pool-1-thread-2] DEBUG com.mnc.udp.UDPServer - UDP-Server: Message-34-66 -> Message-34-66 (/127.0.0.1:49459)
21:20:57.121 [pool-1-thread-3] DEBUG com.mnc.udp.UDPServer - UDP-Server: Message-24-59
21:20:57.121 [pool-1-thread-2] DEBUG com.mnc.udp.UDPServer - UDP-Server: Message-22-50
21:20:57.121 [pool-1-thread-4] DEBUG com.mnc.udp.UDPServer - UDP-Server: Message-36-60 -> Message-36-60 (/127.0.0.1:49461)
21:20:57.121 [pool-1-thread-2] DEBUG com.mnc.udp.UDPServer - UDP-Server: Message-22-50 -> Message-22-50 (/127.0.0.1:49447)
21:20:57.121 [pool-1-thread-1] DEBUG com.mnc.udp.UDPServer - UDP-Server: Message-68-31 -> Message-68-31 (/127.0.0.1:49493)
21:20:57.121 [pool-1-thread-3] DEBUG com.mnc.udp.UDPServer - UDP-Server: Message-24-59 -> Message-24-59 (/127.0.0.1:49449)
21:20:57.121 [pool-1-thread-1] DEBUG com.mnc.udp.UDPServer - UDP-Server: Message-76-54
21:20:57.121 [pool-1-thread-1] DEBUG com.mnc.udp.UDPServer - UDP-Server: Message-76-54 -> Message-76-54 (/127.0.0.1:49501)
21:20:57.121 [pool-1-thread-2] DEBUG com.mnc.udp.UDPServer - UDP-Server: Message-62-63
21:20:57.121 [pool-1-thread-2] DEBUG com.mnc.udp.UDPServer - UDP-Server: Message-62-63 -> Message-62-63 (/127.0.0.1:49487)
21:20:57.121 [pool-1-thread-4] DEBUG com.mnc.udp.UDPServer - UDP-Server: Message-34-67
21:20:57.121 [pool-1-thread-5] DEBUG com.mnc.udp.UDPServer - UDP-Server: Message-22-71
21:20:57.121 [pool-1-thread-2] DEBUG com.mnc.udp.UDPServer - UDP-Server: Message-36-61
21:20:57.121 [pool-1-thread-2] DEBUG com.mnc.udp.UDPServer - UDP-Server: Message-36-61 -> Message-36-61 (/127.0.0.1:49461)
21:20:57.121 [pool-1-thread-1] DEBUG com.mnc.udp.UDPServer - UDP-Server: Message-68-91
21:20:57.121 [pool-1-thread-4] DEBUG com.mnc.udp.UDPServer - UDP-Server: Message-34-67 -> Message-34-67 (/127.0.0.1:49459)
21:20:57.121 [pool-1-thread-5] DEBUG com.mnc.udp.UDPServer - UDP-Server: Message-22-71 -> Message-22-71 (/127.0.0.1:49447)
21:20:57.121 [pool-1-thread-4] DEBUG com.mnc.udp.UDPServer - UDP-Server: Message-62-64
21:20:57.121 [pool-1-thread-3] DEBUG com.mnc.udp.UDPServer - UDP-Server: Message-24-53
21:20:57.121 [pool-1-thread-2] DEBUG com.mnc.udp.UDPServer - UDP-Server: Message-76-55
21:20:57.121 [pool-1-thread-1] DEBUG com.mnc.udp.UDPServer - UDP-Server: Message-68-91 -> Message-68-91 (/127.0.0.1:49493)
21:20:57.121 [pool-1-thread-4] DEBUG com.mnc.udp.UDPServer - UDP-Server: Message-62-64 -> Message-62-64 (/127.0.0.1:49487)
21:20:57.121 [pool-1-thread-3] DEBUG com.mnc.udp.UDPServer - UDP-Server: Message-24-53 -> Message-24-53 (/127.0.0.1:49449)
21:20:57.121 [pool-1-thread-5] DEBUG com.mnc.udp.UDPServer - UDP-Server: Message-36-59
21:20:57.121 [pool-1-thread-3] DEBUG com.mnc.udp.UDPServer - UDP-Server: Message-71-32
21:20:57.121 [pool-1-thread-2] DEBUG com.mnc.udp.UDPServer - UDP-Server: Message-76-55 -> Message-76-55 (/127.0.0.1:49501)
21:20:57.121 [pool-1-thread-1] DEBUG com.mnc.udp.UDPServer - UDP-Server: Message-22-72
21:20:57.121 [pool-1-thread-2] DEBUG com.mnc.udp.UDPServer - UDP-Server: Message-68-92
21:20:57.121 [pool-1-thread-5] DEBUG com.mnc.udp.UDPServer - UDP-Server: Message-36-59 -> Message-36-59 (/127.0.0.1:49461)
21:20:57.121 [pool-1-thread-2] DEBUG com.mnc.udp.UDPServer - UDP-Server: Message-68-92 -> Message-68-92 (/127.0.0.1:49493)
21:20:57.121 [pool-1-thread-4] DEBUG com.mnc.udp.UDPServer - UDP-Server: Message-34-18
21:20:57.121 [pool-1-thread-4] DEBUG com.mnc.udp.UDPServer - UDP-Server: Message-34-18 -> Message-34-18 (/127.0.0.1:49459)
21:20:57.121 [pool-1-thread-5] DEBUG com.mnc.udp.UDPServer - UDP-Server: Message-24-54
21:20:57.121 [pool-1-thread-3] DEBUG com.mnc.udp.UDPServer - UDP-Server: Message-71-32 -> Message-71-32 (/127.0.0.1:49496)
21:20:57.121 [pool-1-thread-4] DEBUG com.mnc.udp.UDPServer - UDP-Server: Message-76-51
21:20:57.121 [pool-1-thread-1] DEBUG com.mnc.udp.UDPServer - UDP-Server: Message-22-72 -> Message-22-72 (/127.0.0.1:49447)
21:20:57.121 [pool-1-thread-2] DEBUG com.mnc.udp.UDPServer - UDP-Server: Message-62-62
21:20:57.121 [pool-1-thread-1] DEBUG com.mnc.udp.UDPServer - UDP-Server: Message-36-53
21:20:57.121 [pool-1-thread-1] DEBUG com.mnc.udp.UDPServer - UDP-Server: Message-36-53 -> Message-36-53 (/127.0.0.1:49461)
21:20:57.121 [pool-1-thread-5] DEBUG com.mnc.udp.UDPServer - UDP-Server: Message-24-54 -> Message-24-54 (/127.0.0.1:49449)
21:20:57.121 [pool-1-thread-4] DEBUG com.mnc.udp.UDPServer - UDP-Server: Message-76-51 -> Message-76-51 (/127.0.0.1:49501)
21:20:57.121 [pool-1-thread-2] DEBUG com.mnc.udp.UDPServer - UDP-Server: Message-62-62 -> Message-62-62 (/127.0.0.1:49487)
21:20:57.121 [pool-1-thread-5] DEBUG com.mnc.udp.UDPServer - UDP-Server: Message-71-33
21:20:57.121 [pool-1-thread-5] DEBUG com.mnc.udp.UDPServer - UDP-Server: Message-71-33 -> Message-71-33 (/127.0.0.1:49496)
21:20:57.121 [pool-1-thread-3] DEBUG com.mnc.udp.UDPServer - UDP-Server: Message-34-7
21:20:57.121 [pool-1-thread-2] DEBUG com.mnc.udp.UDPServer - UDP-Server: Message-22-73
21:20:57.121 [pool-1-thread-1] DEBUG com.mnc.udp.UDPServer - UDP-Server: Message-68-88
21:20:57.121 [pool-1-thread-2] DEBUG com.mnc.udp.UDPServer - UDP-Server: Message-22-73 -> Message-22-73 (/127.0.0.1:49447)
21:20:57.121 [pool-1-thread-1] DEBUG com.mnc.udp.UDPServer - UDP-Server: Message-68-88 -> Message-68-88 (/127.0.0.1:49493)
21:20:57.121 [pool-1-thread-3] DEBUG com.mnc.udp.UDPServer - UDP-Server: Message-34-7 -> Message-34-7 (/127.0.0.1:49459)
21:20:57.121 [pool-1-thread-5] DEBUG com.mnc.udp.UDPServer - UDP-Server: Message-36-54
21:20:57.121 [pool-1-thread-4] DEBUG com.mnc.udp.UDPServer - UDP-Server: Message-24-55
21:20:57.122 [pool-1-thread-1] DEBUG com.mnc.udp.UDPServer - UDP-Server: Message-71-31
21:20:57.121 [pool-1-thread-2] DEBUG com.mnc.udp.UDPServer - UDP-Server: Message-76-52
21:20:57.122 [pool-1-thread-5] DEBUG com.mnc.udp.UDPServer - UDP-Server: Message-36-54 -> Message-36-54 (/127.0.0.1:49461)
21:20:57.122 [pool-1-thread-4] DEBUG com.mnc.udp.UDPServer - UDP-Server: Message-24-55 -> Message-24-55 (/127.0.0.1:49449)
21:20:57.122 [pool-1-thread-2] DEBUG com.mnc.udp.UDPServer - UDP-Server: Message-76-52 -> Message-76-52 (/127.0.0.1:49501)
21:20:57.122 [pool-1-thread-3] DEBUG com.mnc.udp.UDPServer - UDP-Server: Message-62-8
21:20:57.122 [pool-1-thread-5] DEBUG com.mnc.udp.UDPServer - UDP-Server: Message-22-74
21:20:57.122 [pool-1-thread-4] DEBUG com.mnc.udp.UDPServer - UDP-Server: Message-34-8
21:20:57.122 [pool-1-thread-5] DEBUG com.mnc.udp.UDPServer - UDP-Server: Message-22-74 -> Message-22-74 (/127.0.0.1:49447)
21:20:57.122 [pool-1-thread-1] DEBUG com.mnc.udp.UDPServer - UDP-Server: Message-71-31 -> Message-71-31 (/127.0.0.1:49496)
21:20:57.122 [pool-1-thread-3] DEBUG com.mnc.udp.UDPServer - UDP-Server: Message-62-8 -> Message-62-8 (/127.0.0.1:49487)
21:20:57.122 [pool-1-thread-2] DEBUG com.mnc.udp.UDPServer - UDP-Server: Message-68-89
21:20:57.122 [pool-1-thread-4] DEBUG com.mnc.udp.UDPServer - UDP-Server: Message-34-8 -> Message-34-8 (/127.0.0.1:49459)
21:20:57.122 [pool-1-thread-5] DEBUG com.mnc.udp.UDPServer - UDP-Server: Message-36-55
21:20:57.122 [pool-1-thread-5] DEBUG com.mnc.udp.UDPServer - UDP-Server: Message-36-55 -> Message-36-55 (/127.0.0.1:49461)
21:20:57.122 [pool-1-thread-3] DEBUG com.mnc.udp.UDPServer - UDP-Server: Message-24-51
21:20:57.122 [pool-1-thread-4] DEBUG com.mnc.udp.UDPServer - UDP-Server: Message-22-69
21:20:57.122 [pool-1-thread-2] DEBUG com.mnc.udp.UDPServer - UDP-Server: Message-68-89 -> Message-68-89 (/127.0.0.1:49493)
21:20:57.122 [pool-1-thread-4] DEBUG com.mnc.udp.UDPServer - UDP-Server: Message-22-69 -> Message-22-69 (/127.0.0.1:49447)
21:20:57.122 [pool-1-thread-1] DEBUG com.mnc.udp.UDPServer - UDP-Server: Message-76-50
21:20:57.122 [pool-1-thread-3] DEBUG com.mnc.udp.UDPServer - UDP-Server: Message-24-51 -> Message-24-51 (/127.0.0.1:49449)
21:20:57.122 [pool-1-thread-4] DEBUG com.mnc.udp.UDPServer - UDP-Server: Message-34-6
21:20:57.122 [pool-1-thread-4] DEBUG com.mnc.udp.UDPServer - UDP-Server: Message-34-6 -> Message-34-6 (/127.0.0.1:49459)
21:20:57.122 [pool-1-thread-4] DEBUG com.mnc.udp.UDPServer - UDP-Server: Message-36-51
21:20:57.122 [pool-1-thread-3] DEBUG com.mnc.udp.UDPServer - UDP-Server: Message-68-35
21:20:57.122 [pool-1-thread-4] DEBUG com.mnc.udp.UDPServer - UDP-Server: Message-36-51 -> Message-36-51 (/127.0.0.1:49461)
21:20:57.122 [pool-1-thread-5] DEBUG com.mnc.udp.UDPServer - UDP-Server: Message-71-35
21:20:57.122 [pool-1-thread-5] DEBUG com.mnc.udp.UDPServer - UDP-Server: Message-71-35 -> Message-71-35 (/127.0.0.1:49496)
21:20:57.122 [pool-1-thread-1] DEBUG com.mnc.udp.UDPServer - UDP-Server: Message-76-50 -> Message-76-50 (/127.0.0.1:49501)
21:20:57.122 [pool-1-thread-2] DEBUG com.mnc.udp.UDPServer - UDP-Server: Message-62-66
21:20:57.122 [pool-1-thread-1] DEBUG com.mnc.udp.UDPServer - UDP-Server: Message-24-52
21:20:57.122 [pool-1-thread-3] DEBUG com.mnc.udp.UDPServer - UDP-Server: Message-68-35 -> Message-68-35 (/127.0.0.1:49493)
21:20:57.122 [pool-1-thread-1] DEBUG com.mnc.udp.UDPServer - UDP-Server: Message-24-52 -> Message-24-52 (/127.0.0.1:49449)
21:20:57.122 [pool-1-thread-4] DEBUG com.mnc.udp.UDPServer - UDP-Server: Message-22-63
21:20:57.122 [pool-1-thread-3] DEBUG com.mnc.udp.UDPServer - UDP-Server: Message-36-52
21:20:57.122 [pool-1-thread-5] DEBUG com.mnc.udp.UDPServer - UDP-Server: Message-34-10
21:20:57.122 [pool-1-thread-3] DEBUG com.mnc.udp.UDPServer - UDP-Server: Message-36-52 -> Message-36-52 (/127.0.0.1:49461)
21:20:57.122 [pool-1-thread-4] DEBUG com.mnc.udp.UDPServer - UDP-Server: Message-22-63 -> Message-22-63 (/127.0.0.1:49447)
21:20:57.122 [pool-1-thread-5] DEBUG com.mnc.udp.UDPServer - UDP-Server: Message-34-10 -> Message-34-10 (/127.0.0.1:49459)
21:20:57.122 [pool-1-thread-2] DEBUG com.mnc.udp.UDPServer - UDP-Server: Message-62-66 -> Message-62-66 (/127.0.0.1:49487)
21:20:57.122 [pool-1-thread-1] DEBUG com.mnc.udp.UDPServer - UDP-Server: Message-71-36
21:20:57.122 [pool-1-thread-3] DEBUG com.mnc.udp.UDPServer - UDP-Server: Message-76-71
21:20:57.122 [pool-1-thread-1] DEBUG com.mnc.udp.UDPServer - UDP-Server: Message-71-36 -> Message-71-36 (/127.0.0.1:49496)
21:20:57.122 [pool-1-thread-3] DEBUG com.mnc.udp.UDPServer - UDP-Server: Message-76-71 -> Message-76-71 (/127.0.0.1:49501)
21:20:57.122 [pool-1-thread-3] DEBUG com.mnc.udp.UDPServer - UDP-Server: Message-24-50
21:20:57.122 [pool-1-thread-3] DEBUG com.mnc.udp.UDPServer - UDP-Server: Message-24-50 -> Message-24-50 (/127.0.0.1:49449)
21:20:57.122 [pool-1-thread-3] DEBUG com.mnc.udp.UDPServer - UDP-Server: Message-68-87
21:20:57.122 [pool-1-thread-3] DEBUG com.mnc.udp.UDPServer - UDP-Server: Message-68-87 -> Message-68-87 (/127.0.0.1:49493)
21:20:57.122 [pool-1-thread-2] DEBUG com.mnc.udp.UDPServer - UDP-Server: Message-36-50
21:20:57.122 [pool-1-thread-2] DEBUG com.mnc.udp.UDPServer - UDP-Server: Message-36-50 -> Message-36-50 (/127.0.0.1:49461)
21:20:57.122 [pool-1-thread-5] DEBUG com.mnc.udp.UDPServer - UDP-Server: Message-34-11
21:20:57.122 [pool-1-thread-3] DEBUG com.mnc.udp.UDPServer - UDP-Server: Message-22-64
21:20:57.122 [pool-1-thread-5] DEBUG com.mnc.udp.UDPServer - UDP-Server: Message-34-11 -> Message-34-11 (/127.0.0.1:49459)
21:20:57.122 [pool-1-thread-4] DEBUG com.mnc.udp.UDPServer - UDP-Server: Message-62-6
21:20:57.122 [pool-1-thread-2] DEBUG com.mnc.udp.UDPServer - UDP-Server: Message-71-34
21:20:57.122 [pool-1-thread-3] DEBUG com.mnc.udp.UDPServer - UDP-Server: Message-22-64 -> Message-22-64 (/127.0.0.1:49447)
21:20:57.122 [pool-1-thread-1] DEBUG com.mnc.udp.UDPServer - UDP-Server: Message-76-72
21:20:57.122 [pool-1-thread-4] DEBUG com.mnc.udp.UDPServer - UDP-Server: Message-62-6 -> Message-62-6 (/127.0.0.1:49487)
21:20:57.122 [pool-1-thread-2] DEBUG com.mnc.udp.UDPServer - UDP-Server: Message-71-34 -> Message-71-34 (/127.0.0.1:49496)
21:20:57.122 [pool-1-thread-5] DEBUG com.mnc.udp.UDPServer - UDP-Server: Message-24-71
21:20:57.122 [pool-1-thread-1] DEBUG com.mnc.udp.UDPServer - UDP-Server: Message-76-72 -> Message-76-72 (/127.0.0.1:49501)
21:20:57.122 [pool-1-thread-3] DEBUG com.mnc.udp.UDPServer - UDP-Server: Message-68-36
21:20:57.122 [pool-1-thread-4] DEBUG com.mnc.udp.UDPServer - UDP-Server: Message-36-71
21:20:57.122 [pool-1-thread-2] DEBUG com.mnc.udp.UDPServer - UDP-Server: Message-34-9
21:20:57.122 [pool-1-thread-5] DEBUG com.mnc.udp.UDPServer - UDP-Server: Message-24-71 -> Message-24-71 (/127.0.0.1:49449)
21:20:57.123 [pool-1-thread-2] DEBUG com.mnc.udp.UDPServer - UDP-Server: Message-34-9 -> Message-34-9 (/127.0.0.1:49459)
21:20:57.122 [pool-1-thread-3] DEBUG com.mnc.udp.UDPServer - UDP-Server: Message-68-36 -> Message-68-36 (/127.0.0.1:49493)
21:20:57.122 [pool-1-thread-1] DEBUG com.mnc.udp.UDPServer - UDP-Server: Message-22-62
21:20:57.123 [pool-1-thread-3] DEBUG com.mnc.udp.UDPServer - UDP-Server: Message-76-73
21:20:57.123 [pool-1-thread-3] DEBUG com.mnc.udp.UDPServer - UDP-Server: Message-76-73 -> Message-76-73 (/127.0.0.1:49501)
21:20:57.123 [pool-1-thread-1] DEBUG com.mnc.udp.UDPServer - UDP-Server: Message-22-62 -> Message-22-62 (/127.0.0.1:49447)
21:20:57.122 [pool-1-thread-4] DEBUG com.mnc.udp.UDPServer - UDP-Server: Message-36-71 -> Message-36-71 (/127.0.0.1:49461)
21:20:57.123 [pool-1-thread-3] DEBUG com.mnc.udp.UDPServer - UDP-Server: Message-24-72
21:20:57.123 [pool-1-thread-5] DEBUG com.mnc.udp.UDPServer - UDP-Server: Message-62-67
21:20:57.123 [pool-1-thread-2] DEBUG com.mnc.udp.UDPServer - UDP-Server: Message-71-28
21:20:57.123 [pool-1-thread-3] DEBUG com.mnc.udp.UDPServer - UDP-Server: Message-24-72 -> Message-24-72 (/127.0.0.1:49449)
21:20:57.123 [pool-1-thread-5] DEBUG com.mnc.udp.UDPServer - UDP-Server: Message-62-67 -> Message-62-67 (/127.0.0.1:49487)
21:20:57.123 [pool-1-thread-4] DEBUG com.mnc.udp.UDPServer - UDP-Server: Message-68-34
21:20:57.123 [pool-1-thread-3] DEBUG com.mnc.udp.UDPServer - UDP-Server: Message-76-74
21:20:57.123 [pool-1-thread-1] DEBUG com.mnc.udp.UDPServer - UDP-Server: Message-34-3
21:20:57.123 [pool-1-thread-2] DEBUG com.mnc.udp.UDPServer - UDP-Server: Message-71-28 -> Message-71-28 (/127.0.0.1:49496)
21:20:57.123 [pool-1-thread-1] DEBUG com.mnc.udp.UDPServer - UDP-Server: Message-34-3 -> Message-34-3 (/127.0.0.1:49459)
21:20:57.123 [pool-1-thread-5] DEBUG com.mnc.udp.UDPServer - UDP-Server: Message-36-72
21:20:57.123 [pool-1-thread-2] DEBUG com.mnc.udp.UDPServer - UDP-Server: Message-22-70
21:20:57.123 [pool-1-thread-4] DEBUG com.mnc.udp.UDPServer - UDP-Server: Message-68-34 -> Message-68-34 (/127.0.0.1:49493)
21:20:57.123 [pool-1-thread-1] DEBUG com.mnc.udp.UDPServer - UDP-Server: Message-24-73
21:20:57.123 [pool-1-thread-3] DEBUG com.mnc.udp.UDPServer - UDP-Server: Message-76-74 -> Message-76-74 (/127.0.0.1:49501)
21:20:57.123 [pool-1-thread-2] DEBUG com.mnc.udp.UDPServer - UDP-Server: Message-22-70 -> Message-22-70 (/127.0.0.1:49447)
21:20:57.123 [pool-1-thread-4] DEBUG com.mnc.udp.UDPServer - UDP-Server: Message-62-10
21:20:57.123 [pool-1-thread-5] DEBUG com.mnc.udp.UDPServer - UDP-Server: Message-36-72 -> Message-36-72 (/127.0.0.1:49461)
21:20:57.123 [pool-1-thread-1] DEBUG com.mnc.udp.UDPServer - UDP-Server: Message-24-73 -> Message-24-73 (/127.0.0.1:49449)
21:20:57.123 [pool-1-thread-3] DEBUG com.mnc.udp.UDPServer - UDP-Server: Message-97-32
21:20:57.123 [pool-1-thread-4] DEBUG com.mnc.udp.UDPServer - UDP-Server: Message-62-10 -> Message-62-10 (/127.0.0.1:49487)
21:20:57.123 [pool-1-thread-3] DEBUG com.mnc.udp.UDPServer - UDP-Server: Message-97-32 -> Message-97-32 (/127.0.0.1:49522)
21:20:57.123 [pool-1-thread-2] DEBUG com.mnc.udp.UDPServer - UDP-Server: Message-34-4
21:20:57.123 [pool-1-thread-4] DEBUG com.mnc.udp.UDPServer - UDP-Server: Message-76-69
21:20:57.123 [pool-1-thread-4] DEBUG com.mnc.udp.UDPServer - UDP-Server: Message-76-69 -> Message-76-69 (/127.0.0.1:49501)
21:20:57.123 [pool-1-thread-1] DEBUG com.mnc.udp.UDPServer - UDP-Server: Message-68-96
21:20:57.123 [pool-1-thread-5] DEBUG com.mnc.udp.UDPServer - UDP-Server: Message-71-29
21:20:57.123 [pool-1-thread-2] DEBUG com.mnc.udp.UDPServer - UDP-Server: Message-34-4 -> Message-34-4 (/127.0.0.1:49459)
21:20:57.123 [pool-1-thread-3] DEBUG com.mnc.udp.UDPServer - UDP-Server: Message-22-66
21:20:57.123 [pool-1-thread-2] DEBUG com.mnc.udp.UDPServer - UDP-Server: Message-36-73
21:20:57.123 [pool-1-thread-1] DEBUG com.mnc.udp.UDPServer - UDP-Server: Message-68-96 -> Message-68-96 (/127.0.0.1:49493)
21:20:57.123 [pool-1-thread-4] DEBUG com.mnc.udp.UDPServer - UDP-Server: Message-24-74
21:20:57.123 [pool-1-thread-4] DEBUG com.mnc.udp.UDPServer - UDP-Server: Message-24-74 -> Message-24-74 (/127.0.0.1:49449)
21:20:57.123 [pool-1-thread-5] DEBUG com.mnc.udp.UDPServer - UDP-Server: Message-71-29 -> Message-71-29 (/127.0.0.1:49496)
21:20:57.123 [pool-1-thread-4] DEBUG com.mnc.udp.UDPServer - UDP-Server: Message-97-33
21:20:57.123 [pool-1-thread-2] DEBUG com.mnc.udp.UDPServer - UDP-Server: Message-36-73 -> Message-36-73 (/127.0.0.1:49461)
21:20:57.123 [pool-1-thread-3] DEBUG com.mnc.udp.UDPServer - UDP-Server: Message-22-66 -> Message-22-66 (/127.0.0.1:49447)
21:20:57.123 [pool-1-thread-2] DEBUG com.mnc.udp.UDPServer - UDP-Server: Message-34-5
21:20:57.123 [pool-1-thread-1] DEBUG com.mnc.udp.UDPServer - UDP-Server: Message-62-11
21:20:57.123 [pool-1-thread-4] DEBUG com.mnc.udp.UDPServer - UDP-Server: Message-97-33 -> Message-97-33 (/127.0.0.1:49522)
21:20:57.123 [pool-1-thread-5] DEBUG com.mnc.udp.UDPServer - UDP-Server: Message-76-70
21:20:57.123 [pool-1-thread-2] DEBUG com.mnc.udp.UDPServer - UDP-Server: Message-34-5 -> Message-34-5 (/127.0.0.1:49459)
21:20:57.123 [pool-1-thread-3] DEBUG com.mnc.udp.UDPServer - UDP-Server: Message-68-97
21:20:57.123 [pool-1-thread-2] DEBUG com.mnc.udp.UDPServer - UDP-Server: Message-71-30
21:20:57.123 [pool-1-thread-2] DEBUG com.mnc.udp.UDPServer - UDP-Server: Message-71-30 -> Message-71-30 (/127.0.0.1:49496)
21:20:57.123 [pool-1-thread-1] DEBUG com.mnc.udp.UDPServer - UDP-Server: Message-62-11 -> Message-62-11 (/127.0.0.1:49487)
21:20:57.123 [pool-1-thread-5] DEBUG com.mnc.udp.UDPServer - UDP-Server: Message-76-70 -> Message-76-70 (/127.0.0.1:49501)
21:20:57.123 [pool-1-thread-1] DEBUG com.mnc.udp.UDPServer - UDP-Server: Message-22-67
21:20:57.123 [pool-1-thread-4] DEBUG com.mnc.udp.UDPServer - UDP-Server: Message-24-69
21:20:57.123 [pool-1-thread-3] DEBUG com.mnc.udp.UDPServer - UDP-Server: Message-68-97 -> Message-68-97 (/127.0.0.1:49493)
21:20:57.123 [pool-1-thread-2] DEBUG com.mnc.udp.UDPServer - UDP-Server: Message-36-74
21:20:57.123 [pool-1-thread-5] DEBUG com.mnc.udp.UDPServer - UDP-Server: Message-97-31
21:20:57.123 [pool-1-thread-1] DEBUG com.mnc.udp.UDPServer - UDP-Server: Message-22-67 -> Message-22-67 (/127.0.0.1:49447)
21:20:57.123 [pool-1-thread-4] DEBUG com.mnc.udp.UDPServer - UDP-Server: Message-24-69 -> Message-24-69 (/127.0.0.1:49449)
21:20:57.123 [pool-1-thread-2] DEBUG com.mnc.udp.UDPServer - UDP-Server: Message-36-74 -> Message-36-74 (/127.0.0.1:49461)
21:20:57.123 [pool-1-thread-3] DEBUG com.mnc.udp.UDPServer - UDP-Server: Message-34-1
21:20:57.123 [pool-1-thread-3] DEBUG com.mnc.udp.UDPServer - UDP-Server: Message-34-1 -> Message-34-1 (/127.0.0.1:49459)
21:20:57.123 [pool-1-thread-5] DEBUG com.mnc.udp.UDPServer - UDP-Server: Message-97-31 -> Message-97-31 (/127.0.0.1:49522)
21:20:57.123 [pool-1-thread-1] DEBUG com.mnc.udp.UDPServer - UDP-Server: Message-71-26
21:20:57.123 [pool-1-thread-3] DEBUG com.mnc.udp.UDPServer - UDP-Server: Message-68-28
21:20:57.123 [pool-1-thread-4] DEBUG com.mnc.udp.UDPServer - UDP-Server: Message-62-9
21:20:57.123 [pool-1-thread-2] DEBUG com.mnc.udp.UDPServer - UDP-Server: Message-76-68
21:20:57.123 [pool-1-thread-4] DEBUG com.mnc.udp.UDPServer - UDP-Server: Message-62-9 -> Message-62-9 (/127.0.0.1:49487)
21:20:57.123 [pool-1-thread-2] DEBUG com.mnc.udp.UDPServer - UDP-Server: Message-76-68 -> Message-76-68 (/127.0.0.1:49501)
21:20:57.123 [pool-1-thread-3] DEBUG com.mnc.udp.UDPServer - UDP-Server: Message-68-28 -> Message-68-28 (/127.0.0.1:49493)
21:20:57.123 [pool-1-thread-1] DEBUG com.mnc.udp.UDPServer - UDP-Server: Message-71-26 -> Message-71-26 (/127.0.0.1:49496)
21:20:57.123 [pool-1-thread-5] DEBUG com.mnc.udp.UDPServer - UDP-Server: Message-22-68
21:20:57.123 [pool-1-thread-4] DEBUG com.mnc.udp.UDPServer - UDP-Server: Message-24-70
21:20:57.123 [pool-1-thread-5] DEBUG com.mnc.udp.UDPServer - UDP-Server: Message-22-68 -> Message-22-68 (/127.0.0.1:49447)
21:20:57.123 [pool-1-thread-2] DEBUG com.mnc.udp.UDPServer - UDP-Server: Message-75-32
21:20:57.123 [pool-1-thread-3] DEBUG com.mnc.udp.UDPServer - UDP-Server: Message-36-69
21:20:57.123 [pool-1-thread-2] DEBUG com.mnc.udp.UDPServer - UDP-Server: Message-75-32 -> Message-75-32 (/127.0.0.1:49500)
21:20:57.123 [pool-1-thread-1] DEBUG com.mnc.udp.UDPServer - UDP-Server: Message-34-2
21:20:57.123 [pool-1-thread-4] DEBUG com.mnc.udp.UDPServer - UDP-Server: Message-24-70 -> Message-24-70 (/127.0.0.1:49449)
21:20:57.123 [pool-1-thread-5] DEBUG com.mnc.udp.UDPServer - UDP-Server: Message-97-35
21:20:57.124 [pool-1-thread-5] DEBUG com.mnc.udp.UDPServer - UDP-Server: Message-97-35 -> Message-97-35 (/127.0.0.1:49522)
21:20:57.123 [pool-1-thread-3] DEBUG com.mnc.udp.UDPServer - UDP-Server: Message-36-69 -> Message-36-69 (/127.0.0.1:49461)
21:20:57.123 [pool-1-thread-1] DEBUG com.mnc.udp.UDPServer - UDP-Server: Message-34-2 -> Message-34-2 (/127.0.0.1:49459)
21:20:57.123 [pool-1-thread-2] DEBUG com.mnc.udp.UDPServer - UDP-Server: Message-62-3
21:20:57.124 [pool-1-thread-1] DEBUG com.mnc.udp.UDPServer - UDP-Server: Message-75-33
21:20:57.123 [pool-1-thread-4] DEBUG com.mnc.udp.UDPServer - UDP-Server: Message-76-63
21:20:57.124 [pool-1-thread-5] DEBUG com.mnc.udp.UDPServer - UDP-Server: Message-68-98
21:20:57.124 [pool-1-thread-3] DEBUG com.mnc.udp.UDPServer - UDP-Server: Message-71-27
21:20:57.124 [pool-1-thread-2] DEBUG com.mnc.udp.UDPServer - UDP-Server: Message-62-3 -> Message-62-3 (/127.0.0.1:49487)
21:20:57.124 [pool-1-thread-2] DEBUG com.mnc.udp.UDPServer - UDP-Server: Message-24-68
21:20:57.124 [pool-1-thread-2] DEBUG com.mnc.udp.UDPServer - UDP-Server: Message-24-68 -> Message-24-68 (/127.0.0.1:49449)
21:20:57.124 [pool-1-thread-1] DEBUG com.mnc.udp.UDPServer - UDP-Server: Message-75-33 -> Message-75-33 (/127.0.0.1:49500)
21:20:57.124 [pool-1-thread-2] DEBUG com.mnc.udp.UDPServer - UDP-Server: Message-97-36
21:20:57.124 [pool-1-thread-2] DEBUG com.mnc.udp.UDPServer - UDP-Server: Message-97-36 -> Message-97-36 (/127.0.0.1:49522)
21:20:57.124 [pool-1-thread-4] DEBUG com.mnc.udp.UDPServer - UDP-Server: Message-76-63 -> Message-76-63 (/127.0.0.1:49501)
21:20:57.124 [pool-1-thread-1] DEBUG com.mnc.udp.UDPServer - UDP-Server: Message-36-70
21:20:57.124 [pool-1-thread-1] DEBUG com.mnc.udp.UDPServer - UDP-Server: Message-36-70 -> Message-36-70 (/127.0.0.1:49461)
21:20:57.124 [pool-1-thread-5] DEBUG com.mnc.udp.UDPServer - UDP-Server: Message-68-98 -> Message-68-98 (/127.0.0.1:49493)
21:20:57.124 [pool-1-thread-3] DEBUG com.mnc.udp.UDPServer - UDP-Server: Message-71-27 -> Message-71-27 (/127.0.0.1:49496)
21:20:57.124 [pool-1-thread-2] DEBUG com.mnc.udp.UDPServer - UDP-Server: Message-34-0
21:20:57.124 [pool-1-thread-4] DEBUG com.mnc.udp.UDPServer - UDP-Server: Message-62-4
21:20:57.124 [pool-1-thread-2] DEBUG com.mnc.udp.UDPServer - UDP-Server: Message-34-0 -> Message-34-0 (/127.0.0.1:49459)
21:20:57.124 [pool-1-thread-5] DEBUG com.mnc.udp.UDPServer - UDP-Server: Message-76-64
21:20:57.124 [pool-1-thread-1] DEBUG com.mnc.udp.UDPServer - UDP-Server: Message-36-68
21:20:57.124 [pool-1-thread-1] DEBUG com.mnc.udp.UDPServer - UDP-Server: Message-36-68 -> Message-36-68 (/127.0.0.1:49461)
21:20:57.124 [pool-1-thread-3] DEBUG com.mnc.udp.UDPServer - UDP-Server: Message-97-34
21:20:57.124 [pool-1-thread-4] DEBUG com.mnc.udp.UDPServer - UDP-Server: Message-62-4 -> Message-62-4 (/127.0.0.1:49487)
21:20:57.124 [pool-1-thread-3] DEBUG com.mnc.udp.UDPServer - UDP-Server: Message-97-34 -> Message-97-34 (/127.0.0.1:49522)
21:20:57.124 [pool-1-thread-5] DEBUG com.mnc.udp.UDPServer - UDP-Server: Message-76-64 -> Message-76-64 (/127.0.0.1:49501)
21:20:57.124 [pool-1-thread-2] DEBUG com.mnc.udp.UDPServer - UDP-Server: Message-75-31
21:20:57.124 [pool-1-thread-1] DEBUG com.mnc.udp.UDPServer - UDP-Server: Message-24-63
21:20:57.124 [pool-1-thread-4] DEBUG com.mnc.udp.UDPServer - UDP-Server: Message-68-99
21:20:57.124 [pool-1-thread-5] DEBUG com.mnc.udp.UDPServer - UDP-Server: Message-62-5
21:20:57.124 [pool-1-thread-3] DEBUG com.mnc.udp.UDPServer - UDP-Server: Message-71-25
21:20:57.124 [pool-1-thread-3] DEBUG com.mnc.udp.UDPServer - UDP-Server: Message-71-25 -> Message-71-25 (/127.0.0.1:49496)
21:20:57.124 [pool-1-thread-2] DEBUG com.mnc.udp.UDPServer - UDP-Server: Message-75-31 -> Message-75-31 (/127.0.0.1:49500)
21:20:57.124 [pool-1-thread-1] DEBUG com.mnc.udp.UDPServer - UDP-Server: Message-24-63 -> Message-24-63 (/127.0.0.1:49449)
21:20:57.124 [pool-1-thread-3] DEBUG com.mnc.udp.UDPServer - UDP-Server: Message-36-63
21:20:57.124 [pool-1-thread-3] DEBUG com.mnc.udp.UDPServer - UDP-Server: Message-36-63 -> Message-36-63 (/127.0.0.1:49461)
21:20:57.124 [pool-1-thread-4] DEBUG com.mnc.udp.UDPServer - UDP-Server: Message-68-99 -> Message-68-99 (/127.0.0.1:49493)
21:20:57.124 [pool-1-thread-5] DEBUG com.mnc.udp.UDPServer - UDP-Server: Message-62-5 -> Message-62-5 (/127.0.0.1:49487)
21:20:57.125 [pool-1-thread-1] DEBUG com.mnc.udp.UDPServer - UDP-Server: Message-76-62
21:20:57.125 [pool-1-thread-1] DEBUG com.mnc.udp.UDPServer - UDP-Server: Message-76-62 -> Message-76-62 (/127.0.0.1:49501)
21:20:57.124 [pool-1-thread-2] DEBUG com.mnc.udp.UDPServer - UDP-Server: Message-97-28
21:20:57.125 [pool-1-thread-2] DEBUG com.mnc.udp.UDPServer - UDP-Server: Message-97-28 -> Message-97-28 (/127.0.0.1:49522)
21:20:57.125 [pool-1-thread-2] DEBUG com.mnc.udp.UDPServer - UDP-Server: Message-71-44
21:20:57.125 [pool-1-thread-2] DEBUG com.mnc.udp.UDPServer - UDP-Server: Message-71-44 -> Message-71-44 (/127.0.0.1:49496)
21:20:57.125 [pool-1-thread-3] DEBUG com.mnc.udp.UDPServer - UDP-Server: Message-75-35
21:20:57.125 [pool-1-thread-5] DEBUG com.mnc.udp.UDPServer - UDP-Server: Message-36-64
21:20:57.125 [pool-1-thread-3] DEBUG com.mnc.udp.UDPServer - UDP-Server: Message-75-35 -> Message-75-35 (/127.0.0.1:49500)
21:20:57.125 [pool-1-thread-4] DEBUG com.mnc.udp.UDPServer - UDP-Server: Message-68-94
21:20:57.125 [pool-1-thread-2] DEBUG com.mnc.udp.UDPServer - UDP-Server: Message-62-1
21:20:57.125 [pool-1-thread-3] DEBUG com.mnc.udp.UDPServer - UDP-Server: Message-76-66
21:20:57.125 [pool-1-thread-2] DEBUG com.mnc.udp.UDPServer - UDP-Server: Message-62-1 -> Message-62-1 (/127.0.0.1:49487)
21:20:57.125 [pool-1-thread-5] DEBUG com.mnc.udp.UDPServer - UDP-Server: Message-36-64 -> Message-36-64 (/127.0.0.1:49461)
21:20:57.125 [pool-1-thread-1] DEBUG com.mnc.udp.UDPServer - UDP-Server: Message-24-64
21:20:57.125 [pool-1-thread-2] DEBUG com.mnc.udp.UDPServer - UDP-Server: Message-97-29
21:20:57.125 [pool-1-thread-4] DEBUG com.mnc.udp.UDPServer - UDP-Server: Message-68-94 -> Message-68-94 (/127.0.0.1:49493)
21:20:57.125 [pool-1-thread-3] DEBUG com.mnc.udp.UDPServer - UDP-Server: Message-76-66 -> Message-76-66 (/127.0.0.1:49501)
21:20:57.125 [pool-1-thread-1] DEBUG com.mnc.udp.UDPServer - UDP-Server: Message-24-64 -> Message-24-64 (/127.0.0.1:49449)
21:20:57.125 [pool-1-thread-5] DEBUG com.mnc.udp.UDPServer - UDP-Server: Message-71-45
21:20:57.125 [pool-1-thread-2] DEBUG com.mnc.udp.UDPServer - UDP-Server: Message-97-29 -> Message-97-29 (/127.0.0.1:49522)
21:20:57.125 [pool-1-thread-5] DEBUG com.mnc.udp.UDPServer - UDP-Server: Message-71-45 -> Message-71-45 (/127.0.0.1:49496)
21:20:57.125 [pool-1-thread-4] DEBUG com.mnc.udp.UDPServer - UDP-Server: Message-75-36
21:20:57.125 [pool-1-thread-2] DEBUG com.mnc.udp.UDPServer - UDP-Server: Message-76-67
21:20:57.125 [pool-1-thread-5] DEBUG com.mnc.udp.UDPServer - UDP-Server: Message-68-95
21:20:57.125 [pool-1-thread-2] DEBUG com.mnc.udp.UDPServer - UDP-Server: Message-76-67 -> Message-76-67 (/127.0.0.1:49501)
21:20:57.125 [pool-1-thread-3] DEBUG com.mnc.udp.UDPServer - UDP-Server: Message-62-2
21:20:57.125 [pool-1-thread-3] DEBUG com.mnc.udp.UDPServer - UDP-Server: Message-62-2 -> Message-62-2 (/127.0.0.1:49487)
21:20:57.125 [pool-1-thread-2] DEBUG com.mnc.udp.UDPServer - UDP-Server: Message-24-62
21:20:57.125 [pool-1-thread-2] DEBUG com.mnc.udp.UDPServer - UDP-Server: Message-24-62 -> Message-24-62 (/127.0.0.1:49449)
21:20:57.125 [pool-1-thread-1] DEBUG com.mnc.udp.UDPServer - UDP-Server: Message-36-62
21:20:57.125 [pool-1-thread-2] DEBUG com.mnc.udp.UDPServer - UDP-Server: Message-71-43
21:20:57.125 [pool-1-thread-4] DEBUG com.mnc.udp.UDPServer - UDP-Server: Message-75-36 -> Message-75-36 (/127.0.0.1:49500)
21:20:57.125 [pool-1-thread-5] DEBUG com.mnc.udp.UDPServer - UDP-Server: Message-68-95 -> Message-68-95 (/127.0.0.1:49493)
21:20:57.125 [pool-1-thread-3] DEBUG com.mnc.udp.UDPServer - UDP-Server: Message-97-30
21:20:57.125 [pool-1-thread-5] DEBUG com.mnc.udp.UDPServer - UDP-Server: Message-62-0
21:20:57.125 [pool-1-thread-5] DEBUG com.mnc.udp.UDPServer - UDP-Server: Message-62-0 -> Message-62-0 (/127.0.0.1:49487)
21:20:57.125 [pool-1-thread-1] DEBUG com.mnc.udp.UDPServer - UDP-Server: Message-36-62 -> Message-36-62 (/127.0.0.1:49461)
21:20:57.125 [pool-1-thread-5] DEBUG com.mnc.udp.UDPServer - UDP-Server: Message-24-66
21:20:57.125 [pool-1-thread-1] DEBUG com.mnc.udp.UDPServer - UDP-Server: Message-75-34
21:20:57.125 [pool-1-thread-1] DEBUG com.mnc.udp.UDPServer - UDP-Server: Message-75-34 -> Message-75-34 (/127.0.0.1:49500)
21:20:57.125 [pool-1-thread-2] DEBUG com.mnc.udp.UDPServer - UDP-Server: Message-71-43 -> Message-71-43 (/127.0.0.1:49496)
21:20:57.125 [pool-1-thread-1] DEBUG com.mnc.udp.UDPServer - UDP-Server: Message-68-29
21:20:57.125 [pool-1-thread-4] DEBUG com.mnc.udp.UDPServer - UDP-Server: Message-53-32
21:20:57.125 [pool-1-thread-4] DEBUG com.mnc.udp.UDPServer - UDP-Server: Message-53-32 -> Message-53-32 (/127.0.0.1:49478)
21:20:57.125 [pool-1-thread-3] DEBUG com.mnc.udp.UDPServer - UDP-Server: Message-97-30 -> Message-97-30 (/127.0.0.1:49522)
21:20:57.125 [pool-1-thread-5] DEBUG com.mnc.udp.UDPServer - UDP-Server: Message-24-66 -> Message-24-66 (/127.0.0.1:49449)
21:20:57.125 [pool-1-thread-1] DEBUG com.mnc.udp.UDPServer - UDP-Server: Message-68-29 -> Message-68-29 (/127.0.0.1:49493)
21:20:57.125 [pool-1-thread-2] DEBUG com.mnc.udp.UDPServer - UDP-Server: Message-36-66
21:20:57.125 [pool-1-thread-4] DEBUG com.mnc.udp.UDPServer - UDP-Server: Message-71-90
21:20:57.125 [pool-1-thread-3] DEBUG com.mnc.udp.UDPServer - UDP-Server: Message-75-15
21:20:57.125 [pool-1-thread-1] DEBUG com.mnc.udp.UDPServer - UDP-Server: Message-97-26
21:20:57.125 [pool-1-thread-3] DEBUG com.mnc.udp.UDPServer - UDP-Server: Message-75-15 -> Message-75-15 (/127.0.0.1:49500)
21:20:57.125 [pool-1-thread-2] DEBUG com.mnc.udp.UDPServer - UDP-Server: Message-36-66 -> Message-36-66 (/127.0.0.1:49461)
21:20:57.125 [pool-1-thread-3] DEBUG com.mnc.udp.UDPServer - UDP-Server: Message-24-67
21:20:57.125 [pool-1-thread-4] DEBUG com.mnc.udp.UDPServer - UDP-Server: Message-71-90 -> Message-71-90 (/127.0.0.1:49496)
21:20:57.125 [pool-1-thread-5] DEBUG com.mnc.udp.UDPServer - UDP-Server: Message-53-33
21:20:57.125 [pool-1-thread-1] DEBUG com.mnc.udp.UDPServer - UDP-Server: Message-97-26 -> Message-97-26 (/127.0.0.1:49522)
21:20:57.125 [pool-1-thread-2] DEBUG com.mnc.udp.UDPServer - UDP-Server: Message-68-30
21:20:57.126 [pool-1-thread-5] DEBUG com.mnc.udp.UDPServer - UDP-Server: Message-53-33 -> Message-53-33 (/127.0.0.1:49478)
21:20:57.126 [pool-1-thread-4] DEBUG com.mnc.udp.UDPServer - UDP-Server: Message-75-28
21:20:57.126 [pool-1-thread-4] DEBUG com.mnc.udp.UDPServer - UDP-Server: Message-75-28 -> Message-75-28 (/127.0.0.1:49500)
21:20:57.125 [pool-1-thread-3] DEBUG com.mnc.udp.UDPServer - UDP-Server: Message-24-67 -> Message-24-67 (/127.0.0.1:49449)
21:20:57.126 [pool-1-thread-2] DEBUG com.mnc.udp.UDPServer - UDP-Server: Message-68-30 -> Message-68-30 (/127.0.0.1:49493)
21:20:57.126 [pool-1-thread-1] DEBUG com.mnc.udp.UDPServer - UDP-Server: Message-36-67
21:20:57.126 [pool-1-thread-5] DEBUG com.mnc.udp.UDPServer - UDP-Server: Message-71-48
21:20:57.126 [pool-1-thread-1] DEBUG com.mnc.udp.UDPServer - UDP-Server: Message-36-67 -> Message-36-67 (/127.0.0.1:49461)
21:20:57.126 [pool-1-thread-3] DEBUG com.mnc.udp.UDPServer - UDP-Server: Message-97-27
21:20:57.126 [pool-1-thread-5] DEBUG com.mnc.udp.UDPServer - UDP-Server: Message-71-48 -> Message-71-48 (/127.0.0.1:49496)
21:20:57.126 [pool-1-thread-3] DEBUG com.mnc.udp.UDPServer - UDP-Server: Message-97-27 -> Message-97-27 (/127.0.0.1:49522)
21:20:57.126 [pool-1-thread-2] DEBUG com.mnc.udp.UDPServer - UDP-Server: Message-53-31
21:20:57.126 [pool-1-thread-2] DEBUG com.mnc.udp.UDPServer - UDP-Server: Message-53-31 -> Message-53-31 (/127.0.0.1:49478)
21:20:57.126 [pool-1-thread-3] DEBUG com.mnc.udp.UDPServer - UDP-Server: Message-68-26
21:20:57.126 [pool-1-thread-5] DEBUG com.mnc.udp.UDPServer - UDP-Server: Message-92-32
21:20:57.126 [pool-1-thread-3] DEBUG com.mnc.udp.UDPServer - UDP-Server: Message-68-26 -> Message-68-26 (/127.0.0.1:49493)
21:20:57.126 [pool-1-thread-1] DEBUG com.mnc.udp.UDPServer - UDP-Server: Message-75-29
21:20:57.126 [pool-1-thread-1] DEBUG com.mnc.udp.UDPServer - UDP-Server: Message-75-29 -> Message-75-29 (/127.0.0.1:49500)
21:20:57.126 [pool-1-thread-5] DEBUG com.mnc.udp.UDPServer - UDP-Server: Message-92-32 -> Message-92-32 (/127.0.0.1:49517)
21:20:57.126 [pool-1-thread-2] DEBUG com.mnc.udp.UDPServer - UDP-Server: Message-91-32
21:20:57.126 [pool-1-thread-2] DEBUG com.mnc.udp.UDPServer - UDP-Server: Message-91-32 -> Message-91-32 (/127.0.0.1:49516)
21:20:57.126 [pool-1-thread-4] DEBUG com.mnc.udp.UDPServer - UDP-Server: Message-71-49
21:20:57.126 [pool-1-thread-4] DEBUG com.mnc.udp.UDPServer - UDP-Server: Message-71-49 -> Message-71-49 (/127.0.0.1:49496)
21:20:57.126 [pool-1-thread-3] DEBUG com.mnc.udp.UDPServer - UDP-Server: Message-97-25
21:20:57.126 [pool-1-thread-3] DEBUG com.mnc.udp.UDPServer - UDP-Server: Message-97-25 -> Message-97-25 (/127.0.0.1:49522)
21:20:57.126 [pool-1-thread-5] DEBUG com.mnc.udp.UDPServer - UDP-Server: Message-68-27
21:20:57.126 [pool-1-thread-2] DEBUG com.mnc.udp.UDPServer - UDP-Server: Message-75-30
21:20:57.126 [pool-1-thread-3] DEBUG com.mnc.udp.UDPServer - UDP-Server: Message-91-33
21:20:57.126 [pool-1-thread-4] DEBUG com.mnc.udp.UDPServer - UDP-Server: Message-53-35
21:20:57.126 [pool-1-thread-5] DEBUG com.mnc.udp.UDPServer - UDP-Server: Message-68-27 -> Message-68-27 (/127.0.0.1:49493)
21:20:57.126 [pool-1-thread-1] DEBUG com.mnc.udp.UDPServer - UDP-Server: Message-92-33
21:20:57.126 [pool-1-thread-1] DEBUG com.mnc.udp.UDPServer - UDP-Server: Message-92-33 -> Message-92-33 (/127.0.0.1:49517)
21:20:57.126 [pool-1-thread-5] DEBUG com.mnc.udp.UDPServer - UDP-Server: Message-71-46
21:20:57.126 [pool-1-thread-2] DEBUG com.mnc.udp.UDPServer - UDP-Server: Message-75-30 -> Message-75-30 (/127.0.0.1:49500)
21:20:57.126 [pool-1-thread-1] DEBUG com.mnc.udp.UDPServer - UDP-Server: Message-97-44
21:20:57.126 [pool-1-thread-1] DEBUG com.mnc.udp.UDPServer - UDP-Server: Message-97-44 -> Message-97-44 (/127.0.0.1:49522)
21:20:57.126 [pool-1-thread-3] DEBUG com.mnc.udp.UDPServer - UDP-Server: Message-91-33 -> Message-91-33 (/127.0.0.1:49516)
21:20:57.126 [pool-1-thread-4] DEBUG com.mnc.udp.UDPServer - UDP-Server: Message-53-35 -> Message-53-35 (/127.0.0.1:49478)
21:20:57.126 [pool-1-thread-5] DEBUG com.mnc.udp.UDPServer - UDP-Server: Message-71-46 -> Message-71-46 (/127.0.0.1:49496)
21:20:57.126 [pool-1-thread-2] DEBUG com.mnc.udp.UDPServer - UDP-Server: Message-68-25
21:20:57.126 [pool-1-thread-1] DEBUG com.mnc.udp.UDPServer - UDP-Server: Message-92-31
21:20:57.126 [pool-1-thread-5] DEBUG com.mnc.udp.UDPServer - UDP-Server: Message-97-45
21:20:57.126 [pool-1-thread-1] DEBUG com.mnc.udp.UDPServer - UDP-Server: Message-92-31 -> Message-92-31 (/127.0.0.1:49517)
21:20:57.126 [pool-1-thread-3] DEBUG com.mnc.udp.UDPServer - UDP-Server: Message-75-26
21:20:57.126 [pool-1-thread-4] DEBUG com.mnc.udp.UDPServer - UDP-Server: Message-53-36
21:20:57.126 [pool-1-thread-1] DEBUG com.mnc.udp.UDPServer - UDP-Server: Message-91-31
21:20:57.126 [pool-1-thread-1] DEBUG com.mnc.udp.UDPServer - UDP-Server: Message-91-31 -> Message-91-31 (/127.0.0.1:49516)
21:20:57.126 [pool-1-thread-2] DEBUG com.mnc.udp.UDPServer - UDP-Server: Message-68-25 -> Message-68-25 (/127.0.0.1:49493)
21:20:57.126 [pool-1-thread-1] DEBUG com.mnc.udp.UDPServer - UDP-Server: Message-71-47
21:20:57.126 [pool-1-thread-5] DEBUG com.mnc.udp.UDPServer - UDP-Server: Message-97-45 -> Message-97-45 (/127.0.0.1:49522)
21:20:57.126 [pool-1-thread-3] DEBUG com.mnc.udp.UDPServer - UDP-Server: Message-75-26 -> Message-75-26 (/127.0.0.1:49500)
21:20:57.126 [pool-1-thread-4] DEBUG com.mnc.udp.UDPServer - UDP-Server: Message-53-36 -> Message-53-36 (/127.0.0.1:49478)
21:20:57.126 [pool-1-thread-1] DEBUG com.mnc.udp.UDPServer - UDP-Server: Message-71-47 -> Message-71-47 (/127.0.0.1:49496)
21:20:57.126 [pool-1-thread-2] DEBUG com.mnc.udp.UDPServer - UDP-Server: Message-92-35
21:20:57.126 [pool-1-thread-3] DEBUG com.mnc.udp.UDPServer - UDP-Server: Message-68-93
21:20:57.126 [pool-1-thread-4] DEBUG com.mnc.udp.UDPServer - UDP-Server: Message-91-35
21:20:57.126 [pool-1-thread-5] DEBUG com.mnc.udp.UDPServer - UDP-Server: Message-97-43
21:20:57.126 [pool-1-thread-1] DEBUG com.mnc.udp.UDPServer - UDP-Server: Message-75-27
21:20:57.126 [pool-1-thread-2] DEBUG com.mnc.udp.UDPServer - UDP-Server: Message-92-35 -> Message-92-35 (/127.0.0.1:49517)
21:20:57.126 [pool-1-thread-4] DEBUG com.mnc.udp.UDPServer - UDP-Server: Message-91-35 -> Message-91-35 (/127.0.0.1:49516)
21:20:57.126 [pool-1-thread-3] DEBUG com.mnc.udp.UDPServer - UDP-Server: Message-68-93 -> Message-68-93 (/127.0.0.1:49493)
21:20:57.127 [pool-1-thread-5] DEBUG com.mnc.udp.UDPServer - UDP-Server: Message-97-43 -> Message-97-43 (/127.0.0.1:49522)
21:20:57.127 [pool-1-thread-1] DEBUG com.mnc.udp.UDPServer - UDP-Server: Message-75-27 -> Message-75-27 (/127.0.0.1:49500)
21:20:57.127 [pool-1-thread-3] DEBUG com.mnc.udp.UDPServer - UDP-Server: Message-71-40
21:20:57.127 [pool-1-thread-2] DEBUG com.mnc.udp.UDPServer - UDP-Server: Message-53-34
21:20:57.127 [pool-1-thread-3] DEBUG com.mnc.udp.UDPServer - UDP-Server: Message-71-40 -> Message-71-40 (/127.0.0.1:49496)
21:20:57.127 [pool-1-thread-5] DEBUG com.mnc.udp.UDPServer - UDP-Server: Message-91-36
21:20:57.127 [pool-1-thread-5] DEBUG com.mnc.udp.UDPServer - UDP-Server: Message-91-36 -> Message-91-36 (/127.0.0.1:49516)
21:20:57.127 [pool-1-thread-2] DEBUG com.mnc.udp.UDPServer - UDP-Server: Message-53-34 -> Message-53-34 (/127.0.0.1:49478)
21:20:57.127 [pool-1-thread-5] DEBUG com.mnc.udp.UDPServer - UDP-Server: Message-97-48
21:20:57.127 [pool-1-thread-3] DEBUG com.mnc.udp.UDPServer - UDP-Server: Message-75-25
21:20:57.127 [pool-1-thread-4] DEBUG com.mnc.udp.UDPServer - UDP-Server: Message-92-36
21:20:57.127 [pool-1-thread-3] DEBUG com.mnc.udp.UDPServer - UDP-Server: Message-75-25 -> Message-75-25 (/127.0.0.1:49500)
21:20:57.127 [pool-1-thread-1] DEBUG com.mnc.udp.UDPServer - UDP-Server: Message-68-82
21:20:57.127 [pool-1-thread-3] DEBUG com.mnc.udp.UDPServer - UDP-Server: Message-91-34
21:20:57.127 [pool-1-thread-5] DEBUG com.mnc.udp.UDPServer - UDP-Server: Message-97-48 -> Message-97-48 (/127.0.0.1:49522)
21:20:57.127 [pool-1-thread-4] DEBUG com.mnc.udp.UDPServer - UDP-Server: Message-92-36 -> Message-92-36 (/127.0.0.1:49517)
21:20:57.127 [pool-1-thread-2] DEBUG com.mnc.udp.UDPServer - UDP-Server: Message-71-41
21:20:57.127 [pool-1-thread-5] DEBUG com.mnc.udp.UDPServer - UDP-Server: Message-53-28
21:20:57.127 [pool-1-thread-1] DEBUG com.mnc.udp.UDPServer - UDP-Server: Message-68-82 -> Message-68-82 (/127.0.0.1:49493)
21:20:57.127 [pool-1-thread-4] DEBUG com.mnc.udp.UDPServer - UDP-Server: Message-75-90
21:20:57.127 [pool-1-thread-4] DEBUG com.mnc.udp.UDPServer - UDP-Server: Message-75-90 -> Message-75-90 (/127.0.0.1:49500)
21:20:57.127 [pool-1-thread-3] DEBUG com.mnc.udp.UDPServer - UDP-Server: Message-91-34 -> Message-91-34 (/127.0.0.1:49516)
21:20:57.127 [pool-1-thread-2] DEBUG com.mnc.udp.UDPServer - UDP-Server: Message-71-41 -> Message-71-41 (/127.0.0.1:49496)
21:20:57.127 [pool-1-thread-5] DEBUG com.mnc.udp.UDPServer - UDP-Server: Message-53-28 -> Message-53-28 (/127.0.0.1:49478)
21:20:57.127 [pool-1-thread-1] DEBUG com.mnc.udp.UDPServer - UDP-Server: Message-92-34
21:20:57.127 [pool-1-thread-2] DEBUG com.mnc.udp.UDPServer - UDP-Server: Message-75-44
21:20:57.127 [pool-1-thread-4] DEBUG com.mnc.udp.UDPServer - UDP-Server: Message-97-49
21:20:57.127 [pool-1-thread-5] DEBUG com.mnc.udp.UDPServer - UDP-Server: Message-91-28
21:20:57.127 [pool-1-thread-3] DEBUG com.mnc.udp.UDPServer - UDP-Server: Message-68-83
21:20:57.127 [pool-1-thread-2] DEBUG com.mnc.udp.UDPServer - UDP-Server: Message-75-44 -> Message-75-44 (/127.0.0.1:49500)
21:20:57.127 [pool-1-thread-3] DEBUG com.mnc.udp.UDPServer - UDP-Server: Message-68-83 -> Message-68-83 (/127.0.0.1:49493)
21:20:57.127 [pool-1-thread-1] DEBUG com.mnc.udp.UDPServer - UDP-Server: Message-92-34 -> Message-92-34 (/127.0.0.1:49517)
21:20:57.127 [pool-1-thread-3] DEBUG com.mnc.udp.UDPServer - UDP-Server: Message-53-29
21:20:57.127 [pool-1-thread-3] DEBUG com.mnc.udp.UDPServer - UDP-Server: Message-53-29 -> Message-53-29 (/127.0.0.1:49478)
21:20:57.127 [pool-1-thread-4] DEBUG com.mnc.udp.UDPServer - UDP-Server: Message-97-49 -> Message-97-49 (/127.0.0.1:49522)
21:20:57.127 [pool-1-thread-3] DEBUG com.mnc.udp.UDPServer - UDP-Server: Message-75-45
21:20:57.127 [pool-1-thread-5] DEBUG com.mnc.udp.UDPServer - UDP-Server: Message-91-28 -> Message-91-28 (/127.0.0.1:49516)
21:20:57.127 [pool-1-thread-3] DEBUG com.mnc.udp.UDPServer - UDP-Server: Message-75-45 -> Message-75-45 (/127.0.0.1:49500)
21:20:57.127 [pool-1-thread-2] DEBUG com.mnc.udp.UDPServer - UDP-Server: Message-71-42
21:20:57.127 [pool-1-thread-5] DEBUG com.mnc.udp.UDPServer - UDP-Server: Message-53-30
21:20:57.127 [pool-1-thread-1] DEBUG com.mnc.udp.UDPServer - UDP-Server: Message-68-81
21:20:57.127 [pool-1-thread-2] DEBUG com.mnc.udp.UDPServer - UDP-Server: Message-71-42 -> Message-71-42 (/127.0.0.1:49496)
21:20:57.127 [pool-1-thread-4] DEBUG com.mnc.udp.UDPServer - UDP-Server: Message-92-28
21:20:57.127 [pool-1-thread-3] DEBUG com.mnc.udp.UDPServer - UDP-Server: Message-97-46
21:20:57.127 [pool-1-thread-4] DEBUG com.mnc.udp.UDPServer - UDP-Server: Message-92-28 -> Message-92-28 (/127.0.0.1:49517)
21:20:57.127 [pool-1-thread-5] DEBUG com.mnc.udp.UDPServer - UDP-Server: Message-53-30 -> Message-53-30 (/127.0.0.1:49478)
21:20:57.127 [pool-1-thread-1] DEBUG com.mnc.udp.UDPServer - UDP-Server: Message-68-81 -> Message-68-81 (/127.0.0.1:49493)
21:20:57.127 [pool-1-thread-3] DEBUG com.mnc.udp.UDPServer - UDP-Server: Message-97-46 -> Message-97-46 (/127.0.0.1:49522)
21:20:57.127 [pool-1-thread-2] DEBUG com.mnc.udp.UDPServer - UDP-Server: Message-91-29
21:20:57.127 [pool-1-thread-5] DEBUG com.mnc.udp.UDPServer - UDP-Server: Message-75-43
21:20:57.127 [pool-1-thread-2] DEBUG com.mnc.udp.UDPServer - UDP-Server: Message-91-29 -> Message-91-29 (/127.0.0.1:49516)
21:20:57.127 [pool-1-thread-3] DEBUG com.mnc.udp.UDPServer - UDP-Server: Message-71-91
21:20:57.127 [pool-1-thread-4] DEBUG com.mnc.udp.UDPServer - UDP-Server: Message-53-26
21:20:57.127 [pool-1-thread-3] DEBUG com.mnc.udp.UDPServer - UDP-Server: Message-71-91 -> Message-71-91 (/127.0.0.1:49496)
21:20:57.127 [pool-1-thread-2] DEBUG com.mnc.udp.UDPServer - UDP-Server: Message-97-47
21:20:57.127 [pool-1-thread-2] DEBUG com.mnc.udp.UDPServer - UDP-Server: Message-97-47 -> Message-97-47 (/127.0.0.1:49522)
21:20:57.127 [pool-1-thread-5] DEBUG com.mnc.udp.UDPServer - UDP-Server: Message-75-43 -> Message-75-43 (/127.0.0.1:49500)
21:20:57.127 [pool-1-thread-1] DEBUG com.mnc.udp.UDPServer - UDP-Server: Message-92-29
21:20:57.127 [pool-1-thread-5] DEBUG com.mnc.udp.UDPServer - UDP-Server: Message-91-30
21:20:57.127 [pool-1-thread-4] DEBUG com.mnc.udp.UDPServer - UDP-Server: Message-53-26 -> Message-53-26 (/127.0.0.1:49478)
21:20:57.127 [pool-1-thread-2] DEBUG com.mnc.udp.UDPServer - UDP-Server: Message-71-38
21:20:57.127 [pool-1-thread-3] DEBUG com.mnc.udp.UDPServer - UDP-Server: Message-68-44
21:20:57.127 [pool-1-thread-1] DEBUG com.mnc.udp.UDPServer - UDP-Server: Message-92-29 -> Message-92-29 (/127.0.0.1:49517)
21:20:57.127 [pool-1-thread-5] DEBUG com.mnc.udp.UDPServer - UDP-Server: Message-91-30 -> Message-91-30 (/127.0.0.1:49516)
21:20:57.127 [pool-1-thread-1] DEBUG com.mnc.udp.UDPServer - UDP-Server: Message-75-48
21:20:57.127 [pool-1-thread-1] DEBUG com.mnc.udp.UDPServer - UDP-Server: Message-75-48 -> Message-75-48 (/127.0.0.1:49500)
21:20:57.127 [pool-1-thread-2] DEBUG com.mnc.udp.UDPServer - UDP-Server: Message-71-38 -> Message-71-38 (/127.0.0.1:49496)
21:20:57.127 [pool-1-thread-5] DEBUG com.mnc.udp.UDPServer - UDP-Server: Message-53-27
21:20:57.127 [pool-1-thread-5] DEBUG com.mnc.udp.UDPServer - UDP-Server: Message-53-27 -> Message-53-27 (/127.0.0.1:49478)
21:20:57.127 [pool-1-thread-3] DEBUG com.mnc.udp.UDPServer - UDP-Server: Message-68-44 -> Message-68-44 (/127.0.0.1:49493)
21:20:57.127 [pool-1-thread-2] DEBUG com.mnc.udp.UDPServer - UDP-Server: Message-91-26
21:20:57.127 [pool-1-thread-4] DEBUG com.mnc.udp.UDPServer - UDP-Server: Message-97-40
21:20:57.128 [pool-1-thread-3] DEBUG com.mnc.udp.UDPServer - UDP-Server: Message-71-39
21:20:57.127 [pool-1-thread-1] DEBUG com.mnc.udp.UDPServer - UDP-Server: Message-92-30
21:20:57.128 [pool-1-thread-1] DEBUG com.mnc.udp.UDPServer - UDP-Server: Message-92-30 -> Message-92-30 (/127.0.0.1:49517)
21:20:57.127 [pool-1-thread-5] DEBUG com.mnc.udp.UDPServer - UDP-Server: Message-75-49
21:20:57.128 [pool-1-thread-2] DEBUG com.mnc.udp.UDPServer - UDP-Server: Message-91-26 -> Message-91-26 (/127.0.0.1:49516)
21:20:57.128 [pool-1-thread-4] DEBUG com.mnc.udp.UDPServer - UDP-Server: Message-97-40 -> Message-97-40 (/127.0.0.1:49522)
21:20:57.128 [pool-1-thread-3] DEBUG com.mnc.udp.UDPServer - UDP-Server: Message-71-39 -> Message-71-39 (/127.0.0.1:49496)
21:20:57.128 [pool-1-thread-2] DEBUG com.mnc.udp.UDPServer - UDP-Server: Message-68-45
21:20:57.128 [pool-1-thread-5] DEBUG com.mnc.udp.UDPServer - UDP-Server: Message-75-49 -> Message-75-49 (/127.0.0.1:49500)
21:20:57.128 [pool-1-thread-1] DEBUG com.mnc.udp.UDPServer - UDP-Server: Message-53-25
21:20:57.128 [pool-1-thread-4] DEBUG com.mnc.udp.UDPServer - UDP-Server: Message-92-26
21:20:57.128 [pool-1-thread-2] DEBUG com.mnc.udp.UDPServer - UDP-Server: Message-68-45 -> Message-68-45 (/127.0.0.1:49493)
21:20:57.128 [pool-1-thread-3] DEBUG com.mnc.udp.UDPServer - UDP-Server: Message-97-41
21:20:57.128 [pool-1-thread-3] DEBUG com.mnc.udp.UDPServer - UDP-Server: Message-97-41 -> Message-97-41 (/127.0.0.1:49522)
21:20:57.128 [pool-1-thread-1] DEBUG com.mnc.udp.UDPServer - UDP-Server: Message-53-25 -> Message-53-25 (/127.0.0.1:49478)
21:20:57.128 [pool-1-thread-5] DEBUG com.mnc.udp.UDPServer - UDP-Server: Message-91-27
21:20:57.128 [pool-1-thread-4] DEBUG com.mnc.udp.UDPServer - UDP-Server: Message-92-26 -> Message-92-26 (/127.0.0.1:49517)
21:20:57.128 [pool-1-thread-5] DEBUG com.mnc.udp.UDPServer - UDP-Server: Message-91-27 -> Message-91-27 (/127.0.0.1:49516)
21:20:57.128 [pool-1-thread-2] DEBUG com.mnc.udp.UDPServer - UDP-Server: Message-71-92
21:20:57.128 [pool-1-thread-5] DEBUG com.mnc.udp.UDPServer - UDP-Server: Message-68-43
21:20:57.128 [pool-1-thread-2] DEBUG com.mnc.udp.UDPServer - UDP-Server: Message-71-92 -> Message-71-92 (/127.0.0.1:49496)
21:20:57.128 [pool-1-thread-1] DEBUG com.mnc.udp.UDPServer - UDP-Server: Message-75-46
21:20:57.128 [pool-1-thread-5] DEBUG com.mnc.udp.UDPServer - UDP-Server: Message-68-43 -> Message-68-43 (/127.0.0.1:49493)
21:20:57.128 [pool-1-thread-1] DEBUG com.mnc.udp.UDPServer - UDP-Server: Message-75-46 -> Message-75-46 (/127.0.0.1:49500)
21:20:57.128 [pool-1-thread-4] DEBUG com.mnc.udp.UDPServer - UDP-Server: Message-97-42
21:20:57.128 [pool-1-thread-3] DEBUG com.mnc.udp.UDPServer - UDP-Server: Message-53-44
21:20:57.128 [pool-1-thread-2] DEBUG com.mnc.udp.UDPServer - UDP-Server: Message-92-27
21:20:57.128 [pool-1-thread-5] DEBUG com.mnc.udp.UDPServer - UDP-Server: Message-91-25
21:20:57.128 [pool-1-thread-4] DEBUG com.mnc.udp.UDPServer - UDP-Server: Message-97-42 -> Message-97-42 (/127.0.0.1:49522)
21:20:57.128 [pool-1-thread-5] DEBUG com.mnc.udp.UDPServer - UDP-Server: Message-91-25 -> Message-91-25 (/127.0.0.1:49516)
21:20:57.128 [pool-1-thread-1] DEBUG com.mnc.udp.UDPServer - UDP-Server: Message-71-37
21:20:57.128 [pool-1-thread-1] DEBUG com.mnc.udp.UDPServer - UDP-Server: Message-71-37 -> Message-71-37 (/127.0.0.1:49496)
21:20:57.128 [pool-1-thread-3] DEBUG com.mnc.udp.UDPServer - UDP-Server: Message-53-44 -> Message-53-44 (/127.0.0.1:49478)
21:20:57.128 [pool-1-thread-5] DEBUG com.mnc.udp.UDPServer - UDP-Server: Message-68-48
21:20:57.128 [pool-1-thread-2] DEBUG com.mnc.udp.UDPServer - UDP-Server: Message-92-27 -> Message-92-27 (/127.0.0.1:49517)
21:20:57.128 [pool-1-thread-3] DEBUG com.mnc.udp.UDPServer - UDP-Server: Message-75-47
21:20:57.128 [pool-1-thread-5] DEBUG com.mnc.udp.UDPServer - UDP-Server: Message-68-48 -> Message-68-48 (/127.0.0.1:49493)
21:20:57.128 [pool-1-thread-2] DEBUG com.mnc.udp.UDPServer - UDP-Server: Message-97-38
21:20:57.128 [pool-1-thread-4] DEBUG com.mnc.udp.UDPServer - UDP-Server: Message-91-44
21:20:57.128 [pool-1-thread-5] DEBUG com.mnc.udp.UDPServer - UDP-Server: Message-71-15
21:20:57.128 [pool-1-thread-4] DEBUG com.mnc.udp.UDPServer - UDP-Server: Message-91-44 -> Message-91-44 (/127.0.0.1:49516)
21:20:57.128 [pool-1-thread-1] DEBUG com.mnc.udp.UDPServer - UDP-Server: Message-53-45
21:20:57.128 [pool-1-thread-4] DEBUG com.mnc.udp.UDPServer - UDP-Server: Message-92-25
21:20:57.128 [pool-1-thread-3] DEBUG com.mnc.udp.UDPServer - UDP-Server: Message-75-47 -> Message-75-47 (/127.0.0.1:49500)
21:20:57.128 [pool-1-thread-2] DEBUG com.mnc.udp.UDPServer - UDP-Server: Message-97-38 -> Message-97-38 (/127.0.0.1:49522)
21:20:57.128 [pool-1-thread-5] DEBUG com.mnc.udp.UDPServer - UDP-Server: Message-71-15 -> Message-71-15 (/127.0.0.1:49496)
21:20:57.128 [pool-1-thread-2] DEBUG com.mnc.udp.UDPServer - UDP-Server: Message-91-45
21:20:57.128 [pool-1-thread-1] DEBUG com.mnc.udp.UDPServer - UDP-Server: Message-53-45 -> Message-53-45 (/127.0.0.1:49478)
21:20:57.128 [pool-1-thread-4] DEBUG com.mnc.udp.UDPServer - UDP-Server: Message-92-25 -> Message-92-25 (/127.0.0.1:49517)
21:20:57.128 [pool-1-thread-3] DEBUG com.mnc.udp.UDPServer - UDP-Server: Message-68-49
21:20:57.128 [pool-1-thread-2] DEBUG com.mnc.udp.UDPServer - UDP-Server: Message-91-45 -> Message-91-45 (/127.0.0.1:49516)
21:20:57.128 [pool-1-thread-3] DEBUG com.mnc.udp.UDPServer - UDP-Server: Message-68-49 -> Message-68-49 (/127.0.0.1:49493)
21:20:57.128 [pool-1-thread-1] DEBUG com.mnc.udp.UDPServer - UDP-Server: Message-75-16
21:20:57.128 [pool-1-thread-1] DEBUG com.mnc.udp.UDPServer - UDP-Server: Message-75-16 -> Message-75-16 (/127.0.0.1:49500)
21:20:57.128 [pool-1-thread-5] DEBUG com.mnc.udp.UDPServer - UDP-Server: Message-97-39
21:20:57.128 [pool-1-thread-2] DEBUG com.mnc.udp.UDPServer - UDP-Server: Message-53-43
21:20:57.128 [pool-1-thread-2] DEBUG com.mnc.udp.UDPServer - UDP-Server: Message-53-43 -> Message-53-43 (/127.0.0.1:49478)
21:20:57.128 [pool-1-thread-4] DEBUG com.mnc.udp.UDPServer - UDP-Server: Message-92-44
21:20:57.128 [pool-1-thread-3] DEBUG com.mnc.udp.UDPServer - UDP-Server: Message-71-16
21:20:57.128 [pool-1-thread-2] DEBUG com.mnc.udp.UDPServer - UDP-Server: Message-91-43
21:20:57.128 [pool-1-thread-5] DEBUG com.mnc.udp.UDPServer - UDP-Server: Message-97-39 -> Message-97-39 (/127.0.0.1:49522)
21:20:57.128 [pool-1-thread-2] DEBUG com.mnc.udp.UDPServer - UDP-Server: Message-91-43 -> Message-91-43 (/127.0.0.1:49516)
21:20:57.128 [pool-1-thread-4] DEBUG com.mnc.udp.UDPServer - UDP-Server: Message-92-44 -> Message-92-44 (/127.0.0.1:49517)
21:20:57.128 [pool-1-thread-3] DEBUG com.mnc.udp.UDPServer - UDP-Server: Message-71-16 -> Message-71-16 (/127.0.0.1:49496)
21:20:57.128 [pool-1-thread-5] DEBUG com.mnc.udp.UDPServer - UDP-Server: Message-75-17
21:20:57.128 [pool-1-thread-2] DEBUG com.mnc.udp.UDPServer - UDP-Server: Message-68-46
21:20:57.128 [pool-1-thread-3] DEBUG com.mnc.udp.UDPServer - UDP-Server: Message-53-48
21:20:57.128 [pool-1-thread-5] DEBUG com.mnc.udp.UDPServer - UDP-Server: Message-75-17 -> Message-75-17 (/127.0.0.1:49500)
21:20:57.128 [pool-1-thread-2] DEBUG com.mnc.udp.UDPServer - UDP-Server: Message-68-46 -> Message-68-46 (/127.0.0.1:49493)
21:20:57.128 [pool-1-thread-4] DEBUG com.mnc.udp.UDPServer - UDP-Server: Message-92-45
21:20:57.128 [pool-1-thread-5] DEBUG com.mnc.udp.UDPServer - UDP-Server: Message-97-37
21:20:57.128 [pool-1-thread-3] DEBUG com.mnc.udp.UDPServer - UDP-Server: Message-53-48 -> Message-53-48 (/127.0.0.1:49478)
21:20:57.128 [pool-1-thread-4] DEBUG com.mnc.udp.UDPServer - UDP-Server: Message-92-45 -> Message-92-45 (/127.0.0.1:49517)
21:20:57.128 [pool-1-thread-5] DEBUG com.mnc.udp.UDPServer - UDP-Server: Message-97-37 -> Message-97-37 (/127.0.0.1:49522)
21:20:57.128 [pool-1-thread-1] DEBUG com.mnc.udp.UDPServer - UDP-Server: Message-91-48
21:20:57.128 [pool-1-thread-2] DEBUG com.mnc.udp.UDPServer - UDP-Server: Message-71-17
21:20:57.128 [pool-1-thread-1] DEBUG com.mnc.udp.UDPServer - UDP-Server: Message-91-48 -> Message-91-48 (/127.0.0.1:49516)
21:20:57.128 [pool-1-thread-3] DEBUG com.mnc.udp.UDPServer - UDP-Server: Message-75-13
21:20:57.128 [pool-1-thread-5] DEBUG com.mnc.udp.UDPServer - UDP-Server: Message-68-47
21:20:57.128 [pool-1-thread-1] DEBUG com.mnc.udp.UDPServer - UDP-Server: Message-53-49
21:20:57.128 [pool-1-thread-2] DEBUG com.mnc.udp.UDPServer - UDP-Server: Message-71-17 -> Message-71-17 (/127.0.0.1:49496)
21:20:57.128 [pool-1-thread-5] DEBUG com.mnc.udp.UDPServer - UDP-Server: Message-68-47 -> Message-68-47 (/127.0.0.1:49493)
21:20:57.128 [pool-1-thread-4] DEBUG com.mnc.udp.UDPServer - UDP-Server: Message-97-15
21:20:57.128 [pool-1-thread-3] DEBUG com.mnc.udp.UDPServer - UDP-Server: Message-75-13 -> Message-75-13 (/127.0.0.1:49500)
21:20:57.128 [pool-1-thread-1] DEBUG com.mnc.udp.UDPServer - UDP-Server: Message-53-49 -> Message-53-49 (/127.0.0.1:49478)
21:20:57.128 [pool-1-thread-3] DEBUG com.mnc.udp.UDPServer - UDP-Server: Message-91-49
21:20:57.128 [pool-1-thread-3] DEBUG com.mnc.udp.UDPServer - UDP-Server: Message-91-49 -> Message-91-49 (/127.0.0.1:49516)
21:20:57.128 [pool-1-thread-2] DEBUG com.mnc.udp.UDPServer - UDP-Server: Message-92-43
21:20:57.128 [pool-1-thread-4] DEBUG com.mnc.udp.UDPServer - UDP-Server: Message-97-15 -> Message-97-15 (/127.0.0.1:49522)
21:20:57.129 [pool-1-thread-5] DEBUG com.mnc.udp.UDPServer - UDP-Server: Message-71-88
21:20:57.129 [pool-1-thread-1] DEBUG com.mnc.udp.UDPServer - UDP-Server: Message-68-40
21:20:57.129 [pool-1-thread-2] DEBUG com.mnc.udp.UDPServer - UDP-Server: Message-92-43 -> Message-92-43 (/127.0.0.1:49517)
21:20:57.129 [pool-1-thread-1] DEBUG com.mnc.udp.UDPServer - UDP-Server: Message-68-40 -> Message-68-40 (/127.0.0.1:49493)
21:20:57.129 [pool-1-thread-5] DEBUG com.mnc.udp.UDPServer - UDP-Server: Message-71-88 -> Message-71-88 (/127.0.0.1:49496)
21:20:57.129 [pool-1-thread-4] DEBUG com.mnc.udp.UDPServer - UDP-Server: Message-75-40
21:20:57.129 [pool-1-thread-3] DEBUG com.mnc.udp.UDPServer - UDP-Server: Message-53-46
21:20:57.129 [pool-1-thread-2] DEBUG com.mnc.udp.UDPServer - UDP-Server: Message-91-46
21:20:57.129 [pool-1-thread-3] DEBUG com.mnc.udp.UDPServer - UDP-Server: Message-53-46 -> Message-53-46 (/127.0.0.1:49478)
21:20:57.129 [pool-1-thread-4] DEBUG com.mnc.udp.UDPServer - UDP-Server: Message-75-40 -> Message-75-40 (/127.0.0.1:49500)
21:20:57.129 [pool-1-thread-1] DEBUG com.mnc.udp.UDPServer - UDP-Server: Message-97-16
21:20:57.129 [pool-1-thread-4] DEBUG com.mnc.udp.UDPServer - UDP-Server: Message-71-89
21:20:57.129 [pool-1-thread-5] DEBUG com.mnc.udp.UDPServer - UDP-Server: Message-92-48
21:20:57.129 [pool-1-thread-4] DEBUG com.mnc.udp.UDPServer - UDP-Server: Message-71-89 -> Message-71-89 (/127.0.0.1:49496)
21:20:57.129 [pool-1-thread-5] DEBUG com.mnc.udp.UDPServer - UDP-Server: Message-92-48 -> Message-92-48 (/127.0.0.1:49517)
21:20:57.129 [pool-1-thread-2] DEBUG com.mnc.udp.UDPServer - UDP-Server: Message-91-46 -> Message-91-46 (/127.0.0.1:49516)
21:20:57.129 [pool-1-thread-3] DEBUG com.mnc.udp.UDPServer - UDP-Server: Message-68-85
21:20:57.129 [pool-1-thread-5] DEBUG com.mnc.udp.UDPServer - UDP-Server: Message-75-41
21:20:57.129 [pool-1-thread-3] DEBUG com.mnc.udp.UDPServer - UDP-Server: Message-68-85 -> Message-68-85 (/127.0.0.1:49493)
21:20:57.129 [pool-1-thread-1] DEBUG com.mnc.udp.UDPServer - UDP-Server: Message-97-16 -> Message-97-16 (/127.0.0.1:49522)
21:20:57.129 [pool-1-thread-3] DEBUG com.mnc.udp.UDPServer - UDP-Server: Message-71-87
21:20:57.129 [pool-1-thread-2] DEBUG com.mnc.udp.UDPServer - UDP-Server: Message-92-49
21:20:57.129 [pool-1-thread-3] DEBUG com.mnc.udp.UDPServer - UDP-Server: Message-71-87 -> Message-71-87 (/127.0.0.1:49496)
21:20:57.129 [pool-1-thread-1] DEBUG com.mnc.udp.UDPServer - UDP-Server: Message-91-47
21:20:57.129 [pool-1-thread-3] DEBUG com.mnc.udp.UDPServer - UDP-Server: Message-68-86
21:20:57.129 [pool-1-thread-4] DEBUG com.mnc.udp.UDPServer - UDP-Server: Message-53-47
21:20:57.129 [pool-1-thread-3] DEBUG com.mnc.udp.UDPServer - UDP-Server: Message-68-86 -> Message-68-86 (/127.0.0.1:49493)
21:20:57.129 [pool-1-thread-5] DEBUG com.mnc.udp.UDPServer - UDP-Server: Message-75-41 -> Message-75-41 (/127.0.0.1:49500)
21:20:57.129 [pool-1-thread-3] DEBUG com.mnc.udp.UDPServer - UDP-Server: Message-97-17
21:20:57.129 [pool-1-thread-2] DEBUG com.mnc.udp.UDPServer - UDP-Server: Message-92-49 -> Message-92-49 (/127.0.0.1:49517)
21:20:57.129 [pool-1-thread-1] DEBUG com.mnc.udp.UDPServer - UDP-Server: Message-91-47 -> Message-91-47 (/127.0.0.1:49516)
21:20:57.129 [pool-1-thread-5] DEBUG com.mnc.udp.UDPServer - UDP-Server: Message-71-96
21:20:57.129 [pool-1-thread-4] DEBUG com.mnc.udp.UDPServer - UDP-Server: Message-53-47 -> Message-53-47 (/127.0.0.1:49478)
21:20:57.129 [pool-1-thread-3] DEBUG com.mnc.udp.UDPServer - UDP-Server: Message-97-17 -> Message-97-17 (/127.0.0.1:49522)
21:20:57.129 [pool-1-thread-2] DEBUG com.mnc.udp.UDPServer - UDP-Server: Message-68-41
21:20:57.129 [pool-1-thread-2] DEBUG com.mnc.udp.UDPServer - UDP-Server: Message-68-41 -> Message-68-41 (/127.0.0.1:49493)
21:20:57.129 [pool-1-thread-5] DEBUG com.mnc.udp.UDPServer - UDP-Server: Message-71-96 -> Message-71-96 (/127.0.0.1:49496)
21:20:57.129 [pool-1-thread-1] DEBUG com.mnc.udp.UDPServer - UDP-Server: Message-75-42
21:20:57.129 [pool-1-thread-5] DEBUG com.mnc.udp.UDPServer - UDP-Server: Message-53-40
21:20:57.129 [pool-1-thread-1] DEBUG com.mnc.udp.UDPServer - UDP-Server: Message-75-42 -> Message-75-42 (/127.0.0.1:49500)
21:20:57.129 [pool-1-thread-4] DEBUG com.mnc.udp.UDPServer - UDP-Server: Message-92-46
21:20:57.129 [pool-1-thread-2] DEBUG com.mnc.udp.UDPServer - UDP-Server: Message-91-40
21:20:57.129 [pool-1-thread-5] DEBUG com.mnc.udp.UDPServer - UDP-Server: Message-53-40 -> Message-53-40 (/127.0.0.1:49478)
21:20:57.129 [pool-1-thread-3] DEBUG com.mnc.udp.UDPServer - UDP-Server: Message-97-13
21:20:57.129 [pool-1-thread-4] DEBUG com.mnc.udp.UDPServer - UDP-Server: Message-92-46 -> Message-92-46 (/127.0.0.1:49517)
21:20:57.129 [pool-1-thread-5] DEBUG com.mnc.udp.UDPServer - UDP-Server: Message-71-13
21:20:57.129 [pool-1-thread-5] DEBUG com.mnc.udp.UDPServer - UDP-Server: Message-71-13 -> Message-71-13 (/127.0.0.1:49496)
21:20:57.129 [pool-1-thread-1] DEBUG com.mnc.udp.UDPServer - UDP-Server: Message-68-42
21:20:57.129 [pool-1-thread-2] DEBUG com.mnc.udp.UDPServer - UDP-Server: Message-91-40 -> Message-91-40 (/127.0.0.1:49516)
21:20:57.129 [pool-1-thread-3] DEBUG com.mnc.udp.UDPServer - UDP-Server: Message-97-13 -> Message-97-13 (/127.0.0.1:49522)
21:20:57.129 [pool-1-thread-5] DEBUG com.mnc.udp.UDPServer - UDP-Server: Message-53-41
21:20:57.129 [pool-1-thread-4] DEBUG com.mnc.udp.UDPServer - UDP-Server: Message-75-91
21:20:57.129 [pool-1-thread-1] DEBUG com.mnc.udp.UDPServer - UDP-Server: Message-68-42 -> Message-68-42 (/127.0.0.1:49493)
21:20:57.129 [pool-1-thread-3] DEBUG com.mnc.udp.UDPServer - UDP-Server: Message-71-14
21:20:57.129 [pool-1-thread-2] DEBUG com.mnc.udp.UDPServer - UDP-Server: Message-92-47
21:20:57.129 [pool-1-thread-3] DEBUG com.mnc.udp.UDPServer - UDP-Server: Message-71-14 -> Message-71-14 (/127.0.0.1:49496)
21:20:57.129 [pool-1-thread-5] DEBUG com.mnc.udp.UDPServer - UDP-Server: Message-53-41 -> Message-53-41 (/127.0.0.1:49478)
21:20:57.129 [pool-1-thread-1] DEBUG com.mnc.udp.UDPServer - UDP-Server: Message-91-41
21:20:57.129 [pool-1-thread-4] DEBUG com.mnc.udp.UDPServer - UDP-Server: Message-75-91 -> Message-75-91 (/127.0.0.1:49500)
21:20:57.129 [pool-1-thread-1] DEBUG com.mnc.udp.UDPServer - UDP-Server: Message-91-41 -> Message-91-41 (/127.0.0.1:49516)
21:20:57.129 [pool-1-thread-3] DEBUG com.mnc.udp.UDPServer - UDP-Server: Message-97-14
21:20:57.129 [pool-1-thread-2] DEBUG com.mnc.udp.UDPServer - UDP-Server: Message-92-47 -> Message-92-47 (/127.0.0.1:49517)
21:20:57.129 [pool-1-thread-3] DEBUG com.mnc.udp.UDPServer - UDP-Server: Message-97-14 -> Message-97-14 (/127.0.0.1:49522)
21:20:57.129 [pool-1-thread-2] DEBUG com.mnc.udp.UDPServer - UDP-Server: Message-68-84
21:20:57.129 [pool-1-thread-2] DEBUG com.mnc.udp.UDPServer - UDP-Server: Message-68-84 -> Message-68-84 (/127.0.0.1:49493)
21:20:57.129 [pool-1-thread-2] DEBUG com.mnc.udp.UDPServer - UDP-Server: Message-53-42
21:20:57.129 [pool-1-thread-4] DEBUG com.mnc.udp.UDPServer - UDP-Server: Message-75-92
21:20:57.129 [pool-1-thread-2] DEBUG com.mnc.udp.UDPServer - UDP-Server: Message-53-42 -> Message-53-42 (/127.0.0.1:49478)
21:20:57.129 [pool-1-thread-4] DEBUG com.mnc.udp.UDPServer - UDP-Server: Message-75-92 -> Message-75-92 (/127.0.0.1:49500)
21:20:57.129 [pool-1-thread-2] DEBUG com.mnc.udp.UDPServer - UDP-Server: Message-97-12
21:20:57.129 [pool-1-thread-2] DEBUG com.mnc.udp.UDPServer - UDP-Server: Message-97-12 -> Message-97-12 (/127.0.0.1:49522)
21:20:57.129 [pool-1-thread-5] DEBUG com.mnc.udp.UDPServer - UDP-Server: Message-71-12
21:20:57.129 [pool-1-thread-3] DEBUG com.mnc.udp.UDPServer - UDP-Server: Message-92-40
21:20:57.129 [pool-1-thread-1] DEBUG com.mnc.udp.UDPServer - UDP-Server: Message-91-42
21:20:57.129 [pool-1-thread-3] DEBUG com.mnc.udp.UDPServer - UDP-Server: Message-92-40 -> Message-92-40 (/127.0.0.1:49517)
21:20:57.129 [pool-1-thread-4] DEBUG com.mnc.udp.UDPServer - UDP-Server: Message-68-78
21:20:57.129 [pool-1-thread-2] DEBUG com.mnc.udp.UDPServer - UDP-Server: Message-53-38
21:20:57.129 [pool-1-thread-4] DEBUG com.mnc.udp.UDPServer - UDP-Server: Message-68-78 -> Message-68-78 (/127.0.0.1:49493)
21:20:57.129 [pool-1-thread-5] DEBUG com.mnc.udp.UDPServer - UDP-Server: Message-71-12 -> Message-71-12 (/127.0.0.1:49496)
21:20:57.129 [pool-1-thread-1] DEBUG com.mnc.udp.UDPServer - UDP-Server: Message-91-42 -> Message-91-42 (/127.0.0.1:49516)
21:20:57.129 [pool-1-thread-3] DEBUG com.mnc.udp.UDPServer - UDP-Server: Message-75-88
21:20:57.129 [pool-1-thread-2] DEBUG com.mnc.udp.UDPServer - UDP-Server: Message-53-38 -> Message-53-38 (/127.0.0.1:49478)
21:20:57.129 [pool-1-thread-5] DEBUG com.mnc.udp.UDPServer - UDP-Server: Message-92-41
21:20:57.129 [pool-1-thread-4] DEBUG com.mnc.udp.UDPServer - UDP-Server: Message-97-21
21:20:57.129 [pool-1-thread-2] DEBUG com.mnc.udp.UDPServer - UDP-Server: Message-68-79
21:20:57.129 [pool-1-thread-3] DEBUG com.mnc.udp.UDPServer - UDP-Server: Message-75-88 -> Message-75-88 (/127.0.0.1:49500)
21:20:57.129 [pool-1-thread-5] DEBUG com.mnc.udp.UDPServer - UDP-Server: Message-92-41 -> Message-92-41 (/127.0.0.1:49517)
21:20:57.129 [pool-1-thread-4] DEBUG com.mnc.udp.UDPServer - UDP-Server: Message-97-21 -> Message-97-21 (/127.0.0.1:49522)
21:20:57.129 [pool-1-thread-1] DEBUG com.mnc.udp.UDPServer - UDP-Server: Message-71-97
21:20:57.129 [pool-1-thread-2] DEBUG com.mnc.udp.UDPServer - UDP-Server: Message-68-79 -> Message-68-79 (/127.0.0.1:49493)
21:20:57.130 [pool-1-thread-3] DEBUG com.mnc.udp.UDPServer - UDP-Server: Message-91-38
21:20:57.130 [pool-1-thread-5] DEBUG com.mnc.udp.UDPServer - UDP-Server: Message-53-39
21:20:57.130 [pool-1-thread-2] DEBUG com.mnc.udp.UDPServer - UDP-Server: Message-92-42
21:20:57.130 [pool-1-thread-5] DEBUG com.mnc.udp.UDPServer - UDP-Server: Message-53-39 -> Message-53-39 (/127.0.0.1:49478)
21:20:57.130 [pool-1-thread-1] DEBUG com.mnc.udp.UDPServer - UDP-Server: Message-71-97 -> Message-71-97 (/127.0.0.1:49496)
21:20:57.130 [pool-1-thread-2] DEBUG com.mnc.udp.UDPServer - UDP-Server: Message-92-42 -> Message-92-42 (/127.0.0.1:49517)
21:20:57.130 [pool-1-thread-4] DEBUG com.mnc.udp.UDPServer - UDP-Server: Message-75-89
21:20:57.130 [pool-1-thread-4] DEBUG com.mnc.udp.UDPServer - UDP-Server: Message-75-89 -> Message-75-89 (/127.0.0.1:49500)
21:20:57.130 [pool-1-thread-3] DEBUG com.mnc.udp.UDPServer - UDP-Server: Message-91-38 -> Message-91-38 (/127.0.0.1:49516)
21:20:57.130 [pool-1-thread-5] DEBUG com.mnc.udp.UDPServer - UDP-Server: Message-97-22
21:20:57.130 [pool-1-thread-2] DEBUG com.mnc.udp.UDPServer - UDP-Server: Message-53-37
21:20:57.130 [pool-1-thread-4] DEBUG com.mnc.udp.UDPServer - UDP-Server: Message-71-21
21:20:57.130 [pool-1-thread-2] DEBUG com.mnc.udp.UDPServer - UDP-Server: Message-53-37 -> Message-53-37 (/127.0.0.1:49478)
21:20:57.130 [pool-1-thread-1] DEBUG com.mnc.udp.UDPServer - UDP-Server: Message-68-80
21:20:57.130 [pool-1-thread-4] DEBUG com.mnc.udp.UDPServer - UDP-Server: Message-71-21 -> Message-71-21 (/127.0.0.1:49496)
21:20:57.130 [pool-1-thread-5] DEBUG com.mnc.udp.UDPServer - UDP-Server: Message-97-22 -> Message-97-22 (/127.0.0.1:49522)
21:20:57.130 [pool-1-thread-1] DEBUG com.mnc.udp.UDPServer - UDP-Server: Message-68-80 -> Message-68-80 (/127.0.0.1:49493)
21:20:57.130 [pool-1-thread-3] DEBUG com.mnc.udp.UDPServer - UDP-Server: Message-92-38
21:20:57.130 [pool-1-thread-4] DEBUG com.mnc.udp.UDPServer - UDP-Server: Message-75-38
21:20:57.130 [pool-1-thread-3] DEBUG com.mnc.udp.UDPServer - UDP-Server: Message-92-38 -> Message-92-38 (/127.0.0.1:49517)
21:20:57.130 [pool-1-thread-5] DEBUG com.mnc.udp.UDPServer - UDP-Server: Message-53-15
21:20:57.130 [pool-1-thread-3] DEBUG com.mnc.udp.UDPServer - UDP-Server: Message-71-22
21:20:57.130 [pool-1-thread-3] DEBUG com.mnc.udp.UDPServer - UDP-Server: Message-71-22 -> Message-71-22 (/127.0.0.1:49496)
21:20:57.130 [pool-1-thread-2] DEBUG com.mnc.udp.UDPServer - UDP-Server: Message-91-39
21:20:57.130 [pool-1-thread-4] DEBUG com.mnc.udp.UDPServer - UDP-Server: Message-75-38 -> Message-75-38 (/127.0.0.1:49500)
21:20:57.130 [pool-1-thread-2] DEBUG com.mnc.udp.UDPServer - UDP-Server: Message-91-39 -> Message-91-39 (/127.0.0.1:49516)
21:20:57.130 [pool-1-thread-1] DEBUG com.mnc.udp.UDPServer - UDP-Server: Message-97-23
21:20:57.130 [pool-1-thread-4] DEBUG com.mnc.udp.UDPServer - UDP-Server: Message-92-39
21:20:57.130 [pool-1-thread-5] DEBUG com.mnc.udp.UDPServer - UDP-Server: Message-53-15 -> Message-53-15 (/127.0.0.1:49478)
21:20:57.130 [pool-1-thread-1] DEBUG com.mnc.udp.UDPServer - UDP-Server: Message-97-23 -> Message-97-23 (/127.0.0.1:49522)
21:20:57.130 [pool-1-thread-3] DEBUG com.mnc.udp.UDPServer - UDP-Server: Message-68-38
21:20:57.130 [pool-1-thread-4] DEBUG com.mnc.udp.UDPServer - UDP-Server: Message-92-39 -> Message-92-39 (/127.0.0.1:49517)
21:20:57.130 [pool-1-thread-3] DEBUG com.mnc.udp.UDPServer - UDP-Server: Message-68-38 -> Message-68-38 (/127.0.0.1:49493)
21:20:57.130 [pool-1-thread-4] DEBUG com.mnc.udp.UDPServer - UDP-Server: Message-75-39
21:20:57.130 [pool-1-thread-4] DEBUG com.mnc.udp.UDPServer - UDP-Server: Message-75-39 -> Message-75-39 (/127.0.0.1:49500)
21:20:57.130 [pool-1-thread-1] DEBUG com.mnc.udp.UDPServer - UDP-Server: Message-71-23
21:20:57.130 [pool-1-thread-5] DEBUG com.mnc.udp.UDPServer - UDP-Server: Message-53-16
21:20:57.130 [pool-1-thread-2] DEBUG com.mnc.udp.UDPServer - UDP-Server: Message-92-37
21:20:57.130 [pool-1-thread-5] DEBUG com.mnc.udp.UDPServer - UDP-Server: Message-53-16 -> Message-53-16 (/127.0.0.1:49478)
21:20:57.130 [pool-1-thread-3] DEBUG com.mnc.udp.UDPServer - UDP-Server: Message-91-37
21:20:57.130 [pool-1-thread-4] DEBUG com.mnc.udp.UDPServer - UDP-Server: Message-97-24
21:20:57.130 [pool-1-thread-1] DEBUG com.mnc.udp.UDPServer - UDP-Server: Message-71-23 -> Message-71-23 (/127.0.0.1:49496)
21:20:57.130 [pool-1-thread-2] DEBUG com.mnc.udp.UDPServer - UDP-Server: Message-92-37 -> Message-92-37 (/127.0.0.1:49517)
21:20:57.130 [pool-1-thread-1] DEBUG com.mnc.udp.UDPServer - UDP-Server: Message-75-14
21:20:57.130 [pool-1-thread-1] DEBUG com.mnc.udp.UDPServer - UDP-Server: Message-75-14 -> Message-75-14 (/127.0.0.1:49500)
21:20:57.130 [pool-1-thread-5] DEBUG com.mnc.udp.UDPServer - UDP-Server: Message-68-39
21:20:57.130 [pool-1-thread-3] DEBUG com.mnc.udp.UDPServer - UDP-Server: Message-91-37 -> Message-91-37 (/127.0.0.1:49516)
21:20:57.130 [pool-1-thread-4] DEBUG com.mnc.udp.UDPServer - UDP-Server: Message-97-24 -> Message-97-24 (/127.0.0.1:49522)
21:20:57.130 [pool-1-thread-2] DEBUG com.mnc.udp.UDPServer - UDP-Server: Message-53-17
21:20:57.130 [pool-1-thread-3] DEBUG com.mnc.udp.UDPServer - UDP-Server: Message-92-15
21:20:57.130 [pool-1-thread-2] DEBUG com.mnc.udp.UDPServer - UDP-Server: Message-53-17 -> Message-53-17 (/127.0.0.1:49478)
21:20:57.130 [pool-1-thread-5] DEBUG com.mnc.udp.UDPServer - UDP-Server: Message-68-39 -> Message-68-39 (/127.0.0.1:49493)
21:20:57.130 [pool-1-thread-1] DEBUG com.mnc.udp.UDPServer - UDP-Server: Message-71-24
21:20:57.130 [pool-1-thread-4] DEBUG com.mnc.udp.UDPServer - UDP-Server: Message-75-37
21:20:57.130 [pool-1-thread-3] DEBUG com.mnc.udp.UDPServer - UDP-Server: Message-92-15 -> Message-92-15 (/127.0.0.1:49517)
21:20:57.130 [pool-1-thread-4] DEBUG com.mnc.udp.UDPServer - UDP-Server: Message-75-37 -> Message-75-37 (/127.0.0.1:49500)
21:20:57.130 [pool-1-thread-2] DEBUG com.mnc.udp.UDPServer - UDP-Server: Message-91-15
21:20:57.130 [pool-1-thread-3] DEBUG com.mnc.udp.UDPServer - UDP-Server: Message-53-13
21:20:57.130 [pool-1-thread-2] DEBUG com.mnc.udp.UDPServer - UDP-Server: Message-91-15 -> Message-91-15 (/127.0.0.1:49516)
21:20:57.130 [pool-1-thread-1] DEBUG com.mnc.udp.UDPServer - UDP-Server: Message-71-24 -> Message-71-24 (/127.0.0.1:49496)
21:20:57.130 [pool-1-thread-5] DEBUG com.mnc.udp.UDPServer - UDP-Server: Message-97-19
21:20:57.130 [pool-1-thread-4] DEBUG com.mnc.udp.UDPServer - UDP-Server: Message-68-76
21:20:57.130 [pool-1-thread-3] DEBUG com.mnc.udp.UDPServer - UDP-Server: Message-53-13 -> Message-53-13 (/127.0.0.1:49478)
21:20:57.130 [pool-1-thread-4] DEBUG com.mnc.udp.UDPServer - UDP-Server: Message-68-76 -> Message-68-76 (/127.0.0.1:49493)
21:20:57.130 [pool-1-thread-1] DEBUG com.mnc.udp.UDPServer - UDP-Server: Message-91-16
21:20:57.130 [pool-1-thread-5] DEBUG com.mnc.udp.UDPServer - UDP-Server: Message-97-19 -> Message-97-19 (/127.0.0.1:49522)
21:20:57.130 [pool-1-thread-1] DEBUG com.mnc.udp.UDPServer - UDP-Server: Message-91-16 -> Message-91-16 (/127.0.0.1:49516)
21:20:57.130 [pool-1-thread-3] DEBUG com.mnc.udp.UDPServer - UDP-Server: Message-75-87
21:20:57.130 [pool-1-thread-4] DEBUG com.mnc.udp.UDPServer - UDP-Server: Message-71-19
21:20:57.130 [pool-1-thread-2] DEBUG com.mnc.udp.UDPServer - UDP-Server: Message-92-16
21:20:57.130 [pool-1-thread-4] DEBUG com.mnc.udp.UDPServer - UDP-Server: Message-71-19 -> Message-71-19 (/127.0.0.1:49496)
21:20:57.130 [pool-1-thread-2] DEBUG com.mnc.udp.UDPServer - UDP-Server: Message-92-16 -> Message-92-16 (/127.0.0.1:49517)
21:20:57.130 [pool-1-thread-3] DEBUG com.mnc.udp.UDPServer - UDP-Server: Message-75-87 -> Message-75-87 (/127.0.0.1:49500)
21:20:57.130 [pool-1-thread-2] DEBUG com.mnc.udp.UDPServer - UDP-Server: Message-53-14
21:20:57.130 [pool-1-thread-1] DEBUG com.mnc.udp.UDPServer - UDP-Server: Message-68-77
21:20:57.130 [pool-1-thread-2] DEBUG com.mnc.udp.UDPServer - UDP-Server: Message-53-14 -> Message-53-14 (/127.0.0.1:49478)
21:20:57.131 [pool-1-thread-1] DEBUG com.mnc.udp.UDPServer - UDP-Server: Message-68-77 -> Message-68-77 (/127.0.0.1:49493)
21:20:57.131 [pool-1-thread-2] DEBUG com.mnc.udp.UDPServer - UDP-Server: Message-92-17
21:20:57.131 [pool-1-thread-3] DEBUG com.mnc.udp.UDPServer - UDP-Server: Message-71-20
21:20:57.131 [pool-1-thread-2] DEBUG com.mnc.udp.UDPServer - UDP-Server: Message-92-17 -> Message-92-17 (/127.0.0.1:49517)
21:20:57.131 [pool-1-thread-5] DEBUG com.mnc.udp.UDPServer - UDP-Server: Message-91-17
21:20:57.131 [pool-1-thread-4] DEBUG com.mnc.udp.UDPServer - UDP-Server: Message-97-20
21:20:57.131 [pool-1-thread-3] DEBUG com.mnc.udp.UDPServer - UDP-Server: Message-71-20 -> Message-71-20 (/127.0.0.1:49496)
21:20:57.131 [pool-1-thread-1] DEBUG com.mnc.udp.UDPServer - UDP-Server: Message-75-57
21:20:57.131 [pool-1-thread-1] DEBUG com.mnc.udp.UDPServer - UDP-Server: Message-75-57 -> Message-75-57 (/127.0.0.1:49500)
21:20:57.131 [pool-1-thread-3] DEBUG com.mnc.udp.UDPServer - UDP-Server: Message-68-75
21:20:57.131 [pool-1-thread-5] DEBUG com.mnc.udp.UDPServer - UDP-Server: Message-91-17 -> Message-91-17 (/127.0.0.1:49516)
21:20:57.131 [pool-1-thread-1] DEBUG com.mnc.udp.UDPServer - UDP-Server: Message-92-13
21:20:57.131 [pool-1-thread-4] DEBUG com.mnc.udp.UDPServer - UDP-Server: Message-97-20 -> Message-97-20 (/127.0.0.1:49522)
21:20:57.131 [pool-1-thread-1] DEBUG com.mnc.udp.UDPServer - UDP-Server: Message-92-13 -> Message-92-13 (/127.0.0.1:49517)
21:20:57.131 [pool-1-thread-2] DEBUG com.mnc.udp.UDPServer - UDP-Server: Message-53-12
21:20:57.131 [pool-1-thread-3] DEBUG com.mnc.udp.UDPServer - UDP-Server: Message-68-75 -> Message-68-75 (/127.0.0.1:49493)
21:20:57.131 [pool-1-thread-4] DEBUG com.mnc.udp.UDPServer - UDP-Server: Message-71-98
21:20:57.131 [pool-1-thread-1] DEBUG com.mnc.udp.UDPServer - UDP-Server: Message-75-58
21:20:57.131 [pool-1-thread-4] DEBUG com.mnc.udp.UDPServer - UDP-Server: Message-71-98 -> Message-71-98 (/127.0.0.1:49496)
21:20:57.131 [pool-1-thread-5] DEBUG com.mnc.udp.UDPServer - UDP-Server: Message-91-13
21:20:57.131 [pool-1-thread-2] DEBUG com.mnc.udp.UDPServer - UDP-Server: Message-53-12 -> Message-53-12 (/127.0.0.1:49478)
21:20:57.131 [pool-1-thread-5] DEBUG com.mnc.udp.UDPServer - UDP-Server: Message-91-13 -> Message-91-13 (/127.0.0.1:49516)
21:20:57.131 [pool-1-thread-1] DEBUG com.mnc.udp.UDPServer - UDP-Server: Message-75-58 -> Message-75-58 (/127.0.0.1:49500)
21:20:57.131 [pool-1-thread-4] DEBUG com.mnc.udp.UDPServer - UDP-Server: Message-92-14
21:20:57.131 [pool-1-thread-5] DEBUG com.mnc.udp.UDPServer - UDP-Server: Message-68-37
21:20:57.131 [pool-1-thread-3] DEBUG com.mnc.udp.UDPServer - UDP-Server: Message-97-18
21:20:57.131 [pool-1-thread-4] DEBUG com.mnc.udp.UDPServer - UDP-Server: Message-92-14 -> Message-92-14 (/127.0.0.1:49517)
21:20:57.131 [pool-1-thread-5] DEBUG com.mnc.udp.UDPServer - UDP-Server: Message-68-37 -> Message-68-37 (/127.0.0.1:49493)
21:20:57.131 [pool-1-thread-1] DEBUG com.mnc.udp.UDPServer - UDP-Server: Message-53-21
21:20:57.131 [pool-1-thread-3] DEBUG com.mnc.udp.UDPServer - UDP-Server: Message-97-18 -> Message-97-18 (/127.0.0.1:49522)
21:20:57.131 [pool-1-thread-1] DEBUG com.mnc.udp.UDPServer - UDP-Server: Message-53-21 -> Message-53-21 (/127.0.0.1:49478)
21:20:57.131 [pool-1-thread-5] DEBUG com.mnc.udp.UDPServer - UDP-Server: Message-75-12
21:20:57.131 [pool-1-thread-2] DEBUG com.mnc.udp.UDPServer - UDP-Server: Message-71-99
21:20:57.131 [pool-1-thread-4] DEBUG com.mnc.udp.UDPServer - UDP-Server: Message-91-14
21:20:57.131 [pool-1-thread-5] DEBUG com.mnc.udp.UDPServer - UDP-Server: Message-75-12 -> Message-75-12 (/127.0.0.1:49500)
21:20:57.131 [pool-1-thread-3] DEBUG com.mnc.udp.UDPServer - UDP-Server: Message-92-12
21:20:57.131 [pool-1-thread-1] DEBUG com.mnc.udp.UDPServer - UDP-Server: Message-68-57
21:20:57.131 [pool-1-thread-3] DEBUG com.mnc.udp.UDPServer - UDP-Server: Message-92-12 -> Message-92-12 (/127.0.0.1:49517)
21:20:57.131 [pool-1-thread-5] DEBUG com.mnc.udp.UDPServer - UDP-Server: Message-97-7
21:20:57.131 [pool-1-thread-2] DEBUG com.mnc.udp.UDPServer - UDP-Server: Message-71-99 -> Message-71-99 (/127.0.0.1:49496)
21:20:57.131 [pool-1-thread-4] DEBUG com.mnc.udp.UDPServer - UDP-Server: Message-91-14 -> Message-91-14 (/127.0.0.1:49516)
21:20:57.131 [pool-1-thread-1] DEBUG com.mnc.udp.UDPServer - UDP-Server: Message-68-57 -> Message-68-57 (/127.0.0.1:49493)
21:20:57.131 [pool-1-thread-5] DEBUG com.mnc.udp.UDPServer - UDP-Server: Message-97-7 -> Message-97-7 (/127.0.0.1:49522)
21:20:57.131 [pool-1-thread-3] DEBUG com.mnc.udp.UDPServer - UDP-Server: Message-53-22
21:20:57.131 [pool-1-thread-2] DEBUG com.mnc.udp.UDPServer - UDP-Server: Message-75-56
21:20:57.131 [pool-1-thread-1] DEBUG com.mnc.udp.UDPServer - UDP-Server: Message-92-21
21:20:57.131 [pool-1-thread-3] DEBUG com.mnc.udp.UDPServer - UDP-Server: Message-53-22 -> Message-53-22 (/127.0.0.1:49478)
21:20:57.131 [pool-1-thread-4] DEBUG com.mnc.udp.UDPServer - UDP-Server: Message-71-94
21:20:57.131 [pool-1-thread-5] DEBUG com.mnc.udp.UDPServer - UDP-Server: Message-91-12
21:20:57.131 [pool-1-thread-2] DEBUG com.mnc.udp.UDPServer - UDP-Server: Message-75-56 -> Message-75-56 (/127.0.0.1:49500)
21:20:57.131 [pool-1-thread-5] DEBUG com.mnc.udp.UDPServer - UDP-Server: Message-91-12 -> Message-91-12 (/127.0.0.1:49516)
21:20:57.131 [pool-1-thread-1] DEBUG com.mnc.udp.UDPServer - UDP-Server: Message-92-21 -> Message-92-21 (/127.0.0.1:49517)
21:20:57.131 [pool-1-thread-4] DEBUG com.mnc.udp.UDPServer - UDP-Server: Message-71-94 -> Message-71-94 (/127.0.0.1:49496)
21:20:57.131 [pool-1-thread-3] DEBUG com.mnc.udp.UDPServer - UDP-Server: Message-68-58
21:20:57.131 [pool-1-thread-2] DEBUG com.mnc.udp.UDPServer - UDP-Server: Message-97-8
21:20:57.131 [pool-1-thread-1] DEBUG com.mnc.udp.UDPServer - UDP-Server: Message-53-23
21:20:57.131 [pool-1-thread-3] DEBUG com.mnc.udp.UDPServer - UDP-Server: Message-68-58 -> Message-68-58 (/127.0.0.1:49493)
21:20:57.131 [pool-1-thread-5] DEBUG com.mnc.udp.UDPServer - UDP-Server: Message-91-21
21:20:57.131 [pool-1-thread-2] DEBUG com.mnc.udp.UDPServer - UDP-Server: Message-97-8 -> Message-97-8 (/127.0.0.1:49522)
21:20:57.131 [pool-1-thread-5] DEBUG com.mnc.udp.UDPServer - UDP-Server: Message-91-21 -> Message-91-21 (/127.0.0.1:49516)
21:20:57.131 [pool-1-thread-1] DEBUG com.mnc.udp.UDPServer - UDP-Server: Message-53-23 -> Message-53-23 (/127.0.0.1:49478)
21:20:57.131 [pool-1-thread-2] DEBUG com.mnc.udp.UDPServer - UDP-Server: Message-71-18
21:20:57.131 [pool-1-thread-4] DEBUG com.mnc.udp.UDPServer - UDP-Server: Message-75-60
21:20:57.131 [pool-1-thread-3] DEBUG com.mnc.udp.UDPServer - UDP-Server: Message-92-22
21:20:57.131 [pool-1-thread-2] DEBUG com.mnc.udp.UDPServer - UDP-Server: Message-71-18 -> Message-71-18 (/127.0.0.1:49496)
21:20:57.131 [pool-1-thread-4] DEBUG com.mnc.udp.UDPServer - UDP-Server: Message-75-60 -> Message-75-60 (/127.0.0.1:49500)
21:20:57.131 [pool-1-thread-2] DEBUG com.mnc.udp.UDPServer - UDP-Server: Message-68-56
21:20:57.131 [pool-1-thread-3] DEBUG com.mnc.udp.UDPServer - UDP-Server: Message-92-22 -> Message-92-22 (/127.0.0.1:49517)
21:20:57.131 [pool-1-thread-1] DEBUG com.mnc.udp.UDPServer - UDP-Server: Message-97-6
21:20:57.131 [pool-1-thread-2] DEBUG com.mnc.udp.UDPServer - UDP-Server: Message-68-56 -> Message-68-56 (/127.0.0.1:49493)
21:20:57.131 [pool-1-thread-5] DEBUG com.mnc.udp.UDPServer - UDP-Server: Message-53-24
21:20:57.131 [pool-1-thread-1] DEBUG com.mnc.udp.UDPServer - UDP-Server: Message-97-6 -> Message-97-6 (/127.0.0.1:49522)
21:20:57.131 [pool-1-thread-5] DEBUG com.mnc.udp.UDPServer - UDP-Server: Message-53-24 -> Message-53-24 (/127.0.0.1:49478)
21:20:57.131 [pool-1-thread-2] DEBUG com.mnc.udp.UDPServer - UDP-Server: Message-91-22
21:20:57.131 [pool-1-thread-3] DEBUG com.mnc.udp.UDPServer - UDP-Server: Message-71-95
21:20:57.131 [pool-1-thread-1] DEBUG com.mnc.udp.UDPServer - UDP-Server: Message-68-15
21:20:57.131 [pool-1-thread-3] DEBUG com.mnc.udp.UDPServer - UDP-Server: Message-71-95 -> Message-71-95 (/127.0.0.1:49496)
21:20:57.131 [pool-1-thread-4] DEBUG com.mnc.udp.UDPServer - UDP-Server: Message-75-61
21:20:57.131 [pool-1-thread-2] DEBUG com.mnc.udp.UDPServer - UDP-Server: Message-91-22 -> Message-91-22 (/127.0.0.1:49516)
21:20:57.131 [pool-1-thread-5] DEBUG com.mnc.udp.UDPServer - UDP-Server: Message-92-23
21:20:57.131 [pool-1-thread-1] DEBUG com.mnc.udp.UDPServer - UDP-Server: Message-68-15 -> Message-68-15 (/127.0.0.1:49493)
21:20:57.131 [pool-1-thread-3] DEBUG com.mnc.udp.UDPServer - UDP-Server: Message-53-19
21:20:57.131 [pool-1-thread-4] DEBUG com.mnc.udp.UDPServer - UDP-Server: Message-75-61 -> Message-75-61 (/127.0.0.1:49500)
21:20:57.131 [pool-1-thread-2] DEBUG com.mnc.udp.UDPServer - UDP-Server: Message-97-10
21:20:57.131 [pool-1-thread-5] DEBUG com.mnc.udp.UDPServer - UDP-Server: Message-92-23 -> Message-92-23 (/127.0.0.1:49517)
21:20:57.131 [pool-1-thread-3] DEBUG com.mnc.udp.UDPServer - UDP-Server: Message-53-19 -> Message-53-19 (/127.0.0.1:49478)
21:20:57.132 [pool-1-thread-2] DEBUG com.mnc.udp.UDPServer - UDP-Server: Message-97-10 -> Message-97-10 (/127.0.0.1:49522)
21:20:57.132 [pool-1-thread-1] DEBUG com.mnc.udp.UDPServer - UDP-Server: Message-71-93
21:20:57.132 [pool-1-thread-3] DEBUG com.mnc.udp.UDPServer - UDP-Server: Message-68-16
21:20:57.132 [pool-1-thread-1] DEBUG com.mnc.udp.UDPServer - UDP-Server: Message-71-93 -> Message-71-93 (/127.0.0.1:49496)
21:20:57.132 [pool-1-thread-4] DEBUG com.mnc.udp.UDPServer - UDP-Server: Message-91-23
21:20:57.132 [pool-1-thread-5] DEBUG com.mnc.udp.UDPServer - UDP-Server: Message-75-59
21:20:57.132 [pool-1-thread-4] DEBUG com.mnc.udp.UDPServer - UDP-Server: Message-91-23 -> Message-91-23 (/127.0.0.1:49516)
21:20:57.132 [pool-1-thread-1] DEBUG com.mnc.udp.UDPServer - UDP-Server: Message-53-20
21:20:57.132 [pool-1-thread-1] DEBUG com.mnc.udp.UDPServer - UDP-Server: Message-53-20 -> Message-53-20 (/127.0.0.1:49478)
21:20:57.132 [pool-1-thread-3] DEBUG com.mnc.udp.UDPServer - UDP-Server: Message-68-16 -> Message-68-16 (/127.0.0.1:49493)
21:20:57.132 [pool-1-thread-5] DEBUG com.mnc.udp.UDPServer - UDP-Server: Message-75-59 -> Message-75-59 (/127.0.0.1:49500)
21:20:57.132 [pool-1-thread-2] DEBUG com.mnc.udp.UDPServer - UDP-Server: Message-92-24
21:20:57.132 [pool-1-thread-4] DEBUG com.mnc.udp.UDPServer - UDP-Server: Message-97-11
21:20:57.132 [pool-1-thread-1] DEBUG com.mnc.udp.UDPServer - UDP-Server: Message-71-7
21:20:57.132 [pool-1-thread-4] DEBUG com.mnc.udp.UDPServer - UDP-Server: Message-97-11 -> Message-97-11 (/127.0.0.1:49522)
21:20:57.132 [pool-1-thread-2] DEBUG com.mnc.udp.UDPServer - UDP-Server: Message-92-24 -> Message-92-24 (/127.0.0.1:49517)
21:20:57.132 [pool-1-thread-5] DEBUG com.mnc.udp.UDPServer - UDP-Server: Message-91-24
21:20:57.132 [pool-1-thread-2] DEBUG com.mnc.udp.UDPServer - UDP-Server: Message-68-17
21:20:57.132 [pool-1-thread-5] DEBUG com.mnc.udp.UDPServer - UDP-Server: Message-91-24 -> Message-91-24 (/127.0.0.1:49516)
21:20:57.132 [pool-1-thread-3] DEBUG com.mnc.udp.UDPServer - UDP-Server: Message-75-96
21:20:57.132 [pool-1-thread-1] DEBUG com.mnc.udp.UDPServer - UDP-Server: Message-71-7 -> Message-71-7 (/127.0.0.1:49496)
21:20:57.132 [pool-1-thread-4] DEBUG com.mnc.udp.UDPServer - UDP-Server: Message-53-18
21:20:57.132 [pool-1-thread-5] DEBUG com.mnc.udp.UDPServer - UDP-Server: Message-97-9
21:20:57.132 [pool-1-thread-1] DEBUG com.mnc.udp.UDPServer - UDP-Server: Message-92-19
21:20:57.132 [pool-1-thread-1] DEBUG com.mnc.udp.UDPServer - UDP-Server: Message-92-19 -> Message-92-19 (/127.0.0.1:49517)
21:20:57.132 [pool-1-thread-5] DEBUG com.mnc.udp.UDPServer - UDP-Server: Message-97-9 -> Message-97-9 (/127.0.0.1:49522)
21:20:57.132 [pool-1-thread-2] DEBUG com.mnc.udp.UDPServer - UDP-Server: Message-68-17 -> Message-68-17 (/127.0.0.1:49493)
21:20:57.132 [pool-1-thread-3] DEBUG com.mnc.udp.UDPServer - UDP-Server: Message-75-96 -> Message-75-96 (/127.0.0.1:49500)
21:20:57.132 [pool-1-thread-1] DEBUG com.mnc.udp.UDPServer - UDP-Server: Message-71-8
21:20:57.132 [pool-1-thread-4] DEBUG com.mnc.udp.UDPServer - UDP-Server: Message-53-18 -> Message-53-18 (/127.0.0.1:49478)
21:20:57.132 [pool-1-thread-5] DEBUG com.mnc.udp.UDPServer - UDP-Server: Message-91-19
21:20:57.132 [pool-1-thread-1] DEBUG com.mnc.udp.UDPServer - UDP-Server: Message-71-8 -> Message-71-8 (/127.0.0.1:49496)
21:20:57.132 [pool-1-thread-2] DEBUG com.mnc.udp.UDPServer - UDP-Server: Message-97-3
21:20:57.132 [pool-1-thread-5] DEBUG com.mnc.udp.UDPServer - UDP-Server: Message-91-19 -> Message-91-19 (/127.0.0.1:49516)
21:20:57.132 [pool-1-thread-3] DEBUG com.mnc.udp.UDPServer - UDP-Server: Message-92-20
21:20:57.132 [pool-1-thread-2] DEBUG com.mnc.udp.UDPServer - UDP-Server: Message-97-3 -> Message-97-3 (/127.0.0.1:49522)
21:20:57.132 [pool-1-thread-3] DEBUG com.mnc.udp.UDPServer - UDP-Server: Message-92-20 -> Message-92-20 (/127.0.0.1:49517)
21:20:57.132 [pool-1-thread-1] DEBUG com.mnc.udp.UDPServer - UDP-Server: Message-68-13
21:20:57.132 [pool-1-thread-4] DEBUG com.mnc.udp.UDPServer - UDP-Server: Message-75-97
21:20:57.132 [pool-1-thread-1] DEBUG com.mnc.udp.UDPServer - UDP-Server: Message-68-13 -> Message-68-13 (/127.0.0.1:49493)
21:20:57.132 [pool-1-thread-5] DEBUG com.mnc.udp.UDPServer - UDP-Server: Message-53-7
21:20:57.132 [pool-1-thread-5] DEBUG com.mnc.udp.UDPServer - UDP-Server: Message-53-7 -> Message-53-7 (/127.0.0.1:49478)
21:20:57.132 [pool-1-thread-4] DEBUG com.mnc.udp.UDPServer - UDP-Server: Message-75-97 -> Message-75-97 (/127.0.0.1:49500)
21:20:57.132 [pool-1-thread-2] DEBUG com.mnc.udp.UDPServer - UDP-Server: Message-91-20
21:20:57.132 [pool-1-thread-3] DEBUG com.mnc.udp.UDPServer - UDP-Server: Message-71-82
21:20:57.132 [pool-1-thread-1] DEBUG com.mnc.udp.UDPServer - UDP-Server: Message-97-4
21:20:57.132 [pool-1-thread-5] DEBUG com.mnc.udp.UDPServer - UDP-Server: Message-92-18
21:20:57.132 [pool-1-thread-4] DEBUG com.mnc.udp.UDPServer - UDP-Server: Message-68-14
21:20:57.132 [pool-1-thread-2] DEBUG com.mnc.udp.UDPServer - UDP-Server: Message-91-20 -> Message-91-20 (/127.0.0.1:49516)
21:20:57.132 [pool-1-thread-3] DEBUG com.mnc.udp.UDPServer - UDP-Server: Message-71-82 -> Message-71-82 (/127.0.0.1:49496)
21:20:57.132 [pool-1-thread-1] DEBUG com.mnc.udp.UDPServer - UDP-Server: Message-97-4 -> Message-97-4 (/127.0.0.1:49522)
21:20:57.132 [pool-1-thread-5] DEBUG com.mnc.udp.UDPServer - UDP-Server: Message-92-18 -> Message-92-18 (/127.0.0.1:49517)
21:20:57.132 [pool-1-thread-4] DEBUG com.mnc.udp.UDPServer - UDP-Server: Message-68-14 -> Message-68-14 (/127.0.0.1:49493)
21:20:57.132 [pool-1-thread-2] DEBUG com.mnc.udp.UDPServer - UDP-Server: Message-53-8
21:20:57.132 [pool-1-thread-3] DEBUG com.mnc.udp.UDPServer - UDP-Server: Message-75-53
21:20:57.132 [pool-1-thread-1] DEBUG com.mnc.udp.UDPServer - UDP-Server: Message-91-18
21:20:57.132 [pool-1-thread-2] DEBUG com.mnc.udp.UDPServer - UDP-Server: Message-53-8 -> Message-53-8 (/127.0.0.1:49478)
21:20:57.132 [pool-1-thread-4] DEBUG com.mnc.udp.UDPServer - UDP-Server: Message-71-83
21:20:57.132 [pool-1-thread-3] DEBUG com.mnc.udp.UDPServer - UDP-Server: Message-75-53 -> Message-75-53 (/127.0.0.1:49500)
21:20:57.132 [pool-1-thread-1] DEBUG com.mnc.udp.UDPServer - UDP-Server: Message-91-18 -> Message-91-18 (/127.0.0.1:49516)
21:20:57.132 [pool-1-thread-5] DEBUG com.mnc.udp.UDPServer - UDP-Server: Message-97-5
21:20:57.132 [pool-1-thread-3] DEBUG com.mnc.udp.UDPServer - UDP-Server: Message-68-60
21:20:57.132 [pool-1-thread-4] DEBUG com.mnc.udp.UDPServer - UDP-Server: Message-71-83 -> Message-71-83 (/127.0.0.1:49496)
21:20:57.132 [pool-1-thread-5] DEBUG com.mnc.udp.UDPServer - UDP-Server: Message-97-5 -> Message-97-5 (/127.0.0.1:49522)
21:20:57.132 [pool-1-thread-2] DEBUG com.mnc.udp.UDPServer - UDP-Server: Message-92-7
21:20:57.132 [pool-1-thread-4] DEBUG com.mnc.udp.UDPServer - UDP-Server: Message-53-6
21:20:57.132 [pool-1-thread-4] DEBUG com.mnc.udp.UDPServer - UDP-Server: Message-53-6 -> Message-53-6 (/127.0.0.1:49478)
21:20:57.132 [pool-1-thread-3] DEBUG com.mnc.udp.UDPServer - UDP-Server: Message-68-60 -> Message-68-60 (/127.0.0.1:49493)
21:20:57.132 [pool-1-thread-2] DEBUG com.mnc.udp.UDPServer - UDP-Server: Message-92-7 -> Message-92-7 (/127.0.0.1:49517)
21:20:57.132 [pool-1-thread-3] DEBUG com.mnc.udp.UDPServer - UDP-Server: Message-75-54
21:20:57.132 [pool-1-thread-2] DEBUG com.mnc.udp.UDPServer - UDP-Server: Message-91-7
21:20:57.132 [pool-1-thread-3] DEBUG com.mnc.udp.UDPServer - UDP-Server: Message-75-54 -> Message-75-54 (/127.0.0.1:49500)
21:20:57.132 [pool-1-thread-4] DEBUG com.mnc.udp.UDPServer - UDP-Server: Message-71-81
21:20:57.132 [pool-1-thread-1] DEBUG com.mnc.udp.UDPServer - UDP-Server: Message-97-1
21:20:57.132 [pool-1-thread-3] DEBUG com.mnc.udp.UDPServer - UDP-Server: Message-53-10
21:20:57.132 [pool-1-thread-2] DEBUG com.mnc.udp.UDPServer - UDP-Server: Message-91-7 -> Message-91-7 (/127.0.0.1:49516)
21:20:57.132 [pool-1-thread-5] DEBUG com.mnc.udp.UDPServer - UDP-Server: Message-68-61
21:20:57.132 [pool-1-thread-5] DEBUG com.mnc.udp.UDPServer - UDP-Server: Message-68-61 -> Message-68-61 (/127.0.0.1:49493)
21:20:57.132 [pool-1-thread-4] DEBUG com.mnc.udp.UDPServer - UDP-Server: Message-71-81 -> Message-71-81 (/127.0.0.1:49496)
21:20:57.132 [pool-1-thread-1] DEBUG com.mnc.udp.UDPServer - UDP-Server: Message-97-1 -> Message-97-1 (/127.0.0.1:49522)
21:20:57.132 [pool-1-thread-3] DEBUG com.mnc.udp.UDPServer - UDP-Server: Message-53-10 -> Message-53-10 (/127.0.0.1:49478)
21:20:57.132 [pool-1-thread-2] DEBUG com.mnc.udp.UDPServer - UDP-Server: Message-92-8
21:20:57.132 [pool-1-thread-5] DEBUG com.mnc.udp.UDPServer - UDP-Server: Message-75-55
21:20:57.132 [pool-1-thread-4] DEBUG com.mnc.udp.UDPServer - UDP-Server: Message-91-8
21:20:57.132 [pool-1-thread-5] DEBUG com.mnc.udp.UDPServer - UDP-Server: Message-75-55 -> Message-75-55 (/127.0.0.1:49500)
21:20:57.132 [pool-1-thread-2] DEBUG com.mnc.udp.UDPServer - UDP-Server: Message-92-8 -> Message-92-8 (/127.0.0.1:49517)
21:20:57.133 [pool-1-thread-4] DEBUG com.mnc.udp.UDPServer - UDP-Server: Message-91-8 -> Message-91-8 (/127.0.0.1:49516)
21:20:57.133 [pool-1-thread-2] DEBUG com.mnc.udp.UDPServer - UDP-Server: Message-97-2
21:20:57.132 [pool-1-thread-1] DEBUG com.mnc.udp.UDPServer - UDP-Server: Message-68-59
21:20:57.133 [pool-1-thread-3] DEBUG com.mnc.udp.UDPServer - UDP-Server: Message-53-11
21:20:57.133 [pool-1-thread-1] DEBUG com.mnc.udp.UDPServer - UDP-Server: Message-68-59 -> Message-68-59 (/127.0.0.1:49493)
21:20:57.133 [pool-1-thread-3] DEBUG com.mnc.udp.UDPServer - UDP-Server: Message-53-11 -> Message-53-11 (/127.0.0.1:49478)
21:20:57.133 [pool-1-thread-5] DEBUG com.mnc.udp.UDPServer - UDP-Server: Message-71-6
21:20:57.133 [pool-1-thread-1] DEBUG com.mnc.udp.UDPServer - UDP-Server: Message-75-21
21:20:57.133 [pool-1-thread-2] DEBUG com.mnc.udp.UDPServer - UDP-Server: Message-97-2 -> Message-97-2 (/127.0.0.1:49522)
21:20:57.133 [pool-1-thread-5] DEBUG com.mnc.udp.UDPServer - UDP-Server: Message-71-6 -> Message-71-6 (/127.0.0.1:49496)
21:20:57.133 [pool-1-thread-3] DEBUG com.mnc.udp.UDPServer - UDP-Server: Message-91-6
21:20:57.133 [pool-1-thread-1] DEBUG com.mnc.udp.UDPServer - UDP-Server: Message-75-21 -> Message-75-21 (/127.0.0.1:49500)
21:20:57.133 [pool-1-thread-4] DEBUG com.mnc.udp.UDPServer - UDP-Server: Message-92-6
21:20:57.133 [pool-1-thread-3] DEBUG com.mnc.udp.UDPServer - UDP-Server: Message-91-6 -> Message-91-6 (/127.0.0.1:49516)
21:20:57.133 [pool-1-thread-4] DEBUG com.mnc.udp.UDPServer - UDP-Server: Message-92-6 -> Message-92-6 (/127.0.0.1:49517)
21:20:57.133 [pool-1-thread-1] DEBUG com.mnc.udp.UDPServer - UDP-Server: Message-97-0
21:20:57.133 [pool-1-thread-2] DEBUG com.mnc.udp.UDPServer - UDP-Server: Message-68-12
21:20:57.133 [pool-1-thread-5] DEBUG com.mnc.udp.UDPServer - UDP-Server: Message-53-9
21:20:57.133 [pool-1-thread-3] DEBUG com.mnc.udp.UDPServer - UDP-Server: Message-71-10
21:20:57.133 [pool-1-thread-4] DEBUG com.mnc.udp.UDPServer - UDP-Server: Message-75-22
21:20:57.133 [pool-1-thread-1] DEBUG com.mnc.udp.UDPServer - UDP-Server: Message-97-0 -> Message-97-0 (/127.0.0.1:49522)
21:20:57.133 [pool-1-thread-2] DEBUG com.mnc.udp.UDPServer - UDP-Server: Message-68-12 -> Message-68-12 (/127.0.0.1:49493)
21:20:57.133 [pool-1-thread-5] DEBUG com.mnc.udp.UDPServer - UDP-Server: Message-53-9 -> Message-53-9 (/127.0.0.1:49478)
21:20:57.133 [pool-1-thread-2] DEBUG com.mnc.udp.UDPServer - UDP-Server: Message-92-10
21:20:57.133 [pool-1-thread-2] DEBUG com.mnc.udp.UDPServer - UDP-Server: Message-92-10 -> Message-92-10 (/127.0.0.1:49517)
21:20:57.133 [pool-1-thread-3] DEBUG com.mnc.udp.UDPServer - UDP-Server: Message-71-10 -> Message-71-10 (/127.0.0.1:49496)
21:20:57.133 [pool-1-thread-4] DEBUG com.mnc.udp.UDPServer - UDP-Server: Message-75-22 -> Message-75-22 (/127.0.0.1:49500)
21:20:57.133 [pool-1-thread-1] DEBUG com.mnc.udp.UDPServer - UDP-Server: Message-91-10
21:20:57.133 [pool-1-thread-4] DEBUG com.mnc.udp.UDPServer - UDP-Server: Message-68-21
21:20:57.133 [pool-1-thread-3] DEBUG com.mnc.udp.UDPServer - UDP-Server: Message-97-90
21:20:57.133 [pool-1-thread-1] DEBUG com.mnc.udp.UDPServer - UDP-Server: Message-91-10 -> Message-91-10 (/127.0.0.1:49516)
21:20:57.133 [pool-1-thread-3] DEBUG com.mnc.udp.UDPServer - UDP-Server: Message-97-90 -> Message-97-90 (/127.0.0.1:49522)
21:20:57.133 [pool-1-thread-4] DEBUG com.mnc.udp.UDPServer - UDP-Server: Message-68-21 -> Message-68-21 (/127.0.0.1:49493)
21:20:57.133 [pool-1-thread-1] DEBUG com.mnc.udp.UDPServer - UDP-Server: Message-71-11
21:20:57.133 [pool-1-thread-5] DEBUG com.mnc.udp.UDPServer - UDP-Server: Message-53-3
21:20:57.133 [pool-1-thread-5] DEBUG com.mnc.udp.UDPServer - UDP-Server: Message-53-3 -> Message-53-3 (/127.0.0.1:49478)
21:20:57.133 [pool-1-thread-2] DEBUG com.mnc.udp.UDPServer - UDP-Server: Message-92-11
21:20:57.133 [pool-1-thread-3] DEBUG com.mnc.udp.UDPServer - UDP-Server: Message-75-23
21:20:57.133 [pool-1-thread-5] DEBUG com.mnc.udp.UDPServer - UDP-Server: Message-97-91
21:20:57.133 [pool-1-thread-1] DEBUG com.mnc.udp.UDPServer - UDP-Server: Message-71-11 -> Message-71-11 (/127.0.0.1:49496)
21:20:57.133 [pool-1-thread-4] DEBUG com.mnc.udp.UDPServer - UDP-Server: Message-91-11
21:20:57.133 [pool-1-thread-4] DEBUG com.mnc.udp.UDPServer - UDP-Server: Message-91-11 -> Message-91-11 (/127.0.0.1:49516)
21:20:57.133 [pool-1-thread-2] DEBUG com.mnc.udp.UDPServer - UDP-Server: Message-92-11 -> Message-92-11 (/127.0.0.1:49517)
21:20:57.133 [pool-1-thread-4] DEBUG com.mnc.udp.UDPServer - UDP-Server: Message-53-4
21:20:57.133 [pool-1-thread-3] DEBUG com.mnc.udp.UDPServer - UDP-Server: Message-75-23 -> Message-75-23 (/127.0.0.1:49500)
21:20:57.133 [pool-1-thread-2] DEBUG com.mnc.udp.UDPServer - UDP-Server: Message-71-9
21:20:57.133 [pool-1-thread-5] DEBUG com.mnc.udp.UDPServer - UDP-Server: Message-97-91 -> Message-97-91 (/127.0.0.1:49522)
21:20:57.133 [pool-1-thread-1] DEBUG com.mnc.udp.UDPServer - UDP-Server: Message-68-22
21:20:57.133 [pool-1-thread-4] DEBUG com.mnc.udp.UDPServer - UDP-Server: Message-53-4 -> Message-53-4 (/127.0.0.1:49478)
21:20:57.133 [pool-1-thread-2] DEBUG com.mnc.udp.UDPServer - UDP-Server: Message-71-9 -> Message-71-9 (/127.0.0.1:49496)
21:20:57.133 [pool-1-thread-4] DEBUG com.mnc.udp.UDPServer - UDP-Server: Message-75-24
21:20:57.133 [pool-1-thread-4] DEBUG com.mnc.udp.UDPServer - UDP-Server: Message-75-24 -> Message-75-24 (/127.0.0.1:49500)
21:20:57.133 [pool-1-thread-3] DEBUG com.mnc.udp.UDPServer - UDP-Server: Message-91-9
21:20:57.133 [pool-1-thread-2] DEBUG com.mnc.udp.UDPServer - UDP-Server: Message-97-92
21:20:57.133 [pool-1-thread-5] DEBUG com.mnc.udp.UDPServer - UDP-Server: Message-92-9
21:20:57.133 [pool-1-thread-1] DEBUG com.mnc.udp.UDPServer - UDP-Server: Message-68-22 -> Message-68-22 (/127.0.0.1:49493)
21:20:57.133 [pool-1-thread-4] DEBUG com.mnc.udp.UDPServer - UDP-Server: Message-53-5
21:20:57.133 [pool-1-thread-4] DEBUG com.mnc.udp.UDPServer - UDP-Server: Message-53-5 -> Message-53-5 (/127.0.0.1:49478)
21:20:57.133 [pool-1-thread-1] DEBUG com.mnc.udp.UDPServer - UDP-Server: Message-71-3
21:20:57.133 [pool-1-thread-3] DEBUG com.mnc.udp.UDPServer - UDP-Server: Message-91-9 -> Message-91-9 (/127.0.0.1:49516)
21:20:57.133 [pool-1-thread-2] DEBUG com.mnc.udp.UDPServer - UDP-Server: Message-97-92 -> Message-97-92 (/127.0.0.1:49522)
21:20:57.133 [pool-1-thread-5] DEBUG com.mnc.udp.UDPServer - UDP-Server: Message-92-9 -> Message-92-9 (/127.0.0.1:49517)
21:20:57.133 [pool-1-thread-1] DEBUG com.mnc.udp.UDPServer - UDP-Server: Message-71-3 -> Message-71-3 (/127.0.0.1:49496)
21:20:57.133 [pool-1-thread-5] DEBUG com.mnc.udp.UDPServer - UDP-Server: Message-53-1
21:20:57.133 [pool-1-thread-4] DEBUG com.mnc.udp.UDPServer - UDP-Server: Message-75-51
21:20:57.133 [pool-1-thread-2] DEBUG com.mnc.udp.UDPServer - UDP-Server: Message-68-53
21:20:57.133 [pool-1-thread-4] DEBUG com.mnc.udp.UDPServer - UDP-Server: Message-75-51 -> Message-75-51 (/127.0.0.1:49500)
21:20:57.133 [pool-1-thread-5] DEBUG com.mnc.udp.UDPServer - UDP-Server: Message-53-1 -> Message-53-1 (/127.0.0.1:49478)
21:20:57.133 [pool-1-thread-1] DEBUG com.mnc.udp.UDPServer - UDP-Server: Message-91-3
21:20:57.133 [pool-1-thread-5] DEBUG com.mnc.udp.UDPServer - UDP-Server: Message-92-3
21:20:57.133 [pool-1-thread-2] DEBUG com.mnc.udp.UDPServer - UDP-Server: Message-68-53 -> Message-68-53 (/127.0.0.1:49493)
21:20:57.133 [pool-1-thread-3] DEBUG com.mnc.udp.UDPServer - UDP-Server: Message-97-88
21:20:57.133 [pool-1-thread-1] DEBUG com.mnc.udp.UDPServer - UDP-Server: Message-91-3 -> Message-91-3 (/127.0.0.1:49516)
21:20:57.133 [pool-1-thread-5] DEBUG com.mnc.udp.UDPServer - UDP-Server: Message-92-3 -> Message-92-3 (/127.0.0.1:49517)
21:20:57.133 [pool-1-thread-4] DEBUG com.mnc.udp.UDPServer - UDP-Server: Message-71-85
21:20:57.133 [pool-1-thread-2] DEBUG com.mnc.udp.UDPServer - UDP-Server: Message-75-52
21:20:57.133 [pool-1-thread-3] DEBUG com.mnc.udp.UDPServer - UDP-Server: Message-97-88 -> Message-97-88 (/127.0.0.1:49522)
21:20:57.134 [pool-1-thread-5] DEBUG com.mnc.udp.UDPServer - UDP-Server: Message-68-54
21:20:57.133 [pool-1-thread-1] DEBUG com.mnc.udp.UDPServer - UDP-Server: Message-53-2
21:20:57.134 [pool-1-thread-3] DEBUG com.mnc.udp.UDPServer - UDP-Server: Message-91-4
21:20:57.133 [pool-1-thread-4] DEBUG com.mnc.udp.UDPServer - UDP-Server: Message-71-85 -> Message-71-85 (/127.0.0.1:49496)
21:20:57.134 [pool-1-thread-2] DEBUG com.mnc.udp.UDPServer - UDP-Server: Message-75-52 -> Message-75-52 (/127.0.0.1:49500)
21:20:57.134 [pool-1-thread-5] DEBUG com.mnc.udp.UDPServer - UDP-Server: Message-68-54 -> Message-68-54 (/127.0.0.1:49493)
21:20:57.134 [pool-1-thread-1] DEBUG com.mnc.udp.UDPServer - UDP-Server: Message-53-2 -> Message-53-2 (/127.0.0.1:49478)
21:20:57.134 [pool-1-thread-3] DEBUG com.mnc.udp.UDPServer - UDP-Server: Message-91-4 -> Message-91-4 (/127.0.0.1:49516)
21:20:57.134 [pool-1-thread-5] DEBUG com.mnc.udp.UDPServer - UDP-Server: Message-71-86
21:20:57.134 [pool-1-thread-4] DEBUG com.mnc.udp.UDPServer - UDP-Server: Message-92-4
21:20:57.134 [pool-1-thread-5] DEBUG com.mnc.udp.UDPServer - UDP-Server: Message-71-86 -> Message-71-86 (/127.0.0.1:49496)
21:20:57.134 [pool-1-thread-2] DEBUG com.mnc.udp.UDPServer - UDP-Server: Message-97-89
21:20:57.134 [pool-1-thread-1] DEBUG com.mnc.udp.UDPServer - UDP-Server: Message-75-50
21:20:57.134 [pool-1-thread-1] DEBUG com.mnc.udp.UDPServer - UDP-Server: Message-75-50 -> Message-75-50 (/127.0.0.1:49500)
21:20:57.134 [pool-1-thread-5] DEBUG com.mnc.udp.UDPServer - UDP-Server: Message-53-0
21:20:57.134 [pool-1-thread-1] DEBUG com.mnc.udp.UDPServer - UDP-Server: Message-91-5
21:20:57.134 [pool-1-thread-4] DEBUG com.mnc.udp.UDPServer - UDP-Server: Message-92-4 -> Message-92-4 (/127.0.0.1:49517)
21:20:57.134 [pool-1-thread-1] DEBUG com.mnc.udp.UDPServer - UDP-Server: Message-91-5 -> Message-91-5 (/127.0.0.1:49516)
21:20:57.134 [pool-1-thread-2] DEBUG com.mnc.udp.UDPServer - UDP-Server: Message-97-89 -> Message-97-89 (/127.0.0.1:49522)
21:20:57.134 [pool-1-thread-3] DEBUG com.mnc.udp.UDPServer - UDP-Server: Message-68-55
21:20:57.134 [pool-1-thread-5] DEBUG com.mnc.udp.UDPServer - UDP-Server: Message-53-0 -> Message-53-0 (/127.0.0.1:49478)
21:20:57.134 [pool-1-thread-4] DEBUG com.mnc.udp.UDPServer - UDP-Server: Message-71-84
21:20:57.134 [pool-1-thread-2] DEBUG com.mnc.udp.UDPServer - UDP-Server: Message-75-98
21:20:57.134 [pool-1-thread-3] DEBUG com.mnc.udp.UDPServer - UDP-Server: Message-68-55 -> Message-68-55 (/127.0.0.1:49493)
21:20:57.134 [pool-1-thread-4] DEBUG com.mnc.udp.UDPServer - UDP-Server: Message-71-84 -> Message-71-84 (/127.0.0.1:49496)
21:20:57.134 [pool-1-thread-5] DEBUG com.mnc.udp.UDPServer - UDP-Server: Message-97-87
21:20:57.134 [pool-1-thread-3] DEBUG com.mnc.udp.UDPServer - UDP-Server: Message-91-1
21:20:57.134 [pool-1-thread-2] DEBUG com.mnc.udp.UDPServer - UDP-Server: Message-75-98 -> Message-75-98 (/127.0.0.1:49500)
21:20:57.134 [pool-1-thread-4] DEBUG com.mnc.udp.UDPServer - UDP-Server: Message-53-90
21:20:57.134 [pool-1-thread-1] DEBUG com.mnc.udp.UDPServer - UDP-Server: Message-92-5
21:20:57.134 [pool-1-thread-5] DEBUG com.mnc.udp.UDPServer - UDP-Server: Message-97-87 -> Message-97-87 (/127.0.0.1:49522)
21:20:57.134 [pool-1-thread-3] DEBUG com.mnc.udp.UDPServer - UDP-Server: Message-91-1 -> Message-91-1 (/127.0.0.1:49516)
21:20:57.134 [pool-1-thread-4] DEBUG com.mnc.udp.UDPServer - UDP-Server: Message-53-90 -> Message-53-90 (/127.0.0.1:49478)
21:20:57.134 [pool-1-thread-1] DEBUG com.mnc.udp.UDPServer - UDP-Server: Message-92-5 -> Message-92-5 (/127.0.0.1:49517)
21:20:57.134 [pool-1-thread-4] DEBUG com.mnc.udp.UDPServer - UDP-Server: Message-75-99
21:20:57.134 [pool-1-thread-2] DEBUG com.mnc.udp.UDPServer - UDP-Server: Message-68-23
21:20:57.134 [pool-1-thread-3] DEBUG com.mnc.udp.UDPServer - UDP-Server: Message-97-96
21:20:57.134 [pool-1-thread-1] DEBUG com.mnc.udp.UDPServer - UDP-Server: Message-91-2
21:20:57.134 [pool-1-thread-1] DEBUG com.mnc.udp.UDPServer - UDP-Server: Message-91-2 -> Message-91-2 (/127.0.0.1:49516)
21:20:57.134 [pool-1-thread-5] DEBUG com.mnc.udp.UDPServer - UDP-Server: Message-71-78
21:20:57.134 [pool-1-thread-1] DEBUG com.mnc.udp.UDPServer - UDP-Server: Message-53-91
21:20:57.134 [pool-1-thread-4] DEBUG com.mnc.udp.UDPServer - UDP-Server: Message-75-99 -> Message-75-99 (/127.0.0.1:49500)
21:20:57.134 [pool-1-thread-5] DEBUG com.mnc.udp.UDPServer - UDP-Server: Message-71-78 -> Message-71-78 (/127.0.0.1:49496)
21:20:57.134 [pool-1-thread-2] DEBUG com.mnc.udp.UDPServer - UDP-Server: Message-68-23 -> Message-68-23 (/127.0.0.1:49493)
21:20:57.134 [pool-1-thread-5] DEBUG com.mnc.udp.UDPServer - UDP-Server: Message-92-1
21:20:57.134 [pool-1-thread-3] DEBUG com.mnc.udp.UDPServer - UDP-Server: Message-97-96 -> Message-97-96 (/127.0.0.1:49522)
21:20:57.134 [pool-1-thread-2] DEBUG com.mnc.udp.UDPServer - UDP-Server: Message-91-0
21:20:57.134 [pool-1-thread-1] DEBUG com.mnc.udp.UDPServer - UDP-Server: Message-53-91 -> Message-53-91 (/127.0.0.1:49478)
21:20:57.134 [pool-1-thread-5] DEBUG com.mnc.udp.UDPServer - UDP-Server: Message-92-1 -> Message-92-1 (/127.0.0.1:49517)
21:20:57.134 [pool-1-thread-2] DEBUG com.mnc.udp.UDPServer - UDP-Server: Message-91-0 -> Message-91-0 (/127.0.0.1:49516)
21:20:57.134 [pool-1-thread-4] DEBUG com.mnc.udp.UDPServer - UDP-Server: Message-71-79
21:20:57.134 [pool-1-thread-4] DEBUG com.mnc.udp.UDPServer - UDP-Server: Message-71-79 -> Message-71-79 (/127.0.0.1:49496)
21:20:57.134 [pool-1-thread-5] DEBUG com.mnc.udp.UDPServer - UDP-Server: Message-75-71
21:20:57.134 [pool-1-thread-4] DEBUG com.mnc.udp.UDPServer - UDP-Server: Message-97-97
21:20:57.134 [pool-1-thread-1] DEBUG com.mnc.udp.UDPServer - UDP-Server: Message-68-24
21:20:57.134 [pool-1-thread-5] DEBUG com.mnc.udp.UDPServer - UDP-Server: Message-75-71 -> Message-75-71 (/127.0.0.1:49500)
21:20:57.134 [pool-1-thread-1] DEBUG com.mnc.udp.UDPServer - UDP-Server: Message-68-24 -> Message-68-24 (/127.0.0.1:49493)
21:20:57.134 [pool-1-thread-2] DEBUG com.mnc.udp.UDPServer - UDP-Server: Message-53-92
21:20:57.134 [pool-1-thread-2] DEBUG com.mnc.udp.UDPServer - UDP-Server: Message-53-92 -> Message-53-92 (/127.0.0.1:49478)
21:20:57.134 [pool-1-thread-4] DEBUG com.mnc.udp.UDPServer - UDP-Server: Message-97-97 -> Message-97-97 (/127.0.0.1:49522)
21:20:57.134 [pool-1-thread-2] DEBUG com.mnc.udp.UDPServer - UDP-Server: Message-91-90
21:20:57.134 [pool-1-thread-1] DEBUG com.mnc.udp.UDPServer - UDP-Server: Message-71-80
21:20:57.134 [pool-1-thread-5] DEBUG com.mnc.udp.UDPServer - UDP-Server: Message-92-2
21:20:57.134 [pool-1-thread-3] DEBUG com.mnc.udp.UDPServer - UDP-Server: Message-75-72
21:20:57.134 [pool-1-thread-2] DEBUG com.mnc.udp.UDPServer - UDP-Server: Message-91-90 -> Message-91-90 (/127.0.0.1:49516)
21:20:57.134 [pool-1-thread-1] DEBUG com.mnc.udp.UDPServer - UDP-Server: Message-71-80 -> Message-71-80 (/127.0.0.1:49496)
21:20:57.134 [pool-1-thread-4] DEBUG com.mnc.udp.UDPServer - UDP-Server: Message-68-19
21:20:57.134 [pool-1-thread-5] DEBUG com.mnc.udp.UDPServer - UDP-Server: Message-92-2 -> Message-92-2 (/127.0.0.1:49517)
21:20:57.134 [pool-1-thread-4] DEBUG com.mnc.udp.UDPServer - UDP-Server: Message-68-19 -> Message-68-19 (/127.0.0.1:49493)
21:20:57.134 [pool-1-thread-3] DEBUG com.mnc.udp.UDPServer - UDP-Server: Message-75-72 -> Message-75-72 (/127.0.0.1:49500)
21:20:57.134 [pool-1-thread-2] DEBUG com.mnc.udp.UDPServer - UDP-Server: Message-53-88
21:20:57.134 [pool-1-thread-1] DEBUG com.mnc.udp.UDPServer - UDP-Server: Message-97-98
21:20:57.134 [pool-1-thread-4] DEBUG com.mnc.udp.UDPServer - UDP-Server: Message-71-76
21:20:57.134 [pool-1-thread-1] DEBUG com.mnc.udp.UDPServer - UDP-Server: Message-97-98 -> Message-97-98 (/127.0.0.1:49522)
21:20:57.134 [pool-1-thread-3] DEBUG com.mnc.udp.UDPServer - UDP-Server: Message-91-91
21:20:57.134 [pool-1-thread-4] DEBUG com.mnc.udp.UDPServer - UDP-Server: Message-71-76 -> Message-71-76 (/127.0.0.1:49496)
21:20:57.134 [pool-1-thread-2] DEBUG com.mnc.udp.UDPServer - UDP-Server: Message-53-88 -> Message-53-88 (/127.0.0.1:49478)
21:20:57.134 [pool-1-thread-4] DEBUG com.mnc.udp.UDPServer - UDP-Server: Message-68-20
21:20:57.134 [pool-1-thread-5] DEBUG com.mnc.udp.UDPServer - UDP-Server: Message-92-0
21:20:57.134 [pool-1-thread-3] DEBUG com.mnc.udp.UDPServer - UDP-Server: Message-91-91 -> Message-91-91 (/127.0.0.1:49516)
21:20:57.134 [pool-1-thread-4] DEBUG com.mnc.udp.UDPServer - UDP-Server: Message-68-20 -> Message-68-20 (/127.0.0.1:49493)
21:20:57.134 [pool-1-thread-2] DEBUG com.mnc.udp.UDPServer - UDP-Server: Message-75-73
21:20:57.135 [pool-1-thread-1] DEBUG com.mnc.udp.UDPServer - UDP-Server: Message-97-99
21:20:57.135 [pool-1-thread-4] DEBUG com.mnc.udp.UDPServer - UDP-Server: Message-53-89
21:20:57.135 [pool-1-thread-2] DEBUG com.mnc.udp.UDPServer - UDP-Server: Message-75-73 -> Message-75-73 (/127.0.0.1:49500)
21:20:57.135 [pool-1-thread-1] DEBUG com.mnc.udp.UDPServer - UDP-Server: Message-97-99 -> Message-97-99 (/127.0.0.1:49522)
21:20:57.134 [pool-1-thread-5] DEBUG com.mnc.udp.UDPServer - UDP-Server: Message-92-0 -> Message-92-0 (/127.0.0.1:49517)
21:20:57.135 [pool-1-thread-3] DEBUG com.mnc.udp.UDPServer - UDP-Server: Message-71-77
21:20:57.135 [pool-1-thread-4] DEBUG com.mnc.udp.UDPServer - UDP-Server: Message-53-89 -> Message-53-89 (/127.0.0.1:49478)
21:20:57.135 [pool-1-thread-3] DEBUG com.mnc.udp.UDPServer - UDP-Server: Message-71-77 -> Message-71-77 (/127.0.0.1:49496)
21:20:57.135 [pool-1-thread-1] DEBUG com.mnc.udp.UDPServer - UDP-Server: Message-91-92
21:20:57.135 [pool-1-thread-4] DEBUG com.mnc.udp.UDPServer - UDP-Server: Message-75-74
21:20:57.135 [pool-1-thread-2] DEBUG com.mnc.udp.UDPServer - UDP-Server: Message-68-51
21:20:57.135 [pool-1-thread-1] DEBUG com.mnc.udp.UDPServer - UDP-Server: Message-91-92 -> Message-91-92 (/127.0.0.1:49516)
21:20:57.135 [pool-1-thread-4] DEBUG com.mnc.udp.UDPServer - UDP-Server: Message-75-74 -> Message-75-74 (/127.0.0.1:49500)
21:20:57.135 [pool-1-thread-5] DEBUG com.mnc.udp.UDPServer - UDP-Server: Message-97-94
21:20:57.135 [pool-1-thread-3] DEBUG com.mnc.udp.UDPServer - UDP-Server: Message-92-90
21:20:57.135 [pool-1-thread-2] DEBUG com.mnc.udp.UDPServer - UDP-Server: Message-68-51 -> Message-68-51 (/127.0.0.1:49493)
21:20:57.135 [pool-1-thread-3] DEBUG com.mnc.udp.UDPServer - UDP-Server: Message-92-90 -> Message-92-90 (/127.0.0.1:49517)
21:20:57.135 [pool-1-thread-1] DEBUG com.mnc.udp.UDPServer - UDP-Server: Message-53-87
21:20:57.135 [pool-1-thread-3] DEBUG com.mnc.udp.UDPServer - UDP-Server: Message-75-19
21:20:57.135 [pool-1-thread-4] DEBUG com.mnc.udp.UDPServer - UDP-Server: Message-71-75
21:20:57.135 [pool-1-thread-3] DEBUG com.mnc.udp.UDPServer - UDP-Server: Message-75-19 -> Message-75-19 (/127.0.0.1:49500)
21:20:57.135 [pool-1-thread-5] DEBUG com.mnc.udp.UDPServer - UDP-Server: Message-97-94 -> Message-97-94 (/127.0.0.1:49522)
21:20:57.135 [pool-1-thread-2] DEBUG com.mnc.udp.UDPServer - UDP-Server: Message-91-88
21:20:57.135 [pool-1-thread-5] DEBUG com.mnc.udp.UDPServer - UDP-Server: Message-68-52
21:20:57.135 [pool-1-thread-2] DEBUG com.mnc.udp.UDPServer - UDP-Server: Message-91-88 -> Message-91-88 (/127.0.0.1:49516)
21:20:57.135 [pool-1-thread-1] DEBUG com.mnc.udp.UDPServer - UDP-Server: Message-53-87 -> Message-53-87 (/127.0.0.1:49478)
21:20:57.135 [pool-1-thread-5] DEBUG com.mnc.udp.UDPServer - UDP-Server: Message-68-52 -> Message-68-52 (/127.0.0.1:49493)
21:20:57.135 [pool-1-thread-1] DEBUG com.mnc.udp.UDPServer - UDP-Server: Message-75-20
21:20:57.135 [pool-1-thread-4] DEBUG com.mnc.udp.UDPServer - UDP-Server: Message-71-75 -> Message-71-75 (/127.0.0.1:49496)
21:20:57.135 [pool-1-thread-1] DEBUG com.mnc.udp.UDPServer - UDP-Server: Message-75-20 -> Message-75-20 (/127.0.0.1:49500)
21:20:57.135 [pool-1-thread-3] DEBUG com.mnc.udp.UDPServer - UDP-Server: Message-92-91
21:20:57.135 [pool-1-thread-5] DEBUG com.mnc.udp.UDPServer - UDP-Server: Message-97-95
21:20:57.135 [pool-1-thread-2] DEBUG com.mnc.udp.UDPServer - UDP-Server: Message-91-89
21:20:57.135 [pool-1-thread-1] DEBUG com.mnc.udp.UDPServer - UDP-Server: Message-68-50
21:20:57.135 [pool-1-thread-3] DEBUG com.mnc.udp.UDPServer - UDP-Server: Message-92-91 -> Message-92-91 (/127.0.0.1:49517)
21:20:57.135 [pool-1-thread-1] DEBUG com.mnc.udp.UDPServer - UDP-Server: Message-68-50 -> Message-68-50 (/127.0.0.1:49493)
21:20:57.135 [pool-1-thread-5] DEBUG com.mnc.udp.UDPServer - UDP-Server: Message-97-95 -> Message-97-95 (/127.0.0.1:49522)
21:20:57.135 [pool-1-thread-3] DEBUG com.mnc.udp.UDPServer - UDP-Server: Message-71-4
21:20:57.135 [pool-1-thread-4] DEBUG com.mnc.udp.UDPServer - UDP-Server: Message-53-96
21:20:57.135 [pool-1-thread-3] DEBUG com.mnc.udp.UDPServer - UDP-Server: Message-71-4 -> Message-71-4 (/127.0.0.1:49496)
21:20:57.135 [pool-1-thread-2] DEBUG com.mnc.udp.UDPServer - UDP-Server: Message-91-89 -> Message-91-89 (/127.0.0.1:49516)
21:20:57.135 [pool-1-thread-1] DEBUG com.mnc.udp.UDPServer - UDP-Server: Message-75-18
21:20:57.135 [pool-1-thread-4] DEBUG com.mnc.udp.UDPServer - UDP-Server: Message-53-96 -> Message-53-96 (/127.0.0.1:49478)
21:20:57.135 [pool-1-thread-1] DEBUG com.mnc.udp.UDPServer - UDP-Server: Message-75-18 -> Message-75-18 (/127.0.0.1:49500)
21:20:57.135 [pool-1-thread-4] DEBUG com.mnc.udp.UDPServer - UDP-Server: Message-68-18
21:20:57.135 [pool-1-thread-4] DEBUG com.mnc.udp.UDPServer - UDP-Server: Message-68-18 -> Message-68-18 (/127.0.0.1:49493)
21:20:57.135 [pool-1-thread-1] DEBUG com.mnc.udp.UDPServer - UDP-Server: Message-97-93
21:20:57.135 [pool-1-thread-5] DEBUG com.mnc.udp.UDPServer - UDP-Server: Message-92-92
21:20:57.135 [pool-1-thread-3] DEBUG com.mnc.udp.UDPServer - UDP-Server: Message-71-5
21:20:57.135 [pool-1-thread-1] DEBUG com.mnc.udp.UDPServer - UDP-Server: Message-97-93 -> Message-97-93 (/127.0.0.1:49522)
21:20:57.135 [pool-1-thread-2] DEBUG com.mnc.udp.UDPServer - UDP-Server: Message-53-97
21:20:57.135 [pool-1-thread-4] DEBUG com.mnc.udp.UDPServer - UDP-Server: Message-91-87
21:20:57.135 [pool-1-thread-1] DEBUG com.mnc.udp.UDPServer - UDP-Server: Message-75-7
21:20:57.135 [pool-1-thread-5] DEBUG com.mnc.udp.UDPServer - UDP-Server: Message-92-92 -> Message-92-92 (/127.0.0.1:49517)
21:20:57.135 [pool-1-thread-3] DEBUG com.mnc.udp.UDPServer - UDP-Server: Message-71-5 -> Message-71-5 (/127.0.0.1:49496)
21:20:57.135 [pool-1-thread-2] DEBUG com.mnc.udp.UDPServer - UDP-Server: Message-53-97 -> Message-53-97 (/127.0.0.1:49478)
21:20:57.135 [pool-1-thread-5] DEBUG com.mnc.udp.UDPServer - UDP-Server: Message-68-71
21:20:57.135 [pool-1-thread-3] DEBUG com.mnc.udp.UDPServer - UDP-Server: Message-97-82
21:20:57.135 [pool-1-thread-4] DEBUG com.mnc.udp.UDPServer - UDP-Server: Message-91-87 -> Message-91-87 (/127.0.0.1:49516)
21:20:57.135 [pool-1-thread-1] DEBUG com.mnc.udp.UDPServer - UDP-Server: Message-75-7 -> Message-75-7 (/127.0.0.1:49500)
21:20:57.135 [pool-1-thread-5] DEBUG com.mnc.udp.UDPServer - UDP-Server: Message-68-71 -> Message-68-71 (/127.0.0.1:49493)
21:20:57.135 [pool-1-thread-3] DEBUG com.mnc.udp.UDPServer - UDP-Server: Message-97-82 -> Message-97-82 (/127.0.0.1:49522)
21:20:57.135 [pool-1-thread-5] DEBUG com.mnc.udp.UDPServer - UDP-Server: Message-71-57
21:20:57.135 [pool-1-thread-3] DEBUG com.mnc.udp.UDPServer - UDP-Server: Message-53-98
21:20:57.135 [pool-1-thread-2] DEBUG com.mnc.udp.UDPServer - UDP-Server: Message-92-88
21:20:57.135 [pool-1-thread-3] DEBUG com.mnc.udp.UDPServer - UDP-Server: Message-53-98 -> Message-53-98 (/127.0.0.1:49478)
21:20:57.135 [pool-1-thread-5] DEBUG com.mnc.udp.UDPServer - UDP-Server: Message-71-57 -> Message-71-57 (/127.0.0.1:49496)
21:20:57.135 [pool-1-thread-2] DEBUG com.mnc.udp.UDPServer - UDP-Server: Message-92-88 -> Message-92-88 (/127.0.0.1:49517)
21:20:57.135 [pool-1-thread-4] DEBUG com.mnc.udp.UDPServer - UDP-Server: Message-91-96
21:20:57.135 [pool-1-thread-3] DEBUG com.mnc.udp.UDPServer - UDP-Server: Message-75-8
21:20:57.135 [pool-1-thread-4] DEBUG com.mnc.udp.UDPServer - UDP-Server: Message-91-96 -> Message-91-96 (/127.0.0.1:49516)
21:20:57.135 [pool-1-thread-3] DEBUG com.mnc.udp.UDPServer - UDP-Server: Message-75-8 -> Message-75-8 (/127.0.0.1:49500)
21:20:57.135 [pool-1-thread-2] DEBUG com.mnc.udp.UDPServer - UDP-Server: Message-68-72
21:20:57.135 [pool-1-thread-1] DEBUG com.mnc.udp.UDPServer - UDP-Server: Message-97-83
21:20:57.135 [pool-1-thread-2] DEBUG com.mnc.udp.UDPServer - UDP-Server: Message-68-72 -> Message-68-72 (/127.0.0.1:49493)
21:20:57.135 [pool-1-thread-1] DEBUG com.mnc.udp.UDPServer - UDP-Server: Message-97-83 -> Message-97-83 (/127.0.0.1:49522)
21:20:57.135 [pool-1-thread-4] DEBUG com.mnc.udp.UDPServer - UDP-Server: Message-53-99
21:20:57.135 [pool-1-thread-3] DEBUG com.mnc.udp.UDPServer - UDP-Server: Message-92-89
21:20:57.135 [pool-1-thread-5] DEBUG com.mnc.udp.UDPServer - UDP-Server: Message-71-58
21:20:57.135 [pool-1-thread-4] DEBUG com.mnc.udp.UDPServer - UDP-Server: Message-53-99 -> Message-53-99 (/127.0.0.1:49478)
21:20:57.135 [pool-1-thread-3] DEBUG com.mnc.udp.UDPServer - UDP-Server: Message-92-89 -> Message-92-89 (/127.0.0.1:49517)
21:20:57.135 [pool-1-thread-1] DEBUG com.mnc.udp.UDPServer - UDP-Server: Message-75-69
21:20:57.135 [pool-1-thread-2] DEBUG com.mnc.udp.UDPServer - UDP-Server: Message-91-97
21:20:57.135 [pool-1-thread-5] DEBUG com.mnc.udp.UDPServer - UDP-Server: Message-71-58 -> Message-71-58 (/127.0.0.1:49496)
21:20:57.135 [pool-1-thread-3] DEBUG com.mnc.udp.UDPServer - UDP-Server: Message-68-73
21:20:57.135 [pool-1-thread-1] DEBUG com.mnc.udp.UDPServer - UDP-Server: Message-75-69 -> Message-75-69 (/127.0.0.1:49500)
21:20:57.135 [pool-1-thread-4] DEBUG com.mnc.udp.UDPServer - UDP-Server: Message-97-81
21:20:57.135 [pool-1-thread-2] DEBUG com.mnc.udp.UDPServer - UDP-Server: Message-91-97 -> Message-91-97 (/127.0.0.1:49516)
21:20:57.135 [pool-1-thread-3] DEBUG com.mnc.udp.UDPServer - UDP-Server: Message-68-73 -> Message-68-73 (/127.0.0.1:49493)
21:20:57.136 [pool-1-thread-4] DEBUG com.mnc.udp.UDPServer - UDP-Server: Message-97-81 -> Message-97-81 (/127.0.0.1:49522)
21:20:57.136 [pool-1-thread-5] DEBUG com.mnc.udp.UDPServer - UDP-Server: Message-92-87
21:20:57.136 [pool-1-thread-1] DEBUG com.mnc.udp.UDPServer - UDP-Server: Message-53-94
21:20:57.136 [pool-1-thread-2] DEBUG com.mnc.udp.UDPServer - UDP-Server: Message-71-56
21:20:57.136 [pool-1-thread-1] DEBUG com.mnc.udp.UDPServer - UDP-Server: Message-53-94 -> Message-53-94 (/127.0.0.1:49478)
21:20:57.136 [pool-1-thread-3] DEBUG com.mnc.udp.UDPServer - UDP-Server: Message-75-70
21:20:57.136 [pool-1-thread-5] DEBUG com.mnc.udp.UDPServer - UDP-Server: Message-92-87 -> Message-92-87 (/127.0.0.1:49517)
21:20:57.136 [pool-1-thread-2] DEBUG com.mnc.udp.UDPServer - UDP-Server: Message-71-56 -> Message-71-56 (/127.0.0.1:49496)
21:20:57.136 [pool-1-thread-5] DEBUG com.mnc.udp.UDPServer - UDP-Server: Message-97-85
21:20:57.136 [pool-1-thread-5] DEBUG com.mnc.udp.UDPServer - UDP-Server: Message-97-85 -> Message-97-85 (/127.0.0.1:49522)
21:20:57.136 [pool-1-thread-4] DEBUG com.mnc.udp.UDPServer - UDP-Server: Message-91-98
21:20:57.136 [pool-1-thread-1] DEBUG com.mnc.udp.UDPServer - UDP-Server: Message-68-74
21:20:57.136 [pool-1-thread-3] DEBUG com.mnc.udp.UDPServer - UDP-Server: Message-75-70 -> Message-75-70 (/127.0.0.1:49500)
21:20:57.136 [pool-1-thread-2] DEBUG com.mnc.udp.UDPServer - UDP-Server: Message-53-95
21:20:57.136 [pool-1-thread-5] DEBUG com.mnc.udp.UDPServer - UDP-Server: Message-92-96
21:20:57.136 [pool-1-thread-4] DEBUG com.mnc.udp.UDPServer - UDP-Server: Message-91-98 -> Message-91-98 (/127.0.0.1:49516)
21:20:57.136 [pool-1-thread-1] DEBUG com.mnc.udp.UDPServer - UDP-Server: Message-68-74 -> Message-68-74 (/127.0.0.1:49493)
21:20:57.136 [pool-1-thread-5] DEBUG com.mnc.udp.UDPServer - UDP-Server: Message-92-96 -> Message-92-96 (/127.0.0.1:49517)
21:20:57.136 [pool-1-thread-3] DEBUG com.mnc.udp.UDPServer - UDP-Server: Message-71-1
21:20:57.136 [pool-1-thread-2] DEBUG com.mnc.udp.UDPServer - UDP-Server: Message-53-95 -> Message-53-95 (/127.0.0.1:49478)
21:20:57.136 [pool-1-thread-5] DEBUG com.mnc.udp.UDPServer - UDP-Server: Message-75-94
21:20:57.136 [pool-1-thread-1] DEBUG com.mnc.udp.UDPServer - UDP-Server: Message-91-99
21:20:57.136 [pool-1-thread-1] DEBUG com.mnc.udp.UDPServer - UDP-Server: Message-91-99 -> Message-91-99 (/127.0.0.1:49516)
21:20:57.136 [pool-1-thread-2] DEBUG com.mnc.udp.UDPServer - UDP-Server: Message-68-69
21:20:57.136 [pool-1-thread-4] DEBUG com.mnc.udp.UDPServer - UDP-Server: Message-97-86
21:20:57.136 [pool-1-thread-1] DEBUG com.mnc.udp.UDPServer - UDP-Server: Message-92-97
21:20:57.136 [pool-1-thread-3] DEBUG com.mnc.udp.UDPServer - UDP-Server: Message-71-1 -> Message-71-1 (/127.0.0.1:49496)
21:20:57.136 [pool-1-thread-5] DEBUG com.mnc.udp.UDPServer - UDP-Server: Message-75-94 -> Message-75-94 (/127.0.0.1:49500)
21:20:57.136 [pool-1-thread-3] DEBUG com.mnc.udp.UDPServer - UDP-Server: Message-53-93
21:20:57.136 [pool-1-thread-3] DEBUG com.mnc.udp.UDPServer - UDP-Server: Message-53-93 -> Message-53-93 (/127.0.0.1:49478)
21:20:57.136 [pool-1-thread-2] DEBUG com.mnc.udp.UDPServer - UDP-Server: Message-68-69 -> Message-68-69 (/127.0.0.1:49493)
21:20:57.136 [pool-1-thread-3] DEBUG com.mnc.udp.UDPServer - UDP-Server: Message-91-94
21:20:57.136 [pool-1-thread-2] DEBUG com.mnc.udp.UDPServer - UDP-Server: Message-71-2
21:20:57.136 [pool-1-thread-4] DEBUG com.mnc.udp.UDPServer - UDP-Server: Message-97-86 -> Message-97-86 (/127.0.0.1:49522)
21:20:57.136 [pool-1-thread-2] DEBUG com.mnc.udp.UDPServer - UDP-Server: Message-71-2 -> Message-71-2 (/127.0.0.1:49496)
21:20:57.136 [pool-1-thread-1] DEBUG com.mnc.udp.UDPServer - UDP-Server: Message-92-97 -> Message-92-97 (/127.0.0.1:49517)
21:20:57.136 [pool-1-thread-3] DEBUG com.mnc.udp.UDPServer - UDP-Server: Message-91-94 -> Message-91-94 (/127.0.0.1:49516)
21:20:57.136 [pool-1-thread-4] DEBUG com.mnc.udp.UDPServer - UDP-Server: Message-75-95
21:20:57.136 [pool-1-thread-4] DEBUG com.mnc.udp.UDPServer - UDP-Server: Message-75-95 -> Message-75-95 (/127.0.0.1:49500)
21:20:57.136 [pool-1-thread-3] DEBUG com.mnc.udp.UDPServer - UDP-Server: Message-68-70
21:20:57.136 [pool-1-thread-3] DEBUG com.mnc.udp.UDPServer - UDP-Server: Message-68-70 -> Message-68-70 (/127.0.0.1:49493)
21:20:57.136 [pool-1-thread-2] DEBUG com.mnc.udp.UDPServer - UDP-Server: Message-53-82
21:20:57.136 [pool-1-thread-1] DEBUG com.mnc.udp.UDPServer - UDP-Server: Message-97-84
21:20:57.136 [pool-1-thread-1] DEBUG com.mnc.udp.UDPServer - UDP-Server: Message-97-84 -> Message-97-84 (/127.0.0.1:49522)
21:20:57.136 [pool-1-thread-2] DEBUG com.mnc.udp.UDPServer - UDP-Server: Message-53-82 -> Message-53-82 (/127.0.0.1:49478)
21:20:57.136 [pool-1-thread-5] DEBUG com.mnc.udp.UDPServer - UDP-Server: Message-71-0
21:20:57.136 [pool-1-thread-4] DEBUG com.mnc.udp.UDPServer - UDP-Server: Message-92-98
21:20:57.136 [pool-1-thread-2] DEBUG com.mnc.udp.UDPServer - UDP-Server: Message-75-93
21:20:57.136 [pool-1-thread-3] DEBUG com.mnc.udp.UDPServer - UDP-Server: Message-91-95
21:20:57.136 [pool-1-thread-5] DEBUG com.mnc.udp.UDPServer - UDP-Server: Message-71-0 -> Message-71-0 (/127.0.0.1:49496)
21:20:57.136 [pool-1-thread-4] DEBUG com.mnc.udp.UDPServer - UDP-Server: Message-92-98 -> Message-92-98 (/127.0.0.1:49517)
21:20:57.136 [pool-1-thread-1] DEBUG com.mnc.udp.UDPServer - UDP-Server: Message-68-68
21:20:57.136 [pool-1-thread-2] DEBUG com.mnc.udp.UDPServer - UDP-Server: Message-75-93 -> Message-75-93 (/127.0.0.1:49500)
21:20:57.136 [pool-1-thread-3] DEBUG com.mnc.udp.UDPServer - UDP-Server: Message-91-95 -> Message-91-95 (/127.0.0.1:49516)
21:20:57.136 [pool-1-thread-5] DEBUG com.mnc.udp.UDPServer - UDP-Server: Message-97-78
21:20:57.136 [pool-1-thread-4] DEBUG com.mnc.udp.UDPServer - UDP-Server: Message-53-83
21:20:57.136 [pool-1-thread-2] DEBUG com.mnc.udp.UDPServer - UDP-Server: Message-92-99
21:20:57.136 [pool-1-thread-1] DEBUG com.mnc.udp.UDPServer - UDP-Server: Message-68-68 -> Message-68-68 (/127.0.0.1:49493)
21:20:57.136 [pool-1-thread-5] DEBUG com.mnc.udp.UDPServer - UDP-Server: Message-97-78 -> Message-97-78 (/127.0.0.1:49522)
21:20:57.136 [pool-1-thread-1] DEBUG com.mnc.udp.UDPServer - UDP-Server: Message-75-68
21:20:57.136 [pool-1-thread-3] DEBUG com.mnc.udp.UDPServer - UDP-Server: Message-71-60
21:20:57.136 [pool-1-thread-4] DEBUG com.mnc.udp.UDPServer - UDP-Server: Message-53-83 -> Message-53-83 (/127.0.0.1:49478)
21:20:57.136 [pool-1-thread-2] DEBUG com.mnc.udp.UDPServer - UDP-Server: Message-92-99 -> Message-92-99 (/127.0.0.1:49517)
21:20:57.136 [pool-1-thread-1] DEBUG com.mnc.udp.UDPServer - UDP-Server: Message-75-68 -> Message-75-68 (/127.0.0.1:49500)
21:20:57.136 [pool-1-thread-3] DEBUG com.mnc.udp.UDPServer - UDP-Server: Message-71-60 -> Message-71-60 (/127.0.0.1:49496)
21:20:57.136 [pool-1-thread-5] DEBUG com.mnc.udp.UDPServer - UDP-Server: Message-91-93
21:20:57.136 [pool-1-thread-2] DEBUG com.mnc.udp.UDPServer - UDP-Server: Message-97-79
21:20:57.136 [pool-1-thread-4] DEBUG com.mnc.udp.UDPServer - UDP-Server: Message-68-7
21:20:57.136 [pool-1-thread-5] DEBUG com.mnc.udp.UDPServer - UDP-Server: Message-91-93 -> Message-91-93 (/127.0.0.1:49516)
21:20:57.136 [pool-1-thread-4] DEBUG com.mnc.udp.UDPServer - UDP-Server: Message-68-7 -> Message-68-7 (/127.0.0.1:49493)
21:20:57.136 [pool-1-thread-2] DEBUG com.mnc.udp.UDPServer - UDP-Server: Message-97-79 -> Message-97-79 (/127.0.0.1:49522)
21:20:57.136 [pool-1-thread-1] DEBUG com.mnc.udp.UDPServer - UDP-Server: Message-53-81
21:20:57.136 [pool-1-thread-1] DEBUG com.mnc.udp.UDPServer - UDP-Server: Message-53-81 -> Message-53-81 (/127.0.0.1:49478)
21:20:57.136 [pool-1-thread-4] DEBUG com.mnc.udp.UDPServer - UDP-Server: Message-92-94
21:20:57.136 [pool-1-thread-4] DEBUG com.mnc.udp.UDPServer - UDP-Server: Message-92-94 -> Message-92-94 (/127.0.0.1:49517)
21:20:57.136 [pool-1-thread-5] DEBUG com.mnc.udp.UDPServer - UDP-Server: Message-75-6
21:20:57.136 [pool-1-thread-1] DEBUG com.mnc.udp.UDPServer - UDP-Server: Message-71-61
21:20:57.136 [pool-1-thread-3] DEBUG com.mnc.udp.UDPServer - UDP-Server: Message-91-82
21:20:57.136 [pool-1-thread-2] DEBUG com.mnc.udp.UDPServer - UDP-Server: Message-97-80
21:20:57.136 [pool-1-thread-3] DEBUG com.mnc.udp.UDPServer - UDP-Server: Message-91-82 -> Message-91-82 (/127.0.0.1:49516)
21:20:57.136 [pool-1-thread-5] DEBUG com.mnc.udp.UDPServer - UDP-Server: Message-75-6 -> Message-75-6 (/127.0.0.1:49500)
21:20:57.136 [pool-1-thread-1] DEBUG com.mnc.udp.UDPServer - UDP-Server: Message-71-61 -> Message-71-61 (/127.0.0.1:49496)
21:20:57.136 [pool-1-thread-4] DEBUG com.mnc.udp.UDPServer - UDP-Server: Message-68-8
21:20:57.136 [pool-1-thread-2] DEBUG com.mnc.udp.UDPServer - UDP-Server: Message-97-80 -> Message-97-80 (/127.0.0.1:49522)
21:20:57.136 [pool-1-thread-3] DEBUG com.mnc.udp.UDPServer - UDP-Server: Message-53-85
21:20:57.137 [pool-1-thread-5] DEBUG com.mnc.udp.UDPServer - UDP-Server: Message-92-95
21:20:57.137 [pool-1-thread-3] DEBUG com.mnc.udp.UDPServer - UDP-Server: Message-53-85 -> Message-53-85 (/127.0.0.1:49478)
21:20:57.137 [pool-1-thread-2] DEBUG com.mnc.udp.UDPServer - UDP-Server: Message-75-63
21:20:57.137 [pool-1-thread-2] DEBUG com.mnc.udp.UDPServer - UDP-Server: Message-75-63 -> Message-75-63 (/127.0.0.1:49500)
21:20:57.137 [pool-1-thread-3] DEBUG com.mnc.udp.UDPServer - UDP-Server: Message-71-71
21:20:57.137 [pool-1-thread-4] DEBUG com.mnc.udp.UDPServer - UDP-Server: Message-68-8 -> Message-68-8 (/127.0.0.1:49493)
21:20:57.137 [pool-1-thread-1] DEBUG com.mnc.udp.UDPServer - UDP-Server: Message-91-83
21:20:57.137 [pool-1-thread-1] DEBUG com.mnc.udp.UDPServer - UDP-Server: Message-91-83 -> Message-91-83 (/127.0.0.1:49516)
21:20:57.137 [pool-1-thread-5] DEBUG com.mnc.udp.UDPServer - UDP-Server: Message-92-95 -> Message-92-95 (/127.0.0.1:49517)
21:20:57.137 [pool-1-thread-1] DEBUG com.mnc.udp.UDPServer - UDP-Server: Message-53-86
21:20:57.137 [pool-1-thread-4] DEBUG com.mnc.udp.UDPServer - UDP-Server: Message-75-64
21:20:57.137 [pool-1-thread-1] DEBUG com.mnc.udp.UDPServer - UDP-Server: Message-53-86 -> Message-53-86 (/127.0.0.1:49478)
21:20:57.137 [pool-1-thread-4] DEBUG com.mnc.udp.UDPServer - UDP-Server: Message-75-64 -> Message-75-64 (/127.0.0.1:49500)
21:20:57.137 [pool-1-thread-3] DEBUG com.mnc.udp.UDPServer - UDP-Server: Message-71-71 -> Message-71-71 (/127.0.0.1:49496)
21:20:57.137 [pool-1-thread-1] DEBUG com.mnc.udp.UDPServer - UDP-Server: Message-68-63
21:20:57.137 [pool-1-thread-1] DEBUG com.mnc.udp.UDPServer - UDP-Server: Message-68-63 -> Message-68-63 (/127.0.0.1:49493)
21:20:57.137 [pool-1-thread-3] DEBUG com.mnc.udp.UDPServer - UDP-Server: Message-91-81
21:20:57.137 [pool-1-thread-2] DEBUG com.mnc.udp.UDPServer - UDP-Server: Message-97-76
21:20:57.137 [pool-1-thread-3] DEBUG com.mnc.udp.UDPServer - UDP-Server: Message-91-81 -> Message-91-81 (/127.0.0.1:49516)
21:20:57.137 [pool-1-thread-1] DEBUG com.mnc.udp.UDPServer - UDP-Server: Message-92-93
21:20:57.137 [pool-1-thread-2] DEBUG com.mnc.udp.UDPServer - UDP-Server: Message-97-76 -> Message-97-76 (/127.0.0.1:49522)
21:20:57.137 [pool-1-thread-5] DEBUG com.mnc.udp.UDPServer - UDP-Server: Message-53-84
21:20:57.137 [pool-1-thread-2] DEBUG com.mnc.udp.UDPServer - UDP-Server: Message-75-82
21:20:57.137 [pool-1-thread-1] DEBUG com.mnc.udp.UDPServer - UDP-Server: Message-92-93 -> Message-92-93 (/127.0.0.1:49517)
21:20:57.137 [pool-1-thread-2] DEBUG com.mnc.udp.UDPServer - UDP-Server: Message-75-82 -> Message-75-82 (/127.0.0.1:49500)
21:20:57.137 [pool-1-thread-3] DEBUG com.mnc.udp.UDPServer - UDP-Server: Message-68-64
21:20:57.137 [pool-1-thread-4] DEBUG com.mnc.udp.UDPServer - UDP-Server: Message-71-72
21:20:57.137 [pool-1-thread-5] DEBUG com.mnc.udp.UDPServer - UDP-Server: Message-53-84 -> Message-53-84 (/127.0.0.1:49478)
21:20:57.137 [pool-1-thread-2] DEBUG com.mnc.udp.UDPServer - UDP-Server: Message-97-77
21:20:57.137 [pool-1-thread-1] DEBUG com.mnc.udp.UDPServer - UDP-Server: Message-91-85
21:20:57.137 [pool-1-thread-3] DEBUG com.mnc.udp.UDPServer - UDP-Server: Message-68-64 -> Message-68-64 (/127.0.0.1:49493)
21:20:57.137 [pool-1-thread-1] DEBUG com.mnc.udp.UDPServer - UDP-Server: Message-91-85 -> Message-91-85 (/127.0.0.1:49516)
21:20:57.137 [pool-1-thread-4] DEBUG com.mnc.udp.UDPServer - UDP-Server: Message-71-72 -> Message-71-72 (/127.0.0.1:49496)
21:20:57.137 [pool-1-thread-3] DEBUG com.mnc.udp.UDPServer - UDP-Server: Message-75-83
21:20:57.137 [pool-1-thread-3] DEBUG com.mnc.udp.UDPServer - UDP-Server: Message-75-83 -> Message-75-83 (/127.0.0.1:49500)
21:20:57.137 [pool-1-thread-2] DEBUG com.mnc.udp.UDPServer - UDP-Server: Message-97-77 -> Message-97-77 (/127.0.0.1:49522)
21:20:57.137 [pool-1-thread-5] DEBUG com.mnc.udp.UDPServer - UDP-Server: Message-92-82
21:20:57.137 [pool-1-thread-1] DEBUG com.mnc.udp.UDPServer - UDP-Server: Message-53-78
21:20:57.137 [pool-1-thread-5] DEBUG com.mnc.udp.UDPServer - UDP-Server: Message-92-82 -> Message-92-82 (/127.0.0.1:49517)
21:20:57.137 [pool-1-thread-1] DEBUG com.mnc.udp.UDPServer - UDP-Server: Message-53-78 -> Message-53-78 (/127.0.0.1:49478)
21:20:57.137 [pool-1-thread-4] DEBUG com.mnc.udp.UDPServer - UDP-Server: Message-68-62
21:20:57.137 [pool-1-thread-1] DEBUG com.mnc.udp.UDPServer - UDP-Server: Message-75-62
21:20:57.137 [pool-1-thread-5] DEBUG com.mnc.udp.UDPServer - UDP-Server: Message-91-86
21:20:57.137 [pool-1-thread-1] DEBUG com.mnc.udp.UDPServer - UDP-Server: Message-75-62 -> Message-75-62 (/127.0.0.1:49500)
21:20:57.137 [pool-1-thread-2] DEBUG com.mnc.udp.UDPServer - UDP-Server: Message-71-73
21:20:57.137 [pool-1-thread-2] DEBUG com.mnc.udp.UDPServer - UDP-Server: Message-71-73 -> Message-71-73 (/127.0.0.1:49496)
21:20:57.137 [pool-1-thread-4] DEBUG com.mnc.udp.UDPServer - UDP-Server: Message-68-62 -> Message-68-62 (/127.0.0.1:49493)
21:20:57.137 [pool-1-thread-2] DEBUG com.mnc.udp.UDPServer - UDP-Server: Message-53-79
21:20:57.137 [pool-1-thread-2] DEBUG com.mnc.udp.UDPServer - UDP-Server: Message-53-79 -> Message-53-79 (/127.0.0.1:49478)
21:20:57.137 [pool-1-thread-3] DEBUG com.mnc.udp.UDPServer - UDP-Server: Message-97-75
21:20:57.137 [pool-1-thread-5] DEBUG com.mnc.udp.UDPServer - UDP-Server: Message-91-86 -> Message-91-86 (/127.0.0.1:49516)
21:20:57.137 [pool-1-thread-3] DEBUG com.mnc.udp.UDPServer - UDP-Server: Message-97-75 -> Message-97-75 (/127.0.0.1:49522)
21:20:57.137 [pool-1-thread-1] DEBUG com.mnc.udp.UDPServer - UDP-Server: Message-92-83
21:20:57.137 [pool-1-thread-1] DEBUG com.mnc.udp.UDPServer - UDP-Server: Message-92-83 -> Message-92-83 (/127.0.0.1:49517)
21:20:57.137 [pool-1-thread-2] DEBUG com.mnc.udp.UDPServer - UDP-Server: Message-75-10
21:20:57.137 [pool-1-thread-4] DEBUG com.mnc.udp.UDPServer - UDP-Server: Message-71-74
21:20:57.137 [pool-1-thread-2] DEBUG com.mnc.udp.UDPServer - UDP-Server: Message-75-10 -> Message-75-10 (/127.0.0.1:49500)
21:20:57.137 [pool-1-thread-1] DEBUG com.mnc.udp.UDPServer - UDP-Server: Message-68-6
21:20:57.137 [pool-1-thread-5] DEBUG com.mnc.udp.UDPServer - UDP-Server: Message-53-80
21:20:57.137 [pool-1-thread-3] DEBUG com.mnc.udp.UDPServer - UDP-Server: Message-91-84
21:20:57.137 [pool-1-thread-4] DEBUG com.mnc.udp.UDPServer - UDP-Server: Message-71-74 -> Message-71-74 (/127.0.0.1:49496)
21:20:57.137 [pool-1-thread-2] DEBUG com.mnc.udp.UDPServer - UDP-Server: Message-97-57
21:20:57.137 [pool-1-thread-2] DEBUG com.mnc.udp.UDPServer - UDP-Server: Message-97-57 -> Message-97-57 (/127.0.0.1:49522)
21:20:57.137 [pool-1-thread-4] DEBUG com.mnc.udp.UDPServer - UDP-Server: Message-92-81
21:20:57.137 [pool-1-thread-4] DEBUG com.mnc.udp.UDPServer - UDP-Server: Message-92-81 -> Message-92-81 (/127.0.0.1:49517)
21:20:57.137 [pool-1-thread-1] DEBUG com.mnc.udp.UDPServer - UDP-Server: Message-68-6 -> Message-68-6 (/127.0.0.1:49493)
21:20:57.137 [pool-1-thread-4] DEBUG com.mnc.udp.UDPServer - UDP-Server: Message-71-59
21:20:57.137 [pool-1-thread-1] DEBUG com.mnc.udp.UDPServer - UDP-Server: Message-97-58
21:20:57.137 [pool-1-thread-5] DEBUG com.mnc.udp.UDPServer - UDP-Server: Message-53-80 -> Message-53-80 (/127.0.0.1:49478)
21:20:57.137 [pool-1-thread-3] DEBUG com.mnc.udp.UDPServer - UDP-Server: Message-91-84 -> Message-91-84 (/127.0.0.1:49516)
21:20:57.137 [pool-1-thread-2] DEBUG com.mnc.udp.UDPServer - UDP-Server: Message-75-11
21:20:57.137 [pool-1-thread-4] DEBUG com.mnc.udp.UDPServer - UDP-Server: Message-71-59 -> Message-71-59 (/127.0.0.1:49496)
21:20:57.137 [pool-1-thread-3] DEBUG com.mnc.udp.UDPServer - UDP-Server: Message-68-10
21:20:57.137 [pool-1-thread-3] DEBUG com.mnc.udp.UDPServer - UDP-Server: Message-68-10 -> Message-68-10 (/127.0.0.1:49493)
21:20:57.137 [pool-1-thread-1] DEBUG com.mnc.udp.UDPServer - UDP-Server: Message-97-58 -> Message-97-58 (/127.0.0.1:49522)
21:20:57.137 [pool-1-thread-3] DEBUG com.mnc.udp.UDPServer - UDP-Server: Message-53-76
21:20:57.137 [pool-1-thread-5] DEBUG com.mnc.udp.UDPServer - UDP-Server: Message-92-85
21:20:57.137 [pool-1-thread-2] DEBUG com.mnc.udp.UDPServer - UDP-Server: Message-75-11 -> Message-75-11 (/127.0.0.1:49500)
21:20:57.137 [pool-1-thread-3] DEBUG com.mnc.udp.UDPServer - UDP-Server: Message-53-76 -> Message-53-76 (/127.0.0.1:49478)
21:20:57.137 [pool-1-thread-5] DEBUG com.mnc.udp.UDPServer - UDP-Server: Message-92-85 -> Message-92-85 (/127.0.0.1:49517)
21:20:57.138 [pool-1-thread-2] DEBUG com.mnc.udp.UDPServer - UDP-Server: Message-68-11
21:20:57.137 [pool-1-thread-1] DEBUG com.mnc.udp.UDPServer - UDP-Server: Message-91-78
21:20:57.138 [pool-1-thread-3] DEBUG com.mnc.udp.UDPServer - UDP-Server: Message-97-56
21:20:57.138 [pool-1-thread-4] DEBUG com.mnc.udp.UDPServer - UDP-Server: Message-71-69
21:20:57.138 [pool-1-thread-3] DEBUG com.mnc.udp.UDPServer - UDP-Server: Message-97-56 -> Message-97-56 (/127.0.0.1:49522)
21:20:57.138 [pool-1-thread-2] DEBUG com.mnc.udp.UDPServer - UDP-Server: Message-68-11 -> Message-68-11 (/127.0.0.1:49493)
21:20:57.138 [pool-1-thread-1] DEBUG com.mnc.udp.UDPServer - UDP-Server: Message-91-78 -> Message-91-78 (/127.0.0.1:49516)
21:20:57.138 [pool-1-thread-2] DEBUG com.mnc.udp.UDPServer - UDP-Server: Message-53-77
21:20:57.138 [pool-1-thread-4] DEBUG com.mnc.udp.UDPServer - UDP-Server: Message-71-69 -> Message-71-69 (/127.0.0.1:49496)
21:20:57.138 [pool-1-thread-2] DEBUG com.mnc.udp.UDPServer - UDP-Server: Message-53-77 -> Message-53-77 (/127.0.0.1:49478)
21:20:57.138 [pool-1-thread-3] DEBUG com.mnc.udp.UDPServer - UDP-Server: Message-75-9
21:20:57.138 [pool-1-thread-5] DEBUG com.mnc.udp.UDPServer - UDP-Server: Message-92-86
21:20:57.138 [pool-1-thread-3] DEBUG com.mnc.udp.UDPServer - UDP-Server: Message-75-9 -> Message-75-9 (/127.0.0.1:49500)
21:20:57.138 [pool-1-thread-5] DEBUG com.mnc.udp.UDPServer - UDP-Server: Message-92-86 -> Message-92-86 (/127.0.0.1:49517)
21:20:57.138 [pool-1-thread-4] DEBUG com.mnc.udp.UDPServer - UDP-Server: Message-97-60
21:20:57.138 [pool-1-thread-5] DEBUG com.mnc.udp.UDPServer - UDP-Server: Message-91-79
21:20:57.138 [pool-1-thread-4] DEBUG com.mnc.udp.UDPServer - UDP-Server: Message-97-60 -> Message-97-60 (/127.0.0.1:49522)
21:20:57.138 [pool-1-thread-3] DEBUG com.mnc.udp.UDPServer - UDP-Server: Message-68-9
21:20:57.138 [pool-1-thread-5] DEBUG com.mnc.udp.UDPServer - UDP-Server: Message-91-79 -> Message-91-79 (/127.0.0.1:49516)
21:20:57.138 [pool-1-thread-4] DEBUG com.mnc.udp.UDPServer - UDP-Server: Message-71-53
21:20:57.138 [pool-1-thread-2] DEBUG com.mnc.udp.UDPServer - UDP-Server: Message-53-75
21:20:57.138 [pool-1-thread-3] DEBUG com.mnc.udp.UDPServer - UDP-Server: Message-68-9 -> Message-68-9 (/127.0.0.1:49493)
21:20:57.138 [pool-1-thread-2] DEBUG com.mnc.udp.UDPServer - UDP-Server: Message-53-75 -> Message-53-75 (/127.0.0.1:49478)
21:20:57.138 [pool-1-thread-4] DEBUG com.mnc.udp.UDPServer - UDP-Server: Message-71-53 -> Message-71-53 (/127.0.0.1:49496)
21:20:57.138 [pool-1-thread-1] DEBUG com.mnc.udp.UDPServer - UDP-Server: Message-92-84
21:20:57.138 [pool-1-thread-5] DEBUG com.mnc.udp.UDPServer - UDP-Server: Message-75-66
21:20:57.138 [pool-1-thread-3] DEBUG com.mnc.udp.UDPServer - UDP-Server: Message-97-61
21:20:57.138 [pool-1-thread-5] DEBUG com.mnc.udp.UDPServer - UDP-Server: Message-75-66 -> Message-75-66 (/127.0.0.1:49500)
21:20:57.138 [pool-1-thread-1] DEBUG com.mnc.udp.UDPServer - UDP-Server: Message-92-84 -> Message-92-84 (/127.0.0.1:49517)
21:20:57.138 [pool-1-thread-3] DEBUG com.mnc.udp.UDPServer - UDP-Server: Message-97-61 -> Message-97-61 (/127.0.0.1:49522)
21:20:57.138 [pool-1-thread-5] DEBUG com.mnc.udp.UDPServer - UDP-Server: Message-91-80
21:20:57.138 [pool-1-thread-3] DEBUG com.mnc.udp.UDPServer - UDP-Server: Message-68-66
21:20:57.138 [pool-1-thread-2] DEBUG com.mnc.udp.UDPServer - UDP-Server: Message-53-57
21:20:57.138 [pool-1-thread-5] DEBUG com.mnc.udp.UDPServer - UDP-Server: Message-91-80 -> Message-91-80 (/127.0.0.1:49516)
21:20:57.138 [pool-1-thread-3] DEBUG com.mnc.udp.UDPServer - UDP-Server: Message-68-66 -> Message-68-66 (/127.0.0.1:49493)
21:20:57.138 [pool-1-thread-4] DEBUG com.mnc.udp.UDPServer - UDP-Server: Message-71-70
21:20:57.138 [pool-1-thread-4] DEBUG com.mnc.udp.UDPServer - UDP-Server: Message-71-70 -> Message-71-70 (/127.0.0.1:49496)
21:20:57.138 [pool-1-thread-1] DEBUG com.mnc.udp.UDPServer - UDP-Server: Message-75-67
21:20:57.138 [pool-1-thread-3] DEBUG com.mnc.udp.UDPServer - UDP-Server: Message-97-59
21:20:57.138 [pool-1-thread-2] DEBUG com.mnc.udp.UDPServer - UDP-Server: Message-53-57 -> Message-53-57 (/127.0.0.1:49478)
21:20:57.138 [pool-1-thread-5] DEBUG com.mnc.udp.UDPServer - UDP-Server: Message-92-78
21:20:57.138 [pool-1-thread-1] DEBUG com.mnc.udp.UDPServer - UDP-Server: Message-75-67 -> Message-75-67 (/127.0.0.1:49500)
21:20:57.138 [pool-1-thread-5] DEBUG com.mnc.udp.UDPServer - UDP-Server: Message-92-78 -> Message-92-78 (/127.0.0.1:49517)
21:20:57.138 [pool-1-thread-3] DEBUG com.mnc.udp.UDPServer - UDP-Server: Message-97-59 -> Message-97-59 (/127.0.0.1:49522)
21:20:57.138 [pool-1-thread-4] DEBUG com.mnc.udp.UDPServer - UDP-Server: Message-91-76
21:20:57.138 [pool-1-thread-3] DEBUG com.mnc.udp.UDPServer - UDP-Server: Message-53-58
21:20:57.138 [pool-1-thread-4] DEBUG com.mnc.udp.UDPServer - UDP-Server: Message-91-76 -> Message-91-76 (/127.0.0.1:49516)
21:20:57.138 [pool-1-thread-3] DEBUG com.mnc.udp.UDPServer - UDP-Server: Message-53-58 -> Message-53-58 (/127.0.0.1:49478)
21:20:57.138 [pool-1-thread-2] DEBUG com.mnc.udp.UDPServer - UDP-Server: Message-68-67
21:20:57.138 [pool-1-thread-1] DEBUG com.mnc.udp.UDPServer - UDP-Server: Message-71-68
21:20:57.138 [pool-1-thread-5] DEBUG com.mnc.udp.UDPServer - UDP-Server: Message-97-53
21:20:57.138 [pool-1-thread-4] DEBUG com.mnc.udp.UDPServer - UDP-Server: Message-75-81
21:20:57.138 [pool-1-thread-2] DEBUG com.mnc.udp.UDPServer - UDP-Server: Message-68-67 -> Message-68-67 (/127.0.0.1:49493)
21:20:57.138 [pool-1-thread-1] DEBUG com.mnc.udp.UDPServer - UDP-Server: Message-71-68 -> Message-71-68 (/127.0.0.1:49496)
21:20:57.138 [pool-1-thread-2] DEBUG com.mnc.udp.UDPServer - UDP-Server: Message-92-79
21:20:57.138 [pool-1-thread-5] DEBUG com.mnc.udp.UDPServer - UDP-Server: Message-97-53 -> Message-97-53 (/127.0.0.1:49522)
21:20:57.138 [pool-1-thread-3] DEBUG com.mnc.udp.UDPServer - UDP-Server: Message-7-32
21:20:57.138 [pool-1-thread-4] DEBUG com.mnc.udp.UDPServer - UDP-Server: Message-75-81 -> Message-75-81 (/127.0.0.1:49500)
21:20:57.138 [pool-1-thread-5] DEBUG com.mnc.udp.UDPServer - UDP-Server: Message-53-56
21:20:57.138 [pool-1-thread-4] DEBUG com.mnc.udp.UDPServer - UDP-Server: Message-68-3
21:20:57.138 [pool-1-thread-5] DEBUG com.mnc.udp.UDPServer - UDP-Server: Message-53-56 -> Message-53-56 (/127.0.0.1:49478)
21:20:57.138 [pool-1-thread-2] DEBUG com.mnc.udp.UDPServer - UDP-Server: Message-92-79 -> Message-92-79 (/127.0.0.1:49517)
21:20:57.138 [pool-1-thread-1] DEBUG com.mnc.udp.UDPServer - UDP-Server: Message-91-77
21:20:57.138 [pool-1-thread-2] DEBUG com.mnc.udp.UDPServer - UDP-Server: Message-71-54
21:20:57.138 [pool-1-thread-1] DEBUG com.mnc.udp.UDPServer - UDP-Server: Message-91-77 -> Message-91-77 (/127.0.0.1:49516)
21:20:57.138 [pool-1-thread-2] DEBUG com.mnc.udp.UDPServer - UDP-Server: Message-71-54 -> Message-71-54 (/127.0.0.1:49496)
21:20:57.138 [pool-1-thread-3] DEBUG com.mnc.udp.UDPServer - UDP-Server: Message-7-32 -> Message-7-32 (/127.0.0.1:49432)
21:20:57.138 [pool-1-thread-1] DEBUG com.mnc.udp.UDPServer - UDP-Server: Message-97-54
21:20:57.138 [pool-1-thread-3] DEBUG com.mnc.udp.UDPServer - UDP-Server: Message-53-60
21:20:57.138 [pool-1-thread-3] DEBUG com.mnc.udp.UDPServer - UDP-Server: Message-53-60 -> Message-53-60 (/127.0.0.1:49478)
21:20:57.138 [pool-1-thread-3] DEBUG com.mnc.udp.UDPServer - UDP-Server: Message-92-80
21:20:57.138 [pool-1-thread-4] DEBUG com.mnc.udp.UDPServer - UDP-Server: Message-68-3 -> Message-68-3 (/127.0.0.1:49493)
21:20:57.138 [pool-1-thread-3] DEBUG com.mnc.udp.UDPServer - UDP-Server: Message-92-80 -> Message-92-80 (/127.0.0.1:49517)
21:20:57.138 [pool-1-thread-5] DEBUG com.mnc.udp.UDPServer - UDP-Server: Message-13-32
21:20:57.138 [pool-1-thread-4] DEBUG com.mnc.udp.UDPServer - UDP-Server: Message-91-75
21:20:57.138 [pool-1-thread-4] DEBUG com.mnc.udp.UDPServer - UDP-Server: Message-91-75 -> Message-91-75 (/127.0.0.1:49516)
21:20:57.138 [pool-1-thread-2] DEBUG com.mnc.udp.UDPServer - UDP-Server: Message-75-85
21:20:57.138 [pool-1-thread-1] DEBUG com.mnc.udp.UDPServer - UDP-Server: Message-97-54 -> Message-97-54 (/127.0.0.1:49522)
21:20:57.138 [pool-1-thread-5] DEBUG com.mnc.udp.UDPServer - UDP-Server: Message-13-32 -> Message-13-32 (/127.0.0.1:49438)
21:20:57.138 [pool-1-thread-3] DEBUG com.mnc.udp.UDPServer - UDP-Server: Message-71-55
21:20:57.138 [pool-1-thread-4] DEBUG com.mnc.udp.UDPServer - UDP-Server: Message-7-33
21:20:57.138 [pool-1-thread-2] DEBUG com.mnc.udp.UDPServer - UDP-Server: Message-75-85 -> Message-75-85 (/127.0.0.1:49500)
21:20:57.138 [pool-1-thread-1] DEBUG com.mnc.udp.UDPServer - UDP-Server: Message-53-61
21:20:57.138 [pool-1-thread-5] DEBUG com.mnc.udp.UDPServer - UDP-Server: Message-68-4
21:20:57.138 [pool-1-thread-3] DEBUG com.mnc.udp.UDPServer - UDP-Server: Message-71-55 -> Message-71-55 (/127.0.0.1:49496)
21:20:57.138 [pool-1-thread-5] DEBUG com.mnc.udp.UDPServer - UDP-Server: Message-68-4 -> Message-68-4 (/127.0.0.1:49493)
21:20:57.138 [pool-1-thread-4] DEBUG com.mnc.udp.UDPServer - UDP-Server: Message-7-33 -> Message-7-33 (/127.0.0.1:49432)
21:20:57.138 [pool-1-thread-1] DEBUG com.mnc.udp.UDPServer - UDP-Server: Message-53-61 -> Message-53-61 (/127.0.0.1:49478)
21:20:57.138 [pool-1-thread-2] DEBUG com.mnc.udp.UDPServer - UDP-Server: Message-92-76
21:20:57.139 [pool-1-thread-5] DEBUG com.mnc.udp.UDPServer - UDP-Server: Message-97-55
21:20:57.139 [pool-1-thread-1] DEBUG com.mnc.udp.UDPServer - UDP-Server: Message-75-86
21:20:57.138 [pool-1-thread-3] DEBUG com.mnc.udp.UDPServer - UDP-Server: Message-91-57
21:20:57.139 [pool-1-thread-4] DEBUG com.mnc.udp.UDPServer - UDP-Server: Message-13-33
21:20:57.139 [pool-1-thread-2] DEBUG com.mnc.udp.UDPServer - UDP-Server: Message-92-76 -> Message-92-76 (/127.0.0.1:49517)
21:20:57.139 [pool-1-thread-5] DEBUG com.mnc.udp.UDPServer - UDP-Server: Message-97-55 -> Message-97-55 (/127.0.0.1:49522)
21:20:57.139 [pool-1-thread-1] DEBUG com.mnc.udp.UDPServer - UDP-Server: Message-75-86 -> Message-75-86 (/127.0.0.1:49500)
21:20:57.139 [pool-1-thread-2] DEBUG com.mnc.udp.UDPServer - UDP-Server: Message-71-51
21:20:57.139 [pool-1-thread-3] DEBUG com.mnc.udp.UDPServer - UDP-Server: Message-91-57 -> Message-91-57 (/127.0.0.1:49516)
21:20:57.139 [pool-1-thread-2] DEBUG com.mnc.udp.UDPServer - UDP-Server: Message-71-51 -> Message-71-51 (/127.0.0.1:49496)
21:20:57.139 [pool-1-thread-1] DEBUG com.mnc.udp.UDPServer - UDP-Server: Message-7-31
21:20:57.139 [pool-1-thread-4] DEBUG com.mnc.udp.UDPServer - UDP-Server: Message-13-33 -> Message-13-33 (/127.0.0.1:49438)
21:20:57.139 [pool-1-thread-5] DEBUG com.mnc.udp.UDPServer - UDP-Server: Message-68-5
21:20:57.139 [pool-1-thread-2] DEBUG com.mnc.udp.UDPServer - UDP-Server: Message-53-59
21:20:57.139 [pool-1-thread-3] DEBUG com.mnc.udp.UDPServer - UDP-Server: Message-92-77
21:20:57.139 [pool-1-thread-1] DEBUG com.mnc.udp.UDPServer - UDP-Server: Message-7-31 -> Message-7-31 (/127.0.0.1:49432)
21:20:57.139 [pool-1-thread-3] DEBUG com.mnc.udp.UDPServer - UDP-Server: Message-92-77 -> Message-92-77 (/127.0.0.1:49517)
21:20:57.139 [pool-1-thread-5] DEBUG com.mnc.udp.UDPServer - UDP-Server: Message-68-5 -> Message-68-5 (/127.0.0.1:49493)
21:20:57.139 [pool-1-thread-2] DEBUG com.mnc.udp.UDPServer - UDP-Server: Message-53-59 -> Message-53-59 (/127.0.0.1:49478)
21:20:57.139 [pool-1-thread-4] DEBUG com.mnc.udp.UDPServer - UDP-Server: Message-97-51
21:20:57.139 [pool-1-thread-5] DEBUG com.mnc.udp.UDPServer - UDP-Server: Message-91-58
21:20:57.139 [pool-1-thread-4] DEBUG com.mnc.udp.UDPServer - UDP-Server: Message-97-51 -> Message-97-51 (/127.0.0.1:49522)
21:20:57.139 [pool-1-thread-5] DEBUG com.mnc.udp.UDPServer - UDP-Server: Message-91-58 -> Message-91-58 (/127.0.0.1:49516)
21:20:57.139 [pool-1-thread-3] DEBUG com.mnc.udp.UDPServer - UDP-Server: Message-71-52
21:20:57.139 [pool-1-thread-4] DEBUG com.mnc.udp.UDPServer - UDP-Server: Message-92-75
21:20:57.139 [pool-1-thread-4] DEBUG com.mnc.udp.UDPServer - UDP-Server: Message-92-75 -> Message-92-75 (/127.0.0.1:49517)
21:20:57.139 [pool-1-thread-1] DEBUG com.mnc.udp.UDPServer - UDP-Server: Message-75-84
21:20:57.139 [pool-1-thread-4] DEBUG com.mnc.udp.UDPServer - UDP-Server: Message-53-53
21:20:57.139 [pool-1-thread-1] DEBUG com.mnc.udp.UDPServer - UDP-Server: Message-75-84 -> Message-75-84 (/127.0.0.1:49500)
21:20:57.139 [pool-1-thread-1] DEBUG com.mnc.udp.UDPServer - UDP-Server: Message-68-1
21:20:57.139 [pool-1-thread-1] DEBUG com.mnc.udp.UDPServer - UDP-Server: Message-68-1 -> Message-68-1 (/127.0.0.1:49493)
21:20:57.139 [pool-1-thread-2] DEBUG com.mnc.udp.UDPServer - UDP-Server: Message-13-31
21:20:57.139 [pool-1-thread-5] DEBUG com.mnc.udp.UDPServer - UDP-Server: Message-7-35
21:20:57.139 [pool-1-thread-3] DEBUG com.mnc.udp.UDPServer - UDP-Server: Message-71-52 -> Message-71-52 (/127.0.0.1:49496)
21:20:57.139 [pool-1-thread-4] DEBUG com.mnc.udp.UDPServer - UDP-Server: Message-53-53 -> Message-53-53 (/127.0.0.1:49478)
21:20:57.139 [pool-1-thread-3] DEBUG com.mnc.udp.UDPServer - UDP-Server: Message-91-56
21:20:57.139 [pool-1-thread-3] DEBUG com.mnc.udp.UDPServer - UDP-Server: Message-91-56 -> Message-91-56 (/127.0.0.1:49516)
21:20:57.139 [pool-1-thread-2] DEBUG com.mnc.udp.UDPServer - UDP-Server: Message-13-31 -> Message-13-31 (/127.0.0.1:49438)
21:20:57.139 [pool-1-thread-3] DEBUG com.mnc.udp.UDPServer - UDP-Server: Message-75-78
21:20:57.139 [pool-1-thread-1] DEBUG com.mnc.udp.UDPServer - UDP-Server: Message-97-52
21:20:57.139 [pool-1-thread-2] DEBUG com.mnc.udp.UDPServer - UDP-Server: Message-68-2
21:20:57.139 [pool-1-thread-2] DEBUG com.mnc.udp.UDPServer - UDP-Server: Message-68-2 -> Message-68-2 (/127.0.0.1:49493)
21:20:57.139 [pool-1-thread-1] DEBUG com.mnc.udp.UDPServer - UDP-Server: Message-97-52 -> Message-97-52 (/127.0.0.1:49522)
21:20:57.139 [pool-1-thread-5] DEBUG com.mnc.udp.UDPServer - UDP-Server: Message-7-35 -> Message-7-35 (/127.0.0.1:49432)
21:20:57.139 [pool-1-thread-4] DEBUG com.mnc.udp.UDPServer - UDP-Server: Message-92-57
21:20:57.139 [pool-1-thread-3] DEBUG com.mnc.udp.UDPServer - UDP-Server: Message-75-78 -> Message-75-78 (/127.0.0.1:49500)
21:20:57.139 [pool-1-thread-4] DEBUG com.mnc.udp.UDPServer - UDP-Server: Message-92-57 -> Message-92-57 (/127.0.0.1:49517)
21:20:57.139 [pool-1-thread-1] DEBUG com.mnc.udp.UDPServer - UDP-Server: Message-91-60
21:20:57.139 [pool-1-thread-2] DEBUG com.mnc.udp.UDPServer - UDP-Server: Message-71-63
21:20:57.139 [pool-1-thread-4] DEBUG com.mnc.udp.UDPServer - UDP-Server: Message-13-35
21:20:57.139 [pool-1-thread-5] DEBUG com.mnc.udp.UDPServer - UDP-Server: Message-53-54
21:20:57.139 [pool-1-thread-5] DEBUG com.mnc.udp.UDPServer - UDP-Server: Message-53-54 -> Message-53-54 (/127.0.0.1:49478)
21:20:57.139 [pool-1-thread-1] DEBUG com.mnc.udp.UDPServer - UDP-Server: Message-91-60 -> Message-91-60 (/127.0.0.1:49516)
21:20:57.139 [pool-1-thread-2] DEBUG com.mnc.udp.UDPServer - UDP-Server: Message-71-63 -> Message-71-63 (/127.0.0.1:49496)
21:20:57.139 [pool-1-thread-1] DEBUG com.mnc.udp.UDPServer - UDP-Server: Message-97-50
21:20:57.139 [pool-1-thread-2] DEBUG com.mnc.udp.UDPServer - UDP-Server: Message-92-58
21:20:57.139 [pool-1-thread-3] DEBUG com.mnc.udp.UDPServer - UDP-Server: Message-68-0
21:20:57.139 [pool-1-thread-4] DEBUG com.mnc.udp.UDPServer - UDP-Server: Message-13-35 -> Message-13-35 (/127.0.0.1:49438)
21:20:57.139 [pool-1-thread-5] DEBUG com.mnc.udp.UDPServer - UDP-Server: Message-7-36
21:20:57.139 [pool-1-thread-4] DEBUG com.mnc.udp.UDPServer - UDP-Server: Message-75-3
21:20:57.139 [pool-1-thread-4] DEBUG com.mnc.udp.UDPServer - UDP-Server: Message-75-3 -> Message-75-3 (/127.0.0.1:49500)
21:20:57.139 [pool-1-thread-1] DEBUG com.mnc.udp.UDPServer - UDP-Server: Message-97-50 -> Message-97-50 (/127.0.0.1:49522)
21:20:57.139 [pool-1-thread-4] DEBUG com.mnc.udp.UDPServer - UDP-Server: Message-53-55
21:20:57.139 [pool-1-thread-2] DEBUG com.mnc.udp.UDPServer - UDP-Server: Message-92-58 -> Message-92-58 (/127.0.0.1:49517)
21:20:57.139 [pool-1-thread-3] DEBUG com.mnc.udp.UDPServer - UDP-Server: Message-68-0 -> Message-68-0 (/127.0.0.1:49493)
21:20:57.139 [pool-1-thread-2] DEBUG com.mnc.udp.UDPServer - UDP-Server: Message-91-61
21:20:57.139 [pool-1-thread-2] DEBUG com.mnc.udp.UDPServer - UDP-Server: Message-91-61 -> Message-91-61 (/127.0.0.1:49516)
21:20:57.139 [pool-1-thread-5] DEBUG com.mnc.udp.UDPServer - UDP-Server: Message-7-36 -> Message-7-36 (/127.0.0.1:49432)
21:20:57.139 [pool-1-thread-4] DEBUG com.mnc.udp.UDPServer - UDP-Server: Message-53-55 -> Message-53-55 (/127.0.0.1:49478)
21:20:57.139 [pool-1-thread-1] DEBUG com.mnc.udp.UDPServer - UDP-Server: Message-71-64
21:20:57.139 [pool-1-thread-3] DEBUG com.mnc.udp.UDPServer - UDP-Server: Message-13-36
21:20:57.139 [pool-1-thread-2] DEBUG com.mnc.udp.UDPServer - UDP-Server: Message-75-4
21:20:57.140 [pool-1-thread-3] DEBUG com.mnc.udp.UDPServer - UDP-Server: Message-13-36 -> Message-13-36 (/127.0.0.1:49438)
21:20:57.140 [pool-1-thread-5] DEBUG com.mnc.udp.UDPServer - UDP-Server: Message-97-71
21:20:57.139 [pool-1-thread-1] DEBUG com.mnc.udp.UDPServer - UDP-Server: Message-71-64 -> Message-71-64 (/127.0.0.1:49496)
21:20:57.140 [pool-1-thread-3] DEBUG com.mnc.udp.UDPServer - UDP-Server: Message-92-56
21:20:57.140 [pool-1-thread-2] DEBUG com.mnc.udp.UDPServer - UDP-Server: Message-75-4 -> Message-75-4 (/127.0.0.1:49500)
21:20:57.140 [pool-1-thread-4] DEBUG com.mnc.udp.UDPServer - UDP-Server: Message-91-59
21:20:57.140 [pool-1-thread-5] DEBUG com.mnc.udp.UDPServer - UDP-Server: Message-97-71 -> Message-97-71 (/127.0.0.1:49522)
21:20:57.140 [pool-1-thread-3] DEBUG com.mnc.udp.UDPServer - UDP-Server: Message-92-56 -> Message-92-56 (/127.0.0.1:49517)
21:20:57.140 [pool-1-thread-1] DEBUG com.mnc.udp.UDPServer - UDP-Server: Message-53-51
21:20:57.140 [pool-1-thread-4] DEBUG com.mnc.udp.UDPServer - UDP-Server: Message-91-59 -> Message-91-59 (/127.0.0.1:49516)
21:20:57.140 [pool-1-thread-2] DEBUG com.mnc.udp.UDPServer - UDP-Server: Message-7-34
21:20:57.140 [pool-1-thread-3] DEBUG com.mnc.udp.UDPServer - UDP-Server: Message-71-50
21:20:57.140 [pool-1-thread-2] DEBUG com.mnc.udp.UDPServer - UDP-Server: Message-7-34 -> Message-7-34 (/127.0.0.1:49432)
21:20:57.140 [pool-1-thread-5] DEBUG com.mnc.udp.UDPServer - UDP-Server: Message-13-34
21:20:57.140 [pool-1-thread-4] DEBUG com.mnc.udp.UDPServer - UDP-Server: Message-75-5
21:20:57.140 [pool-1-thread-1] DEBUG com.mnc.udp.UDPServer - UDP-Server: Message-53-51 -> Message-53-51 (/127.0.0.1:49478)
21:20:57.140 [pool-1-thread-4] DEBUG com.mnc.udp.UDPServer - UDP-Server: Message-75-5 -> Message-75-5 (/127.0.0.1:49500)
21:20:57.140 [pool-1-thread-3] DEBUG com.mnc.udp.UDPServer - UDP-Server: Message-71-50 -> Message-71-50 (/127.0.0.1:49496)
21:20:57.140 [pool-1-thread-2] DEBUG com.mnc.udp.UDPServer - UDP-Server: Message-97-72
21:20:57.140 [pool-1-thread-3] DEBUG com.mnc.udp.UDPServer - UDP-Server: Message-91-53
21:20:57.140 [pool-1-thread-5] DEBUG com.mnc.udp.UDPServer - UDP-Server: Message-13-34 -> Message-13-34 (/127.0.0.1:49438)
21:20:57.140 [pool-1-thread-1] DEBUG com.mnc.udp.UDPServer - UDP-Server: Message-92-60
21:20:57.140 [pool-1-thread-4] DEBUG com.mnc.udp.UDPServer - UDP-Server: Message-7-28
21:20:57.140 [pool-1-thread-1] DEBUG com.mnc.udp.UDPServer - UDP-Server: Message-92-60 -> Message-92-60 (/127.0.0.1:49517)
21:20:57.140 [pool-1-thread-4] DEBUG com.mnc.udp.UDPServer - UDP-Server: Message-7-28 -> Message-7-28 (/127.0.0.1:49432)
21:20:57.140 [pool-1-thread-5] DEBUG com.mnc.udp.UDPServer - UDP-Server: Message-53-52
21:20:57.140 [pool-1-thread-2] DEBUG com.mnc.udp.UDPServer - UDP-Server: Message-97-72 -> Message-97-72 (/127.0.0.1:49522)
21:20:57.140 [pool-1-thread-5] DEBUG com.mnc.udp.UDPServer - UDP-Server: Message-53-52 -> Message-53-52 (/127.0.0.1:49478)
21:20:57.140 [pool-1-thread-3] DEBUG com.mnc.udp.UDPServer - UDP-Server: Message-91-53 -> Message-91-53 (/127.0.0.1:49516)
21:20:57.140 [pool-1-thread-1] DEBUG com.mnc.udp.UDPServer - UDP-Server: Message-71-62
21:20:57.140 [pool-1-thread-4] DEBUG com.mnc.udp.UDPServer - UDP-Server: Message-75-79
21:20:57.140 [pool-1-thread-1] DEBUG com.mnc.udp.UDPServer - UDP-Server: Message-71-62 -> Message-71-62 (/127.0.0.1:49496)
21:20:57.140 [pool-1-thread-2] DEBUG com.mnc.udp.UDPServer - UDP-Server: Message-92-61
21:20:57.140 [pool-1-thread-3] DEBUG com.mnc.udp.UDPServer - UDP-Server: Message-13-28
21:20:57.140 [pool-1-thread-4] DEBUG com.mnc.udp.UDPServer - UDP-Server: Message-75-79 -> Message-75-79 (/127.0.0.1:49500)
21:20:57.140 [pool-1-thread-5] DEBUG com.mnc.udp.UDPServer - UDP-Server: Message-7-29
21:20:57.140 [pool-1-thread-1] DEBUG com.mnc.udp.UDPServer - UDP-Server: Message-97-73
21:20:57.140 [pool-1-thread-1] DEBUG com.mnc.udp.UDPServer - UDP-Server: Message-97-73 -> Message-97-73 (/127.0.0.1:49522)
21:20:57.140 [pool-1-thread-2] DEBUG com.mnc.udp.UDPServer - UDP-Server: Message-92-61 -> Message-92-61 (/127.0.0.1:49517)
21:20:57.140 [pool-1-thread-1] DEBUG com.mnc.udp.UDPServer - UDP-Server: Message-53-50
21:20:57.140 [pool-1-thread-1] DEBUG com.mnc.udp.UDPServer - UDP-Server: Message-53-50 -> Message-53-50 (/127.0.0.1:49478)
21:20:57.140 [pool-1-thread-3] DEBUG com.mnc.udp.UDPServer - UDP-Server: Message-13-28 -> Message-13-28 (/127.0.0.1:49438)
21:20:57.140 [pool-1-thread-2] DEBUG com.mnc.udp.UDPServer - UDP-Server: Message-71-66
21:20:57.140 [pool-1-thread-5] DEBUG com.mnc.udp.UDPServer - UDP-Server: Message-7-29 -> Message-7-29 (/127.0.0.1:49432)
21:20:57.140 [pool-1-thread-4] DEBUG com.mnc.udp.UDPServer - UDP-Server: Message-91-54
21:20:57.140 [pool-1-thread-4] DEBUG com.mnc.udp.UDPServer - UDP-Server: Message-91-54 -> Message-91-54 (/127.0.0.1:49516)
21:20:57.140 [pool-1-thread-3] DEBUG com.mnc.udp.UDPServer - UDP-Server: Message-97-74
21:20:57.140 [pool-1-thread-3] DEBUG com.mnc.udp.UDPServer - UDP-Server: Message-97-74 -> Message-97-74 (/127.0.0.1:49522)
21:20:57.140 [pool-1-thread-2] DEBUG com.mnc.udp.UDPServer - UDP-Server: Message-71-66 -> Message-71-66 (/127.0.0.1:49496)
21:20:57.140 [pool-1-thread-1] DEBUG com.mnc.udp.UDPServer - UDP-Server: Message-75-80
21:20:57.140 [pool-1-thread-1] DEBUG com.mnc.udp.UDPServer - UDP-Server: Message-75-80 -> Message-75-80 (/127.0.0.1:49500)
21:20:57.140 [pool-1-thread-2] DEBUG com.mnc.udp.UDPServer - UDP-Server: Message-7-30
21:20:57.140 [pool-1-thread-5] DEBUG com.mnc.udp.UDPServer - UDP-Server: Message-92-59
21:20:57.140 [pool-1-thread-1] DEBUG com.mnc.udp.UDPServer - UDP-Server: Message-91-55
21:20:57.140 [pool-1-thread-4] DEBUG com.mnc.udp.UDPServer - UDP-Server: Message-53-71
21:20:57.140 [pool-1-thread-3] DEBUG com.mnc.udp.UDPServer - UDP-Server: Message-13-29
21:20:57.140 [pool-1-thread-2] DEBUG com.mnc.udp.UDPServer - UDP-Server: Message-7-30 -> Message-7-30 (/127.0.0.1:49432)
21:20:57.140 [pool-1-thread-5] DEBUG com.mnc.udp.UDPServer - UDP-Server: Message-92-59 -> Message-92-59 (/127.0.0.1:49517)
21:20:57.140 [pool-1-thread-1] DEBUG com.mnc.udp.UDPServer - UDP-Server: Message-91-55 -> Message-91-55 (/127.0.0.1:49516)
21:20:57.141 [pool-1-thread-2] DEBUG com.mnc.udp.UDPServer - UDP-Server: Message-97-69
21:20:57.141 [pool-1-thread-5] DEBUG com.mnc.udp.UDPServer - UDP-Server: Message-71-67
21:20:57.141 [pool-1-thread-5] DEBUG com.mnc.udp.UDPServer - UDP-Server: Message-71-67 -> Message-71-67 (/127.0.0.1:49496)
21:20:57.141 [pool-1-thread-2] DEBUG com.mnc.udp.UDPServer - UDP-Server: Message-97-69 -> Message-97-69 (/127.0.0.1:49522)
21:20:57.140 [pool-1-thread-4] DEBUG com.mnc.udp.UDPServer - UDP-Server: Message-53-71 -> Message-53-71 (/127.0.0.1:49478)
21:20:57.140 [pool-1-thread-3] DEBUG com.mnc.udp.UDPServer - UDP-Server: Message-13-29 -> Message-13-29 (/127.0.0.1:49438)
21:20:57.141 [pool-1-thread-2] DEBUG com.mnc.udp.UDPServer - UDP-Server: Message-7-26
21:20:57.141 [pool-1-thread-1] DEBUG com.mnc.udp.UDPServer - UDP-Server: Message-75-1
21:20:57.141 [pool-1-thread-2] DEBUG com.mnc.udp.UDPServer - UDP-Server: Message-7-26 -> Message-7-26 (/127.0.0.1:49432)
21:20:57.141 [pool-1-thread-1] DEBUG com.mnc.udp.UDPServer - UDP-Server: Message-75-1 -> Message-75-1 (/127.0.0.1:49500)
21:20:57.141 [pool-1-thread-3] DEBUG com.mnc.udp.UDPServer - UDP-Server: Message-92-53
21:20:57.141 [pool-1-thread-3] DEBUG com.mnc.udp.UDPServer - UDP-Server: Message-92-53 -> Message-92-53 (/127.0.0.1:49517)
21:20:57.141 [pool-1-thread-2] DEBUG com.mnc.udp.UDPServer - UDP-Server: Message-91-51
21:20:57.141 [pool-1-thread-2] DEBUG com.mnc.udp.UDPServer - UDP-Server: Message-91-51 -> Message-91-51 (/127.0.0.1:49516)
21:20:57.141 [pool-1-thread-4] DEBUG com.mnc.udp.UDPServer - UDP-Server: Message-28-32
21:20:57.141 [pool-1-thread-1] DEBUG com.mnc.udp.UDPServer - UDP-Server: Message-97-70
21:20:57.141 [pool-1-thread-5] DEBUG com.mnc.udp.UDPServer - UDP-Server: Message-53-72
21:20:57.141 [pool-1-thread-1] DEBUG com.mnc.udp.UDPServer - UDP-Server: Message-97-70 -> Message-97-70 (/127.0.0.1:49522)
21:20:57.141 [pool-1-thread-3] DEBUG com.mnc.udp.UDPServer - UDP-Server: Message-13-30
21:20:57.141 [pool-1-thread-5] DEBUG com.mnc.udp.UDPServer - UDP-Server: Message-53-72 -> Message-53-72 (/127.0.0.1:49478)
21:20:57.141 [pool-1-thread-3] DEBUG com.mnc.udp.UDPServer - UDP-Server: Message-13-30 -> Message-13-30 (/127.0.0.1:49438)
21:20:57.141 [pool-1-thread-3] DEBUG com.mnc.udp.UDPServer - UDP-Server: Message-75-2
21:20:57.141 [pool-1-thread-3] DEBUG com.mnc.udp.UDPServer - UDP-Server: Message-75-2 -> Message-75-2 (/127.0.0.1:49500)
21:20:57.141 [pool-1-thread-4] DEBUG com.mnc.udp.UDPServer - UDP-Server: Message-28-32 -> Message-28-32 (/127.0.0.1:49453)
21:20:57.141 [pool-1-thread-1] DEBUG com.mnc.udp.UDPServer - UDP-Server: Message-92-54
21:20:57.141 [pool-1-thread-1] DEBUG com.mnc.udp.UDPServer - UDP-Server: Message-92-54 -> Message-92-54 (/127.0.0.1:49517)
21:20:57.141 [pool-1-thread-2] DEBUG com.mnc.udp.UDPServer - UDP-Server: Message-7-27
21:20:57.141 [pool-1-thread-3] DEBUG com.mnc.udp.UDPServer - UDP-Server: Message-53-73
21:20:57.141 [pool-1-thread-2] DEBUG com.mnc.udp.UDPServer - UDP-Server: Message-7-27 -> Message-7-27 (/127.0.0.1:49432)
21:20:57.141 [pool-1-thread-5] DEBUG com.mnc.udp.UDPServer - UDP-Server: Message-91-71
21:20:57.141 [pool-1-thread-3] DEBUG com.mnc.udp.UDPServer - UDP-Server: Message-53-73 -> Message-53-73 (/127.0.0.1:49478)
21:20:57.141 [pool-1-thread-5] DEBUG com.mnc.udp.UDPServer - UDP-Server: Message-91-71 -> Message-91-71 (/127.0.0.1:49516)
21:20:57.141 [pool-1-thread-4] DEBUG com.mnc.udp.UDPServer - UDP-Server: Message-97-68
21:20:57.141 [pool-1-thread-1] DEBUG com.mnc.udp.UDPServer - UDP-Server: Message-13-26
21:20:57.141 [pool-1-thread-5] DEBUG com.mnc.udp.UDPServer - UDP-Server: Message-92-55
21:20:57.141 [pool-1-thread-2] DEBUG com.mnc.udp.UDPServer - UDP-Server: Message-75-0
21:20:57.141 [pool-1-thread-3] DEBUG com.mnc.udp.UDPServer - UDP-Server: Message-28-33
21:20:57.141 [pool-1-thread-3] DEBUG com.mnc.udp.UDPServer - UDP-Server: Message-28-33 -> Message-28-33 (/127.0.0.1:49453)
21:20:57.141 [pool-1-thread-4] DEBUG com.mnc.udp.UDPServer - UDP-Server: Message-97-68 -> Message-97-68 (/127.0.0.1:49522)
21:20:57.141 [pool-1-thread-3] DEBUG com.mnc.udp.UDPServer - UDP-Server: Message-7-25
21:20:57.141 [pool-1-thread-3] DEBUG com.mnc.udp.UDPServer - UDP-Server: Message-7-25 -> Message-7-25 (/127.0.0.1:49432)
21:20:57.141 [pool-1-thread-4] DEBUG com.mnc.udp.UDPServer - UDP-Server: Message-53-74
21:20:57.141 [pool-1-thread-1] DEBUG com.mnc.udp.UDPServer - UDP-Server: Message-13-26 -> Message-13-26 (/127.0.0.1:49438)
21:20:57.141 [pool-1-thread-5] DEBUG com.mnc.udp.UDPServer - UDP-Server: Message-92-55 -> Message-92-55 (/127.0.0.1:49517)
21:20:57.141 [pool-1-thread-3] DEBUG com.mnc.udp.UDPServer - UDP-Server: Message-91-72
21:20:57.141 [pool-1-thread-3] DEBUG com.mnc.udp.UDPServer - UDP-Server: Message-91-72 -> Message-91-72 (/127.0.0.1:49516)
21:20:57.141 [pool-1-thread-2] DEBUG com.mnc.udp.UDPServer - UDP-Server: Message-75-0 -> Message-75-0 (/127.0.0.1:49500)
21:20:57.141 [pool-1-thread-1] DEBUG com.mnc.udp.UDPServer - UDP-Server: Message-28-31
21:20:57.141 [pool-1-thread-3] DEBUG com.mnc.udp.UDPServer - UDP-Server: Message-97-63
21:20:57.141 [pool-1-thread-1] DEBUG com.mnc.udp.UDPServer - UDP-Server: Message-28-31 -> Message-28-31 (/127.0.0.1:49453)
21:20:57.141 [pool-1-thread-4] DEBUG com.mnc.udp.UDPServer - UDP-Server: Message-53-74 -> Message-53-74 (/127.0.0.1:49478)
21:20:57.141 [pool-1-thread-5] DEBUG com.mnc.udp.UDPServer - UDP-Server: Message-7-90
21:20:57.141 [pool-1-thread-3] DEBUG com.mnc.udp.UDPServer - UDP-Server: Message-97-63 -> Message-97-63 (/127.0.0.1:49522)
21:20:57.141 [pool-1-thread-2] DEBUG com.mnc.udp.UDPServer - UDP-Server: Message-91-52
21:20:57.141 [pool-1-thread-2] DEBUG com.mnc.udp.UDPServer - UDP-Server: Message-91-52 -> Message-91-52 (/127.0.0.1:49516)
21:20:57.141 [pool-1-thread-4] DEBUG com.mnc.udp.UDPServer - UDP-Server: Message-13-27
21:20:57.141 [pool-1-thread-3] DEBUG com.mnc.udp.UDPServer - UDP-Server: Message-75-76
21:20:57.141 [pool-1-thread-5] DEBUG com.mnc.udp.UDPServer - UDP-Server: Message-7-90 -> Message-7-90 (/127.0.0.1:49432)
21:20:57.141 [pool-1-thread-1] DEBUG com.mnc.udp.UDPServer - UDP-Server: Message-92-51
21:20:57.141 [pool-1-thread-1] DEBUG com.mnc.udp.UDPServer - UDP-Server: Message-92-51 -> Message-92-51 (/127.0.0.1:49517)
21:20:57.141 [pool-1-thread-2] DEBUG com.mnc.udp.UDPServer - UDP-Server: Message-28-35
21:20:57.141 [pool-1-thread-3] DEBUG com.mnc.udp.UDPServer - UDP-Server: Message-75-76 -> Message-75-76 (/127.0.0.1:49500)
21:20:57.142 [pool-1-thread-1] DEBUG com.mnc.udp.UDPServer - UDP-Server: Message-97-64
21:20:57.142 [pool-1-thread-2] DEBUG com.mnc.udp.UDPServer - UDP-Server: Message-28-35 -> Message-28-35 (/127.0.0.1:49453)
21:20:57.141 [pool-1-thread-4] DEBUG com.mnc.udp.UDPServer - UDP-Server: Message-13-27 -> Message-13-27 (/127.0.0.1:49438)
21:20:57.141 [pool-1-thread-5] DEBUG com.mnc.udp.UDPServer - UDP-Server: Message-53-69
21:20:57.142 [pool-1-thread-2] DEBUG com.mnc.udp.UDPServer - UDP-Server: Message-7-15
21:20:57.142 [pool-1-thread-1] DEBUG com.mnc.udp.UDPServer - UDP-Server: Message-97-64 -> Message-97-64 (/127.0.0.1:49522)
21:20:57.142 [pool-1-thread-2] DEBUG com.mnc.udp.UDPServer - UDP-Server: Message-7-15 -> Message-7-15 (/127.0.0.1:49432)
21:20:57.142 [pool-1-thread-3] DEBUG com.mnc.udp.UDPServer - UDP-Server: Message-91-50
21:20:57.142 [pool-1-thread-5] DEBUG com.mnc.udp.UDPServer - UDP-Server: Message-53-69 -> Message-53-69 (/127.0.0.1:49478)
21:20:57.142 [pool-1-thread-3] DEBUG com.mnc.udp.UDPServer - UDP-Server: Message-91-50 -> Message-91-50 (/127.0.0.1:49516)
21:20:57.142 [pool-1-thread-2] DEBUG com.mnc.udp.UDPServer - UDP-Server: Message-75-77
21:20:57.142 [pool-1-thread-4] DEBUG com.mnc.udp.UDPServer - UDP-Server: Message-92-52
21:20:57.142 [pool-1-thread-2] DEBUG com.mnc.udp.UDPServer - UDP-Server: Message-75-77 -> Message-75-77 (/127.0.0.1:49500)
21:20:57.142 [pool-1-thread-1] DEBUG com.mnc.udp.UDPServer - UDP-Server: Message-28-36
21:20:57.142 [pool-1-thread-3] DEBUG com.mnc.udp.UDPServer - UDP-Server: Message-13-25
21:20:57.142 [pool-1-thread-2] DEBUG com.mnc.udp.UDPServer - UDP-Server: Message-97-62
21:20:57.142 [pool-1-thread-1] DEBUG com.mnc.udp.UDPServer - UDP-Server: Message-28-36 -> Message-28-36 (/127.0.0.1:49453)
21:20:57.142 [pool-1-thread-4] DEBUG com.mnc.udp.UDPServer - UDP-Server: Message-92-52 -> Message-92-52 (/127.0.0.1:49517)
21:20:57.142 [pool-1-thread-5] DEBUG com.mnc.udp.UDPServer - UDP-Server: Message-7-44
21:20:57.142 [pool-1-thread-3] DEBUG com.mnc.udp.UDPServer - UDP-Server: Message-13-25 -> Message-13-25 (/127.0.0.1:49438)
21:20:57.142 [pool-1-thread-1] DEBUG com.mnc.udp.UDPServer - UDP-Server: Message-91-73
21:20:57.142 [pool-1-thread-2] DEBUG com.mnc.udp.UDPServer - UDP-Server: Message-97-62 -> Message-97-62 (/127.0.0.1:49522)
21:20:57.142 [pool-1-thread-1] DEBUG com.mnc.udp.UDPServer - UDP-Server: Message-91-73 -> Message-91-73 (/127.0.0.1:49516)
21:20:57.142 [pool-1-thread-5] DEBUG com.mnc.udp.UDPServer - UDP-Server: Message-7-44 -> Message-7-44 (/127.0.0.1:49432)
21:20:57.142 [pool-1-thread-4] DEBUG com.mnc.udp.UDPServer - UDP-Server: Message-53-70
21:20:57.142 [pool-1-thread-3] DEBUG com.mnc.udp.UDPServer - UDP-Server: Message-75-75
21:20:57.142 [pool-1-thread-3] DEBUG com.mnc.udp.UDPServer - UDP-Server: Message-75-75 -> Message-75-75 (/127.0.0.1:49500)
21:20:57.142 [pool-1-thread-2] DEBUG com.mnc.udp.UDPServer - UDP-Server: Message-92-50
21:20:57.142 [pool-1-thread-5] DEBUG com.mnc.udp.UDPServer - UDP-Server: Message-13-44
21:20:57.142 [pool-1-thread-3] DEBUG com.mnc.udp.UDPServer - UDP-Server: Message-91-74
21:20:57.142 [pool-1-thread-2] DEBUG com.mnc.udp.UDPServer - UDP-Server: Message-92-50 -> Message-92-50 (/127.0.0.1:49517)
21:20:57.142 [pool-1-thread-3] DEBUG com.mnc.udp.UDPServer - UDP-Server: Message-91-74 -> Message-91-74 (/127.0.0.1:49516)
21:20:57.142 [pool-1-thread-4] DEBUG com.mnc.udp.UDPServer - UDP-Server: Message-53-70 -> Message-53-70 (/127.0.0.1:49478)
21:20:57.142 [pool-1-thread-1] DEBUG com.mnc.udp.UDPServer - UDP-Server: Message-28-34
21:20:57.142 [pool-1-thread-3] DEBUG com.mnc.udp.UDPServer - UDP-Server: Message-97-66
21:20:57.142 [pool-1-thread-1] DEBUG com.mnc.udp.UDPServer - UDP-Server: Message-28-34 -> Message-28-34 (/127.0.0.1:49453)
21:20:57.142 [pool-1-thread-5] DEBUG com.mnc.udp.UDPServer - UDP-Server: Message-13-44 -> Message-13-44 (/127.0.0.1:49438)
21:20:57.142 [pool-1-thread-2] DEBUG com.mnc.udp.UDPServer - UDP-Server: Message-7-45
21:20:57.142 [pool-1-thread-3] DEBUG com.mnc.udp.UDPServer - UDP-Server: Message-97-66 -> Message-97-66 (/127.0.0.1:49522)
21:20:57.142 [pool-1-thread-2] DEBUG com.mnc.udp.UDPServer - UDP-Server: Message-7-45 -> Message-7-45 (/127.0.0.1:49432)
21:20:57.142 [pool-1-thread-4] DEBUG com.mnc.udp.UDPServer - UDP-Server: Message-92-71
21:20:57.142 [pool-1-thread-4] DEBUG com.mnc.udp.UDPServer - UDP-Server: Message-92-71 -> Message-92-71 (/127.0.0.1:49517)
21:20:57.142 [pool-1-thread-1] DEBUG com.mnc.udp.UDPServer - UDP-Server: Message-91-69
21:20:57.142 [pool-1-thread-5] DEBUG com.mnc.udp.UDPServer - UDP-Server: Message-53-68
21:20:57.142 [pool-1-thread-5] DEBUG com.mnc.udp.UDPServer - UDP-Server: Message-53-68 -> Message-53-68 (/127.0.0.1:49478)
21:20:57.142 [pool-1-thread-1] DEBUG com.mnc.udp.UDPServer - UDP-Server: Message-91-69 -> Message-91-69 (/127.0.0.1:49516)
21:20:57.142 [pool-1-thread-2] DEBUG com.mnc.udp.UDPServer - UDP-Server: Message-28-28
21:20:57.142 [pool-1-thread-5] DEBUG com.mnc.udp.UDPServer - UDP-Server: Message-7-43
21:20:57.142 [pool-1-thread-2] DEBUG com.mnc.udp.UDPServer - UDP-Server: Message-28-28 -> Message-28-28 (/127.0.0.1:49453)
21:20:57.142 [pool-1-thread-5] DEBUG com.mnc.udp.UDPServer - UDP-Server: Message-7-43 -> Message-7-43 (/127.0.0.1:49432)
21:20:57.142 [pool-1-thread-3] DEBUG com.mnc.udp.UDPServer - UDP-Server: Message-13-45
21:20:57.142 [pool-1-thread-4] DEBUG com.mnc.udp.UDPServer - UDP-Server: Message-97-67
21:20:57.142 [pool-1-thread-1] DEBUG com.mnc.udp.UDPServer - UDP-Server: Message-92-72
21:20:57.142 [pool-1-thread-3] DEBUG com.mnc.udp.UDPServer - UDP-Server: Message-13-45 -> Message-13-45 (/127.0.0.1:49438)
21:20:57.142 [pool-1-thread-4] DEBUG com.mnc.udp.UDPServer - UDP-Server: Message-97-67 -> Message-97-67 (/127.0.0.1:49522)
21:20:57.142 [pool-1-thread-5] DEBUG com.mnc.udp.UDPServer - UDP-Server: Message-91-70
21:20:57.142 [pool-1-thread-3] DEBUG com.mnc.udp.UDPServer - UDP-Server: Message-28-29
21:20:57.142 [pool-1-thread-2] DEBUG com.mnc.udp.UDPServer - UDP-Server: Message-53-63
21:20:57.142 [pool-1-thread-4] DEBUG com.mnc.udp.UDPServer - UDP-Server: Message-7-48
21:20:57.142 [pool-1-thread-1] DEBUG com.mnc.udp.UDPServer - UDP-Server: Message-92-72 -> Message-92-72 (/127.0.0.1:49517)
21:20:57.142 [pool-1-thread-4] DEBUG com.mnc.udp.UDPServer - UDP-Server: Message-7-48 -> Message-7-48 (/127.0.0.1:49432)
21:20:57.142 [pool-1-thread-5] DEBUG com.mnc.udp.UDPServer - UDP-Server: Message-91-70 -> Message-91-70 (/127.0.0.1:49516)
21:20:57.142 [pool-1-thread-3] DEBUG com.mnc.udp.UDPServer - UDP-Server: Message-28-29 -> Message-28-29 (/127.0.0.1:49453)
21:20:57.142 [pool-1-thread-5] DEBUG com.mnc.udp.UDPServer - UDP-Server: Message-13-43
21:20:57.142 [pool-1-thread-3] DEBUG com.mnc.udp.UDPServer - UDP-Server: Message-15-32
21:20:57.142 [pool-1-thread-3] DEBUG com.mnc.udp.UDPServer - UDP-Server: Message-15-32 -> Message-15-32 (/127.0.0.1:49440)
21:20:57.142 [pool-1-thread-2] DEBUG com.mnc.udp.UDPServer - UDP-Server: Message-53-63 -> Message-53-63 (/127.0.0.1:49478)
21:20:57.142 [pool-1-thread-5] DEBUG com.mnc.udp.UDPServer - UDP-Server: Message-13-43 -> Message-13-43 (/127.0.0.1:49438)
21:20:57.142 [pool-1-thread-1] DEBUG com.mnc.udp.UDPServer - UDP-Server: Message-92-73
21:20:57.143 [pool-1-thread-5] DEBUG com.mnc.udp.UDPServer - UDP-Server: Message-28-30
21:20:57.143 [pool-1-thread-3] DEBUG com.mnc.udp.UDPServer - UDP-Server: Message-91-63
21:20:57.143 [pool-1-thread-2] DEBUG com.mnc.udp.UDPServer - UDP-Server: Message-7-49
21:20:57.143 [pool-1-thread-1] DEBUG com.mnc.udp.UDPServer - UDP-Server: Message-92-73 -> Message-92-73 (/127.0.0.1:49517)
21:20:57.143 [pool-1-thread-4] DEBUG com.mnc.udp.UDPServer - UDP-Server: Message-15-33
21:20:57.143 [pool-1-thread-5] DEBUG com.mnc.udp.UDPServer - UDP-Server: Message-28-30 -> Message-28-30 (/127.0.0.1:49453)
21:20:57.143 [pool-1-thread-3] DEBUG com.mnc.udp.UDPServer - UDP-Server: Message-91-63 -> Message-91-63 (/127.0.0.1:49516)
21:20:57.143 [pool-1-thread-1] DEBUG com.mnc.udp.UDPServer - UDP-Server: Message-53-64
21:20:57.143 [pool-1-thread-2] DEBUG com.mnc.udp.UDPServer - UDP-Server: Message-7-49 -> Message-7-49 (/127.0.0.1:49432)
21:20:57.143 [pool-1-thread-4] DEBUG com.mnc.udp.UDPServer - UDP-Server: Message-15-33 -> Message-15-33 (/127.0.0.1:49440)
21:20:57.143 [pool-1-thread-5] DEBUG com.mnc.udp.UDPServer - UDP-Server: Message-13-48
21:20:57.143 [pool-1-thread-1] DEBUG com.mnc.udp.UDPServer - UDP-Server: Message-53-64 -> Message-53-64 (/127.0.0.1:49478)
21:20:57.143 [pool-1-thread-3] DEBUG com.mnc.udp.UDPServer - UDP-Server: Message-92-74
21:20:57.143 [pool-1-thread-5] DEBUG com.mnc.udp.UDPServer - UDP-Server: Message-13-48 -> Message-13-48 (/127.0.0.1:49438)
21:20:57.143 [pool-1-thread-2] DEBUG com.mnc.udp.UDPServer - UDP-Server: Message-28-26
21:20:57.143 [pool-1-thread-1] DEBUG com.mnc.udp.UDPServer - UDP-Server: Message-91-64
21:20:57.143 [pool-1-thread-2] DEBUG com.mnc.udp.UDPServer - UDP-Server: Message-28-26 -> Message-28-26 (/127.0.0.1:49453)
21:20:57.143 [pool-1-thread-1] DEBUG com.mnc.udp.UDPServer - UDP-Server: Message-91-64 -> Message-91-64 (/127.0.0.1:49516)
21:20:57.143 [pool-1-thread-2] DEBUG com.mnc.udp.UDPServer - UDP-Server: Message-7-46
21:20:57.143 [pool-1-thread-2] DEBUG com.mnc.udp.UDPServer - UDP-Server: Message-7-46 -> Message-7-46 (/127.0.0.1:49432)
21:20:57.143 [pool-1-thread-3] DEBUG com.mnc.udp.UDPServer - UDP-Server: Message-92-74 -> Message-92-74 (/127.0.0.1:49517)
21:20:57.143 [pool-1-thread-2] DEBUG com.mnc.udp.UDPServer - UDP-Server: Message-53-62
21:20:57.143 [pool-1-thread-2] DEBUG com.mnc.udp.UDPServer - UDP-Server: Message-53-62 -> Message-53-62 (/127.0.0.1:49478)
21:20:57.143 [pool-1-thread-3] DEBUG com.mnc.udp.UDPServer - UDP-Server: Message-13-49
21:20:57.143 [pool-1-thread-1] DEBUG com.mnc.udp.UDPServer - UDP-Server: Message-15-31
21:20:57.143 [pool-1-thread-3] DEBUG com.mnc.udp.UDPServer - UDP-Server: Message-13-49 -> Message-13-49 (/127.0.0.1:49438)
21:20:57.143 [pool-1-thread-5] DEBUG com.mnc.udp.UDPServer - UDP-Server: Message-91-68
21:20:57.143 [pool-1-thread-1] DEBUG com.mnc.udp.UDPServer - UDP-Server: Message-15-31 -> Message-15-31 (/127.0.0.1:49440)
21:20:57.143 [pool-1-thread-5] DEBUG com.mnc.udp.UDPServer - UDP-Server: Message-91-68 -> Message-91-68 (/127.0.0.1:49516)
21:20:57.143 [pool-1-thread-4] DEBUG com.mnc.udp.UDPServer - UDP-Server: Message-28-27
21:20:57.143 [pool-1-thread-3] DEBUG com.mnc.udp.UDPServer - UDP-Server: Message-92-69
21:20:57.143 [pool-1-thread-2] DEBUG com.mnc.udp.UDPServer - UDP-Server: Message-7-47
21:20:57.143 [pool-1-thread-5] DEBUG com.mnc.udp.UDPServer - UDP-Server: Message-53-66
21:20:57.143 [pool-1-thread-5] DEBUG com.mnc.udp.UDPServer - UDP-Server: Message-53-66 -> Message-53-66 (/127.0.0.1:49478)
21:20:57.143 [pool-1-thread-4] DEBUG com.mnc.udp.UDPServer - UDP-Server: Message-28-27 -> Message-28-27 (/127.0.0.1:49453)
21:20:57.143 [pool-1-thread-1] DEBUG com.mnc.udp.UDPServer - UDP-Server: Message-13-46
21:20:57.143 [pool-1-thread-3] DEBUG com.mnc.udp.UDPServer - UDP-Server: Message-92-69 -> Message-92-69 (/127.0.0.1:49517)
21:20:57.143 [pool-1-thread-5] DEBUG com.mnc.udp.UDPServer - UDP-Server: Message-15-35
21:20:57.143 [pool-1-thread-4] DEBUG com.mnc.udp.UDPServer - UDP-Server: Message-91-62
21:20:57.143 [pool-1-thread-4] DEBUG com.mnc.udp.UDPServer - UDP-Server: Message-91-62 -> Message-91-62 (/127.0.0.1:49516)
21:20:57.143 [pool-1-thread-3] DEBUG com.mnc.udp.UDPServer - UDP-Server: Message-28-25
21:20:57.143 [pool-1-thread-2] DEBUG com.mnc.udp.UDPServer - UDP-Server: Message-7-47 -> Message-7-47 (/127.0.0.1:49432)
21:20:57.143 [pool-1-thread-1] DEBUG com.mnc.udp.UDPServer - UDP-Server: Message-13-46 -> Message-13-46 (/127.0.0.1:49438)
21:20:57.143 [pool-1-thread-4] DEBUG com.mnc.udp.UDPServer - UDP-Server: Message-53-67
21:20:57.143 [pool-1-thread-4] DEBUG com.mnc.udp.UDPServer - UDP-Server: Message-53-67 -> Message-53-67 (/127.0.0.1:49478)
21:20:57.143 [pool-1-thread-2] DEBUG com.mnc.udp.UDPServer - UDP-Server: Message-92-70
21:20:57.143 [pool-1-thread-5] DEBUG com.mnc.udp.UDPServer - UDP-Server: Message-15-35 -> Message-15-35 (/127.0.0.1:49440)
21:20:57.143 [pool-1-thread-3] DEBUG com.mnc.udp.UDPServer - UDP-Server: Message-28-25 -> Message-28-25 (/127.0.0.1:49453)
21:20:57.143 [pool-1-thread-5] DEBUG com.mnc.udp.UDPServer - UDP-Server: Message-7-40
21:20:57.143 [pool-1-thread-2] DEBUG com.mnc.udp.UDPServer - UDP-Server: Message-92-70 -> Message-92-70 (/127.0.0.1:49517)
21:20:57.143 [pool-1-thread-5] DEBUG com.mnc.udp.UDPServer - UDP-Server: Message-7-40 -> Message-7-40 (/127.0.0.1:49432)
21:20:57.143 [pool-1-thread-1] DEBUG com.mnc.udp.UDPServer - UDP-Server: Message-13-47
21:20:57.143 [pool-1-thread-4] DEBUG com.mnc.udp.UDPServer - UDP-Server: Message-91-66
21:20:57.143 [pool-1-thread-1] DEBUG com.mnc.udp.UDPServer - UDP-Server: Message-13-47 -> Message-13-47 (/127.0.0.1:49438)
21:20:57.143 [pool-1-thread-4] DEBUG com.mnc.udp.UDPServer - UDP-Server: Message-91-66 -> Message-91-66 (/127.0.0.1:49516)
21:20:57.143 [pool-1-thread-3] DEBUG com.mnc.udp.UDPServer - UDP-Server: Message-15-36
21:20:57.143 [pool-1-thread-5] DEBUG com.mnc.udp.UDPServer - UDP-Server: Message-54-32
21:20:57.143 [pool-1-thread-3] DEBUG com.mnc.udp.UDPServer - UDP-Server: Message-15-36 -> Message-15-36 (/127.0.0.1:49440)
21:20:57.143 [pool-1-thread-5] DEBUG com.mnc.udp.UDPServer - UDP-Server: Message-54-32 -> Message-54-32 (/127.0.0.1:49479)
21:20:57.143 [pool-1-thread-2] DEBUG com.mnc.udp.UDPServer - UDP-Server: Message-28-90
21:20:57.143 [pool-1-thread-4] DEBUG com.mnc.udp.UDPServer - UDP-Server: Message-7-41
21:20:57.143 [pool-1-thread-1] DEBUG com.mnc.udp.UDPServer - UDP-Server: Message-92-68
21:20:57.143 [pool-1-thread-2] DEBUG com.mnc.udp.UDPServer - UDP-Server: Message-28-90 -> Message-28-90 (/127.0.0.1:49453)
21:20:57.143 [pool-1-thread-5] DEBUG com.mnc.udp.UDPServer - UDP-Server: Message-91-67
21:20:57.143 [pool-1-thread-5] DEBUG com.mnc.udp.UDPServer - UDP-Server: Message-91-67 -> Message-91-67 (/127.0.0.1:49516)
21:20:57.143 [pool-1-thread-2] DEBUG com.mnc.udp.UDPServer - UDP-Server: Message-54-33
21:20:57.143 [pool-1-thread-5] DEBUG com.mnc.udp.UDPServer - UDP-Server: Message-15-34
21:20:57.143 [pool-1-thread-4] DEBUG com.mnc.udp.UDPServer - UDP-Server: Message-7-41 -> Message-7-41 (/127.0.0.1:49432)
21:20:57.143 [pool-1-thread-3] DEBUG com.mnc.udp.UDPServer - UDP-Server: Message-13-40
21:20:57.143 [pool-1-thread-1] DEBUG com.mnc.udp.UDPServer - UDP-Server: Message-92-68 -> Message-92-68 (/127.0.0.1:49517)
21:20:57.144 [pool-1-thread-3] DEBUG com.mnc.udp.UDPServer - UDP-Server: Message-13-40 -> Message-13-40 (/127.0.0.1:49438)
21:20:57.143 [pool-1-thread-2] DEBUG com.mnc.udp.UDPServer - UDP-Server: Message-54-33 -> Message-54-33 (/127.0.0.1:49479)
21:20:57.143 [pool-1-thread-5] DEBUG com.mnc.udp.UDPServer - UDP-Server: Message-15-34 -> Message-15-34 (/127.0.0.1:49440)
21:20:57.144 [pool-1-thread-4] DEBUG com.mnc.udp.UDPServer - UDP-Server: Message-28-44
21:20:57.144 [pool-1-thread-4] DEBUG com.mnc.udp.UDPServer - UDP-Server: Message-28-44 -> Message-28-44 (/127.0.0.1:49453)
21:20:57.144 [pool-1-thread-1] DEBUG com.mnc.udp.UDPServer - UDP-Server: Message-7-42
21:20:57.144 [pool-1-thread-1] DEBUG com.mnc.udp.UDPServer - UDP-Server: Message-7-42 -> Message-7-42 (/127.0.0.1:49432)
21:20:57.144 [pool-1-thread-3] DEBUG com.mnc.udp.UDPServer - UDP-Server: Message-92-63
21:20:57.144 [pool-1-thread-2] DEBUG com.mnc.udp.UDPServer - UDP-Server: Message-54-31
21:20:57.144 [pool-1-thread-5] DEBUG com.mnc.udp.UDPServer - UDP-Server: Message-13-41
21:20:57.144 [pool-1-thread-4] DEBUG com.mnc.udp.UDPServer - UDP-Server: Message-28-45
21:20:57.144 [pool-1-thread-2] DEBUG com.mnc.udp.UDPServer - UDP-Server: Message-54-31 -> Message-54-31 (/127.0.0.1:49479)
21:20:57.144 [pool-1-thread-3] DEBUG com.mnc.udp.UDPServer - UDP-Server: Message-92-63 -> Message-92-63 (/127.0.0.1:49517)
21:20:57.144 [pool-1-thread-1] DEBUG com.mnc.udp.UDPServer - UDP-Server: Message-15-28
21:20:57.144 [pool-1-thread-5] DEBUG com.mnc.udp.UDPServer - UDP-Server: Message-13-41 -> Message-13-41 (/127.0.0.1:49438)
21:20:57.144 [pool-1-thread-1] DEBUG com.mnc.udp.UDPServer - UDP-Server: Message-15-28 -> Message-15-28 (/127.0.0.1:49440)
21:20:57.144 [pool-1-thread-2] DEBUG com.mnc.udp.UDPServer - UDP-Server: Message-7-16
21:20:57.144 [pool-1-thread-5] DEBUG com.mnc.udp.UDPServer - UDP-Server: Message-54-90
21:20:57.144 [pool-1-thread-2] DEBUG com.mnc.udp.UDPServer - UDP-Server: Message-7-16 -> Message-7-16 (/127.0.0.1:49432)
21:20:57.144 [pool-1-thread-4] DEBUG com.mnc.udp.UDPServer - UDP-Server: Message-28-45 -> Message-28-45 (/127.0.0.1:49453)
21:20:57.144 [pool-1-thread-1] DEBUG com.mnc.udp.UDPServer - UDP-Server: Message-92-64
21:20:57.144 [pool-1-thread-5] DEBUG com.mnc.udp.UDPServer - UDP-Server: Message-54-90 -> Message-54-90 (/127.0.0.1:49479)
21:20:57.144 [pool-1-thread-1] DEBUG com.mnc.udp.UDPServer - UDP-Server: Message-92-64 -> Message-92-64 (/127.0.0.1:49517)
21:20:57.144 [pool-1-thread-3] DEBUG com.mnc.udp.UDPServer - UDP-Server: Message-13-42
21:20:57.144 [pool-1-thread-3] DEBUG com.mnc.udp.UDPServer - UDP-Server: Message-13-42 -> Message-13-42 (/127.0.0.1:49438)
21:20:57.144 [pool-1-thread-5] DEBUG com.mnc.udp.UDPServer - UDP-Server: Message-15-29
21:20:57.144 [pool-1-thread-4] DEBUG com.mnc.udp.UDPServer - UDP-Server: Message-7-17
21:20:57.144 [pool-1-thread-5] DEBUG com.mnc.udp.UDPServer - UDP-Server: Message-15-29 -> Message-15-29 (/127.0.0.1:49440)
21:20:57.144 [pool-1-thread-4] DEBUG com.mnc.udp.UDPServer - UDP-Server: Message-7-17 -> Message-7-17 (/127.0.0.1:49432)
21:20:57.144 [pool-1-thread-2] DEBUG com.mnc.udp.UDPServer - UDP-Server: Message-28-43
21:20:57.144 [pool-1-thread-5] DEBUG com.mnc.udp.UDPServer - UDP-Server: Message-54-35
21:20:57.145 [pool-1-thread-2] DEBUG com.mnc.udp.UDPServer - UDP-Server: Message-28-43 -> Message-28-43 (/127.0.0.1:49453)
21:20:57.145 [pool-1-thread-3] DEBUG com.mnc.udp.UDPServer - UDP-Server: Message-13-38
21:20:57.145 [pool-1-thread-1] DEBUG com.mnc.udp.UDPServer - UDP-Server: Message-92-62
21:20:57.145 [pool-1-thread-3] DEBUG com.mnc.udp.UDPServer - UDP-Server: Message-13-38 -> Message-13-38 (/127.0.0.1:49438)
21:20:57.145 [pool-1-thread-5] DEBUG com.mnc.udp.UDPServer - UDP-Server: Message-54-35 -> Message-54-35 (/127.0.0.1:49479)
21:20:57.145 [pool-1-thread-2] DEBUG com.mnc.udp.UDPServer - UDP-Server: Message-7-13
21:20:57.145 [pool-1-thread-4] DEBUG com.mnc.udp.UDPServer - UDP-Server: Message-15-30
21:20:57.145 [pool-1-thread-1] DEBUG com.mnc.udp.UDPServer - UDP-Server: Message-92-62 -> Message-92-62 (/127.0.0.1:49517)
21:20:57.145 [pool-1-thread-2] DEBUG com.mnc.udp.UDPServer - UDP-Server: Message-7-13 -> Message-7-13 (/127.0.0.1:49432)
21:20:57.145 [pool-1-thread-4] DEBUG com.mnc.udp.UDPServer - UDP-Server: Message-15-30 -> Message-15-30 (/127.0.0.1:49440)
21:20:57.145 [pool-1-thread-1] DEBUG com.mnc.udp.UDPServer - UDP-Server: Message-28-91
21:20:57.145 [pool-1-thread-5] DEBUG com.mnc.udp.UDPServer - UDP-Server: Message-13-39
21:20:57.145 [pool-1-thread-5] DEBUG com.mnc.udp.UDPServer - UDP-Server: Message-13-39 -> Message-13-39 (/127.0.0.1:49438)
21:20:57.145 [pool-1-thread-1] DEBUG com.mnc.udp.UDPServer - UDP-Server: Message-28-91 -> Message-28-91 (/127.0.0.1:49453)
21:20:57.145 [pool-1-thread-2] DEBUG com.mnc.udp.UDPServer - UDP-Server: Message-92-66
21:20:57.145 [pool-1-thread-3] DEBUG com.mnc.udp.UDPServer - UDP-Server: Message-54-36
21:20:57.145 [pool-1-thread-2] DEBUG com.mnc.udp.UDPServer - UDP-Server: Message-92-66 -> Message-92-66 (/127.0.0.1:49517)
21:20:57.145 [pool-1-thread-4] DEBUG com.mnc.udp.UDPServer - UDP-Server: Message-7-14
21:20:57.145 [pool-1-thread-1] DEBUG com.mnc.udp.UDPServer - UDP-Server: Message-13-37
21:20:57.145 [pool-1-thread-3] DEBUG com.mnc.udp.UDPServer - UDP-Server: Message-54-36 -> Message-54-36 (/127.0.0.1:49479)
21:20:57.145 [pool-1-thread-5] DEBUG com.mnc.udp.UDPServer - UDP-Server: Message-15-26
21:20:57.145 [pool-1-thread-2] DEBUG com.mnc.udp.UDPServer - UDP-Server: Message-28-92
21:20:57.145 [pool-1-thread-4] DEBUG com.mnc.udp.UDPServer - UDP-Server: Message-7-14 -> Message-7-14 (/127.0.0.1:49432)
21:20:57.145 [pool-1-thread-2] DEBUG com.mnc.udp.UDPServer - UDP-Server: Message-28-92 -> Message-28-92 (/127.0.0.1:49453)
21:20:57.145 [pool-1-thread-1] DEBUG com.mnc.udp.UDPServer - UDP-Server: Message-13-37 -> Message-13-37 (/127.0.0.1:49438)
21:20:57.145 [pool-1-thread-3] DEBUG com.mnc.udp.UDPServer - UDP-Server: Message-92-67
21:20:57.145 [pool-1-thread-5] DEBUG com.mnc.udp.UDPServer - UDP-Server: Message-15-26 -> Message-15-26 (/127.0.0.1:49440)
21:20:57.145 [pool-1-thread-3] DEBUG com.mnc.udp.UDPServer - UDP-Server: Message-92-67 -> Message-92-67 (/127.0.0.1:49517)
21:20:57.145 [pool-1-thread-5] DEBUG com.mnc.udp.UDPServer - UDP-Server: Message-54-34
21:20:57.145 [pool-1-thread-5] DEBUG com.mnc.udp.UDPServer - UDP-Server: Message-54-34 -> Message-54-34 (/127.0.0.1:49479)
21:20:57.145 [pool-1-thread-2] DEBUG com.mnc.udp.UDPServer - UDP-Server: Message-7-91
21:20:57.145 [pool-1-thread-5] DEBUG com.mnc.udp.UDPServer - UDP-Server: Message-28-88
21:20:57.145 [pool-1-thread-4] DEBUG com.mnc.udp.UDPServer - UDP-Server: Message-13-15
21:20:57.145 [pool-1-thread-3] DEBUG com.mnc.udp.UDPServer - UDP-Server: Message-15-27
21:20:57.145 [pool-1-thread-2] DEBUG com.mnc.udp.UDPServer - UDP-Server: Message-7-91 -> Message-7-91 (/127.0.0.1:49432)
21:20:57.145 [pool-1-thread-3] DEBUG com.mnc.udp.UDPServer - UDP-Server: Message-15-27 -> Message-15-27 (/127.0.0.1:49440)
21:20:57.145 [pool-1-thread-5] DEBUG com.mnc.udp.UDPServer - UDP-Server: Message-28-88 -> Message-28-88 (/127.0.0.1:49453)
21:20:57.145 [pool-1-thread-3] DEBUG com.mnc.udp.UDPServer - UDP-Server: Message-56-32
21:20:57.145 [pool-1-thread-4] DEBUG com.mnc.udp.UDPServer - UDP-Server: Message-13-15 -> Message-13-15 (/127.0.0.1:49438)
21:20:57.145 [pool-1-thread-2] DEBUG com.mnc.udp.UDPServer - UDP-Server: Message-54-91
21:20:57.145 [pool-1-thread-3] DEBUG com.mnc.udp.UDPServer - UDP-Server: Message-56-32 -> Message-56-32 (/127.0.0.1:49481)
21:20:57.145 [pool-1-thread-2] DEBUG com.mnc.udp.UDPServer - UDP-Server: Message-54-91 -> Message-54-91 (/127.0.0.1:49479)
21:20:57.145 [pool-1-thread-1] DEBUG com.mnc.udp.UDPServer - UDP-Server: Message-15-25
21:20:57.145 [pool-1-thread-2] DEBUG com.mnc.udp.UDPServer - UDP-Server: Message-13-16
21:20:57.145 [pool-1-thread-3] DEBUG com.mnc.udp.UDPServer - UDP-Server: Message-28-48
21:20:57.145 [pool-1-thread-5] DEBUG com.mnc.udp.UDPServer - UDP-Server: Message-7-92
21:20:57.145 [pool-1-thread-5] DEBUG com.mnc.udp.UDPServer - UDP-Server: Message-7-92 -> Message-7-92 (/127.0.0.1:49432)
21:20:57.145 [pool-1-thread-1] DEBUG com.mnc.udp.UDPServer - UDP-Server: Message-15-25 -> Message-15-25 (/127.0.0.1:49440)
21:20:57.145 [pool-1-thread-2] DEBUG com.mnc.udp.UDPServer - UDP-Server: Message-13-16 -> Message-13-16 (/127.0.0.1:49438)
21:20:57.145 [pool-1-thread-3] DEBUG com.mnc.udp.UDPServer - UDP-Server: Message-28-48 -> Message-28-48 (/127.0.0.1:49453)
21:20:57.145 [pool-1-thread-4] DEBUG com.mnc.udp.UDPServer - UDP-Server: Message-56-33
21:20:57.145 [pool-1-thread-4] DEBUG com.mnc.udp.UDPServer - UDP-Server: Message-56-33 -> Message-56-33 (/127.0.0.1:49481)
21:20:57.145 [pool-1-thread-5] DEBUG com.mnc.udp.UDPServer - UDP-Server: Message-54-92
21:20:57.145 [pool-1-thread-1] DEBUG com.mnc.udp.UDPServer - UDP-Server: Message-7-12
21:20:57.145 [pool-1-thread-5] DEBUG com.mnc.udp.UDPServer - UDP-Server: Message-54-92 -> Message-54-92 (/127.0.0.1:49479)
21:20:57.145 [pool-1-thread-3] DEBUG com.mnc.udp.UDPServer - UDP-Server: Message-13-17
21:20:57.145 [pool-1-thread-4] DEBUG com.mnc.udp.UDPServer - UDP-Server: Message-28-49
21:20:57.145 [pool-1-thread-2] DEBUG com.mnc.udp.UDPServer - UDP-Server: Message-15-44
21:20:57.145 [pool-1-thread-1] DEBUG com.mnc.udp.UDPServer - UDP-Server: Message-7-12 -> Message-7-12 (/127.0.0.1:49432)
21:20:57.145 [pool-1-thread-3] DEBUG com.mnc.udp.UDPServer - UDP-Server: Message-13-17 -> Message-13-17 (/127.0.0.1:49438)
21:20:57.145 [pool-1-thread-4] DEBUG com.mnc.udp.UDPServer - UDP-Server: Message-28-49 -> Message-28-49 (/127.0.0.1:49453)
21:20:57.145 [pool-1-thread-3] DEBUG com.mnc.udp.UDPServer - UDP-Server: Message-54-28
21:20:57.145 [pool-1-thread-5] DEBUG com.mnc.udp.UDPServer - UDP-Server: Message-56-31
21:20:57.145 [pool-1-thread-2] DEBUG com.mnc.udp.UDPServer - UDP-Server: Message-15-44 -> Message-15-44 (/127.0.0.1:49440)
21:20:57.145 [pool-1-thread-3] DEBUG com.mnc.udp.UDPServer - UDP-Server: Message-54-28 -> Message-54-28 (/127.0.0.1:49479)
21:20:57.145 [pool-1-thread-5] DEBUG com.mnc.udp.UDPServer - UDP-Server: Message-56-31 -> Message-56-31 (/127.0.0.1:49481)
21:20:57.145 [pool-1-thread-1] DEBUG com.mnc.udp.UDPServer - UDP-Server: Message-7-38
21:20:57.145 [pool-1-thread-4] DEBUG com.mnc.udp.UDPServer - UDP-Server: Message-13-13
21:20:57.145 [pool-1-thread-2] DEBUG com.mnc.udp.UDPServer - UDP-Server: Message-28-89
21:20:57.145 [pool-1-thread-4] DEBUG com.mnc.udp.UDPServer - UDP-Server: Message-13-13 -> Message-13-13 (/127.0.0.1:49438)
21:20:57.145 [pool-1-thread-1] DEBUG com.mnc.udp.UDPServer - UDP-Server: Message-7-38 -> Message-7-38 (/127.0.0.1:49432)
21:20:57.145 [pool-1-thread-2] DEBUG com.mnc.udp.UDPServer - UDP-Server: Message-28-89 -> Message-28-89 (/127.0.0.1:49453)
21:20:57.145 [pool-1-thread-3] DEBUG com.mnc.udp.UDPServer - UDP-Server: Message-15-45
21:20:57.145 [pool-1-thread-1] DEBUG com.mnc.udp.UDPServer - UDP-Server: Message-56-35
21:20:57.145 [pool-1-thread-5] DEBUG com.mnc.udp.UDPServer - UDP-Server: Message-54-88
21:20:57.145 [pool-1-thread-3] DEBUG com.mnc.udp.UDPServer - UDP-Server: Message-15-45 -> Message-15-45 (/127.0.0.1:49440)
21:20:57.145 [pool-1-thread-1] DEBUG com.mnc.udp.UDPServer - UDP-Server: Message-56-35 -> Message-56-35 (/127.0.0.1:49481)
21:20:57.145 [pool-1-thread-3] DEBUG com.mnc.udp.UDPServer - UDP-Server: Message-13-14
21:20:57.145 [pool-1-thread-3] DEBUG com.mnc.udp.UDPServer - UDP-Server: Message-13-14 -> Message-13-14 (/127.0.0.1:49438)
21:20:57.145 [pool-1-thread-5] DEBUG com.mnc.udp.UDPServer - UDP-Server: Message-54-88 -> Message-54-88 (/127.0.0.1:49479)
21:20:57.146 [pool-1-thread-1] DEBUG com.mnc.udp.UDPServer - UDP-Server: Message-7-39
21:20:57.146 [pool-1-thread-4] DEBUG com.mnc.udp.UDPServer - UDP-Server: Message-28-87
21:20:57.146 [pool-1-thread-5] DEBUG com.mnc.udp.UDPServer - UDP-Server: Message-56-36
21:20:57.146 [pool-1-thread-4] DEBUG com.mnc.udp.UDPServer - UDP-Server: Message-28-87 -> Message-28-87 (/127.0.0.1:49453)
21:20:57.146 [pool-1-thread-1] DEBUG com.mnc.udp.UDPServer - UDP-Server: Message-7-39 -> Message-7-39 (/127.0.0.1:49432)
21:20:57.146 [pool-1-thread-3] DEBUG com.mnc.udp.UDPServer - UDP-Server: Message-13-12
21:20:57.146 [pool-1-thread-2] DEBUG com.mnc.udp.UDPServer - UDP-Server: Message-15-43
21:20:57.146 [pool-1-thread-4] DEBUG com.mnc.udp.UDPServer - UDP-Server: Message-54-89
21:20:57.146 [pool-1-thread-2] DEBUG com.mnc.udp.UDPServer - UDP-Server: Message-15-43 -> Message-15-43 (/127.0.0.1:49440)
21:20:57.146 [pool-1-thread-5] DEBUG com.mnc.udp.UDPServer - UDP-Server: Message-56-36 -> Message-56-36 (/127.0.0.1:49481)
21:20:57.146 [pool-1-thread-3] DEBUG com.mnc.udp.UDPServer - UDP-Server: Message-13-12 -> Message-13-12 (/127.0.0.1:49438)
21:20:57.146 [pool-1-thread-4] DEBUG com.mnc.udp.UDPServer - UDP-Server: Message-54-89 -> Message-54-89 (/127.0.0.1:49479)
21:20:57.146 [pool-1-thread-1] DEBUG com.mnc.udp.UDPServer - UDP-Server: Message-28-96
21:20:57.146 [pool-1-thread-1] DEBUG com.mnc.udp.UDPServer - UDP-Server: Message-28-96 -> Message-28-96 (/127.0.0.1:49453)
21:20:57.146 [pool-1-thread-4] DEBUG com.mnc.udp.UDPServer - UDP-Server: Message-7-57
21:20:57.146 [pool-1-thread-4] DEBUG com.mnc.udp.UDPServer - UDP-Server: Message-7-57 -> Message-7-57 (/127.0.0.1:49432)
21:20:57.146 [pool-1-thread-5] DEBUG com.mnc.udp.UDPServer - UDP-Server: Message-15-48
21:20:57.146 [pool-1-thread-5] DEBUG com.mnc.udp.UDPServer - UDP-Server: Message-15-48 -> Message-15-48 (/127.0.0.1:49440)
21:20:57.146 [pool-1-thread-2] DEBUG com.mnc.udp.UDPServer - UDP-Server: Message-13-21
21:20:57.146 [pool-1-thread-4] DEBUG com.mnc.udp.UDPServer - UDP-Server: Message-56-34
21:20:57.146 [pool-1-thread-1] DEBUG com.mnc.udp.UDPServer - UDP-Server: Message-54-29
21:20:57.146 [pool-1-thread-4] DEBUG com.mnc.udp.UDPServer - UDP-Server: Message-56-34 -> Message-56-34 (/127.0.0.1:49481)
21:20:57.146 [pool-1-thread-2] DEBUG com.mnc.udp.UDPServer - UDP-Server: Message-13-21 -> Message-13-21 (/127.0.0.1:49438)
21:20:57.146 [pool-1-thread-1] DEBUG com.mnc.udp.UDPServer - UDP-Server: Message-54-29 -> Message-54-29 (/127.0.0.1:49479)
21:20:57.146 [pool-1-thread-2] DEBUG com.mnc.udp.UDPServer - UDP-Server: Message-7-58
21:20:57.146 [pool-1-thread-3] DEBUG com.mnc.udp.UDPServer - UDP-Server: Message-28-46
21:20:57.146 [pool-1-thread-2] DEBUG com.mnc.udp.UDPServer - UDP-Server: Message-7-58 -> Message-7-58 (/127.0.0.1:49432)
21:20:57.146 [pool-1-thread-4] DEBUG com.mnc.udp.UDPServer - UDP-Server: Message-15-49
21:20:57.146 [pool-1-thread-4] DEBUG com.mnc.udp.UDPServer - UDP-Server: Message-15-49 -> Message-15-49 (/127.0.0.1:49440)
21:20:57.146 [pool-1-thread-5] DEBUG com.mnc.udp.UDPServer - UDP-Server: Message-56-28
21:20:57.146 [pool-1-thread-1] DEBUG com.mnc.udp.UDPServer - UDP-Server: Message-13-22
21:20:57.146 [pool-1-thread-4] DEBUG com.mnc.udp.UDPServer - UDP-Server: Message-54-30
21:20:57.146 [pool-1-thread-4] DEBUG com.mnc.udp.UDPServer - UDP-Server: Message-54-30 -> Message-54-30 (/127.0.0.1:49479)
21:20:57.146 [pool-1-thread-3] DEBUG com.mnc.udp.UDPServer - UDP-Server: Message-28-46 -> Message-28-46 (/127.0.0.1:49453)
21:20:57.146 [pool-1-thread-5] DEBUG com.mnc.udp.UDPServer - UDP-Server: Message-56-28 -> Message-56-28 (/127.0.0.1:49481)
21:20:57.146 [pool-1-thread-1] DEBUG com.mnc.udp.UDPServer - UDP-Server: Message-13-22 -> Message-13-22 (/127.0.0.1:49438)
21:20:57.146 [pool-1-thread-3] DEBUG com.mnc.udp.UDPServer - UDP-Server: Message-15-46
21:20:57.146 [pool-1-thread-2] DEBUG com.mnc.udp.UDPServer - UDP-Server: Message-7-37
21:20:57.146 [pool-1-thread-3] DEBUG com.mnc.udp.UDPServer - UDP-Server: Message-15-46 -> Message-15-46 (/127.0.0.1:49440)
21:20:57.146 [pool-1-thread-2] DEBUG com.mnc.udp.UDPServer - UDP-Server: Message-7-37 -> Message-7-37 (/127.0.0.1:49432)
21:20:57.146 [pool-1-thread-3] DEBUG com.mnc.udp.UDPServer - UDP-Server: Message-54-26
21:20:57.146 [pool-1-thread-3] DEBUG com.mnc.udp.UDPServer - UDP-Server: Message-54-26 -> Message-54-26 (/127.0.0.1:49479)
21:20:57.146 [pool-1-thread-5] DEBUG com.mnc.udp.UDPServer - UDP-Server: Message-28-47
21:20:57.146 [pool-1-thread-2] DEBUG com.mnc.udp.UDPServer - UDP-Server: Message-56-29
21:20:57.146 [pool-1-thread-4] DEBUG com.mnc.udp.UDPServer - UDP-Server: Message-13-23
21:20:57.146 [pool-1-thread-1] DEBUG com.mnc.udp.UDPServer - UDP-Server: Message-15-47
21:20:57.146 [pool-1-thread-5] DEBUG com.mnc.udp.UDPServer - UDP-Server: Message-28-47 -> Message-28-47 (/127.0.0.1:49453)
21:20:57.146 [pool-1-thread-2] DEBUG com.mnc.udp.UDPServer - UDP-Server: Message-56-29 -> Message-56-29 (/127.0.0.1:49481)
21:20:57.146 [pool-1-thread-4] DEBUG com.mnc.udp.UDPServer - UDP-Server: Message-13-23 -> Message-13-23 (/127.0.0.1:49438)
21:20:57.146 [pool-1-thread-1] DEBUG com.mnc.udp.UDPServer - UDP-Server: Message-15-47 -> Message-15-47 (/127.0.0.1:49440)
21:20:57.146 [pool-1-thread-3] DEBUG com.mnc.udp.UDPServer - UDP-Server: Message-7-21
21:20:57.146 [pool-1-thread-5] DEBUG com.mnc.udp.UDPServer - UDP-Server: Message-54-27
21:20:57.146 [pool-1-thread-3] DEBUG com.mnc.udp.UDPServer - UDP-Server: Message-7-21 -> Message-7-21 (/127.0.0.1:49432)
21:20:57.146 [pool-1-thread-5] DEBUG com.mnc.udp.UDPServer - UDP-Server: Message-54-27 -> Message-54-27 (/127.0.0.1:49479)
21:20:57.146 [pool-1-thread-1] DEBUG com.mnc.udp.UDPServer - UDP-Server: Message-13-24
21:20:57.146 [pool-1-thread-1] DEBUG com.mnc.udp.UDPServer - UDP-Server: Message-13-24 -> Message-13-24 (/127.0.0.1:49438)
21:20:57.146 [pool-1-thread-2] DEBUG com.mnc.udp.UDPServer - UDP-Server: Message-28-97
21:20:57.146 [pool-1-thread-3] DEBUG com.mnc.udp.UDPServer - UDP-Server: Message-15-40
21:20:57.146 [pool-1-thread-4] DEBUG com.mnc.udp.UDPServer - UDP-Server: Message-56-30
21:20:57.146 [pool-1-thread-2] DEBUG com.mnc.udp.UDPServer - UDP-Server: Message-28-97 -> Message-28-97 (/127.0.0.1:49453)
21:20:57.146 [pool-1-thread-4] DEBUG com.mnc.udp.UDPServer - UDP-Server: Message-56-30 -> Message-56-30 (/127.0.0.1:49481)
21:20:57.146 [pool-1-thread-3] DEBUG com.mnc.udp.UDPServer - UDP-Server: Message-15-40 -> Message-15-40 (/127.0.0.1:49440)
21:20:57.146 [pool-1-thread-5] DEBUG com.mnc.udp.UDPServer - UDP-Server: Message-7-22
21:20:57.146 [pool-1-thread-1] DEBUG com.mnc.udp.UDPServer - UDP-Server: Message-13-19
21:20:57.146 [pool-1-thread-2] DEBUG com.mnc.udp.UDPServer - UDP-Server: Message-54-25
21:20:57.146 [pool-1-thread-1] DEBUG com.mnc.udp.UDPServer - UDP-Server: Message-13-19 -> Message-13-19 (/127.0.0.1:49438)
21:20:57.146 [pool-1-thread-5] DEBUG com.mnc.udp.UDPServer - UDP-Server: Message-7-22 -> Message-7-22 (/127.0.0.1:49432)
21:20:57.146 [pool-1-thread-2] DEBUG com.mnc.udp.UDPServer - UDP-Server: Message-54-25 -> Message-54-25 (/127.0.0.1:49479)
21:20:57.146 [pool-1-thread-5] DEBUG com.mnc.udp.UDPServer - UDP-Server: Message-28-98
21:20:57.146 [pool-1-thread-2] DEBUG com.mnc.udp.UDPServer - UDP-Server: Message-56-26
21:20:57.146 [pool-1-thread-2] DEBUG com.mnc.udp.UDPServer - UDP-Server: Message-56-26 -> Message-56-26 (/127.0.0.1:49481)
21:20:57.146 [pool-1-thread-1] DEBUG com.mnc.udp.UDPServer - UDP-Server: Message-15-41
21:20:57.146 [pool-1-thread-4] DEBUG com.mnc.udp.UDPServer - UDP-Server: Message-13-20
21:20:57.146 [pool-1-thread-5] DEBUG com.mnc.udp.UDPServer - UDP-Server: Message-28-98 -> Message-28-98 (/127.0.0.1:49453)
21:20:57.146 [pool-1-thread-1] DEBUG com.mnc.udp.UDPServer - UDP-Server: Message-15-41 -> Message-15-41 (/127.0.0.1:49440)
21:20:57.146 [pool-1-thread-5] DEBUG com.mnc.udp.UDPServer - UDP-Server: Message-54-87
21:20:57.146 [pool-1-thread-4] DEBUG com.mnc.udp.UDPServer - UDP-Server: Message-13-20 -> Message-13-20 (/127.0.0.1:49438)
21:20:57.146 [pool-1-thread-5] DEBUG com.mnc.udp.UDPServer - UDP-Server: Message-54-87 -> Message-54-87 (/127.0.0.1:49479)
21:20:57.146 [pool-1-thread-3] DEBUG com.mnc.udp.UDPServer - UDP-Server: Message-7-23
21:20:57.146 [pool-1-thread-3] DEBUG com.mnc.udp.UDPServer - UDP-Server: Message-7-23 -> Message-7-23 (/127.0.0.1:49432)
21:20:57.146 [pool-1-thread-2] DEBUG com.mnc.udp.UDPServer - UDP-Server: Message-56-27
21:20:57.146 [pool-1-thread-1] DEBUG com.mnc.udp.UDPServer - UDP-Server: Message-28-99
21:20:57.146 [pool-1-thread-2] DEBUG com.mnc.udp.UDPServer - UDP-Server: Message-56-27 -> Message-56-27 (/127.0.0.1:49481)
21:20:57.146 [pool-1-thread-1] DEBUG com.mnc.udp.UDPServer - UDP-Server: Message-28-99 -> Message-28-99 (/127.0.0.1:49453)
21:20:57.146 [pool-1-thread-4] DEBUG com.mnc.udp.UDPServer - UDP-Server: Message-15-42
21:20:57.146 [pool-1-thread-1] DEBUG com.mnc.udp.UDPServer - UDP-Server: Message-13-18
21:20:57.146 [pool-1-thread-4] DEBUG com.mnc.udp.UDPServer - UDP-Server: Message-15-42 -> Message-15-42 (/127.0.0.1:49440)
21:20:57.146 [pool-1-thread-1] DEBUG com.mnc.udp.UDPServer - UDP-Server: Message-13-18 -> Message-13-18 (/127.0.0.1:49438)
21:20:57.146 [pool-1-thread-3] DEBUG com.mnc.udp.UDPServer - UDP-Server: Message-54-44
21:20:57.146 [pool-1-thread-3] DEBUG com.mnc.udp.UDPServer - UDP-Server: Message-54-44 -> Message-54-44 (/127.0.0.1:49479)
21:20:57.146 [pool-1-thread-1] DEBUG com.mnc.udp.UDPServer - UDP-Server: Message-7-24
21:20:57.146 [pool-1-thread-1] DEBUG com.mnc.udp.UDPServer - UDP-Server: Message-7-24 -> Message-7-24 (/127.0.0.1:49432)
21:20:57.146 [pool-1-thread-5] DEBUG com.mnc.udp.UDPServer - UDP-Server: Message-56-25
21:20:57.147 [pool-1-thread-4] DEBUG com.mnc.udp.UDPServer - UDP-Server: Message-28-40
21:20:57.147 [pool-1-thread-5] DEBUG com.mnc.udp.UDPServer - UDP-Server: Message-56-25 -> Message-56-25 (/127.0.0.1:49481)
21:20:57.147 [pool-1-thread-1] DEBUG com.mnc.udp.UDPServer - UDP-Server: Message-54-45
21:20:57.147 [pool-1-thread-2] DEBUG com.mnc.udp.UDPServer - UDP-Server: Message-15-38
21:20:57.147 [pool-1-thread-2] DEBUG com.mnc.udp.UDPServer - UDP-Server: Message-15-38 -> Message-15-38 (/127.0.0.1:49440)
21:20:57.147 [pool-1-thread-5] DEBUG com.mnc.udp.UDPServer - UDP-Server: Message-7-88
21:20:57.147 [pool-1-thread-3] DEBUG com.mnc.udp.UDPServer - UDP-Server: Message-13-7
21:20:57.147 [pool-1-thread-4] DEBUG com.mnc.udp.UDPServer - UDP-Server: Message-28-40 -> Message-28-40 (/127.0.0.1:49453)
21:20:57.147 [pool-1-thread-1] DEBUG com.mnc.udp.UDPServer - UDP-Server: Message-54-45 -> Message-54-45 (/127.0.0.1:49479)
21:20:57.147 [pool-1-thread-5] DEBUG com.mnc.udp.UDPServer - UDP-Server: Message-7-88 -> Message-7-88 (/127.0.0.1:49432)
21:20:57.147 [pool-1-thread-3] DEBUG com.mnc.udp.UDPServer - UDP-Server: Message-13-7 -> Message-13-7 (/127.0.0.1:49438)
21:20:57.147 [pool-1-thread-1] DEBUG com.mnc.udp.UDPServer - UDP-Server: Message-15-39
21:20:57.147 [pool-1-thread-1] DEBUG com.mnc.udp.UDPServer - UDP-Server: Message-15-39 -> Message-15-39 (/127.0.0.1:49440)
21:20:57.147 [pool-1-thread-4] DEBUG com.mnc.udp.UDPServer - UDP-Server: Message-56-44
21:20:57.147 [pool-1-thread-4] DEBUG com.mnc.udp.UDPServer - UDP-Server: Message-56-44 -> Message-56-44 (/127.0.0.1:49481)
21:20:57.147 [pool-1-thread-2] DEBUG com.mnc.udp.UDPServer - UDP-Server: Message-28-94
21:20:57.147 [pool-1-thread-2] DEBUG com.mnc.udp.UDPServer - UDP-Server: Message-28-94 -> Message-28-94 (/127.0.0.1:49453)
21:20:57.147 [pool-1-thread-1] DEBUG com.mnc.udp.UDPServer - UDP-Server: Message-13-8
21:20:57.147 [pool-1-thread-4] DEBUG com.mnc.udp.UDPServer - UDP-Server: Message-15-37
21:20:57.147 [pool-1-thread-1] DEBUG com.mnc.udp.UDPServer - UDP-Server: Message-13-8 -> Message-13-8 (/127.0.0.1:49438)
21:20:57.147 [pool-1-thread-2] DEBUG com.mnc.udp.UDPServer - UDP-Server: Message-56-45
21:20:57.147 [pool-1-thread-5] DEBUG com.mnc.udp.UDPServer - UDP-Server: Message-54-43
21:20:57.147 [pool-1-thread-3] DEBUG com.mnc.udp.UDPServer - UDP-Server: Message-7-89
21:20:57.147 [pool-1-thread-4] DEBUG com.mnc.udp.UDPServer - UDP-Server: Message-15-37 -> Message-15-37 (/127.0.0.1:49440)
21:20:57.147 [pool-1-thread-2] DEBUG com.mnc.udp.UDPServer - UDP-Server: Message-56-45 -> Message-56-45 (/127.0.0.1:49481)
21:20:57.147 [pool-1-thread-5] DEBUG com.mnc.udp.UDPServer - UDP-Server: Message-54-43 -> Message-54-43 (/127.0.0.1:49479)
21:20:57.147 [pool-1-thread-1] DEBUG com.mnc.udp.UDPServer - UDP-Server: Message-13-6
21:20:57.147 [pool-1-thread-3] DEBUG com.mnc.udp.UDPServer - UDP-Server: Message-7-89 -> Message-7-89 (/127.0.0.1:49432)
21:20:57.147 [pool-1-thread-4] DEBUG com.mnc.udp.UDPServer - UDP-Server: Message-28-95
21:20:57.147 [pool-1-thread-1] DEBUG com.mnc.udp.UDPServer - UDP-Server: Message-13-6 -> Message-13-6 (/127.0.0.1:49438)
21:20:57.147 [pool-1-thread-4] DEBUG com.mnc.udp.UDPServer - UDP-Server: Message-28-95 -> Message-28-95 (/127.0.0.1:49453)
21:20:57.147 [pool-1-thread-1] DEBUG com.mnc.udp.UDPServer - UDP-Server: Message-56-43
21:20:57.147 [pool-1-thread-2] DEBUG com.mnc.udp.UDPServer - UDP-Server: Message-15-15
21:20:57.147 [pool-1-thread-1] DEBUG com.mnc.udp.UDPServer - UDP-Server: Message-56-43 -> Message-56-43 (/127.0.0.1:49481)
21:20:57.147 [pool-1-thread-4] DEBUG com.mnc.udp.UDPServer - UDP-Server: Message-54-96
21:20:57.147 [pool-1-thread-4] DEBUG com.mnc.udp.UDPServer - UDP-Server: Message-54-96 -> Message-54-96 (/127.0.0.1:49479)
21:20:57.147 [pool-1-thread-2] DEBUG com.mnc.udp.UDPServer - UDP-Server: Message-15-15 -> Message-15-15 (/127.0.0.1:49440)
21:20:57.147 [pool-1-thread-5] DEBUG com.mnc.udp.UDPServer - UDP-Server: Message-7-87
21:20:57.147 [pool-1-thread-1] DEBUG com.mnc.udp.UDPServer - UDP-Server: Message-13-10
21:20:57.147 [pool-1-thread-5] DEBUG com.mnc.udp.UDPServer - UDP-Server: Message-7-87 -> Message-7-87 (/127.0.0.1:49432)
21:20:57.147 [pool-1-thread-4] DEBUG com.mnc.udp.UDPServer - UDP-Server: Message-28-41
21:20:57.147 [pool-1-thread-1] DEBUG com.mnc.udp.UDPServer - UDP-Server: Message-13-10 -> Message-13-10 (/127.0.0.1:49438)
21:20:57.147 [pool-1-thread-3] DEBUG com.mnc.udp.UDPServer - UDP-Server: Message-56-48
21:20:57.147 [pool-1-thread-4] DEBUG com.mnc.udp.UDPServer - UDP-Server: Message-28-41 -> Message-28-41 (/127.0.0.1:49453)
21:20:57.147 [pool-1-thread-1] DEBUG com.mnc.udp.UDPServer - UDP-Server: Message-54-97
21:20:57.147 [pool-1-thread-3] DEBUG com.mnc.udp.UDPServer - UDP-Server: Message-56-48 -> Message-56-48 (/127.0.0.1:49481)
21:20:57.147 [pool-1-thread-1] DEBUG com.mnc.udp.UDPServer - UDP-Server: Message-54-97 -> Message-54-97 (/127.0.0.1:49479)
21:20:57.147 [pool-1-thread-5] DEBUG com.mnc.udp.UDPServer - UDP-Server: Message-15-16
21:20:57.147 [pool-1-thread-1] DEBUG com.mnc.udp.UDPServer - UDP-Server: Message-7-19
21:20:57.147 [pool-1-thread-5] DEBUG com.mnc.udp.UDPServer - UDP-Server: Message-15-16 -> Message-15-16 (/127.0.0.1:49440)
21:20:57.147 [pool-1-thread-2] DEBUG com.mnc.udp.UDPServer - UDP-Server: Message-13-11
21:20:57.147 [pool-1-thread-1] DEBUG com.mnc.udp.UDPServer - UDP-Server: Message-7-19 -> Message-7-19 (/127.0.0.1:49432)
21:20:57.147 [pool-1-thread-3] DEBUG com.mnc.udp.UDPServer - UDP-Server: Message-28-42
21:20:57.147 [pool-1-thread-4] DEBUG com.mnc.udp.UDPServer - UDP-Server: Message-56-49
21:20:57.147 [pool-1-thread-1] DEBUG com.mnc.udp.UDPServer - UDP-Server: Message-54-98
21:20:57.147 [pool-1-thread-2] DEBUG com.mnc.udp.UDPServer - UDP-Server: Message-13-11 -> Message-13-11 (/127.0.0.1:49438)
21:20:57.147 [pool-1-thread-3] DEBUG com.mnc.udp.UDPServer - UDP-Server: Message-28-42 -> Message-28-42 (/127.0.0.1:49453)
21:20:57.147 [pool-1-thread-4] DEBUG com.mnc.udp.UDPServer - UDP-Server: Message-56-49 -> Message-56-49 (/127.0.0.1:49481)
21:20:57.147 [pool-1-thread-1] DEBUG com.mnc.udp.UDPServer - UDP-Server: Message-54-98 -> Message-54-98 (/127.0.0.1:49479)
21:20:57.147 [pool-1-thread-3] DEBUG com.mnc.udp.UDPServer - UDP-Server: Message-15-17
21:20:57.147 [pool-1-thread-3] DEBUG com.mnc.udp.UDPServer - UDP-Server: Message-15-17 -> Message-15-17 (/127.0.0.1:49440)
21:20:57.147 [pool-1-thread-4] DEBUG com.mnc.udp.UDPServer - UDP-Server: Message-7-20
21:20:57.147 [pool-1-thread-4] DEBUG com.mnc.udp.UDPServer - UDP-Server: Message-7-20 -> Message-7-20 (/127.0.0.1:49432)
21:20:57.147 [pool-1-thread-3] DEBUG com.mnc.udp.UDPServer - UDP-Server: Message-13-9
21:20:57.147 [pool-1-thread-3] DEBUG com.mnc.udp.UDPServer - UDP-Server: Message-13-9 -> Message-13-9 (/127.0.0.1:49438)
21:20:57.147 [pool-1-thread-4] DEBUG com.mnc.udp.UDPServer - UDP-Server: Message-56-46
21:20:57.147 [pool-1-thread-1] DEBUG com.mnc.udp.UDPServer - UDP-Server: Message-28-38
21:20:57.147 [pool-1-thread-4] DEBUG com.mnc.udp.UDPServer - UDP-Server: Message-56-46 -> Message-56-46 (/127.0.0.1:49481)
21:20:57.147 [pool-1-thread-1] DEBUG com.mnc.udp.UDPServer - UDP-Server: Message-28-38 -> Message-28-38 (/127.0.0.1:49453)
21:20:57.147 [pool-1-thread-4] DEBUG com.mnc.udp.UDPServer - UDP-Server: Message-54-99
21:20:57.147 [pool-1-thread-1] DEBUG com.mnc.udp.UDPServer - UDP-Server: Message-15-13
21:20:57.147 [pool-1-thread-1] DEBUG com.mnc.udp.UDPServer - UDP-Server: Message-15-13 -> Message-15-13 (/127.0.0.1:49440)
21:20:57.147 [pool-1-thread-2] DEBUG com.mnc.udp.UDPServer - UDP-Server: Message-7-18
21:20:57.147 [pool-1-thread-4] DEBUG com.mnc.udp.UDPServer - UDP-Server: Message-54-99 -> Message-54-99 (/127.0.0.1:49479)
21:20:57.147 [pool-1-thread-2] DEBUG com.mnc.udp.UDPServer - UDP-Server: Message-7-18 -> Message-7-18 (/127.0.0.1:49432)
21:20:57.147 [pool-1-thread-3] DEBUG com.mnc.udp.UDPServer - UDP-Server: Message-13-3
21:20:57.147 [pool-1-thread-1] DEBUG com.mnc.udp.UDPServer - UDP-Server: Message-56-47
21:20:57.147 [pool-1-thread-3] DEBUG com.mnc.udp.UDPServer - UDP-Server: Message-13-3 -> Message-13-3 (/127.0.0.1:49438)
21:20:57.147 [pool-1-thread-5] DEBUG com.mnc.udp.UDPServer - UDP-Server: Message-28-39
21:20:57.147 [pool-1-thread-1] DEBUG com.mnc.udp.UDPServer - UDP-Server: Message-56-47 -> Message-56-47 (/127.0.0.1:49481)
21:20:57.147 [pool-1-thread-5] DEBUG com.mnc.udp.UDPServer - UDP-Server: Message-28-39 -> Message-28-39 (/127.0.0.1:49453)
21:20:57.147 [pool-1-thread-4] DEBUG com.mnc.udp.UDPServer - UDP-Server: Message-15-14
21:20:57.147 [pool-1-thread-2] DEBUG com.mnc.udp.UDPServer - UDP-Server: Message-54-48
21:20:57.148 [pool-1-thread-4] DEBUG com.mnc.udp.UDPServer - UDP-Server: Message-15-14 -> Message-15-14 (/127.0.0.1:49440)
21:20:57.148 [pool-1-thread-2] DEBUG com.mnc.udp.UDPServer - UDP-Server: Message-54-48 -> Message-54-48 (/127.0.0.1:49479)
21:20:57.148 [pool-1-thread-1] DEBUG com.mnc.udp.UDPServer - UDP-Server: Message-7-71
21:20:57.148 [pool-1-thread-3] DEBUG com.mnc.udp.UDPServer - UDP-Server: Message-13-4
21:20:57.148 [pool-1-thread-2] DEBUG com.mnc.udp.UDPServer - UDP-Server: Message-56-40
21:20:57.148 [pool-1-thread-1] DEBUG com.mnc.udp.UDPServer - UDP-Server: Message-7-71 -> Message-7-71 (/127.0.0.1:49432)
21:20:57.148 [pool-1-thread-3] DEBUG com.mnc.udp.UDPServer - UDP-Server: Message-13-4 -> Message-13-4 (/127.0.0.1:49438)
21:20:57.148 [pool-1-thread-4] DEBUG com.mnc.udp.UDPServer - UDP-Server: Message-28-37
21:20:57.148 [pool-1-thread-2] DEBUG com.mnc.udp.UDPServer - UDP-Server: Message-56-40 -> Message-56-40 (/127.0.0.1:49481)
21:20:57.148 [pool-1-thread-4] DEBUG com.mnc.udp.UDPServer - UDP-Server: Message-28-37 -> Message-28-37 (/127.0.0.1:49453)
21:20:57.148 [pool-1-thread-3] DEBUG com.mnc.udp.UDPServer - UDP-Server: Message-15-12
21:20:57.148 [pool-1-thread-3] DEBUG com.mnc.udp.UDPServer - UDP-Server: Message-15-12 -> Message-15-12 (/127.0.0.1:49440)
21:20:57.148 [pool-1-thread-3] DEBUG com.mnc.udp.UDPServer - UDP-Server: Message-54-49
21:20:57.148 [pool-1-thread-3] DEBUG com.mnc.udp.UDPServer - UDP-Server: Message-54-49 -> Message-54-49 (/127.0.0.1:49479)
21:20:57.148 [pool-1-thread-5] DEBUG com.mnc.udp.UDPServer - UDP-Server: Message-13-5
21:20:57.148 [pool-1-thread-5] DEBUG com.mnc.udp.UDPServer - UDP-Server: Message-13-5 -> Message-13-5 (/127.0.0.1:49438)
21:20:57.148 [pool-1-thread-2] DEBUG com.mnc.udp.UDPServer - UDP-Server: Message-7-72
21:20:57.148 [pool-1-thread-4] DEBUG com.mnc.udp.UDPServer - UDP-Server: Message-56-41
21:20:57.148 [pool-1-thread-1] DEBUG com.mnc.udp.UDPServer - UDP-Server: Message-28-93
21:20:57.148 [pool-1-thread-2] DEBUG com.mnc.udp.UDPServer - UDP-Server: Message-7-72 -> Message-7-72 (/127.0.0.1:49432)
21:20:57.148 [pool-1-thread-1] DEBUG com.mnc.udp.UDPServer - UDP-Server: Message-28-93 -> Message-28-93 (/127.0.0.1:49453)
21:20:57.148 [pool-1-thread-4] DEBUG com.mnc.udp.UDPServer - UDP-Server: Message-56-41 -> Message-56-41 (/127.0.0.1:49481)
21:20:57.148 [pool-1-thread-3] DEBUG com.mnc.udp.UDPServer - UDP-Server: Message-15-21
21:20:57.148 [pool-1-thread-5] DEBUG com.mnc.udp.UDPServer - UDP-Server: Message-54-94
21:20:57.148 [pool-1-thread-1] DEBUG com.mnc.udp.UDPServer - UDP-Server: Message-13-1
21:20:57.148 [pool-1-thread-3] DEBUG com.mnc.udp.UDPServer - UDP-Server: Message-15-21 -> Message-15-21 (/127.0.0.1:49440)
21:20:57.148 [pool-1-thread-1] DEBUG com.mnc.udp.UDPServer - UDP-Server: Message-13-1 -> Message-13-1 (/127.0.0.1:49438)
21:20:57.148 [pool-1-thread-3] DEBUG com.mnc.udp.UDPServer - UDP-Server: Message-28-15
21:20:57.148 [pool-1-thread-3] DEBUG com.mnc.udp.UDPServer - UDP-Server: Message-28-15 -> Message-28-15 (/127.0.0.1:49453)
21:20:57.148 [pool-1-thread-1] DEBUG com.mnc.udp.UDPServer - UDP-Server: Message-7-56
21:20:57.148 [pool-1-thread-5] DEBUG com.mnc.udp.UDPServer - UDP-Server: Message-54-94 -> Message-54-94 (/127.0.0.1:49479)
21:20:57.148 [pool-1-thread-2] DEBUG com.mnc.udp.UDPServer - UDP-Server: Message-56-42
21:20:57.148 [pool-1-thread-1] DEBUG com.mnc.udp.UDPServer - UDP-Server: Message-7-56 -> Message-7-56 (/127.0.0.1:49432)
21:20:57.148 [pool-1-thread-2] DEBUG com.mnc.udp.UDPServer - UDP-Server: Message-56-42 -> Message-56-42 (/127.0.0.1:49481)
21:20:57.148 [pool-1-thread-2] DEBUG com.mnc.udp.UDPServer - UDP-Server: Message-15-22
21:20:57.148 [pool-1-thread-3] DEBUG com.mnc.udp.UDPServer - UDP-Server: Message-13-2
21:20:57.148 [pool-1-thread-5] DEBUG com.mnc.udp.UDPServer - UDP-Server: Message-28-82
21:20:57.148 [pool-1-thread-1] DEBUG com.mnc.udp.UDPServer - UDP-Server: Message-54-95
21:20:57.148 [pool-1-thread-5] DEBUG com.mnc.udp.UDPServer - UDP-Server: Message-28-82 -> Message-28-82 (/127.0.0.1:49453)
21:20:57.148 [pool-1-thread-1] DEBUG com.mnc.udp.UDPServer - UDP-Server: Message-54-95 -> Message-54-95 (/127.0.0.1:49479)
21:20:57.148 [pool-1-thread-2] DEBUG com.mnc.udp.UDPServer - UDP-Server: Message-15-22 -> Message-15-22 (/127.0.0.1:49440)
21:20:57.148 [pool-1-thread-3] DEBUG com.mnc.udp.UDPServer - UDP-Server: Message-13-2 -> Message-13-2 (/127.0.0.1:49438)
21:20:57.148 [pool-1-thread-4] DEBUG com.mnc.udp.UDPServer - UDP-Server: Message-7-73
21:20:57.148 [pool-1-thread-5] DEBUG com.mnc.udp.UDPServer - UDP-Server: Message-56-38
21:20:57.148 [pool-1-thread-4] DEBUG com.mnc.udp.UDPServer - UDP-Server: Message-7-73 -> Message-7-73 (/127.0.0.1:49432)
21:20:57.148 [pool-1-thread-2] DEBUG com.mnc.udp.UDPServer - UDP-Server: Message-15-23
21:20:57.148 [pool-1-thread-2] DEBUG com.mnc.udp.UDPServer - UDP-Server: Message-15-23 -> Message-15-23 (/127.0.0.1:49440)
21:20:57.148 [pool-1-thread-5] DEBUG com.mnc.udp.UDPServer - UDP-Server: Message-56-38 -> Message-56-38 (/127.0.0.1:49481)
21:20:57.148 [pool-1-thread-1] DEBUG com.mnc.udp.UDPServer - UDP-Server: Message-28-83
21:20:57.148 [pool-1-thread-3] DEBUG com.mnc.udp.UDPServer - UDP-Server: Message-54-46
21:20:57.148 [pool-1-thread-4] DEBUG com.mnc.udp.UDPServer - UDP-Server: Message-13-0
21:20:57.148 [pool-1-thread-2] DEBUG com.mnc.udp.UDPServer - UDP-Server: Message-7-7
21:20:57.148 [pool-1-thread-1] DEBUG com.mnc.udp.UDPServer - UDP-Server: Message-28-83 -> Message-28-83 (/127.0.0.1:49453)
21:20:57.148 [pool-1-thread-5] DEBUG com.mnc.udp.UDPServer - UDP-Server: Message-15-24
21:20:57.148 [pool-1-thread-3] DEBUG com.mnc.udp.UDPServer - UDP-Server: Message-54-46 -> Message-54-46 (/127.0.0.1:49479)
21:20:57.148 [pool-1-thread-4] DEBUG com.mnc.udp.UDPServer - UDP-Server: Message-13-0 -> Message-13-0 (/127.0.0.1:49438)
21:20:57.148 [pool-1-thread-2] DEBUG com.mnc.udp.UDPServer - UDP-Server: Message-7-7 -> Message-7-7 (/127.0.0.1:49432)
21:20:57.148 [pool-1-thread-5] DEBUG com.mnc.udp.UDPServer - UDP-Server: Message-15-24 -> Message-15-24 (/127.0.0.1:49440)
21:20:57.148 [pool-1-thread-1] DEBUG com.mnc.udp.UDPServer - UDP-Server: Message-56-39
21:20:57.148 [pool-1-thread-5] DEBUG com.mnc.udp.UDPServer - UDP-Server: Message-54-47
21:20:57.148 [pool-1-thread-5] DEBUG com.mnc.udp.UDPServer - UDP-Server: Message-54-47 -> Message-54-47 (/127.0.0.1:49479)
21:20:57.148 [pool-1-thread-4] DEBUG com.mnc.udp.UDPServer - UDP-Server: Message-13-90
21:20:57.148 [pool-1-thread-3] DEBUG com.mnc.udp.UDPServer - UDP-Server: Message-28-81
21:20:57.148 [pool-1-thread-4] DEBUG com.mnc.udp.UDPServer - UDP-Server: Message-13-90 -> Message-13-90 (/127.0.0.1:49438)
21:20:57.148 [pool-1-thread-1] DEBUG com.mnc.udp.UDPServer - UDP-Server: Message-56-39 -> Message-56-39 (/127.0.0.1:49481)
21:20:57.148 [pool-1-thread-3] DEBUG com.mnc.udp.UDPServer - UDP-Server: Message-28-81 -> Message-28-81 (/127.0.0.1:49453)
21:20:57.148 [pool-1-thread-5] DEBUG com.mnc.udp.UDPServer - UDP-Server: Message-15-19
21:20:57.148 [pool-1-thread-2] DEBUG com.mnc.udp.UDPServer - UDP-Server: Message-7-96
21:20:57.148 [pool-1-thread-5] DEBUG com.mnc.udp.UDPServer - UDP-Server: Message-15-19 -> Message-15-19 (/127.0.0.1:49440)
21:20:57.148 [pool-1-thread-2] DEBUG com.mnc.udp.UDPServer - UDP-Server: Message-7-96 -> Message-7-96 (/127.0.0.1:49432)
21:20:57.148 [pool-1-thread-2] DEBUG com.mnc.udp.UDPServer - UDP-Server: Message-54-93
21:20:57.148 [pool-1-thread-2] DEBUG com.mnc.udp.UDPServer - UDP-Server: Message-54-93 -> Message-54-93 (/127.0.0.1:49479)
21:20:57.148 [pool-1-thread-1] DEBUG com.mnc.udp.UDPServer - UDP-Server: Message-13-91
21:20:57.148 [pool-1-thread-5] DEBUG com.mnc.udp.UDPServer - UDP-Server: Message-28-16
21:20:57.148 [pool-1-thread-2] DEBUG com.mnc.udp.UDPServer - UDP-Server: Message-15-20
21:20:57.148 [pool-1-thread-3] DEBUG com.mnc.udp.UDPServer - UDP-Server: Message-56-37
21:20:57.148 [pool-1-thread-2] DEBUG com.mnc.udp.UDPServer - UDP-Server: Message-15-20 -> Message-15-20 (/127.0.0.1:49440)
21:20:57.148 [pool-1-thread-1] DEBUG com.mnc.udp.UDPServer - UDP-Server: Message-13-91 -> Message-13-91 (/127.0.0.1:49438)
21:20:57.148 [pool-1-thread-5] DEBUG com.mnc.udp.UDPServer - UDP-Server: Message-28-16 -> Message-28-16 (/127.0.0.1:49453)
21:20:57.148 [pool-1-thread-4] DEBUG com.mnc.udp.UDPServer - UDP-Server: Message-7-97
21:20:57.148 [pool-1-thread-3] DEBUG com.mnc.udp.UDPServer - UDP-Server: Message-56-37 -> Message-56-37 (/127.0.0.1:49481)
21:20:57.148 [pool-1-thread-4] DEBUG com.mnc.udp.UDPServer - UDP-Server: Message-7-97 -> Message-7-97 (/127.0.0.1:49432)
21:20:57.148 [pool-1-thread-2] DEBUG com.mnc.udp.UDPServer - UDP-Server: Message-54-40
21:20:57.148 [pool-1-thread-4] DEBUG com.mnc.udp.UDPServer - UDP-Server: Message-13-92
21:20:57.148 [pool-1-thread-3] DEBUG com.mnc.udp.UDPServer - UDP-Server: Message-15-18
21:20:57.148 [pool-1-thread-4] DEBUG com.mnc.udp.UDPServer - UDP-Server: Message-13-92 -> Message-13-92 (/127.0.0.1:49438)
21:20:57.148 [pool-1-thread-2] DEBUG com.mnc.udp.UDPServer - UDP-Server: Message-54-40 -> Message-54-40 (/127.0.0.1:49479)
21:20:57.148 [pool-1-thread-1] DEBUG com.mnc.udp.UDPServer - UDP-Server: Message-28-17
21:20:57.148 [pool-1-thread-4] DEBUG com.mnc.udp.UDPServer - UDP-Server: Message-56-15
21:20:57.148 [pool-1-thread-4] DEBUG com.mnc.udp.UDPServer - UDP-Server: Message-56-15 -> Message-56-15 (/127.0.0.1:49481)
21:20:57.149 [pool-1-thread-5] DEBUG com.mnc.udp.UDPServer - UDP-Server: Message-7-98
21:20:57.148 [pool-1-thread-3] DEBUG com.mnc.udp.UDPServer - UDP-Server: Message-15-18 -> Message-15-18 (/127.0.0.1:49440)
21:20:57.148 [pool-1-thread-1] DEBUG com.mnc.udp.UDPServer - UDP-Server: Message-28-17 -> Message-28-17 (/127.0.0.1:49453)
21:20:57.149 [pool-1-thread-2] DEBUG com.mnc.udp.UDPServer - UDP-Server: Message-13-88
21:20:57.149 [pool-1-thread-4] DEBUG com.mnc.udp.UDPServer - UDP-Server: Message-54-41
21:20:57.149 [pool-1-thread-5] DEBUG com.mnc.udp.UDPServer - UDP-Server: Message-7-98 -> Message-7-98 (/127.0.0.1:49432)
21:20:57.149 [pool-1-thread-4] DEBUG com.mnc.udp.UDPServer - UDP-Server: Message-54-41 -> Message-54-41 (/127.0.0.1:49479)
21:20:57.149 [pool-1-thread-3] DEBUG com.mnc.udp.UDPServer - UDP-Server: Message-56-16
21:20:57.149 [pool-1-thread-1] DEBUG com.mnc.udp.UDPServer - UDP-Server: Message-15-7
21:20:57.149 [pool-1-thread-4] DEBUG com.mnc.udp.UDPServer - UDP-Server: Message-28-13
21:20:57.149 [pool-1-thread-1] DEBUG com.mnc.udp.UDPServer - UDP-Server: Message-15-7 -> Message-15-7 (/127.0.0.1:49440)
21:20:57.149 [pool-1-thread-4] DEBUG com.mnc.udp.UDPServer - UDP-Server: Message-28-13 -> Message-28-13 (/127.0.0.1:49453)
21:20:57.149 [pool-1-thread-2] DEBUG com.mnc.udp.UDPServer - UDP-Server: Message-13-88 -> Message-13-88 (/127.0.0.1:49438)
21:20:57.149 [pool-1-thread-3] DEBUG com.mnc.udp.UDPServer - UDP-Server: Message-56-16 -> Message-56-16 (/127.0.0.1:49481)
21:20:57.149 [pool-1-thread-5] DEBUG com.mnc.udp.UDPServer - UDP-Server: Message-7-8
21:20:57.149 [pool-1-thread-1] DEBUG com.mnc.udp.UDPServer - UDP-Server: Message-54-42
21:20:57.149 [pool-1-thread-5] DEBUG com.mnc.udp.UDPServer - UDP-Server: Message-7-8 -> Message-7-8 (/127.0.0.1:49432)
21:20:57.149 [pool-1-thread-4] DEBUG com.mnc.udp.UDPServer - UDP-Server: Message-15-8
21:20:57.149 [pool-1-thread-2] DEBUG com.mnc.udp.UDPServer - UDP-Server: Message-28-14
21:20:57.149 [pool-1-thread-1] DEBUG com.mnc.udp.UDPServer - UDP-Server: Message-54-42 -> Message-54-42 (/127.0.0.1:49479)
21:20:57.149 [pool-1-thread-3] DEBUG com.mnc.udp.UDPServer - UDP-Server: Message-13-89
21:20:57.149 [pool-1-thread-4] DEBUG com.mnc.udp.UDPServer - UDP-Server: Message-15-8 -> Message-15-8 (/127.0.0.1:49440)
21:20:57.149 [pool-1-thread-5] DEBUG com.mnc.udp.UDPServer - UDP-Server: Message-56-17
21:20:57.149 [pool-1-thread-2] DEBUG com.mnc.udp.UDPServer - UDP-Server: Message-28-14 -> Message-28-14 (/127.0.0.1:49453)
21:20:57.149 [pool-1-thread-3] DEBUG com.mnc.udp.UDPServer - UDP-Server: Message-13-89 -> Message-13-89 (/127.0.0.1:49438)
21:20:57.149 [pool-1-thread-5] DEBUG com.mnc.udp.UDPServer - UDP-Server: Message-56-17 -> Message-56-17 (/127.0.0.1:49481)
21:20:57.149 [pool-1-thread-1] DEBUG com.mnc.udp.UDPServer - UDP-Server: Message-7-6
21:20:57.149 [pool-1-thread-2] DEBUG com.mnc.udp.UDPServer - UDP-Server: Message-15-6
21:20:57.149 [pool-1-thread-4] DEBUG com.mnc.udp.UDPServer - UDP-Server: Message-54-82
21:20:57.149 [pool-1-thread-2] DEBUG com.mnc.udp.UDPServer - UDP-Server: Message-15-6 -> Message-15-6 (/127.0.0.1:49440)
21:20:57.149 [pool-1-thread-1] DEBUG com.mnc.udp.UDPServer - UDP-Server: Message-7-6 -> Message-7-6 (/127.0.0.1:49432)
21:20:57.149 [pool-1-thread-2] DEBUG com.mnc.udp.UDPServer - UDP-Server: Message-28-85
21:20:57.149 [pool-1-thread-2] DEBUG com.mnc.udp.UDPServer - UDP-Server: Message-28-85 -> Message-28-85 (/127.0.0.1:49453)
21:20:57.149 [pool-1-thread-4] DEBUG com.mnc.udp.UDPServer - UDP-Server: Message-54-82 -> Message-54-82 (/127.0.0.1:49479)
21:20:57.149 [pool-1-thread-5] DEBUG com.mnc.udp.UDPServer - UDP-Server: Message-13-87
21:20:57.149 [pool-1-thread-2] DEBUG com.mnc.udp.UDPServer - UDP-Server: Message-56-13
21:20:57.149 [pool-1-thread-2] DEBUG com.mnc.udp.UDPServer - UDP-Server: Message-56-13 -> Message-56-13 (/127.0.0.1:49481)
21:20:57.149 [pool-1-thread-1] DEBUG com.mnc.udp.UDPServer - UDP-Server: Message-15-10
21:20:57.149 [pool-1-thread-3] DEBUG com.mnc.udp.UDPServer - UDP-Server: Message-7-74
21:20:57.149 [pool-1-thread-5] DEBUG com.mnc.udp.UDPServer - UDP-Server: Message-13-87 -> Message-13-87 (/127.0.0.1:49438)
21:20:57.149 [pool-1-thread-2] DEBUG com.mnc.udp.UDPServer - UDP-Server: Message-54-38
21:20:57.149 [pool-1-thread-2] DEBUG com.mnc.udp.UDPServer - UDP-Server: Message-54-38 -> Message-54-38 (/127.0.0.1:49479)
21:20:57.149 [pool-1-thread-1] DEBUG com.mnc.udp.UDPServer - UDP-Server: Message-15-10 -> Message-15-10 (/127.0.0.1:49440)
21:20:57.149 [pool-1-thread-4] DEBUG com.mnc.udp.UDPServer - UDP-Server: Message-28-86
21:20:57.149 [pool-1-thread-3] DEBUG com.mnc.udp.UDPServer - UDP-Server: Message-7-74 -> Message-7-74 (/127.0.0.1:49432)
21:20:57.149 [pool-1-thread-5] DEBUG com.mnc.udp.UDPServer - UDP-Server: Message-56-14
21:20:57.149 [pool-1-thread-4] DEBUG com.mnc.udp.UDPServer - UDP-Server: Message-28-86 -> Message-28-86 (/127.0.0.1:49453)
21:20:57.149 [pool-1-thread-2] DEBUG com.mnc.udp.UDPServer - UDP-Server: Message-13-96
21:20:57.149 [pool-1-thread-1] DEBUG com.mnc.udp.UDPServer - UDP-Server: Message-15-11
21:20:57.149 [pool-1-thread-3] DEBUG com.mnc.udp.UDPServer - UDP-Server: Message-54-39
21:20:57.149 [pool-1-thread-1] DEBUG com.mnc.udp.UDPServer - UDP-Server: Message-15-11 -> Message-15-11 (/127.0.0.1:49440)
21:20:57.149 [pool-1-thread-5] DEBUG com.mnc.udp.UDPServer - UDP-Server: Message-56-14 -> Message-56-14 (/127.0.0.1:49481)
21:20:57.149 [pool-1-thread-3] DEBUG com.mnc.udp.UDPServer - UDP-Server: Message-54-39 -> Message-54-39 (/127.0.0.1:49479)
21:20:57.149 [pool-1-thread-2] DEBUG com.mnc.udp.UDPServer - UDP-Server: Message-13-96 -> Message-13-96 (/127.0.0.1:49438)
21:20:57.149 [pool-1-thread-1] DEBUG com.mnc.udp.UDPServer - UDP-Server: Message-7-60
21:20:57.149 [pool-1-thread-1] DEBUG com.mnc.udp.UDPServer - UDP-Server: Message-7-60 -> Message-7-60 (/127.0.0.1:49432)
21:20:57.149 [pool-1-thread-1] DEBUG com.mnc.udp.UDPServer - UDP-Server: Message-28-12
21:20:57.149 [pool-1-thread-1] DEBUG com.mnc.udp.UDPServer - UDP-Server: Message-28-12 -> Message-28-12 (/127.0.0.1:49453)
21:20:57.149 [pool-1-thread-3] DEBUG com.mnc.udp.UDPServer - UDP-Server: Message-15-9
21:20:57.149 [pool-1-thread-3] DEBUG com.mnc.udp.UDPServer - UDP-Server: Message-15-9 -> Message-15-9 (/127.0.0.1:49440)
21:20:57.149 [pool-1-thread-1] DEBUG com.mnc.udp.UDPServer - UDP-Server: Message-54-37
21:20:57.149 [pool-1-thread-1] DEBUG com.mnc.udp.UDPServer - UDP-Server: Message-54-37 -> Message-54-37 (/127.0.0.1:49479)
21:20:57.149 [pool-1-thread-5] DEBUG com.mnc.udp.UDPServer - UDP-Server: Message-13-97
21:20:57.149 [pool-1-thread-4] DEBUG com.mnc.udp.UDPServer - UDP-Server: Message-56-12
21:20:57.149 [pool-1-thread-1] DEBUG com.mnc.udp.UDPServer - UDP-Server: Message-7-61
21:20:57.149 [pool-1-thread-4] DEBUG com.mnc.udp.UDPServer - UDP-Server: Message-56-12 -> Message-56-12 (/127.0.0.1:49481)
21:20:57.149 [pool-1-thread-5] DEBUG com.mnc.udp.UDPServer - UDP-Server: Message-13-97 -> Message-13-97 (/127.0.0.1:49438)
21:20:57.149 [pool-1-thread-2] DEBUG com.mnc.udp.UDPServer - UDP-Server: Message-15-3
21:20:57.149 [pool-1-thread-3] DEBUG com.mnc.udp.UDPServer - UDP-Server: Message-28-84
21:20:57.149 [pool-1-thread-4] DEBUG com.mnc.udp.UDPServer - UDP-Server: Message-54-83
21:20:57.149 [pool-1-thread-3] DEBUG com.mnc.udp.UDPServer - UDP-Server: Message-28-84 -> Message-28-84 (/127.0.0.1:49453)
21:20:57.149 [pool-1-thread-1] DEBUG com.mnc.udp.UDPServer - UDP-Server: Message-7-61 -> Message-7-61 (/127.0.0.1:49432)
21:20:57.149 [pool-1-thread-4] DEBUG com.mnc.udp.UDPServer - UDP-Server: Message-54-83 -> Message-54-83 (/127.0.0.1:49479)
21:20:57.149 [pool-1-thread-2] DEBUG com.mnc.udp.UDPServer - UDP-Server: Message-15-3 -> Message-15-3 (/127.0.0.1:49440)
21:20:57.149 [pool-1-thread-5] DEBUG com.mnc.udp.UDPServer - UDP-Server: Message-56-21
21:20:57.149 [pool-1-thread-5] DEBUG com.mnc.udp.UDPServer - UDP-Server: Message-56-21 -> Message-56-21 (/127.0.0.1:49481)
21:20:57.149 [pool-1-thread-3] DEBUG com.mnc.udp.UDPServer - UDP-Server: Message-13-98
21:20:57.149 [pool-1-thread-1] DEBUG com.mnc.udp.UDPServer - UDP-Server: Message-28-78
21:20:57.149 [pool-1-thread-3] DEBUG com.mnc.udp.UDPServer - UDP-Server: Message-13-98 -> Message-13-98 (/127.0.0.1:49438)
21:20:57.149 [pool-1-thread-1] DEBUG com.mnc.udp.UDPServer - UDP-Server: Message-28-78 -> Message-28-78 (/127.0.0.1:49453)
21:20:57.149 [pool-1-thread-2] DEBUG com.mnc.udp.UDPServer - UDP-Server: Message-54-15
21:20:57.149 [pool-1-thread-3] DEBUG com.mnc.udp.UDPServer - UDP-Server: Message-15-4
21:20:57.149 [pool-1-thread-1] DEBUG com.mnc.udp.UDPServer - UDP-Server: Message-56-22
21:20:57.149 [pool-1-thread-4] DEBUG com.mnc.udp.UDPServer - UDP-Server: Message-7-69
21:20:57.149 [pool-1-thread-2] DEBUG com.mnc.udp.UDPServer - UDP-Server: Message-54-15 -> Message-54-15 (/127.0.0.1:49479)
21:20:57.149 [pool-1-thread-3] DEBUG com.mnc.udp.UDPServer - UDP-Server: Message-15-4 -> Message-15-4 (/127.0.0.1:49440)
21:20:57.149 [pool-1-thread-1] DEBUG com.mnc.udp.UDPServer - UDP-Server: Message-56-22 -> Message-56-22 (/127.0.0.1:49481)
21:20:57.149 [pool-1-thread-4] DEBUG com.mnc.udp.UDPServer - UDP-Server: Message-7-69 -> Message-7-69 (/127.0.0.1:49432)
21:20:57.150 [pool-1-thread-5] DEBUG com.mnc.udp.UDPServer - UDP-Server: Message-13-99
21:20:57.150 [pool-1-thread-2] DEBUG com.mnc.udp.UDPServer - UDP-Server: Message-28-21
21:20:57.150 [pool-1-thread-5] DEBUG com.mnc.udp.UDPServer - UDP-Server: Message-13-99 -> Message-13-99 (/127.0.0.1:49438)
21:20:57.150 [pool-1-thread-3] DEBUG com.mnc.udp.UDPServer - UDP-Server: Message-54-16
21:20:57.150 [pool-1-thread-2] DEBUG com.mnc.udp.UDPServer - UDP-Server: Message-28-21 -> Message-28-21 (/127.0.0.1:49453)
21:20:57.150 [pool-1-thread-1] DEBUG com.mnc.udp.UDPServer - UDP-Server: Message-15-5
21:20:57.150 [pool-1-thread-3] DEBUG com.mnc.udp.UDPServer - UDP-Server: Message-54-16 -> Message-54-16 (/127.0.0.1:49479)
21:20:57.150 [pool-1-thread-4] DEBUG com.mnc.udp.UDPServer - UDP-Server: Message-56-23
21:20:57.150 [pool-1-thread-4] DEBUG com.mnc.udp.UDPServer - UDP-Server: Message-56-23 -> Message-56-23 (/127.0.0.1:49481)
21:20:57.150 [pool-1-thread-1] DEBUG com.mnc.udp.UDPServer - UDP-Server: Message-15-5 -> Message-15-5 (/127.0.0.1:49440)
21:20:57.150 [pool-1-thread-3] DEBUG com.mnc.udp.UDPServer - UDP-Server: Message-7-70
21:20:57.150 [pool-1-thread-1] DEBUG com.mnc.udp.UDPServer - UDP-Server: Message-28-22
21:20:57.150 [pool-1-thread-4] DEBUG com.mnc.udp.UDPServer - UDP-Server: Message-13-94
21:20:57.150 [pool-1-thread-3] DEBUG com.mnc.udp.UDPServer - UDP-Server: Message-7-70 -> Message-7-70 (/127.0.0.1:49432)
21:20:57.150 [pool-1-thread-2] DEBUG com.mnc.udp.UDPServer - UDP-Server: Message-54-17
21:20:57.150 [pool-1-thread-3] DEBUG com.mnc.udp.UDPServer - UDP-Server: Message-15-1
21:20:57.150 [pool-1-thread-1] DEBUG com.mnc.udp.UDPServer - UDP-Server: Message-28-22 -> Message-28-22 (/127.0.0.1:49453)
21:20:57.150 [pool-1-thread-4] DEBUG com.mnc.udp.UDPServer - UDP-Server: Message-13-94 -> Message-13-94 (/127.0.0.1:49438)
21:20:57.150 [pool-1-thread-5] DEBUG com.mnc.udp.UDPServer - UDP-Server: Message-56-24
21:20:57.150 [pool-1-thread-2] DEBUG com.mnc.udp.UDPServer - UDP-Server: Message-54-17 -> Message-54-17 (/127.0.0.1:49479)
21:20:57.150 [pool-1-thread-5] DEBUG com.mnc.udp.UDPServer - UDP-Server: Message-56-24 -> Message-56-24 (/127.0.0.1:49481)
21:20:57.150 [pool-1-thread-3] DEBUG com.mnc.udp.UDPServer - UDP-Server: Message-15-1 -> Message-15-1 (/127.0.0.1:49440)
21:20:57.150 [pool-1-thread-3] DEBUG com.mnc.udp.UDPServer - UDP-Server: Message-7-68
21:20:57.150 [pool-1-thread-3] DEBUG com.mnc.udp.UDPServer - UDP-Server: Message-7-68 -> Message-7-68 (/127.0.0.1:49432)
21:20:57.150 [pool-1-thread-4] DEBUG com.mnc.udp.UDPServer - UDP-Server: Message-28-23
21:20:57.150 [pool-1-thread-2] DEBUG com.mnc.udp.UDPServer - UDP-Server: Message-13-95
21:20:57.150 [pool-1-thread-1] DEBUG com.mnc.udp.UDPServer - UDP-Server: Message-54-13
21:20:57.150 [pool-1-thread-5] DEBUG com.mnc.udp.UDPServer - UDP-Server: Message-15-2
21:20:57.150 [pool-1-thread-3] DEBUG com.mnc.udp.UDPServer - UDP-Server: Message-56-19
21:20:57.150 [pool-1-thread-5] DEBUG com.mnc.udp.UDPServer - UDP-Server: Message-15-2 -> Message-15-2 (/127.0.0.1:49440)
21:20:57.150 [pool-1-thread-4] DEBUG com.mnc.udp.UDPServer - UDP-Server: Message-28-23 -> Message-28-23 (/127.0.0.1:49453)
21:20:57.150 [pool-1-thread-2] DEBUG com.mnc.udp.UDPServer - UDP-Server: Message-13-95 -> Message-13-95 (/127.0.0.1:49438)
21:20:57.150 [pool-1-thread-5] DEBUG com.mnc.udp.UDPServer - UDP-Server: Message-7-10
21:20:57.150 [pool-1-thread-1] DEBUG com.mnc.udp.UDPServer - UDP-Server: Message-54-13 -> Message-54-13 (/127.0.0.1:49479)
21:20:57.150 [pool-1-thread-3] DEBUG com.mnc.udp.UDPServer - UDP-Server: Message-56-19 -> Message-56-19 (/127.0.0.1:49481)
21:20:57.150 [pool-1-thread-5] DEBUG com.mnc.udp.UDPServer - UDP-Server: Message-7-10 -> Message-7-10 (/127.0.0.1:49432)
21:20:57.150 [pool-1-thread-3] DEBUG com.mnc.udp.UDPServer - UDP-Server: Message-15-0
21:20:57.150 [pool-1-thread-3] DEBUG com.mnc.udp.UDPServer - UDP-Server: Message-15-0 -> Message-15-0 (/127.0.0.1:49440)
21:20:57.150 [pool-1-thread-2] DEBUG com.mnc.udp.UDPServer - UDP-Server: Message-28-24
21:20:57.150 [pool-1-thread-1] DEBUG com.mnc.udp.UDPServer - UDP-Server: Message-13-93
21:20:57.150 [pool-1-thread-3] DEBUG com.mnc.udp.UDPServer - UDP-Server: Message-54-14
21:20:57.150 [pool-1-thread-5] DEBUG com.mnc.udp.UDPServer - UDP-Server: Message-56-20
21:20:57.150 [pool-1-thread-3] DEBUG com.mnc.udp.UDPServer - UDP-Server: Message-54-14 -> Message-54-14 (/127.0.0.1:49479)
21:20:57.150 [pool-1-thread-2] DEBUG com.mnc.udp.UDPServer - UDP-Server: Message-28-24 -> Message-28-24 (/127.0.0.1:49453)
21:20:57.150 [pool-1-thread-4] DEBUG com.mnc.udp.UDPServer - UDP-Server: Message-7-11
21:20:57.150 [pool-1-thread-1] DEBUG com.mnc.udp.UDPServer - UDP-Server: Message-13-93 -> Message-13-93 (/127.0.0.1:49438)
21:20:57.150 [pool-1-thread-4] DEBUG com.mnc.udp.UDPServer - UDP-Server: Message-7-11 -> Message-7-11 (/127.0.0.1:49432)
21:20:57.150 [pool-1-thread-5] DEBUG com.mnc.udp.UDPServer - UDP-Server: Message-56-20 -> Message-56-20 (/127.0.0.1:49481)
21:20:57.150 [pool-1-thread-2] DEBUG com.mnc.udp.UDPServer - UDP-Server: Message-15-90
21:20:57.150 [pool-1-thread-2] DEBUG com.mnc.udp.UDPServer - UDP-Server: Message-15-90 -> Message-15-90 (/127.0.0.1:49440)
21:20:57.150 [pool-1-thread-2] DEBUG com.mnc.udp.UDPServer - UDP-Server: Message-54-81
21:20:57.150 [pool-1-thread-2] DEBUG com.mnc.udp.UDPServer - UDP-Server: Message-54-81 -> Message-54-81 (/127.0.0.1:49479)
21:20:57.150 [pool-1-thread-5] DEBUG com.mnc.udp.UDPServer - UDP-Server: Message-28-79
21:20:57.150 [pool-1-thread-1] DEBUG com.mnc.udp.UDPServer - UDP-Server: Message-13-82
21:20:57.150 [pool-1-thread-5] DEBUG com.mnc.udp.UDPServer - UDP-Server: Message-28-79 -> Message-28-79 (/127.0.0.1:49453)
21:20:57.150 [pool-1-thread-1] DEBUG com.mnc.udp.UDPServer - UDP-Server: Message-13-82 -> Message-13-82 (/127.0.0.1:49438)
21:20:57.150 [pool-1-thread-4] DEBUG com.mnc.udp.UDPServer - UDP-Server: Message-7-99
21:20:57.150 [pool-1-thread-4] DEBUG com.mnc.udp.UDPServer - UDP-Server: Message-7-99 -> Message-7-99 (/127.0.0.1:49432)
21:20:57.150 [pool-1-thread-5] DEBUG com.mnc.udp.UDPServer - UDP-Server: Message-56-18
21:20:57.150 [pool-1-thread-5] DEBUG com.mnc.udp.UDPServer - UDP-Server: Message-56-18 -> Message-56-18 (/127.0.0.1:49481)
21:20:57.150 [pool-1-thread-3] DEBUG com.mnc.udp.UDPServer - UDP-Server: Message-15-91
21:20:57.150 [pool-1-thread-1] DEBUG com.mnc.udp.UDPServer - UDP-Server: Message-28-80
21:20:57.150 [pool-1-thread-4] DEBUG com.mnc.udp.UDPServer - UDP-Server: Message-13-83
21:20:57.150 [pool-1-thread-2] DEBUG com.mnc.udp.UDPServer - UDP-Server: Message-54-12
21:20:57.150 [pool-1-thread-4] DEBUG com.mnc.udp.UDPServer - UDP-Server: Message-13-83 -> Message-13-83 (/127.0.0.1:49438)
21:20:57.150 [pool-1-thread-1] DEBUG com.mnc.udp.UDPServer - UDP-Server: Message-28-80 -> Message-28-80 (/127.0.0.1:49453)
21:20:57.150 [pool-1-thread-4] DEBUG com.mnc.udp.UDPServer - UDP-Server: Message-56-7
21:20:57.150 [pool-1-thread-4] DEBUG com.mnc.udp.UDPServer - UDP-Server: Message-56-7 -> Message-56-7 (/127.0.0.1:49481)
21:20:57.150 [pool-1-thread-3] DEBUG com.mnc.udp.UDPServer - UDP-Server: Message-15-91 -> Message-15-91 (/127.0.0.1:49440)
21:20:57.150 [pool-1-thread-5] DEBUG com.mnc.udp.UDPServer - UDP-Server: Message-7-94
21:20:57.150 [pool-1-thread-2] DEBUG com.mnc.udp.UDPServer - UDP-Server: Message-54-12 -> Message-54-12 (/127.0.0.1:49479)
21:20:57.150 [pool-1-thread-5] DEBUG com.mnc.udp.UDPServer - UDP-Server: Message-7-94 -> Message-7-94 (/127.0.0.1:49432)
21:20:57.150 [pool-1-thread-1] DEBUG com.mnc.udp.UDPServer - UDP-Server: Message-13-81
21:20:57.150 [pool-1-thread-4] DEBUG com.mnc.udp.UDPServer - UDP-Server: Message-28-76
21:20:57.150 [pool-1-thread-2] DEBUG com.mnc.udp.UDPServer - UDP-Server: Message-56-8
21:20:57.150 [pool-1-thread-4] DEBUG com.mnc.udp.UDPServer - UDP-Server: Message-28-76 -> Message-28-76 (/127.0.0.1:49453)
21:20:57.150 [pool-1-thread-2] DEBUG com.mnc.udp.UDPServer - UDP-Server: Message-56-8 -> Message-56-8 (/127.0.0.1:49481)
21:20:57.150 [pool-1-thread-5] DEBUG com.mnc.udp.UDPServer - UDP-Server: Message-15-92
21:20:57.150 [pool-1-thread-5] DEBUG com.mnc.udp.UDPServer - UDP-Server: Message-15-92 -> Message-15-92 (/127.0.0.1:49440)
21:20:57.150 [pool-1-thread-1] DEBUG com.mnc.udp.UDPServer - UDP-Server: Message-13-81 -> Message-13-81 (/127.0.0.1:49438)
21:20:57.150 [pool-1-thread-5] DEBUG com.mnc.udp.UDPServer - UDP-Server: Message-54-21
21:20:57.150 [pool-1-thread-5] DEBUG com.mnc.udp.UDPServer - UDP-Server: Message-54-21 -> Message-54-21 (/127.0.0.1:49479)
21:20:57.150 [pool-1-thread-1] DEBUG com.mnc.udp.UDPServer - UDP-Server: Message-7-95
21:20:57.150 [pool-1-thread-1] DEBUG com.mnc.udp.UDPServer - UDP-Server: Message-7-95 -> Message-7-95 (/127.0.0.1:49432)
21:20:57.150 [pool-1-thread-2] DEBUG com.mnc.udp.UDPServer - UDP-Server: Message-28-77
21:20:57.150 [pool-1-thread-2] DEBUG com.mnc.udp.UDPServer - UDP-Server: Message-28-77 -> Message-28-77 (/127.0.0.1:49453)
21:20:57.150 [pool-1-thread-3] DEBUG com.mnc.udp.UDPServer - UDP-Server: Message-56-6
21:20:57.150 [pool-1-thread-1] DEBUG com.mnc.udp.UDPServer - UDP-Server: Message-15-88
21:20:57.150 [pool-1-thread-3] DEBUG com.mnc.udp.UDPServer - UDP-Server: Message-56-6 -> Message-56-6 (/127.0.0.1:49481)
21:20:57.150 [pool-1-thread-1] DEBUG com.mnc.udp.UDPServer - UDP-Server: Message-15-88 -> Message-15-88 (/127.0.0.1:49440)
21:20:57.150 [pool-1-thread-3] DEBUG com.mnc.udp.UDPServer - UDP-Server: Message-13-85
21:20:57.150 [pool-1-thread-3] DEBUG com.mnc.udp.UDPServer - UDP-Server: Message-13-85 -> Message-13-85 (/127.0.0.1:49438)
21:20:57.151 [pool-1-thread-4] DEBUG com.mnc.udp.UDPServer - UDP-Server: Message-54-85
21:20:57.151 [pool-1-thread-1] DEBUG com.mnc.udp.UDPServer - UDP-Server: Message-28-19
21:20:57.151 [pool-1-thread-2] DEBUG com.mnc.udp.UDPServer - UDP-Server: Message-7-9
21:20:57.151 [pool-1-thread-1] DEBUG com.mnc.udp.UDPServer - UDP-Server: Message-28-19 -> Message-28-19 (/127.0.0.1:49453)
21:20:57.151 [pool-1-thread-5] DEBUG com.mnc.udp.UDPServer - UDP-Server: Message-56-10
21:20:57.151 [pool-1-thread-4] DEBUG com.mnc.udp.UDPServer - UDP-Server: Message-54-85 -> Message-54-85 (/127.0.0.1:49479)
21:20:57.151 [pool-1-thread-3] DEBUG com.mnc.udp.UDPServer - UDP-Server: Message-15-89
21:20:57.151 [pool-1-thread-2] DEBUG com.mnc.udp.UDPServer - UDP-Server: Message-7-9 -> Message-7-9 (/127.0.0.1:49432)
21:20:57.151 [pool-1-thread-5] DEBUG com.mnc.udp.UDPServer - UDP-Server: Message-56-10 -> Message-56-10 (/127.0.0.1:49481)
21:20:57.151 [pool-1-thread-1] DEBUG com.mnc.udp.UDPServer - UDP-Server: Message-13-86
21:20:57.151 [pool-1-thread-4] DEBUG com.mnc.udp.UDPServer - UDP-Server: Message-28-20
21:20:57.151 [pool-1-thread-1] DEBUG com.mnc.udp.UDPServer - UDP-Server: Message-13-86 -> Message-13-86 (/127.0.0.1:49438)
21:20:57.151 [pool-1-thread-3] DEBUG com.mnc.udp.UDPServer - UDP-Server: Message-15-89 -> Message-15-89 (/127.0.0.1:49440)
21:20:57.151 [pool-1-thread-4] DEBUG com.mnc.udp.UDPServer - UDP-Server: Message-28-20 -> Message-28-20 (/127.0.0.1:49453)
21:20:57.151 [pool-1-thread-3] DEBUG com.mnc.udp.UDPServer - UDP-Server: Message-54-86
21:20:57.151 [pool-1-thread-3] DEBUG com.mnc.udp.UDPServer - UDP-Server: Message-54-86 -> Message-54-86 (/127.0.0.1:49479)
21:20:57.151 [pool-1-thread-5] DEBUG com.mnc.udp.UDPServer - UDP-Server: Message-7-63
21:20:57.151 [pool-1-thread-1] DEBUG com.mnc.udp.UDPServer - UDP-Server: Message-56-11
21:20:57.151 [pool-1-thread-1] DEBUG com.mnc.udp.UDPServer - UDP-Server: Message-56-11 -> Message-56-11 (/127.0.0.1:49481)
21:20:57.151 [pool-1-thread-2] DEBUG com.mnc.udp.UDPServer - UDP-Server: Message-13-84
21:20:57.151 [pool-1-thread-5] DEBUG com.mnc.udp.UDPServer - UDP-Server: Message-7-63 -> Message-7-63 (/127.0.0.1:49432)
21:20:57.151 [pool-1-thread-4] DEBUG com.mnc.udp.UDPServer - UDP-Server: Message-15-87
21:20:57.151 [pool-1-thread-4] DEBUG com.mnc.udp.UDPServer - UDP-Server: Message-15-87 -> Message-15-87 (/127.0.0.1:49440)
21:20:57.151 [pool-1-thread-2] DEBUG com.mnc.udp.UDPServer - UDP-Server: Message-13-84 -> Message-13-84 (/127.0.0.1:49438)
21:20:57.151 [pool-1-thread-3] DEBUG com.mnc.udp.UDPServer - UDP-Server: Message-28-75
21:20:57.151 [pool-1-thread-5] DEBUG com.mnc.udp.UDPServer - UDP-Server: Message-54-84
21:20:57.151 [pool-1-thread-3] DEBUG com.mnc.udp.UDPServer - UDP-Server: Message-28-75 -> Message-28-75 (/127.0.0.1:49453)
21:20:57.151 [pool-1-thread-5] DEBUG com.mnc.udp.UDPServer - UDP-Server: Message-54-84 -> Message-54-84 (/127.0.0.1:49479)
21:20:57.151 [pool-1-thread-1] DEBUG com.mnc.udp.UDPServer - UDP-Server: Message-56-9
21:20:57.151 [pool-1-thread-4] DEBUG com.mnc.udp.UDPServer - UDP-Server: Message-7-64
21:20:57.151 [pool-1-thread-1] DEBUG com.mnc.udp.UDPServer - UDP-Server: Message-56-9 -> Message-56-9 (/127.0.0.1:49481)
21:20:57.151 [pool-1-thread-5] DEBUG com.mnc.udp.UDPServer - UDP-Server: Message-15-96
21:20:57.151 [pool-1-thread-3] DEBUG com.mnc.udp.UDPServer - UDP-Server: Message-13-78
21:20:57.151 [pool-1-thread-4] DEBUG com.mnc.udp.UDPServer - UDP-Server: Message-7-64 -> Message-7-64 (/127.0.0.1:49432)
21:20:57.151 [pool-1-thread-3] DEBUG com.mnc.udp.UDPServer - UDP-Server: Message-13-78 -> Message-13-78 (/127.0.0.1:49438)
21:20:57.151 [pool-1-thread-4] DEBUG com.mnc.udp.UDPServer - UDP-Server: Message-54-22
21:20:57.151 [pool-1-thread-5] DEBUG com.mnc.udp.UDPServer - UDP-Server: Message-15-96 -> Message-15-96 (/127.0.0.1:49440)
21:20:57.151 [pool-1-thread-1] DEBUG com.mnc.udp.UDPServer - UDP-Server: Message-28-18
21:20:57.151 [pool-1-thread-1] DEBUG com.mnc.udp.UDPServer - UDP-Server: Message-28-18 -> Message-28-18 (/127.0.0.1:49453)
21:20:57.151 [pool-1-thread-3] DEBUG com.mnc.udp.UDPServer - UDP-Server: Message-7-62
21:20:57.151 [pool-1-thread-4] DEBUG com.mnc.udp.UDPServer - UDP-Server: Message-54-22 -> Message-54-22 (/127.0.0.1:49479)
21:20:57.151 [pool-1-thread-5] DEBUG com.mnc.udp.UDPServer - UDP-Server: Message-13-79
21:20:57.151 [pool-1-thread-5] DEBUG com.mnc.udp.UDPServer - UDP-Server: Message-13-79 -> Message-13-79 (/127.0.0.1:49438)
21:20:57.151 [pool-1-thread-2] DEBUG com.mnc.udp.UDPServer - UDP-Server: Message-56-3
21:20:57.151 [pool-1-thread-1] DEBUG com.mnc.udp.UDPServer - UDP-Server: Message-15-97
21:20:57.151 [pool-1-thread-1] DEBUG com.mnc.udp.UDPServer - UDP-Server: Message-15-97 -> Message-15-97 (/127.0.0.1:49440)
21:20:57.151 [pool-1-thread-3] DEBUG com.mnc.udp.UDPServer - UDP-Server: Message-7-62 -> Message-7-62 (/127.0.0.1:49432)
21:20:57.151 [pool-1-thread-2] DEBUG com.mnc.udp.UDPServer - UDP-Server: Message-56-3 -> Message-56-3 (/127.0.0.1:49481)
21:20:57.151 [pool-1-thread-3] DEBUG com.mnc.udp.UDPServer - UDP-Server: Message-54-23
21:20:57.151 [pool-1-thread-4] DEBUG com.mnc.udp.UDPServer - UDP-Server: Message-13-80
21:20:57.151 [pool-1-thread-1] DEBUG com.mnc.udp.UDPServer - UDP-Server: Message-28-7
21:20:57.151 [pool-1-thread-4] DEBUG com.mnc.udp.UDPServer - UDP-Server: Message-13-80 -> Message-13-80 (/127.0.0.1:49438)
21:20:57.151 [pool-1-thread-3] DEBUG com.mnc.udp.UDPServer - UDP-Server: Message-54-23 -> Message-54-23 (/127.0.0.1:49479)
21:20:57.151 [pool-1-thread-1] DEBUG com.mnc.udp.UDPServer - UDP-Server: Message-28-7 -> Message-28-7 (/127.0.0.1:49453)
21:20:57.151 [pool-1-thread-5] DEBUG com.mnc.udp.UDPServer - UDP-Server: Message-15-98
21:20:57.151 [pool-1-thread-2] DEBUG com.mnc.udp.UDPServer - UDP-Server: Message-7-59
21:20:57.151 [pool-1-thread-4] DEBUG com.mnc.udp.UDPServer - UDP-Server: Message-56-4
21:20:57.151 [pool-1-thread-5] DEBUG com.mnc.udp.UDPServer - UDP-Server: Message-15-98 -> Message-15-98 (/127.0.0.1:49440)
21:20:57.151 [pool-1-thread-1] DEBUG com.mnc.udp.UDPServer - UDP-Server: Message-54-24
21:20:57.151 [pool-1-thread-2] DEBUG com.mnc.udp.UDPServer - UDP-Server: Message-7-59 -> Message-7-59 (/127.0.0.1:49432)
21:20:57.151 [pool-1-thread-3] DEBUG com.mnc.udp.UDPServer - UDP-Server: Message-13-76
21:20:57.151 [pool-1-thread-4] DEBUG com.mnc.udp.UDPServer - UDP-Server: Message-56-4 -> Message-56-4 (/127.0.0.1:49481)
21:20:57.151 [pool-1-thread-1] DEBUG com.mnc.udp.UDPServer - UDP-Server: Message-54-24 -> Message-54-24 (/127.0.0.1:49479)
21:20:57.151 [pool-1-thread-5] DEBUG com.mnc.udp.UDPServer - UDP-Server: Message-28-8
21:20:57.151 [pool-1-thread-3] DEBUG com.mnc.udp.UDPServer - UDP-Server: Message-13-76 -> Message-13-76 (/127.0.0.1:49438)
21:20:57.151 [pool-1-thread-2] DEBUG com.mnc.udp.UDPServer - UDP-Server: Message-15-99
21:20:57.151 [pool-1-thread-4] DEBUG com.mnc.udp.UDPServer - UDP-Server: Message-7-66
21:20:57.151 [pool-1-thread-4] DEBUG com.mnc.udp.UDPServer - UDP-Server: Message-7-66 -> Message-7-66 (/127.0.0.1:49432)
21:20:57.151 [pool-1-thread-1] DEBUG com.mnc.udp.UDPServer - UDP-Server: Message-56-5
21:20:57.151 [pool-1-thread-5] DEBUG com.mnc.udp.UDPServer - UDP-Server: Message-28-8 -> Message-28-8 (/127.0.0.1:49453)
21:20:57.151 [pool-1-thread-2] DEBUG com.mnc.udp.UDPServer - UDP-Server: Message-15-99 -> Message-15-99 (/127.0.0.1:49440)
21:20:57.151 [pool-1-thread-3] DEBUG com.mnc.udp.UDPServer - UDP-Server: Message-54-78
21:20:57.151 [pool-1-thread-1] DEBUG com.mnc.udp.UDPServer - UDP-Server: Message-56-5 -> Message-56-5 (/127.0.0.1:49481)
21:20:57.151 [pool-1-thread-4] DEBUG com.mnc.udp.UDPServer - UDP-Server: Message-13-77
21:20:57.151 [pool-1-thread-3] DEBUG com.mnc.udp.UDPServer - UDP-Server: Message-54-78 -> Message-54-78 (/127.0.0.1:49479)
21:20:57.151 [pool-1-thread-4] DEBUG com.mnc.udp.UDPServer - UDP-Server: Message-13-77 -> Message-13-77 (/127.0.0.1:49438)
21:20:57.151 [pool-1-thread-5] DEBUG com.mnc.udp.UDPServer - UDP-Server: Message-7-67
21:20:57.151 [pool-1-thread-5] DEBUG com.mnc.udp.UDPServer - UDP-Server: Message-7-67 -> Message-7-67 (/127.0.0.1:49432)
21:20:57.151 [pool-1-thread-2] DEBUG com.mnc.udp.UDPServer - UDP-Server: Message-28-57
21:20:57.151 [pool-1-thread-2] DEBUG com.mnc.udp.UDPServer - UDP-Server: Message-28-57 -> Message-28-57 (/127.0.0.1:49453)
21:20:57.151 [pool-1-thread-1] DEBUG com.mnc.udp.UDPServer - UDP-Server: Message-15-94
21:20:57.151 [pool-1-thread-2] DEBUG com.mnc.udp.UDPServer - UDP-Server: Message-54-79
21:20:57.151 [pool-1-thread-3] DEBUG com.mnc.udp.UDPServer - UDP-Server: Message-56-1
21:20:57.151 [pool-1-thread-1] DEBUG com.mnc.udp.UDPServer - UDP-Server: Message-15-94 -> Message-15-94 (/127.0.0.1:49440)
21:20:57.152 [pool-1-thread-2] DEBUG com.mnc.udp.UDPServer - UDP-Server: Message-54-79 -> Message-54-79 (/127.0.0.1:49479)
21:20:57.152 [pool-1-thread-5] DEBUG com.mnc.udp.UDPServer - UDP-Server: Message-13-75
21:20:57.152 [pool-1-thread-2] DEBUG com.mnc.udp.UDPServer - UDP-Server: Message-28-58
21:20:57.152 [pool-1-thread-3] DEBUG com.mnc.udp.UDPServer - UDP-Server: Message-56-1 -> Message-56-1 (/127.0.0.1:49481)
21:20:57.152 [pool-1-thread-4] DEBUG com.mnc.udp.UDPServer - UDP-Server: Message-7-3
21:20:57.152 [pool-1-thread-4] DEBUG com.mnc.udp.UDPServer - UDP-Server: Message-7-3 -> Message-7-3 (/127.0.0.1:49432)
21:20:57.152 [pool-1-thread-5] DEBUG com.mnc.udp.UDPServer - UDP-Server: Message-13-75 -> Message-13-75 (/127.0.0.1:49438)
21:20:57.152 [pool-1-thread-2] DEBUG com.mnc.udp.UDPServer - UDP-Server: Message-28-58 -> Message-28-58 (/127.0.0.1:49453)
21:20:57.152 [pool-1-thread-3] DEBUG com.mnc.udp.UDPServer - UDP-Server: Message-15-95
21:20:57.152 [pool-1-thread-1] DEBUG com.mnc.udp.UDPServer - UDP-Server: Message-54-80
21:20:57.152 [pool-1-thread-1] DEBUG com.mnc.udp.UDPServer - UDP-Server: Message-54-80 -> Message-54-80 (/127.0.0.1:49479)
21:20:57.152 [pool-1-thread-3] DEBUG com.mnc.udp.UDPServer - UDP-Server: Message-15-95 -> Message-15-95 (/127.0.0.1:49440)
21:20:57.152 [pool-1-thread-1] DEBUG com.mnc.udp.UDPServer - UDP-Server: Message-7-4
21:20:57.152 [pool-1-thread-2] DEBUG com.mnc.udp.UDPServer - UDP-Server: Message-13-57
21:20:57.152 [pool-1-thread-4] DEBUG com.mnc.udp.UDPServer - UDP-Server: Message-56-2
21:20:57.152 [pool-1-thread-5] DEBUG com.mnc.udp.UDPServer - UDP-Server: Message-28-71
21:20:57.152 [pool-1-thread-4] DEBUG com.mnc.udp.UDPServer - UDP-Server: Message-56-2 -> Message-56-2 (/127.0.0.1:49481)
21:20:57.152 [pool-1-thread-1] DEBUG com.mnc.udp.UDPServer - UDP-Server: Message-7-4 -> Message-7-4 (/127.0.0.1:49432)
21:20:57.152 [pool-1-thread-2] DEBUG com.mnc.udp.UDPServer - UDP-Server: Message-13-57 -> Message-13-57 (/127.0.0.1:49438)
21:20:57.152 [pool-1-thread-4] DEBUG com.mnc.udp.UDPServer - UDP-Server: Message-54-19
21:20:57.152 [pool-1-thread-5] DEBUG com.mnc.udp.UDPServer - UDP-Server: Message-28-71 -> Message-28-71 (/127.0.0.1:49453)
21:20:57.152 [pool-1-thread-2] DEBUG com.mnc.udp.UDPServer - UDP-Server: Message-15-93
21:20:57.152 [pool-1-thread-4] DEBUG com.mnc.udp.UDPServer - UDP-Server: Message-54-19 -> Message-54-19 (/127.0.0.1:49479)
21:20:57.152 [pool-1-thread-3] DEBUG com.mnc.udp.UDPServer - UDP-Server: Message-56-0
21:20:57.152 [pool-1-thread-3] DEBUG com.mnc.udp.UDPServer - UDP-Server: Message-56-0 -> Message-56-0 (/127.0.0.1:49481)
21:20:57.152 [pool-1-thread-4] DEBUG com.mnc.udp.UDPServer - UDP-Server: Message-13-58
21:20:57.152 [pool-1-thread-5] DEBUG com.mnc.udp.UDPServer - UDP-Server: Message-28-72
21:20:57.152 [pool-1-thread-2] DEBUG com.mnc.udp.UDPServer - UDP-Server: Message-15-93 -> Message-15-93 (/127.0.0.1:49440)
21:20:57.152 [pool-1-thread-5] DEBUG com.mnc.udp.UDPServer - UDP-Server: Message-28-72 -> Message-28-72 (/127.0.0.1:49453)
21:20:57.152 [pool-1-thread-1] DEBUG com.mnc.udp.UDPServer - UDP-Server: Message-7-5
21:20:57.152 [pool-1-thread-1] DEBUG com.mnc.udp.UDPServer - UDP-Server: Message-7-5 -> Message-7-5 (/127.0.0.1:49432)
21:20:57.152 [pool-1-thread-3] DEBUG com.mnc.udp.UDPServer - UDP-Server: Message-54-20
21:20:57.152 [pool-1-thread-4] DEBUG com.mnc.udp.UDPServer - UDP-Server: Message-13-58 -> Message-13-58 (/127.0.0.1:49438)
21:20:57.152 [pool-1-thread-5] DEBUG com.mnc.udp.UDPServer - UDP-Server: Message-56-90
21:20:57.152 [pool-1-thread-3] DEBUG com.mnc.udp.UDPServer - UDP-Server: Message-54-20 -> Message-54-20 (/127.0.0.1:49479)
21:20:57.152 [pool-1-thread-5] DEBUG com.mnc.udp.UDPServer - UDP-Server: Message-56-90 -> Message-56-90 (/127.0.0.1:49481)
21:20:57.152 [pool-1-thread-4] DEBUG com.mnc.udp.UDPServer - UDP-Server: Message-28-6
21:20:57.152 [pool-1-thread-1] DEBUG com.mnc.udp.UDPServer - UDP-Server: Message-15-82
21:20:57.152 [pool-1-thread-4] DEBUG com.mnc.udp.UDPServer - UDP-Server: Message-28-6 -> Message-28-6 (/127.0.0.1:49453)
21:20:57.152 [pool-1-thread-1] DEBUG com.mnc.udp.UDPServer - UDP-Server: Message-15-82 -> Message-15-82 (/127.0.0.1:49440)
21:20:57.152 [pool-1-thread-4] DEBUG com.mnc.udp.UDPServer - UDP-Server: Message-13-56
21:20:57.152 [pool-1-thread-3] DEBUG com.mnc.udp.UDPServer - UDP-Server: Message-7-1
21:20:57.152 [pool-1-thread-3] DEBUG com.mnc.udp.UDPServer - UDP-Server: Message-7-1 -> Message-7-1 (/127.0.0.1:49432)
21:20:57.152 [pool-1-thread-4] DEBUG com.mnc.udp.UDPServer - UDP-Server: Message-13-56 -> Message-13-56 (/127.0.0.1:49438)
21:20:57.152 [pool-1-thread-5] DEBUG com.mnc.udp.UDPServer - UDP-Server: Message-54-18
21:20:57.152 [pool-1-thread-2] DEBUG com.mnc.udp.UDPServer - UDP-Server: Message-56-91
21:20:57.152 [pool-1-thread-5] DEBUG com.mnc.udp.UDPServer - UDP-Server: Message-54-18 -> Message-54-18 (/127.0.0.1:49479)
21:20:57.152 [pool-1-thread-2] DEBUG com.mnc.udp.UDPServer - UDP-Server: Message-56-91 -> Message-56-91 (/127.0.0.1:49481)
21:20:57.152 [pool-1-thread-1] DEBUG com.mnc.udp.UDPServer - UDP-Server: Message-28-10
21:20:57.152 [pool-1-thread-3] DEBUG com.mnc.udp.UDPServer - UDP-Server: Message-15-83
21:20:57.152 [pool-1-thread-1] DEBUG com.mnc.udp.UDPServer - UDP-Server: Message-28-10 -> Message-28-10 (/127.0.0.1:49453)
21:20:57.152 [pool-1-thread-3] DEBUG com.mnc.udp.UDPServer - UDP-Server: Message-15-83 -> Message-15-83 (/127.0.0.1:49440)
21:20:57.152 [pool-1-thread-4] DEBUG com.mnc.udp.UDPServer - UDP-Server: Message-7-2
21:20:57.152 [pool-1-thread-4] DEBUG com.mnc.udp.UDPServer - UDP-Server: Message-7-2 -> Message-7-2 (/127.0.0.1:49432)
21:20:57.152 [pool-1-thread-1] DEBUG com.mnc.udp.UDPServer - UDP-Server: Message-13-60
21:20:57.152 [pool-1-thread-1] DEBUG com.mnc.udp.UDPServer - UDP-Server: Message-13-60 -> Message-13-60 (/127.0.0.1:49438)
21:20:57.152 [pool-1-thread-2] DEBUG com.mnc.udp.UDPServer - UDP-Server: Message-56-92
21:20:57.152 [pool-1-thread-5] DEBUG com.mnc.udp.UDPServer - UDP-Server: Message-54-76
21:20:57.152 [pool-1-thread-3] DEBUG com.mnc.udp.UDPServer - UDP-Server: Message-28-11
21:20:57.152 [pool-1-thread-5] DEBUG com.mnc.udp.UDPServer - UDP-Server: Message-54-76 -> Message-54-76 (/127.0.0.1:49479)
21:20:57.152 [pool-1-thread-2] DEBUG com.mnc.udp.UDPServer - UDP-Server: Message-56-92 -> Message-56-92 (/127.0.0.1:49481)
21:20:57.152 [pool-1-thread-3] DEBUG com.mnc.udp.UDPServer - UDP-Server: Message-28-11 -> Message-28-11 (/127.0.0.1:49453)
21:20:57.152 [pool-1-thread-4] DEBUG com.mnc.udp.UDPServer - UDP-Server: Message-15-81
21:20:57.152 [pool-1-thread-1] DEBUG com.mnc.udp.UDPServer - UDP-Server: Message-7-93
21:20:57.152 [pool-1-thread-4] DEBUG com.mnc.udp.UDPServer - UDP-Server: Message-15-81 -> Message-15-81 (/127.0.0.1:49440)
21:20:57.152 [pool-1-thread-5] DEBUG com.mnc.udp.UDPServer - UDP-Server: Message-13-61
21:20:57.152 [pool-1-thread-1] DEBUG com.mnc.udp.UDPServer - UDP-Server: Message-7-93 -> Message-7-93 (/127.0.0.1:49432)
21:20:57.152 [pool-1-thread-5] DEBUG com.mnc.udp.UDPServer - UDP-Server: Message-13-61 -> Message-13-61 (/127.0.0.1:49438)
21:20:57.152 [pool-1-thread-2] DEBUG com.mnc.udp.UDPServer - UDP-Server: Message-54-77
21:20:57.152 [pool-1-thread-1] DEBUG com.mnc.udp.UDPServer - UDP-Server: Message-56-88
21:20:57.152 [pool-1-thread-5] DEBUG com.mnc.udp.UDPServer - UDP-Server: Message-28-9
21:20:57.152 [pool-1-thread-2] DEBUG com.mnc.udp.UDPServer - UDP-Server: Message-54-77 -> Message-54-77 (/127.0.0.1:49479)
21:20:57.152 [pool-1-thread-3] DEBUG com.mnc.udp.UDPServer - UDP-Server: Message-15-85
21:20:57.152 [pool-1-thread-1] DEBUG com.mnc.udp.UDPServer - UDP-Server: Message-56-88 -> Message-56-88 (/127.0.0.1:49481)
21:20:57.152 [pool-1-thread-3] DEBUG com.mnc.udp.UDPServer - UDP-Server: Message-15-85 -> Message-15-85 (/127.0.0.1:49440)
21:20:57.152 [pool-1-thread-5] DEBUG com.mnc.udp.UDPServer - UDP-Server: Message-28-9 -> Message-28-9 (/127.0.0.1:49453)
21:20:57.152 [pool-1-thread-4] DEBUG com.mnc.udp.UDPServer - UDP-Server: Message-7-0
21:20:57.152 [pool-1-thread-3] DEBUG com.mnc.udp.UDPServer - UDP-Server: Message-13-59
21:20:57.152 [pool-1-thread-4] DEBUG com.mnc.udp.UDPServer - UDP-Server: Message-7-0 -> Message-7-0 (/127.0.0.1:49432)
21:20:57.152 [pool-1-thread-3] DEBUG com.mnc.udp.UDPServer - UDP-Server: Message-13-59 -> Message-13-59 (/127.0.0.1:49438)
21:20:57.153 [pool-1-thread-4] DEBUG com.mnc.udp.UDPServer - UDP-Server: Message-54-7
21:20:57.153 [pool-1-thread-2] DEBUG com.mnc.udp.UDPServer - UDP-Server: Message-56-89
21:20:57.153 [pool-1-thread-5] DEBUG com.mnc.udp.UDPServer - UDP-Server: Message-15-86
21:20:57.153 [pool-1-thread-4] DEBUG com.mnc.udp.UDPServer - UDP-Server: Message-54-7 -> Message-54-7 (/127.0.0.1:49479)
21:20:57.153 [pool-1-thread-1] DEBUG com.mnc.udp.UDPServer - UDP-Server: Message-28-73
21:20:57.153 [pool-1-thread-3] DEBUG com.mnc.udp.UDPServer - UDP-Server: Message-13-53
21:20:57.153 [pool-1-thread-5] DEBUG com.mnc.udp.UDPServer - UDP-Server: Message-15-86 -> Message-15-86 (/127.0.0.1:49440)
21:20:57.153 [pool-1-thread-3] DEBUG com.mnc.udp.UDPServer - UDP-Server: Message-13-53 -> Message-13-53 (/127.0.0.1:49438)
21:20:57.153 [pool-1-thread-2] DEBUG com.mnc.udp.UDPServer - UDP-Server: Message-56-89 -> Message-56-89 (/127.0.0.1:49481)
21:20:57.153 [pool-1-thread-1] DEBUG com.mnc.udp.UDPServer - UDP-Server: Message-28-73 -> Message-28-73 (/127.0.0.1:49453)
21:20:57.153 [pool-1-thread-4] DEBUG com.mnc.udp.UDPServer - UDP-Server: Message-7-53
21:20:57.153 [pool-1-thread-4] DEBUG com.mnc.udp.UDPServer - UDP-Server: Message-7-53 -> Message-7-53 (/127.0.0.1:49432)
21:20:57.153 [pool-1-thread-5] DEBUG com.mnc.udp.UDPServer - UDP-Server: Message-54-8
21:20:57.153 [pool-1-thread-5] DEBUG com.mnc.udp.UDPServer - UDP-Server: Message-54-8 -> Message-54-8 (/127.0.0.1:49479)
21:20:57.153 [pool-1-thread-3] DEBUG com.mnc.udp.UDPServer - UDP-Server: Message-15-84
21:20:57.153 [pool-1-thread-5] DEBUG com.mnc.udp.UDPServer - UDP-Server: Message-13-54
21:20:57.153 [pool-1-thread-3] DEBUG com.mnc.udp.UDPServer - UDP-Server: Message-15-84 -> Message-15-84 (/127.0.0.1:49440)
21:20:57.153 [pool-1-thread-1] DEBUG com.mnc.udp.UDPServer - UDP-Server: Message-56-87
21:20:57.153 [pool-1-thread-5] DEBUG com.mnc.udp.UDPServer - UDP-Server: Message-13-54 -> Message-13-54 (/127.0.0.1:49438)
21:20:57.153 [pool-1-thread-3] DEBUG com.mnc.udp.UDPServer - UDP-Server: Message-54-6
21:20:57.153 [pool-1-thread-4] DEBUG com.mnc.udp.UDPServer - UDP-Server: Message-28-74
21:20:57.153 [pool-1-thread-3] DEBUG com.mnc.udp.UDPServer - UDP-Server: Message-54-6 -> Message-54-6 (/127.0.0.1:49479)
21:20:57.153 [pool-1-thread-2] DEBUG com.mnc.udp.UDPServer - UDP-Server: Message-7-54
21:20:57.153 [pool-1-thread-1] DEBUG com.mnc.udp.UDPServer - UDP-Server: Message-56-87 -> Message-56-87 (/127.0.0.1:49481)
21:20:57.153 [pool-1-thread-2] DEBUG com.mnc.udp.UDPServer - UDP-Server: Message-7-54 -> Message-7-54 (/127.0.0.1:49432)
21:20:57.153 [pool-1-thread-4] DEBUG com.mnc.udp.UDPServer - UDP-Server: Message-28-74 -> Message-28-74 (/127.0.0.1:49453)
21:20:57.153 [pool-1-thread-3] DEBUG com.mnc.udp.UDPServer - UDP-Server: Message-15-78
21:20:57.153 [pool-1-thread-5] DEBUG com.mnc.udp.UDPServer - UDP-Server: Message-13-55
21:20:57.153 [pool-1-thread-3] DEBUG com.mnc.udp.UDPServer - UDP-Server: Message-15-78 -> Message-15-78 (/127.0.0.1:49440)
21:20:57.153 [pool-1-thread-5] DEBUG com.mnc.udp.UDPServer - UDP-Server: Message-13-55 -> Message-13-55 (/127.0.0.1:49438)
21:20:57.153 [pool-1-thread-3] DEBUG com.mnc.udp.UDPServer - UDP-Server: Message-54-75
21:20:57.153 [pool-1-thread-3] DEBUG com.mnc.udp.UDPServer - UDP-Server: Message-54-75 -> Message-54-75 (/127.0.0.1:49479)
21:20:57.153 [pool-1-thread-2] DEBUG com.mnc.udp.UDPServer - UDP-Server: Message-56-96
21:20:57.153 [pool-1-thread-2] DEBUG com.mnc.udp.UDPServer - UDP-Server: Message-56-96 -> Message-56-96 (/127.0.0.1:49481)
21:20:57.153 [pool-1-thread-4] DEBUG com.mnc.udp.UDPServer - UDP-Server: Message-7-55
21:20:57.153 [pool-1-thread-4] DEBUG com.mnc.udp.UDPServer - UDP-Server: Message-7-55 -> Message-7-55 (/127.0.0.1:49432)
21:20:57.153 [pool-1-thread-1] DEBUG com.mnc.udp.UDPServer - UDP-Server: Message-28-56
21:20:57.153 [pool-1-thread-2] DEBUG com.mnc.udp.UDPServer - UDP-Server: Message-15-79
21:20:57.153 [pool-1-thread-1] DEBUG com.mnc.udp.UDPServer - UDP-Server: Message-28-56 -> Message-28-56 (/127.0.0.1:49453)
21:20:57.153 [pool-1-thread-4] DEBUG com.mnc.udp.UDPServer - UDP-Server: Message-13-51
21:20:57.153 [pool-1-thread-4] DEBUG com.mnc.udp.UDPServer - UDP-Server: Message-13-51 -> Message-13-51 (/127.0.0.1:49438)
21:20:57.153 [pool-1-thread-2] DEBUG com.mnc.udp.UDPServer - UDP-Server: Message-15-79 -> Message-15-79 (/127.0.0.1:49440)
21:20:57.153 [pool-1-thread-5] DEBUG com.mnc.udp.UDPServer - UDP-Server: Message-54-10
21:20:57.153 [pool-1-thread-1] DEBUG com.mnc.udp.UDPServer - UDP-Server: Message-7-51
21:20:57.153 [pool-1-thread-3] DEBUG com.mnc.udp.UDPServer - UDP-Server: Message-28-60
21:20:57.153 [pool-1-thread-3] DEBUG com.mnc.udp.UDPServer - UDP-Server: Message-28-60 -> Message-28-60 (/127.0.0.1:49453)
21:20:57.153 [pool-1-thread-4] DEBUG com.mnc.udp.UDPServer - UDP-Server: Message-56-97
21:20:57.153 [pool-1-thread-5] DEBUG com.mnc.udp.UDPServer - UDP-Server: Message-54-10 -> Message-54-10 (/127.0.0.1:49479)
21:20:57.153 [pool-1-thread-1] DEBUG com.mnc.udp.UDPServer - UDP-Server: Message-7-51 -> Message-7-51 (/127.0.0.1:49432)
21:20:57.153 [pool-1-thread-2] DEBUG com.mnc.udp.UDPServer - UDP-Server: Message-15-80
21:20:57.153 [pool-1-thread-2] DEBUG com.mnc.udp.UDPServer - UDP-Server: Message-15-80 -> Message-15-80 (/127.0.0.1:49440)
21:20:57.153 [pool-1-thread-4] DEBUG com.mnc.udp.UDPServer - UDP-Server: Message-56-97 -> Message-56-97 (/127.0.0.1:49481)
21:20:57.153 [pool-1-thread-3] DEBUG com.mnc.udp.UDPServer - UDP-Server: Message-13-52
21:20:57.153 [pool-1-thread-3] DEBUG com.mnc.udp.UDPServer - UDP-Server: Message-13-52 -> Message-13-52 (/127.0.0.1:49438)
21:20:57.153 [pool-1-thread-5] DEBUG com.mnc.udp.UDPServer - UDP-Server: Message-28-61
21:20:57.153 [pool-1-thread-5] DEBUG com.mnc.udp.UDPServer - UDP-Server: Message-28-61 -> Message-28-61 (/127.0.0.1:49453)
21:20:57.153 [pool-1-thread-3] DEBUG com.mnc.udp.UDPServer - UDP-Server: Message-54-11
21:20:57.153 [pool-1-thread-3] DEBUG com.mnc.udp.UDPServer - UDP-Server: Message-54-11 -> Message-54-11 (/127.0.0.1:49479)
21:20:57.153 [pool-1-thread-5] DEBUG com.mnc.udp.UDPServer - UDP-Server: Message-7-52
21:20:57.153 [pool-1-thread-5] DEBUG com.mnc.udp.UDPServer - UDP-Server: Message-7-52 -> Message-7-52 (/127.0.0.1:49432)
21:20:57.153 [pool-1-thread-3] DEBUG com.mnc.udp.UDPServer - UDP-Server: Message-15-76
21:20:57.153 [pool-1-thread-3] DEBUG com.mnc.udp.UDPServer - UDP-Server: Message-15-76 -> Message-15-76 (/127.0.0.1:49440)
21:20:57.153 [pool-1-thread-5] DEBUG com.mnc.udp.UDPServer - UDP-Server: Message-56-98
21:20:57.153 [pool-1-thread-5] DEBUG com.mnc.udp.UDPServer - UDP-Server: Message-56-98 -> Message-56-98 (/127.0.0.1:49481)
21:20:57.153 [pool-1-thread-3] DEBUG com.mnc.udp.UDPServer - UDP-Server: Message-13-50
21:20:57.153 [pool-1-thread-3] DEBUG com.mnc.udp.UDPServer - UDP-Server: Message-13-50 -> Message-13-50 (/127.0.0.1:49438)
21:20:57.153 [pool-1-thread-4] DEBUG com.mnc.udp.UDPServer - UDP-Server: Message-28-63
21:20:57.153 [pool-1-thread-3] DEBUG com.mnc.udp.UDPServer - UDP-Server: Message-54-9
21:20:57.153 [pool-1-thread-1] DEBUG com.mnc.udp.UDPServer - UDP-Server: Message-7-82
21:20:57.153 [pool-1-thread-4] DEBUG com.mnc.udp.UDPServer - UDP-Server: Message-28-63 -> Message-28-63 (/127.0.0.1:49453)
21:20:57.153 [pool-1-thread-1] DEBUG com.mnc.udp.UDPServer - UDP-Server: Message-7-82 -> Message-7-82 (/127.0.0.1:49432)
21:20:57.153 [pool-1-thread-3] DEBUG com.mnc.udp.UDPServer - UDP-Server: Message-54-9 -> Message-54-9 (/127.0.0.1:49479)
21:20:57.153 [pool-1-thread-2] DEBUG com.mnc.udp.UDPServer - UDP-Server: Message-15-77
21:20:57.153 [pool-1-thread-2] DEBUG com.mnc.udp.UDPServer - UDP-Server: Message-15-77 -> Message-15-77 (/127.0.0.1:49440)
21:20:57.153 [pool-1-thread-1] DEBUG com.mnc.udp.UDPServer - UDP-Server: Message-13-71
21:20:57.153 [pool-1-thread-1] DEBUG com.mnc.udp.UDPServer - UDP-Server: Message-13-71 -> Message-13-71 (/127.0.0.1:49438)
21:20:57.153 [pool-1-thread-5] DEBUG com.mnc.udp.UDPServer - UDP-Server: Message-56-99
21:20:57.153 [pool-1-thread-5] DEBUG com.mnc.udp.UDPServer - UDP-Server: Message-56-99 -> Message-56-99 (/127.0.0.1:49481)
21:20:57.153 [pool-1-thread-3] DEBUG com.mnc.udp.UDPServer - UDP-Server: Message-28-64
21:20:57.153 [pool-1-thread-4] DEBUG com.mnc.udp.UDPServer - UDP-Server: Message-54-57
21:20:57.153 [pool-1-thread-3] DEBUG com.mnc.udp.UDPServer - UDP-Server: Message-28-64 -> Message-28-64 (/127.0.0.1:49453)
21:20:57.153 [pool-1-thread-2] DEBUG com.mnc.udp.UDPServer - UDP-Server: Message-15-75
21:20:57.153 [pool-1-thread-5] DEBUG com.mnc.udp.UDPServer - UDP-Server: Message-7-83
21:20:57.153 [pool-1-thread-5] DEBUG com.mnc.udp.UDPServer - UDP-Server: Message-7-83 -> Message-7-83 (/127.0.0.1:49432)
21:20:57.153 [pool-1-thread-1] DEBUG com.mnc.udp.UDPServer - UDP-Server: Message-13-72
21:20:57.153 [pool-1-thread-4] DEBUG com.mnc.udp.UDPServer - UDP-Server: Message-54-57 -> Message-54-57 (/127.0.0.1:49479)
21:20:57.153 [pool-1-thread-2] DEBUG com.mnc.udp.UDPServer - UDP-Server: Message-15-75 -> Message-15-75 (/127.0.0.1:49440)
21:20:57.153 [pool-1-thread-3] DEBUG com.mnc.udp.UDPServer - UDP-Server: Message-56-94
21:20:57.153 [pool-1-thread-1] DEBUG com.mnc.udp.UDPServer - UDP-Server: Message-13-72 -> Message-13-72 (/127.0.0.1:49438)
21:20:57.154 [pool-1-thread-5] DEBUG com.mnc.udp.UDPServer - UDP-Server: Message-7-81
21:20:57.154 [pool-1-thread-4] DEBUG com.mnc.udp.UDPServer - UDP-Server: Message-28-69
21:20:57.154 [pool-1-thread-5] DEBUG com.mnc.udp.UDPServer - UDP-Server: Message-7-81 -> Message-7-81 (/127.0.0.1:49432)
21:20:57.154 [pool-1-thread-4] DEBUG com.mnc.udp.UDPServer - UDP-Server: Message-28-69 -> Message-28-69 (/127.0.0.1:49453)
21:20:57.154 [pool-1-thread-3] DEBUG com.mnc.udp.UDPServer - UDP-Server: Message-56-94 -> Message-56-94 (/127.0.0.1:49481)
21:20:57.154 [pool-1-thread-1] DEBUG com.mnc.udp.UDPServer - UDP-Server: Message-54-58
21:20:57.154 [pool-1-thread-2] DEBUG com.mnc.udp.UDPServer - UDP-Server: Message-15-57
21:20:57.154 [pool-1-thread-1] DEBUG com.mnc.udp.UDPServer - UDP-Server: Message-54-58 -> Message-54-58 (/127.0.0.1:49479)
21:20:57.154 [pool-1-thread-2] DEBUG com.mnc.udp.UDPServer - UDP-Server: Message-15-57 -> Message-15-57 (/127.0.0.1:49440)
21:20:57.154 [pool-1-thread-1] DEBUG com.mnc.udp.UDPServer - UDP-Server: Message-13-73
21:20:57.154 [pool-1-thread-1] DEBUG com.mnc.udp.UDPServer - UDP-Server: Message-13-73 -> Message-13-73 (/127.0.0.1:49438)
21:20:57.154 [pool-1-thread-5] DEBUG com.mnc.udp.UDPServer - UDP-Server: Message-28-70
21:20:57.154 [pool-1-thread-1] DEBUG com.mnc.udp.UDPServer - UDP-Server: Message-7-85
21:20:57.154 [pool-1-thread-5] DEBUG com.mnc.udp.UDPServer - UDP-Server: Message-28-70 -> Message-28-70 (/127.0.0.1:49453)
21:20:57.154 [pool-1-thread-1] DEBUG com.mnc.udp.UDPServer - UDP-Server: Message-7-85 -> Message-7-85 (/127.0.0.1:49432)
21:20:57.154 [pool-1-thread-4] DEBUG com.mnc.udp.UDPServer - UDP-Server: Message-56-95
21:20:57.154 [pool-1-thread-5] DEBUG com.mnc.udp.UDPServer - UDP-Server: Message-54-3
21:20:57.154 [pool-1-thread-4] DEBUG com.mnc.udp.UDPServer - UDP-Server: Message-56-95 -> Message-56-95 (/127.0.0.1:49481)
21:20:57.154 [pool-1-thread-5] DEBUG com.mnc.udp.UDPServer - UDP-Server: Message-54-3 -> Message-54-3 (/127.0.0.1:49479)
21:20:57.154 [pool-1-thread-1] DEBUG com.mnc.udp.UDPServer - UDP-Server: Message-15-58
21:20:57.154 [pool-1-thread-1] DEBUG com.mnc.udp.UDPServer - UDP-Server: Message-15-58 -> Message-15-58 (/127.0.0.1:49440)
21:20:57.154 [pool-1-thread-4] DEBUG com.mnc.udp.UDPServer - UDP-Server: Message-13-74
21:20:57.154 [pool-1-thread-4] DEBUG com.mnc.udp.UDPServer - UDP-Server: Message-13-74 -> Message-13-74 (/127.0.0.1:49438)
21:20:57.154 [pool-1-thread-3] DEBUG com.mnc.udp.UDPServer - UDP-Server: Message-28-68
21:20:57.154 [pool-1-thread-3] DEBUG com.mnc.udp.UDPServer - UDP-Server: Message-28-68 -> Message-28-68 (/127.0.0.1:49453)
21:20:57.154 [pool-1-thread-2] DEBUG com.mnc.udp.UDPServer - UDP-Server: Message-7-86
21:20:57.154 [pool-1-thread-2] DEBUG com.mnc.udp.UDPServer - UDP-Server: Message-7-86 -> Message-7-86 (/127.0.0.1:49432)
21:20:57.154 [pool-1-thread-5] DEBUG com.mnc.udp.UDPServer - UDP-Server: Message-56-93
21:20:57.154 [pool-1-thread-5] DEBUG com.mnc.udp.UDPServer - UDP-Server: Message-56-93 -> Message-56-93 (/127.0.0.1:49481)
21:20:57.154 [pool-1-thread-2] DEBUG com.mnc.udp.UDPServer - UDP-Server: Message-54-56
21:20:57.154 [pool-1-thread-2] DEBUG com.mnc.udp.UDPServer - UDP-Server: Message-54-56 -> Message-54-56 (/127.0.0.1:49479)
21:20:57.154 [pool-1-thread-2] DEBUG com.mnc.udp.UDPServer - UDP-Server: Message-15-56
21:20:57.154 [pool-1-thread-4] DEBUG com.mnc.udp.UDPServer - UDP-Server: Message-13-69
21:20:57.154 [pool-1-thread-2] DEBUG com.mnc.udp.UDPServer - UDP-Server: Message-15-56 -> Message-15-56 (/127.0.0.1:49440)
21:20:57.154 [pool-1-thread-1] DEBUG com.mnc.udp.UDPServer - UDP-Server: Message-28-3
21:20:57.154 [pool-1-thread-5] DEBUG com.mnc.udp.UDPServer - UDP-Server: Message-7-84
21:20:57.154 [pool-1-thread-4] DEBUG com.mnc.udp.UDPServer - UDP-Server: Message-13-69 -> Message-13-69 (/127.0.0.1:49438)
21:20:57.154 [pool-1-thread-3] DEBUG com.mnc.udp.UDPServer - UDP-Server: Message-54-4
21:20:57.154 [pool-1-thread-2] DEBUG com.mnc.udp.UDPServer - UDP-Server: Message-56-82
21:20:57.154 [pool-1-thread-3] DEBUG com.mnc.udp.UDPServer - UDP-Server: Message-54-4 -> Message-54-4 (/127.0.0.1:49479)
21:20:57.154 [pool-1-thread-1] DEBUG com.mnc.udp.UDPServer - UDP-Server: Message-28-3 -> Message-28-3 (/127.0.0.1:49453)
21:20:57.154 [pool-1-thread-5] DEBUG com.mnc.udp.UDPServer - UDP-Server: Message-7-84 -> Message-7-84 (/127.0.0.1:49432)
21:20:57.154 [pool-1-thread-2] DEBUG com.mnc.udp.UDPServer - UDP-Server: Message-56-82 -> Message-56-82 (/127.0.0.1:49481)
21:20:57.154 [pool-1-thread-1] DEBUG com.mnc.udp.UDPServer - UDP-Server: Message-15-60
21:20:57.154 [pool-1-thread-1] DEBUG com.mnc.udp.UDPServer - UDP-Server: Message-15-60 -> Message-15-60 (/127.0.0.1:49440)
21:20:57.154 [pool-1-thread-3] DEBUG com.mnc.udp.UDPServer - UDP-Server: Message-13-70
21:20:57.154 [pool-1-thread-3] DEBUG com.mnc.udp.UDPServer - UDP-Server: Message-13-70 -> Message-13-70 (/127.0.0.1:49438)
21:20:57.154 [pool-1-thread-4] DEBUG com.mnc.udp.UDPServer - UDP-Server: Message-54-5
21:20:57.154 [pool-1-thread-2] DEBUG com.mnc.udp.UDPServer - UDP-Server: Message-28-62
21:20:57.154 [pool-1-thread-5] DEBUG com.mnc.udp.UDPServer - UDP-Server: Message-7-50
21:20:57.154 [pool-1-thread-2] DEBUG com.mnc.udp.UDPServer - UDP-Server: Message-28-62 -> Message-28-62 (/127.0.0.1:49453)
21:20:57.154 [pool-1-thread-4] DEBUG com.mnc.udp.UDPServer - UDP-Server: Message-54-5 -> Message-54-5 (/127.0.0.1:49479)
21:20:57.154 [pool-1-thread-1] DEBUG com.mnc.udp.UDPServer - UDP-Server: Message-56-83
21:20:57.154 [pool-1-thread-3] DEBUG com.mnc.udp.UDPServer - UDP-Server: Message-15-61
21:20:57.154 [pool-1-thread-5] DEBUG com.mnc.udp.UDPServer - UDP-Server: Message-7-50 -> Message-7-50 (/127.0.0.1:49432)
21:20:57.154 [pool-1-thread-1] DEBUG com.mnc.udp.UDPServer - UDP-Server: Message-56-83 -> Message-56-83 (/127.0.0.1:49481)
21:20:57.154 [pool-1-thread-3] DEBUG com.mnc.udp.UDPServer - UDP-Server: Message-15-61 -> Message-15-61 (/127.0.0.1:49440)
21:20:57.154 [pool-1-thread-2] DEBUG com.mnc.udp.UDPServer - UDP-Server: Message-13-68
21:20:57.154 [pool-1-thread-2] DEBUG com.mnc.udp.UDPServer - UDP-Server: Message-13-68 -> Message-13-68 (/127.0.0.1:49438)
21:20:57.154 [pool-1-thread-1] DEBUG com.mnc.udp.UDPServer - UDP-Server: Message-28-59
21:20:57.154 [pool-1-thread-5] DEBUG com.mnc.udp.UDPServer - UDP-Server: Message-54-60
21:20:57.155 [pool-1-thread-1] DEBUG com.mnc.udp.UDPServer - UDP-Server: Message-28-59 -> Message-28-59 (/127.0.0.1:49453)
21:20:57.155 [pool-1-thread-5] DEBUG com.mnc.udp.UDPServer - UDP-Server: Message-54-60 -> Message-54-60 (/127.0.0.1:49479)
21:20:57.155 [pool-1-thread-2] DEBUG com.mnc.udp.UDPServer - UDP-Server: Message-15-59
21:20:57.155 [pool-1-thread-3] DEBUG com.mnc.udp.UDPServer - UDP-Server: Message-7-78
21:20:57.155 [pool-1-thread-4] DEBUG com.mnc.udp.UDPServer - UDP-Server: Message-56-81
21:20:57.155 [pool-1-thread-1] DEBUG com.mnc.udp.UDPServer - UDP-Server: Message-13-63
21:20:57.155 [pool-1-thread-2] DEBUG com.mnc.udp.UDPServer - UDP-Server: Message-15-59 -> Message-15-59 (/127.0.0.1:49440)
21:20:57.155 [pool-1-thread-3] DEBUG com.mnc.udp.UDPServer - UDP-Server: Message-7-78 -> Message-7-78 (/127.0.0.1:49432)
21:20:57.155 [pool-1-thread-1] DEBUG com.mnc.udp.UDPServer - UDP-Server: Message-13-63 -> Message-13-63 (/127.0.0.1:49438)
21:20:57.155 [pool-1-thread-5] DEBUG com.mnc.udp.UDPServer - UDP-Server: Message-54-61
21:20:57.155 [pool-1-thread-2] DEBUG com.mnc.udp.UDPServer - UDP-Server: Message-28-66
21:20:57.155 [pool-1-thread-5] DEBUG com.mnc.udp.UDPServer - UDP-Server: Message-54-61 -> Message-54-61 (/127.0.0.1:49479)
21:20:57.155 [pool-1-thread-2] DEBUG com.mnc.udp.UDPServer - UDP-Server: Message-28-66 -> Message-28-66 (/127.0.0.1:49453)
21:20:57.155 [pool-1-thread-4] DEBUG com.mnc.udp.UDPServer - UDP-Server: Message-56-81 -> Message-56-81 (/127.0.0.1:49481)
21:20:57.155 [pool-1-thread-5] DEBUG com.mnc.udp.UDPServer - UDP-Server: Message-15-53
21:20:57.155 [pool-1-thread-5] DEBUG com.mnc.udp.UDPServer - UDP-Server: Message-15-53 -> Message-15-53 (/127.0.0.1:49440)
21:20:57.155 [pool-1-thread-3] DEBUG com.mnc.udp.UDPServer - UDP-Server: Message-7-79
21:20:57.155 [pool-1-thread-1] DEBUG com.mnc.udp.UDPServer - UDP-Server: Message-13-66
21:20:57.155 [pool-1-thread-3] DEBUG com.mnc.udp.UDPServer - UDP-Server: Message-7-79 -> Message-7-79 (/127.0.0.1:49432)
21:20:57.155 [pool-1-thread-5] DEBUG com.mnc.udp.UDPServer - UDP-Server: Message-54-59
21:20:57.155 [pool-1-thread-4] DEBUG com.mnc.udp.UDPServer - UDP-Server: Message-28-67
21:20:57.155 [pool-1-thread-1] DEBUG com.mnc.udp.UDPServer - UDP-Server: Message-13-66 -> Message-13-66 (/127.0.0.1:49438)
21:20:57.155 [pool-1-thread-3] DEBUG com.mnc.udp.UDPServer - UDP-Server: Message-56-85
21:20:57.155 [pool-1-thread-5] DEBUG com.mnc.udp.UDPServer - UDP-Server: Message-54-59 -> Message-54-59 (/127.0.0.1:49479)
21:20:57.155 [pool-1-thread-4] DEBUG com.mnc.udp.UDPServer - UDP-Server: Message-28-67 -> Message-28-67 (/127.0.0.1:49453)
21:20:57.155 [pool-1-thread-3] DEBUG com.mnc.udp.UDPServer - UDP-Server: Message-56-85 -> Message-56-85 (/127.0.0.1:49481)
21:20:57.155 [pool-1-thread-5] DEBUG com.mnc.udp.UDPServer - UDP-Server: Message-15-54
21:20:57.155 [pool-1-thread-5] DEBUG com.mnc.udp.UDPServer - UDP-Server: Message-15-54 -> Message-15-54 (/127.0.0.1:49440)
21:20:57.155 [pool-1-thread-3] DEBUG com.mnc.udp.UDPServer - UDP-Server: Message-7-80
21:20:57.155 [pool-1-thread-3] DEBUG com.mnc.udp.UDPServer - UDP-Server: Message-7-80 -> Message-7-80 (/127.0.0.1:49432)
21:20:57.155 [pool-1-thread-2] DEBUG com.mnc.udp.UDPServer - UDP-Server: Message-13-64
21:20:57.155 [pool-1-thread-2] DEBUG com.mnc.udp.UDPServer - UDP-Server: Message-13-64 -> Message-13-64 (/127.0.0.1:49438)
21:20:57.155 [pool-1-thread-4] DEBUG com.mnc.udp.UDPServer - UDP-Server: Message-54-71
21:20:57.155 [pool-1-thread-4] DEBUG com.mnc.udp.UDPServer - UDP-Server: Message-54-71 -> Message-54-71 (/127.0.0.1:49479)
21:20:57.155 [pool-1-thread-1] DEBUG com.mnc.udp.UDPServer - UDP-Server: Message-56-86
21:20:57.155 [pool-1-thread-2] DEBUG com.mnc.udp.UDPServer - UDP-Server: Message-28-4
21:20:57.155 [pool-1-thread-1] DEBUG com.mnc.udp.UDPServer - UDP-Server: Message-56-86 -> Message-56-86 (/127.0.0.1:49481)
21:20:57.155 [pool-1-thread-2] DEBUG com.mnc.udp.UDPServer - UDP-Server: Message-28-4 -> Message-28-4 (/127.0.0.1:49453)
21:20:57.155 [pool-1-thread-4] DEBUG com.mnc.udp.UDPServer - UDP-Server: Message-13-67
21:20:57.155 [pool-1-thread-4] DEBUG com.mnc.udp.UDPServer - UDP-Server: Message-13-67 -> Message-13-67 (/127.0.0.1:49438)
21:20:57.155 [pool-1-thread-3] DEBUG com.mnc.udp.UDPServer - UDP-Server: Message-17-32
21:20:57.155 [pool-1-thread-4] DEBUG com.mnc.udp.UDPServer - UDP-Server: Message-56-84
21:20:57.155 [pool-1-thread-5] DEBUG com.mnc.udp.UDPServer - UDP-Server: Message-15-55
21:20:57.155 [pool-1-thread-3] DEBUG com.mnc.udp.UDPServer - UDP-Server: Message-17-32 -> Message-17-32 (/127.0.0.1:49442)
21:20:57.155 [pool-1-thread-1] DEBUG com.mnc.udp.UDPServer - UDP-Server: Message-7-76
21:20:57.155 [pool-1-thread-2] DEBUG com.mnc.udp.UDPServer - UDP-Server: Message-54-72
21:20:57.155 [pool-1-thread-4] DEBUG com.mnc.udp.UDPServer - UDP-Server: Message-56-84 -> Message-56-84 (/127.0.0.1:49481)
21:20:57.155 [pool-1-thread-2] DEBUG com.mnc.udp.UDPServer - UDP-Server: Message-54-72 -> Message-54-72 (/127.0.0.1:49479)
21:20:57.155 [pool-1-thread-5] DEBUG com.mnc.udp.UDPServer - UDP-Server: Message-15-55 -> Message-15-55 (/127.0.0.1:49440)
21:20:57.155 [pool-1-thread-4] DEBUG com.mnc.udp.UDPServer - UDP-Server: Message-13-62
21:20:57.155 [pool-1-thread-3] DEBUG com.mnc.udp.UDPServer - UDP-Server: Message-28-5
21:20:57.155 [pool-1-thread-2] DEBUG com.mnc.udp.UDPServer - UDP-Server: Message-83-32
21:20:57.155 [pool-1-thread-1] DEBUG com.mnc.udp.UDPServer - UDP-Server: Message-7-76 -> Message-7-76 (/127.0.0.1:49432)
21:20:57.155 [pool-1-thread-3] DEBUG com.mnc.udp.UDPServer - UDP-Server: Message-28-5 -> Message-28-5 (/127.0.0.1:49453)
21:20:57.155 [pool-1-thread-4] DEBUG com.mnc.udp.UDPServer - UDP-Server: Message-13-62 -> Message-13-62 (/127.0.0.1:49438)
21:20:57.155 [pool-1-thread-2] DEBUG com.mnc.udp.UDPServer - UDP-Server: Message-83-32 -> Message-83-32 (/127.0.0.1:49508)
21:20:57.155 [pool-1-thread-5] DEBUG com.mnc.udp.UDPServer - UDP-Server: Message-17-33
21:20:57.155 [pool-1-thread-3] DEBUG com.mnc.udp.UDPServer - UDP-Server: Message-56-78
21:20:57.155 [pool-1-thread-4] DEBUG com.mnc.udp.UDPServer - UDP-Server: Message-54-73
21:20:57.155 [pool-1-thread-1] DEBUG com.mnc.udp.UDPServer - UDP-Server: Message-15-51
21:20:57.155 [pool-1-thread-5] DEBUG com.mnc.udp.UDPServer - UDP-Server: Message-17-33 -> Message-17-33 (/127.0.0.1:49442)
21:20:57.156 [pool-1-thread-1] DEBUG com.mnc.udp.UDPServer - UDP-Server: Message-15-51 -> Message-15-51 (/127.0.0.1:49440)
21:20:57.155 [pool-1-thread-3] DEBUG com.mnc.udp.UDPServer - UDP-Server: Message-56-78 -> Message-56-78 (/127.0.0.1:49481)
21:20:57.155 [pool-1-thread-2] DEBUG com.mnc.udp.UDPServer - UDP-Server: Message-7-77
21:20:57.156 [pool-1-thread-5] DEBUG com.mnc.udp.UDPServer - UDP-Server: Message-28-1
21:20:57.155 [pool-1-thread-4] DEBUG com.mnc.udp.UDPServer - UDP-Server: Message-54-73 -> Message-54-73 (/127.0.0.1:49479)
21:20:57.156 [pool-1-thread-1] DEBUG com.mnc.udp.UDPServer - UDP-Server: Message-83-33
21:20:57.156 [pool-1-thread-1] DEBUG com.mnc.udp.UDPServer - UDP-Server: Message-83-33 -> Message-83-33 (/127.0.0.1:49508)
21:20:57.156 [pool-1-thread-3] DEBUG com.mnc.udp.UDPServer - UDP-Server: Message-17-31
21:20:57.156 [pool-1-thread-2] DEBUG com.mnc.udp.UDPServer - UDP-Server: Message-7-77 -> Message-7-77 (/127.0.0.1:49432)
21:20:57.156 [pool-1-thread-3] DEBUG com.mnc.udp.UDPServer - UDP-Server: Message-17-31 -> Message-17-31 (/127.0.0.1:49442)
21:20:57.156 [pool-1-thread-4] DEBUG com.mnc.udp.UDPServer - UDP-Server: Message-15-52
21:20:57.156 [pool-1-thread-4] DEBUG com.mnc.udp.UDPServer - UDP-Server: Message-15-52 -> Message-15-52 (/127.0.0.1:49440)
21:20:57.156 [pool-1-thread-5] DEBUG com.mnc.udp.UDPServer - UDP-Server: Message-28-1 -> Message-28-1 (/127.0.0.1:49453)
21:20:57.156 [pool-1-thread-2] DEBUG com.mnc.udp.UDPServer - UDP-Server: Message-54-74
21:20:57.156 [pool-1-thread-1] DEBUG com.mnc.udp.UDPServer - UDP-Server: Message-56-79
21:20:57.156 [pool-1-thread-2] DEBUG com.mnc.udp.UDPServer - UDP-Server: Message-54-74 -> Message-54-74 (/127.0.0.1:49479)
21:20:57.156 [pool-1-thread-1] DEBUG com.mnc.udp.UDPServer - UDP-Server: Message-56-79 -> Message-56-79 (/127.0.0.1:49481)
21:20:57.156 [pool-1-thread-1] DEBUG com.mnc.udp.UDPServer - UDP-Server: Message-83-31
21:20:57.156 [pool-1-thread-1] DEBUG com.mnc.udp.UDPServer - UDP-Server: Message-83-31 -> Message-83-31 (/127.0.0.1:49508)
21:20:57.156 [pool-1-thread-4] DEBUG com.mnc.udp.UDPServer - UDP-Server: Message-7-75
21:20:57.156 [pool-1-thread-5] DEBUG com.mnc.udp.UDPServer - UDP-Server: Message-17-35
21:20:57.156 [pool-1-thread-1] DEBUG com.mnc.udp.UDPServer - UDP-Server: Message-15-50
21:20:57.156 [pool-1-thread-1] DEBUG com.mnc.udp.UDPServer - UDP-Server: Message-15-50 -> Message-15-50 (/127.0.0.1:49440)
21:20:57.156 [pool-1-thread-4] DEBUG com.mnc.udp.UDPServer - UDP-Server: Message-7-75 -> Message-7-75 (/127.0.0.1:49432)
21:20:57.156 [pool-1-thread-5] DEBUG com.mnc.udp.UDPServer - UDP-Server: Message-17-35 -> Message-17-35 (/127.0.0.1:49442)
21:20:57.156 [pool-1-thread-2] DEBUG com.mnc.udp.UDPServer - UDP-Server: Message-28-2
21:20:57.156 [pool-1-thread-5] DEBUG com.mnc.udp.UDPServer - UDP-Server: Message-83-35
21:20:57.156 [pool-1-thread-2] DEBUG com.mnc.udp.UDPServer - UDP-Server: Message-28-2 -> Message-28-2 (/127.0.0.1:49453)
21:20:57.156 [pool-1-thread-3] DEBUG com.mnc.udp.UDPServer - UDP-Server: Message-56-80
21:20:57.156 [pool-1-thread-1] DEBUG com.mnc.udp.UDPServer - UDP-Server: Message-54-1
21:20:57.156 [pool-1-thread-5] DEBUG com.mnc.udp.UDPServer - UDP-Server: Message-83-35 -> Message-83-35 (/127.0.0.1:49508)
21:20:57.156 [pool-1-thread-3] DEBUG com.mnc.udp.UDPServer - UDP-Server: Message-56-80 -> Message-56-80 (/127.0.0.1:49481)
21:20:57.156 [pool-1-thread-5] DEBUG com.mnc.udp.UDPServer - UDP-Server: Message-17-36
21:20:57.156 [pool-1-thread-1] DEBUG com.mnc.udp.UDPServer - UDP-Server: Message-54-1 -> Message-54-1 (/127.0.0.1:49479)
21:20:57.156 [pool-1-thread-4] DEBUG com.mnc.udp.UDPServer - UDP-Server: Message-15-71
21:20:57.156 [pool-1-thread-2] DEBUG com.mnc.udp.UDPServer - UDP-Server: Message-28-53
21:20:57.156 [pool-1-thread-4] DEBUG com.mnc.udp.UDPServer - UDP-Server: Message-15-71 -> Message-15-71 (/127.0.0.1:49440)
21:20:57.156 [pool-1-thread-5] DEBUG com.mnc.udp.UDPServer - UDP-Server: Message-17-36 -> Message-17-36 (/127.0.0.1:49442)
21:20:57.156 [pool-1-thread-2] DEBUG com.mnc.udp.UDPServer - UDP-Server: Message-28-53 -> Message-28-53 (/127.0.0.1:49453)
21:20:57.156 [pool-1-thread-1] DEBUG com.mnc.udp.UDPServer - UDP-Server: Message-56-76
21:20:57.156 [pool-1-thread-4] DEBUG com.mnc.udp.UDPServer - UDP-Server: Message-83-36
21:20:57.156 [pool-1-thread-1] DEBUG com.mnc.udp.UDPServer - UDP-Server: Message-56-76 -> Message-56-76 (/127.0.0.1:49481)
21:20:57.156 [pool-1-thread-5] DEBUG com.mnc.udp.UDPServer - UDP-Server: Message-54-2
21:20:57.156 [pool-1-thread-3] DEBUG com.mnc.udp.UDPServer - UDP-Server: Message-15-72
21:20:57.156 [pool-1-thread-4] DEBUG com.mnc.udp.UDPServer - UDP-Server: Message-83-36 -> Message-83-36 (/127.0.0.1:49508)
21:20:57.156 [pool-1-thread-3] DEBUG com.mnc.udp.UDPServer - UDP-Server: Message-15-72 -> Message-15-72 (/127.0.0.1:49440)
21:20:57.156 [pool-1-thread-5] DEBUG com.mnc.udp.UDPServer - UDP-Server: Message-54-2 -> Message-54-2 (/127.0.0.1:49479)
21:20:57.156 [pool-1-thread-4] DEBUG com.mnc.udp.UDPServer - UDP-Server: Message-17-34
21:20:57.156 [pool-1-thread-4] DEBUG com.mnc.udp.UDPServer - UDP-Server: Message-17-34 -> Message-17-34 (/127.0.0.1:49442)
21:20:57.156 [pool-1-thread-2] DEBUG com.mnc.udp.UDPServer - UDP-Server: Message-28-0
21:20:57.156 [pool-1-thread-5] DEBUG com.mnc.udp.UDPServer - UDP-Server: Message-83-34
21:20:57.156 [pool-1-thread-3] DEBUG com.mnc.udp.UDPServer - UDP-Server: Message-56-77
21:20:57.156 [pool-1-thread-5] DEBUG com.mnc.udp.UDPServer - UDP-Server: Message-83-34 -> Message-83-34 (/127.0.0.1:49508)
21:20:57.156 [pool-1-thread-2] DEBUG com.mnc.udp.UDPServer - UDP-Server: Message-28-0 -> Message-28-0 (/127.0.0.1:49453)
21:20:57.156 [pool-1-thread-4] DEBUG com.mnc.udp.UDPServer - UDP-Server: Message-54-0
21:20:57.156 [pool-1-thread-1] DEBUG com.mnc.udp.UDPServer - UDP-Server: Message-15-73
21:20:57.156 [pool-1-thread-3] DEBUG com.mnc.udp.UDPServer - UDP-Server: Message-56-77 -> Message-56-77 (/127.0.0.1:49481)
21:20:57.156 [pool-1-thread-4] DEBUG com.mnc.udp.UDPServer - UDP-Server: Message-54-0 -> Message-54-0 (/127.0.0.1:49479)
21:20:57.156 [pool-1-thread-3] DEBUG com.mnc.udp.UDPServer - UDP-Server: Message-28-54
21:20:57.156 [pool-1-thread-1] DEBUG com.mnc.udp.UDPServer - UDP-Server: Message-15-73 -> Message-15-73 (/127.0.0.1:49440)
21:20:57.156 [pool-1-thread-2] DEBUG com.mnc.udp.UDPServer - UDP-Server: Message-17-28
21:20:57.156 [pool-1-thread-5] DEBUG com.mnc.udp.UDPServer - UDP-Server: Message-83-28
21:20:57.156 [pool-1-thread-2] DEBUG com.mnc.udp.UDPServer - UDP-Server: Message-17-28 -> Message-17-28 (/127.0.0.1:49442)
21:20:57.156 [pool-1-thread-3] DEBUG com.mnc.udp.UDPServer - UDP-Server: Message-28-54 -> Message-28-54 (/127.0.0.1:49453)
21:20:57.156 [pool-1-thread-5] DEBUG com.mnc.udp.UDPServer - UDP-Server: Message-83-28 -> Message-83-28 (/127.0.0.1:49508)
21:20:57.156 [pool-1-thread-4] DEBUG com.mnc.udp.UDPServer - UDP-Server: Message-56-75
21:20:57.157 [pool-1-thread-3] DEBUG com.mnc.udp.UDPServer - UDP-Server: Message-54-69
21:20:57.157 [pool-1-thread-4] DEBUG com.mnc.udp.UDPServer - UDP-Server: Message-56-75 -> Message-56-75 (/127.0.0.1:49481)
21:20:57.157 [pool-1-thread-3] DEBUG com.mnc.udp.UDPServer - UDP-Server: Message-54-69 -> Message-54-69 (/127.0.0.1:49479)
21:20:57.157 [pool-1-thread-5] DEBUG com.mnc.udp.UDPServer - UDP-Server: Message-15-74
21:20:57.157 [pool-1-thread-1] DEBUG com.mnc.udp.UDPServer - UDP-Server: Message-17-90
21:20:57.157 [pool-1-thread-5] DEBUG com.mnc.udp.UDPServer - UDP-Server: Message-15-74 -> Message-15-74 (/127.0.0.1:49440)
21:20:57.157 [pool-1-thread-1] DEBUG com.mnc.udp.UDPServer - UDP-Server: Message-17-90 -> Message-17-90 (/127.0.0.1:49442)
21:20:57.157 [pool-1-thread-4] DEBUG com.mnc.udp.UDPServer - UDP-Server: Message-83-90
21:20:57.157 [pool-1-thread-2] DEBUG com.mnc.udp.UDPServer - UDP-Server: Message-28-55
21:20:57.157 [pool-1-thread-2] DEBUG com.mnc.udp.UDPServer - UDP-Server: Message-28-55 -> Message-28-55 (/127.0.0.1:49453)
21:20:57.157 [pool-1-thread-4] DEBUG com.mnc.udp.UDPServer - UDP-Server: Message-83-90 -> Message-83-90 (/127.0.0.1:49508)
21:20:57.157 [pool-1-thread-3] DEBUG com.mnc.udp.UDPServer - UDP-Server: Message-56-57
21:20:57.157 [pool-1-thread-1] DEBUG com.mnc.udp.UDPServer - UDP-Server: Message-54-70
21:20:57.157 [pool-1-thread-3] DEBUG com.mnc.udp.UDPServer - UDP-Server: Message-56-57 -> Message-56-57 (/127.0.0.1:49481)
21:20:57.157 [pool-1-thread-1] DEBUG com.mnc.udp.UDPServer - UDP-Server: Message-54-70 -> Message-54-70 (/127.0.0.1:49479)
21:20:57.157 [pool-1-thread-5] DEBUG com.mnc.udp.UDPServer - UDP-Server: Message-17-29
21:20:57.157 [pool-1-thread-4] DEBUG com.mnc.udp.UDPServer - UDP-Server: Message-83-29
21:20:57.157 [pool-1-thread-4] DEBUG com.mnc.udp.UDPServer - UDP-Server: Message-83-29 -> Message-83-29 (/127.0.0.1:49508)
21:20:57.157 [pool-1-thread-2] DEBUG com.mnc.udp.UDPServer - UDP-Server: Message-15-69
21:20:57.157 [pool-1-thread-5] DEBUG com.mnc.udp.UDPServer - UDP-Server: Message-17-29 -> Message-17-29 (/127.0.0.1:49442)
21:20:57.157 [pool-1-thread-1] DEBUG com.mnc.udp.UDPServer - UDP-Server: Message-28-51
21:20:57.157 [pool-1-thread-5] DEBUG com.mnc.udp.UDPServer - UDP-Server: Message-54-53
21:20:57.157 [pool-1-thread-1] DEBUG com.mnc.udp.UDPServer - UDP-Server: Message-28-51 -> Message-28-51 (/127.0.0.1:49453)
21:20:57.157 [pool-1-thread-5] DEBUG com.mnc.udp.UDPServer - UDP-Server: Message-54-53 -> Message-54-53 (/127.0.0.1:49479)
21:20:57.157 [pool-1-thread-2] DEBUG com.mnc.udp.UDPServer - UDP-Server: Message-15-69 -> Message-15-69 (/127.0.0.1:49440)
21:20:57.157 [pool-1-thread-4] DEBUG com.mnc.udp.UDPServer - UDP-Server: Message-83-30
21:20:57.157 [pool-1-thread-4] DEBUG com.mnc.udp.UDPServer - UDP-Server: Message-83-30 -> Message-83-30 (/127.0.0.1:49508)
21:20:57.157 [pool-1-thread-3] DEBUG com.mnc.udp.UDPServer - UDP-Server: Message-56-58
21:20:57.157 [pool-1-thread-4] DEBUG com.mnc.udp.UDPServer - UDP-Server: Message-17-30
21:20:57.157 [pool-1-thread-4] DEBUG com.mnc.udp.UDPServer - UDP-Server: Message-17-30 -> Message-17-30 (/127.0.0.1:49442)
21:20:57.157 [pool-1-thread-3] DEBUG com.mnc.udp.UDPServer - UDP-Server: Message-56-58 -> Message-56-58 (/127.0.0.1:49481)
21:20:57.157 [pool-1-thread-4] DEBUG com.mnc.udp.UDPServer - UDP-Server: Message-28-52
21:20:57.157 [pool-1-thread-3] DEBUG com.mnc.udp.UDPServer - UDP-Server: Message-54-54
21:20:57.157 [pool-1-thread-2] DEBUG com.mnc.udp.UDPServer - UDP-Server: Message-15-70
21:20:57.157 [pool-1-thread-4] DEBUG com.mnc.udp.UDPServer - UDP-Server: Message-28-52 -> Message-28-52 (/127.0.0.1:49453)
21:20:57.157 [pool-1-thread-5] DEBUG com.mnc.udp.UDPServer - UDP-Server: Message-83-82
21:20:57.157 [pool-1-thread-4] DEBUG com.mnc.udp.UDPServer - UDP-Server: Message-17-26
21:20:57.157 [pool-1-thread-4] DEBUG com.mnc.udp.UDPServer - UDP-Server: Message-17-26 -> Message-17-26 (/127.0.0.1:49442)
21:20:57.157 [pool-1-thread-3] DEBUG com.mnc.udp.UDPServer - UDP-Server: Message-54-54 -> Message-54-54 (/127.0.0.1:49479)
21:20:57.157 [pool-1-thread-2] DEBUG com.mnc.udp.UDPServer - UDP-Server: Message-15-70 -> Message-15-70 (/127.0.0.1:49440)
21:20:57.157 [pool-1-thread-5] DEBUG com.mnc.udp.UDPServer - UDP-Server: Message-83-82 -> Message-83-82 (/127.0.0.1:49508)
21:20:57.157 [pool-1-thread-1] DEBUG com.mnc.udp.UDPServer - UDP-Server: Message-56-56
21:20:57.157 [pool-1-thread-2] DEBUG com.mnc.udp.UDPServer - UDP-Server: Message-28-50
21:20:57.157 [pool-1-thread-3] DEBUG com.mnc.udp.UDPServer - UDP-Server: Message-17-27
21:20:57.157 [pool-1-thread-2] DEBUG com.mnc.udp.UDPServer - UDP-Server: Message-28-50 -> Message-28-50 (/127.0.0.1:49453)
21:20:57.157 [pool-1-thread-4] DEBUG com.mnc.udp.UDPServer - UDP-Server: Message-54-55
21:20:57.157 [pool-1-thread-5] DEBUG com.mnc.udp.UDPServer - UDP-Server: Message-15-68
21:20:57.157 [pool-1-thread-1] DEBUG com.mnc.udp.UDPServer - UDP-Server: Message-56-56 -> Message-56-56 (/127.0.0.1:49481)
21:20:57.157 [pool-1-thread-3] DEBUG com.mnc.udp.UDPServer - UDP-Server: Message-17-27 -> Message-17-27 (/127.0.0.1:49442)
21:20:57.158 [pool-1-thread-5] DEBUG com.mnc.udp.UDPServer - UDP-Server: Message-15-68 -> Message-15-68 (/127.0.0.1:49440)
21:20:57.157 [pool-1-thread-4] DEBUG com.mnc.udp.UDPServer - UDP-Server: Message-54-55 -> Message-54-55 (/127.0.0.1:49479)
21:20:57.158 [pool-1-thread-2] DEBUG com.mnc.udp.UDPServer - UDP-Server: Message-83-83
21:20:57.158 [pool-1-thread-2] DEBUG com.mnc.udp.UDPServer - UDP-Server: Message-83-83 -> Message-83-83 (/127.0.0.1:49508)
21:20:57.158 [pool-1-thread-1] DEBUG com.mnc.udp.UDPServer - UDP-Server: Message-56-60
21:20:57.158 [pool-1-thread-1] DEBUG com.mnc.udp.UDPServer - UDP-Server: Message-56-60 -> Message-56-60 (/127.0.0.1:49481)
21:20:57.158 [pool-1-thread-3] DEBUG com.mnc.udp.UDPServer - UDP-Server: Message-17-91
21:20:57.158 [pool-1-thread-1] DEBUG com.mnc.udp.UDPServer - UDP-Server: Message-15-63
21:20:57.158 [pool-1-thread-3] DEBUG com.mnc.udp.UDPServer - UDP-Server: Message-17-91 -> Message-17-91 (/127.0.0.1:49442)
21:20:57.158 [pool-1-thread-1] DEBUG com.mnc.udp.UDPServer - UDP-Server: Message-15-63 -> Message-15-63 (/127.0.0.1:49440)
21:20:57.158 [pool-1-thread-4] DEBUG com.mnc.udp.UDPServer - UDP-Server: Message-54-68
21:20:57.158 [pool-1-thread-4] DEBUG com.mnc.udp.UDPServer - UDP-Server: Message-54-68 -> Message-54-68 (/127.0.0.1:49479)
21:20:57.158 [pool-1-thread-2] DEBUG com.mnc.udp.UDPServer - UDP-Server: Message-83-26
21:20:57.158 [pool-1-thread-2] DEBUG com.mnc.udp.UDPServer - UDP-Server: Message-83-26 -> Message-83-26 (/127.0.0.1:49508)
21:20:57.158 [pool-1-thread-4] DEBUG com.mnc.udp.UDPServer - UDP-Server: Message-56-61
21:20:57.158 [pool-1-thread-4] DEBUG com.mnc.udp.UDPServer - UDP-Server: Message-56-61 -> Message-56-61 (/127.0.0.1:49481)
21:20:57.158 [pool-1-thread-3] DEBUG com.mnc.udp.UDPServer - UDP-Server: Message-17-25
21:20:57.158 [pool-1-thread-1] DEBUG com.mnc.udp.UDPServer - UDP-Server: Message-15-64
21:20:57.158 [pool-1-thread-3] DEBUG com.mnc.udp.UDPServer - UDP-Server: Message-17-25 -> Message-17-25 (/127.0.0.1:49442)
21:20:57.158 [pool-1-thread-1] DEBUG com.mnc.udp.UDPServer - UDP-Server: Message-15-64 -> Message-15-64 (/127.0.0.1:49440)
21:20:57.158 [pool-1-thread-3] DEBUG com.mnc.udp.UDPServer - UDP-Server: Message-54-63
21:20:57.158 [pool-1-thread-3] DEBUG com.mnc.udp.UDPServer - UDP-Server: Message-54-63 -> Message-54-63 (/127.0.0.1:49479)
21:20:57.158 [pool-1-thread-4] DEBUG com.mnc.udp.UDPServer - UDP-Server: Message-56-59
21:20:57.158 [pool-1-thread-1] DEBUG com.mnc.udp.UDPServer - UDP-Server: Message-83-27
21:20:57.158 [pool-1-thread-4] DEBUG com.mnc.udp.UDPServer - UDP-Server: Message-56-59 -> Message-56-59 (/127.0.0.1:49481)
21:20:57.158 [pool-1-thread-1] DEBUG com.mnc.udp.UDPServer - UDP-Server: Message-83-27 -> Message-83-27 (/127.0.0.1:49508)
21:20:57.158 [pool-1-thread-2] DEBUG com.mnc.udp.UDPServer - UDP-Server: Message-17-57
21:20:57.158 [pool-1-thread-1] DEBUG com.mnc.udp.UDPServer - UDP-Server: Message-15-62
21:20:57.158 [pool-1-thread-3] DEBUG com.mnc.udp.UDPServer - UDP-Server: Message-54-64
21:20:57.158 [pool-1-thread-2] DEBUG com.mnc.udp.UDPServer - UDP-Server: Message-17-57 -> Message-17-57 (/127.0.0.1:49442)
21:20:57.158 [pool-1-thread-3] DEBUG com.mnc.udp.UDPServer - UDP-Server: Message-54-64 -> Message-54-64 (/127.0.0.1:49479)
21:20:57.158 [pool-1-thread-5] DEBUG com.mnc.udp.UDPServer - UDP-Server: Message-83-91
21:20:57.158 [pool-1-thread-5] DEBUG com.mnc.udp.UDPServer - UDP-Server: Message-83-91 -> Message-83-91 (/127.0.0.1:49508)
21:20:57.158 [pool-1-thread-1] DEBUG com.mnc.udp.UDPServer - UDP-Server: Message-15-62 -> Message-15-62 (/127.0.0.1:49440)
21:20:57.158 [pool-1-thread-4] DEBUG com.mnc.udp.UDPServer - UDP-Server: Message-56-53
21:20:57.158 [pool-1-thread-4] DEBUG com.mnc.udp.UDPServer - UDP-Server: Message-56-53 -> Message-56-53 (/127.0.0.1:49481)
21:20:57.158 [pool-1-thread-1] DEBUG com.mnc.udp.UDPServer - UDP-Server: Message-17-58
21:20:57.158 [pool-1-thread-1] DEBUG com.mnc.udp.UDPServer - UDP-Server: Message-17-58 -> Message-17-58 (/127.0.0.1:49442)
21:20:57.158 [pool-1-thread-4] DEBUG com.mnc.udp.UDPServer - UDP-Server: Message-54-62
21:20:57.158 [pool-1-thread-5] DEBUG com.mnc.udp.UDPServer - UDP-Server: Message-83-92
21:20:57.158 [pool-1-thread-4] DEBUG com.mnc.udp.UDPServer - UDP-Server: Message-54-62 -> Message-54-62 (/127.0.0.1:49479)
21:20:57.158 [pool-1-thread-5] DEBUG com.mnc.udp.UDPServer - UDP-Server: Message-83-92 -> Message-83-92 (/127.0.0.1:49508)
21:20:57.158 [pool-1-thread-2] DEBUG com.mnc.udp.UDPServer - UDP-Server: Message-15-66
21:20:57.158 [pool-1-thread-2] DEBUG com.mnc.udp.UDPServer - UDP-Server: Message-15-66 -> Message-15-66 (/127.0.0.1:49440)
21:20:57.158 [pool-1-thread-3] DEBUG com.mnc.udp.UDPServer - UDP-Server: Message-56-54
21:20:57.158 [pool-1-thread-3] DEBUG com.mnc.udp.UDPServer - UDP-Server: Message-56-54 -> Message-56-54 (/127.0.0.1:49481)
21:20:57.158 [pool-1-thread-1] DEBUG com.mnc.udp.UDPServer - UDP-Server: Message-17-56
21:20:57.158 [pool-1-thread-3] DEBUG com.mnc.udp.UDPServer - UDP-Server: Message-83-25
21:20:57.158 [pool-1-thread-1] DEBUG com.mnc.udp.UDPServer - UDP-Server: Message-17-56 -> Message-17-56 (/127.0.0.1:49442)
21:20:57.158 [pool-1-thread-5] DEBUG com.mnc.udp.UDPServer - UDP-Server: Message-15-67
21:20:57.158 [pool-1-thread-4] DEBUG com.mnc.udp.UDPServer - UDP-Server: Message-54-66
21:20:57.158 [pool-1-thread-3] DEBUG com.mnc.udp.UDPServer - UDP-Server: Message-83-25 -> Message-83-25 (/127.0.0.1:49508)
21:20:57.158 [pool-1-thread-5] DEBUG com.mnc.udp.UDPServer - UDP-Server: Message-15-67 -> Message-15-67 (/127.0.0.1:49440)
21:20:57.158 [pool-1-thread-4] DEBUG com.mnc.udp.UDPServer - UDP-Server: Message-54-66 -> Message-54-66 (/127.0.0.1:49479)
21:20:57.158 [pool-1-thread-3] DEBUG com.mnc.udp.UDPServer - UDP-Server: Message-56-55
21:20:57.158 [pool-1-thread-5] DEBUG com.mnc.udp.UDPServer - UDP-Server: Message-17-44
21:20:57.158 [pool-1-thread-3] DEBUG com.mnc.udp.UDPServer - UDP-Server: Message-56-55 -> Message-56-55 (/127.0.0.1:49481)
21:20:57.158 [pool-1-thread-5] DEBUG com.mnc.udp.UDPServer - UDP-Server: Message-17-44 -> Message-17-44 (/127.0.0.1:49442)
21:20:57.158 [pool-1-thread-2] DEBUG com.mnc.udp.UDPServer - UDP-Server: Message-83-81
21:20:57.158 [pool-1-thread-5] DEBUG com.mnc.udp.UDPServer - UDP-Server: Message-54-67
21:20:57.158 [pool-1-thread-2] DEBUG com.mnc.udp.UDPServer - UDP-Server: Message-83-81 -> Message-83-81 (/127.0.0.1:49508)
21:20:57.158 [pool-1-thread-5] DEBUG com.mnc.udp.UDPServer - UDP-Server: Message-54-67 -> Message-54-67 (/127.0.0.1:49479)
21:20:57.158 [pool-1-thread-4] DEBUG com.mnc.udp.UDPServer - UDP-Server: Message-23-32
21:20:57.158 [pool-1-thread-4] DEBUG com.mnc.udp.UDPServer - UDP-Server: Message-23-32 -> Message-23-32 (/127.0.0.1:49448)
21:20:57.158 [pool-1-thread-3] DEBUG com.mnc.udp.UDPServer - UDP-Server: Message-56-51
21:20:57.158 [pool-1-thread-3] DEBUG com.mnc.udp.UDPServer - UDP-Server: Message-56-51 -> Message-56-51 (/127.0.0.1:49481)
21:20:57.158 [pool-1-thread-2] DEBUG com.mnc.udp.UDPServer - UDP-Server: Message-83-44
21:20:57.158 [pool-1-thread-2] DEBUG com.mnc.udp.UDPServer - UDP-Server: Message-83-44 -> Message-83-44 (/127.0.0.1:49508)
21:20:57.158 [pool-1-thread-5] DEBUG com.mnc.udp.UDPServer - UDP-Server: Message-54-51
21:20:57.158 [pool-1-thread-1] DEBUG com.mnc.udp.UDPServer - UDP-Server: Message-17-45
21:20:57.158 [pool-1-thread-3] DEBUG com.mnc.udp.UDPServer - UDP-Server: Message-14-32
21:20:57.158 [pool-1-thread-1] DEBUG com.mnc.udp.UDPServer - UDP-Server: Message-17-45 -> Message-17-45 (/127.0.0.1:49442)
21:20:57.158 [pool-1-thread-5] DEBUG com.mnc.udp.UDPServer - UDP-Server: Message-54-51 -> Message-54-51 (/127.0.0.1:49479)
21:20:57.158 [pool-1-thread-4] DEBUG com.mnc.udp.UDPServer - UDP-Server: Message-23-33
21:20:57.158 [pool-1-thread-2] DEBUG com.mnc.udp.UDPServer - UDP-Server: Message-56-52
21:20:57.158 [pool-1-thread-3] DEBUG com.mnc.udp.UDPServer - UDP-Server: Message-14-32 -> Message-14-32 (/127.0.0.1:49439)
21:20:57.159 [pool-1-thread-1] DEBUG com.mnc.udp.UDPServer - UDP-Server: Message-83-45
21:20:57.159 [pool-1-thread-1] DEBUG com.mnc.udp.UDPServer - UDP-Server: Message-83-45 -> Message-83-45 (/127.0.0.1:49508)
21:20:57.159 [pool-1-thread-4] DEBUG com.mnc.udp.UDPServer - UDP-Server: Message-23-33 -> Message-23-33 (/127.0.0.1:49448)
21:20:57.159 [pool-1-thread-2] DEBUG com.mnc.udp.UDPServer - UDP-Server: Message-56-52 -> Message-56-52 (/127.0.0.1:49481)
21:20:57.159 [pool-1-thread-3] DEBUG com.mnc.udp.UDPServer - UDP-Server: Message-17-43
21:20:57.159 [pool-1-thread-1] DEBUG com.mnc.udp.UDPServer - UDP-Server: Message-54-52
21:20:57.159 [pool-1-thread-5] DEBUG com.mnc.udp.UDPServer - UDP-Server: Message-14-33
21:20:57.159 [pool-1-thread-1] DEBUG com.mnc.udp.UDPServer - UDP-Server: Message-54-52 -> Message-54-52 (/127.0.0.1:49479)
21:20:57.159 [pool-1-thread-3] DEBUG com.mnc.udp.UDPServer - UDP-Server: Message-17-43 -> Message-17-43 (/127.0.0.1:49442)
21:20:57.159 [pool-1-thread-2] DEBUG com.mnc.udp.UDPServer - UDP-Server: Message-23-31
21:20:57.159 [pool-1-thread-4] DEBUG com.mnc.udp.UDPServer - UDP-Server: Message-83-88
21:20:57.159 [pool-1-thread-5] DEBUG com.mnc.udp.UDPServer - UDP-Server: Message-14-33 -> Message-14-33 (/127.0.0.1:49439)
21:20:57.159 [pool-1-thread-4] DEBUG com.mnc.udp.UDPServer - UDP-Server: Message-83-88 -> Message-83-88 (/127.0.0.1:49508)
21:20:57.159 [pool-1-thread-2] DEBUG com.mnc.udp.UDPServer - UDP-Server: Message-23-31 -> Message-23-31 (/127.0.0.1:49448)
21:20:57.159 [pool-1-thread-3] DEBUG com.mnc.udp.UDPServer - UDP-Server: Message-56-50
21:20:57.159 [pool-1-thread-5] DEBUG com.mnc.udp.UDPServer - UDP-Server: Message-54-50
21:20:57.159 [pool-1-thread-2] DEBUG com.mnc.udp.UDPServer - UDP-Server: Message-17-92
21:20:57.159 [pool-1-thread-3] DEBUG com.mnc.udp.UDPServer - UDP-Server: Message-56-50 -> Message-56-50 (/127.0.0.1:49481)
21:20:57.159 [pool-1-thread-5] DEBUG com.mnc.udp.UDPServer - UDP-Server: Message-54-50 -> Message-54-50 (/127.0.0.1:49479)
21:20:57.159 [pool-1-thread-2] DEBUG com.mnc.udp.UDPServer - UDP-Server: Message-17-92 -> Message-17-92 (/127.0.0.1:49442)
21:20:57.159 [pool-1-thread-1] DEBUG com.mnc.udp.UDPServer - UDP-Server: Message-14-31
21:20:57.159 [pool-1-thread-4] DEBUG com.mnc.udp.UDPServer - UDP-Server: Message-23-35
21:20:57.159 [pool-1-thread-5] DEBUG com.mnc.udp.UDPServer - UDP-Server: Message-83-89
21:20:57.159 [pool-1-thread-1] DEBUG com.mnc.udp.UDPServer - UDP-Server: Message-14-31 -> Message-14-31 (/127.0.0.1:49439)
21:20:57.159 [pool-1-thread-3] DEBUG com.mnc.udp.UDPServer - UDP-Server: Message-56-71
21:20:57.159 [pool-1-thread-2] DEBUG com.mnc.udp.UDPServer - UDP-Server: Message-17-48
21:20:57.159 [pool-1-thread-4] DEBUG com.mnc.udp.UDPServer - UDP-Server: Message-23-35 -> Message-23-35 (/127.0.0.1:49448)
21:20:57.159 [pool-1-thread-5] DEBUG com.mnc.udp.UDPServer - UDP-Server: Message-83-89 -> Message-83-89 (/127.0.0.1:49508)
21:20:57.159 [pool-1-thread-3] DEBUG com.mnc.udp.UDPServer - UDP-Server: Message-56-71 -> Message-56-71 (/127.0.0.1:49481)
21:20:57.159 [pool-1-thread-2] DEBUG com.mnc.udp.UDPServer - UDP-Server: Message-17-48 -> Message-17-48 (/127.0.0.1:49442)
21:20:57.159 [pool-1-thread-2] DEBUG com.mnc.udp.UDPServer - UDP-Server: Message-14-90
21:20:57.159 [pool-1-thread-2] DEBUG com.mnc.udp.UDPServer - UDP-Server: Message-14-90 -> Message-14-90 (/127.0.0.1:49439)
21:20:57.159 [pool-1-thread-4] DEBUG com.mnc.udp.UDPServer - UDP-Server: Message-23-36
21:20:57.159 [pool-1-thread-4] DEBUG com.mnc.udp.UDPServer - UDP-Server: Message-23-36 -> Message-23-36 (/127.0.0.1:49448)
21:20:57.159 [pool-1-thread-2] DEBUG com.mnc.udp.UDPServer - UDP-Server: Message-56-72
21:20:57.159 [pool-1-thread-5] DEBUG com.mnc.udp.UDPServer - UDP-Server: Message-83-43
21:20:57.159 [pool-1-thread-2] DEBUG com.mnc.udp.UDPServer - UDP-Server: Message-56-72 -> Message-56-72 (/127.0.0.1:49481)
21:20:57.159 [pool-1-thread-5] DEBUG com.mnc.udp.UDPServer - UDP-Server: Message-83-43 -> Message-83-43 (/127.0.0.1:49508)
21:20:57.159 [pool-1-thread-2] DEBUG com.mnc.udp.UDPServer - UDP-Server: Message-17-49
21:20:57.159 [pool-1-thread-1] DEBUG com.mnc.udp.UDPServer - UDP-Server: Message-14-35
21:20:57.159 [pool-1-thread-2] DEBUG com.mnc.udp.UDPServer - UDP-Server: Message-17-49 -> Message-17-49 (/127.0.0.1:49442)
21:20:57.159 [pool-1-thread-3] DEBUG com.mnc.udp.UDPServer - UDP-Server: Message-23-34
21:20:57.159 [pool-1-thread-3] DEBUG com.mnc.udp.UDPServer - UDP-Server: Message-23-34 -> Message-23-34 (/127.0.0.1:49448)
21:20:57.159 [pool-1-thread-1] DEBUG com.mnc.udp.UDPServer - UDP-Server: Message-14-35 -> Message-14-35 (/127.0.0.1:49439)
21:20:57.159 [pool-1-thread-4] DEBUG com.mnc.udp.UDPServer - UDP-Server: Message-83-85
21:20:57.159 [pool-1-thread-5] DEBUG com.mnc.udp.UDPServer - UDP-Server: Message-56-73
21:20:57.159 [pool-1-thread-4] DEBUG com.mnc.udp.UDPServer - UDP-Server: Message-83-85 -> Message-83-85 (/127.0.0.1:49508)
21:20:57.159 [pool-1-thread-5] DEBUG com.mnc.udp.UDPServer - UDP-Server: Message-56-73 -> Message-56-73 (/127.0.0.1:49481)
21:20:57.160 [pool-1-thread-2] DEBUG com.mnc.udp.UDPServer - UDP-Server: Message-17-60
21:20:57.160 [pool-1-thread-1] DEBUG com.mnc.udp.UDPServer - UDP-Server: Message-14-36
21:20:57.160 [pool-1-thread-3] DEBUG com.mnc.udp.UDPServer - UDP-Server: Message-23-28
21:20:57.160 [pool-1-thread-5] DEBUG com.mnc.udp.UDPServer - UDP-Server: Message-83-48
21:20:57.160 [pool-1-thread-2] DEBUG com.mnc.udp.UDPServer - UDP-Server: Message-17-60 -> Message-17-60 (/127.0.0.1:49442)
21:20:57.160 [pool-1-thread-3] DEBUG com.mnc.udp.UDPServer - UDP-Server: Message-23-28 -> Message-23-28 (/127.0.0.1:49448)
21:20:57.160 [pool-1-thread-4] DEBUG com.mnc.udp.UDPServer - UDP-Server: Message-56-74
21:20:57.160 [pool-1-thread-4] DEBUG com.mnc.udp.UDPServer - UDP-Server: Message-56-74 -> Message-56-74 (/127.0.0.1:49481)
21:20:57.160 [pool-1-thread-1] DEBUG com.mnc.udp.UDPServer - UDP-Server: Message-14-36 -> Message-14-36 (/127.0.0.1:49439)
21:20:57.160 [pool-1-thread-5] DEBUG com.mnc.udp.UDPServer - UDP-Server: Message-83-48 -> Message-83-48 (/127.0.0.1:49508)
21:20:57.160 [pool-1-thread-3] DEBUG com.mnc.udp.UDPServer - UDP-Server: Message-23-29
21:20:57.160 [pool-1-thread-2] DEBUG com.mnc.udp.UDPServer - UDP-Server: Message-17-53
21:20:57.160 [pool-1-thread-3] DEBUG com.mnc.udp.UDPServer - UDP-Server: Message-23-29 -> Message-23-29 (/127.0.0.1:49448)
21:20:57.160 [pool-1-thread-2] DEBUG com.mnc.udp.UDPServer - UDP-Server: Message-17-53 -> Message-17-53 (/127.0.0.1:49442)
21:20:57.160 [pool-1-thread-4] DEBUG com.mnc.udp.UDPServer - UDP-Server: Message-56-69
21:20:57.160 [pool-1-thread-3] DEBUG com.mnc.udp.UDPServer - UDP-Server: Message-83-49
21:20:57.160 [pool-1-thread-1] DEBUG com.mnc.udp.UDPServer - UDP-Server: Message-14-34
21:20:57.160 [pool-1-thread-4] DEBUG com.mnc.udp.UDPServer - UDP-Server: Message-56-69 -> Message-56-69 (/127.0.0.1:49481)
21:20:57.160 [pool-1-thread-3] DEBUG com.mnc.udp.UDPServer - UDP-Server: Message-83-49 -> Message-83-49 (/127.0.0.1:49508)
21:20:57.160 [pool-1-thread-5] DEBUG com.mnc.udp.UDPServer - UDP-Server: Message-23-30
21:20:57.160 [pool-1-thread-1] DEBUG com.mnc.udp.UDPServer - UDP-Server: Message-14-34 -> Message-14-34 (/127.0.0.1:49439)
21:20:57.160 [pool-1-thread-5] DEBUG com.mnc.udp.UDPServer - UDP-Server: Message-23-30 -> Message-23-30 (/127.0.0.1:49448)
21:20:57.160 [pool-1-thread-1] DEBUG com.mnc.udp.UDPServer - UDP-Server: Message-17-61
21:20:57.160 [pool-1-thread-1] DEBUG com.mnc.udp.UDPServer - UDP-Server: Message-17-61 -> Message-17-61 (/127.0.0.1:49442)
21:20:57.160 [pool-1-thread-4] DEBUG com.mnc.udp.UDPServer - UDP-Server: Message-56-70
21:20:57.160 [pool-1-thread-4] DEBUG com.mnc.udp.UDPServer - UDP-Server: Message-56-70 -> Message-56-70 (/127.0.0.1:49481)
21:20:57.160 [pool-1-thread-3] DEBUG com.mnc.udp.UDPServer - UDP-Server: Message-83-46
21:20:57.160 [pool-1-thread-3] DEBUG com.mnc.udp.UDPServer - UDP-Server: Message-83-46 -> Message-83-46 (/127.0.0.1:49508)
21:20:57.160 [pool-1-thread-2] DEBUG com.mnc.udp.UDPServer - UDP-Server: Message-14-28
21:20:57.160 [pool-1-thread-2] DEBUG com.mnc.udp.UDPServer - UDP-Server: Message-14-28 -> Message-14-28 (/127.0.0.1:49439)
21:20:57.160 [pool-1-thread-5] DEBUG com.mnc.udp.UDPServer - UDP-Server: Message-23-26
21:20:57.160 [pool-1-thread-2] DEBUG com.mnc.udp.UDPServer - UDP-Server: Message-17-59
21:20:57.160 [pool-1-thread-2] DEBUG com.mnc.udp.UDPServer - UDP-Server: Message-17-59 -> Message-17-59 (/127.0.0.1:49442)
21:20:57.160 [pool-1-thread-5] DEBUG com.mnc.udp.UDPServer - UDP-Server: Message-23-26 -> Message-23-26 (/127.0.0.1:49448)
21:20:57.160 [pool-1-thread-4] DEBUG com.mnc.udp.UDPServer - UDP-Server: Message-56-68
21:20:57.160 [pool-1-thread-2] DEBUG com.mnc.udp.UDPServer - UDP-Server: Message-83-47
21:20:57.160 [pool-1-thread-4] DEBUG com.mnc.udp.UDPServer - UDP-Server: Message-56-68 -> Message-56-68 (/127.0.0.1:49481)
21:20:57.160 [pool-1-thread-2] DEBUG com.mnc.udp.UDPServer - UDP-Server: Message-83-47 -> Message-83-47 (/127.0.0.1:49508)
21:20:57.160 [pool-1-thread-4] DEBUG com.mnc.udp.UDPServer - UDP-Server: Message-14-29
21:20:57.160 [pool-1-thread-4] DEBUG com.mnc.udp.UDPServer - UDP-Server: Message-14-29 -> Message-14-29 (/127.0.0.1:49439)
21:20:57.160 [pool-1-thread-3] DEBUG com.mnc.udp.UDPServer - UDP-Server: Message-23-27
21:20:57.160 [pool-1-thread-3] DEBUG com.mnc.udp.UDPServer - UDP-Server: Message-23-27 -> Message-23-27 (/127.0.0.1:49448)
21:20:57.160 [pool-1-thread-5] DEBUG com.mnc.udp.UDPServer - UDP-Server: Message-17-46
21:20:57.160 [pool-1-thread-4] DEBUG com.mnc.udp.UDPServer - UDP-Server: Message-83-87
21:20:57.160 [pool-1-thread-5] DEBUG com.mnc.udp.UDPServer - UDP-Server: Message-17-46 -> Message-17-46 (/127.0.0.1:49442)
21:20:57.160 [pool-1-thread-1] DEBUG com.mnc.udp.UDPServer - UDP-Server: Message-56-63
21:20:57.160 [pool-1-thread-4] DEBUG com.mnc.udp.UDPServer - UDP-Server: Message-83-87 -> Message-83-87 (/127.0.0.1:49508)
21:20:57.160 [pool-1-thread-1] DEBUG com.mnc.udp.UDPServer - UDP-Server: Message-56-63 -> Message-56-63 (/127.0.0.1:49481)
21:20:57.160 [pool-1-thread-5] DEBUG com.mnc.udp.UDPServer - UDP-Server: Message-14-30
21:20:57.160 [pool-1-thread-4] DEBUG com.mnc.udp.UDPServer - UDP-Server: Message-23-25
21:20:57.160 [pool-1-thread-4] DEBUG com.mnc.udp.UDPServer - UDP-Server: Message-23-25 -> Message-23-25 (/127.0.0.1:49448)
21:20:57.160 [pool-1-thread-5] DEBUG com.mnc.udp.UDPServer - UDP-Server: Message-14-30 -> Message-14-30 (/127.0.0.1:49439)
21:20:57.160 [pool-1-thread-4] DEBUG com.mnc.udp.UDPServer - UDP-Server: Message-17-47
21:20:57.160 [pool-1-thread-4] DEBUG com.mnc.udp.UDPServer - UDP-Server: Message-17-47 -> Message-17-47 (/127.0.0.1:49442)
21:20:57.160 [pool-1-thread-1] DEBUG com.mnc.udp.UDPServer - UDP-Server: Message-56-64
21:20:57.160 [pool-1-thread-1] DEBUG com.mnc.udp.UDPServer - UDP-Server: Message-56-64 -> Message-56-64 (/127.0.0.1:49481)
21:20:57.160 [pool-1-thread-5] DEBUG com.mnc.udp.UDPServer - UDP-Server: Message-83-40
21:20:57.160 [pool-1-thread-2] DEBUG com.mnc.udp.UDPServer - UDP-Server: Message-23-44
21:20:57.160 [pool-1-thread-5] DEBUG com.mnc.udp.UDPServer - UDP-Server: Message-83-40 -> Message-83-40 (/127.0.0.1:49508)
21:20:57.160 [pool-1-thread-3] DEBUG com.mnc.udp.UDPServer - UDP-Server: Message-14-91
21:20:57.160 [pool-1-thread-2] DEBUG com.mnc.udp.UDPServer - UDP-Server: Message-23-44 -> Message-23-44 (/127.0.0.1:49448)
21:20:57.160 [pool-1-thread-3] DEBUG com.mnc.udp.UDPServer - UDP-Server: Message-14-91 -> Message-14-91 (/127.0.0.1:49439)
21:20:57.160 [pool-1-thread-4] DEBUG com.mnc.udp.UDPServer - UDP-Server: Message-17-88
21:20:57.160 [pool-1-thread-3] DEBUG com.mnc.udp.UDPServer - UDP-Server: Message-56-62
21:20:57.160 [pool-1-thread-4] DEBUG com.mnc.udp.UDPServer - UDP-Server: Message-17-88 -> Message-17-88 (/127.0.0.1:49442)
21:20:57.160 [pool-1-thread-3] DEBUG com.mnc.udp.UDPServer - UDP-Server: Message-56-62 -> Message-56-62 (/127.0.0.1:49481)
21:20:57.160 [pool-1-thread-4] DEBUG com.mnc.udp.UDPServer - UDP-Server: Message-23-45
21:20:57.160 [pool-1-thread-4] DEBUG com.mnc.udp.UDPServer - UDP-Server: Message-23-45 -> Message-23-45 (/127.0.0.1:49448)
21:20:57.160 [pool-1-thread-2] DEBUG com.mnc.udp.UDPServer - UDP-Server: Message-83-86
21:20:57.160 [pool-1-thread-4] DEBUG com.mnc.udp.UDPServer - UDP-Server: Message-14-92
21:20:57.160 [pool-1-thread-4] DEBUG com.mnc.udp.UDPServer - UDP-Server: Message-14-92 -> Message-14-92 (/127.0.0.1:49439)
21:20:57.160 [pool-1-thread-2] DEBUG com.mnc.udp.UDPServer - UDP-Server: Message-83-86 -> Message-83-86 (/127.0.0.1:49508)
21:20:57.160 [pool-1-thread-4] DEBUG com.mnc.udp.UDPServer - UDP-Server: Message-56-66
21:20:57.160 [pool-1-thread-5] DEBUG com.mnc.udp.UDPServer - UDP-Server: Message-17-89
21:20:57.160 [pool-1-thread-3] DEBUG com.mnc.udp.UDPServer - UDP-Server: Message-23-43
21:20:57.160 [pool-1-thread-4] DEBUG com.mnc.udp.UDPServer - UDP-Server: Message-56-66 -> Message-56-66 (/127.0.0.1:49481)
21:20:57.160 [pool-1-thread-5] DEBUG com.mnc.udp.UDPServer - UDP-Server: Message-17-89 -> Message-17-89 (/127.0.0.1:49442)
21:20:57.160 [pool-1-thread-1] DEBUG com.mnc.udp.UDPServer - UDP-Server: Message-14-88
21:20:57.160 [pool-1-thread-3] DEBUG com.mnc.udp.UDPServer - UDP-Server: Message-23-43 -> Message-23-43 (/127.0.0.1:49448)
21:20:57.160 [pool-1-thread-4] DEBUG com.mnc.udp.UDPServer - UDP-Server: Message-83-41
21:20:57.160 [pool-1-thread-1] DEBUG com.mnc.udp.UDPServer - UDP-Server: Message-14-88 -> Message-14-88 (/127.0.0.1:49439)
21:20:57.160 [pool-1-thread-4] DEBUG com.mnc.udp.UDPServer - UDP-Server: Message-83-41 -> Message-83-41 (/127.0.0.1:49508)
21:20:57.161 [pool-1-thread-2] DEBUG com.mnc.udp.UDPServer - UDP-Server: Message-56-67
21:20:57.161 [pool-1-thread-1] DEBUG com.mnc.udp.UDPServer - UDP-Server: Message-14-89
21:20:57.161 [pool-1-thread-5] DEBUG com.mnc.udp.UDPServer - UDP-Server: Message-23-48
21:20:57.161 [pool-1-thread-4] DEBUG com.mnc.udp.UDPServer - UDP-Server: Message-83-42
21:20:57.161 [pool-1-thread-4] DEBUG com.mnc.udp.UDPServer - UDP-Server: Message-83-42 -> Message-83-42 (/127.0.0.1:49508)
21:20:57.161 [pool-1-thread-3] DEBUG com.mnc.udp.UDPServer - UDP-Server: Message-17-40
21:20:57.161 [pool-1-thread-2] DEBUG com.mnc.udp.UDPServer - UDP-Server: Message-56-67 -> Message-56-67 (/127.0.0.1:49481)
21:20:57.161 [pool-1-thread-1] DEBUG com.mnc.udp.UDPServer - UDP-Server: Message-14-89 -> Message-14-89 (/127.0.0.1:49439)
21:20:57.161 [pool-1-thread-5] DEBUG com.mnc.udp.UDPServer - UDP-Server: Message-23-48 -> Message-23-48 (/127.0.0.1:49448)
21:20:57.161 [pool-1-thread-3] DEBUG com.mnc.udp.UDPServer - UDP-Server: Message-17-40 -> Message-17-40 (/127.0.0.1:49442)
21:20:57.161 [pool-1-thread-4] DEBUG com.mnc.udp.UDPServer - UDP-Server: Message-83-96
21:20:57.161 [pool-1-thread-4] DEBUG com.mnc.udp.UDPServer - UDP-Server: Message-83-96 -> Message-83-96 (/127.0.0.1:49508)
21:20:57.161 [pool-1-thread-2] DEBUG com.mnc.udp.UDPServer - UDP-Server: Message-14-57
21:20:57.161 [pool-1-thread-1] DEBUG com.mnc.udp.UDPServer - UDP-Server: Message-23-49
21:20:57.161 [pool-1-thread-2] DEBUG com.mnc.udp.UDPServer - UDP-Server: Message-14-57 -> Message-14-57 (/127.0.0.1:49439)
21:20:57.161 [pool-1-thread-1] DEBUG com.mnc.udp.UDPServer - UDP-Server: Message-23-49 -> Message-23-49 (/127.0.0.1:49448)
21:20:57.161 [pool-1-thread-2] DEBUG com.mnc.udp.UDPServer - UDP-Server: Message-17-41
21:20:57.161 [pool-1-thread-2] DEBUG com.mnc.udp.UDPServer - UDP-Server: Message-17-41 -> Message-17-41 (/127.0.0.1:49442)
21:20:57.161 [pool-1-thread-5] DEBUG com.mnc.udp.UDPServer - UDP-Server: Message-83-97
21:20:57.161 [pool-1-thread-5] DEBUG com.mnc.udp.UDPServer - UDP-Server: Message-83-97 -> Message-83-97 (/127.0.0.1:49508)
21:20:57.161 [pool-1-thread-4] DEBUG com.mnc.udp.UDPServer - UDP-Server: Message-14-58
21:20:57.161 [pool-1-thread-1] DEBUG com.mnc.udp.UDPServer - UDP-Server: Message-23-46
21:20:57.161 [pool-1-thread-3] DEBUG com.mnc.udp.UDPServer - UDP-Server: Message-17-42
21:20:57.161 [pool-1-thread-4] DEBUG com.mnc.udp.UDPServer - UDP-Server: Message-14-58 -> Message-14-58 (/127.0.0.1:49439)
21:20:57.161 [pool-1-thread-3] DEBUG com.mnc.udp.UDPServer - UDP-Server: Message-17-42 -> Message-17-42 (/127.0.0.1:49442)
21:20:57.161 [pool-1-thread-1] DEBUG com.mnc.udp.UDPServer - UDP-Server: Message-23-46 -> Message-23-46 (/127.0.0.1:49448)
21:20:57.161 [pool-1-thread-2] DEBUG com.mnc.udp.UDPServer - UDP-Server: Message-83-98
21:20:57.161 [pool-1-thread-2] DEBUG com.mnc.udp.UDPServer - UDP-Server: Message-83-98 -> Message-83-98 (/127.0.0.1:49508)
21:20:57.161 [pool-1-thread-5] DEBUG com.mnc.udp.UDPServer - UDP-Server: Message-14-56
21:20:57.161 [pool-1-thread-4] DEBUG com.mnc.udp.UDPServer - UDP-Server: Message-23-47
21:20:57.161 [pool-1-thread-5] DEBUG com.mnc.udp.UDPServer - UDP-Server: Message-14-56 -> Message-14-56 (/127.0.0.1:49439)
21:20:57.161 [pool-1-thread-1] DEBUG com.mnc.udp.UDPServer - UDP-Server: Message-17-38
21:20:57.161 [pool-1-thread-1] DEBUG com.mnc.udp.UDPServer - UDP-Server: Message-17-38 -> Message-17-38 (/127.0.0.1:49442)
21:20:57.161 [pool-1-thread-3] DEBUG com.mnc.udp.UDPServer - UDP-Server: Message-83-99
21:20:57.161 [pool-1-thread-4] DEBUG com.mnc.udp.UDPServer - UDP-Server: Message-23-47 -> Message-23-47 (/127.0.0.1:49448)
21:20:57.161 [pool-1-thread-3] DEBUG com.mnc.udp.UDPServer - UDP-Server: Message-83-99 -> Message-83-99 (/127.0.0.1:49508)
21:20:57.161 [pool-1-thread-3] DEBUG com.mnc.udp.UDPServer - UDP-Server: Message-14-26
21:20:57.161 [pool-1-thread-3] DEBUG com.mnc.udp.UDPServer - UDP-Server: Message-14-26 -> Message-14-26 (/127.0.0.1:49439)
21:20:57.161 [pool-1-thread-5] DEBUG com.mnc.udp.UDPServer - UDP-Server: Message-17-39
21:20:57.161 [pool-1-thread-5] DEBUG com.mnc.udp.UDPServer - UDP-Server: Message-17-39 -> Message-17-39 (/127.0.0.1:49442)
21:20:57.161 [pool-1-thread-1] DEBUG com.mnc.udp.UDPServer - UDP-Server: Message-23-40
21:20:57.161 [pool-1-thread-1] DEBUG com.mnc.udp.UDPServer - UDP-Server: Message-23-40 -> Message-23-40 (/127.0.0.1:49448)
21:20:57.161 [pool-1-thread-5] DEBUG com.mnc.udp.UDPServer - UDP-Server: Message-83-38
21:20:57.161 [pool-1-thread-2] DEBUG com.mnc.udp.UDPServer - UDP-Server: Message-14-27
21:20:57.161 [pool-1-thread-5] DEBUG com.mnc.udp.UDPServer - UDP-Server: Message-83-38 -> Message-83-38 (/127.0.0.1:49508)
21:20:57.161 [pool-1-thread-2] DEBUG com.mnc.udp.UDPServer - UDP-Server: Message-14-27 -> Message-14-27 (/127.0.0.1:49439)
21:20:57.161 [pool-1-thread-3] DEBUG com.mnc.udp.UDPServer - UDP-Server: Message-17-37
21:20:57.161 [pool-1-thread-3] DEBUG com.mnc.udp.UDPServer - UDP-Server: Message-17-37 -> Message-17-37 (/127.0.0.1:49442)
21:20:57.161 [pool-1-thread-3] DEBUG com.mnc.udp.UDPServer - UDP-Server: Message-23-41
21:20:57.161 [pool-1-thread-3] DEBUG com.mnc.udp.UDPServer - UDP-Server: Message-23-41 -> Message-23-41 (/127.0.0.1:49448)
21:20:57.161 [pool-1-thread-1] DEBUG com.mnc.udp.UDPServer - UDP-Server: Message-83-39
21:20:57.161 [pool-1-thread-3] DEBUG com.mnc.udp.UDPServer - UDP-Server: Message-14-60
21:20:57.161 [pool-1-thread-3] DEBUG com.mnc.udp.UDPServer - UDP-Server: Message-14-60 -> Message-14-60 (/127.0.0.1:49439)
21:20:57.161 [pool-1-thread-1] DEBUG com.mnc.udp.UDPServer - UDP-Server: Message-83-39 -> Message-83-39 (/127.0.0.1:49508)
21:20:57.161 [pool-1-thread-2] DEBUG com.mnc.udp.UDPServer - UDP-Server: Message-17-71
21:20:57.161 [pool-1-thread-2] DEBUG com.mnc.udp.UDPServer - UDP-Server: Message-17-71 -> Message-17-71 (/127.0.0.1:49442)
21:20:57.161 [pool-1-thread-1] DEBUG com.mnc.udp.UDPServer - UDP-Server: Message-23-42
21:20:57.161 [pool-1-thread-1] DEBUG com.mnc.udp.UDPServer - UDP-Server: Message-23-42 -> Message-23-42 (/127.0.0.1:49448)
21:20:57.161 [pool-1-thread-5] DEBUG com.mnc.udp.UDPServer - UDP-Server: Message-14-61
21:20:57.161 [pool-1-thread-5] DEBUG com.mnc.udp.UDPServer - UDP-Server: Message-14-61 -> Message-14-61 (/127.0.0.1:49439)
21:20:57.161 [pool-1-thread-3] DEBUG com.mnc.udp.UDPServer - UDP-Server: Message-83-37
21:20:57.161 [pool-1-thread-3] DEBUG com.mnc.udp.UDPServer - UDP-Server: Message-83-37 -> Message-83-37 (/127.0.0.1:49508)
21:20:57.161 [pool-1-thread-4] DEBUG com.mnc.udp.UDPServer - UDP-Server: Message-17-72
21:20:57.161 [pool-1-thread-4] DEBUG com.mnc.udp.UDPServer - UDP-Server: Message-17-72 -> Message-17-72 (/127.0.0.1:49442)
21:20:57.161 [pool-1-thread-2] DEBUG com.mnc.udp.UDPServer - UDP-Server: Message-23-38
21:20:57.161 [pool-1-thread-2] DEBUG com.mnc.udp.UDPServer - UDP-Server: Message-23-38 -> Message-23-38 (/127.0.0.1:49448)
21:20:57.161 [pool-1-thread-1] DEBUG com.mnc.udp.UDPServer - UDP-Server: Message-14-87
21:20:57.161 [pool-1-thread-1] DEBUG com.mnc.udp.UDPServer - UDP-Server: Message-14-87 -> Message-14-87 (/127.0.0.1:49439)
21:20:57.161 [pool-1-thread-5] DEBUG com.mnc.udp.UDPServer - UDP-Server: Message-83-15
21:20:57.162 [pool-1-thread-5] DEBUG com.mnc.udp.UDPServer - UDP-Server: Message-83-15 -> Message-83-15 (/127.0.0.1:49508)
21:20:57.162 [pool-1-thread-4] DEBUG com.mnc.udp.UDPServer - UDP-Server: Message-23-39
21:20:57.162 [pool-1-thread-3] DEBUG com.mnc.udp.UDPServer - UDP-Server: Message-17-73
21:20:57.162 [pool-1-thread-4] DEBUG com.mnc.udp.UDPServer - UDP-Server: Message-23-39 -> Message-23-39 (/127.0.0.1:49448)
21:20:57.162 [pool-1-thread-3] DEBUG com.mnc.udp.UDPServer - UDP-Server: Message-17-73 -> Message-17-73 (/127.0.0.1:49442)
21:20:57.162 [pool-1-thread-2] DEBUG com.mnc.udp.UDPServer - UDP-Server: Message-14-96
21:20:57.162 [pool-1-thread-2] DEBUG com.mnc.udp.UDPServer - UDP-Server: Message-14-96 -> Message-14-96 (/127.0.0.1:49439)
21:20:57.162 [pool-1-thread-1] DEBUG com.mnc.udp.UDPServer - UDP-Server: Message-83-16
21:20:57.162 [pool-1-thread-2] DEBUG com.mnc.udp.UDPServer - UDP-Server: Message-23-37
21:20:57.162 [pool-1-thread-4] DEBUG com.mnc.udp.UDPServer - UDP-Server: Message-17-74
21:20:57.162 [pool-1-thread-2] DEBUG com.mnc.udp.UDPServer - UDP-Server: Message-23-37 -> Message-23-37 (/127.0.0.1:49448)
21:20:57.162 [pool-1-thread-1] DEBUG com.mnc.udp.UDPServer - UDP-Server: Message-83-16 -> Message-83-16 (/127.0.0.1:49508)
21:20:57.162 [pool-1-thread-4] DEBUG com.mnc.udp.UDPServer - UDP-Server: Message-17-74 -> Message-17-74 (/127.0.0.1:49442)
21:20:57.162 [pool-1-thread-3] DEBUG com.mnc.udp.UDPServer - UDP-Server: Message-14-97
21:20:57.162 [pool-1-thread-3] DEBUG com.mnc.udp.UDPServer - UDP-Server: Message-14-97 -> Message-14-97 (/127.0.0.1:49439)
21:20:57.162 [pool-1-thread-5] DEBUG com.mnc.udp.UDPServer - UDP-Server: Message-23-15
21:20:57.162 [pool-1-thread-5] DEBUG com.mnc.udp.UDPServer - UDP-Server: Message-23-15 -> Message-23-15 (/127.0.0.1:49448)
21:20:57.162 [pool-1-thread-2] DEBUG com.mnc.udp.UDPServer - UDP-Server: Message-83-17
21:20:57.162 [pool-1-thread-2] DEBUG com.mnc.udp.UDPServer - UDP-Server: Message-83-17 -> Message-83-17 (/127.0.0.1:49508)
21:20:57.162 [pool-1-thread-1] DEBUG com.mnc.udp.UDPServer - UDP-Server: Message-17-69
21:20:57.162 [pool-1-thread-1] DEBUG com.mnc.udp.UDPServer - UDP-Server: Message-17-69 -> Message-17-69 (/127.0.0.1:49442)
21:20:57.162 [pool-1-thread-2] DEBUG com.mnc.udp.UDPServer - UDP-Server: Message-14-59
21:20:57.162 [pool-1-thread-2] DEBUG com.mnc.udp.UDPServer - UDP-Server: Message-14-59 -> Message-14-59 (/127.0.0.1:49439)
21:20:57.162 [pool-1-thread-3] DEBUG com.mnc.udp.UDPServer - UDP-Server: Message-23-16
21:20:57.162 [pool-1-thread-3] DEBUG com.mnc.udp.UDPServer - UDP-Server: Message-23-16 -> Message-23-16 (/127.0.0.1:49448)
21:20:57.162 [pool-1-thread-5] DEBUG com.mnc.udp.UDPServer - UDP-Server: Message-83-13
21:20:57.162 [pool-1-thread-4] DEBUG com.mnc.udp.UDPServer - UDP-Server: Message-17-70
21:20:57.162 [pool-1-thread-5] DEBUG com.mnc.udp.UDPServer - UDP-Server: Message-83-13 -> Message-83-13 (/127.0.0.1:49508)
21:20:57.162 [pool-1-thread-1] DEBUG com.mnc.udp.UDPServer - UDP-Server: Message-14-53
21:20:57.162 [pool-1-thread-4] DEBUG com.mnc.udp.UDPServer - UDP-Server: Message-17-70 -> Message-17-70 (/127.0.0.1:49442)
21:20:57.162 [pool-1-thread-1] DEBUG com.mnc.udp.UDPServer - UDP-Server: Message-14-53 -> Message-14-53 (/127.0.0.1:49439)
21:20:57.162 [pool-1-thread-1] DEBUG com.mnc.udp.UDPServer - UDP-Server: Message-23-17
21:20:57.162 [pool-1-thread-2] DEBUG com.mnc.udp.UDPServer - UDP-Server: Message-83-14
21:20:57.162 [pool-1-thread-1] DEBUG com.mnc.udp.UDPServer - UDP-Server: Message-23-17 -> Message-23-17 (/127.0.0.1:49448)
21:20:57.162 [pool-1-thread-2] DEBUG com.mnc.udp.UDPServer - UDP-Server: Message-83-14 -> Message-83-14 (/127.0.0.1:49508)
21:20:57.162 [pool-1-thread-5] DEBUG com.mnc.udp.UDPServer - UDP-Server: Message-17-68
21:20:57.162 [pool-1-thread-4] DEBUG com.mnc.udp.UDPServer - UDP-Server: Message-14-54
21:20:57.162 [pool-1-thread-5] DEBUG com.mnc.udp.UDPServer - UDP-Server: Message-17-68 -> Message-17-68 (/127.0.0.1:49442)
21:20:57.162 [pool-1-thread-4] DEBUG com.mnc.udp.UDPServer - UDP-Server: Message-14-54 -> Message-14-54 (/127.0.0.1:49439)
21:20:57.162 [pool-1-thread-3] DEBUG com.mnc.udp.UDPServer - UDP-Server: Message-23-13
21:20:57.162 [pool-1-thread-1] DEBUG com.mnc.udp.UDPServer - UDP-Server: Message-83-12
21:20:57.162 [pool-1-thread-5] DEBUG com.mnc.udp.UDPServer - UDP-Server: Message-17-54
21:20:57.162 [pool-1-thread-2] DEBUG com.mnc.udp.UDPServer - UDP-Server: Message-14-55
21:20:57.162 [pool-1-thread-2] DEBUG com.mnc.udp.UDPServer - UDP-Server: Message-14-55 -> Message-14-55 (/127.0.0.1:49439)
21:20:57.162 [pool-1-thread-3] DEBUG com.mnc.udp.UDPServer - UDP-Server: Message-23-13 -> Message-23-13 (/127.0.0.1:49448)
21:20:57.162 [pool-1-thread-1] DEBUG com.mnc.udp.UDPServer - UDP-Server: Message-83-12 -> Message-83-12 (/127.0.0.1:49508)
21:20:57.162 [pool-1-thread-5] DEBUG com.mnc.udp.UDPServer - UDP-Server: Message-17-54 -> Message-17-54 (/127.0.0.1:49442)
21:20:57.162 [pool-1-thread-4] DEBUG com.mnc.udp.UDPServer - UDP-Server: Message-23-14
21:20:57.162 [pool-1-thread-3] DEBUG com.mnc.udp.UDPServer - UDP-Server: Message-14-25
21:20:57.162 [pool-1-thread-2] DEBUG com.mnc.udp.UDPServer - UDP-Server: Message-83-84
21:20:57.162 [pool-1-thread-3] DEBUG com.mnc.udp.UDPServer - UDP-Server: Message-14-25 -> Message-14-25 (/127.0.0.1:49439)
21:20:57.162 [pool-1-thread-4] DEBUG com.mnc.udp.UDPServer - UDP-Server: Message-23-14 -> Message-23-14 (/127.0.0.1:49448)
21:20:57.162 [pool-1-thread-1] DEBUG com.mnc.udp.UDPServer - UDP-Server: Message-17-63
21:20:57.162 [pool-1-thread-2] DEBUG com.mnc.udp.UDPServer - UDP-Server: Message-83-84 -> Message-83-84 (/127.0.0.1:49508)
21:20:57.162 [pool-1-thread-1] DEBUG com.mnc.udp.UDPServer - UDP-Server: Message-17-63 -> Message-17-63 (/127.0.0.1:49442)
21:20:57.162 [pool-1-thread-5] DEBUG com.mnc.udp.UDPServer - UDP-Server: Message-14-44
21:20:57.162 [pool-1-thread-3] DEBUG com.mnc.udp.UDPServer - UDP-Server: Message-23-12
21:20:57.162 [pool-1-thread-4] DEBUG com.mnc.udp.UDPServer - UDP-Server: Message-83-78
21:20:57.162 [pool-1-thread-2] DEBUG com.mnc.udp.UDPServer - UDP-Server: Message-17-64
21:20:57.162 [pool-1-thread-5] DEBUG com.mnc.udp.UDPServer - UDP-Server: Message-14-44 -> Message-14-44 (/127.0.0.1:49439)
21:20:57.162 [pool-1-thread-2] DEBUG com.mnc.udp.UDPServer - UDP-Server: Message-17-64 -> Message-17-64 (/127.0.0.1:49442)
21:20:57.162 [pool-1-thread-3] DEBUG com.mnc.udp.UDPServer - UDP-Server: Message-23-12 -> Message-23-12 (/127.0.0.1:49448)
21:20:57.162 [pool-1-thread-4] DEBUG com.mnc.udp.UDPServer - UDP-Server: Message-83-78 -> Message-83-78 (/127.0.0.1:49508)
21:20:57.163 [pool-1-thread-1] DEBUG com.mnc.udp.UDPServer - UDP-Server: Message-23-21
21:20:57.163 [pool-1-thread-2] DEBUG com.mnc.udp.UDPServer - UDP-Server: Message-17-15
21:20:57.163 [pool-1-thread-3] DEBUG com.mnc.udp.UDPServer - UDP-Server: Message-14-45
21:20:57.163 [pool-1-thread-2] DEBUG com.mnc.udp.UDPServer - UDP-Server: Message-17-15 -> Message-17-15 (/127.0.0.1:49442)
21:20:57.163 [pool-1-thread-1] DEBUG com.mnc.udp.UDPServer - UDP-Server: Message-23-21 -> Message-23-21 (/127.0.0.1:49448)
21:20:57.163 [pool-1-thread-5] DEBUG com.mnc.udp.UDPServer - UDP-Server: Message-83-21
21:20:57.163 [pool-1-thread-3] DEBUG com.mnc.udp.UDPServer - UDP-Server: Message-14-45 -> Message-14-45 (/127.0.0.1:49439)
21:20:57.163 [pool-1-thread-5] DEBUG com.mnc.udp.UDPServer - UDP-Server: Message-83-21 -> Message-83-21 (/127.0.0.1:49508)
21:20:57.163 [pool-1-thread-4] DEBUG com.mnc.udp.UDPServer - UDP-Server: Message-17-87
21:20:57.163 [pool-1-thread-4] DEBUG com.mnc.udp.UDPServer - UDP-Server: Message-17-87 -> Message-17-87 (/127.0.0.1:49442)
21:20:57.163 [pool-1-thread-2] DEBUG com.mnc.udp.UDPServer - UDP-Server: Message-23-22
21:20:57.163 [pool-1-thread-2] DEBUG com.mnc.udp.UDPServer - UDP-Server: Message-23-22 -> Message-23-22 (/127.0.0.1:49448)
21:20:57.163 [pool-1-thread-1] DEBUG com.mnc.udp.UDPServer - UDP-Server: Message-83-22
21:20:57.163 [pool-1-thread-2] DEBUG com.mnc.udp.UDPServer - UDP-Server: Message-14-51
21:20:57.163 [pool-1-thread-1] DEBUG com.mnc.udp.UDPServer - UDP-Server: Message-83-22 -> Message-83-22 (/127.0.0.1:49508)
21:20:57.163 [pool-1-thread-2] DEBUG com.mnc.udp.UDPServer - UDP-Server: Message-14-51 -> Message-14-51 (/127.0.0.1:49439)
21:20:57.163 [pool-1-thread-5] DEBUG com.mnc.udp.UDPServer - UDP-Server: Message-17-96
21:20:57.163 [pool-1-thread-1] DEBUG com.mnc.udp.UDPServer - UDP-Server: Message-23-23
21:20:57.163 [pool-1-thread-5] DEBUG com.mnc.udp.UDPServer - UDP-Server: Message-17-96 -> Message-17-96 (/127.0.0.1:49442)
21:20:57.163 [pool-1-thread-1] DEBUG com.mnc.udp.UDPServer - UDP-Server: Message-23-23 -> Message-23-23 (/127.0.0.1:49448)
21:20:57.163 [pool-1-thread-3] DEBUG com.mnc.udp.UDPServer - UDP-Server: Message-83-94
21:20:57.163 [pool-1-thread-3] DEBUG com.mnc.udp.UDPServer - UDP-Server: Message-83-94 -> Message-83-94 (/127.0.0.1:49508)
21:20:57.163 [pool-1-thread-4] DEBUG com.mnc.udp.UDPServer - UDP-Server: Message-14-52
21:20:57.163 [pool-1-thread-3] DEBUG com.mnc.udp.UDPServer - UDP-Server: Message-17-97
21:20:57.163 [pool-1-thread-4] DEBUG com.mnc.udp.UDPServer - UDP-Server: Message-14-52 -> Message-14-52 (/127.0.0.1:49439)
21:20:57.163 [pool-1-thread-3] DEBUG com.mnc.udp.UDPServer - UDP-Server: Message-17-97 -> Message-17-97 (/127.0.0.1:49442)
21:20:57.163 [pool-1-thread-5] DEBUG com.mnc.udp.UDPServer - UDP-Server: Message-23-24
21:20:57.163 [pool-1-thread-5] DEBUG com.mnc.udp.UDPServer - UDP-Server: Message-23-24 -> Message-23-24 (/127.0.0.1:49448)
21:20:57.163 [pool-1-thread-1] DEBUG com.mnc.udp.UDPServer - UDP-Server: Message-83-95
21:20:57.163 [pool-1-thread-1] DEBUG com.mnc.udp.UDPServer - UDP-Server: Message-83-95 -> Message-83-95 (/127.0.0.1:49508)
21:20:57.163 [pool-1-thread-2] DEBUG com.mnc.udp.UDPServer - UDP-Server: Message-14-98
21:20:57.163 [pool-1-thread-4] DEBUG com.mnc.udp.UDPServer - UDP-Server: Message-17-98
21:20:57.163 [pool-1-thread-2] DEBUG com.mnc.udp.UDPServer - UDP-Server: Message-14-98 -> Message-14-98 (/127.0.0.1:49439)
21:20:57.163 [pool-1-thread-1] DEBUG com.mnc.udp.UDPServer - UDP-Server: Message-23-19
21:20:57.163 [pool-1-thread-4] DEBUG com.mnc.udp.UDPServer - UDP-Server: Message-17-98 -> Message-17-98 (/127.0.0.1:49442)
21:20:57.163 [pool-1-thread-1] DEBUG com.mnc.udp.UDPServer - UDP-Server: Message-23-19 -> Message-23-19 (/127.0.0.1:49448)
21:20:57.163 [pool-1-thread-5] DEBUG com.mnc.udp.UDPServer - UDP-Server: Message-83-93
21:20:57.163 [pool-1-thread-5] DEBUG com.mnc.udp.UDPServer - UDP-Server: Message-83-93 -> Message-83-93 (/127.0.0.1:49508)
21:20:57.163 [pool-1-thread-3] DEBUG com.mnc.udp.UDPServer - UDP-Server: Message-14-99
21:20:57.163 [pool-1-thread-2] DEBUG com.mnc.udp.UDPServer - UDP-Server: Message-17-99
21:20:57.163 [pool-1-thread-3] DEBUG com.mnc.udp.UDPServer - UDP-Server: Message-14-99 -> Message-14-99 (/127.0.0.1:49439)
21:20:57.163 [pool-1-thread-4] DEBUG com.mnc.udp.UDPServer - UDP-Server: Message-23-20
21:20:57.163 [pool-1-thread-2] DEBUG com.mnc.udp.UDPServer - UDP-Server: Message-17-99 -> Message-17-99 (/127.0.0.1:49442)
21:20:57.163 [pool-1-thread-1] DEBUG com.mnc.udp.UDPServer - UDP-Server: Message-83-23
21:20:57.163 [pool-1-thread-4] DEBUG com.mnc.udp.UDPServer - UDP-Server: Message-23-20 -> Message-23-20 (/127.0.0.1:49448)
21:20:57.163 [pool-1-thread-1] DEBUG com.mnc.udp.UDPServer - UDP-Server: Message-83-23 -> Message-83-23 (/127.0.0.1:49508)
21:20:57.163 [pool-1-thread-4] DEBUG com.mnc.udp.UDPServer - UDP-Server: Message-14-50
21:20:57.163 [pool-1-thread-4] DEBUG com.mnc.udp.UDPServer - UDP-Server: Message-14-50 -> Message-14-50 (/127.0.0.1:49439)
21:20:57.163 [pool-1-thread-4] DEBUG com.mnc.udp.UDPServer - UDP-Server: Message-17-16
21:20:57.163 [pool-1-thread-4] DEBUG com.mnc.udp.UDPServer - UDP-Server: Message-17-16 -> Message-17-16 (/127.0.0.1:49442)
21:20:57.163 [pool-1-thread-2] DEBUG com.mnc.udp.UDPServer - UDP-Server: Message-23-18
21:20:57.163 [pool-1-thread-2] DEBUG com.mnc.udp.UDPServer - UDP-Server: Message-23-18 -> Message-23-18 (/127.0.0.1:49448)
21:20:57.163 [pool-1-thread-5] DEBUG com.mnc.udp.UDPServer - UDP-Server: Message-83-24
21:20:57.163 [pool-1-thread-4] DEBUG com.mnc.udp.UDPServer - UDP-Server: Message-14-43
21:20:57.163 [pool-1-thread-4] DEBUG com.mnc.udp.UDPServer - UDP-Server: Message-14-43 -> Message-14-43 (/127.0.0.1:49439)
21:20:57.163 [pool-1-thread-5] DEBUG com.mnc.udp.UDPServer - UDP-Server: Message-83-24 -> Message-83-24 (/127.0.0.1:49508)
21:20:57.164 [pool-1-thread-4] DEBUG com.mnc.udp.UDPServer - UDP-Server: Message-17-17
21:20:57.164 [pool-1-thread-1] DEBUG com.mnc.udp.UDPServer - UDP-Server: Message-23-7
21:20:57.164 [pool-1-thread-4] DEBUG com.mnc.udp.UDPServer - UDP-Server: Message-17-17 -> Message-17-17 (/127.0.0.1:49442)
21:20:57.164 [pool-1-thread-2] DEBUG com.mnc.udp.UDPServer - UDP-Server: Message-14-71
21:20:57.164 [pool-1-thread-1] DEBUG com.mnc.udp.UDPServer - UDP-Server: Message-23-7 -> Message-23-7 (/127.0.0.1:49448)
21:20:57.164 [pool-1-thread-3] DEBUG com.mnc.udp.UDPServer - UDP-Server: Message-83-79
21:20:57.164 [pool-1-thread-2] DEBUG com.mnc.udp.UDPServer - UDP-Server: Message-14-71 -> Message-14-71 (/127.0.0.1:49439)
21:20:57.164 [pool-1-thread-3] DEBUG com.mnc.udp.UDPServer - UDP-Server: Message-83-79 -> Message-83-79 (/127.0.0.1:49508)
21:20:57.164 [pool-1-thread-3] DEBUG com.mnc.udp.UDPServer - UDP-Server: Message-23-8
21:20:57.164 [pool-1-thread-3] DEBUG com.mnc.udp.UDPServer - UDP-Server: Message-23-8 -> Message-23-8 (/127.0.0.1:49448)
21:20:57.164 [pool-1-thread-2] DEBUG com.mnc.udp.UDPServer - UDP-Server: Message-17-62
21:20:57.164 [pool-1-thread-2] DEBUG com.mnc.udp.UDPServer - UDP-Server: Message-17-62 -> Message-17-62 (/127.0.0.1:49442)
21:20:57.164 [pool-1-thread-1] DEBUG com.mnc.udp.UDPServer - UDP-Server: Message-83-80
21:20:57.164 [pool-1-thread-5] DEBUG com.mnc.udp.UDPServer - UDP-Server: Message-14-72
21:20:57.164 [pool-1-thread-1] DEBUG com.mnc.udp.UDPServer - UDP-Server: Message-83-80 -> Message-83-80 (/127.0.0.1:49508)
21:20:57.164 [pool-1-thread-4] DEBUG com.mnc.udp.UDPServer - UDP-Server: Message-23-6
21:20:57.164 [pool-1-thread-3] DEBUG com.mnc.udp.UDPServer - UDP-Server: Message-17-66
21:20:57.164 [pool-1-thread-5] DEBUG com.mnc.udp.UDPServer - UDP-Server: Message-14-72 -> Message-14-72 (/127.0.0.1:49439)
21:20:57.164 [pool-1-thread-3] DEBUG com.mnc.udp.UDPServer - UDP-Server: Message-17-66 -> Message-17-66 (/127.0.0.1:49442)
21:20:57.164 [pool-1-thread-4] DEBUG com.mnc.udp.UDPServer - UDP-Server: Message-23-6 -> Message-23-6 (/127.0.0.1:49448)
21:20:57.164 [pool-1-thread-4] DEBUG com.mnc.udp.UDPServer - UDP-Server: Message-83-76
21:20:57.164 [pool-1-thread-4] DEBUG com.mnc.udp.UDPServer - UDP-Server: Message-83-76 -> Message-83-76 (/127.0.0.1:49508)
21:20:57.164 [pool-1-thread-4] DEBUG com.mnc.udp.UDPServer - UDP-Server: Message-14-94
21:20:57.164 [pool-1-thread-4] DEBUG com.mnc.udp.UDPServer - UDP-Server: Message-14-94 -> Message-14-94 (/127.0.0.1:49439)
21:20:57.164 [pool-1-thread-5] DEBUG com.mnc.udp.UDPServer - UDP-Server: Message-17-67
21:20:57.164 [pool-1-thread-5] DEBUG com.mnc.udp.UDPServer - UDP-Server: Message-17-67 -> Message-17-67 (/127.0.0.1:49442)
21:20:57.164 [pool-1-thread-3] DEBUG com.mnc.udp.UDPServer - UDP-Server: Message-23-10
21:20:57.164 [pool-1-thread-4] DEBUG com.mnc.udp.UDPServer - UDP-Server: Message-83-77
21:20:57.164 [pool-1-thread-3] DEBUG com.mnc.udp.UDPServer - UDP-Server: Message-23-10 -> Message-23-10 (/127.0.0.1:49448)
21:20:57.164 [pool-1-thread-4] DEBUG com.mnc.udp.UDPServer - UDP-Server: Message-83-77 -> Message-83-77 (/127.0.0.1:49508)
21:20:57.164 [pool-1-thread-1] DEBUG com.mnc.udp.UDPServer - UDP-Server: Message-14-95
21:20:57.164 [pool-1-thread-1] DEBUG com.mnc.udp.UDPServer - UDP-Server: Message-14-95 -> Message-14-95 (/127.0.0.1:49439)
21:20:57.164 [pool-1-thread-2] DEBUG com.mnc.udp.UDPServer - UDP-Server: Message-17-55
21:20:57.164 [pool-1-thread-2] DEBUG com.mnc.udp.UDPServer - UDP-Server: Message-17-55 -> Message-17-55 (/127.0.0.1:49442)
21:20:57.164 [pool-1-thread-5] DEBUG com.mnc.udp.UDPServer - UDP-Server: Message-47-32
21:20:57.164 [pool-1-thread-4] DEBUG com.mnc.udp.UDPServer - UDP-Server: Message-83-19
21:20:57.164 [pool-1-thread-3] DEBUG com.mnc.udp.UDPServer - UDP-Server: Message-23-11
21:20:57.164 [pool-1-thread-1] DEBUG com.mnc.udp.UDPServer - UDP-Server: Message-14-93
21:20:57.164 [pool-1-thread-5] DEBUG com.mnc.udp.UDPServer - UDP-Server: Message-47-32 -> Message-47-32 (/127.0.0.1:49472)
21:20:57.164 [pool-1-thread-3] DEBUG com.mnc.udp.UDPServer - UDP-Server: Message-23-11 -> Message-23-11 (/127.0.0.1:49448)
21:20:57.164 [pool-1-thread-4] DEBUG com.mnc.udp.UDPServer - UDP-Server: Message-83-19 -> Message-83-19 (/127.0.0.1:49508)
21:20:57.164 [pool-1-thread-1] DEBUG com.mnc.udp.UDPServer - UDP-Server: Message-14-93 -> Message-14-93 (/127.0.0.1:49439)
21:20:57.164 [pool-1-thread-2] DEBUG com.mnc.udp.UDPServer - UDP-Server: Message-17-13
21:20:57.164 [pool-1-thread-5] DEBUG com.mnc.udp.UDPServer - UDP-Server: Message-47-33
21:20:57.164 [pool-1-thread-1] DEBUG com.mnc.udp.UDPServer - UDP-Server: Message-23-9
21:20:57.164 [pool-1-thread-3] DEBUG com.mnc.udp.UDPServer - UDP-Server: Message-14-82
21:20:57.164 [pool-1-thread-3] DEBUG com.mnc.udp.UDPServer - UDP-Server: Message-14-82 -> Message-14-82 (/127.0.0.1:49439)
21:20:57.164 [pool-1-thread-4] DEBUG com.mnc.udp.UDPServer - UDP-Server: Message-83-20
21:20:57.164 [pool-1-thread-2] DEBUG com.mnc.udp.UDPServer - UDP-Server: Message-17-13 -> Message-17-13 (/127.0.0.1:49442)
21:20:57.164 [pool-1-thread-4] DEBUG com.mnc.udp.UDPServer - UDP-Server: Message-83-20 -> Message-83-20 (/127.0.0.1:49508)
21:20:57.164 [pool-1-thread-5] DEBUG com.mnc.udp.UDPServer - UDP-Server: Message-47-33 -> Message-47-33 (/127.0.0.1:49472)
21:20:57.164 [pool-1-thread-1] DEBUG com.mnc.udp.UDPServer - UDP-Server: Message-23-9 -> Message-23-9 (/127.0.0.1:49448)
21:20:57.164 [pool-1-thread-3] DEBUG com.mnc.udp.UDPServer - UDP-Server: Message-14-83
21:20:57.164 [pool-1-thread-2] DEBUG com.mnc.udp.UDPServer - UDP-Server: Message-17-14
21:20:57.164 [pool-1-thread-2] DEBUG com.mnc.udp.UDPServer - UDP-Server: Message-17-14 -> Message-17-14 (/127.0.0.1:49442)
21:20:57.164 [pool-1-thread-4] DEBUG com.mnc.udp.UDPServer - UDP-Server: Message-83-57
21:20:57.164 [pool-1-thread-5] DEBUG com.mnc.udp.UDPServer - UDP-Server: Message-47-31
21:20:57.164 [pool-1-thread-2] DEBUG com.mnc.udp.UDPServer - UDP-Server: Message-23-3
21:20:57.164 [pool-1-thread-3] DEBUG com.mnc.udp.UDPServer - UDP-Server: Message-14-83 -> Message-14-83 (/127.0.0.1:49439)
21:20:57.164 [pool-1-thread-4] DEBUG com.mnc.udp.UDPServer - UDP-Server: Message-83-57 -> Message-83-57 (/127.0.0.1:49508)
21:20:57.164 [pool-1-thread-5] DEBUG com.mnc.udp.UDPServer - UDP-Server: Message-47-31 -> Message-47-31 (/127.0.0.1:49472)
21:20:57.164 [pool-1-thread-2] DEBUG com.mnc.udp.UDPServer - UDP-Server: Message-23-3 -> Message-23-3 (/127.0.0.1:49448)
21:20:57.164 [pool-1-thread-1] DEBUG com.mnc.udp.UDPServer - UDP-Server: Message-17-12
21:20:57.164 [pool-1-thread-1] DEBUG com.mnc.udp.UDPServer - UDP-Server: Message-17-12 -> Message-17-12 (/127.0.0.1:49442)
21:20:57.164 [pool-1-thread-3] DEBUG com.mnc.udp.UDPServer - UDP-Server: Message-14-73
21:20:57.164 [pool-1-thread-1] DEBUG com.mnc.udp.UDPServer - UDP-Server: Message-83-58
21:20:57.164 [pool-1-thread-3] DEBUG com.mnc.udp.UDPServer - UDP-Server: Message-14-73 -> Message-14-73 (/127.0.0.1:49439)
21:20:57.164 [pool-1-thread-2] DEBUG com.mnc.udp.UDPServer - UDP-Server: Message-23-4
21:20:57.164 [pool-1-thread-1] DEBUG com.mnc.udp.UDPServer - UDP-Server: Message-83-58 -> Message-83-58 (/127.0.0.1:49508)
21:20:57.164 [pool-1-thread-5] DEBUG com.mnc.udp.UDPServer - UDP-Server: Message-47-35
21:20:57.165 [pool-1-thread-2] DEBUG com.mnc.udp.UDPServer - UDP-Server: Message-23-4 -> Message-23-4 (/127.0.0.1:49448)
21:20:57.165 [pool-1-thread-5] DEBUG com.mnc.udp.UDPServer - UDP-Server: Message-47-35 -> Message-47-35 (/127.0.0.1:49472)
21:20:57.165 [pool-1-thread-4] DEBUG com.mnc.udp.UDPServer - UDP-Server: Message-17-21
21:20:57.165 [pool-1-thread-4] DEBUG com.mnc.udp.UDPServer - UDP-Server: Message-17-21 -> Message-17-21 (/127.0.0.1:49442)
21:20:57.165 [pool-1-thread-4] DEBUG com.mnc.udp.UDPServer - UDP-Server: Message-14-74
21:20:57.165 [pool-1-thread-4] DEBUG com.mnc.udp.UDPServer - UDP-Server: Message-14-74 -> Message-14-74 (/127.0.0.1:49439)
21:20:57.165 [pool-1-thread-1] DEBUG com.mnc.udp.UDPServer - UDP-Server: Message-83-56
21:20:57.165 [pool-1-thread-2] DEBUG com.mnc.udp.UDPServer - UDP-Server: Message-23-5
21:20:57.165 [pool-1-thread-1] DEBUG com.mnc.udp.UDPServer - UDP-Server: Message-83-56 -> Message-83-56 (/127.0.0.1:49508)
21:20:57.165 [pool-1-thread-4] DEBUG com.mnc.udp.UDPServer - UDP-Server: Message-47-36
21:20:57.165 [pool-1-thread-2] DEBUG com.mnc.udp.UDPServer - UDP-Server: Message-23-5 -> Message-23-5 (/127.0.0.1:49448)
21:20:57.165 [pool-1-thread-3] DEBUG com.mnc.udp.UDPServer - UDP-Server: Message-17-22
21:20:57.165 [pool-1-thread-4] DEBUG com.mnc.udp.UDPServer - UDP-Server: Message-47-36 -> Message-47-36 (/127.0.0.1:49472)
21:20:57.165 [pool-1-thread-5] DEBUG com.mnc.udp.UDPServer - UDP-Server: Message-14-48
21:20:57.165 [pool-1-thread-3] DEBUG com.mnc.udp.UDPServer - UDP-Server: Message-17-22 -> Message-17-22 (/127.0.0.1:49442)
21:20:57.165 [pool-1-thread-1] DEBUG com.mnc.udp.UDPServer - UDP-Server: Message-83-60
21:20:57.165 [pool-1-thread-5] DEBUG com.mnc.udp.UDPServer - UDP-Server: Message-14-48 -> Message-14-48 (/127.0.0.1:49439)
21:20:57.165 [pool-1-thread-1] DEBUG com.mnc.udp.UDPServer - UDP-Server: Message-83-60 -> Message-83-60 (/127.0.0.1:49508)
21:20:57.165 [pool-1-thread-5] DEBUG com.mnc.udp.UDPServer - UDP-Server: Message-47-34
21:20:57.165 [pool-1-thread-2] DEBUG com.mnc.udp.UDPServer - UDP-Server: Message-23-1
21:20:57.165 [pool-1-thread-5] DEBUG com.mnc.udp.UDPServer - UDP-Server: Message-47-34 -> Message-47-34 (/127.0.0.1:49472)
21:20:57.165 [pool-1-thread-1] DEBUG com.mnc.udp.UDPServer - UDP-Server: Message-17-23
21:20:57.165 [pool-1-thread-4] DEBUG com.mnc.udp.UDPServer - UDP-Server: Message-14-49
21:20:57.165 [pool-1-thread-2] DEBUG com.mnc.udp.UDPServer - UDP-Server: Message-23-1 -> Message-23-1 (/127.0.0.1:49448)
21:20:57.165 [pool-1-thread-1] DEBUG com.mnc.udp.UDPServer - UDP-Server: Message-17-23 -> Message-17-23 (/127.0.0.1:49442)
21:20:57.165 [pool-1-thread-3] DEBUG com.mnc.udp.UDPServer - UDP-Server: Message-83-61
21:20:57.165 [pool-1-thread-3] DEBUG com.mnc.udp.UDPServer - UDP-Server: Message-83-61 -> Message-83-61 (/127.0.0.1:49508)
21:20:57.165 [pool-1-thread-4] DEBUG com.mnc.udp.UDPServer - UDP-Server: Message-14-49 -> Message-14-49 (/127.0.0.1:49439)
21:20:57.165 [pool-1-thread-5] DEBUG com.mnc.udp.UDPServer - UDP-Server: Message-47-28
21:20:57.165 [pool-1-thread-5] DEBUG com.mnc.udp.UDPServer - UDP-Server: Message-47-28 -> Message-47-28 (/127.0.0.1:49472)
21:20:57.165 [pool-1-thread-2] DEBUG com.mnc.udp.UDPServer - UDP-Server: Message-23-2
21:20:57.165 [pool-1-thread-1] DEBUG com.mnc.udp.UDPServer - UDP-Server: Message-17-24
21:20:57.165 [pool-1-thread-5] DEBUG com.mnc.udp.UDPServer - UDP-Server: Message-83-59
21:20:57.165 [pool-1-thread-5] DEBUG com.mnc.udp.UDPServer - UDP-Server: Message-83-59 -> Message-83-59 (/127.0.0.1:49508)
21:20:57.165 [pool-1-thread-1] DEBUG com.mnc.udp.UDPServer - UDP-Server: Message-17-24 -> Message-17-24 (/127.0.0.1:49442)
21:20:57.165 [pool-1-thread-5] DEBUG com.mnc.udp.UDPServer - UDP-Server: Message-14-69
21:20:57.165 [pool-1-thread-5] DEBUG com.mnc.udp.UDPServer - UDP-Server: Message-14-69 -> Message-14-69 (/127.0.0.1:49439)
21:20:57.165 [pool-1-thread-2] DEBUG com.mnc.udp.UDPServer - UDP-Server: Message-23-2 -> Message-23-2 (/127.0.0.1:49448)
21:20:57.165 [pool-1-thread-5] DEBUG com.mnc.udp.UDPServer - UDP-Server: Message-47-29
21:20:57.165 [pool-1-thread-5] DEBUG com.mnc.udp.UDPServer - UDP-Server: Message-47-29 -> Message-47-29 (/127.0.0.1:49472)
21:20:57.165 [pool-1-thread-2] DEBUG com.mnc.udp.UDPServer - UDP-Server: Message-83-18
21:20:57.165 [pool-1-thread-2] DEBUG com.mnc.udp.UDPServer - UDP-Server: Message-83-18 -> Message-83-18 (/127.0.0.1:49508)
21:20:57.165 [pool-1-thread-5] DEBUG com.mnc.udp.UDPServer - UDP-Server: Message-17-94
21:20:57.165 [pool-1-thread-5] DEBUG com.mnc.udp.UDPServer - UDP-Server: Message-17-94 -> Message-17-94 (/127.0.0.1:49442)
21:20:57.165 [pool-1-thread-1] DEBUG com.mnc.udp.UDPServer - UDP-Server: Message-14-70
21:20:57.165 [pool-1-thread-3] DEBUG com.mnc.udp.UDPServer - UDP-Server: Message-23-0
21:20:57.165 [pool-1-thread-1] DEBUG com.mnc.udp.UDPServer - UDP-Server: Message-14-70 -> Message-14-70 (/127.0.0.1:49439)
21:20:57.165 [pool-1-thread-3] DEBUG com.mnc.udp.UDPServer - UDP-Server: Message-23-0 -> Message-23-0 (/127.0.0.1:49448)
21:20:57.165 [pool-1-thread-4] DEBUG com.mnc.udp.UDPServer - UDP-Server: Message-47-30
21:20:57.165 [pool-1-thread-4] DEBUG com.mnc.udp.UDPServer - UDP-Server: Message-47-30 -> Message-47-30 (/127.0.0.1:49472)
21:20:57.165 [pool-1-thread-1] DEBUG com.mnc.udp.UDPServer - UDP-Server: Message-83-75
21:20:57.165 [pool-1-thread-1] DEBUG com.mnc.udp.UDPServer - UDP-Server: Message-83-75 -> Message-83-75 (/127.0.0.1:49508)
21:20:57.165 [pool-1-thread-2] DEBUG com.mnc.udp.UDPServer - UDP-Server: Message-17-95
21:20:57.165 [pool-1-thread-5] DEBUG com.mnc.udp.UDPServer - UDP-Server: Message-14-68
21:20:57.165 [pool-1-thread-5] DEBUG com.mnc.udp.UDPServer - UDP-Server: Message-14-68 -> Message-14-68 (/127.0.0.1:49439)
21:20:57.165 [pool-1-thread-2] DEBUG com.mnc.udp.UDPServer - UDP-Server: Message-17-95 -> Message-17-95 (/127.0.0.1:49442)
21:20:57.165 [pool-1-thread-5] DEBUG com.mnc.udp.UDPServer - UDP-Server: Message-47-26
21:20:57.165 [pool-1-thread-3] DEBUG com.mnc.udp.UDPServer - UDP-Server: Message-23-90
21:20:57.165 [pool-1-thread-1] DEBUG com.mnc.udp.UDPServer - UDP-Server: Message-83-7
21:20:57.165 [pool-1-thread-1] DEBUG com.mnc.udp.UDPServer - UDP-Server: Message-83-7 -> Message-83-7 (/127.0.0.1:49508)
21:20:57.165 [pool-1-thread-5] DEBUG com.mnc.udp.UDPServer - UDP-Server: Message-47-26 -> Message-47-26 (/127.0.0.1:49472)
21:20:57.165 [pool-1-thread-3] DEBUG com.mnc.udp.UDPServer - UDP-Server: Message-23-90 -> Message-23-90 (/127.0.0.1:49448)
21:20:57.165 [pool-1-thread-4] DEBUG com.mnc.udp.UDPServer - UDP-Server: Message-14-81
21:20:57.165 [pool-1-thread-4] DEBUG com.mnc.udp.UDPServer - UDP-Server: Message-14-81 -> Message-14-81 (/127.0.0.1:49439)
21:20:57.165 [pool-1-thread-2] DEBUG com.mnc.udp.UDPServer - UDP-Server: Message-17-93
21:20:57.165 [pool-1-thread-2] DEBUG com.mnc.udp.UDPServer - UDP-Server: Message-17-93 -> Message-17-93 (/127.0.0.1:49442)
21:20:57.165 [pool-1-thread-1] DEBUG com.mnc.udp.UDPServer - UDP-Server: Message-83-8
21:20:57.165 [pool-1-thread-2] DEBUG com.mnc.udp.UDPServer - UDP-Server: Message-47-27
21:20:57.165 [pool-1-thread-1] DEBUG com.mnc.udp.UDPServer - UDP-Server: Message-83-8 -> Message-83-8 (/127.0.0.1:49508)
21:20:57.165 [pool-1-thread-2] DEBUG com.mnc.udp.UDPServer - UDP-Server: Message-47-27 -> Message-47-27 (/127.0.0.1:49472)
21:20:57.165 [pool-1-thread-4] DEBUG com.mnc.udp.UDPServer - UDP-Server: Message-14-63
21:20:57.165 [pool-1-thread-1] DEBUG com.mnc.udp.UDPServer - UDP-Server: Message-17-82
21:20:57.165 [pool-1-thread-5] DEBUG com.mnc.udp.UDPServer - UDP-Server: Message-23-91
21:20:57.165 [pool-1-thread-4] DEBUG com.mnc.udp.UDPServer - UDP-Server: Message-14-63 -> Message-14-63 (/127.0.0.1:49439)
21:20:57.165 [pool-1-thread-1] DEBUG com.mnc.udp.UDPServer - UDP-Server: Message-17-82 -> Message-17-82 (/127.0.0.1:49442)
21:20:57.165 [pool-1-thread-5] DEBUG com.mnc.udp.UDPServer - UDP-Server: Message-23-91 -> Message-23-91 (/127.0.0.1:49448)
21:20:57.165 [pool-1-thread-3] DEBUG com.mnc.udp.UDPServer - UDP-Server: Message-83-6
21:20:57.165 [pool-1-thread-3] DEBUG com.mnc.udp.UDPServer - UDP-Server: Message-83-6 -> Message-83-6 (/127.0.0.1:49508)
21:20:57.165 [pool-1-thread-2] DEBUG com.mnc.udp.UDPServer - UDP-Server: Message-47-25
21:20:57.165 [pool-1-thread-2] DEBUG com.mnc.udp.UDPServer - UDP-Server: Message-47-25 -> Message-47-25 (/127.0.0.1:49472)
21:20:57.166 [pool-1-thread-4] DEBUG com.mnc.udp.UDPServer - UDP-Server: Message-14-64
21:20:57.166 [pool-1-thread-5] DEBUG com.mnc.udp.UDPServer - UDP-Server: Message-23-92
21:20:57.166 [pool-1-thread-5] DEBUG com.mnc.udp.UDPServer - UDP-Server: Message-23-92 -> Message-23-92 (/127.0.0.1:49448)
21:20:57.166 [pool-1-thread-1] DEBUG com.mnc.udp.UDPServer - UDP-Server: Message-17-83
21:20:57.166 [pool-1-thread-3] DEBUG com.mnc.udp.UDPServer - UDP-Server: Message-83-10
21:20:57.166 [pool-1-thread-4] DEBUG com.mnc.udp.UDPServer - UDP-Server: Message-14-64 -> Message-14-64 (/127.0.0.1:49439)
21:20:57.166 [pool-1-thread-1] DEBUG com.mnc.udp.UDPServer - UDP-Server: Message-17-83 -> Message-17-83 (/127.0.0.1:49442)
21:20:57.166 [pool-1-thread-2] DEBUG com.mnc.udp.UDPServer - UDP-Server: Message-47-44
21:20:57.166 [pool-1-thread-2] DEBUG com.mnc.udp.UDPServer - UDP-Server: Message-47-44 -> Message-47-44 (/127.0.0.1:49472)
21:20:57.166 [pool-1-thread-3] DEBUG com.mnc.udp.UDPServer - UDP-Server: Message-83-10 -> Message-83-10 (/127.0.0.1:49508)
21:20:57.166 [pool-1-thread-5] DEBUG com.mnc.udp.UDPServer - UDP-Server: Message-23-88
21:20:57.166 [pool-1-thread-5] DEBUG com.mnc.udp.UDPServer - UDP-Server: Message-23-88 -> Message-23-88 (/127.0.0.1:49448)
21:20:57.166 [pool-1-thread-4] DEBUG com.mnc.udp.UDPServer - UDP-Server: Message-14-46
21:20:57.166 [pool-1-thread-1] DEBUG com.mnc.udp.UDPServer - UDP-Server: Message-17-81
21:20:57.166 [pool-1-thread-2] DEBUG com.mnc.udp.UDPServer - UDP-Server: Message-47-45
21:20:57.166 [pool-1-thread-4] DEBUG com.mnc.udp.UDPServer - UDP-Server: Message-14-46 -> Message-14-46 (/127.0.0.1:49439)
21:20:57.166 [pool-1-thread-3] DEBUG com.mnc.udp.UDPServer - UDP-Server: Message-83-11
21:20:57.166 [pool-1-thread-5] DEBUG com.mnc.udp.UDPServer - UDP-Server: Message-23-89
21:20:57.166 [pool-1-thread-3] DEBUG com.mnc.udp.UDPServer - UDP-Server: Message-83-11 -> Message-83-11 (/127.0.0.1:49508)
21:20:57.166 [pool-1-thread-1] DEBUG com.mnc.udp.UDPServer - UDP-Server: Message-17-81 -> Message-17-81 (/127.0.0.1:49442)
21:20:57.166 [pool-1-thread-2] DEBUG com.mnc.udp.UDPServer - UDP-Server: Message-47-45 -> Message-47-45 (/127.0.0.1:49472)
21:20:57.166 [pool-1-thread-5] DEBUG com.mnc.udp.UDPServer - UDP-Server: Message-23-89 -> Message-23-89 (/127.0.0.1:49448)
21:20:57.166 [pool-1-thread-4] DEBUG com.mnc.udp.UDPServer - UDP-Server: Message-14-47
21:20:57.166 [pool-1-thread-4] DEBUG com.mnc.udp.UDPServer - UDP-Server: Message-14-47 -> Message-14-47 (/127.0.0.1:49439)
21:20:57.166 [pool-1-thread-5] DEBUG com.mnc.udp.UDPServer - UDP-Server: Message-83-53
21:20:57.166 [pool-1-thread-5] DEBUG com.mnc.udp.UDPServer - UDP-Server: Message-83-53 -> Message-83-53 (/127.0.0.1:49508)
21:20:57.166 [pool-1-thread-1] DEBUG com.mnc.udp.UDPServer - UDP-Server: Message-17-19
21:20:57.166 [pool-1-thread-3] DEBUG com.mnc.udp.UDPServer - UDP-Server: Message-23-87
21:20:57.166 [pool-1-thread-3] DEBUG com.mnc.udp.UDPServer - UDP-Server: Message-23-87 -> Message-23-87 (/127.0.0.1:49448)
21:20:57.166 [pool-1-thread-5] DEBUG com.mnc.udp.UDPServer - UDP-Server: Message-47-43
21:20:57.166 [pool-1-thread-4] DEBUG com.mnc.udp.UDPServer - UDP-Server: Message-14-62
21:20:57.166 [pool-1-thread-1] DEBUG com.mnc.udp.UDPServer - UDP-Server: Message-17-19 -> Message-17-19 (/127.0.0.1:49442)
21:20:57.166 [pool-1-thread-5] DEBUG com.mnc.udp.UDPServer - UDP-Server: Message-47-43 -> Message-47-43 (/127.0.0.1:49472)
21:20:57.166 [pool-1-thread-2] DEBUG com.mnc.udp.UDPServer - UDP-Server: Message-83-9
21:20:57.166 [pool-1-thread-4] DEBUG com.mnc.udp.UDPServer - UDP-Server: Message-14-62 -> Message-14-62 (/127.0.0.1:49439)
21:20:57.166 [pool-1-thread-2] DEBUG com.mnc.udp.UDPServer - UDP-Server: Message-83-9 -> Message-83-9 (/127.0.0.1:49508)
21:20:57.166 [pool-1-thread-3] DEBUG com.mnc.udp.UDPServer - UDP-Server: Message-23-96
21:20:57.166 [pool-1-thread-3] DEBUG com.mnc.udp.UDPServer - UDP-Server: Message-23-96 -> Message-23-96 (/127.0.0.1:49448)
21:20:57.166 [pool-1-thread-1] DEBUG com.mnc.udp.UDPServer - UDP-Server: Message-17-20
21:20:57.166 [pool-1-thread-3] DEBUG com.mnc.udp.UDPServer - UDP-Server: Message-47-48
21:20:57.166 [pool-1-thread-3] DEBUG com.mnc.udp.UDPServer - UDP-Server: Message-47-48 -> Message-47-48 (/127.0.0.1:49472)
21:20:57.166 [pool-1-thread-1] DEBUG com.mnc.udp.UDPServer - UDP-Server: Message-17-20 -> Message-17-20 (/127.0.0.1:49442)
21:20:57.166 [pool-1-thread-4] DEBUG com.mnc.udp.UDPServer - UDP-Server: Message-14-85
21:20:57.166 [pool-1-thread-2] DEBUG com.mnc.udp.UDPServer - UDP-Server: Message-83-51
21:20:57.166 [pool-1-thread-3] DEBUG com.mnc.udp.UDPServer - UDP-Server: Message-23-97
21:20:57.166 [pool-1-thread-4] DEBUG com.mnc.udp.UDPServer - UDP-Server: Message-14-85 -> Message-14-85 (/127.0.0.1:49439)
21:20:57.166 [pool-1-thread-5] DEBUG com.mnc.udp.UDPServer - UDP-Server: Message-47-49
21:20:57.166 [pool-1-thread-1] DEBUG com.mnc.udp.UDPServer - UDP-Server: Message-17-18
21:20:57.166 [pool-1-thread-2] DEBUG com.mnc.udp.UDPServer - UDP-Server: Message-83-51 -> Message-83-51 (/127.0.0.1:49508)
21:20:57.166 [pool-1-thread-1] DEBUG com.mnc.udp.UDPServer - UDP-Server: Message-17-18 -> Message-17-18 (/127.0.0.1:49442)
21:20:57.166 [pool-1-thread-3] DEBUG com.mnc.udp.UDPServer - UDP-Server: Message-23-97 -> Message-23-97 (/127.0.0.1:49448)
21:20:57.166 [pool-1-thread-5] DEBUG com.mnc.udp.UDPServer - UDP-Server: Message-47-49 -> Message-47-49 (/127.0.0.1:49472)
21:20:57.166 [pool-1-thread-5] DEBUG com.mnc.udp.UDPServer - UDP-Server: Message-14-86
21:20:57.166 [pool-1-thread-2] DEBUG com.mnc.udp.UDPServer - UDP-Server: Message-83-52
21:20:57.166 [pool-1-thread-1] DEBUG com.mnc.udp.UDPServer - UDP-Server: Message-17-51
21:20:57.166 [pool-1-thread-1] DEBUG com.mnc.udp.UDPServer - UDP-Server: Message-17-51 -> Message-17-51 (/127.0.0.1:49442)
21:20:57.166 [pool-1-thread-2] DEBUG com.mnc.udp.UDPServer - UDP-Server: Message-83-52 -> Message-83-52 (/127.0.0.1:49508)
21:20:57.166 [pool-1-thread-3] DEBUG com.mnc.udp.UDPServer - UDP-Server: Message-23-98
21:20:57.166 [pool-1-thread-4] DEBUG com.mnc.udp.UDPServer - UDP-Server: Message-47-46
21:20:57.166 [pool-1-thread-3] DEBUG com.mnc.udp.UDPServer - UDP-Server: Message-23-98 -> Message-23-98 (/127.0.0.1:49448)
21:20:57.166 [pool-1-thread-4] DEBUG com.mnc.udp.UDPServer - UDP-Server: Message-47-46 -> Message-47-46 (/127.0.0.1:49472)
21:20:57.166 [pool-1-thread-5] DEBUG com.mnc.udp.UDPServer - UDP-Server: Message-14-86 -> Message-14-86 (/127.0.0.1:49439)
21:20:57.166 [pool-1-thread-5] DEBUG com.mnc.udp.UDPServer - UDP-Server: Message-17-52
21:20:57.166 [pool-1-thread-5] DEBUG com.mnc.udp.UDPServer - UDP-Server: Message-17-52 -> Message-17-52 (/127.0.0.1:49442)
21:20:57.166 [pool-1-thread-2] DEBUG com.mnc.udp.UDPServer - UDP-Server: Message-83-50
21:20:57.166 [pool-1-thread-3] DEBUG com.mnc.udp.UDPServer - UDP-Server: Message-23-99
21:20:57.166 [pool-1-thread-2] DEBUG com.mnc.udp.UDPServer - UDP-Server: Message-83-50 -> Message-83-50 (/127.0.0.1:49508)
21:20:57.166 [pool-1-thread-5] DEBUG com.mnc.udp.UDPServer - UDP-Server: Message-14-84
21:20:57.166 [pool-1-thread-4] DEBUG com.mnc.udp.UDPServer - UDP-Server: Message-47-47
21:20:57.166 [pool-1-thread-3] DEBUG com.mnc.udp.UDPServer - UDP-Server: Message-23-99 -> Message-23-99 (/127.0.0.1:49448)
21:20:57.166 [pool-1-thread-5] DEBUG com.mnc.udp.UDPServer - UDP-Server: Message-14-84 -> Message-14-84 (/127.0.0.1:49439)
21:20:57.166 [pool-1-thread-1] DEBUG com.mnc.udp.UDPServer - UDP-Server: Message-17-7
21:20:57.166 [pool-1-thread-4] DEBUG com.mnc.udp.UDPServer - UDP-Server: Message-47-47 -> Message-47-47 (/127.0.0.1:49472)
21:20:57.167 [pool-1-thread-5] DEBUG com.mnc.udp.UDPServer - UDP-Server: Message-83-3
21:20:57.167 [pool-1-thread-5] DEBUG com.mnc.udp.UDPServer - UDP-Server: Message-83-3 -> Message-83-3 (/127.0.0.1:49508)
21:20:57.167 [pool-1-thread-1] DEBUG com.mnc.udp.UDPServer - UDP-Server: Message-17-7 -> Message-17-7 (/127.0.0.1:49442)
21:20:57.167 [pool-1-thread-3] DEBUG com.mnc.udp.UDPServer - UDP-Server: Message-23-94
21:20:57.167 [pool-1-thread-3] DEBUG com.mnc.udp.UDPServer - UDP-Server: Message-23-94 -> Message-23-94 (/127.0.0.1:49448)
21:20:57.167 [pool-1-thread-1] DEBUG com.mnc.udp.UDPServer - UDP-Server: Message-14-66
21:20:57.167 [pool-1-thread-1] DEBUG com.mnc.udp.UDPServer - UDP-Server: Message-14-66 -> Message-14-66 (/127.0.0.1:49439)
21:20:57.167 [pool-1-thread-4] DEBUG com.mnc.udp.UDPServer - UDP-Server: Message-47-40
21:20:57.167 [pool-1-thread-4] DEBUG com.mnc.udp.UDPServer - UDP-Server: Message-47-40 -> Message-47-40 (/127.0.0.1:49472)
21:20:57.167 [pool-1-thread-5] DEBUG com.mnc.udp.UDPServer - UDP-Server: Message-17-8
21:20:57.167 [pool-1-thread-5] DEBUG com.mnc.udp.UDPServer - UDP-Server: Message-17-8 -> Message-17-8 (/127.0.0.1:49442)
21:20:57.167 [pool-1-thread-2] DEBUG com.mnc.udp.UDPServer - UDP-Server: Message-83-4
21:20:57.167 [pool-1-thread-3] DEBUG com.mnc.udp.UDPServer - UDP-Server: Message-23-95
21:20:57.167 [pool-1-thread-2] DEBUG com.mnc.udp.UDPServer - UDP-Server: Message-83-4 -> Message-83-4 (/127.0.0.1:49508)
21:20:57.167 [pool-1-thread-3] DEBUG com.mnc.udp.UDPServer - UDP-Server: Message-23-95 -> Message-23-95 (/127.0.0.1:49448)
21:20:57.167 [pool-1-thread-5] DEBUG com.mnc.udp.UDPServer - UDP-Server: Message-47-41
21:20:57.167 [pool-1-thread-1] DEBUG com.mnc.udp.UDPServer - UDP-Server: Message-14-67
21:20:57.167 [pool-1-thread-5] DEBUG com.mnc.udp.UDPServer - UDP-Server: Message-47-41 -> Message-47-41 (/127.0.0.1:49472)
21:20:57.167 [pool-1-thread-1] DEBUG com.mnc.udp.UDPServer - UDP-Server: Message-14-67 -> Message-14-67 (/127.0.0.1:49439)
21:20:57.167 [pool-1-thread-4] DEBUG com.mnc.udp.UDPServer - UDP-Server: Message-17-6
21:20:57.167 [pool-1-thread-3] DEBUG com.mnc.udp.UDPServer - UDP-Server: Message-83-5
21:20:57.167 [pool-1-thread-4] DEBUG com.mnc.udp.UDPServer - UDP-Server: Message-17-6 -> Message-17-6 (/127.0.0.1:49442)
21:20:57.167 [pool-1-thread-2] DEBUG com.mnc.udp.UDPServer - UDP-Server: Message-23-93
21:20:57.167 [pool-1-thread-3] DEBUG com.mnc.udp.UDPServer - UDP-Server: Message-83-5 -> Message-83-5 (/127.0.0.1:49508)
21:20:57.167 [pool-1-thread-2] DEBUG com.mnc.udp.UDPServer - UDP-Server: Message-23-93 -> Message-23-93 (/127.0.0.1:49448)
21:20:57.167 [pool-1-thread-3] DEBUG com.mnc.udp.UDPServer - UDP-Server: Message-47-42
21:20:57.167 [pool-1-thread-3] DEBUG com.mnc.udp.UDPServer - UDP-Server: Message-47-42 -> Message-47-42 (/127.0.0.1:49472)
21:20:57.167 [pool-1-thread-1] DEBUG com.mnc.udp.UDPServer - UDP-Server: Message-98-32
21:20:57.167 [pool-1-thread-1] DEBUG com.mnc.udp.UDPServer - UDP-Server: Message-98-32 -> Message-98-32 (/127.0.0.1:49523)
21:20:57.167 [pool-1-thread-4] DEBUG com.mnc.udp.UDPServer - UDP-Server: Message-14-40
21:20:57.167 [pool-1-thread-5] DEBUG com.mnc.udp.UDPServer - UDP-Server: Message-17-10
21:20:57.167 [pool-1-thread-1] DEBUG com.mnc.udp.UDPServer - UDP-Server: Message-83-1
21:20:57.167 [pool-1-thread-1] DEBUG com.mnc.udp.UDPServer - UDP-Server: Message-83-1 -> Message-83-1 (/127.0.0.1:49508)
21:20:57.167 [pool-1-thread-3] DEBUG com.mnc.udp.UDPServer - UDP-Server: Message-23-82
21:20:57.167 [pool-1-thread-3] DEBUG com.mnc.udp.UDPServer - UDP-Server: Message-23-82 -> Message-23-82 (/127.0.0.1:49448)
21:20:57.167 [pool-1-thread-2] DEBUG com.mnc.udp.UDPServer - UDP-Server: Message-47-38
21:20:57.167 [pool-1-thread-2] DEBUG com.mnc.udp.UDPServer - UDP-Server: Message-47-38 -> Message-47-38 (/127.0.0.1:49472)
21:20:57.167 [pool-1-thread-4] DEBUG com.mnc.udp.UDPServer - UDP-Server: Message-14-40 -> Message-14-40 (/127.0.0.1:49439)
21:20:57.167 [pool-1-thread-1] DEBUG com.mnc.udp.UDPServer - UDP-Server: Message-98-33
21:20:57.167 [pool-1-thread-1] DEBUG com.mnc.udp.UDPServer - UDP-Server: Message-98-33 -> Message-98-33 (/127.0.0.1:49523)
21:20:57.167 [pool-1-thread-5] DEBUG com.mnc.udp.UDPServer - UDP-Server: Message-17-10 -> Message-17-10 (/127.0.0.1:49442)
21:20:57.167 [pool-1-thread-3] DEBUG com.mnc.udp.UDPServer - UDP-Server: Message-83-2
21:20:57.167 [pool-1-thread-3] DEBUG com.mnc.udp.UDPServer - UDP-Server: Message-83-2 -> Message-83-2 (/127.0.0.1:49508)
21:20:57.167 [pool-1-thread-2] DEBUG com.mnc.udp.UDPServer - UDP-Server: Message-23-83
21:20:57.167 [pool-1-thread-2] DEBUG com.mnc.udp.UDPServer - UDP-Server: Message-23-83 -> Message-23-83 (/127.0.0.1:49448)
21:20:57.167 [pool-1-thread-4] DEBUG com.mnc.udp.UDPServer - UDP-Server: Message-47-39
21:20:57.167 [pool-1-thread-4] DEBUG com.mnc.udp.UDPServer - UDP-Server: Message-47-39 -> Message-47-39 (/127.0.0.1:49472)
21:20:57.167 [pool-1-thread-1] DEBUG com.mnc.udp.UDPServer - UDP-Server: Message-14-78
21:20:57.167 [pool-1-thread-2] DEBUG com.mnc.udp.UDPServer - UDP-Server: Message-98-31
21:20:57.167 [pool-1-thread-1] DEBUG com.mnc.udp.UDPServer - UDP-Server: Message-14-78 -> Message-14-78 (/127.0.0.1:49439)
21:20:57.167 [pool-1-thread-5] DEBUG com.mnc.udp.UDPServer - UDP-Server: Message-17-11
21:20:57.167 [pool-1-thread-5] DEBUG com.mnc.udp.UDPServer - UDP-Server: Message-17-11 -> Message-17-11 (/127.0.0.1:49442)
21:20:57.167 [pool-1-thread-2] DEBUG com.mnc.udp.UDPServer - UDP-Server: Message-98-31 -> Message-98-31 (/127.0.0.1:49523)
21:20:57.167 [pool-1-thread-1] DEBUG com.mnc.udp.UDPServer - UDP-Server: Message-83-54
21:20:57.167 [pool-1-thread-3] DEBUG com.mnc.udp.UDPServer - UDP-Server: Message-23-81
21:20:57.167 [pool-1-thread-5] DEBUG com.mnc.udp.UDPServer - UDP-Server: Message-47-37
21:20:57.167 [pool-1-thread-1] DEBUG com.mnc.udp.UDPServer - UDP-Server: Message-83-54 -> Message-83-54 (/127.0.0.1:49508)
21:20:57.167 [pool-1-thread-3] DEBUG com.mnc.udp.UDPServer - UDP-Server: Message-23-81 -> Message-23-81 (/127.0.0.1:49448)
21:20:57.167 [pool-1-thread-5] DEBUG com.mnc.udp.UDPServer - UDP-Server: Message-47-37 -> Message-47-37 (/127.0.0.1:49472)
21:20:57.167 [pool-1-thread-2] DEBUG com.mnc.udp.UDPServer - UDP-Server: Message-98-35
21:20:57.167 [pool-1-thread-2] DEBUG com.mnc.udp.UDPServer - UDP-Server: Message-98-35 -> Message-98-35 (/127.0.0.1:49523)
21:20:57.167 [pool-1-thread-4] DEBUG com.mnc.udp.UDPServer - UDP-Server: Message-14-79
21:20:57.167 [pool-1-thread-1] DEBUG com.mnc.udp.UDPServer - UDP-Server: Message-17-85
21:20:57.167 [pool-1-thread-4] DEBUG com.mnc.udp.UDPServer - UDP-Server: Message-14-79 -> Message-14-79 (/127.0.0.1:49439)
21:20:57.167 [pool-1-thread-1] DEBUG com.mnc.udp.UDPServer - UDP-Server: Message-17-85 -> Message-17-85 (/127.0.0.1:49442)
21:20:57.167 [pool-1-thread-3] DEBUG com.mnc.udp.UDPServer - UDP-Server: Message-83-55
21:20:57.167 [pool-1-thread-4] DEBUG com.mnc.udp.UDPServer - UDP-Server: Message-23-85
21:20:57.167 [pool-1-thread-3] DEBUG com.mnc.udp.UDPServer - UDP-Server: Message-83-55 -> Message-83-55 (/127.0.0.1:49508)
21:20:57.167 [pool-1-thread-4] DEBUG com.mnc.udp.UDPServer - UDP-Server: Message-23-85 -> Message-23-85 (/127.0.0.1:49448)
21:20:57.167 [pool-1-thread-5] DEBUG com.mnc.udp.UDPServer - UDP-Server: Message-47-15
21:20:57.167 [pool-1-thread-5] DEBUG com.mnc.udp.UDPServer - UDP-Server: Message-47-15 -> Message-47-15 (/127.0.0.1:49472)
21:20:57.167 [pool-1-thread-4] DEBUG com.mnc.udp.UDPServer - UDP-Server: Message-98-36
21:20:57.167 [pool-1-thread-4] DEBUG com.mnc.udp.UDPServer - UDP-Server: Message-98-36 -> Message-98-36 (/127.0.0.1:49523)
21:20:57.167 [pool-1-thread-2] DEBUG com.mnc.udp.UDPServer - UDP-Server: Message-14-80
21:20:57.167 [pool-1-thread-2] DEBUG com.mnc.udp.UDPServer - UDP-Server: Message-14-80 -> Message-14-80 (/127.0.0.1:49439)
21:20:57.167 [pool-1-thread-3] DEBUG com.mnc.udp.UDPServer - UDP-Server: Message-17-86
21:20:57.167 [pool-1-thread-3] DEBUG com.mnc.udp.UDPServer - UDP-Server: Message-17-86 -> Message-17-86 (/127.0.0.1:49442)
21:20:57.167 [pool-1-thread-1] DEBUG com.mnc.udp.UDPServer - UDP-Server: Message-83-0
21:20:57.167 [pool-1-thread-1] DEBUG com.mnc.udp.UDPServer - UDP-Server: Message-83-0 -> Message-83-0 (/127.0.0.1:49508)
21:20:57.167 [pool-1-thread-4] DEBUG com.mnc.udp.UDPServer - UDP-Server: Message-23-86
21:20:57.167 [pool-1-thread-5] DEBUG com.mnc.udp.UDPServer - UDP-Server: Message-47-16
21:20:57.167 [pool-1-thread-4] DEBUG com.mnc.udp.UDPServer - UDP-Server: Message-23-86 -> Message-23-86 (/127.0.0.1:49448)
21:20:57.167 [pool-1-thread-1] DEBUG com.mnc.udp.UDPServer - UDP-Server: Message-98-34
21:20:57.167 [pool-1-thread-3] DEBUG com.mnc.udp.UDPServer - UDP-Server: Message-14-76
21:20:57.167 [pool-1-thread-5] DEBUG com.mnc.udp.UDPServer - UDP-Server: Message-47-16 -> Message-47-16 (/127.0.0.1:49472)
21:20:57.167 [pool-1-thread-1] DEBUG com.mnc.udp.UDPServer - UDP-Server: Message-98-34 -> Message-98-34 (/127.0.0.1:49523)
21:20:57.167 [pool-1-thread-4] DEBUG com.mnc.udp.UDPServer - UDP-Server: Message-17-9
21:20:57.167 [pool-1-thread-3] DEBUG com.mnc.udp.UDPServer - UDP-Server: Message-14-76 -> Message-14-76 (/127.0.0.1:49439)
21:20:57.168 [pool-1-thread-1] DEBUG com.mnc.udp.UDPServer - UDP-Server: Message-23-84
21:20:57.167 [pool-1-thread-2] DEBUG com.mnc.udp.UDPServer - UDP-Server: Message-83-71
21:20:57.168 [pool-1-thread-4] DEBUG com.mnc.udp.UDPServer - UDP-Server: Message-17-9 -> Message-17-9 (/127.0.0.1:49442)
21:20:57.168 [pool-1-thread-1] DEBUG com.mnc.udp.UDPServer - UDP-Server: Message-23-84 -> Message-23-84 (/127.0.0.1:49448)
21:20:57.168 [pool-1-thread-5] DEBUG com.mnc.udp.UDPServer - UDP-Server: Message-98-28
21:20:57.168 [pool-1-thread-5] DEBUG com.mnc.udp.UDPServer - UDP-Server: Message-98-28 -> Message-98-28 (/127.0.0.1:49523)
21:20:57.168 [pool-1-thread-3] DEBUG com.mnc.udp.UDPServer - UDP-Server: Message-47-17
21:20:57.168 [pool-1-thread-4] DEBUG com.mnc.udp.UDPServer - UDP-Server: Message-14-77
21:20:57.168 [pool-1-thread-1] DEBUG com.mnc.udp.UDPServer - UDP-Server: Message-17-50
21:20:57.168 [pool-1-thread-5] DEBUG com.mnc.udp.UDPServer - UDP-Server: Message-23-78
21:20:57.168 [pool-1-thread-5] DEBUG com.mnc.udp.UDPServer - UDP-Server: Message-23-78 -> Message-23-78 (/127.0.0.1:49448)
21:20:57.168 [pool-1-thread-2] DEBUG com.mnc.udp.UDPServer - UDP-Server: Message-83-71 -> Message-83-71 (/127.0.0.1:49508)
21:20:57.168 [pool-1-thread-5] DEBUG com.mnc.udp.UDPServer - UDP-Server: Message-98-29
21:20:57.168 [pool-1-thread-3] DEBUG com.mnc.udp.UDPServer - UDP-Server: Message-47-17 -> Message-47-17 (/127.0.0.1:49472)
21:20:57.168 [pool-1-thread-4] DEBUG com.mnc.udp.UDPServer - UDP-Server: Message-14-77 -> Message-14-77 (/127.0.0.1:49439)
21:20:57.168 [pool-1-thread-1] DEBUG com.mnc.udp.UDPServer - UDP-Server: Message-17-50 -> Message-17-50 (/127.0.0.1:49442)
21:20:57.168 [pool-1-thread-5] DEBUG com.mnc.udp.UDPServer - UDP-Server: Message-98-29 -> Message-98-29 (/127.0.0.1:49523)
21:20:57.168 [pool-1-thread-2] DEBUG com.mnc.udp.UDPServer - UDP-Server: Message-23-79
21:20:57.168 [pool-1-thread-1] DEBUG com.mnc.udp.UDPServer - UDP-Server: Message-83-72
21:20:57.168 [pool-1-thread-2] DEBUG com.mnc.udp.UDPServer - UDP-Server: Message-23-79 -> Message-23-79 (/127.0.0.1:49448)
21:20:57.168 [pool-1-thread-1] DEBUG com.mnc.udp.UDPServer - UDP-Server: Message-83-72 -> Message-83-72 (/127.0.0.1:49508)
21:20:57.168 [pool-1-thread-4] DEBUG com.mnc.udp.UDPServer - UDP-Server: Message-47-13
21:20:57.168 [pool-1-thread-4] DEBUG com.mnc.udp.UDPServer - UDP-Server: Message-47-13 -> Message-47-13 (/127.0.0.1:49472)
21:20:57.168 [pool-1-thread-1] DEBUG com.mnc.udp.UDPServer - UDP-Server: Message-14-75
21:20:57.168 [pool-1-thread-1] DEBUG com.mnc.udp.UDPServer - UDP-Server: Message-14-75 -> Message-14-75 (/127.0.0.1:49439)
21:20:57.168 [pool-1-thread-1] DEBUG com.mnc.udp.UDPServer - UDP-Server: Message-17-3
21:20:57.168 [pool-1-thread-1] DEBUG com.mnc.udp.UDPServer - UDP-Server: Message-17-3 -> Message-17-3 (/127.0.0.1:49442)
21:20:57.168 [pool-1-thread-5] DEBUG com.mnc.udp.UDPServer - UDP-Server: Message-98-30
21:20:57.168 [pool-1-thread-5] DEBUG com.mnc.udp.UDPServer - UDP-Server: Message-98-30 -> Message-98-30 (/127.0.0.1:49523)
21:20:57.168 [pool-1-thread-2] DEBUG com.mnc.udp.UDPServer - UDP-Server: Message-23-80
21:20:57.168 [pool-1-thread-1] DEBUG com.mnc.udp.UDPServer - UDP-Server: Message-47-14
21:20:57.168 [pool-1-thread-3] DEBUG com.mnc.udp.UDPServer - UDP-Server: Message-83-73
21:20:57.168 [pool-1-thread-5] DEBUG com.mnc.udp.UDPServer - UDP-Server: Message-17-4
21:20:57.168 [pool-1-thread-3] DEBUG com.mnc.udp.UDPServer - UDP-Server: Message-83-73 -> Message-83-73 (/127.0.0.1:49508)
21:20:57.168 [pool-1-thread-2] DEBUG com.mnc.udp.UDPServer - UDP-Server: Message-23-80 -> Message-23-80 (/127.0.0.1:49448)
21:20:57.168 [pool-1-thread-3] DEBUG com.mnc.udp.UDPServer - UDP-Server: Message-98-90
21:20:57.168 [pool-1-thread-3] DEBUG com.mnc.udp.UDPServer - UDP-Server: Message-98-90 -> Message-98-90 (/127.0.0.1:49523)
21:20:57.168 [pool-1-thread-4] DEBUG com.mnc.udp.UDPServer - UDP-Server: Message-14-15
21:20:57.168 [pool-1-thread-1] DEBUG com.mnc.udp.UDPServer - UDP-Server: Message-47-14 -> Message-47-14 (/127.0.0.1:49472)
21:20:57.168 [pool-1-thread-5] DEBUG com.mnc.udp.UDPServer - UDP-Server: Message-17-4 -> Message-17-4 (/127.0.0.1:49442)
21:20:57.168 [pool-1-thread-4] DEBUG com.mnc.udp.UDPServer - UDP-Server: Message-14-15 -> Message-14-15 (/127.0.0.1:49439)
21:20:57.169 [pool-1-thread-4] DEBUG com.mnc.udp.UDPServer - UDP-Server: Message-23-76
21:20:57.169 [pool-1-thread-2] DEBUG com.mnc.udp.UDPServer - UDP-Server: Message-47-12
21:20:57.169 [pool-1-thread-4] DEBUG com.mnc.udp.UDPServer - UDP-Server: Message-23-76 -> Message-23-76 (/127.0.0.1:49448)
21:20:57.169 [pool-1-thread-3] DEBUG com.mnc.udp.UDPServer - UDP-Server: Message-98-26
21:20:57.169 [pool-1-thread-4] DEBUG com.mnc.udp.UDPServer - UDP-Server: Message-17-5
21:20:57.169 [pool-1-thread-3] DEBUG com.mnc.udp.UDPServer - UDP-Server: Message-98-26 -> Message-98-26 (/127.0.0.1:49523)
21:20:57.169 [pool-1-thread-5] DEBUG com.mnc.udp.UDPServer - UDP-Server: Message-83-74
21:20:57.169 [pool-1-thread-2] DEBUG com.mnc.udp.UDPServer - UDP-Server: Message-47-12 -> Message-47-12 (/127.0.0.1:49472)
21:20:57.169 [pool-1-thread-4] DEBUG com.mnc.udp.UDPServer - UDP-Server: Message-17-5 -> Message-17-5 (/127.0.0.1:49442)
21:20:57.169 [pool-1-thread-1] DEBUG com.mnc.udp.UDPServer - UDP-Server: Message-14-16
21:20:57.169 [pool-1-thread-5] DEBUG com.mnc.udp.UDPServer - UDP-Server: Message-83-74 -> Message-83-74 (/127.0.0.1:49508)
21:20:57.169 [pool-1-thread-3] DEBUG com.mnc.udp.UDPServer - UDP-Server: Message-23-77
21:20:57.169 [pool-1-thread-1] DEBUG com.mnc.udp.UDPServer - UDP-Server: Message-14-16 -> Message-14-16 (/127.0.0.1:49439)
21:20:57.169 [pool-1-thread-2] DEBUG com.mnc.udp.UDPServer - UDP-Server: Message-98-27
21:20:57.169 [pool-1-thread-3] DEBUG com.mnc.udp.UDPServer - UDP-Server: Message-23-77 -> Message-23-77 (/127.0.0.1:49448)
21:20:57.169 [pool-1-thread-2] DEBUG com.mnc.udp.UDPServer - UDP-Server: Message-98-27 -> Message-98-27 (/127.0.0.1:49523)
21:20:57.169 [pool-1-thread-4] DEBUG com.mnc.udp.UDPServer - UDP-Server: Message-47-7
21:20:57.169 [pool-1-thread-4] DEBUG com.mnc.udp.UDPServer - UDP-Server: Message-47-7 -> Message-47-7 (/127.0.0.1:49472)
21:20:57.169 [pool-1-thread-5] DEBUG com.mnc.udp.UDPServer - UDP-Server: Message-17-1
21:20:57.169 [pool-1-thread-5] DEBUG com.mnc.udp.UDPServer - UDP-Server: Message-17-1 -> Message-17-1 (/127.0.0.1:49442)
21:20:57.169 [pool-1-thread-1] DEBUG com.mnc.udp.UDPServer - UDP-Server: Message-83-69
21:20:57.169 [pool-1-thread-4] DEBUG com.mnc.udp.UDPServer - UDP-Server: Message-14-17
21:20:57.169 [pool-1-thread-1] DEBUG com.mnc.udp.UDPServer - UDP-Server: Message-83-69 -> Message-83-69 (/127.0.0.1:49508)
21:20:57.169 [pool-1-thread-5] DEBUG com.mnc.udp.UDPServer - UDP-Server: Message-23-75
21:20:57.169 [pool-1-thread-5] DEBUG com.mnc.udp.UDPServer - UDP-Server: Message-23-75 -> Message-23-75 (/127.0.0.1:49448)
21:20:57.169 [pool-1-thread-4] DEBUG com.mnc.udp.UDPServer - UDP-Server: Message-14-17 -> Message-14-17 (/127.0.0.1:49439)
21:20:57.169 [pool-1-thread-2] DEBUG com.mnc.udp.UDPServer - UDP-Server: Message-98-91
21:20:57.169 [pool-1-thread-1] DEBUG com.mnc.udp.UDPServer - UDP-Server: Message-47-21
21:20:57.169 [pool-1-thread-4] DEBUG com.mnc.udp.UDPServer - UDP-Server: Message-17-2
21:20:57.169 [pool-1-thread-1] DEBUG com.mnc.udp.UDPServer - UDP-Server: Message-47-21 -> Message-47-21 (/127.0.0.1:49472)
21:20:57.169 [pool-1-thread-4] DEBUG com.mnc.udp.UDPServer - UDP-Server: Message-17-2 -> Message-17-2 (/127.0.0.1:49442)
21:20:57.169 [pool-1-thread-5] DEBUG com.mnc.udp.UDPServer - UDP-Server: Message-83-70
21:20:57.169 [pool-1-thread-2] DEBUG com.mnc.udp.UDPServer - UDP-Server: Message-98-91 -> Message-98-91 (/127.0.0.1:49523)
21:20:57.169 [pool-1-thread-1] DEBUG com.mnc.udp.UDPServer - UDP-Server: Message-23-57
21:20:57.169 [pool-1-thread-5] DEBUG com.mnc.udp.UDPServer - UDP-Server: Message-83-70 -> Message-83-70 (/127.0.0.1:49508)
21:20:57.169 [pool-1-thread-1] DEBUG com.mnc.udp.UDPServer - UDP-Server: Message-23-57 -> Message-23-57 (/127.0.0.1:49448)
21:20:57.169 [pool-1-thread-3] DEBUG com.mnc.udp.UDPServer - UDP-Server: Message-14-13
21:20:57.169 [pool-1-thread-4] DEBUG com.mnc.udp.UDPServer - UDP-Server: Message-47-22
21:20:57.169 [pool-1-thread-5] DEBUG com.mnc.udp.UDPServer - UDP-Server: Message-98-92
21:20:57.169 [pool-1-thread-3] DEBUG com.mnc.udp.UDPServer - UDP-Server: Message-14-13 -> Message-14-13 (/127.0.0.1:49439)
21:20:57.169 [pool-1-thread-5] DEBUG com.mnc.udp.UDPServer - UDP-Server: Message-98-92 -> Message-98-92 (/127.0.0.1:49523)
21:20:57.169 [pool-1-thread-2] DEBUG com.mnc.udp.UDPServer - UDP-Server: Message-17-0
21:20:57.169 [pool-1-thread-4] DEBUG com.mnc.udp.UDPServer - UDP-Server: Message-47-22 -> Message-47-22 (/127.0.0.1:49472)
21:20:57.169 [pool-1-thread-1] DEBUG com.mnc.udp.UDPServer - UDP-Server: Message-83-63
21:20:57.169 [pool-1-thread-4] DEBUG com.mnc.udp.UDPServer - UDP-Server: Message-23-58
21:20:57.169 [pool-1-thread-1] DEBUG com.mnc.udp.UDPServer - UDP-Server: Message-83-63 -> Message-83-63 (/127.0.0.1:49508)
21:20:57.169 [pool-1-thread-4] DEBUG com.mnc.udp.UDPServer - UDP-Server: Message-23-58 -> Message-23-58 (/127.0.0.1:49448)
21:20:57.169 [pool-1-thread-1] DEBUG com.mnc.udp.UDPServer - UDP-Server: Message-14-14
21:20:57.169 [pool-1-thread-4] DEBUG com.mnc.udp.UDPServer - UDP-Server: Message-98-25
21:20:57.169 [pool-1-thread-2] DEBUG com.mnc.udp.UDPServer - UDP-Server: Message-17-0 -> Message-17-0 (/127.0.0.1:49442)
21:20:57.169 [pool-1-thread-4] DEBUG com.mnc.udp.UDPServer - UDP-Server: Message-98-25 -> Message-98-25 (/127.0.0.1:49523)
21:20:57.169 [pool-1-thread-1] DEBUG com.mnc.udp.UDPServer - UDP-Server: Message-14-14 -> Message-14-14 (/127.0.0.1:49439)
21:20:57.169 [pool-1-thread-4] DEBUG com.mnc.udp.UDPServer - UDP-Server: Message-47-23
21:20:57.169 [pool-1-thread-4] DEBUG com.mnc.udp.UDPServer - UDP-Server: Message-47-23 -> Message-47-23 (/127.0.0.1:49472)
21:20:57.169 [pool-1-thread-2] DEBUG com.mnc.udp.UDPServer - UDP-Server: Message-83-64
21:20:57.169 [pool-1-thread-2] DEBUG com.mnc.udp.UDPServer - UDP-Server: Message-83-64 -> Message-83-64 (/127.0.0.1:49508)
21:20:57.169 [pool-1-thread-4] DEBUG com.mnc.udp.UDPServer - UDP-Server: Message-23-56
21:20:57.169 [pool-1-thread-2] DEBUG com.mnc.udp.UDPServer - UDP-Server: Message-98-88
21:20:57.169 [pool-1-thread-4] DEBUG com.mnc.udp.UDPServer - UDP-Server: Message-23-56 -> Message-23-56 (/127.0.0.1:49448)
21:20:57.169 [pool-1-thread-2] DEBUG com.mnc.udp.UDPServer - UDP-Server: Message-98-88 -> Message-98-88 (/127.0.0.1:49523)
21:20:57.170 [pool-1-thread-3] DEBUG com.mnc.udp.UDPServer - UDP-Server: Message-14-12
21:20:57.170 [pool-1-thread-4] DEBUG com.mnc.udp.UDPServer - UDP-Server: Message-47-90
21:20:57.170 [pool-1-thread-3] DEBUG com.mnc.udp.UDPServer - UDP-Server: Message-14-12 -> Message-14-12 (/127.0.0.1:49439)
21:20:57.170 [pool-1-thread-1] DEBUG com.mnc.udp.UDPServer - UDP-Server: Message-17-84
21:20:57.170 [pool-1-thread-4] DEBUG com.mnc.udp.UDPServer - UDP-Server: Message-47-90 -> Message-47-90 (/127.0.0.1:49472)
21:20:57.170 [pool-1-thread-3] DEBUG com.mnc.udp.UDPServer - UDP-Server: Message-98-89
21:20:57.170 [pool-1-thread-5] DEBUG com.mnc.udp.UDPServer - UDP-Server: Message-83-62
21:20:57.170 [pool-1-thread-1] DEBUG com.mnc.udp.UDPServer - UDP-Server: Message-17-84 -> Message-17-84 (/127.0.0.1:49442)
21:20:57.170 [pool-1-thread-2] DEBUG com.mnc.udp.UDPServer - UDP-Server: Message-23-60
21:20:57.170 [pool-1-thread-3] DEBUG com.mnc.udp.UDPServer - UDP-Server: Message-98-89 -> Message-98-89 (/127.0.0.1:49523)
21:20:57.170 [pool-1-thread-5] DEBUG com.mnc.udp.UDPServer - UDP-Server: Message-83-62 -> Message-83-62 (/127.0.0.1:49508)
21:20:57.170 [pool-1-thread-2] DEBUG com.mnc.udp.UDPServer - UDP-Server: Message-23-60 -> Message-23-60 (/127.0.0.1:49448)
21:20:57.170 [pool-1-thread-5] DEBUG com.mnc.udp.UDPServer - UDP-Server: Message-47-91
21:20:57.170 [pool-1-thread-4] DEBUG com.mnc.udp.UDPServer - UDP-Server: Message-14-41
21:20:57.170 [pool-1-thread-5] DEBUG com.mnc.udp.UDPServer - UDP-Server: Message-47-91 -> Message-47-91 (/127.0.0.1:49472)
21:20:57.170 [pool-1-thread-4] DEBUG com.mnc.udp.UDPServer - UDP-Server: Message-14-41 -> Message-14-41 (/127.0.0.1:49439)
21:20:57.170 [pool-1-thread-3] DEBUG com.mnc.udp.UDPServer - UDP-Server: Message-17-78
21:20:57.170 [pool-1-thread-2] DEBUG com.mnc.udp.UDPServer - UDP-Server: Message-83-68
21:20:57.170 [pool-1-thread-1] DEBUG com.mnc.udp.UDPServer - UDP-Server: Message-98-87
21:20:57.170 [pool-1-thread-3] DEBUG com.mnc.udp.UDPServer - UDP-Server: Message-17-78 -> Message-17-78 (/127.0.0.1:49442)
21:20:57.170 [pool-1-thread-1] DEBUG com.mnc.udp.UDPServer - UDP-Server: Message-98-87 -> Message-98-87 (/127.0.0.1:49523)
21:20:57.170 [pool-1-thread-2] DEBUG com.mnc.udp.UDPServer - UDP-Server: Message-83-68 -> Message-83-68 (/127.0.0.1:49508)
21:20:57.170 [pool-1-thread-5] DEBUG com.mnc.udp.UDPServer - UDP-Server: Message-23-61
21:20:57.170 [pool-1-thread-5] DEBUG com.mnc.udp.UDPServer - UDP-Server: Message-23-61 -> Message-23-61 (/127.0.0.1:49448)
21:20:57.170 [pool-1-thread-2] DEBUG com.mnc.udp.UDPServer - UDP-Server: Message-47-92
21:20:57.170 [pool-1-thread-2] DEBUG com.mnc.udp.UDPServer - UDP-Server: Message-47-92 -> Message-47-92 (/127.0.0.1:49472)
21:20:57.170 [pool-1-thread-3] DEBUG com.mnc.udp.UDPServer - UDP-Server: Message-14-42
21:20:57.170 [pool-1-thread-2] DEBUG com.mnc.udp.UDPServer - UDP-Server: Message-98-96
21:20:57.170 [pool-1-thread-3] DEBUG com.mnc.udp.UDPServer - UDP-Server: Message-14-42 -> Message-14-42 (/127.0.0.1:49439)
21:20:57.170 [pool-1-thread-1] DEBUG com.mnc.udp.UDPServer - UDP-Server: Message-17-79
21:20:57.170 [pool-1-thread-1] DEBUG com.mnc.udp.UDPServer - UDP-Server: Message-17-79 -> Message-17-79 (/127.0.0.1:49442)
21:20:57.170 [pool-1-thread-2] DEBUG com.mnc.udp.UDPServer - UDP-Server: Message-98-96 -> Message-98-96 (/127.0.0.1:49523)
21:20:57.170 [pool-1-thread-4] DEBUG com.mnc.udp.UDPServer - UDP-Server: Message-83-66
21:20:57.170 [pool-1-thread-5] DEBUG com.mnc.udp.UDPServer - UDP-Server: Message-23-59
21:20:57.170 [pool-1-thread-3] DEBUG com.mnc.udp.UDPServer - UDP-Server: Message-38-32
21:20:57.170 [pool-1-thread-1] DEBUG com.mnc.udp.UDPServer - UDP-Server: Message-47-8
21:20:57.170 [pool-1-thread-4] DEBUG com.mnc.udp.UDPServer - UDP-Server: Message-83-66 -> Message-83-66 (/127.0.0.1:49508)
21:20:57.170 [pool-1-thread-1] DEBUG com.mnc.udp.UDPServer - UDP-Server: Message-47-8 -> Message-47-8 (/127.0.0.1:49472)
21:20:57.170 [pool-1-thread-5] DEBUG com.mnc.udp.UDPServer - UDP-Server: Message-23-59 -> Message-23-59 (/127.0.0.1:49448)
21:20:57.170 [pool-1-thread-2] DEBUG com.mnc.udp.UDPServer - UDP-Server: Message-14-21
21:20:57.170 [pool-1-thread-3] DEBUG com.mnc.udp.UDPServer - UDP-Server: Message-38-32 -> Message-38-32 (/127.0.0.1:49463)
21:20:57.170 [pool-1-thread-4] DEBUG com.mnc.udp.UDPServer - UDP-Server: Message-17-80
21:20:57.170 [pool-1-thread-1] DEBUG com.mnc.udp.UDPServer - UDP-Server: Message-98-97
21:20:57.170 [pool-1-thread-2] DEBUG com.mnc.udp.UDPServer - UDP-Server: Message-14-21 -> Message-14-21 (/127.0.0.1:49439)
21:20:57.170 [pool-1-thread-1] DEBUG com.mnc.udp.UDPServer - UDP-Server: Message-98-97 -> Message-98-97 (/127.0.0.1:49523)
21:20:57.170 [pool-1-thread-4] DEBUG com.mnc.udp.UDPServer - UDP-Server: Message-17-80 -> Message-17-80 (/127.0.0.1:49442)
21:20:57.170 [pool-1-thread-5] DEBUG com.mnc.udp.UDPServer - UDP-Server: Message-83-67
21:20:57.170 [pool-1-thread-4] DEBUG com.mnc.udp.UDPServer - UDP-Server: Message-38-33
21:20:57.170 [pool-1-thread-3] DEBUG com.mnc.udp.UDPServer - UDP-Server: Message-47-88
21:20:57.170 [pool-1-thread-4] DEBUG com.mnc.udp.UDPServer - UDP-Server: Message-38-33 -> Message-38-33 (/127.0.0.1:49463)
21:20:57.170 [pool-1-thread-2] DEBUG com.mnc.udp.UDPServer - UDP-Server: Message-23-53
21:20:57.170 [pool-1-thread-1] DEBUG com.mnc.udp.UDPServer - UDP-Server: Message-14-22
21:20:57.170 [pool-1-thread-5] DEBUG com.mnc.udp.UDPServer - UDP-Server: Message-83-67 -> Message-83-67 (/127.0.0.1:49508)
21:20:57.170 [pool-1-thread-4] DEBUG com.mnc.udp.UDPServer - UDP-Server: Message-98-44
21:20:57.170 [pool-1-thread-4] DEBUG com.mnc.udp.UDPServer - UDP-Server: Message-98-44 -> Message-98-44 (/127.0.0.1:49523)
21:20:57.170 [pool-1-thread-3] DEBUG com.mnc.udp.UDPServer - UDP-Server: Message-47-88 -> Message-47-88 (/127.0.0.1:49472)
21:20:57.170 [pool-1-thread-1] DEBUG com.mnc.udp.UDPServer - UDP-Server: Message-14-22 -> Message-14-22 (/127.0.0.1:49439)
21:20:57.170 [pool-1-thread-4] DEBUG com.mnc.udp.UDPServer - UDP-Server: Message-38-31
21:20:57.170 [pool-1-thread-2] DEBUG com.mnc.udp.UDPServer - UDP-Server: Message-23-53 -> Message-23-53 (/127.0.0.1:49448)
21:20:57.170 [pool-1-thread-5] DEBUG com.mnc.udp.UDPServer - UDP-Server: Message-17-76
21:20:57.170 [pool-1-thread-4] DEBUG com.mnc.udp.UDPServer - UDP-Server: Message-38-31 -> Message-38-31 (/127.0.0.1:49463)
21:20:57.171 [pool-1-thread-5] DEBUG com.mnc.udp.UDPServer - UDP-Server: Message-17-76 -> Message-17-76 (/127.0.0.1:49442)
21:20:57.171 [pool-1-thread-1] DEBUG com.mnc.udp.UDPServer - UDP-Server: Message-98-45
21:20:57.171 [pool-1-thread-3] DEBUG com.mnc.udp.UDPServer - UDP-Server: Message-23-54
21:20:57.171 [pool-1-thread-2] DEBUG com.mnc.udp.UDPServer - UDP-Server: Message-47-89
21:20:57.171 [pool-1-thread-4] DEBUG com.mnc.udp.UDPServer - UDP-Server: Message-14-38
21:20:57.171 [pool-1-thread-1] DEBUG com.mnc.udp.UDPServer - UDP-Server: Message-98-45 -> Message-98-45 (/127.0.0.1:49523)
21:20:57.171 [pool-1-thread-4] DEBUG com.mnc.udp.UDPServer - UDP-Server: Message-14-38 -> Message-14-38 (/127.0.0.1:49439)
21:20:57.171 [pool-1-thread-3] DEBUG com.mnc.udp.UDPServer - UDP-Server: Message-23-54 -> Message-23-54 (/127.0.0.1:49448)
21:20:57.171 [pool-1-thread-2] DEBUG com.mnc.udp.UDPServer - UDP-Server: Message-47-89 -> Message-47-89 (/127.0.0.1:49472)
21:20:57.171 [pool-1-thread-4] DEBUG com.mnc.udp.UDPServer - UDP-Server: Message-38-90
21:20:57.171 [pool-1-thread-4] DEBUG com.mnc.udp.UDPServer - UDP-Server: Message-38-90 -> Message-38-90 (/127.0.0.1:49463)
21:20:57.171 [pool-1-thread-5] DEBUG com.mnc.udp.UDPServer - UDP-Server: Message-17-77
21:20:57.171 [pool-1-thread-5] DEBUG com.mnc.udp.UDPServer - UDP-Server: Message-17-77 -> Message-17-77 (/127.0.0.1:49442)
21:20:57.171 [pool-1-thread-5] DEBUG com.mnc.udp.UDPServer - UDP-Server: Message-98-43
21:20:57.171 [pool-1-thread-5] DEBUG com.mnc.udp.UDPServer - UDP-Server: Message-98-43 -> Message-98-43 (/127.0.0.1:49523)
21:20:57.171 [pool-1-thread-3] DEBUG com.mnc.udp.UDPServer - UDP-Server: Message-14-39
21:20:57.171 [pool-1-thread-3] DEBUG com.mnc.udp.UDPServer - UDP-Server: Message-14-39 -> Message-14-39 (/127.0.0.1:49439)
21:20:57.171 [pool-1-thread-2] DEBUG com.mnc.udp.UDPServer - UDP-Server: Message-23-55
21:20:57.171 [pool-1-thread-3] DEBUG com.mnc.udp.UDPServer - UDP-Server: Message-47-87
21:20:57.171 [pool-1-thread-1] DEBUG com.mnc.udp.UDPServer - UDP-Server: Message-38-35
21:20:57.171 [pool-1-thread-5] DEBUG com.mnc.udp.UDPServer - UDP-Server: Message-17-75
21:20:57.171 [pool-1-thread-2] DEBUG com.mnc.udp.UDPServer - UDP-Server: Message-23-55 -> Message-23-55 (/127.0.0.1:49448)
21:20:57.171 [pool-1-thread-4] DEBUG com.mnc.udp.UDPServer - UDP-Server: Message-98-98
21:20:57.171 [pool-1-thread-3] DEBUG com.mnc.udp.UDPServer - UDP-Server: Message-47-87 -> Message-47-87 (/127.0.0.1:49472)
21:20:57.171 [pool-1-thread-5] DEBUG com.mnc.udp.UDPServer - UDP-Server: Message-17-75 -> Message-17-75 (/127.0.0.1:49442)
21:20:57.171 [pool-1-thread-1] DEBUG com.mnc.udp.UDPServer - UDP-Server: Message-38-35 -> Message-38-35 (/127.0.0.1:49463)
21:20:57.171 [pool-1-thread-4] DEBUG com.mnc.udp.UDPServer - UDP-Server: Message-98-98 -> Message-98-98 (/127.0.0.1:49523)
21:20:57.171 [pool-1-thread-2] DEBUG com.mnc.udp.UDPServer - UDP-Server: Message-14-23
21:20:57.171 [pool-1-thread-1] DEBUG com.mnc.udp.UDPServer - UDP-Server: Message-23-51
21:20:57.171 [pool-1-thread-2] DEBUG com.mnc.udp.UDPServer - UDP-Server: Message-14-23 -> Message-14-23 (/127.0.0.1:49439)
21:20:57.171 [pool-1-thread-1] DEBUG com.mnc.udp.UDPServer - UDP-Server: Message-23-51 -> Message-23-51 (/127.0.0.1:49448)
21:20:57.171 [pool-1-thread-2] DEBUG com.mnc.udp.UDPServer - UDP-Server: Message-47-96
21:20:57.171 [pool-1-thread-2] DEBUG com.mnc.udp.UDPServer - UDP-Server: Message-47-96 -> Message-47-96 (/127.0.0.1:49472)
21:20:57.171 [pool-1-thread-4] DEBUG com.mnc.udp.UDPServer - UDP-Server: Message-38-36
21:20:57.171 [pool-1-thread-4] DEBUG com.mnc.udp.UDPServer - UDP-Server: Message-38-36 -> Message-38-36 (/127.0.0.1:49463)
21:20:57.171 [pool-1-thread-3] DEBUG com.mnc.udp.UDPServer - UDP-Server: Message-98-99
21:20:57.171 [pool-1-thread-3] DEBUG com.mnc.udp.UDPServer - UDP-Server: Message-98-99 -> Message-98-99 (/127.0.0.1:49523)
21:20:57.171 [pool-1-thread-3] DEBUG com.mnc.udp.UDPServer - UDP-Server: Message-23-52
21:20:57.171 [pool-1-thread-3] DEBUG com.mnc.udp.UDPServer - UDP-Server: Message-23-52 -> Message-23-52 (/127.0.0.1:49448)
21:20:57.171 [pool-1-thread-1] DEBUG com.mnc.udp.UDPServer - UDP-Server: Message-14-24
21:20:57.171 [pool-1-thread-1] DEBUG com.mnc.udp.UDPServer - UDP-Server: Message-14-24 -> Message-14-24 (/127.0.0.1:49439)
21:20:57.171 [pool-1-thread-2] DEBUG com.mnc.udp.UDPServer - UDP-Server: Message-47-97
21:20:57.171 [pool-1-thread-4] DEBUG com.mnc.udp.UDPServer - UDP-Server: Message-38-34
21:20:57.171 [pool-1-thread-2] DEBUG com.mnc.udp.UDPServer - UDP-Server: Message-47-97 -> Message-47-97 (/127.0.0.1:49472)
21:20:57.171 [pool-1-thread-4] DEBUG com.mnc.udp.UDPServer - UDP-Server: Message-38-34 -> Message-38-34 (/127.0.0.1:49463)
21:20:57.171 [pool-1-thread-2] DEBUG com.mnc.udp.UDPServer - UDP-Server: Message-98-48
21:20:57.171 [pool-1-thread-2] DEBUG com.mnc.udp.UDPServer - UDP-Server: Message-98-48 -> Message-98-48 (/127.0.0.1:49523)
21:20:57.171 [pool-1-thread-3] DEBUG com.mnc.udp.UDPServer - UDP-Server: Message-23-50
21:20:57.171 [pool-1-thread-3] DEBUG com.mnc.udp.UDPServer - UDP-Server: Message-23-50 -> Message-23-50 (/127.0.0.1:49448)
21:20:57.171 [pool-1-thread-1] DEBUG com.mnc.udp.UDPServer - UDP-Server: Message-14-19
21:20:57.171 [pool-1-thread-5] DEBUG com.mnc.udp.UDPServer - UDP-Server: Message-47-24
21:20:57.171 [pool-1-thread-4] DEBUG com.mnc.udp.UDPServer - UDP-Server: Message-38-28
21:20:57.171 [pool-1-thread-1] DEBUG com.mnc.udp.UDPServer - UDP-Server: Message-14-19 -> Message-14-19 (/127.0.0.1:49439)
21:20:57.171 [pool-1-thread-5] DEBUG com.mnc.udp.UDPServer - UDP-Server: Message-47-24 -> Message-47-24 (/127.0.0.1:49472)
21:20:57.171 [pool-1-thread-4] DEBUG com.mnc.udp.UDPServer - UDP-Server: Message-38-28 -> Message-38-28 (/127.0.0.1:49463)
21:20:57.171 [pool-1-thread-5] DEBUG com.mnc.udp.UDPServer - UDP-Server: Message-23-71
21:20:57.171 [pool-1-thread-5] DEBUG com.mnc.udp.UDPServer - UDP-Server: Message-23-71 -> Message-23-71 (/127.0.0.1:49448)
21:20:57.171 [pool-1-thread-2] DEBUG com.mnc.udp.UDPServer - UDP-Server: Message-98-49
21:20:57.171 [pool-1-thread-2] DEBUG com.mnc.udp.UDPServer - UDP-Server: Message-98-49 -> Message-98-49 (/127.0.0.1:49523)
21:20:57.171 [pool-1-thread-1] DEBUG com.mnc.udp.UDPServer - UDP-Server: Message-14-20
21:20:57.171 [pool-1-thread-1] DEBUG com.mnc.udp.UDPServer - UDP-Server: Message-14-20 -> Message-14-20 (/127.0.0.1:49439)
21:20:57.171 [pool-1-thread-2] DEBUG com.mnc.udp.UDPServer - UDP-Server: Message-47-98
21:20:57.171 [pool-1-thread-4] DEBUG com.mnc.udp.UDPServer - UDP-Server: Message-38-29
21:20:57.171 [pool-1-thread-2] DEBUG com.mnc.udp.UDPServer - UDP-Server: Message-47-98 -> Message-47-98 (/127.0.0.1:49472)
21:20:57.171 [pool-1-thread-1] DEBUG com.mnc.udp.UDPServer - UDP-Server: Message-23-72
21:20:57.171 [pool-1-thread-1] DEBUG com.mnc.udp.UDPServer - UDP-Server: Message-23-72 -> Message-23-72 (/127.0.0.1:49448)
21:20:57.171 [pool-1-thread-4] DEBUG com.mnc.udp.UDPServer - UDP-Server: Message-38-29 -> Message-38-29 (/127.0.0.1:49463)
21:20:57.171 [pool-1-thread-2] DEBUG com.mnc.udp.UDPServer - UDP-Server: Message-98-46
21:20:57.171 [pool-1-thread-2] DEBUG com.mnc.udp.UDPServer - UDP-Server: Message-98-46 -> Message-98-46 (/127.0.0.1:49523)
21:20:57.172 [pool-1-thread-5] DEBUG com.mnc.udp.UDPServer - UDP-Server: Message-14-18
21:20:57.172 [pool-1-thread-1] DEBUG com.mnc.udp.UDPServer - UDP-Server: Message-23-73
21:20:57.172 [pool-1-thread-3] DEBUG com.mnc.udp.UDPServer - UDP-Server: Message-47-99
21:20:57.172 [pool-1-thread-4] DEBUG com.mnc.udp.UDPServer - UDP-Server: Message-38-30
21:20:57.172 [pool-1-thread-4] DEBUG com.mnc.udp.UDPServer - UDP-Server: Message-38-30 -> Message-38-30 (/127.0.0.1:49463)
21:20:57.172 [pool-1-thread-2] DEBUG com.mnc.udp.UDPServer - UDP-Server: Message-98-47
21:20:57.172 [pool-1-thread-5] DEBUG com.mnc.udp.UDPServer - UDP-Server: Message-14-18 -> Message-14-18 (/127.0.0.1:49439)
21:20:57.172 [pool-1-thread-2] DEBUG com.mnc.udp.UDPServer - UDP-Server: Message-98-47 -> Message-98-47 (/127.0.0.1:49523)
21:20:57.172 [pool-1-thread-1] DEBUG com.mnc.udp.UDPServer - UDP-Server: Message-23-73 -> Message-23-73 (/127.0.0.1:49448)
21:20:57.172 [pool-1-thread-3] DEBUG com.mnc.udp.UDPServer - UDP-Server: Message-47-99 -> Message-47-99 (/127.0.0.1:49472)
21:20:57.172 [pool-1-thread-4] DEBUG com.mnc.udp.UDPServer - UDP-Server: Message-38-26
21:20:57.172 [pool-1-thread-4] DEBUG com.mnc.udp.UDPServer - UDP-Server: Message-38-26 -> Message-38-26 (/127.0.0.1:49463)
21:20:57.172 [pool-1-thread-5] DEBUG com.mnc.udp.UDPServer - UDP-Server: Message-14-37
21:20:57.172 [pool-1-thread-5] DEBUG com.mnc.udp.UDPServer - UDP-Server: Message-14-37 -> Message-14-37 (/127.0.0.1:49439)
21:20:57.172 [pool-1-thread-4] DEBUG com.mnc.udp.UDPServer - UDP-Server: Message-47-94
21:20:57.172 [pool-1-thread-3] DEBUG com.mnc.udp.UDPServer - UDP-Server: Message-23-74
21:20:57.172 [pool-1-thread-4] DEBUG com.mnc.udp.UDPServer - UDP-Server: Message-47-94 -> Message-47-94 (/127.0.0.1:49472)
21:20:57.172 [pool-1-thread-3] DEBUG com.mnc.udp.UDPServer - UDP-Server: Message-23-74 -> Message-23-74 (/127.0.0.1:49448)
21:20:57.172 [pool-1-thread-2] DEBUG com.mnc.udp.UDPServer - UDP-Server: Message-98-40
21:20:57.172 [pool-1-thread-2] DEBUG com.mnc.udp.UDPServer - UDP-Server: Message-98-40 -> Message-98-40 (/127.0.0.1:49523)
21:20:57.172 [pool-1-thread-2] DEBUG com.mnc.udp.UDPServer - UDP-Server: Message-38-91
21:20:57.172 [pool-1-thread-2] DEBUG com.mnc.udp.UDPServer - UDP-Server: Message-38-91 -> Message-38-91 (/127.0.0.1:49463)
21:20:57.172 [pool-1-thread-5] DEBUG com.mnc.udp.UDPServer - UDP-Server: Message-14-7
21:20:57.172 [pool-1-thread-5] DEBUG com.mnc.udp.UDPServer - UDP-Server: Message-14-7 -> Message-14-7 (/127.0.0.1:49439)
21:20:57.172 [pool-1-thread-2] DEBUG com.mnc.udp.UDPServer - UDP-Server: Message-47-57
21:20:57.172 [pool-1-thread-5] DEBUG com.mnc.udp.UDPServer - UDP-Server: Message-23-69
21:20:57.172 [pool-1-thread-5] DEBUG com.mnc.udp.UDPServer - UDP-Server: Message-23-69 -> Message-23-69 (/127.0.0.1:49448)
21:20:57.172 [pool-1-thread-2] DEBUG com.mnc.udp.UDPServer - UDP-Server: Message-47-57 -> Message-47-57 (/127.0.0.1:49472)
21:20:57.172 [pool-1-thread-1] DEBUG com.mnc.udp.UDPServer - UDP-Server: Message-98-94
21:20:57.172 [pool-1-thread-4] DEBUG com.mnc.udp.UDPServer - UDP-Server: Message-38-92
21:20:57.172 [pool-1-thread-1] DEBUG com.mnc.udp.UDPServer - UDP-Server: Message-98-94 -> Message-98-94 (/127.0.0.1:49523)
21:20:57.172 [pool-1-thread-4] DEBUG com.mnc.udp.UDPServer - UDP-Server: Message-38-92 -> Message-38-92 (/127.0.0.1:49463)
21:20:57.172 [pool-1-thread-3] DEBUG com.mnc.udp.UDPServer - UDP-Server: Message-14-8
21:20:57.172 [pool-1-thread-3] DEBUG com.mnc.udp.UDPServer - UDP-Server: Message-14-8 -> Message-14-8 (/127.0.0.1:49439)
21:20:57.172 [pool-1-thread-5] DEBUG com.mnc.udp.UDPServer - UDP-Server: Message-23-70
21:20:57.172 [pool-1-thread-5] DEBUG com.mnc.udp.UDPServer - UDP-Server: Message-23-70 -> Message-23-70 (/127.0.0.1:49448)
21:20:57.172 [pool-1-thread-1] DEBUG com.mnc.udp.UDPServer - UDP-Server: Message-98-95
21:20:57.172 [pool-1-thread-1] DEBUG com.mnc.udp.UDPServer - UDP-Server: Message-98-95 -> Message-98-95 (/127.0.0.1:49523)
21:20:57.172 [pool-1-thread-4] DEBUG com.mnc.udp.UDPServer - UDP-Server: Message-38-27
21:20:57.172 [pool-1-thread-2] DEBUG com.mnc.udp.UDPServer - UDP-Server: Message-47-58
21:20:57.172 [pool-1-thread-4] DEBUG com.mnc.udp.UDPServer - UDP-Server: Message-38-27 -> Message-38-27 (/127.0.0.1:49463)
21:20:57.172 [pool-1-thread-1] DEBUG com.mnc.udp.UDPServer - UDP-Server: Message-14-6
21:20:57.172 [pool-1-thread-2] DEBUG com.mnc.udp.UDPServer - UDP-Server: Message-47-58 -> Message-47-58 (/127.0.0.1:49472)
21:20:57.172 [pool-1-thread-4] DEBUG com.mnc.udp.UDPServer - UDP-Server: Message-23-68
21:20:57.172 [pool-1-thread-1] DEBUG com.mnc.udp.UDPServer - UDP-Server: Message-14-6 -> Message-14-6 (/127.0.0.1:49439)
21:20:57.172 [pool-1-thread-4] DEBUG com.mnc.udp.UDPServer - UDP-Server: Message-23-68 -> Message-23-68 (/127.0.0.1:49448)
21:20:57.172 [pool-1-thread-4] DEBUG com.mnc.udp.UDPServer - UDP-Server: Message-98-41
21:20:57.172 [pool-1-thread-4] DEBUG com.mnc.udp.UDPServer - UDP-Server: Message-98-41 -> Message-98-41 (/127.0.0.1:49523)
21:20:57.172 [pool-1-thread-5] DEBUG com.mnc.udp.UDPServer - UDP-Server: Message-38-88
21:20:57.172 [pool-1-thread-5] DEBUG com.mnc.udp.UDPServer - UDP-Server: Message-38-88 -> Message-38-88 (/127.0.0.1:49463)
21:20:57.172 [pool-1-thread-2] DEBUG com.mnc.udp.UDPServer - UDP-Server: Message-47-6
21:20:57.172 [pool-1-thread-1] DEBUG com.mnc.udp.UDPServer - UDP-Server: Message-14-10
21:20:57.172 [pool-1-thread-2] DEBUG com.mnc.udp.UDPServer - UDP-Server: Message-47-6 -> Message-47-6 (/127.0.0.1:49472)
21:20:57.172 [pool-1-thread-1] DEBUG com.mnc.udp.UDPServer - UDP-Server: Message-14-10 -> Message-14-10 (/127.0.0.1:49439)
21:20:57.172 [pool-1-thread-3] DEBUG com.mnc.udp.UDPServer - UDP-Server: Message-23-63
21:20:57.172 [pool-1-thread-1] DEBUG com.mnc.udp.UDPServer - UDP-Server: Message-38-89
21:20:57.172 [pool-1-thread-2] DEBUG com.mnc.udp.UDPServer - UDP-Server: Message-98-42
21:20:57.172 [pool-1-thread-1] DEBUG com.mnc.udp.UDPServer - UDP-Server: Message-38-89 -> Message-38-89 (/127.0.0.1:49463)
21:20:57.172 [pool-1-thread-3] DEBUG com.mnc.udp.UDPServer - UDP-Server: Message-23-63 -> Message-23-63 (/127.0.0.1:49448)
21:20:57.172 [pool-1-thread-2] DEBUG com.mnc.udp.UDPServer - UDP-Server: Message-98-42 -> Message-98-42 (/127.0.0.1:49523)
21:20:57.172 [pool-1-thread-2] DEBUG com.mnc.udp.UDPServer - UDP-Server: Message-47-56
21:20:57.172 [pool-1-thread-5] DEBUG com.mnc.udp.UDPServer - UDP-Server: Message-14-11
21:20:57.172 [pool-1-thread-1] DEBUG com.mnc.udp.UDPServer - UDP-Server: Message-38-87
21:20:57.172 [pool-1-thread-3] DEBUG com.mnc.udp.UDPServer - UDP-Server: Message-23-64
21:20:57.172 [pool-1-thread-1] DEBUG com.mnc.udp.UDPServer - UDP-Server: Message-38-87 -> Message-38-87 (/127.0.0.1:49463)
21:20:57.172 [pool-1-thread-3] DEBUG com.mnc.udp.UDPServer - UDP-Server: Message-23-64 -> Message-23-64 (/127.0.0.1:49448)
21:20:57.172 [pool-1-thread-2] DEBUG com.mnc.udp.UDPServer - UDP-Server: Message-47-56 -> Message-47-56 (/127.0.0.1:49472)
21:20:57.172 [pool-1-thread-5] DEBUG com.mnc.udp.UDPServer - UDP-Server: Message-14-11 -> Message-14-11 (/127.0.0.1:49439)
21:20:57.172 [pool-1-thread-4] DEBUG com.mnc.udp.UDPServer - UDP-Server: Message-98-38
21:20:57.172 [pool-1-thread-4] DEBUG com.mnc.udp.UDPServer - UDP-Server: Message-98-38 -> Message-98-38 (/127.0.0.1:49523)
21:20:57.172 [pool-1-thread-1] DEBUG com.mnc.udp.UDPServer - UDP-Server: Message-38-25
21:20:57.172 [pool-1-thread-3] DEBUG com.mnc.udp.UDPServer - UDP-Server: Message-23-62
21:20:57.172 [pool-1-thread-5] DEBUG com.mnc.udp.UDPServer - UDP-Server: Message-14-9
21:20:57.172 [pool-1-thread-3] DEBUG com.mnc.udp.UDPServer - UDP-Server: Message-23-62 -> Message-23-62 (/127.0.0.1:49448)
21:20:57.172 [pool-1-thread-2] DEBUG com.mnc.udp.UDPServer - UDP-Server: Message-47-95
21:20:57.172 [pool-1-thread-1] DEBUG com.mnc.udp.UDPServer - UDP-Server: Message-38-25 -> Message-38-25 (/127.0.0.1:49463)
21:20:57.172 [pool-1-thread-5] DEBUG com.mnc.udp.UDPServer - UDP-Server: Message-14-9 -> Message-14-9 (/127.0.0.1:49439)
21:20:57.172 [pool-1-thread-2] DEBUG com.mnc.udp.UDPServer - UDP-Server: Message-47-95 -> Message-47-95 (/127.0.0.1:49472)
21:20:57.172 [pool-1-thread-4] DEBUG com.mnc.udp.UDPServer - UDP-Server: Message-98-39
21:20:57.172 [pool-1-thread-4] DEBUG com.mnc.udp.UDPServer - UDP-Server: Message-98-39 -> Message-98-39 (/127.0.0.1:49523)
21:20:57.172 [pool-1-thread-4] DEBUG com.mnc.udp.UDPServer - UDP-Server: Message-23-66
21:20:57.172 [pool-1-thread-4] DEBUG com.mnc.udp.UDPServer - UDP-Server: Message-23-66 -> Message-23-66 (/127.0.0.1:49448)
21:20:57.173 [pool-1-thread-1] DEBUG com.mnc.udp.UDPServer - UDP-Server: Message-38-96
21:20:57.173 [pool-1-thread-2] DEBUG com.mnc.udp.UDPServer - UDP-Server: Message-47-19
21:20:57.173 [pool-1-thread-1] DEBUG com.mnc.udp.UDPServer - UDP-Server: Message-38-96 -> Message-38-96 (/127.0.0.1:49463)
21:20:57.173 [pool-1-thread-5] DEBUG com.mnc.udp.UDPServer - UDP-Server: Message-14-3
21:20:57.173 [pool-1-thread-3] DEBUG com.mnc.udp.UDPServer - UDP-Server: Message-98-37
21:20:57.173 [pool-1-thread-1] DEBUG com.mnc.udp.UDPServer - UDP-Server: Message-23-67
21:20:57.173 [pool-1-thread-2] DEBUG com.mnc.udp.UDPServer - UDP-Server: Message-47-19 -> Message-47-19 (/127.0.0.1:49472)
21:20:57.173 [pool-1-thread-1] DEBUG com.mnc.udp.UDPServer - UDP-Server: Message-23-67 -> Message-23-67 (/127.0.0.1:49448)
21:20:57.173 [pool-1-thread-5] DEBUG com.mnc.udp.UDPServer - UDP-Server: Message-14-3 -> Message-14-3 (/127.0.0.1:49439)
21:20:57.173 [pool-1-thread-3] DEBUG com.mnc.udp.UDPServer - UDP-Server: Message-98-37 -> Message-98-37 (/127.0.0.1:49523)
21:20:57.173 [pool-1-thread-5] DEBUG com.mnc.udp.UDPServer - UDP-Server: Message-38-97
21:20:57.173 [pool-1-thread-5] DEBUG com.mnc.udp.UDPServer - UDP-Server: Message-38-97 -> Message-38-97 (/127.0.0.1:49463)
21:20:57.173 [pool-1-thread-2] DEBUG com.mnc.udp.UDPServer - UDP-Server: Message-47-20
21:20:57.173 [pool-1-thread-2] DEBUG com.mnc.udp.UDPServer - UDP-Server: Message-47-20 -> Message-47-20 (/127.0.0.1:49472)
21:20:57.173 [pool-1-thread-1] DEBUG com.mnc.udp.UDPServer - UDP-Server: Message-14-4
21:20:57.173 [pool-1-thread-1] DEBUG com.mnc.udp.UDPServer - UDP-Server: Message-14-4 -> Message-14-4 (/127.0.0.1:49439)
21:20:57.173 [pool-1-thread-4] DEBUG com.mnc.udp.UDPServer - UDP-Server: Message-98-57
21:20:57.173 [pool-1-thread-3] DEBUG com.mnc.udp.UDPServer - UDP-Server: Message-19-32
21:20:57.173 [pool-1-thread-3] DEBUG com.mnc.udp.UDPServer - UDP-Server: Message-19-32 -> Message-19-32 (/127.0.0.1:49444)
21:20:57.173 [pool-1-thread-5] DEBUG com.mnc.udp.UDPServer - UDP-Server: Message-38-98
21:20:57.173 [pool-1-thread-2] DEBUG com.mnc.udp.UDPServer - UDP-Server: Message-47-18
21:20:57.173 [pool-1-thread-3] DEBUG com.mnc.udp.UDPServer - UDP-Server: Message-14-5
21:20:57.173 [pool-1-thread-4] DEBUG com.mnc.udp.UDPServer - UDP-Server: Message-98-57 -> Message-98-57 (/127.0.0.1:49523)
21:20:57.173 [pool-1-thread-5] DEBUG com.mnc.udp.UDPServer - UDP-Server: Message-38-98 -> Message-38-98 (/127.0.0.1:49463)
21:20:57.173 [pool-1-thread-2] DEBUG com.mnc.udp.UDPServer - UDP-Server: Message-47-18 -> Message-47-18 (/127.0.0.1:49472)
21:20:57.173 [pool-1-thread-3] DEBUG com.mnc.udp.UDPServer - UDP-Server: Message-14-5 -> Message-14-5 (/127.0.0.1:49439)
21:20:57.173 [pool-1-thread-5] DEBUG com.mnc.udp.UDPServer - UDP-Server: Message-19-33
21:20:57.173 [pool-1-thread-5] DEBUG com.mnc.udp.UDPServer - UDP-Server: Message-19-33 -> Message-19-33 (/127.0.0.1:49444)
21:20:57.173 [pool-1-thread-4] DEBUG com.mnc.udp.UDPServer - UDP-Server: Message-98-58
21:20:57.173 [pool-1-thread-1] DEBUG com.mnc.udp.UDPServer - UDP-Server: Message-38-99
21:20:57.173 [pool-1-thread-4] DEBUG com.mnc.udp.UDPServer - UDP-Server: Message-98-58 -> Message-98-58 (/127.0.0.1:49523)
21:20:57.173 [pool-1-thread-1] DEBUG com.mnc.udp.UDPServer - UDP-Server: Message-38-99 -> Message-38-99 (/127.0.0.1:49463)
21:20:57.173 [pool-1-thread-2] DEBUG com.mnc.udp.UDPServer - UDP-Server: Message-47-93
21:20:57.173 [pool-1-thread-1] DEBUG com.mnc.udp.UDPServer - UDP-Server: Message-19-31
21:20:57.173 [pool-1-thread-2] DEBUG com.mnc.udp.UDPServer - UDP-Server: Message-47-93 -> Message-47-93 (/127.0.0.1:49472)
21:20:57.173 [pool-1-thread-5] DEBUG com.mnc.udp.UDPServer - UDP-Server: Message-14-1
21:20:57.173 [pool-1-thread-3] DEBUG com.mnc.udp.UDPServer - UDP-Server: Message-38-94
21:20:57.173 [pool-1-thread-5] DEBUG com.mnc.udp.UDPServer - UDP-Server: Message-14-1 -> Message-14-1 (/127.0.0.1:49439)
21:20:57.173 [pool-1-thread-1] DEBUG com.mnc.udp.UDPServer - UDP-Server: Message-19-31 -> Message-19-31 (/127.0.0.1:49444)
21:20:57.173 [pool-1-thread-4] DEBUG com.mnc.udp.UDPServer - UDP-Server: Message-98-15
21:20:57.173 [pool-1-thread-3] DEBUG com.mnc.udp.UDPServer - UDP-Server: Message-38-94 -> Message-38-94 (/127.0.0.1:49463)
21:20:57.173 [pool-1-thread-4] DEBUG com.mnc.udp.UDPServer - UDP-Server: Message-98-15 -> Message-98-15 (/127.0.0.1:49523)
21:20:57.173 [pool-1-thread-2] DEBUG com.mnc.udp.UDPServer - UDP-Server: Message-47-60
21:20:57.173 [pool-1-thread-2] DEBUG com.mnc.udp.UDPServer - UDP-Server: Message-47-60 -> Message-47-60 (/127.0.0.1:49472)
21:20:57.173 [pool-1-thread-4] DEBUG com.mnc.udp.UDPServer - UDP-Server: Message-19-35
21:20:57.173 [pool-1-thread-1] DEBUG com.mnc.udp.UDPServer - UDP-Server: Message-14-2
21:20:57.173 [pool-1-thread-4] DEBUG com.mnc.udp.UDPServer - UDP-Server: Message-19-35 -> Message-19-35 (/127.0.0.1:49444)
21:20:57.173 [pool-1-thread-1] DEBUG com.mnc.udp.UDPServer - UDP-Server: Message-14-2 -> Message-14-2 (/127.0.0.1:49439)
21:20:57.173 [pool-1-thread-3] DEBUG com.mnc.udp.UDPServer - UDP-Server: Message-38-95
21:20:57.173 [pool-1-thread-4] DEBUG com.mnc.udp.UDPServer - UDP-Server: Message-98-93
21:20:57.173 [pool-1-thread-3] DEBUG com.mnc.udp.UDPServer - UDP-Server: Message-38-95 -> Message-38-95 (/127.0.0.1:49463)
21:20:57.173 [pool-1-thread-4] DEBUG com.mnc.udp.UDPServer - UDP-Server: Message-98-93 -> Message-98-93 (/127.0.0.1:49523)
21:20:57.173 [pool-1-thread-2] DEBUG com.mnc.udp.UDPServer - UDP-Server: Message-47-61
21:20:57.173 [pool-1-thread-2] DEBUG com.mnc.udp.UDPServer - UDP-Server: Message-47-61 -> Message-47-61 (/127.0.0.1:49472)
21:20:57.173 [pool-1-thread-1] DEBUG com.mnc.udp.UDPServer - UDP-Server: Message-19-36
21:20:57.173 [pool-1-thread-4] DEBUG com.mnc.udp.UDPServer - UDP-Server: Message-14-0
21:20:57.173 [pool-1-thread-1] DEBUG com.mnc.udp.UDPServer - UDP-Server: Message-19-36 -> Message-19-36 (/127.0.0.1:49444)
21:20:57.173 [pool-1-thread-4] DEBUG com.mnc.udp.UDPServer - UDP-Server: Message-14-0 -> Message-14-0 (/127.0.0.1:49439)
21:20:57.173 [pool-1-thread-3] DEBUG com.mnc.udp.UDPServer - UDP-Server: Message-38-44
21:20:57.173 [pool-1-thread-3] DEBUG com.mnc.udp.UDPServer - UDP-Server: Message-38-44 -> Message-38-44 (/127.0.0.1:49463)
21:20:57.173 [pool-1-thread-2] DEBUG com.mnc.udp.UDPServer - UDP-Server: Message-98-82
21:20:57.173 [pool-1-thread-2] DEBUG com.mnc.udp.UDPServer - UDP-Server: Message-98-82 -> Message-98-82 (/127.0.0.1:49523)
21:20:57.173 [pool-1-thread-5] DEBUG com.mnc.udp.UDPServer - UDP-Server: Message-47-59
21:20:57.173 [pool-1-thread-5] DEBUG com.mnc.udp.UDPServer - UDP-Server: Message-47-59 -> Message-47-59 (/127.0.0.1:49472)
21:20:57.173 [pool-1-thread-1] DEBUG com.mnc.udp.UDPServer - UDP-Server: Message-19-34
21:20:57.173 [pool-1-thread-1] DEBUG com.mnc.udp.UDPServer - UDP-Server: Message-19-34 -> Message-19-34 (/127.0.0.1:49444)
21:20:57.173 [pool-1-thread-2] DEBUG com.mnc.udp.UDPServer - UDP-Server: Message-98-83
21:20:57.173 [pool-1-thread-4] DEBUG com.mnc.udp.UDPServer - UDP-Server: Message-38-45
21:20:57.173 [pool-1-thread-2] DEBUG com.mnc.udp.UDPServer - UDP-Server: Message-98-83 -> Message-98-83 (/127.0.0.1:49523)
21:20:57.173 [pool-1-thread-4] DEBUG com.mnc.udp.UDPServer - UDP-Server: Message-38-45 -> Message-38-45 (/127.0.0.1:49463)
21:20:57.173 [pool-1-thread-2] DEBUG com.mnc.udp.UDPServer - UDP-Server: Message-47-53
21:20:57.173 [pool-1-thread-2] DEBUG com.mnc.udp.UDPServer - UDP-Server: Message-47-53 -> Message-47-53 (/127.0.0.1:49472)
21:20:57.173 [pool-1-thread-5] DEBUG com.mnc.udp.UDPServer - UDP-Server: Message-19-28
21:20:57.173 [pool-1-thread-5] DEBUG com.mnc.udp.UDPServer - UDP-Server: Message-19-28 -> Message-19-28 (/127.0.0.1:49444)
21:20:57.173 [pool-1-thread-3] DEBUG com.mnc.udp.UDPServer - UDP-Server: Message-38-93
21:20:57.173 [pool-1-thread-5] DEBUG com.mnc.udp.UDPServer - UDP-Server: Message-47-54
21:20:57.173 [pool-1-thread-3] DEBUG com.mnc.udp.UDPServer - UDP-Server: Message-38-93 -> Message-38-93 (/127.0.0.1:49463)
21:20:57.174 [pool-1-thread-5] DEBUG com.mnc.udp.UDPServer - UDP-Server: Message-47-54 -> Message-47-54 (/127.0.0.1:49472)
21:20:57.173 [pool-1-thread-1] DEBUG com.mnc.udp.UDPServer - UDP-Server: Message-98-81
21:20:57.174 [pool-1-thread-3] DEBUG com.mnc.udp.UDPServer - UDP-Server: Message-19-29
21:20:57.174 [pool-1-thread-1] DEBUG com.mnc.udp.UDPServer - UDP-Server: Message-98-81 -> Message-98-81 (/127.0.0.1:49523)
21:20:57.174 [pool-1-thread-3] DEBUG com.mnc.udp.UDPServer - UDP-Server: Message-19-29 -> Message-19-29 (/127.0.0.1:49444)
21:20:57.174 [pool-1-thread-4] DEBUG com.mnc.udp.UDPServer - UDP-Server: Message-38-82
21:20:57.174 [pool-1-thread-4] DEBUG com.mnc.udp.UDPServer - UDP-Server: Message-38-82 -> Message-38-82 (/127.0.0.1:49463)
21:20:57.174 [pool-1-thread-2] DEBUG com.mnc.udp.UDPServer - UDP-Server: Message-47-55
21:20:57.174 [pool-1-thread-5] DEBUG com.mnc.udp.UDPServer - UDP-Server: Message-19-30
21:20:57.174 [pool-1-thread-4] DEBUG com.mnc.udp.UDPServer - UDP-Server: Message-98-16
21:20:57.174 [pool-1-thread-2] DEBUG com.mnc.udp.UDPServer - UDP-Server: Message-47-55 -> Message-47-55 (/127.0.0.1:49472)
21:20:57.174 [pool-1-thread-5] DEBUG com.mnc.udp.UDPServer - UDP-Server: Message-19-30 -> Message-19-30 (/127.0.0.1:49444)
21:20:57.174 [pool-1-thread-4] DEBUG com.mnc.udp.UDPServer - UDP-Server: Message-98-16 -> Message-98-16 (/127.0.0.1:49523)
21:20:57.174 [pool-1-thread-3] DEBUG com.mnc.udp.UDPServer - UDP-Server: Message-38-83
21:20:57.174 [pool-1-thread-3] DEBUG com.mnc.udp.UDPServer - UDP-Server: Message-38-83 -> Message-38-83 (/127.0.0.1:49463)
21:20:57.174 [pool-1-thread-1] DEBUG com.mnc.udp.UDPServer - UDP-Server: Message-47-10
21:20:57.174 [pool-1-thread-5] DEBUG com.mnc.udp.UDPServer - UDP-Server: Message-19-26
21:20:57.174 [pool-1-thread-1] DEBUG com.mnc.udp.UDPServer - UDP-Server: Message-47-10 -> Message-47-10 (/127.0.0.1:49472)
21:20:57.174 [pool-1-thread-2] DEBUG com.mnc.udp.UDPServer - UDP-Server: Message-98-17
21:20:57.174 [pool-1-thread-2] DEBUG com.mnc.udp.UDPServer - UDP-Server: Message-98-17 -> Message-98-17 (/127.0.0.1:49523)
21:20:57.174 [pool-1-thread-1] DEBUG com.mnc.udp.UDPServer - UDP-Server: Message-38-81
21:20:57.174 [pool-1-thread-5] DEBUG com.mnc.udp.UDPServer - UDP-Server: Message-19-26 -> Message-19-26 (/127.0.0.1:49444)
21:20:57.174 [pool-1-thread-1] DEBUG com.mnc.udp.UDPServer - UDP-Server: Message-38-81 -> Message-38-81 (/127.0.0.1:49463)
21:20:57.174 [pool-1-thread-3] DEBUG com.mnc.udp.UDPServer - UDP-Server: Message-47-11
21:20:57.174 [pool-1-thread-4] DEBUG com.mnc.udp.UDPServer - UDP-Server: Message-98-13
21:20:57.174 [pool-1-thread-4] DEBUG com.mnc.udp.UDPServer - UDP-Server: Message-98-13 -> Message-98-13 (/127.0.0.1:49523)
21:20:57.174 [pool-1-thread-3] DEBUG com.mnc.udp.UDPServer - UDP-Server: Message-47-11 -> Message-47-11 (/127.0.0.1:49472)
21:20:57.174 [pool-1-thread-5] DEBUG com.mnc.udp.UDPServer - UDP-Server: Message-38-43
21:20:57.174 [pool-1-thread-2] DEBUG com.mnc.udp.UDPServer - UDP-Server: Message-19-27
21:20:57.174 [pool-1-thread-5] DEBUG com.mnc.udp.UDPServer - UDP-Server: Message-38-43 -> Message-38-43 (/127.0.0.1:49463)
21:20:57.174 [pool-1-thread-2] DEBUG com.mnc.udp.UDPServer - UDP-Server: Message-19-27 -> Message-19-27 (/127.0.0.1:49444)
21:20:57.174 [pool-1-thread-1] DEBUG com.mnc.udp.UDPServer - UDP-Server: Message-98-14
21:20:57.174 [pool-1-thread-4] DEBUG com.mnc.udp.UDPServer - UDP-Server: Message-47-9
21:20:57.174 [pool-1-thread-4] DEBUG com.mnc.udp.UDPServer - UDP-Server: Message-47-9 -> Message-47-9 (/127.0.0.1:49472)
21:20:57.174 [pool-1-thread-3] DEBUG com.mnc.udp.UDPServer - UDP-Server: Message-38-85
21:20:57.174 [pool-1-thread-1] DEBUG com.mnc.udp.UDPServer - UDP-Server: Message-98-14 -> Message-98-14 (/127.0.0.1:49523)
21:20:57.174 [pool-1-thread-5] DEBUG com.mnc.udp.UDPServer - UDP-Server: Message-19-25
21:20:57.174 [pool-1-thread-3] DEBUG com.mnc.udp.UDPServer - UDP-Server: Message-38-85 -> Message-38-85 (/127.0.0.1:49463)
21:20:57.174 [pool-1-thread-5] DEBUG com.mnc.udp.UDPServer - UDP-Server: Message-19-25 -> Message-19-25 (/127.0.0.1:49444)
21:20:57.174 [pool-1-thread-2] DEBUG com.mnc.udp.UDPServer - UDP-Server: Message-47-51
21:20:57.174 [pool-1-thread-4] DEBUG com.mnc.udp.UDPServer - UDP-Server: Message-98-56
21:20:57.174 [pool-1-thread-4] DEBUG com.mnc.udp.UDPServer - UDP-Server: Message-98-56 -> Message-98-56 (/127.0.0.1:49523)
21:20:57.174 [pool-1-thread-1] DEBUG com.mnc.udp.UDPServer - UDP-Server: Message-38-86
21:20:57.174 [pool-1-thread-2] DEBUG com.mnc.udp.UDPServer - UDP-Server: Message-47-51 -> Message-47-51 (/127.0.0.1:49472)
21:20:57.174 [pool-1-thread-3] DEBUG com.mnc.udp.UDPServer - UDP-Server: Message-19-44
21:20:57.174 [pool-1-thread-1] DEBUG com.mnc.udp.UDPServer - UDP-Server: Message-38-86 -> Message-38-86 (/127.0.0.1:49463)
21:20:57.174 [pool-1-thread-3] DEBUG com.mnc.udp.UDPServer - UDP-Server: Message-19-44 -> Message-19-44 (/127.0.0.1:49444)
21:20:57.174 [pool-1-thread-3] DEBUG com.mnc.udp.UDPServer - UDP-Server: Message-98-12
21:20:57.174 [pool-1-thread-3] DEBUG com.mnc.udp.UDPServer - UDP-Server: Message-98-12 -> Message-98-12 (/127.0.0.1:49523)
21:20:57.174 [pool-1-thread-3] DEBUG com.mnc.udp.UDPServer - UDP-Server: Message-47-52
21:20:57.174 [pool-1-thread-3] DEBUG com.mnc.udp.UDPServer - UDP-Server: Message-47-52 -> Message-47-52 (/127.0.0.1:49472)
21:20:57.174 [pool-1-thread-3] DEBUG com.mnc.udp.UDPServer - UDP-Server: Message-19-45
21:20:57.174 [pool-1-thread-3] DEBUG com.mnc.udp.UDPServer - UDP-Server: Message-19-45 -> Message-19-45 (/127.0.0.1:49444)
21:20:57.174 [pool-1-thread-1] DEBUG com.mnc.udp.UDPServer - UDP-Server: Message-38-84
21:20:57.174 [pool-1-thread-1] DEBUG com.mnc.udp.UDPServer - UDP-Server: Message-38-84 -> Message-38-84 (/127.0.0.1:49463)
21:20:57.174 [pool-1-thread-5] DEBUG com.mnc.udp.UDPServer - UDP-Server: Message-98-21
21:20:57.174 [pool-1-thread-5] DEBUG com.mnc.udp.UDPServer - UDP-Server: Message-98-21 -> Message-98-21 (/127.0.0.1:49523)
21:20:57.174 [pool-1-thread-4] DEBUG com.mnc.udp.UDPServer - UDP-Server: Message-47-50
21:20:57.174 [pool-1-thread-4] DEBUG com.mnc.udp.UDPServer - UDP-Server: Message-47-50 -> Message-47-50 (/127.0.0.1:49472)
21:20:57.174 [pool-1-thread-2] DEBUG com.mnc.udp.UDPServer - UDP-Server: Message-19-43
21:20:57.174 [pool-1-thread-2] DEBUG com.mnc.udp.UDPServer - UDP-Server: Message-19-43 -> Message-19-43 (/127.0.0.1:49444)
21:20:57.174 [pool-1-thread-2] DEBUG com.mnc.udp.UDPServer - UDP-Server: Message-38-48
21:20:57.174 [pool-1-thread-2] DEBUG com.mnc.udp.UDPServer - UDP-Server: Message-38-48 -> Message-38-48 (/127.0.0.1:49463)
21:20:57.174 [pool-1-thread-1] DEBUG com.mnc.udp.UDPServer - UDP-Server: Message-98-22
21:20:57.175 [pool-1-thread-1] DEBUG com.mnc.udp.UDPServer - UDP-Server: Message-98-22 -> Message-98-22 (/127.0.0.1:49523)
21:20:57.175 [pool-1-thread-5] DEBUG com.mnc.udp.UDPServer - UDP-Server: Message-47-82
21:20:57.175 [pool-1-thread-1] DEBUG com.mnc.udp.UDPServer - UDP-Server: Message-19-48
21:20:57.175 [pool-1-thread-5] DEBUG com.mnc.udp.UDPServer - UDP-Server: Message-47-82 -> Message-47-82 (/127.0.0.1:49472)
21:20:57.175 [pool-1-thread-1] DEBUG com.mnc.udp.UDPServer - UDP-Server: Message-19-48 -> Message-19-48 (/127.0.0.1:49444)
21:20:57.175 [pool-1-thread-5] DEBUG com.mnc.udp.UDPServer - UDP-Server: Message-38-49
21:20:57.175 [pool-1-thread-5] DEBUG com.mnc.udp.UDPServer - UDP-Server: Message-38-49 -> Message-38-49 (/127.0.0.1:49463)
21:20:57.175 [pool-1-thread-2] DEBUG com.mnc.udp.UDPServer - UDP-Server: Message-98-23
21:20:57.175 [pool-1-thread-2] DEBUG com.mnc.udp.UDPServer - UDP-Server: Message-98-23 -> Message-98-23 (/127.0.0.1:49523)
21:20:57.175 [pool-1-thread-4] DEBUG com.mnc.udp.UDPServer - UDP-Server: Message-19-49
21:20:57.175 [pool-1-thread-4] DEBUG com.mnc.udp.UDPServer - UDP-Server: Message-19-49 -> Message-19-49 (/127.0.0.1:49444)
21:20:57.175 [pool-1-thread-3] DEBUG com.mnc.udp.UDPServer - UDP-Server: Message-47-83
21:20:57.175 [pool-1-thread-1] DEBUG com.mnc.udp.UDPServer - UDP-Server: Message-38-46
21:20:57.175 [pool-1-thread-5] DEBUG com.mnc.udp.UDPServer - UDP-Server: Message-98-24
21:20:57.175 [pool-1-thread-3] DEBUG com.mnc.udp.UDPServer - UDP-Server: Message-47-83 -> Message-47-83 (/127.0.0.1:49472)
21:20:57.175 [pool-1-thread-1] DEBUG com.mnc.udp.UDPServer - UDP-Server: Message-38-46 -> Message-38-46 (/127.0.0.1:49463)
21:20:57.175 [pool-1-thread-5] DEBUG com.mnc.udp.UDPServer - UDP-Server: Message-98-24 -> Message-98-24 (/127.0.0.1:49523)
21:20:57.175 [pool-1-thread-5] DEBUG com.mnc.udp.UDPServer - UDP-Server: Message-19-46
21:20:57.175 [pool-1-thread-5] DEBUG com.mnc.udp.UDPServer - UDP-Server: Message-19-46 -> Message-19-46 (/127.0.0.1:49444)
21:20:57.175 [pool-1-thread-4] DEBUG com.mnc.udp.UDPServer - UDP-Server: Message-47-81
21:20:57.175 [pool-1-thread-3] DEBUG com.mnc.udp.UDPServer - UDP-Server: Message-38-47
21:20:57.175 [pool-1-thread-1] DEBUG com.mnc.udp.UDPServer - UDP-Server: Message-98-85
21:20:57.175 [pool-1-thread-4] DEBUG com.mnc.udp.UDPServer - UDP-Server: Message-47-81 -> Message-47-81 (/127.0.0.1:49472)
21:20:57.175 [pool-1-thread-3] DEBUG com.mnc.udp.UDPServer - UDP-Server: Message-38-47 -> Message-38-47 (/127.0.0.1:49463)
21:20:57.175 [pool-1-thread-2] DEBUG com.mnc.udp.UDPServer - UDP-Server: Message-19-47
21:20:57.175 [pool-1-thread-1] DEBUG com.mnc.udp.UDPServer - UDP-Server: Message-98-85 -> Message-98-85 (/127.0.0.1:49523)
21:20:57.175 [pool-1-thread-2] DEBUG com.mnc.udp.UDPServer - UDP-Server: Message-19-47 -> Message-19-47 (/127.0.0.1:49444)
21:20:57.175 [pool-1-thread-5] DEBUG com.mnc.udp.UDPServer - UDP-Server: Message-47-85
21:20:57.175 [pool-1-thread-5] DEBUG com.mnc.udp.UDPServer - UDP-Server: Message-47-85 -> Message-47-85 (/127.0.0.1:49472)
21:20:57.175 [pool-1-thread-5] DEBUG com.mnc.udp.UDPServer - UDP-Server: Message-38-78
21:20:57.175 [pool-1-thread-5] DEBUG com.mnc.udp.UDPServer - UDP-Server: Message-38-78 -> Message-38-78 (/127.0.0.1:49463)
21:20:57.175 [pool-1-thread-5] DEBUG com.mnc.udp.UDPServer - UDP-Server: Message-98-86
21:20:57.175 [pool-1-thread-5] DEBUG com.mnc.udp.UDPServer - UDP-Server: Message-98-86 -> Message-98-86 (/127.0.0.1:49523)
21:20:57.175 [pool-1-thread-1] DEBUG com.mnc.udp.UDPServer - UDP-Server: Message-19-40
21:20:57.175 [pool-1-thread-1] DEBUG com.mnc.udp.UDPServer - UDP-Server: Message-19-40 -> Message-19-40 (/127.0.0.1:49444)
21:20:57.175 [pool-1-thread-4] DEBUG com.mnc.udp.UDPServer - UDP-Server: Message-38-40
21:20:57.175 [pool-1-thread-2] DEBUG com.mnc.udp.UDPServer - UDP-Server: Message-47-86
21:20:57.175 [pool-1-thread-4] DEBUG com.mnc.udp.UDPServer - UDP-Server: Message-38-40 -> Message-38-40 (/127.0.0.1:49463)
21:20:57.175 [pool-1-thread-3] DEBUG com.mnc.udp.UDPServer - UDP-Server: Message-98-84
21:20:57.175 [pool-1-thread-2] DEBUG com.mnc.udp.UDPServer - UDP-Server: Message-47-86 -> Message-47-86 (/127.0.0.1:49472)
21:20:57.175 [pool-1-thread-3] DEBUG com.mnc.udp.UDPServer - UDP-Server: Message-98-84 -> Message-98-84 (/127.0.0.1:49523)
21:20:57.175 [pool-1-thread-5] DEBUG com.mnc.udp.UDPServer - UDP-Server: Message-19-41
21:20:57.175 [pool-1-thread-5] DEBUG com.mnc.udp.UDPServer - UDP-Server: Message-19-41 -> Message-19-41 (/127.0.0.1:49444)
21:20:57.175 [pool-1-thread-1] DEBUG com.mnc.udp.UDPServer - UDP-Server: Message-38-41
21:20:57.175 [pool-1-thread-1] DEBUG com.mnc.udp.UDPServer - UDP-Server: Message-38-41 -> Message-38-41 (/127.0.0.1:49463)
21:20:57.175 [pool-1-thread-4] DEBUG com.mnc.udp.UDPServer - UDP-Server: Message-47-71
21:20:57.175 [pool-1-thread-4] DEBUG com.mnc.udp.UDPServer - UDP-Server: Message-47-71 -> Message-47-71 (/127.0.0.1:49472)
21:20:57.175 [pool-1-thread-2] DEBUG com.mnc.udp.UDPServer - UDP-Server: Message-98-53
21:20:57.175 [pool-1-thread-2] DEBUG com.mnc.udp.UDPServer - UDP-Server: Message-98-53 -> Message-98-53 (/127.0.0.1:49523)
21:20:57.175 [pool-1-thread-4] DEBUG com.mnc.udp.UDPServer - UDP-Server: Message-19-42
21:20:57.175 [pool-1-thread-4] DEBUG com.mnc.udp.UDPServer - UDP-Server: Message-19-42 -> Message-19-42 (/127.0.0.1:49444)
21:20:57.175 [pool-1-thread-5] DEBUG com.mnc.udp.UDPServer - UDP-Server: Message-38-42
21:20:57.175 [pool-1-thread-3] DEBUG com.mnc.udp.UDPServer - UDP-Server: Message-98-54
21:20:57.175 [pool-1-thread-2] DEBUG com.mnc.udp.UDPServer - UDP-Server: Message-19-38
21:20:57.175 [pool-1-thread-3] DEBUG com.mnc.udp.UDPServer - UDP-Server: Message-98-54 -> Message-98-54 (/127.0.0.1:49523)
21:20:57.175 [pool-1-thread-1] DEBUG com.mnc.udp.UDPServer - UDP-Server: Message-47-72
21:20:57.175 [pool-1-thread-1] DEBUG com.mnc.udp.UDPServer - UDP-Server: Message-47-72 -> Message-47-72 (/127.0.0.1:49472)
21:20:57.175 [pool-1-thread-5] DEBUG com.mnc.udp.UDPServer - UDP-Server: Message-38-42 -> Message-38-42 (/127.0.0.1:49463)
21:20:57.175 [pool-1-thread-2] DEBUG com.mnc.udp.UDPServer - UDP-Server: Message-19-38 -> Message-19-38 (/127.0.0.1:49444)
21:20:57.175 [pool-1-thread-4] DEBUG com.mnc.udp.UDPServer - UDP-Server: Message-98-55
21:20:57.176 [pool-1-thread-3] DEBUG com.mnc.udp.UDPServer - UDP-Server: Message-47-73
21:20:57.175 [pool-1-thread-4] DEBUG com.mnc.udp.UDPServer - UDP-Server: Message-98-55 -> Message-98-55 (/127.0.0.1:49523)
21:20:57.176 [pool-1-thread-5] DEBUG com.mnc.udp.UDPServer - UDP-Server: Message-19-39
21:20:57.176 [pool-1-thread-1] DEBUG com.mnc.udp.UDPServer - UDP-Server: Message-38-38
21:20:57.176 [pool-1-thread-3] DEBUG com.mnc.udp.UDPServer - UDP-Server: Message-47-73 -> Message-47-73 (/127.0.0.1:49472)
21:20:57.176 [pool-1-thread-5] DEBUG com.mnc.udp.UDPServer - UDP-Server: Message-19-39 -> Message-19-39 (/127.0.0.1:49444)
21:20:57.176 [pool-1-thread-1] DEBUG com.mnc.udp.UDPServer - UDP-Server: Message-38-38 -> Message-38-38 (/127.0.0.1:49463)
21:20:57.176 [pool-1-thread-5] DEBUG com.mnc.udp.UDPServer - UDP-Server: Message-98-78
21:20:57.176 [pool-1-thread-5] DEBUG com.mnc.udp.UDPServer - UDP-Server: Message-98-78 -> Message-98-78 (/127.0.0.1:49523)
21:20:57.176 [pool-1-thread-4] DEBUG com.mnc.udp.UDPServer - UDP-Server: Message-47-74
21:20:57.176 [pool-1-thread-2] DEBUG com.mnc.udp.UDPServer - UDP-Server: Message-38-39
21:20:57.176 [pool-1-thread-3] DEBUG com.mnc.udp.UDPServer - UDP-Server: Message-19-37
21:20:57.176 [pool-1-thread-2] DEBUG com.mnc.udp.UDPServer - UDP-Server: Message-38-39 -> Message-38-39 (/127.0.0.1:49463)
21:20:57.176 [pool-1-thread-1] DEBUG com.mnc.udp.UDPServer - UDP-Server: Message-98-79
21:20:57.176 [pool-1-thread-4] DEBUG com.mnc.udp.UDPServer - UDP-Server: Message-47-74 -> Message-47-74 (/127.0.0.1:49472)
21:20:57.176 [pool-1-thread-1] DEBUG com.mnc.udp.UDPServer - UDP-Server: Message-98-79 -> Message-98-79 (/127.0.0.1:49523)
21:20:57.176 [pool-1-thread-3] DEBUG com.mnc.udp.UDPServer - UDP-Server: Message-19-37 -> Message-19-37 (/127.0.0.1:49444)
21:20:57.176 [pool-1-thread-5] DEBUG com.mnc.udp.UDPServer - UDP-Server: Message-38-37
21:20:57.176 [pool-1-thread-2] DEBUG com.mnc.udp.UDPServer - UDP-Server: Message-47-84
21:20:57.176 [pool-1-thread-4] DEBUG com.mnc.udp.UDPServer - UDP-Server: Message-19-15
21:20:57.176 [pool-1-thread-5] DEBUG com.mnc.udp.UDPServer - UDP-Server: Message-38-37 -> Message-38-37 (/127.0.0.1:49463)
21:20:57.176 [pool-1-thread-2] DEBUG com.mnc.udp.UDPServer - UDP-Server: Message-47-84 -> Message-47-84 (/127.0.0.1:49472)
21:20:57.176 [pool-1-thread-3] DEBUG com.mnc.udp.UDPServer - UDP-Server: Message-98-80
21:20:57.176 [pool-1-thread-4] DEBUG com.mnc.udp.UDPServer - UDP-Server: Message-19-15 -> Message-19-15 (/127.0.0.1:49444)
21:20:57.176 [pool-1-thread-3] DEBUG com.mnc.udp.UDPServer - UDP-Server: Message-98-80 -> Message-98-80 (/127.0.0.1:49523)
21:20:57.176 [pool-1-thread-1] DEBUG com.mnc.udp.UDPServer - UDP-Server: Message-38-79
21:20:57.176 [pool-1-thread-5] DEBUG com.mnc.udp.UDPServer - UDP-Server: Message-47-63
21:20:57.176 [pool-1-thread-5] DEBUG com.mnc.udp.UDPServer - UDP-Server: Message-47-63 -> Message-47-63 (/127.0.0.1:49472)
21:20:57.176 [pool-1-thread-1] DEBUG com.mnc.udp.UDPServer - UDP-Server: Message-38-79 -> Message-38-79 (/127.0.0.1:49463)
21:20:57.176 [pool-1-thread-5] DEBUG com.mnc.udp.UDPServer - UDP-Server: Message-98-76
21:20:57.176 [pool-1-thread-5] DEBUG com.mnc.udp.UDPServer - UDP-Server: Message-98-76 -> Message-98-76 (/127.0.0.1:49523)
21:20:57.176 [pool-1-thread-2] DEBUG com.mnc.udp.UDPServer - UDP-Server: Message-19-16
21:20:57.176 [pool-1-thread-2] DEBUG com.mnc.udp.UDPServer - UDP-Server: Message-19-16 -> Message-19-16 (/127.0.0.1:49444)
21:20:57.176 [pool-1-thread-3] DEBUG com.mnc.udp.UDPServer - UDP-Server: Message-47-64
21:20:57.176 [pool-1-thread-2] DEBUG com.mnc.udp.UDPServer - UDP-Server: Message-38-80
21:20:57.176 [pool-1-thread-3] DEBUG com.mnc.udp.UDPServer - UDP-Server: Message-47-64 -> Message-47-64 (/127.0.0.1:49472)
21:20:57.176 [pool-1-thread-2] DEBUG com.mnc.udp.UDPServer - UDP-Server: Message-38-80 -> Message-38-80 (/127.0.0.1:49463)
21:20:57.176 [pool-1-thread-1] DEBUG com.mnc.udp.UDPServer - UDP-Server: Message-98-19
21:20:57.176 [pool-1-thread-1] DEBUG com.mnc.udp.UDPServer - UDP-Server: Message-98-19 -> Message-98-19 (/127.0.0.1:49523)
21:20:57.176 [pool-1-thread-5] DEBUG com.mnc.udp.UDPServer - UDP-Server: Message-19-17
21:20:57.176 [pool-1-thread-5] DEBUG com.mnc.udp.UDPServer - UDP-Server: Message-19-17 -> Message-19-17 (/127.0.0.1:49444)
21:20:57.176 [pool-1-thread-4] DEBUG com.mnc.udp.UDPServer - UDP-Server: Message-47-62
21:20:57.176 [pool-1-thread-4] DEBUG com.mnc.udp.UDPServer - UDP-Server: Message-47-62 -> Message-47-62 (/127.0.0.1:49472)
21:20:57.176 [pool-1-thread-5] DEBUG com.mnc.udp.UDPServer - UDP-Server: Message-38-15
21:20:57.176 [pool-1-thread-2] DEBUG com.mnc.udp.UDPServer - UDP-Server: Message-98-20
21:20:57.176 [pool-1-thread-5] DEBUG com.mnc.udp.UDPServer - UDP-Server: Message-38-15 -> Message-38-15 (/127.0.0.1:49463)
21:20:57.176 [pool-1-thread-2] DEBUG com.mnc.udp.UDPServer - UDP-Server: Message-98-20 -> Message-98-20 (/127.0.0.1:49523)
21:20:57.176 [pool-1-thread-1] DEBUG com.mnc.udp.UDPServer - UDP-Server: Message-19-13
21:20:57.176 [pool-1-thread-1] DEBUG com.mnc.udp.UDPServer - UDP-Server: Message-19-13 -> Message-19-13 (/127.0.0.1:49444)
21:20:57.176 [pool-1-thread-3] DEBUG com.mnc.udp.UDPServer - UDP-Server: Message-47-3
21:20:57.176 [pool-1-thread-1] DEBUG com.mnc.udp.UDPServer - UDP-Server: Message-38-76
21:20:57.176 [pool-1-thread-3] DEBUG com.mnc.udp.UDPServer - UDP-Server: Message-47-3 -> Message-47-3 (/127.0.0.1:49472)
21:20:57.176 [pool-1-thread-1] DEBUG com.mnc.udp.UDPServer - UDP-Server: Message-38-76 -> Message-38-76 (/127.0.0.1:49463)
21:20:57.176 [pool-1-thread-5] DEBUG com.mnc.udp.UDPServer - UDP-Server: Message-98-18
21:20:57.176 [pool-1-thread-5] DEBUG com.mnc.udp.UDPServer - UDP-Server: Message-98-18 -> Message-98-18 (/127.0.0.1:49523)
21:20:57.176 [pool-1-thread-2] DEBUG com.mnc.udp.UDPServer - UDP-Server: Message-19-14
21:20:57.176 [pool-1-thread-4] DEBUG com.mnc.udp.UDPServer - UDP-Server: Message-47-4
21:20:57.176 [pool-1-thread-2] DEBUG com.mnc.udp.UDPServer - UDP-Server: Message-19-14 -> Message-19-14 (/127.0.0.1:49444)
21:20:57.176 [pool-1-thread-3] DEBUG com.mnc.udp.UDPServer - UDP-Server: Message-38-77
21:20:57.176 [pool-1-thread-4] DEBUG com.mnc.udp.UDPServer - UDP-Server: Message-47-4 -> Message-47-4 (/127.0.0.1:49472)
21:20:57.176 [pool-1-thread-3] DEBUG com.mnc.udp.UDPServer - UDP-Server: Message-38-77 -> Message-38-77 (/127.0.0.1:49463)
21:20:57.176 [pool-1-thread-2] DEBUG com.mnc.udp.UDPServer - UDP-Server: Message-98-60
21:20:57.176 [pool-1-thread-2] DEBUG com.mnc.udp.UDPServer - UDP-Server: Message-98-60 -> Message-98-60 (/127.0.0.1:49523)
21:20:57.177 [pool-1-thread-5] DEBUG com.mnc.udp.UDPServer - UDP-Server: Message-19-12
21:20:57.177 [pool-1-thread-1] DEBUG com.mnc.udp.UDPServer - UDP-Server: Message-47-5
21:20:57.177 [pool-1-thread-4] DEBUG com.mnc.udp.UDPServer - UDP-Server: Message-38-75
21:20:57.177 [pool-1-thread-1] DEBUG com.mnc.udp.UDPServer - UDP-Server: Message-47-5 -> Message-47-5 (/127.0.0.1:49472)
21:20:57.177 [pool-1-thread-5] DEBUG com.mnc.udp.UDPServer - UDP-Server: Message-19-12 -> Message-19-12 (/127.0.0.1:49444)
21:20:57.177 [pool-1-thread-4] DEBUG com.mnc.udp.UDPServer - UDP-Server: Message-38-75 -> Message-38-75 (/127.0.0.1:49463)
21:20:57.177 [pool-1-thread-3] DEBUG com.mnc.udp.UDPServer - UDP-Server: Message-98-61
21:20:57.177 [pool-1-thread-3] DEBUG com.mnc.udp.UDPServer - UDP-Server: Message-98-61 -> Message-98-61 (/127.0.0.1:49523)
21:20:57.177 [pool-1-thread-2] DEBUG com.mnc.udp.UDPServer - UDP-Server: Message-47-66
21:20:57.177 [pool-1-thread-2] DEBUG com.mnc.udp.UDPServer - UDP-Server: Message-47-66 -> Message-47-66 (/127.0.0.1:49472)
21:20:57.177 [pool-1-thread-1] DEBUG com.mnc.udp.UDPServer - UDP-Server: Message-19-21
21:20:57.177 [pool-1-thread-2] DEBUG com.mnc.udp.UDPServer - UDP-Server: Message-38-16
21:20:57.177 [pool-1-thread-1] DEBUG com.mnc.udp.UDPServer - UDP-Server: Message-19-21 -> Message-19-21 (/127.0.0.1:49444)
21:20:57.177 [pool-1-thread-2] DEBUG com.mnc.udp.UDPServer - UDP-Server: Message-38-16 -> Message-38-16 (/127.0.0.1:49463)
21:20:57.177 [pool-1-thread-1] DEBUG com.mnc.udp.UDPServer - UDP-Server: Message-98-59
21:20:57.177 [pool-1-thread-3] DEBUG com.mnc.udp.UDPServer - UDP-Server: Message-47-67
21:20:57.177 [pool-1-thread-1] DEBUG com.mnc.udp.UDPServer - UDP-Server: Message-98-59 -> Message-98-59 (/127.0.0.1:49523)
21:20:57.177 [pool-1-thread-3] DEBUG com.mnc.udp.UDPServer - UDP-Server: Message-47-67 -> Message-47-67 (/127.0.0.1:49472)
21:20:57.177 [pool-1-thread-5] DEBUG com.mnc.udp.UDPServer - UDP-Server: Message-19-22
21:20:57.177 [pool-1-thread-1] DEBUG com.mnc.udp.UDPServer - UDP-Server: Message-38-17
21:20:57.177 [pool-1-thread-5] DEBUG com.mnc.udp.UDPServer - UDP-Server: Message-19-22 -> Message-19-22 (/127.0.0.1:49444)
21:20:57.177 [pool-1-thread-1] DEBUG com.mnc.udp.UDPServer - UDP-Server: Message-38-17 -> Message-38-17 (/127.0.0.1:49463)
21:20:57.177 [pool-1-thread-2] DEBUG com.mnc.udp.UDPServer - UDP-Server: Message-98-7
21:20:57.177 [pool-1-thread-3] DEBUG com.mnc.udp.UDPServer - UDP-Server: Message-47-78
21:20:57.177 [pool-1-thread-5] DEBUG com.mnc.udp.UDPServer - UDP-Server: Message-19-23
21:20:57.177 [pool-1-thread-2] DEBUG com.mnc.udp.UDPServer - UDP-Server: Message-98-7 -> Message-98-7 (/127.0.0.1:49523)
21:20:57.177 [pool-1-thread-1] DEBUG com.mnc.udp.UDPServer - UDP-Server: Message-38-13
21:20:57.177 [pool-1-thread-4] DEBUG com.mnc.udp.UDPServer - UDP-Server: Message-84-32
21:20:57.177 [pool-1-thread-1] DEBUG com.mnc.udp.UDPServer - UDP-Server: Message-38-13 -> Message-38-13 (/127.0.0.1:49463)
21:20:57.177 [pool-1-thread-5] DEBUG com.mnc.udp.UDPServer - UDP-Server: Message-19-23 -> Message-19-23 (/127.0.0.1:49444)
21:20:57.177 [pool-1-thread-4] DEBUG com.mnc.udp.UDPServer - UDP-Server: Message-84-32 -> Message-84-32 (/127.0.0.1:49509)
21:20:57.177 [pool-1-thread-3] DEBUG com.mnc.udp.UDPServer - UDP-Server: Message-47-78 -> Message-47-78 (/127.0.0.1:49472)
21:20:57.177 [pool-1-thread-2] DEBUG com.mnc.udp.UDPServer - UDP-Server: Message-98-8
21:20:57.177 [pool-1-thread-2] DEBUG com.mnc.udp.UDPServer - UDP-Server: Message-98-8 -> Message-98-8 (/127.0.0.1:49523)
21:20:57.177 [pool-1-thread-4] DEBUG com.mnc.udp.UDPServer - UDP-Server: Message-84-33
21:20:57.177 [pool-1-thread-2] DEBUG com.mnc.udp.UDPServer - UDP-Server: Message-19-24
21:20:57.177 [pool-1-thread-3] DEBUG com.mnc.udp.UDPServer - UDP-Server: Message-47-79
21:20:57.177 [pool-1-thread-1] DEBUG com.mnc.udp.UDPServer - UDP-Server: Message-38-14
21:20:57.177 [pool-1-thread-4] DEBUG com.mnc.udp.UDPServer - UDP-Server: Message-84-33 -> Message-84-33 (/127.0.0.1:49509)
21:20:57.177 [pool-1-thread-5] DEBUG com.mnc.udp.UDPServer - UDP-Server: Message-98-6
21:20:57.177 [pool-1-thread-5] DEBUG com.mnc.udp.UDPServer - UDP-Server: Message-98-6 -> Message-98-6 (/127.0.0.1:49523)
21:20:57.177 [pool-1-thread-2] DEBUG com.mnc.udp.UDPServer - UDP-Server: Message-19-24 -> Message-19-24 (/127.0.0.1:49444)
21:20:57.177 [pool-1-thread-4] DEBUG com.mnc.udp.UDPServer - UDP-Server: Message-84-31
21:20:57.177 [pool-1-thread-3] DEBUG com.mnc.udp.UDPServer - UDP-Server: Message-47-79 -> Message-47-79 (/127.0.0.1:49472)
21:20:57.177 [pool-1-thread-4] DEBUG com.mnc.udp.UDPServer - UDP-Server: Message-84-31 -> Message-84-31 (/127.0.0.1:49509)
21:20:57.177 [pool-1-thread-1] DEBUG com.mnc.udp.UDPServer - UDP-Server: Message-38-14 -> Message-38-14 (/127.0.0.1:49463)
21:20:57.177 [pool-1-thread-3] DEBUG com.mnc.udp.UDPServer - UDP-Server: Message-98-10
21:20:57.177 [pool-1-thread-3] DEBUG com.mnc.udp.UDPServer - UDP-Server: Message-98-10 -> Message-98-10 (/127.0.0.1:49523)
21:20:57.177 [pool-1-thread-3] DEBUG com.mnc.udp.UDPServer - UDP-Server: Message-19-19
21:20:57.177 [pool-1-thread-3] DEBUG com.mnc.udp.UDPServer - UDP-Server: Message-19-19 -> Message-19-19 (/127.0.0.1:49444)
21:20:57.177 [pool-1-thread-4] DEBUG com.mnc.udp.UDPServer - UDP-Server: Message-84-35
21:20:57.177 [pool-1-thread-5] DEBUG com.mnc.udp.UDPServer - UDP-Server: Message-47-80
21:20:57.177 [pool-1-thread-4] DEBUG com.mnc.udp.UDPServer - UDP-Server: Message-84-35 -> Message-84-35 (/127.0.0.1:49509)
21:20:57.177 [pool-1-thread-1] DEBUG com.mnc.udp.UDPServer - UDP-Server: Message-38-12
21:20:57.177 [pool-1-thread-5] DEBUG com.mnc.udp.UDPServer - UDP-Server: Message-47-80 -> Message-47-80 (/127.0.0.1:49472)
21:20:57.177 [pool-1-thread-2] DEBUG com.mnc.udp.UDPServer - UDP-Server: Message-98-11
21:20:57.177 [pool-1-thread-2] DEBUG com.mnc.udp.UDPServer - UDP-Server: Message-98-11 -> Message-98-11 (/127.0.0.1:49523)
21:20:57.177 [pool-1-thread-1] DEBUG com.mnc.udp.UDPServer - UDP-Server: Message-38-12 -> Message-38-12 (/127.0.0.1:49463)
21:20:57.177 [pool-1-thread-3] DEBUG com.mnc.udp.UDPServer - UDP-Server: Message-84-36
21:20:57.177 [pool-1-thread-3] DEBUG com.mnc.udp.UDPServer - UDP-Server: Message-84-36 -> Message-84-36 (/127.0.0.1:49509)
21:20:57.177 [pool-1-thread-4] DEBUG com.mnc.udp.UDPServer - UDP-Server: Message-19-20
21:20:57.177 [pool-1-thread-4] DEBUG com.mnc.udp.UDPServer - UDP-Server: Message-19-20 -> Message-19-20 (/127.0.0.1:49444)
21:20:57.177 [pool-1-thread-5] DEBUG com.mnc.udp.UDPServer - UDP-Server: Message-47-76
21:20:57.177 [pool-1-thread-2] DEBUG com.mnc.udp.UDPServer - UDP-Server: Message-98-77
21:20:57.177 [pool-1-thread-2] DEBUG com.mnc.udp.UDPServer - UDP-Server: Message-98-77 -> Message-98-77 (/127.0.0.1:49523)
21:20:57.177 [pool-1-thread-1] DEBUG com.mnc.udp.UDPServer - UDP-Server: Message-38-21
21:20:57.177 [pool-1-thread-5] DEBUG com.mnc.udp.UDPServer - UDP-Server: Message-47-76 -> Message-47-76 (/127.0.0.1:49472)
21:20:57.177 [pool-1-thread-1] DEBUG com.mnc.udp.UDPServer - UDP-Server: Message-38-21 -> Message-38-21 (/127.0.0.1:49463)
21:20:57.177 [pool-1-thread-3] DEBUG com.mnc.udp.UDPServer - UDP-Server: Message-84-34
21:20:57.178 [pool-1-thread-5] DEBUG com.mnc.udp.UDPServer - UDP-Server: Message-19-18
21:20:57.178 [pool-1-thread-3] DEBUG com.mnc.udp.UDPServer - UDP-Server: Message-84-34 -> Message-84-34 (/127.0.0.1:49509)
21:20:57.178 [pool-1-thread-5] DEBUG com.mnc.udp.UDPServer - UDP-Server: Message-19-18 -> Message-19-18 (/127.0.0.1:49444)
21:20:57.178 [pool-1-thread-2] DEBUG com.mnc.udp.UDPServer - UDP-Server: Message-98-51
21:20:57.178 [pool-1-thread-4] DEBUG com.mnc.udp.UDPServer - UDP-Server: Message-38-22
21:20:57.178 [pool-1-thread-3] DEBUG com.mnc.udp.UDPServer - UDP-Server: Message-47-77
21:20:57.178 [pool-1-thread-4] DEBUG com.mnc.udp.UDPServer - UDP-Server: Message-38-22 -> Message-38-22 (/127.0.0.1:49463)
21:20:57.178 [pool-1-thread-2] DEBUG com.mnc.udp.UDPServer - UDP-Server: Message-98-51 -> Message-98-51 (/127.0.0.1:49523)
21:20:57.178 [pool-1-thread-3] DEBUG com.mnc.udp.UDPServer - UDP-Server: Message-47-77 -> Message-47-77 (/127.0.0.1:49472)
21:20:57.178 [pool-1-thread-2] DEBUG com.mnc.udp.UDPServer - UDP-Server: Message-84-28
21:20:57.178 [pool-1-thread-2] DEBUG com.mnc.udp.UDPServer - UDP-Server: Message-84-28 -> Message-84-28 (/127.0.0.1:49509)
21:20:57.178 [pool-1-thread-1] DEBUG com.mnc.udp.UDPServer - UDP-Server: Message-19-7
21:20:57.178 [pool-1-thread-1] DEBUG com.mnc.udp.UDPServer - UDP-Server: Message-19-7 -> Message-19-7 (/127.0.0.1:49444)
21:20:57.178 [pool-1-thread-4] DEBUG com.mnc.udp.UDPServer - UDP-Server: Message-38-57
21:20:57.178 [pool-1-thread-4] DEBUG com.mnc.udp.UDPServer - UDP-Server: Message-38-57 -> Message-38-57 (/127.0.0.1:49463)
21:20:57.178 [pool-1-thread-1] DEBUG com.mnc.udp.UDPServer - UDP-Server: Message-47-69
21:20:57.178 [pool-1-thread-5] DEBUG com.mnc.udp.UDPServer - UDP-Server: Message-98-52
21:20:57.178 [pool-1-thread-4] DEBUG com.mnc.udp.UDPServer - UDP-Server: Message-84-29
21:20:57.178 [pool-1-thread-1] DEBUG com.mnc.udp.UDPServer - UDP-Server: Message-47-69 -> Message-47-69 (/127.0.0.1:49472)
21:20:57.178 [pool-1-thread-5] DEBUG com.mnc.udp.UDPServer - UDP-Server: Message-98-52 -> Message-98-52 (/127.0.0.1:49523)
21:20:57.178 [pool-1-thread-3] DEBUG com.mnc.udp.UDPServer - UDP-Server: Message-19-8
21:20:57.178 [pool-1-thread-4] DEBUG com.mnc.udp.UDPServer - UDP-Server: Message-84-29 -> Message-84-29 (/127.0.0.1:49509)
21:20:57.178 [pool-1-thread-3] DEBUG com.mnc.udp.UDPServer - UDP-Server: Message-19-8 -> Message-19-8 (/127.0.0.1:49444)
21:20:57.178 [pool-1-thread-4] DEBUG com.mnc.udp.UDPServer - UDP-Server: Message-38-58
21:20:57.178 [pool-1-thread-1] DEBUG com.mnc.udp.UDPServer - UDP-Server: Message-47-70
21:20:57.178 [pool-1-thread-4] DEBUG com.mnc.udp.UDPServer - UDP-Server: Message-38-58 -> Message-38-58 (/127.0.0.1:49463)
21:20:57.178 [pool-1-thread-5] DEBUG com.mnc.udp.UDPServer - UDP-Server: Message-98-50
21:20:57.178 [pool-1-thread-1] DEBUG com.mnc.udp.UDPServer - UDP-Server: Message-47-70 -> Message-47-70 (/127.0.0.1:49472)
21:20:57.178 [pool-1-thread-5] DEBUG com.mnc.udp.UDPServer - UDP-Server: Message-98-50 -> Message-98-50 (/127.0.0.1:49523)
21:20:57.178 [pool-1-thread-2] DEBUG com.mnc.udp.UDPServer - UDP-Server: Message-84-30
21:20:57.178 [pool-1-thread-4] DEBUG com.mnc.udp.UDPServer - UDP-Server: Message-19-6
21:20:57.178 [pool-1-thread-2] DEBUG com.mnc.udp.UDPServer - UDP-Server: Message-84-30 -> Message-84-30 (/127.0.0.1:49509)
21:20:57.178 [pool-1-thread-4] DEBUG com.mnc.udp.UDPServer - UDP-Server: Message-19-6 -> Message-19-6 (/127.0.0.1:49444)
21:20:57.178 [pool-1-thread-2] DEBUG com.mnc.udp.UDPServer - UDP-Server: Message-38-23
21:20:57.178 [pool-1-thread-2] DEBUG com.mnc.udp.UDPServer - UDP-Server: Message-38-23 -> Message-38-23 (/127.0.0.1:49463)
21:20:57.178 [pool-1-thread-1] DEBUG com.mnc.udp.UDPServer - UDP-Server: Message-47-75
21:20:57.178 [pool-1-thread-5] DEBUG com.mnc.udp.UDPServer - UDP-Server: Message-98-75
21:20:57.178 [pool-1-thread-1] DEBUG com.mnc.udp.UDPServer - UDP-Server: Message-47-75 -> Message-47-75 (/127.0.0.1:49472)
21:20:57.178 [pool-1-thread-5] DEBUG com.mnc.udp.UDPServer - UDP-Server: Message-98-75 -> Message-98-75 (/127.0.0.1:49523)
21:20:57.178 [pool-1-thread-1] DEBUG com.mnc.udp.UDPServer - UDP-Server: Message-19-10
21:20:57.178 [pool-1-thread-1] DEBUG com.mnc.udp.UDPServer - UDP-Server: Message-19-10 -> Message-19-10 (/127.0.0.1:49444)
21:20:57.178 [pool-1-thread-3] DEBUG com.mnc.udp.UDPServer - UDP-Server: Message-84-26
21:20:57.178 [pool-1-thread-3] DEBUG com.mnc.udp.UDPServer - UDP-Server: Message-84-26 -> Message-84-26 (/127.0.0.1:49509)
21:20:57.178 [pool-1-thread-2] DEBUG com.mnc.udp.UDPServer - UDP-Server: Message-38-24
21:20:57.179 [pool-1-thread-2] DEBUG com.mnc.udp.UDPServer - UDP-Server: Message-38-24 -> Message-38-24 (/127.0.0.1:49463)
21:20:57.179 [pool-1-thread-4] DEBUG com.mnc.udp.UDPServer - UDP-Server: Message-47-1
21:20:57.179 [pool-1-thread-4] DEBUG com.mnc.udp.UDPServer - UDP-Server: Message-47-1 -> Message-47-1 (/127.0.0.1:49472)
21:20:57.179 [pool-1-thread-5] DEBUG com.mnc.udp.UDPServer - UDP-Server: Message-98-9
21:20:57.179 [pool-1-thread-1] DEBUG com.mnc.udp.UDPServer - UDP-Server: Message-84-27
21:20:57.179 [pool-1-thread-5] DEBUG com.mnc.udp.UDPServer - UDP-Server: Message-98-9 -> Message-98-9 (/127.0.0.1:49523)
21:20:57.179 [pool-1-thread-1] DEBUG com.mnc.udp.UDPServer - UDP-Server: Message-84-27 -> Message-84-27 (/127.0.0.1:49509)
21:20:57.179 [pool-1-thread-3] DEBUG com.mnc.udp.UDPServer - UDP-Server: Message-38-56
21:20:57.179 [pool-1-thread-4] DEBUG com.mnc.udp.UDPServer - UDP-Server: Message-19-11
21:20:57.179 [pool-1-thread-3] DEBUG com.mnc.udp.UDPServer - UDP-Server: Message-38-56 -> Message-38-56 (/127.0.0.1:49463)
21:20:57.179 [pool-1-thread-4] DEBUG com.mnc.udp.UDPServer - UDP-Server: Message-19-11 -> Message-19-11 (/127.0.0.1:49444)
21:20:57.179 [pool-1-thread-4] DEBUG com.mnc.udp.UDPServer - UDP-Server: Message-47-68
21:20:57.179 [pool-1-thread-4] DEBUG com.mnc.udp.UDPServer - UDP-Server: Message-47-68 -> Message-47-68 (/127.0.0.1:49472)
21:20:57.179 [pool-1-thread-5] DEBUG com.mnc.udp.UDPServer - UDP-Server: Message-98-71
21:20:57.179 [pool-1-thread-1] DEBUG com.mnc.udp.UDPServer - UDP-Server: Message-84-25
21:20:57.179 [pool-1-thread-1] DEBUG com.mnc.udp.UDPServer - UDP-Server: Message-84-25 -> Message-84-25 (/127.0.0.1:49509)
21:20:57.179 [pool-1-thread-3] DEBUG com.mnc.udp.UDPServer - UDP-Server: Message-38-60
21:20:57.179 [pool-1-thread-5] DEBUG com.mnc.udp.UDPServer - UDP-Server: Message-98-71 -> Message-98-71 (/127.0.0.1:49523)
21:20:57.179 [pool-1-thread-3] DEBUG com.mnc.udp.UDPServer - UDP-Server: Message-38-60 -> Message-38-60 (/127.0.0.1:49463)
21:20:57.179 [pool-1-thread-2] DEBUG com.mnc.udp.UDPServer - UDP-Server: Message-19-9
21:20:57.179 [pool-1-thread-2] DEBUG com.mnc.udp.UDPServer - UDP-Server: Message-19-9 -> Message-19-9 (/127.0.0.1:49444)
21:20:57.179 [pool-1-thread-4] DEBUG com.mnc.udp.UDPServer - UDP-Server: Message-47-2
21:20:57.179 [pool-1-thread-4] DEBUG com.mnc.udp.UDPServer - UDP-Server: Message-47-2 -> Message-47-2 (/127.0.0.1:49472)
21:20:57.179 [pool-1-thread-1] DEBUG com.mnc.udp.UDPServer - UDP-Server: Message-84-90
21:20:57.179 [pool-1-thread-1] DEBUG com.mnc.udp.UDPServer - UDP-Server: Message-84-90 -> Message-84-90 (/127.0.0.1:49509)
21:20:57.179 [pool-1-thread-4] DEBUG com.mnc.udp.UDPServer - UDP-Server: Message-98-72
21:20:57.179 [pool-1-thread-2] DEBUG com.mnc.udp.UDPServer - UDP-Server: Message-19-3
21:20:57.179 [pool-1-thread-3] DEBUG com.mnc.udp.UDPServer - UDP-Server: Message-38-61
21:20:57.179 [pool-1-thread-2] DEBUG com.mnc.udp.UDPServer - UDP-Server: Message-19-3 -> Message-19-3 (/127.0.0.1:49444)
21:20:57.179 [pool-1-thread-4] DEBUG com.mnc.udp.UDPServer - UDP-Server: Message-98-72 -> Message-98-72 (/127.0.0.1:49523)
21:20:57.179 [pool-1-thread-3] DEBUG com.mnc.udp.UDPServer - UDP-Server: Message-38-61 -> Message-38-61 (/127.0.0.1:49463)
21:20:57.179 [pool-1-thread-5] DEBUG com.mnc.udp.UDPServer - UDP-Server: Message-47-0
21:20:57.180 [pool-1-thread-1] DEBUG com.mnc.udp.UDPServer - UDP-Server: Message-84-44
21:20:57.180 [pool-1-thread-1] DEBUG com.mnc.udp.UDPServer - UDP-Server: Message-84-44 -> Message-84-44 (/127.0.0.1:49509)
21:20:57.180 [pool-1-thread-3] DEBUG com.mnc.udp.UDPServer - UDP-Server: Message-98-3
21:20:57.180 [pool-1-thread-5] DEBUG com.mnc.udp.UDPServer - UDP-Server: Message-47-0 -> Message-47-0 (/127.0.0.1:49472)
21:20:57.180 [pool-1-thread-2] DEBUG com.mnc.udp.UDPServer - UDP-Server: Message-19-4
21:20:57.180 [pool-1-thread-3] DEBUG com.mnc.udp.UDPServer - UDP-Server: Message-98-3 -> Message-98-3 (/127.0.0.1:49523)
21:20:57.180 [pool-1-thread-4] DEBUG com.mnc.udp.UDPServer - UDP-Server: Message-38-19
21:20:57.180 [pool-1-thread-1] DEBUG com.mnc.udp.UDPServer - UDP-Server: Message-84-45
21:20:57.180 [pool-1-thread-2] DEBUG com.mnc.udp.UDPServer - UDP-Server: Message-19-4 -> Message-19-4 (/127.0.0.1:49444)
21:20:57.180 [pool-1-thread-4] DEBUG com.mnc.udp.UDPServer - UDP-Server: Message-38-19 -> Message-38-19 (/127.0.0.1:49463)
21:20:57.180 [pool-1-thread-1] DEBUG com.mnc.udp.UDPServer - UDP-Server: Message-84-45 -> Message-84-45 (/127.0.0.1:49509)
21:20:57.180 [pool-1-thread-5] DEBUG com.mnc.udp.UDPServer - UDP-Server: Message-98-4
21:20:57.180 [pool-1-thread-5] DEBUG com.mnc.udp.UDPServer - UDP-Server: Message-98-4 -> Message-98-4 (/127.0.0.1:49523)
21:20:57.180 [pool-1-thread-3] DEBUG com.mnc.udp.UDPServer - UDP-Server: Message-19-5
21:20:57.180 [pool-1-thread-2] DEBUG com.mnc.udp.UDPServer - UDP-Server: Message-38-20
21:20:57.180 [pool-1-thread-5] DEBUG com.mnc.udp.UDPServer - UDP-Server: Message-84-43
21:20:57.180 [pool-1-thread-2] DEBUG com.mnc.udp.UDPServer - UDP-Server: Message-38-20 -> Message-38-20 (/127.0.0.1:49463)
21:20:57.180 [pool-1-thread-5] DEBUG com.mnc.udp.UDPServer - UDP-Server: Message-84-43 -> Message-84-43 (/127.0.0.1:49509)
21:20:57.180 [pool-1-thread-3] DEBUG com.mnc.udp.UDPServer - UDP-Server: Message-19-5 -> Message-19-5 (/127.0.0.1:49444)
21:20:57.180 [pool-1-thread-2] DEBUG com.mnc.udp.UDPServer - UDP-Server: Message-98-5
21:20:57.180 [pool-1-thread-2] DEBUG com.mnc.udp.UDPServer - UDP-Server: Message-98-5 -> Message-98-5 (/127.0.0.1:49523)
21:20:57.180 [pool-1-thread-4] DEBUG com.mnc.udp.UDPServer - UDP-Server: Message-38-18
21:20:57.180 [pool-1-thread-1] DEBUG com.mnc.udp.UDPServer - UDP-Server: Message-84-57
21:20:57.180 [pool-1-thread-5] DEBUG com.mnc.udp.UDPServer - UDP-Server: Message-19-1
21:20:57.180 [pool-1-thread-4] DEBUG com.mnc.udp.UDPServer - UDP-Server: Message-38-18 -> Message-38-18 (/127.0.0.1:49463)
21:20:57.180 [pool-1-thread-3] DEBUG com.mnc.udp.UDPServer - UDP-Server: Message-98-1
21:20:57.180 [pool-1-thread-3] DEBUG com.mnc.udp.UDPServer - UDP-Server: Message-98-1 -> Message-98-1 (/127.0.0.1:49523)
21:20:57.180 [pool-1-thread-1] DEBUG com.mnc.udp.UDPServer - UDP-Server: Message-84-57 -> Message-84-57 (/127.0.0.1:49509)
21:20:57.180 [pool-1-thread-5] DEBUG com.mnc.udp.UDPServer - UDP-Server: Message-19-1 -> Message-19-1 (/127.0.0.1:49444)
21:20:57.180 [pool-1-thread-2] DEBUG com.mnc.udp.UDPServer - UDP-Server: Message-38-59
21:20:57.180 [pool-1-thread-2] DEBUG com.mnc.udp.UDPServer - UDP-Server: Message-38-59 -> Message-38-59 (/127.0.0.1:49463)
21:20:57.180 [pool-1-thread-3] DEBUG com.mnc.udp.UDPServer - UDP-Server: Message-84-58
21:20:57.180 [pool-1-thread-4] DEBUG com.mnc.udp.UDPServer - UDP-Server: Message-98-2
21:20:57.180 [pool-1-thread-2] DEBUG com.mnc.udp.UDPServer - UDP-Server: Message-19-2
21:20:57.180 [pool-1-thread-3] DEBUG com.mnc.udp.UDPServer - UDP-Server: Message-84-58 -> Message-84-58 (/127.0.0.1:49509)
21:20:57.180 [pool-1-thread-4] DEBUG com.mnc.udp.UDPServer - UDP-Server: Message-98-2 -> Message-98-2 (/127.0.0.1:49523)
21:20:57.180 [pool-1-thread-2] DEBUG com.mnc.udp.UDPServer - UDP-Server: Message-19-2 -> Message-19-2 (/127.0.0.1:49444)
21:20:57.180 [pool-1-thread-2] DEBUG com.mnc.udp.UDPServer - UDP-Server: Message-38-7
21:20:57.180 [pool-1-thread-2] DEBUG com.mnc.udp.UDPServer - UDP-Server: Message-38-7 -> Message-38-7 (/127.0.0.1:49463)
21:20:57.180 [pool-1-thread-1] DEBUG com.mnc.udp.UDPServer - UDP-Server: Message-84-48
21:20:57.180 [pool-1-thread-3] DEBUG com.mnc.udp.UDPServer - UDP-Server: Message-98-63
21:20:57.180 [pool-1-thread-3] DEBUG com.mnc.udp.UDPServer - UDP-Server: Message-98-63 -> Message-98-63 (/127.0.0.1:49523)
21:20:57.180 [pool-1-thread-5] DEBUG com.mnc.udp.UDPServer - UDP-Server: Message-38-8
21:20:57.180 [pool-1-thread-1] DEBUG com.mnc.udp.UDPServer - UDP-Server: Message-84-48 -> Message-84-48 (/127.0.0.1:49509)
21:20:57.180 [pool-1-thread-4] DEBUG com.mnc.udp.UDPServer - UDP-Server: Message-19-0
21:20:57.180 [pool-1-thread-5] DEBUG com.mnc.udp.UDPServer - UDP-Server: Message-38-8 -> Message-38-8 (/127.0.0.1:49463)
21:20:57.180 [pool-1-thread-4] DEBUG com.mnc.udp.UDPServer - UDP-Server: Message-19-0 -> Message-19-0 (/127.0.0.1:49444)
21:20:57.180 [pool-1-thread-4] DEBUG com.mnc.udp.UDPServer - UDP-Server: Message-98-64
21:20:57.180 [pool-1-thread-4] DEBUG com.mnc.udp.UDPServer - UDP-Server: Message-98-64 -> Message-98-64 (/127.0.0.1:49523)
21:20:57.180 [pool-1-thread-3] DEBUG com.mnc.udp.UDPServer - UDP-Server: Message-84-49
21:20:57.180 [pool-1-thread-3] DEBUG com.mnc.udp.UDPServer - UDP-Server: Message-84-49 -> Message-84-49 (/127.0.0.1:49509)
21:20:57.180 [pool-1-thread-4] DEBUG com.mnc.udp.UDPServer - UDP-Server: Message-38-6
21:20:57.181 [pool-1-thread-4] DEBUG com.mnc.udp.UDPServer - UDP-Server: Message-38-6 -> Message-38-6 (/127.0.0.1:49463)
21:20:57.181 [pool-1-thread-5] DEBUG com.mnc.udp.UDPServer - UDP-Server: Message-19-90
21:20:57.181 [pool-1-thread-2] DEBUG com.mnc.udp.UDPServer - UDP-Server: Message-98-62
21:20:57.181 [pool-1-thread-5] DEBUG com.mnc.udp.UDPServer - UDP-Server: Message-19-90 -> Message-19-90 (/127.0.0.1:49444)
21:20:57.181 [pool-1-thread-2] DEBUG com.mnc.udp.UDPServer - UDP-Server: Message-98-62 -> Message-98-62 (/127.0.0.1:49523)
21:20:57.181 [pool-1-thread-5] DEBUG com.mnc.udp.UDPServer - UDP-Server: Message-84-53
21:20:57.181 [pool-1-thread-5] DEBUG com.mnc.udp.UDPServer - UDP-Server: Message-84-53 -> Message-84-53 (/127.0.0.1:49509)
21:20:57.181 [pool-1-thread-5] DEBUG com.mnc.udp.UDPServer - UDP-Server: Message-38-10
21:20:57.181 [pool-1-thread-5] DEBUG com.mnc.udp.UDPServer - UDP-Server: Message-38-10 -> Message-38-10 (/127.0.0.1:49463)
21:20:57.181 [pool-1-thread-5] DEBUG com.mnc.udp.UDPServer - UDP-Server: Message-19-91
21:20:57.181 [pool-1-thread-5] DEBUG com.mnc.udp.UDPServer - UDP-Server: Message-19-91 -> Message-19-91 (/127.0.0.1:49444)
21:20:57.181 [pool-1-thread-1] DEBUG com.mnc.udp.UDPServer - UDP-Server: Message-98-69
21:20:57.181 [pool-1-thread-1] DEBUG com.mnc.udp.UDPServer - UDP-Server: Message-98-69 -> Message-98-69 (/127.0.0.1:49523)
21:20:57.181 [pool-1-thread-5] DEBUG com.mnc.udp.UDPServer - UDP-Server: Message-84-54
21:20:57.181 [pool-1-thread-3] DEBUG com.mnc.udp.UDPServer - UDP-Server: Message-38-11
21:20:57.181 [pool-1-thread-5] DEBUG com.mnc.udp.UDPServer - UDP-Server: Message-84-54 -> Message-84-54 (/127.0.0.1:49509)
21:20:57.181 [pool-1-thread-1] DEBUG com.mnc.udp.UDPServer - UDP-Server: Message-19-92
21:20:57.181 [pool-1-thread-3] DEBUG com.mnc.udp.UDPServer - UDP-Server: Message-38-11 -> Message-38-11 (/127.0.0.1:49463)
21:20:57.181 [pool-1-thread-1] DEBUG com.mnc.udp.UDPServer - UDP-Server: Message-19-92 -> Message-19-92 (/127.0.0.1:49444)
21:20:57.181 [pool-1-thread-3] DEBUG com.mnc.udp.UDPServer - UDP-Server: Message-98-70
21:20:57.181 [pool-1-thread-3] DEBUG com.mnc.udp.UDPServer - UDP-Server: Message-98-70 -> Message-98-70 (/127.0.0.1:49523)
21:20:57.181 [pool-1-thread-4] DEBUG com.mnc.udp.UDPServer - UDP-Server: Message-84-55
21:20:57.181 [pool-1-thread-4] DEBUG com.mnc.udp.UDPServer - UDP-Server: Message-84-55 -> Message-84-55 (/127.0.0.1:49509)
21:20:57.181 [pool-1-thread-5] DEBUG com.mnc.udp.UDPServer - UDP-Server: Message-38-9
21:20:57.181 [pool-1-thread-2] DEBUG com.mnc.udp.UDPServer - UDP-Server: Message-19-88
21:20:57.181 [pool-1-thread-5] DEBUG com.mnc.udp.UDPServer - UDP-Server: Message-38-9 -> Message-38-9 (/127.0.0.1:49463)
21:20:57.181 [pool-1-thread-2] DEBUG com.mnc.udp.UDPServer - UDP-Server: Message-19-88 -> Message-19-88 (/127.0.0.1:49444)
21:20:57.181 [pool-1-thread-1] DEBUG com.mnc.udp.UDPServer - UDP-Server: Message-98-68
21:20:57.181 [pool-1-thread-1] DEBUG com.mnc.udp.UDPServer - UDP-Server: Message-98-68 -> Message-98-68 (/127.0.0.1:49523)
21:20:57.181 [pool-1-thread-3] DEBUG com.mnc.udp.UDPServer - UDP-Server: Message-84-91
21:20:57.181 [pool-1-thread-4] DEBUG com.mnc.udp.UDPServer - UDP-Server: Message-19-89
21:20:57.181 [pool-1-thread-3] DEBUG com.mnc.udp.UDPServer - UDP-Server: Message-84-91 -> Message-84-91 (/127.0.0.1:49509)
21:20:57.181 [pool-1-thread-2] DEBUG com.mnc.udp.UDPServer - UDP-Server: Message-98-66
21:20:57.181 [pool-1-thread-2] DEBUG com.mnc.udp.UDPServer - UDP-Server: Message-98-66 -> Message-98-66 (/127.0.0.1:49523)
21:20:57.181 [pool-1-thread-5] DEBUG com.mnc.udp.UDPServer - UDP-Server: Message-38-53
21:20:57.181 [pool-1-thread-4] DEBUG com.mnc.udp.UDPServer - UDP-Server: Message-19-89 -> Message-19-89 (/127.0.0.1:49444)
21:20:57.181 [pool-1-thread-5] DEBUG com.mnc.udp.UDPServer - UDP-Server: Message-38-53 -> Message-38-53 (/127.0.0.1:49463)
21:20:57.181 [pool-1-thread-5] DEBUG com.mnc.udp.UDPServer - UDP-Server: Message-84-71
21:20:57.181 [pool-1-thread-5] DEBUG com.mnc.udp.UDPServer - UDP-Server: Message-84-71 -> Message-84-71 (/127.0.0.1:49509)
21:20:57.181 [pool-1-thread-3] DEBUG com.mnc.udp.UDPServer - UDP-Server: Message-98-67
21:20:57.181 [pool-1-thread-2] DEBUG com.mnc.udp.UDPServer - UDP-Server: Message-19-87
21:20:57.181 [pool-1-thread-3] DEBUG com.mnc.udp.UDPServer - UDP-Server: Message-98-67 -> Message-98-67 (/127.0.0.1:49523)
21:20:57.181 [pool-1-thread-2] DEBUG com.mnc.udp.UDPServer - UDP-Server: Message-19-87 -> Message-19-87 (/127.0.0.1:49444)
21:20:57.181 [pool-1-thread-4] DEBUG com.mnc.udp.UDPServer - UDP-Server: Message-38-54
21:20:57.181 [pool-1-thread-4] DEBUG com.mnc.udp.UDPServer - UDP-Server: Message-38-54 -> Message-38-54 (/127.0.0.1:49463)
21:20:57.181 [pool-1-thread-1] DEBUG com.mnc.udp.UDPServer - UDP-Server: Message-84-72
21:20:57.181 [pool-1-thread-1] DEBUG com.mnc.udp.UDPServer - UDP-Server: Message-84-72 -> Message-84-72 (/127.0.0.1:49509)
21:20:57.181 [pool-1-thread-5] DEBUG com.mnc.udp.UDPServer - UDP-Server: Message-98-0
21:20:57.181 [pool-1-thread-5] DEBUG com.mnc.udp.UDPServer - UDP-Server: Message-98-0 -> Message-98-0 (/127.0.0.1:49523)
21:20:57.181 [pool-1-thread-3] DEBUG com.mnc.udp.UDPServer - UDP-Server: Message-19-96
21:20:57.181 [pool-1-thread-1] DEBUG com.mnc.udp.UDPServer - UDP-Server: Message-40-32
21:20:57.181 [pool-1-thread-3] DEBUG com.mnc.udp.UDPServer - UDP-Server: Message-19-96 -> Message-19-96 (/127.0.0.1:49444)
21:20:57.181 [pool-1-thread-4] DEBUG com.mnc.udp.UDPServer - UDP-Server: Message-38-55
21:20:57.181 [pool-1-thread-1] DEBUG com.mnc.udp.UDPServer - UDP-Server: Message-40-32 -> Message-40-32 (/127.0.0.1:49465)
21:20:57.181 [pool-1-thread-4] DEBUG com.mnc.udp.UDPServer - UDP-Server: Message-38-55 -> Message-38-55 (/127.0.0.1:49463)
21:20:57.181 [pool-1-thread-2] DEBUG com.mnc.udp.UDPServer - UDP-Server: Message-84-51
21:20:57.181 [pool-1-thread-1] DEBUG com.mnc.udp.UDPServer - UDP-Server: Message-98-73
21:20:57.181 [pool-1-thread-1] DEBUG com.mnc.udp.UDPServer - UDP-Server: Message-98-73 -> Message-98-73 (/127.0.0.1:49523)
21:20:57.181 [pool-1-thread-2] DEBUG com.mnc.udp.UDPServer - UDP-Server: Message-84-51 -> Message-84-51 (/127.0.0.1:49509)
21:20:57.181 [pool-1-thread-3] DEBUG com.mnc.udp.UDPServer - UDP-Server: Message-19-97
21:20:57.181 [pool-1-thread-3] DEBUG com.mnc.udp.UDPServer - UDP-Server: Message-19-97 -> Message-19-97 (/127.0.0.1:49444)
21:20:57.181 [pool-1-thread-4] DEBUG com.mnc.udp.UDPServer - UDP-Server: Message-38-51
21:20:57.181 [pool-1-thread-5] DEBUG com.mnc.udp.UDPServer - UDP-Server: Message-40-33
21:20:57.181 [pool-1-thread-1] DEBUG com.mnc.udp.UDPServer - UDP-Server: Message-98-74
21:20:57.181 [pool-1-thread-4] DEBUG com.mnc.udp.UDPServer - UDP-Server: Message-38-51 -> Message-38-51 (/127.0.0.1:49463)
21:20:57.181 [pool-1-thread-5] DEBUG com.mnc.udp.UDPServer - UDP-Server: Message-40-33 -> Message-40-33 (/127.0.0.1:49465)
21:20:57.181 [pool-1-thread-3] DEBUG com.mnc.udp.UDPServer - UDP-Server: Message-84-52
21:20:57.181 [pool-1-thread-3] DEBUG com.mnc.udp.UDPServer - UDP-Server: Message-84-52 -> Message-84-52 (/127.0.0.1:49509)
21:20:57.181 [pool-1-thread-1] DEBUG com.mnc.udp.UDPServer - UDP-Server: Message-98-74 -> Message-98-74 (/127.0.0.1:49523)
21:20:57.181 [pool-1-thread-2] DEBUG com.mnc.udp.UDPServer - UDP-Server: Message-19-98
21:20:57.182 [pool-1-thread-2] DEBUG com.mnc.udp.UDPServer - UDP-Server: Message-19-98 -> Message-19-98 (/127.0.0.1:49444)
21:20:57.182 [pool-1-thread-5] DEBUG com.mnc.udp.UDPServer - UDP-Server: Message-40-31
21:20:57.182 [pool-1-thread-4] DEBUG com.mnc.udp.UDPServer - UDP-Server: Message-38-52
21:20:57.182 [pool-1-thread-5] DEBUG com.mnc.udp.UDPServer - UDP-Server: Message-40-31 -> Message-40-31 (/127.0.0.1:49465)
21:20:57.182 [pool-1-thread-4] DEBUG com.mnc.udp.UDPServer - UDP-Server: Message-38-52 -> Message-38-52 (/127.0.0.1:49463)
21:20:57.182 [pool-1-thread-3] DEBUG com.mnc.udp.UDPServer - UDP-Server: Message-84-50
21:20:57.182 [pool-1-thread-3] DEBUG com.mnc.udp.UDPServer - UDP-Server: Message-84-50 -> Message-84-50 (/127.0.0.1:49509)
21:20:57.182 [pool-1-thread-1] DEBUG com.mnc.udp.UDPServer - UDP-Server: Message-19-99
21:20:57.182 [pool-1-thread-1] DEBUG com.mnc.udp.UDPServer - UDP-Server: Message-19-99 -> Message-19-99 (/127.0.0.1:49444)
21:20:57.182 [pool-1-thread-2] DEBUG com.mnc.udp.UDPServer - UDP-Server: Message-40-35
21:20:57.182 [pool-1-thread-2] DEBUG com.mnc.udp.UDPServer - UDP-Server: Message-40-35 -> Message-40-35 (/127.0.0.1:49465)
21:20:57.182 [pool-1-thread-5] DEBUG com.mnc.udp.UDPServer - UDP-Server: Message-38-50
21:20:57.182 [pool-1-thread-4] DEBUG com.mnc.udp.UDPServer - UDP-Server: Message-84-46
21:20:57.182 [pool-1-thread-4] DEBUG com.mnc.udp.UDPServer - UDP-Server: Message-84-46 -> Message-84-46 (/127.0.0.1:49509)
21:20:57.182 [pool-1-thread-3] DEBUG com.mnc.udp.UDPServer - UDP-Server: Message-19-94
21:20:57.182 [pool-1-thread-5] DEBUG com.mnc.udp.UDPServer - UDP-Server: Message-38-50 -> Message-38-50 (/127.0.0.1:49463)
21:20:57.182 [pool-1-thread-3] DEBUG com.mnc.udp.UDPServer - UDP-Server: Message-19-94 -> Message-19-94 (/127.0.0.1:49444)
21:20:57.182 [pool-1-thread-1] DEBUG com.mnc.udp.UDPServer - UDP-Server: Message-40-36
21:20:57.182 [pool-1-thread-1] DEBUG com.mnc.udp.UDPServer - UDP-Server: Message-40-36 -> Message-40-36 (/127.0.0.1:49465)
21:20:57.182 [pool-1-thread-2] DEBUG com.mnc.udp.UDPServer - UDP-Server: Message-84-47
21:20:57.182 [pool-1-thread-2] DEBUG com.mnc.udp.UDPServer - UDP-Server: Message-84-47 -> Message-84-47 (/127.0.0.1:49509)
21:20:57.182 [pool-1-thread-1] DEBUG com.mnc.udp.UDPServer - UDP-Server: Message-19-95
21:20:57.182 [pool-1-thread-4] DEBUG com.mnc.udp.UDPServer - UDP-Server: Message-38-3
21:20:57.182 [pool-1-thread-1] DEBUG com.mnc.udp.UDPServer - UDP-Server: Message-19-95 -> Message-19-95 (/127.0.0.1:49444)
21:20:57.182 [pool-1-thread-4] DEBUG com.mnc.udp.UDPServer - UDP-Server: Message-38-3 -> Message-38-3 (/127.0.0.1:49463)
21:20:57.182 [pool-1-thread-3] DEBUG com.mnc.udp.UDPServer - UDP-Server: Message-40-34
21:20:57.182 [pool-1-thread-5] DEBUG com.mnc.udp.UDPServer - UDP-Server: Message-84-56
21:20:57.182 [pool-1-thread-2] DEBUG com.mnc.udp.UDPServer - UDP-Server: Message-19-93
21:20:57.182 [pool-1-thread-2] DEBUG com.mnc.udp.UDPServer - UDP-Server: Message-19-93 -> Message-19-93 (/127.0.0.1:49444)
21:20:57.182 [pool-1-thread-3] DEBUG com.mnc.udp.UDPServer - UDP-Server: Message-40-34 -> Message-40-34 (/127.0.0.1:49465)
21:20:57.182 [pool-1-thread-1] DEBUG com.mnc.udp.UDPServer - UDP-Server: Message-38-4
21:20:57.182 [pool-1-thread-5] DEBUG com.mnc.udp.UDPServer - UDP-Server: Message-84-56 -> Message-84-56 (/127.0.0.1:49509)
21:20:57.182 [pool-1-thread-1] DEBUG com.mnc.udp.UDPServer - UDP-Server: Message-38-4 -> Message-38-4 (/127.0.0.1:49463)
21:20:57.182 [pool-1-thread-4] DEBUG com.mnc.udp.UDPServer - UDP-Server: Message-19-82
21:20:57.182 [pool-1-thread-1] DEBUG com.mnc.udp.UDPServer - UDP-Server: Message-40-28
21:20:57.182 [pool-1-thread-4] DEBUG com.mnc.udp.UDPServer - UDP-Server: Message-19-82 -> Message-19-82 (/127.0.0.1:49444)
21:20:57.182 [pool-1-thread-1] DEBUG com.mnc.udp.UDPServer - UDP-Server: Message-40-28 -> Message-40-28 (/127.0.0.1:49465)
21:20:57.182 [pool-1-thread-4] DEBUG com.mnc.udp.UDPServer - UDP-Server: Message-38-5
21:20:57.182 [pool-1-thread-3] DEBUG com.mnc.udp.UDPServer - UDP-Server: Message-84-40
21:20:57.182 [pool-1-thread-4] DEBUG com.mnc.udp.UDPServer - UDP-Server: Message-38-5 -> Message-38-5 (/127.0.0.1:49463)
21:20:57.182 [pool-1-thread-2] DEBUG com.mnc.udp.UDPServer - UDP-Server: Message-19-83
21:20:57.182 [pool-1-thread-2] DEBUG com.mnc.udp.UDPServer - UDP-Server: Message-19-83 -> Message-19-83 (/127.0.0.1:49444)
21:20:57.182 [pool-1-thread-3] DEBUG com.mnc.udp.UDPServer - UDP-Server: Message-84-40 -> Message-84-40 (/127.0.0.1:49509)
21:20:57.182 [pool-1-thread-5] DEBUG com.mnc.udp.UDPServer - UDP-Server: Message-40-29
21:20:57.182 [pool-1-thread-5] DEBUG com.mnc.udp.UDPServer - UDP-Server: Message-40-29 -> Message-40-29 (/127.0.0.1:49465)
21:20:57.182 [pool-1-thread-1] DEBUG com.mnc.udp.UDPServer - UDP-Server: Message-38-71
21:20:57.182 [pool-1-thread-1] DEBUG com.mnc.udp.UDPServer - UDP-Server: Message-38-71 -> Message-38-71 (/127.0.0.1:49463)
21:20:57.182 [pool-1-thread-4] DEBUG com.mnc.udp.UDPServer - UDP-Server: Message-19-81
21:20:57.182 [pool-1-thread-4] DEBUG com.mnc.udp.UDPServer - UDP-Server: Message-19-81 -> Message-19-81 (/127.0.0.1:49444)
21:20:57.182 [pool-1-thread-4] DEBUG com.mnc.udp.UDPServer - UDP-Server: Message-84-60
21:20:57.182 [pool-1-thread-4] DEBUG com.mnc.udp.UDPServer - UDP-Server: Message-84-60 -> Message-84-60 (/127.0.0.1:49509)
21:20:57.182 [pool-1-thread-3] DEBUG com.mnc.udp.UDPServer - UDP-Server: Message-40-30
21:20:57.182 [pool-1-thread-4] DEBUG com.mnc.udp.UDPServer - UDP-Server: Message-38-72
21:20:57.182 [pool-1-thread-3] DEBUG com.mnc.udp.UDPServer - UDP-Server: Message-40-30 -> Message-40-30 (/127.0.0.1:49465)
21:20:57.182 [pool-1-thread-4] DEBUG com.mnc.udp.UDPServer - UDP-Server: Message-38-72 -> Message-38-72 (/127.0.0.1:49463)
21:20:57.182 [pool-1-thread-1] DEBUG com.mnc.udp.UDPServer - UDP-Server: Message-19-85
21:20:57.182 [pool-1-thread-1] DEBUG com.mnc.udp.UDPServer - UDP-Server: Message-19-85 -> Message-19-85 (/127.0.0.1:49444)
21:20:57.182 [pool-1-thread-1] DEBUG com.mnc.udp.UDPServer - UDP-Server: Message-84-61
21:20:57.182 [pool-1-thread-5] DEBUG com.mnc.udp.UDPServer - UDP-Server: Message-40-26
21:20:57.182 [pool-1-thread-3] DEBUG com.mnc.udp.UDPServer - UDP-Server: Message-38-1
21:20:57.182 [pool-1-thread-4] DEBUG com.mnc.udp.UDPServer - UDP-Server: Message-19-86
21:20:57.182 [pool-1-thread-3] DEBUG com.mnc.udp.UDPServer - UDP-Server: Message-38-1 -> Message-38-1 (/127.0.0.1:49463)
21:20:57.182 [pool-1-thread-4] DEBUG com.mnc.udp.UDPServer - UDP-Server: Message-19-86 -> Message-19-86 (/127.0.0.1:49444)
21:20:57.182 [pool-1-thread-1] DEBUG com.mnc.udp.UDPServer - UDP-Server: Message-84-61 -> Message-84-61 (/127.0.0.1:49509)
21:20:57.182 [pool-1-thread-5] DEBUG com.mnc.udp.UDPServer - UDP-Server: Message-40-26 -> Message-40-26 (/127.0.0.1:49465)
21:20:57.183 [pool-1-thread-3] DEBUG com.mnc.udp.UDPServer - UDP-Server: Message-84-59
21:20:57.183 [pool-1-thread-4] DEBUG com.mnc.udp.UDPServer - UDP-Server: Message-19-84
21:20:57.183 [pool-1-thread-3] DEBUG com.mnc.udp.UDPServer - UDP-Server: Message-84-59 -> Message-84-59 (/127.0.0.1:49509)
21:20:57.183 [pool-1-thread-2] DEBUG com.mnc.udp.UDPServer - UDP-Server: Message-38-2
21:20:57.183 [pool-1-thread-1] DEBUG com.mnc.udp.UDPServer - UDP-Server: Message-40-27
21:20:57.183 [pool-1-thread-4] DEBUG com.mnc.udp.UDPServer - UDP-Server: Message-19-84 -> Message-19-84 (/127.0.0.1:49444)
21:20:57.183 [pool-1-thread-1] DEBUG com.mnc.udp.UDPServer - UDP-Server: Message-40-27 -> Message-40-27 (/127.0.0.1:49465)
21:20:57.183 [pool-1-thread-2] DEBUG com.mnc.udp.UDPServer - UDP-Server: Message-38-2 -> Message-38-2 (/127.0.0.1:49463)
21:20:57.183 [pool-1-thread-4] DEBUG com.mnc.udp.UDPServer - UDP-Server: Message-84-62
21:20:57.183 [pool-1-thread-4] DEBUG com.mnc.udp.UDPServer - UDP-Server: Message-84-62 -> Message-84-62 (/127.0.0.1:49509)
21:20:57.183 [pool-1-thread-3] DEBUG com.mnc.udp.UDPServer - UDP-Server: Message-19-78
21:20:57.183 [pool-1-thread-3] DEBUG com.mnc.udp.UDPServer - UDP-Server: Message-19-78 -> Message-19-78 (/127.0.0.1:49444)
21:20:57.183 [pool-1-thread-5] DEBUG com.mnc.udp.UDPServer - UDP-Server: Message-40-90
21:20:57.183 [pool-1-thread-5] DEBUG com.mnc.udp.UDPServer - UDP-Server: Message-40-90 -> Message-40-90 (/127.0.0.1:49465)
21:20:57.183 [pool-1-thread-2] DEBUG com.mnc.udp.UDPServer - UDP-Server: Message-84-73
21:20:57.183 [pool-1-thread-2] DEBUG com.mnc.udp.UDPServer - UDP-Server: Message-84-73 -> Message-84-73 (/127.0.0.1:49509)
21:20:57.183 [pool-1-thread-1] DEBUG com.mnc.udp.UDPServer - UDP-Server: Message-38-73
21:20:57.183 [pool-1-thread-1] DEBUG com.mnc.udp.UDPServer - UDP-Server: Message-38-73 -> Message-38-73 (/127.0.0.1:49463)
21:20:57.183 [pool-1-thread-4] DEBUG com.mnc.udp.UDPServer - UDP-Server: Message-19-79
21:20:57.183 [pool-1-thread-1] DEBUG com.mnc.udp.UDPServer - UDP-Server: Message-40-91
21:20:57.183 [pool-1-thread-4] DEBUG com.mnc.udp.UDPServer - UDP-Server: Message-19-79 -> Message-19-79 (/127.0.0.1:49444)
21:20:57.183 [pool-1-thread-1] DEBUG com.mnc.udp.UDPServer - UDP-Server: Message-40-91 -> Message-40-91 (/127.0.0.1:49465)
21:20:57.183 [pool-1-thread-5] DEBUG com.mnc.udp.UDPServer - UDP-Server: Message-84-74
21:20:57.183 [pool-1-thread-4] DEBUG com.mnc.udp.UDPServer - UDP-Server: Message-38-74
21:20:57.183 [pool-1-thread-4] DEBUG com.mnc.udp.UDPServer - UDP-Server: Message-38-74 -> Message-38-74 (/127.0.0.1:49463)
21:20:57.183 [pool-1-thread-5] DEBUG com.mnc.udp.UDPServer - UDP-Server: Message-84-74 -> Message-84-74 (/127.0.0.1:49509)
21:20:57.183 [pool-1-thread-4] DEBUG com.mnc.udp.UDPServer - UDP-Server: Message-19-80
21:20:57.183 [pool-1-thread-3] DEBUG com.mnc.udp.UDPServer - UDP-Server: Message-40-92
21:20:57.183 [pool-1-thread-4] DEBUG com.mnc.udp.UDPServer - UDP-Server: Message-19-80 -> Message-19-80 (/127.0.0.1:49444)
21:20:57.183 [pool-1-thread-3] DEBUG com.mnc.udp.UDPServer - UDP-Server: Message-40-92 -> Message-40-92 (/127.0.0.1:49465)
21:20:57.183 [pool-1-thread-3] DEBUG com.mnc.udp.UDPServer - UDP-Server: Message-38-0
21:20:57.183 [pool-1-thread-3] DEBUG com.mnc.udp.UDPServer - UDP-Server: Message-38-0 -> Message-38-0 (/127.0.0.1:49463)
21:20:57.183 [pool-1-thread-1] DEBUG com.mnc.udp.UDPServer - UDP-Server: Message-84-92
21:20:57.183 [pool-1-thread-5] DEBUG com.mnc.udp.UDPServer - UDP-Server: Message-19-76
21:20:57.183 [pool-1-thread-1] DEBUG com.mnc.udp.UDPServer - UDP-Server: Message-84-92 -> Message-84-92 (/127.0.0.1:49509)
21:20:57.183 [pool-1-thread-5] DEBUG com.mnc.udp.UDPServer - UDP-Server: Message-19-76 -> Message-19-76 (/127.0.0.1:49444)
21:20:57.183 [pool-1-thread-4] DEBUG com.mnc.udp.UDPServer - UDP-Server: Message-40-88
21:20:57.183 [pool-1-thread-4] DEBUG com.mnc.udp.UDPServer - UDP-Server: Message-40-88 -> Message-40-88 (/127.0.0.1:49465)
21:20:57.183 [pool-1-thread-2] DEBUG com.mnc.udp.UDPServer - UDP-Server: Message-38-63
21:20:57.183 [pool-1-thread-2] DEBUG com.mnc.udp.UDPServer - UDP-Server: Message-38-63 -> Message-38-63 (/127.0.0.1:49463)
21:20:57.183 [pool-1-thread-3] DEBUG com.mnc.udp.UDPServer - UDP-Server: Message-84-69
21:20:57.183 [pool-1-thread-3] DEBUG com.mnc.udp.UDPServer - UDP-Server: Message-84-69 -> Message-84-69 (/127.0.0.1:49509)
21:20:57.183 [pool-1-thread-1] DEBUG com.mnc.udp.UDPServer - UDP-Server: Message-19-77
21:20:57.183 [pool-1-thread-2] DEBUG com.mnc.udp.UDPServer - UDP-Server: Message-40-89
21:20:57.183 [pool-1-thread-2] DEBUG com.mnc.udp.UDPServer - UDP-Server: Message-40-89 -> Message-40-89 (/127.0.0.1:49465)
21:20:57.183 [pool-1-thread-1] DEBUG com.mnc.udp.UDPServer - UDP-Server: Message-19-77 -> Message-19-77 (/127.0.0.1:49444)
21:20:57.183 [pool-1-thread-2] DEBUG com.mnc.udp.UDPServer - UDP-Server: Message-38-64
21:20:57.183 [pool-1-thread-2] DEBUG com.mnc.udp.UDPServer - UDP-Server: Message-38-64 -> Message-38-64 (/127.0.0.1:49463)
21:20:57.183 [pool-1-thread-5] DEBUG com.mnc.udp.UDPServer - UDP-Server: Message-84-70
21:20:57.183 [pool-1-thread-5] DEBUG com.mnc.udp.UDPServer - UDP-Server: Message-84-70 -> Message-84-70 (/127.0.0.1:49509)
21:20:57.183 [pool-1-thread-5] DEBUG com.mnc.udp.UDPServer - UDP-Server: Message-40-87
21:20:57.183 [pool-1-thread-5] DEBUG com.mnc.udp.UDPServer - UDP-Server: Message-40-87 -> Message-40-87 (/127.0.0.1:49465)
21:20:57.183 [pool-1-thread-3] DEBUG com.mnc.udp.UDPServer - UDP-Server: Message-19-75
21:20:57.183 [pool-1-thread-3] DEBUG com.mnc.udp.UDPServer - UDP-Server: Message-19-75 -> Message-19-75 (/127.0.0.1:49444)
21:20:57.183 [pool-1-thread-2] DEBUG com.mnc.udp.UDPServer - UDP-Server: Message-84-68
21:20:57.183 [pool-1-thread-1] DEBUG com.mnc.udp.UDPServer - UDP-Server: Message-38-69
21:20:57.183 [pool-1-thread-2] DEBUG com.mnc.udp.UDPServer - UDP-Server: Message-84-68 -> Message-84-68 (/127.0.0.1:49509)
21:20:57.183 [pool-1-thread-1] DEBUG com.mnc.udp.UDPServer - UDP-Server: Message-38-69 -> Message-38-69 (/127.0.0.1:49463)
21:20:57.183 [pool-1-thread-4] DEBUG com.mnc.udp.UDPServer - UDP-Server: Message-40-15
21:20:57.183 [pool-1-thread-2] DEBUG com.mnc.udp.UDPServer - UDP-Server: Message-19-57
21:20:57.183 [pool-1-thread-4] DEBUG com.mnc.udp.UDPServer - UDP-Server: Message-40-15 -> Message-40-15 (/127.0.0.1:49465)
21:20:57.183 [pool-1-thread-2] DEBUG com.mnc.udp.UDPServer - UDP-Server: Message-19-57 -> Message-19-57 (/127.0.0.1:49444)
21:20:57.183 [pool-1-thread-3] DEBUG com.mnc.udp.UDPServer - UDP-Server: Message-84-41
21:20:57.183 [pool-1-thread-2] DEBUG com.mnc.udp.UDPServer - UDP-Server: Message-38-70
21:20:57.183 [pool-1-thread-3] DEBUG com.mnc.udp.UDPServer - UDP-Server: Message-84-41 -> Message-84-41 (/127.0.0.1:49509)
21:20:57.184 [pool-1-thread-2] DEBUG com.mnc.udp.UDPServer - UDP-Server: Message-38-70 -> Message-38-70 (/127.0.0.1:49463)
21:20:57.184 [pool-1-thread-3] DEBUG com.mnc.udp.UDPServer - UDP-Server: Message-19-58
21:20:57.184 [pool-1-thread-1] DEBUG com.mnc.udp.UDPServer - UDP-Server: Message-40-16
21:20:57.184 [pool-1-thread-3] DEBUG com.mnc.udp.UDPServer - UDP-Server: Message-19-58 -> Message-19-58 (/127.0.0.1:49444)
21:20:57.184 [pool-1-thread-1] DEBUG com.mnc.udp.UDPServer - UDP-Server: Message-40-16 -> Message-40-16 (/127.0.0.1:49465)
21:20:57.184 [pool-1-thread-3] DEBUG com.mnc.udp.UDPServer - UDP-Server: Message-84-42
21:20:57.184 [pool-1-thread-3] DEBUG com.mnc.udp.UDPServer - UDP-Server: Message-84-42 -> Message-84-42 (/127.0.0.1:49509)
21:20:57.184 [pool-1-thread-1] DEBUG com.mnc.udp.UDPServer - UDP-Server: Message-38-62
21:20:57.184 [pool-1-thread-1] DEBUG com.mnc.udp.UDPServer - UDP-Server: Message-38-62 -> Message-38-62 (/127.0.0.1:49463)
21:20:57.184 [pool-1-thread-1] DEBUG com.mnc.udp.UDPServer - UDP-Server: Message-19-56
21:20:57.184 [pool-1-thread-1] DEBUG com.mnc.udp.UDPServer - UDP-Server: Message-19-56 -> Message-19-56 (/127.0.0.1:49444)
21:20:57.184 [pool-1-thread-5] DEBUG com.mnc.udp.UDPServer - UDP-Server: Message-40-17
21:20:57.184 [pool-1-thread-4] DEBUG com.mnc.udp.UDPServer - UDP-Server: Message-84-38
21:20:57.184 [pool-1-thread-5] DEBUG com.mnc.udp.UDPServer - UDP-Server: Message-40-17 -> Message-40-17 (/127.0.0.1:49465)
21:20:57.184 [pool-1-thread-3] DEBUG com.mnc.udp.UDPServer - UDP-Server: Message-38-68
21:20:57.184 [pool-1-thread-4] DEBUG com.mnc.udp.UDPServer - UDP-Server: Message-84-38 -> Message-84-38 (/127.0.0.1:49509)
21:20:57.184 [pool-1-thread-3] DEBUG com.mnc.udp.UDPServer - UDP-Server: Message-38-68 -> Message-38-68 (/127.0.0.1:49463)
21:20:57.184 [pool-1-thread-2] DEBUG com.mnc.udp.UDPServer - UDP-Server: Message-19-60
21:20:57.184 [pool-1-thread-2] DEBUG com.mnc.udp.UDPServer - UDP-Server: Message-19-60 -> Message-19-60 (/127.0.0.1:49444)
21:20:57.184 [pool-1-thread-1] DEBUG com.mnc.udp.UDPServer - UDP-Server: Message-40-25
21:20:57.184 [pool-1-thread-5] DEBUG com.mnc.udp.UDPServer - UDP-Server: Message-84-39
21:20:57.184 [pool-1-thread-1] DEBUG com.mnc.udp.UDPServer - UDP-Server: Message-40-25 -> Message-40-25 (/127.0.0.1:49465)
21:20:57.184 [pool-1-thread-4] DEBUG com.mnc.udp.UDPServer - UDP-Server: Message-78-32
21:20:57.184 [pool-1-thread-5] DEBUG com.mnc.udp.UDPServer - UDP-Server: Message-84-39 -> Message-84-39 (/127.0.0.1:49509)
21:20:57.184 [pool-1-thread-3] DEBUG com.mnc.udp.UDPServer - UDP-Server: Message-38-66
21:20:57.184 [pool-1-thread-3] DEBUG com.mnc.udp.UDPServer - UDP-Server: Message-38-66 -> Message-38-66 (/127.0.0.1:49463)
21:20:57.184 [pool-1-thread-4] DEBUG com.mnc.udp.UDPServer - UDP-Server: Message-78-32 -> Message-78-32 (/127.0.0.1:49503)
21:20:57.184 [pool-1-thread-2] DEBUG com.mnc.udp.UDPServer - UDP-Server: Message-19-61
21:20:57.184 [pool-1-thread-1] DEBUG com.mnc.udp.UDPServer - UDP-Server: Message-40-57
21:20:57.184 [pool-1-thread-2] DEBUG com.mnc.udp.UDPServer - UDP-Server: Message-19-61 -> Message-19-61 (/127.0.0.1:49444)
21:20:57.184 [pool-1-thread-1] DEBUG com.mnc.udp.UDPServer - UDP-Server: Message-40-57 -> Message-40-57 (/127.0.0.1:49465)
21:20:57.184 [pool-1-thread-5] DEBUG com.mnc.udp.UDPServer - UDP-Server: Message-84-37
21:20:57.184 [pool-1-thread-5] DEBUG com.mnc.udp.UDPServer - UDP-Server: Message-84-37 -> Message-84-37 (/127.0.0.1:49509)
21:20:57.184 [pool-1-thread-1] DEBUG com.mnc.udp.UDPServer - UDP-Server: Message-38-67
21:20:57.184 [pool-1-thread-1] DEBUG com.mnc.udp.UDPServer - UDP-Server: Message-38-67 -> Message-38-67 (/127.0.0.1:49463)
21:20:57.184 [pool-1-thread-4] DEBUG com.mnc.udp.UDPServer - UDP-Server: Message-78-33
21:20:57.184 [pool-1-thread-2] DEBUG com.mnc.udp.UDPServer - UDP-Server: Message-19-59
21:20:57.184 [pool-1-thread-4] DEBUG com.mnc.udp.UDPServer - UDP-Server: Message-78-33 -> Message-78-33 (/127.0.0.1:49503)
21:20:57.184 [pool-1-thread-3] DEBUG com.mnc.udp.UDPServer - UDP-Server: Message-40-58
21:20:57.184 [pool-1-thread-5] DEBUG com.mnc.udp.UDPServer - UDP-Server: Message-84-63
21:20:57.184 [pool-1-thread-2] DEBUG com.mnc.udp.UDPServer - UDP-Server: Message-19-59 -> Message-19-59 (/127.0.0.1:49444)
21:20:57.184 [pool-1-thread-3] DEBUG com.mnc.udp.UDPServer - UDP-Server: Message-40-58 -> Message-40-58 (/127.0.0.1:49465)
21:20:57.184 [pool-1-thread-5] DEBUG com.mnc.udp.UDPServer - UDP-Server: Message-84-63 -> Message-84-63 (/127.0.0.1:49509)
21:20:57.184 [pool-1-thread-5] DEBUG com.mnc.udp.UDPServer - UDP-Server: Message-78-31
21:20:57.184 [pool-1-thread-5] DEBUG com.mnc.udp.UDPServer - UDP-Server: Message-78-31 -> Message-78-31 (/127.0.0.1:49503)
21:20:57.184 [pool-1-thread-4] DEBUG com.mnc.udp.UDPServer - UDP-Server: Message-19-53
21:20:57.184 [pool-1-thread-2] DEBUG com.mnc.udp.UDPServer - UDP-Server: Message-40-44
21:20:57.184 [pool-1-thread-4] DEBUG com.mnc.udp.UDPServer - UDP-Server: Message-19-53 -> Message-19-53 (/127.0.0.1:49444)
21:20:57.184 [pool-1-thread-3] DEBUG com.mnc.udp.UDPServer - UDP-Server: Message-84-64
21:20:57.184 [pool-1-thread-2] DEBUG com.mnc.udp.UDPServer - UDP-Server: Message-40-44 -> Message-40-44 (/127.0.0.1:49465)
21:20:57.184 [pool-1-thread-3] DEBUG com.mnc.udp.UDPServer - UDP-Server: Message-84-64 -> Message-84-64 (/127.0.0.1:49509)
21:20:57.184 [pool-1-thread-1] DEBUG com.mnc.udp.UDPServer - UDP-Server: Message-78-35
21:20:57.184 [pool-1-thread-1] DEBUG com.mnc.udp.UDPServer - UDP-Server: Message-78-35 -> Message-78-35 (/127.0.0.1:49503)
21:20:57.184 [pool-1-thread-5] DEBUG com.mnc.udp.UDPServer - UDP-Server: Message-19-54
21:20:57.184 [pool-1-thread-5] DEBUG com.mnc.udp.UDPServer - UDP-Server: Message-19-54 -> Message-19-54 (/127.0.0.1:49444)
21:20:57.184 [pool-1-thread-4] DEBUG com.mnc.udp.UDPServer - UDP-Server: Message-40-45
21:20:57.184 [pool-1-thread-4] DEBUG com.mnc.udp.UDPServer - UDP-Server: Message-40-45 -> Message-40-45 (/127.0.0.1:49465)
21:20:57.184 [pool-1-thread-2] DEBUG com.mnc.udp.UDPServer - UDP-Server: Message-61-32
21:20:57.184 [pool-1-thread-2] DEBUG com.mnc.udp.UDPServer - UDP-Server: Message-61-32 -> Message-61-32 (/127.0.0.1:49486)
21:20:57.184 [pool-1-thread-3] DEBUG com.mnc.udp.UDPServer - UDP-Server: Message-84-15
21:20:57.184 [pool-1-thread-1] DEBUG com.mnc.udp.UDPServer - UDP-Server: Message-78-36
21:20:57.184 [pool-1-thread-3] DEBUG com.mnc.udp.UDPServer - UDP-Server: Message-84-15 -> Message-84-15 (/127.0.0.1:49509)
21:20:57.184 [pool-1-thread-1] DEBUG com.mnc.udp.UDPServer - UDP-Server: Message-78-36 -> Message-78-36 (/127.0.0.1:49503)
21:20:57.184 [pool-1-thread-5] DEBUG com.mnc.udp.UDPServer - UDP-Server: Message-19-55
21:20:57.184 [pool-1-thread-4] DEBUG com.mnc.udp.UDPServer - UDP-Server: Message-40-43
21:20:57.184 [pool-1-thread-5] DEBUG com.mnc.udp.UDPServer - UDP-Server: Message-19-55 -> Message-19-55 (/127.0.0.1:49444)
21:20:57.184 [pool-1-thread-4] DEBUG com.mnc.udp.UDPServer - UDP-Server: Message-40-43 -> Message-40-43 (/127.0.0.1:49465)
21:20:57.184 [pool-1-thread-1] DEBUG com.mnc.udp.UDPServer - UDP-Server: Message-61-33
21:20:57.184 [pool-1-thread-1] DEBUG com.mnc.udp.UDPServer - UDP-Server: Message-61-33 -> Message-61-33 (/127.0.0.1:49486)
21:20:57.185 [pool-1-thread-1] DEBUG com.mnc.udp.UDPServer - UDP-Server: Message-84-66
21:20:57.185 [pool-1-thread-5] DEBUG com.mnc.udp.UDPServer - UDP-Server: Message-19-51
21:20:57.185 [pool-1-thread-2] DEBUG com.mnc.udp.UDPServer - UDP-Server: Message-78-34
21:20:57.185 [pool-1-thread-3] DEBUG com.mnc.udp.UDPServer - UDP-Server: Message-61-31
21:20:57.185 [pool-1-thread-2] DEBUG com.mnc.udp.UDPServer - UDP-Server: Message-78-34 -> Message-78-34 (/127.0.0.1:49503)
21:20:57.185 [pool-1-thread-1] DEBUG com.mnc.udp.UDPServer - UDP-Server: Message-84-66 -> Message-84-66 (/127.0.0.1:49509)
21:20:57.185 [pool-1-thread-4] DEBUG com.mnc.udp.UDPServer - UDP-Server: Message-40-48
21:20:57.185 [pool-1-thread-5] DEBUG com.mnc.udp.UDPServer - UDP-Server: Message-19-51 -> Message-19-51 (/127.0.0.1:49444)
21:20:57.185 [pool-1-thread-4] DEBUG com.mnc.udp.UDPServer - UDP-Server: Message-40-48 -> Message-40-48 (/127.0.0.1:49465)
21:20:57.185 [pool-1-thread-3] DEBUG com.mnc.udp.UDPServer - UDP-Server: Message-61-31 -> Message-61-31 (/127.0.0.1:49486)
21:20:57.185 [pool-1-thread-2] DEBUG com.mnc.udp.UDPServer - UDP-Server: Message-84-67
21:20:57.185 [pool-1-thread-2] DEBUG com.mnc.udp.UDPServer - UDP-Server: Message-84-67 -> Message-84-67 (/127.0.0.1:49509)
21:20:57.185 [pool-1-thread-1] DEBUG com.mnc.udp.UDPServer - UDP-Server: Message-78-90
21:20:57.185 [pool-1-thread-1] DEBUG com.mnc.udp.UDPServer - UDP-Server: Message-78-90 -> Message-78-90 (/127.0.0.1:49503)
21:20:57.185 [pool-1-thread-2] DEBUG com.mnc.udp.UDPServer - UDP-Server: Message-40-49
21:20:57.185 [pool-1-thread-5] DEBUG com.mnc.udp.UDPServer - UDP-Server: Message-19-52
21:20:57.185 [pool-1-thread-4] DEBUG com.mnc.udp.UDPServer - UDP-Server: Message-61-35
21:20:57.185 [pool-1-thread-2] DEBUG com.mnc.udp.UDPServer - UDP-Server: Message-40-49 -> Message-40-49 (/127.0.0.1:49465)
21:20:57.185 [pool-1-thread-4] DEBUG com.mnc.udp.UDPServer - UDP-Server: Message-61-35 -> Message-61-35 (/127.0.0.1:49486)
21:20:57.185 [pool-1-thread-5] DEBUG com.mnc.udp.UDPServer - UDP-Server: Message-19-52 -> Message-19-52 (/127.0.0.1:49444)
21:20:57.185 [pool-1-thread-1] DEBUG com.mnc.udp.UDPServer - UDP-Server: Message-84-88
21:20:57.185 [pool-1-thread-3] DEBUG com.mnc.udp.UDPServer - UDP-Server: Message-78-91
21:20:57.185 [pool-1-thread-1] DEBUG com.mnc.udp.UDPServer - UDP-Server: Message-84-88 -> Message-84-88 (/127.0.0.1:49509)
21:20:57.185 [pool-1-thread-3] DEBUG com.mnc.udp.UDPServer - UDP-Server: Message-78-91 -> Message-78-91 (/127.0.0.1:49503)
21:20:57.185 [pool-1-thread-2] DEBUG com.mnc.udp.UDPServer - UDP-Server: Message-19-50
21:20:57.185 [pool-1-thread-2] DEBUG com.mnc.udp.UDPServer - UDP-Server: Message-19-50 -> Message-19-50 (/127.0.0.1:49444)
21:20:57.185 [pool-1-thread-5] DEBUG com.mnc.udp.UDPServer - UDP-Server: Message-40-13
21:20:57.185 [pool-1-thread-1] DEBUG com.mnc.udp.UDPServer - UDP-Server: Message-84-89
21:20:57.185 [pool-1-thread-4] DEBUG com.mnc.udp.UDPServer - UDP-Server: Message-61-36
21:20:57.185 [pool-1-thread-3] DEBUG com.mnc.udp.UDPServer - UDP-Server: Message-78-92
21:20:57.185 [pool-1-thread-5] DEBUG com.mnc.udp.UDPServer - UDP-Server: Message-40-13 -> Message-40-13 (/127.0.0.1:49465)
21:20:57.185 [pool-1-thread-4] DEBUG com.mnc.udp.UDPServer - UDP-Server: Message-61-36 -> Message-61-36 (/127.0.0.1:49486)
21:20:57.185 [pool-1-thread-1] DEBUG com.mnc.udp.UDPServer - UDP-Server: Message-84-89 -> Message-84-89 (/127.0.0.1:49509)
21:20:57.185 [pool-1-thread-3] DEBUG com.mnc.udp.UDPServer - UDP-Server: Message-78-92 -> Message-78-92 (/127.0.0.1:49503)
21:20:57.185 [pool-1-thread-1] DEBUG com.mnc.udp.UDPServer - UDP-Server: Message-19-71
21:20:57.185 [pool-1-thread-1] DEBUG com.mnc.udp.UDPServer - UDP-Server: Message-19-71 -> Message-19-71 (/127.0.0.1:49444)
21:20:57.185 [pool-1-thread-5] DEBUG com.mnc.udp.UDPServer - UDP-Server: Message-40-14
21:20:57.185 [pool-1-thread-4] DEBUG com.mnc.udp.UDPServer - UDP-Server: Message-61-34
21:20:57.185 [pool-1-thread-5] DEBUG com.mnc.udp.UDPServer - UDP-Server: Message-40-14 -> Message-40-14 (/127.0.0.1:49465)
21:20:57.185 [pool-1-thread-4] DEBUG com.mnc.udp.UDPServer - UDP-Server: Message-61-34 -> Message-61-34 (/127.0.0.1:49486)
21:20:57.185 [pool-1-thread-3] DEBUG com.mnc.udp.UDPServer - UDP-Server: Message-84-87
21:20:57.185 [pool-1-thread-2] DEBUG com.mnc.udp.UDPServer - UDP-Server: Message-78-88
21:20:57.185 [pool-1-thread-3] DEBUG com.mnc.udp.UDPServer - UDP-Server: Message-84-87 -> Message-84-87 (/127.0.0.1:49509)
21:20:57.185 [pool-1-thread-2] DEBUG com.mnc.udp.UDPServer - UDP-Server: Message-78-88 -> Message-78-88 (/127.0.0.1:49503)
21:20:57.185 [pool-1-thread-1] DEBUG com.mnc.udp.UDPServer - UDP-Server: Message-19-72
21:20:57.185 [pool-1-thread-1] DEBUG com.mnc.udp.UDPServer - UDP-Server: Message-19-72 -> Message-19-72 (/127.0.0.1:49444)
21:20:57.185 [pool-1-thread-5] DEBUG com.mnc.udp.UDPServer - UDP-Server: Message-40-96
21:20:57.185 [pool-1-thread-5] DEBUG com.mnc.udp.UDPServer - UDP-Server: Message-40-96 -> Message-40-96 (/127.0.0.1:49465)
21:20:57.185 [pool-1-thread-4] DEBUG com.mnc.udp.UDPServer - UDP-Server: Message-61-90
21:20:57.185 [pool-1-thread-4] DEBUG com.mnc.udp.UDPServer - UDP-Server: Message-61-90 -> Message-61-90 (/127.0.0.1:49486)
21:20:57.185 [pool-1-thread-3] DEBUG com.mnc.udp.UDPServer - UDP-Server: Message-84-96
21:20:57.185 [pool-1-thread-4] DEBUG com.mnc.udp.UDPServer - UDP-Server: Message-78-89
21:20:57.185 [pool-1-thread-3] DEBUG com.mnc.udp.UDPServer - UDP-Server: Message-84-96 -> Message-84-96 (/127.0.0.1:49509)
21:20:57.185 [pool-1-thread-4] DEBUG com.mnc.udp.UDPServer - UDP-Server: Message-78-89 -> Message-78-89 (/127.0.0.1:49503)
21:20:57.185 [pool-1-thread-3] DEBUG com.mnc.udp.UDPServer - UDP-Server: Message-19-73
21:20:57.185 [pool-1-thread-3] DEBUG com.mnc.udp.UDPServer - UDP-Server: Message-19-73 -> Message-19-73 (/127.0.0.1:49444)
21:20:57.185 [pool-1-thread-5] DEBUG com.mnc.udp.UDPServer - UDP-Server: Message-40-97
21:20:57.185 [pool-1-thread-5] DEBUG com.mnc.udp.UDPServer - UDP-Server: Message-40-97 -> Message-40-97 (/127.0.0.1:49465)
21:20:57.185 [pool-1-thread-2] DEBUG com.mnc.udp.UDPServer - UDP-Server: Message-61-91
21:20:57.185 [pool-1-thread-2] DEBUG com.mnc.udp.UDPServer - UDP-Server: Message-61-91 -> Message-61-91 (/127.0.0.1:49486)
21:20:57.185 [pool-1-thread-1] DEBUG com.mnc.udp.UDPServer - UDP-Server: Message-84-97
21:20:57.185 [pool-1-thread-2] DEBUG com.mnc.udp.UDPServer - UDP-Server: Message-78-87
21:20:57.185 [pool-1-thread-1] DEBUG com.mnc.udp.UDPServer - UDP-Server: Message-84-97 -> Message-84-97 (/127.0.0.1:49509)
21:20:57.185 [pool-1-thread-2] DEBUG com.mnc.udp.UDPServer - UDP-Server: Message-78-87 -> Message-78-87 (/127.0.0.1:49503)
21:20:57.185 [pool-1-thread-3] DEBUG com.mnc.udp.UDPServer - UDP-Server: Message-19-74
21:20:57.185 [pool-1-thread-3] DEBUG com.mnc.udp.UDPServer - UDP-Server: Message-19-74 -> Message-19-74 (/127.0.0.1:49444)
21:20:57.185 [pool-1-thread-5] DEBUG com.mnc.udp.UDPServer - UDP-Server: Message-40-98
21:20:57.185 [pool-1-thread-5] DEBUG com.mnc.udp.UDPServer - UDP-Server: Message-40-98 -> Message-40-98 (/127.0.0.1:49465)
21:20:57.185 [pool-1-thread-4] DEBUG com.mnc.udp.UDPServer - UDP-Server: Message-61-92
21:20:57.185 [pool-1-thread-4] DEBUG com.mnc.udp.UDPServer - UDP-Server: Message-61-92 -> Message-61-92 (/127.0.0.1:49486)
21:20:57.185 [pool-1-thread-4] DEBUG com.mnc.udp.UDPServer - UDP-Server: Message-84-98
21:20:57.185 [pool-1-thread-4] DEBUG com.mnc.udp.UDPServer - UDP-Server: Message-84-98 -> Message-84-98 (/127.0.0.1:49509)
21:20:57.185 [pool-1-thread-2] DEBUG com.mnc.udp.UDPServer - UDP-Server: Message-78-28
21:20:57.185 [pool-1-thread-4] DEBUG com.mnc.udp.UDPServer - UDP-Server: Message-19-69
21:20:57.186 [pool-1-thread-2] DEBUG com.mnc.udp.UDPServer - UDP-Server: Message-78-28 -> Message-78-28 (/127.0.0.1:49503)
21:20:57.186 [pool-1-thread-5] DEBUG com.mnc.udp.UDPServer - UDP-Server: Message-40-99
21:20:57.186 [pool-1-thread-5] DEBUG com.mnc.udp.UDPServer - UDP-Server: Message-40-99 -> Message-40-99 (/127.0.0.1:49465)
21:20:57.186 [pool-1-thread-4] DEBUG com.mnc.udp.UDPServer - UDP-Server: Message-19-69 -> Message-19-69 (/127.0.0.1:49444)
21:20:57.186 [pool-1-thread-3] DEBUG com.mnc.udp.UDPServer - UDP-Server: Message-84-99
21:20:57.186 [pool-1-thread-1] DEBUG com.mnc.udp.UDPServer - UDP-Server: Message-61-28
21:20:57.186 [pool-1-thread-3] DEBUG com.mnc.udp.UDPServer - UDP-Server: Message-84-99 -> Message-84-99 (/127.0.0.1:49509)
21:20:57.186 [pool-1-thread-1] DEBUG com.mnc.udp.UDPServer - UDP-Server: Message-61-28 -> Message-61-28 (/127.0.0.1:49486)
21:20:57.186 [pool-1-thread-4] DEBUG com.mnc.udp.UDPServer - UDP-Server: Message-78-96
21:20:57.186 [pool-1-thread-4] DEBUG com.mnc.udp.UDPServer - UDP-Server: Message-78-96 -> Message-78-96 (/127.0.0.1:49503)
21:20:57.186 [pool-1-thread-5] DEBUG com.mnc.udp.UDPServer - UDP-Server: Message-40-12
21:20:57.186 [pool-1-thread-5] DEBUG com.mnc.udp.UDPServer - UDP-Server: Message-40-12 -> Message-40-12 (/127.0.0.1:49465)
21:20:57.186 [pool-1-thread-3] DEBUG com.mnc.udp.UDPServer - UDP-Server: Message-19-70
21:20:57.186 [pool-1-thread-3] DEBUG com.mnc.udp.UDPServer - UDP-Server: Message-19-70 -> Message-19-70 (/127.0.0.1:49444)
21:20:57.186 [pool-1-thread-2] DEBUG com.mnc.udp.UDPServer - UDP-Server: Message-84-16
21:20:57.186 [pool-1-thread-5] DEBUG com.mnc.udp.UDPServer - UDP-Server: Message-61-29
21:20:57.186 [pool-1-thread-5] DEBUG com.mnc.udp.UDPServer - UDP-Server: Message-61-29 -> Message-61-29 (/127.0.0.1:49486)
21:20:57.186 [pool-1-thread-4] DEBUG com.mnc.udp.UDPServer - UDP-Server: Message-78-97
21:20:57.186 [pool-1-thread-4] DEBUG com.mnc.udp.UDPServer - UDP-Server: Message-78-97 -> Message-78-97 (/127.0.0.1:49503)
21:20:57.186 [pool-1-thread-2] DEBUG com.mnc.udp.UDPServer - UDP-Server: Message-84-16 -> Message-84-16 (/127.0.0.1:49509)
21:20:57.186 [pool-1-thread-5] DEBUG com.mnc.udp.UDPServer - UDP-Server: Message-40-46
21:20:57.186 [pool-1-thread-4] DEBUG com.mnc.udp.UDPServer - UDP-Server: Message-19-68
21:20:57.186 [pool-1-thread-4] DEBUG com.mnc.udp.UDPServer - UDP-Server: Message-19-68 -> Message-19-68 (/127.0.0.1:49444)
21:20:57.186 [pool-1-thread-5] DEBUG com.mnc.udp.UDPServer - UDP-Server: Message-40-46 -> Message-40-46 (/127.0.0.1:49465)
21:20:57.186 [pool-1-thread-4] DEBUG com.mnc.udp.UDPServer - UDP-Server: Message-61-30
21:20:57.186 [pool-1-thread-4] DEBUG com.mnc.udp.UDPServer - UDP-Server: Message-61-30 -> Message-61-30 (/127.0.0.1:49486)
21:20:57.186 [pool-1-thread-5] DEBUG com.mnc.udp.UDPServer - UDP-Server: Message-78-98
21:20:57.186 [pool-1-thread-5] DEBUG com.mnc.udp.UDPServer - UDP-Server: Message-78-98 -> Message-78-98 (/127.0.0.1:49503)
21:20:57.186 [pool-1-thread-4] DEBUG com.mnc.udp.UDPServer - UDP-Server: Message-84-17
21:20:57.186 [pool-1-thread-4] DEBUG com.mnc.udp.UDPServer - UDP-Server: Message-84-17 -> Message-84-17 (/127.0.0.1:49509)
21:20:57.186 [pool-1-thread-4] DEBUG com.mnc.udp.UDPServer - UDP-Server: Message-19-63
21:20:57.186 [pool-1-thread-4] DEBUG com.mnc.udp.UDPServer - UDP-Server: Message-19-63 -> Message-19-63 (/127.0.0.1:49444)
21:20:57.186 [pool-1-thread-3] DEBUG com.mnc.udp.UDPServer - UDP-Server: Message-40-47
21:20:57.186 [pool-1-thread-4] DEBUG com.mnc.udp.UDPServer - UDP-Server: Message-78-99
21:20:57.186 [pool-1-thread-4] DEBUG com.mnc.udp.UDPServer - UDP-Server: Message-78-99 -> Message-78-99 (/127.0.0.1:49503)
21:20:57.186 [pool-1-thread-2] DEBUG com.mnc.udp.UDPServer - UDP-Server: Message-61-88
21:20:57.186 [pool-1-thread-4] DEBUG com.mnc.udp.UDPServer - UDP-Server: Message-84-13
21:20:57.186 [pool-1-thread-4] DEBUG com.mnc.udp.UDPServer - UDP-Server: Message-84-13 -> Message-84-13 (/127.0.0.1:49509)
21:20:57.186 [pool-1-thread-3] DEBUG com.mnc.udp.UDPServer - UDP-Server: Message-40-47 -> Message-40-47 (/127.0.0.1:49465)
21:20:57.186 [pool-1-thread-2] DEBUG com.mnc.udp.UDPServer - UDP-Server: Message-61-88 -> Message-61-88 (/127.0.0.1:49486)
21:20:57.186 [pool-1-thread-5] DEBUG com.mnc.udp.UDPServer - UDP-Server: Message-19-64
21:20:57.186 [pool-1-thread-1] DEBUG com.mnc.udp.UDPServer - UDP-Server: Message-78-94
21:20:57.186 [pool-1-thread-5] DEBUG com.mnc.udp.UDPServer - UDP-Server: Message-19-64 -> Message-19-64 (/127.0.0.1:49444)
21:20:57.186 [pool-1-thread-1] DEBUG com.mnc.udp.UDPServer - UDP-Server: Message-78-94 -> Message-78-94 (/127.0.0.1:49503)
21:20:57.186 [pool-1-thread-1] DEBUG com.mnc.udp.UDPServer - UDP-Server: Message-84-14
21:20:57.186 [pool-1-thread-1] DEBUG com.mnc.udp.UDPServer - UDP-Server: Message-84-14 -> Message-84-14 (/127.0.0.1:49509)
21:20:57.186 [pool-1-thread-1] DEBUG com.mnc.udp.UDPServer - UDP-Server: Message-40-40
21:20:57.186 [pool-1-thread-1] DEBUG com.mnc.udp.UDPServer - UDP-Server: Message-40-40 -> Message-40-40 (/127.0.0.1:49465)
21:20:57.186 [pool-1-thread-2] DEBUG com.mnc.udp.UDPServer - UDP-Server: Message-61-26
21:20:57.186 [pool-1-thread-2] DEBUG com.mnc.udp.UDPServer - UDP-Server: Message-61-26 -> Message-61-26 (/127.0.0.1:49486)
21:20:57.186 [pool-1-thread-1] DEBUG com.mnc.udp.UDPServer - UDP-Server: Message-78-95
21:20:57.186 [pool-1-thread-4] DEBUG com.mnc.udp.UDPServer - UDP-Server: Message-84-12
21:20:57.186 [pool-1-thread-5] DEBUG com.mnc.udp.UDPServer - UDP-Server: Message-19-62
21:20:57.186 [pool-1-thread-4] DEBUG com.mnc.udp.UDPServer - UDP-Server: Message-84-12 -> Message-84-12 (/127.0.0.1:49509)
21:20:57.186 [pool-1-thread-5] DEBUG com.mnc.udp.UDPServer - UDP-Server: Message-19-62 -> Message-19-62 (/127.0.0.1:49444)
21:20:57.186 [pool-1-thread-1] DEBUG com.mnc.udp.UDPServer - UDP-Server: Message-78-95 -> Message-78-95 (/127.0.0.1:49503)
21:20:57.186 [pool-1-thread-2] DEBUG com.mnc.udp.UDPServer - UDP-Server: Message-40-56
21:20:57.186 [pool-1-thread-1] DEBUG com.mnc.udp.UDPServer - UDP-Server: Message-61-27
21:20:57.186 [pool-1-thread-2] DEBUG com.mnc.udp.UDPServer - UDP-Server: Message-40-56 -> Message-40-56 (/127.0.0.1:49465)
21:20:57.186 [pool-1-thread-1] DEBUG com.mnc.udp.UDPServer - UDP-Server: Message-61-27 -> Message-61-27 (/127.0.0.1:49486)
21:20:57.186 [pool-1-thread-4] DEBUG com.mnc.udp.UDPServer - UDP-Server: Message-84-21
21:20:57.186 [pool-1-thread-4] DEBUG com.mnc.udp.UDPServer - UDP-Server: Message-84-21 -> Message-84-21 (/127.0.0.1:49509)
21:20:57.186 [pool-1-thread-5] DEBUG com.mnc.udp.UDPServer - UDP-Server: Message-19-66
21:20:57.186 [pool-1-thread-3] DEBUG com.mnc.udp.UDPServer - UDP-Server: Message-78-93
21:20:57.186 [pool-1-thread-5] DEBUG com.mnc.udp.UDPServer - UDP-Server: Message-19-66 -> Message-19-66 (/127.0.0.1:49444)
21:20:57.186 [pool-1-thread-2] DEBUG com.mnc.udp.UDPServer - UDP-Server: Message-40-60
21:20:57.186 [pool-1-thread-1] DEBUG com.mnc.udp.UDPServer - UDP-Server: Message-61-89
21:20:57.186 [pool-1-thread-5] DEBUG com.mnc.udp.UDPServer - UDP-Server: Message-84-22
21:20:57.186 [pool-1-thread-3] DEBUG com.mnc.udp.UDPServer - UDP-Server: Message-78-93 -> Message-78-93 (/127.0.0.1:49503)
21:20:57.186 [pool-1-thread-2] DEBUG com.mnc.udp.UDPServer - UDP-Server: Message-40-60 -> Message-40-60 (/127.0.0.1:49465)
21:20:57.186 [pool-1-thread-1] DEBUG com.mnc.udp.UDPServer - UDP-Server: Message-61-89 -> Message-61-89 (/127.0.0.1:49486)
21:20:57.186 [pool-1-thread-5] DEBUG com.mnc.udp.UDPServer - UDP-Server: Message-84-22 -> Message-84-22 (/127.0.0.1:49509)
21:20:57.186 [pool-1-thread-2] DEBUG com.mnc.udp.UDPServer - UDP-Server: Message-19-67
21:20:57.186 [pool-1-thread-2] DEBUG com.mnc.udp.UDPServer - UDP-Server: Message-19-67 -> Message-19-67 (/127.0.0.1:49444)
21:20:57.186 [pool-1-thread-2] DEBUG com.mnc.udp.UDPServer - UDP-Server: Message-78-29
21:20:57.186 [pool-1-thread-2] DEBUG com.mnc.udp.UDPServer - UDP-Server: Message-78-29 -> Message-78-29 (/127.0.0.1:49503)
21:20:57.186 [pool-1-thread-4] DEBUG com.mnc.udp.UDPServer - UDP-Server: Message-40-61
21:20:57.186 [pool-1-thread-4] DEBUG com.mnc.udp.UDPServer - UDP-Server: Message-40-61 -> Message-40-61 (/127.0.0.1:49465)
21:20:57.186 [pool-1-thread-2] DEBUG com.mnc.udp.UDPServer - UDP-Server: Message-84-23
21:20:57.186 [pool-1-thread-1] DEBUG com.mnc.udp.UDPServer - UDP-Server: Message-61-25
21:20:57.186 [pool-1-thread-2] DEBUG com.mnc.udp.UDPServer - UDP-Server: Message-84-23 -> Message-84-23 (/127.0.0.1:49509)
21:20:57.186 [pool-1-thread-3] DEBUG com.mnc.udp.UDPServer - UDP-Server: Message-59-32
21:20:57.186 [pool-1-thread-2] DEBUG com.mnc.udp.UDPServer - UDP-Server: Message-78-30
21:20:57.186 [pool-1-thread-3] DEBUG com.mnc.udp.UDPServer - UDP-Server: Message-59-32 -> Message-59-32 (/127.0.0.1:49484)
21:20:57.186 [pool-1-thread-1] DEBUG com.mnc.udp.UDPServer - UDP-Server: Message-61-25 -> Message-61-25 (/127.0.0.1:49486)
21:20:57.187 [pool-1-thread-4] DEBUG com.mnc.udp.UDPServer - UDP-Server: Message-40-59
21:20:57.187 [pool-1-thread-5] DEBUG com.mnc.udp.UDPServer - UDP-Server: Message-84-24
21:20:57.186 [pool-1-thread-2] DEBUG com.mnc.udp.UDPServer - UDP-Server: Message-78-30 -> Message-78-30 (/127.0.0.1:49503)
21:20:57.187 [pool-1-thread-3] DEBUG com.mnc.udp.UDPServer - UDP-Server: Message-59-33
21:20:57.187 [pool-1-thread-4] DEBUG com.mnc.udp.UDPServer - UDP-Server: Message-40-59 -> Message-40-59 (/127.0.0.1:49465)
21:20:57.187 [pool-1-thread-5] DEBUG com.mnc.udp.UDPServer - UDP-Server: Message-84-24 -> Message-84-24 (/127.0.0.1:49509)
21:20:57.187 [pool-1-thread-1] DEBUG com.mnc.udp.UDPServer - UDP-Server: Message-61-44
21:20:57.187 [pool-1-thread-3] DEBUG com.mnc.udp.UDPServer - UDP-Server: Message-59-33 -> Message-59-33 (/127.0.0.1:49484)
21:20:57.187 [pool-1-thread-1] DEBUG com.mnc.udp.UDPServer - UDP-Server: Message-61-44 -> Message-61-44 (/127.0.0.1:49486)
21:20:57.187 [pool-1-thread-5] DEBUG com.mnc.udp.UDPServer - UDP-Server: Message-78-82
21:20:57.187 [pool-1-thread-5] DEBUG com.mnc.udp.UDPServer - UDP-Server: Message-78-82 -> Message-78-82 (/127.0.0.1:49503)
21:20:57.187 [pool-1-thread-1] DEBUG com.mnc.udp.UDPServer - UDP-Server: Message-40-53
21:20:57.187 [pool-1-thread-2] DEBUG com.mnc.udp.UDPServer - UDP-Server: Message-84-94
21:20:57.187 [pool-1-thread-5] DEBUG com.mnc.udp.UDPServer - UDP-Server: Message-59-31
21:20:57.187 [pool-1-thread-5] DEBUG com.mnc.udp.UDPServer - UDP-Server: Message-59-31 -> Message-59-31 (/127.0.0.1:49484)
21:20:57.187 [pool-1-thread-1] DEBUG com.mnc.udp.UDPServer - UDP-Server: Message-40-53 -> Message-40-53 (/127.0.0.1:49465)
21:20:57.187 [pool-1-thread-3] DEBUG com.mnc.udp.UDPServer - UDP-Server: Message-78-83
21:20:57.187 [pool-1-thread-2] DEBUG com.mnc.udp.UDPServer - UDP-Server: Message-84-94 -> Message-84-94 (/127.0.0.1:49509)
21:20:57.187 [pool-1-thread-4] DEBUG com.mnc.udp.UDPServer - UDP-Server: Message-61-45
21:20:57.187 [pool-1-thread-4] DEBUG com.mnc.udp.UDPServer - UDP-Server: Message-61-45 -> Message-61-45 (/127.0.0.1:49486)
21:20:57.187 [pool-1-thread-3] DEBUG com.mnc.udp.UDPServer - UDP-Server: Message-78-83 -> Message-78-83 (/127.0.0.1:49503)
21:20:57.187 [pool-1-thread-4] DEBUG com.mnc.udp.UDPServer - UDP-Server: Message-59-35
21:20:57.187 [pool-1-thread-3] DEBUG com.mnc.udp.UDPServer - UDP-Server: Message-40-54
21:20:57.187 [pool-1-thread-3] DEBUG com.mnc.udp.UDPServer - UDP-Server: Message-40-54 -> Message-40-54 (/127.0.0.1:49465)
21:20:57.187 [pool-1-thread-4] DEBUG com.mnc.udp.UDPServer - UDP-Server: Message-59-35 -> Message-59-35 (/127.0.0.1:49484)
21:20:57.187 [pool-1-thread-5] DEBUG com.mnc.udp.UDPServer - UDP-Server: Message-61-87
21:20:57.187 [pool-1-thread-2] DEBUG com.mnc.udp.UDPServer - UDP-Server: Message-84-95
21:20:57.187 [pool-1-thread-2] DEBUG com.mnc.udp.UDPServer - UDP-Server: Message-84-95 -> Message-84-95 (/127.0.0.1:49509)
21:20:57.187 [pool-1-thread-3] DEBUG com.mnc.udp.UDPServer - UDP-Server: Message-78-26
21:20:57.187 [pool-1-thread-2] DEBUG com.mnc.udp.UDPServer - UDP-Server: Message-40-55
21:20:57.187 [pool-1-thread-5] DEBUG com.mnc.udp.UDPServer - UDP-Server: Message-61-87 -> Message-61-87 (/127.0.0.1:49486)
21:20:57.187 [pool-1-thread-4] DEBUG com.mnc.udp.UDPServer - UDP-Server: Message-59-36
21:20:57.187 [pool-1-thread-2] DEBUG com.mnc.udp.UDPServer - UDP-Server: Message-40-55 -> Message-40-55 (/127.0.0.1:49465)
21:20:57.187 [pool-1-thread-3] DEBUG com.mnc.udp.UDPServer - UDP-Server: Message-78-26 -> Message-78-26 (/127.0.0.1:49503)
21:20:57.187 [pool-1-thread-4] DEBUG com.mnc.udp.UDPServer - UDP-Server: Message-59-36 -> Message-59-36 (/127.0.0.1:49484)
21:20:57.187 [pool-1-thread-1] DEBUG com.mnc.udp.UDPServer - UDP-Server: Message-84-19
21:20:57.187 [pool-1-thread-1] DEBUG com.mnc.udp.UDPServer - UDP-Server: Message-84-19 -> Message-84-19 (/127.0.0.1:49509)
21:20:57.187 [pool-1-thread-5] DEBUG com.mnc.udp.UDPServer - UDP-Server: Message-61-43
21:20:57.187 [pool-1-thread-2] DEBUG com.mnc.udp.UDPServer - UDP-Server: Message-40-41
21:20:57.187 [pool-1-thread-1] DEBUG com.mnc.udp.UDPServer - UDP-Server: Message-78-27
21:20:57.187 [pool-1-thread-1] DEBUG com.mnc.udp.UDPServer - UDP-Server: Message-78-27 -> Message-78-27 (/127.0.0.1:49503)
21:20:57.187 [pool-1-thread-5] DEBUG com.mnc.udp.UDPServer - UDP-Server: Message-61-43 -> Message-61-43 (/127.0.0.1:49486)
21:20:57.187 [pool-1-thread-2] DEBUG com.mnc.udp.UDPServer - UDP-Server: Message-40-41 -> Message-40-41 (/127.0.0.1:49465)
21:20:57.187 [pool-1-thread-5] DEBUG com.mnc.udp.UDPServer - UDP-Server: Message-84-20
21:20:57.187 [pool-1-thread-4] DEBUG com.mnc.udp.UDPServer - UDP-Server: Message-59-34
21:20:57.187 [pool-1-thread-4] DEBUG com.mnc.udp.UDPServer - UDP-Server: Message-59-34 -> Message-59-34 (/127.0.0.1:49484)
21:20:57.187 [pool-1-thread-5] DEBUG com.mnc.udp.UDPServer - UDP-Server: Message-84-20 -> Message-84-20 (/127.0.0.1:49509)
21:20:57.187 [pool-1-thread-1] DEBUG com.mnc.udp.UDPServer - UDP-Server: Message-78-25
21:20:57.187 [pool-1-thread-3] DEBUG com.mnc.udp.UDPServer - UDP-Server: Message-61-48
21:20:57.187 [pool-1-thread-1] DEBUG com.mnc.udp.UDPServer - UDP-Server: Message-78-25 -> Message-78-25 (/127.0.0.1:49503)
21:20:57.187 [pool-1-thread-3] DEBUG com.mnc.udp.UDPServer - UDP-Server: Message-61-48 -> Message-61-48 (/127.0.0.1:49486)
21:20:57.187 [pool-1-thread-5] DEBUG com.mnc.udp.UDPServer - UDP-Server: Message-40-42
21:20:57.187 [pool-1-thread-5] DEBUG com.mnc.udp.UDPServer - UDP-Server: Message-40-42 -> Message-40-42 (/127.0.0.1:49465)
21:20:57.187 [pool-1-thread-3] DEBUG com.mnc.udp.UDPServer - UDP-Server: Message-59-28
21:20:57.187 [pool-1-thread-3] DEBUG com.mnc.udp.UDPServer - UDP-Server: Message-59-28 -> Message-59-28 (/127.0.0.1:49484)
21:20:57.187 [pool-1-thread-5] DEBUG com.mnc.udp.UDPServer - UDP-Server: Message-84-93
21:20:57.187 [pool-1-thread-3] DEBUG com.mnc.udp.UDPServer - UDP-Server: Message-78-44
21:20:57.187 [pool-1-thread-1] DEBUG com.mnc.udp.UDPServer - UDP-Server: Message-61-49
21:20:57.187 [pool-1-thread-1] DEBUG com.mnc.udp.UDPServer - UDP-Server: Message-61-49 -> Message-61-49 (/127.0.0.1:49486)
21:20:57.187 [pool-1-thread-2] DEBUG com.mnc.udp.UDPServer - UDP-Server: Message-40-21
21:20:57.187 [pool-1-thread-5] DEBUG com.mnc.udp.UDPServer - UDP-Server: Message-84-93 -> Message-84-93 (/127.0.0.1:49509)
21:20:57.187 [pool-1-thread-4] DEBUG com.mnc.udp.UDPServer - UDP-Server: Message-59-29
21:20:57.187 [pool-1-thread-2] DEBUG com.mnc.udp.UDPServer - UDP-Server: Message-40-21 -> Message-40-21 (/127.0.0.1:49465)
21:20:57.187 [pool-1-thread-3] DEBUG com.mnc.udp.UDPServer - UDP-Server: Message-78-44 -> Message-78-44 (/127.0.0.1:49503)
21:20:57.187 [pool-1-thread-4] DEBUG com.mnc.udp.UDPServer - UDP-Server: Message-59-29 -> Message-59-29 (/127.0.0.1:49484)
21:20:57.188 [pool-1-thread-5] DEBUG com.mnc.udp.UDPServer - UDP-Server: Message-84-18
21:20:57.188 [pool-1-thread-1] DEBUG com.mnc.udp.UDPServer - UDP-Server: Message-61-46
21:20:57.188 [pool-1-thread-5] DEBUG com.mnc.udp.UDPServer - UDP-Server: Message-84-18 -> Message-84-18 (/127.0.0.1:49509)
21:20:57.188 [pool-1-thread-1] DEBUG com.mnc.udp.UDPServer - UDP-Server: Message-61-46 -> Message-61-46 (/127.0.0.1:49486)
21:20:57.188 [pool-1-thread-2] DEBUG com.mnc.udp.UDPServer - UDP-Server: Message-40-94
21:20:57.188 [pool-1-thread-5] DEBUG com.mnc.udp.UDPServer - UDP-Server: Message-78-45
21:20:57.188 [pool-1-thread-2] DEBUG com.mnc.udp.UDPServer - UDP-Server: Message-40-94 -> Message-40-94 (/127.0.0.1:49465)
21:20:57.188 [pool-1-thread-5] DEBUG com.mnc.udp.UDPServer - UDP-Server: Message-78-45 -> Message-78-45 (/127.0.0.1:49503)
21:20:57.188 [pool-1-thread-3] DEBUG com.mnc.udp.UDPServer - UDP-Server: Message-59-30
21:20:57.188 [pool-1-thread-3] DEBUG com.mnc.udp.UDPServer - UDP-Server: Message-59-30 -> Message-59-30 (/127.0.0.1:49484)
21:20:57.188 [pool-1-thread-1] DEBUG com.mnc.udp.UDPServer - UDP-Server: Message-84-7
21:20:57.188 [pool-1-thread-4] DEBUG com.mnc.udp.UDPServer - UDP-Server: Message-61-96
21:20:57.188 [pool-1-thread-4] DEBUG com.mnc.udp.UDPServer - UDP-Server: Message-61-96 -> Message-61-96 (/127.0.0.1:49486)
21:20:57.188 [pool-1-thread-1] DEBUG com.mnc.udp.UDPServer - UDP-Server: Message-84-7 -> Message-84-7 (/127.0.0.1:49509)
21:20:57.188 [pool-1-thread-3] DEBUG com.mnc.udp.UDPServer - UDP-Server: Message-59-26
21:20:57.188 [pool-1-thread-2] DEBUG com.mnc.udp.UDPServer - UDP-Server: Message-40-95
21:20:57.188 [pool-1-thread-5] DEBUG com.mnc.udp.UDPServer - UDP-Server: Message-78-43
21:20:57.188 [pool-1-thread-2] DEBUG com.mnc.udp.UDPServer - UDP-Server: Message-40-95 -> Message-40-95 (/127.0.0.1:49465)
21:20:57.188 [pool-1-thread-3] DEBUG com.mnc.udp.UDPServer - UDP-Server: Message-59-26 -> Message-59-26 (/127.0.0.1:49484)
21:20:57.188 [pool-1-thread-5] DEBUG com.mnc.udp.UDPServer - UDP-Server: Message-78-43 -> Message-78-43 (/127.0.0.1:49503)
21:20:57.188 [pool-1-thread-5] DEBUG com.mnc.udp.UDPServer - UDP-Server: Message-61-97
21:20:57.188 [pool-1-thread-5] DEBUG com.mnc.udp.UDPServer - UDP-Server: Message-61-97 -> Message-61-97 (/127.0.0.1:49486)
21:20:57.188 [pool-1-thread-1] DEBUG com.mnc.udp.UDPServer - UDP-Server: Message-84-8
21:20:57.188 [pool-1-thread-1] DEBUG com.mnc.udp.UDPServer - UDP-Server: Message-84-8 -> Message-84-8 (/127.0.0.1:49509)
21:20:57.188 [pool-1-thread-2] DEBUG com.mnc.udp.UDPServer - UDP-Server: Message-40-93
21:20:57.188 [pool-1-thread-5] DEBUG com.mnc.udp.UDPServer - UDP-Server: Message-59-27
21:20:57.188 [pool-1-thread-2] DEBUG com.mnc.udp.UDPServer - UDP-Server: Message-40-93 -> Message-40-93 (/127.0.0.1:49465)
21:20:57.188 [pool-1-thread-5] DEBUG com.mnc.udp.UDPServer - UDP-Server: Message-59-27 -> Message-59-27 (/127.0.0.1:49484)
21:20:57.188 [pool-1-thread-4] DEBUG com.mnc.udp.UDPServer - UDP-Server: Message-78-48
21:20:57.188 [pool-1-thread-4] DEBUG com.mnc.udp.UDPServer - UDP-Server: Message-78-48 -> Message-78-48 (/127.0.0.1:49503)
21:20:57.188 [pool-1-thread-3] DEBUG com.mnc.udp.UDPServer - UDP-Server: Message-61-98
21:20:57.188 [pool-1-thread-5] DEBUG com.mnc.udp.UDPServer - UDP-Server: Message-84-82
21:20:57.188 [pool-1-thread-5] DEBUG com.mnc.udp.UDPServer - UDP-Server: Message-84-82 -> Message-84-82 (/127.0.0.1:49509)
21:20:57.188 [pool-1-thread-3] DEBUG com.mnc.udp.UDPServer - UDP-Server: Message-61-98 -> Message-61-98 (/127.0.0.1:49486)
21:20:57.188 [pool-1-thread-2] DEBUG com.mnc.udp.UDPServer - UDP-Server: Message-40-82
21:20:57.188 [pool-1-thread-1] DEBUG com.mnc.udp.UDPServer - UDP-Server: Message-78-49
21:20:57.188 [pool-1-thread-4] DEBUG com.mnc.udp.UDPServer - UDP-Server: Message-59-25
21:20:57.188 [pool-1-thread-1] DEBUG com.mnc.udp.UDPServer - UDP-Server: Message-78-49 -> Message-78-49 (/127.0.0.1:49503)
21:20:57.188 [pool-1-thread-2] DEBUG com.mnc.udp.UDPServer - UDP-Server: Message-40-82 -> Message-40-82 (/127.0.0.1:49465)
21:20:57.188 [pool-1-thread-4] DEBUG com.mnc.udp.UDPServer - UDP-Server: Message-59-25 -> Message-59-25 (/127.0.0.1:49484)
21:20:57.188 [pool-1-thread-2] DEBUG com.mnc.udp.UDPServer - UDP-Server: Message-84-83
21:20:57.188 [pool-1-thread-2] DEBUG com.mnc.udp.UDPServer - UDP-Server: Message-84-83 -> Message-84-83 (/127.0.0.1:49509)
21:20:57.188 [pool-1-thread-4] DEBUG com.mnc.udp.UDPServer - UDP-Server: Message-61-99
21:20:57.188 [pool-1-thread-4] DEBUG com.mnc.udp.UDPServer - UDP-Server: Message-61-99 -> Message-61-99 (/127.0.0.1:49486)
21:20:57.188 [pool-1-thread-2] DEBUG com.mnc.udp.UDPServer - UDP-Server: Message-78-46
21:20:57.188 [pool-1-thread-2] DEBUG com.mnc.udp.UDPServer - UDP-Server: Message-78-46 -> Message-78-46 (/127.0.0.1:49503)
21:20:57.188 [pool-1-thread-5] DEBUG com.mnc.udp.UDPServer - UDP-Server: Message-59-44
21:20:57.188 [pool-1-thread-4] DEBUG com.mnc.udp.UDPServer - UDP-Server: Message-40-83
21:20:57.188 [pool-1-thread-5] DEBUG com.mnc.udp.UDPServer - UDP-Server: Message-59-44 -> Message-59-44 (/127.0.0.1:49484)
21:20:57.188 [pool-1-thread-1] DEBUG com.mnc.udp.UDPServer - UDP-Server: Message-84-81
21:20:57.188 [pool-1-thread-2] DEBUG com.mnc.udp.UDPServer - UDP-Server: Message-61-47
21:20:57.188 [pool-1-thread-4] DEBUG com.mnc.udp.UDPServer - UDP-Server: Message-40-83 -> Message-40-83 (/127.0.0.1:49465)
21:20:57.188 [pool-1-thread-5] DEBUG com.mnc.udp.UDPServer - UDP-Server: Message-78-47
21:20:57.188 [pool-1-thread-1] DEBUG com.mnc.udp.UDPServer - UDP-Server: Message-84-81 -> Message-84-81 (/127.0.0.1:49509)
21:20:57.188 [pool-1-thread-2] DEBUG com.mnc.udp.UDPServer - UDP-Server: Message-61-47 -> Message-61-47 (/127.0.0.1:49486)
21:20:57.188 [pool-1-thread-5] DEBUG com.mnc.udp.UDPServer - UDP-Server: Message-78-47 -> Message-78-47 (/127.0.0.1:49503)
21:20:57.188 [pool-1-thread-3] DEBUG com.mnc.udp.UDPServer - UDP-Server: Message-59-45
21:20:57.188 [pool-1-thread-3] DEBUG com.mnc.udp.UDPServer - UDP-Server: Message-59-45 -> Message-59-45 (/127.0.0.1:49484)
21:20:57.188 [pool-1-thread-4] DEBUG com.mnc.udp.UDPServer - UDP-Server: Message-40-81
21:20:57.188 [pool-1-thread-1] DEBUG com.mnc.udp.UDPServer - UDP-Server: Message-84-6
21:20:57.188 [pool-1-thread-4] DEBUG com.mnc.udp.UDPServer - UDP-Server: Message-40-81 -> Message-40-81 (/127.0.0.1:49465)
21:20:57.188 [pool-1-thread-1] DEBUG com.mnc.udp.UDPServer - UDP-Server: Message-84-6 -> Message-84-6 (/127.0.0.1:49509)
21:20:57.188 [pool-1-thread-5] DEBUG com.mnc.udp.UDPServer - UDP-Server: Message-61-94
21:20:57.188 [pool-1-thread-5] DEBUG com.mnc.udp.UDPServer - UDP-Server: Message-61-94 -> Message-61-94 (/127.0.0.1:49486)
21:20:57.188 [pool-1-thread-1] DEBUG com.mnc.udp.UDPServer - UDP-Server: Message-78-40
21:20:57.188 [pool-1-thread-3] DEBUG com.mnc.udp.UDPServer - UDP-Server: Message-59-43
21:20:57.188 [pool-1-thread-1] DEBUG com.mnc.udp.UDPServer - UDP-Server: Message-78-40 -> Message-78-40 (/127.0.0.1:49503)
21:20:57.188 [pool-1-thread-3] DEBUG com.mnc.udp.UDPServer - UDP-Server: Message-59-43 -> Message-59-43 (/127.0.0.1:49484)
21:20:57.188 [pool-1-thread-4] DEBUG com.mnc.udp.UDPServer - UDP-Server: Message-40-22
21:20:57.188 [pool-1-thread-1] DEBUG com.mnc.udp.UDPServer - UDP-Server: Message-84-85
21:20:57.188 [pool-1-thread-4] DEBUG com.mnc.udp.UDPServer - UDP-Server: Message-40-22 -> Message-40-22 (/127.0.0.1:49465)
21:20:57.188 [pool-1-thread-5] DEBUG com.mnc.udp.UDPServer - UDP-Server: Message-61-95
21:20:57.188 [pool-1-thread-1] DEBUG com.mnc.udp.UDPServer - UDP-Server: Message-84-85 -> Message-84-85 (/127.0.0.1:49509)
21:20:57.188 [pool-1-thread-5] DEBUG com.mnc.udp.UDPServer - UDP-Server: Message-61-95 -> Message-61-95 (/127.0.0.1:49486)
21:20:57.188 [pool-1-thread-2] DEBUG com.mnc.udp.UDPServer - UDP-Server: Message-78-41
21:20:57.188 [pool-1-thread-3] DEBUG com.mnc.udp.UDPServer - UDP-Server: Message-59-48
21:20:57.188 [pool-1-thread-2] DEBUG com.mnc.udp.UDPServer - UDP-Server: Message-78-41 -> Message-78-41 (/127.0.0.1:49503)
21:20:57.188 [pool-1-thread-1] DEBUG com.mnc.udp.UDPServer - UDP-Server: Message-40-38
21:20:57.188 [pool-1-thread-3] DEBUG com.mnc.udp.UDPServer - UDP-Server: Message-59-48 -> Message-59-48 (/127.0.0.1:49484)
21:20:57.188 [pool-1-thread-1] DEBUG com.mnc.udp.UDPServer - UDP-Server: Message-40-38 -> Message-40-38 (/127.0.0.1:49465)
21:20:57.188 [pool-1-thread-4] DEBUG com.mnc.udp.UDPServer - UDP-Server: Message-84-86
21:20:57.188 [pool-1-thread-5] DEBUG com.mnc.udp.UDPServer - UDP-Server: Message-61-93
21:20:57.189 [pool-1-thread-4] DEBUG com.mnc.udp.UDPServer - UDP-Server: Message-84-86 -> Message-84-86 (/127.0.0.1:49509)
21:20:57.189 [pool-1-thread-5] DEBUG com.mnc.udp.UDPServer - UDP-Server: Message-61-93 -> Message-61-93 (/127.0.0.1:49486)
21:20:57.189 [pool-1-thread-4] DEBUG com.mnc.udp.UDPServer - UDP-Server: Message-59-49
21:20:57.189 [pool-1-thread-5] DEBUG com.mnc.udp.UDPServer - UDP-Server: Message-40-39
21:20:57.189 [pool-1-thread-2] DEBUG com.mnc.udp.UDPServer - UDP-Server: Message-78-42
21:20:57.189 [pool-1-thread-4] DEBUG com.mnc.udp.UDPServer - UDP-Server: Message-59-49 -> Message-59-49 (/127.0.0.1:49484)
21:20:57.189 [pool-1-thread-5] DEBUG com.mnc.udp.UDPServer - UDP-Server: Message-40-39 -> Message-40-39 (/127.0.0.1:49465)
21:20:57.189 [pool-1-thread-2] DEBUG com.mnc.udp.UDPServer - UDP-Server: Message-78-42 -> Message-78-42 (/127.0.0.1:49503)
21:20:57.189 [pool-1-thread-5] DEBUG com.mnc.udp.UDPServer - UDP-Server: Message-84-10
21:20:57.189 [pool-1-thread-5] DEBUG com.mnc.udp.UDPServer - UDP-Server: Message-84-10 -> Message-84-10 (/127.0.0.1:49509)
21:20:57.189 [pool-1-thread-2] DEBUG com.mnc.udp.UDPServer - UDP-Server: Message-61-40
21:20:57.189 [pool-1-thread-2] DEBUG com.mnc.udp.UDPServer - UDP-Server: Message-61-40 -> Message-61-40 (/127.0.0.1:49486)
21:20:57.189 [pool-1-thread-4] DEBUG com.mnc.udp.UDPServer - UDP-Server: Message-59-46
21:20:57.189 [pool-1-thread-3] DEBUG com.mnc.udp.UDPServer - UDP-Server: Message-40-51
21:20:57.189 [pool-1-thread-1] DEBUG com.mnc.udp.UDPServer - UDP-Server: Message-78-38
21:20:57.189 [pool-1-thread-4] DEBUG com.mnc.udp.UDPServer - UDP-Server: Message-59-46 -> Message-59-46 (/127.0.0.1:49484)
21:20:57.189 [pool-1-thread-1] DEBUG com.mnc.udp.UDPServer - UDP-Server: Message-78-38 -> Message-78-38 (/127.0.0.1:49503)
21:20:57.189 [pool-1-thread-5] DEBUG com.mnc.udp.UDPServer - UDP-Server: Message-84-11
21:20:57.189 [pool-1-thread-5] DEBUG com.mnc.udp.UDPServer - UDP-Server: Message-84-11 -> Message-84-11 (/127.0.0.1:49509)
21:20:57.189 [pool-1-thread-3] DEBUG com.mnc.udp.UDPServer - UDP-Server: Message-40-51 -> Message-40-51 (/127.0.0.1:49465)
21:20:57.189 [pool-1-thread-4] DEBUG com.mnc.udp.UDPServer - UDP-Server: Message-61-82
21:20:57.189 [pool-1-thread-4] DEBUG com.mnc.udp.UDPServer - UDP-Server: Message-61-82 -> Message-61-82 (/127.0.0.1:49486)
21:20:57.189 [pool-1-thread-2] DEBUG com.mnc.udp.UDPServer - UDP-Server: Message-59-47
21:20:57.189 [pool-1-thread-2] DEBUG com.mnc.udp.UDPServer - UDP-Server: Message-59-47 -> Message-59-47 (/127.0.0.1:49484)
21:20:57.189 [pool-1-thread-5] DEBUG com.mnc.udp.UDPServer - UDP-Server: Message-84-9
21:20:57.189 [pool-1-thread-3] DEBUG com.mnc.udp.UDPServer - UDP-Server: Message-40-52
21:20:57.189 [pool-1-thread-1] DEBUG com.mnc.udp.UDPServer - UDP-Server: Message-78-39
21:20:57.189 [pool-1-thread-5] DEBUG com.mnc.udp.UDPServer - UDP-Server: Message-84-9 -> Message-84-9 (/127.0.0.1:49509)
21:20:57.189 [pool-1-thread-3] DEBUG com.mnc.udp.UDPServer - UDP-Server: Message-40-52 -> Message-40-52 (/127.0.0.1:49465)
21:20:57.189 [pool-1-thread-2] DEBUG com.mnc.udp.UDPServer - UDP-Server: Message-59-40
21:20:57.189 [pool-1-thread-1] DEBUG com.mnc.udp.UDPServer - UDP-Server: Message-78-39 -> Message-78-39 (/127.0.0.1:49503)
21:20:57.189 [pool-1-thread-4] DEBUG com.mnc.udp.UDPServer - UDP-Server: Message-61-83
21:20:57.189 [pool-1-thread-2] DEBUG com.mnc.udp.UDPServer - UDP-Server: Message-59-40 -> Message-59-40 (/127.0.0.1:49484)
21:20:57.189 [pool-1-thread-4] DEBUG com.mnc.udp.UDPServer - UDP-Server: Message-61-83 -> Message-61-83 (/127.0.0.1:49486)
21:20:57.189 [pool-1-thread-5] DEBUG com.mnc.udp.UDPServer - UDP-Server: Message-84-84
21:20:57.189 [pool-1-thread-1] DEBUG com.mnc.udp.UDPServer - UDP-Server: Message-78-37
21:20:57.189 [pool-1-thread-3] DEBUG com.mnc.udp.UDPServer - UDP-Server: Message-40-37
21:20:57.189 [pool-1-thread-5] DEBUG com.mnc.udp.UDPServer - UDP-Server: Message-84-84 -> Message-84-84 (/127.0.0.1:49509)
21:20:57.189 [pool-1-thread-2] DEBUG com.mnc.udp.UDPServer - UDP-Server: Message-59-41
21:20:57.189 [pool-1-thread-4] DEBUG com.mnc.udp.UDPServer - UDP-Server: Message-61-41
21:20:57.189 [pool-1-thread-1] DEBUG com.mnc.udp.UDPServer - UDP-Server: Message-78-37 -> Message-78-37 (/127.0.0.1:49503)
21:20:57.189 [pool-1-thread-4] DEBUG com.mnc.udp.UDPServer - UDP-Server: Message-61-41 -> Message-61-41 (/127.0.0.1:49486)
21:20:57.189 [pool-1-thread-3] DEBUG com.mnc.udp.UDPServer - UDP-Server: Message-40-37 -> Message-40-37 (/127.0.0.1:49465)
21:20:57.189 [pool-1-thread-2] DEBUG com.mnc.udp.UDPServer - UDP-Server: Message-59-41 -> Message-59-41 (/127.0.0.1:49484)
21:20:57.189 [pool-1-thread-5] DEBUG com.mnc.udp.UDPServer - UDP-Server: Message-84-78
21:20:57.189 [pool-1-thread-2] DEBUG com.mnc.udp.UDPServer - UDP-Server: Message-78-15
21:20:57.189 [pool-1-thread-2] DEBUG com.mnc.udp.UDPServer - UDP-Server: Message-78-15 -> Message-78-15 (/127.0.0.1:49503)
21:20:57.189 [pool-1-thread-4] DEBUG com.mnc.udp.UDPServer - UDP-Server: Message-61-42
21:20:57.189 [pool-1-thread-3] DEBUG com.mnc.udp.UDPServer - UDP-Server: Message-40-23
21:20:57.189 [pool-1-thread-1] DEBUG com.mnc.udp.UDPServer - UDP-Server: Message-59-42
21:20:57.189 [pool-1-thread-5] DEBUG com.mnc.udp.UDPServer - UDP-Server: Message-84-78 -> Message-84-78 (/127.0.0.1:49509)
21:20:57.189 [pool-1-thread-1] DEBUG com.mnc.udp.UDPServer - UDP-Server: Message-59-42 -> Message-59-42 (/127.0.0.1:49484)
21:20:57.189 [pool-1-thread-4] DEBUG com.mnc.udp.UDPServer - UDP-Server: Message-61-42 -> Message-61-42 (/127.0.0.1:49486)
21:20:57.189 [pool-1-thread-3] DEBUG com.mnc.udp.UDPServer - UDP-Server: Message-40-23 -> Message-40-23 (/127.0.0.1:49465)
21:20:57.189 [pool-1-thread-2] DEBUG com.mnc.udp.UDPServer - UDP-Server: Message-78-16
21:20:57.189 [pool-1-thread-2] DEBUG com.mnc.udp.UDPServer - UDP-Server: Message-78-16 -> Message-78-16 (/127.0.0.1:49503)
21:20:57.189 [pool-1-thread-5] DEBUG com.mnc.udp.UDPServer - UDP-Server: Message-84-79
21:20:57.189 [pool-1-thread-1] DEBUG com.mnc.udp.UDPServer - UDP-Server: Message-59-38
21:20:57.189 [pool-1-thread-4] DEBUG com.mnc.udp.UDPServer - UDP-Server: Message-61-38
21:20:57.189 [pool-1-thread-5] DEBUG com.mnc.udp.UDPServer - UDP-Server: Message-84-79 -> Message-84-79 (/127.0.0.1:49509)
21:20:57.189 [pool-1-thread-3] DEBUG com.mnc.udp.UDPServer - UDP-Server: Message-40-24
21:20:57.189 [pool-1-thread-3] DEBUG com.mnc.udp.UDPServer - UDP-Server: Message-40-24 -> Message-40-24 (/127.0.0.1:49465)
21:20:57.189 [pool-1-thread-1] DEBUG com.mnc.udp.UDPServer - UDP-Server: Message-59-38 -> Message-59-38 (/127.0.0.1:49484)
21:20:57.189 [pool-1-thread-4] DEBUG com.mnc.udp.UDPServer - UDP-Server: Message-61-38 -> Message-61-38 (/127.0.0.1:49486)
21:20:57.189 [pool-1-thread-2] DEBUG com.mnc.udp.UDPServer - UDP-Server: Message-78-17
21:20:57.189 [pool-1-thread-2] DEBUG com.mnc.udp.UDPServer - UDP-Server: Message-78-17 -> Message-78-17 (/127.0.0.1:49503)
21:20:57.189 [pool-1-thread-5] DEBUG com.mnc.udp.UDPServer - UDP-Server: Message-84-80
21:20:57.189 [pool-1-thread-5] DEBUG com.mnc.udp.UDPServer - UDP-Server: Message-84-80 -> Message-84-80 (/127.0.0.1:49509)
21:20:57.189 [pool-1-thread-3] DEBUG com.mnc.udp.UDPServer - UDP-Server: Message-59-39
21:20:57.190 [pool-1-thread-5] DEBUG com.mnc.udp.UDPServer - UDP-Server: Message-40-85
21:20:57.190 [pool-1-thread-4] DEBUG com.mnc.udp.UDPServer - UDP-Server: Message-61-39
21:20:57.190 [pool-1-thread-3] DEBUG com.mnc.udp.UDPServer - UDP-Server: Message-59-39 -> Message-59-39 (/127.0.0.1:49484)
21:20:57.190 [pool-1-thread-5] DEBUG com.mnc.udp.UDPServer - UDP-Server: Message-40-85 -> Message-40-85 (/127.0.0.1:49465)
21:20:57.190 [pool-1-thread-4] DEBUG com.mnc.udp.UDPServer - UDP-Server: Message-61-39 -> Message-61-39 (/127.0.0.1:49486)
21:20:57.190 [pool-1-thread-2] DEBUG com.mnc.udp.UDPServer - UDP-Server: Message-78-81
21:20:57.190 [pool-1-thread-1] DEBUG com.mnc.udp.UDPServer - UDP-Server: Message-84-3
21:20:57.190 [pool-1-thread-2] DEBUG com.mnc.udp.UDPServer - UDP-Server: Message-78-81 -> Message-78-81 (/127.0.0.1:49503)
21:20:57.190 [pool-1-thread-1] DEBUG com.mnc.udp.UDPServer - UDP-Server: Message-84-3 -> Message-84-3 (/127.0.0.1:49509)
21:20:57.190 [pool-1-thread-3] DEBUG com.mnc.udp.UDPServer - UDP-Server: Message-59-37
21:20:57.190 [pool-1-thread-1] DEBUG com.mnc.udp.UDPServer - UDP-Server: Message-40-86
21:20:57.190 [pool-1-thread-3] DEBUG com.mnc.udp.UDPServer - UDP-Server: Message-59-37 -> Message-59-37 (/127.0.0.1:49484)
21:20:57.190 [pool-1-thread-1] DEBUG com.mnc.udp.UDPServer - UDP-Server: Message-40-86 -> Message-40-86 (/127.0.0.1:49465)
21:20:57.190 [pool-1-thread-3] DEBUG com.mnc.udp.UDPServer - UDP-Server: Message-61-81
21:20:57.190 [pool-1-thread-3] DEBUG com.mnc.udp.UDPServer - UDP-Server: Message-61-81 -> Message-61-81 (/127.0.0.1:49486)
21:20:57.190 [pool-1-thread-3] DEBUG com.mnc.udp.UDPServer - UDP-Server: Message-78-13
21:20:57.190 [pool-1-thread-3] DEBUG com.mnc.udp.UDPServer - UDP-Server: Message-78-13 -> Message-78-13 (/127.0.0.1:49503)
21:20:57.190 [pool-1-thread-5] DEBUG com.mnc.udp.UDPServer - UDP-Server: Message-84-4
21:20:57.190 [pool-1-thread-5] DEBUG com.mnc.udp.UDPServer - UDP-Server: Message-84-4 -> Message-84-4 (/127.0.0.1:49509)
21:20:57.190 [pool-1-thread-3] DEBUG com.mnc.udp.UDPServer - UDP-Server: Message-59-15
21:20:57.190 [pool-1-thread-5] DEBUG com.mnc.udp.UDPServer - UDP-Server: Message-40-84
21:20:57.190 [pool-1-thread-5] DEBUG com.mnc.udp.UDPServer - UDP-Server: Message-40-84 -> Message-40-84 (/127.0.0.1:49465)
21:20:57.190 [pool-1-thread-3] DEBUG com.mnc.udp.UDPServer - UDP-Server: Message-59-15 -> Message-59-15 (/127.0.0.1:49484)
21:20:57.190 [pool-1-thread-5] DEBUG com.mnc.udp.UDPServer - UDP-Server: Message-78-14
21:20:57.190 [pool-1-thread-3] DEBUG com.mnc.udp.UDPServer - UDP-Server: Message-84-76
21:20:57.190 [pool-1-thread-2] DEBUG com.mnc.udp.UDPServer - UDP-Server: Message-61-37
21:20:57.190 [pool-1-thread-3] DEBUG com.mnc.udp.UDPServer - UDP-Server: Message-84-76 -> Message-84-76 (/127.0.0.1:49509)
21:20:57.190 [pool-1-thread-5] DEBUG com.mnc.udp.UDPServer - UDP-Server: Message-78-14 -> Message-78-14 (/127.0.0.1:49503)
21:20:57.190 [pool-1-thread-2] DEBUG com.mnc.udp.UDPServer - UDP-Server: Message-61-37 -> Message-61-37 (/127.0.0.1:49486)
21:20:57.190 [pool-1-thread-5] DEBUG com.mnc.udp.UDPServer - UDP-Server: Message-40-78
21:20:57.190 [pool-1-thread-5] DEBUG com.mnc.udp.UDPServer - UDP-Server: Message-40-78 -> Message-40-78 (/127.0.0.1:49465)
21:20:57.190 [pool-1-thread-1] DEBUG com.mnc.udp.UDPServer - UDP-Server: Message-59-16
21:20:57.190 [pool-1-thread-1] DEBUG com.mnc.udp.UDPServer - UDP-Server: Message-59-16 -> Message-59-16 (/127.0.0.1:49484)
21:20:57.190 [pool-1-thread-3] DEBUG com.mnc.udp.UDPServer - UDP-Server: Message-84-77
21:20:57.190 [pool-1-thread-1] DEBUG com.mnc.udp.UDPServer - UDP-Server: Message-78-12
21:20:57.190 [pool-1-thread-3] DEBUG com.mnc.udp.UDPServer - UDP-Server: Message-84-77 -> Message-84-77 (/127.0.0.1:49509)
21:20:57.190 [pool-1-thread-1] DEBUG com.mnc.udp.UDPServer - UDP-Server: Message-78-12 -> Message-78-12 (/127.0.0.1:49503)
21:20:57.190 [pool-1-thread-4] DEBUG com.mnc.udp.UDPServer - UDP-Server: Message-61-85
21:20:57.190 [pool-1-thread-5] DEBUG com.mnc.udp.UDPServer - UDP-Server: Message-40-79
21:20:57.190 [pool-1-thread-4] DEBUG com.mnc.udp.UDPServer - UDP-Server: Message-61-85 -> Message-61-85 (/127.0.0.1:49486)
21:20:57.190 [pool-1-thread-5] DEBUG com.mnc.udp.UDPServer - UDP-Server: Message-40-79 -> Message-40-79 (/127.0.0.1:49465)
21:20:57.190 [pool-1-thread-2] DEBUG com.mnc.udp.UDPServer - UDP-Server: Message-59-17
21:20:57.190 [pool-1-thread-4] DEBUG com.mnc.udp.UDPServer - UDP-Server: Message-84-75
21:20:57.190 [pool-1-thread-2] DEBUG com.mnc.udp.UDPServer - UDP-Server: Message-59-17 -> Message-59-17 (/127.0.0.1:49484)
21:20:57.190 [pool-1-thread-4] DEBUG com.mnc.udp.UDPServer - UDP-Server: Message-84-75 -> Message-84-75 (/127.0.0.1:49509)
21:20:57.190 [pool-1-thread-1] DEBUG com.mnc.udp.UDPServer - UDP-Server: Message-78-85
21:20:57.190 [pool-1-thread-4] DEBUG com.mnc.udp.UDPServer - UDP-Server: Message-40-80
21:20:57.190 [pool-1-thread-1] DEBUG com.mnc.udp.UDPServer - UDP-Server: Message-78-85 -> Message-78-85 (/127.0.0.1:49503)
21:20:57.190 [pool-1-thread-3] DEBUG com.mnc.udp.UDPServer - UDP-Server: Message-61-86
21:20:57.190 [pool-1-thread-3] DEBUG com.mnc.udp.UDPServer - UDP-Server: Message-61-86 -> Message-61-86 (/127.0.0.1:49486)
21:20:57.190 [pool-1-thread-4] DEBUG com.mnc.udp.UDPServer - UDP-Server: Message-40-80 -> Message-40-80 (/127.0.0.1:49465)
21:20:57.190 [pool-1-thread-3] DEBUG com.mnc.udp.UDPServer - UDP-Server: Message-59-13
21:20:57.190 [pool-1-thread-3] DEBUG com.mnc.udp.UDPServer - UDP-Server: Message-59-13 -> Message-59-13 (/127.0.0.1:49484)
21:20:57.190 [pool-1-thread-2] DEBUG com.mnc.udp.UDPServer - UDP-Server: Message-84-5
21:20:57.190 [pool-1-thread-2] DEBUG com.mnc.udp.UDPServer - UDP-Server: Message-84-5 -> Message-84-5 (/127.0.0.1:49509)
21:20:57.190 [pool-1-thread-2] DEBUG com.mnc.udp.UDPServer - UDP-Server: Message-78-21
21:20:57.190 [pool-1-thread-2] DEBUG com.mnc.udp.UDPServer - UDP-Server: Message-78-21 -> Message-78-21 (/127.0.0.1:49503)
21:20:57.190 [pool-1-thread-5] DEBUG com.mnc.udp.UDPServer - UDP-Server: Message-40-76
21:20:57.190 [pool-1-thread-5] DEBUG com.mnc.udp.UDPServer - UDP-Server: Message-40-76 -> Message-40-76 (/127.0.0.1:49465)
21:20:57.190 [pool-1-thread-4] DEBUG com.mnc.udp.UDPServer - UDP-Server: Message-61-84
21:20:57.190 [pool-1-thread-3] DEBUG com.mnc.udp.UDPServer - UDP-Server: Message-59-14
21:20:57.190 [pool-1-thread-5] DEBUG com.mnc.udp.UDPServer - UDP-Server: Message-84-1
21:20:57.190 [pool-1-thread-3] DEBUG com.mnc.udp.UDPServer - UDP-Server: Message-59-14 -> Message-59-14 (/127.0.0.1:49484)
21:20:57.190 [pool-1-thread-4] DEBUG com.mnc.udp.UDPServer - UDP-Server: Message-61-84 -> Message-61-84 (/127.0.0.1:49486)
21:20:57.190 [pool-1-thread-3] DEBUG com.mnc.udp.UDPServer - UDP-Server: Message-78-22
21:20:57.190 [pool-1-thread-5] DEBUG com.mnc.udp.UDPServer - UDP-Server: Message-84-1 -> Message-84-1 (/127.0.0.1:49509)
21:20:57.190 [pool-1-thread-3] DEBUG com.mnc.udp.UDPServer - UDP-Server: Message-78-22 -> Message-78-22 (/127.0.0.1:49503)
21:20:57.190 [pool-1-thread-1] DEBUG com.mnc.udp.UDPServer - UDP-Server: Message-40-77
21:20:57.190 [pool-1-thread-1] DEBUG com.mnc.udp.UDPServer - UDP-Server: Message-40-77 -> Message-40-77 (/127.0.0.1:49465)
21:20:57.190 [pool-1-thread-2] DEBUG com.mnc.udp.UDPServer - UDP-Server: Message-59-12
21:20:57.190 [pool-1-thread-2] DEBUG com.mnc.udp.UDPServer - UDP-Server: Message-59-12 -> Message-59-12 (/127.0.0.1:49484)
21:20:57.190 [pool-1-thread-5] DEBUG com.mnc.udp.UDPServer - UDP-Server: Message-84-2
21:20:57.190 [pool-1-thread-4] DEBUG com.mnc.udp.UDPServer - UDP-Server: Message-61-78
21:20:57.190 [pool-1-thread-5] DEBUG com.mnc.udp.UDPServer - UDP-Server: Message-84-2 -> Message-84-2 (/127.0.0.1:49509)
21:20:57.190 [pool-1-thread-2] DEBUG com.mnc.udp.UDPServer - UDP-Server: Message-78-86
21:20:57.190 [pool-1-thread-4] DEBUG com.mnc.udp.UDPServer - UDP-Server: Message-61-78 -> Message-61-78 (/127.0.0.1:49486)
21:20:57.190 [pool-1-thread-3] DEBUG com.mnc.udp.UDPServer - UDP-Server: Message-40-75
21:20:57.190 [pool-1-thread-2] DEBUG com.mnc.udp.UDPServer - UDP-Server: Message-78-86 -> Message-78-86 (/127.0.0.1:49503)
21:20:57.191 [pool-1-thread-3] DEBUG com.mnc.udp.UDPServer - UDP-Server: Message-40-75 -> Message-40-75 (/127.0.0.1:49465)
21:20:57.191 [pool-1-thread-5] DEBUG com.mnc.udp.UDPServer - UDP-Server: Message-84-0
21:20:57.191 [pool-1-thread-1] DEBUG com.mnc.udp.UDPServer - UDP-Server: Message-59-21
21:20:57.191 [pool-1-thread-5] DEBUG com.mnc.udp.UDPServer - UDP-Server: Message-84-0 -> Message-84-0 (/127.0.0.1:49509)
21:20:57.191 [pool-1-thread-1] DEBUG com.mnc.udp.UDPServer - UDP-Server: Message-59-21 -> Message-59-21 (/127.0.0.1:49484)
21:20:57.191 [pool-1-thread-4] DEBUG com.mnc.udp.UDPServer - UDP-Server: Message-61-79
21:20:57.191 [pool-1-thread-2] DEBUG com.mnc.udp.UDPServer - UDP-Server: Message-78-84
21:20:57.191 [pool-1-thread-4] DEBUG com.mnc.udp.UDPServer - UDP-Server: Message-61-79 -> Message-61-79 (/127.0.0.1:49486)
21:20:57.191 [pool-1-thread-3] DEBUG com.mnc.udp.UDPServer - UDP-Server: Message-40-19
21:20:57.191 [pool-1-thread-2] DEBUG com.mnc.udp.UDPServer - UDP-Server: Message-78-84 -> Message-78-84 (/127.0.0.1:49503)
21:20:57.191 [pool-1-thread-3] DEBUG com.mnc.udp.UDPServer - UDP-Server: Message-40-19 -> Message-40-19 (/127.0.0.1:49465)
21:20:57.191 [pool-1-thread-5] DEBUG com.mnc.udp.UDPServer - UDP-Server: Message-59-22
21:20:57.191 [pool-1-thread-5] DEBUG com.mnc.udp.UDPServer - UDP-Server: Message-59-22 -> Message-59-22 (/127.0.0.1:49484)
21:20:57.191 [pool-1-thread-1] DEBUG com.mnc.udp.UDPServer - UDP-Server: Message-61-15
21:20:57.191 [pool-1-thread-4] DEBUG com.mnc.udp.UDPServer - UDP-Server: Message-78-23
21:20:57.191 [pool-1-thread-1] DEBUG com.mnc.udp.UDPServer - UDP-Server: Message-61-15 -> Message-61-15 (/127.0.0.1:49486)
21:20:57.191 [pool-1-thread-2] DEBUG com.mnc.udp.UDPServer - UDP-Server: Message-40-20
21:20:57.191 [pool-1-thread-4] DEBUG com.mnc.udp.UDPServer - UDP-Server: Message-78-23 -> Message-78-23 (/127.0.0.1:49503)
21:20:57.191 [pool-1-thread-3] DEBUG com.mnc.udp.UDPServer - UDP-Server: Message-59-23
21:20:57.191 [pool-1-thread-2] DEBUG com.mnc.udp.UDPServer - UDP-Server: Message-40-20 -> Message-40-20 (/127.0.0.1:49465)
21:20:57.191 [pool-1-thread-5] DEBUG com.mnc.udp.UDPServer - UDP-Server: Message-61-80
21:20:57.191 [pool-1-thread-3] DEBUG com.mnc.udp.UDPServer - UDP-Server: Message-59-23 -> Message-59-23 (/127.0.0.1:49484)
21:20:57.191 [pool-1-thread-5] DEBUG com.mnc.udp.UDPServer - UDP-Server: Message-61-80 -> Message-61-80 (/127.0.0.1:49486)
21:20:57.191 [pool-1-thread-3] DEBUG com.mnc.udp.UDPServer - UDP-Server: Message-78-24
21:20:57.191 [pool-1-thread-3] DEBUG com.mnc.udp.UDPServer - UDP-Server: Message-78-24 -> Message-78-24 (/127.0.0.1:49503)
21:20:57.191 [pool-1-thread-4] DEBUG com.mnc.udp.UDPServer - UDP-Server: Message-40-18
21:20:57.191 [pool-1-thread-4] DEBUG com.mnc.udp.UDPServer - UDP-Server: Message-40-18 -> Message-40-18 (/127.0.0.1:49465)
21:20:57.191 [pool-1-thread-2] DEBUG com.mnc.udp.UDPServer - UDP-Server: Message-59-24
21:20:57.191 [pool-1-thread-1] DEBUG com.mnc.udp.UDPServer - UDP-Server: Message-61-71
21:20:57.191 [pool-1-thread-2] DEBUG com.mnc.udp.UDPServer - UDP-Server: Message-59-24 -> Message-59-24 (/127.0.0.1:49484)
21:20:57.191 [pool-1-thread-1] DEBUG com.mnc.udp.UDPServer - UDP-Server: Message-61-71 -> Message-61-71 (/127.0.0.1:49486)
21:20:57.191 [pool-1-thread-5] DEBUG com.mnc.udp.UDPServer - UDP-Server: Message-78-19
21:20:57.191 [pool-1-thread-5] DEBUG com.mnc.udp.UDPServer - UDP-Server: Message-78-19 -> Message-78-19 (/127.0.0.1:49503)
21:20:57.191 [pool-1-thread-3] DEBUG com.mnc.udp.UDPServer - UDP-Server: Message-40-7
21:20:57.191 [pool-1-thread-3] DEBUG com.mnc.udp.UDPServer - UDP-Server: Message-40-7 -> Message-40-7 (/127.0.0.1:49465)
21:20:57.191 [pool-1-thread-4] DEBUG com.mnc.udp.UDPServer - UDP-Server: Message-59-19
21:20:57.191 [pool-1-thread-4] DEBUG com.mnc.udp.UDPServer - UDP-Server: Message-59-19 -> Message-59-19 (/127.0.0.1:49484)
21:20:57.191 [pool-1-thread-3] DEBUG com.mnc.udp.UDPServer - UDP-Server: Message-61-72
21:20:57.191 [pool-1-thread-3] DEBUG com.mnc.udp.UDPServer - UDP-Server: Message-61-72 -> Message-61-72 (/127.0.0.1:49486)
21:20:57.191 [pool-1-thread-4] DEBUG com.mnc.udp.UDPServer - UDP-Server: Message-78-20
21:20:57.191 [pool-1-thread-4] DEBUG com.mnc.udp.UDPServer - UDP-Server: Message-78-20 -> Message-78-20 (/127.0.0.1:49503)
21:20:57.191 [pool-1-thread-5] DEBUG com.mnc.udp.UDPServer - UDP-Server: Message-40-8
21:20:57.191 [pool-1-thread-5] DEBUG com.mnc.udp.UDPServer - UDP-Server: Message-40-8 -> Message-40-8 (/127.0.0.1:49465)
21:20:57.191 [pool-1-thread-1] DEBUG com.mnc.udp.UDPServer - UDP-Server: Message-61-73
21:20:57.191 [pool-1-thread-2] DEBUG com.mnc.udp.UDPServer - UDP-Server: Message-59-20
21:20:57.191 [pool-1-thread-1] DEBUG com.mnc.udp.UDPServer - UDP-Server: Message-61-73 -> Message-61-73 (/127.0.0.1:49486)
21:20:57.191 [pool-1-thread-2] DEBUG com.mnc.udp.UDPServer - UDP-Server: Message-59-20 -> Message-59-20 (/127.0.0.1:49484)
21:20:57.191 [pool-1-thread-3] DEBUG com.mnc.udp.UDPServer - UDP-Server: Message-78-18
21:20:57.191 [pool-1-thread-3] DEBUG com.mnc.udp.UDPServer - UDP-Server: Message-78-18 -> Message-78-18 (/127.0.0.1:49503)
21:20:57.191 [pool-1-thread-4] DEBUG com.mnc.udp.UDPServer - UDP-Server: Message-40-6
21:20:57.191 [pool-1-thread-4] DEBUG com.mnc.udp.UDPServer - UDP-Server: Message-40-6 -> Message-40-6 (/127.0.0.1:49465)
21:20:57.191 [pool-1-thread-5] DEBUG com.mnc.udp.UDPServer - UDP-Server: Message-61-74
21:20:57.191 [pool-1-thread-2] DEBUG com.mnc.udp.UDPServer - UDP-Server: Message-78-78
21:20:57.191 [pool-1-thread-1] DEBUG com.mnc.udp.UDPServer - UDP-Server: Message-59-18
21:20:57.191 [pool-1-thread-5] DEBUG com.mnc.udp.UDPServer - UDP-Server: Message-61-74 -> Message-61-74 (/127.0.0.1:49486)
21:20:57.191 [pool-1-thread-1] DEBUG com.mnc.udp.UDPServer - UDP-Server: Message-59-18 -> Message-59-18 (/127.0.0.1:49484)
21:20:57.191 [pool-1-thread-2] DEBUG com.mnc.udp.UDPServer - UDP-Server: Message-78-78 -> Message-78-78 (/127.0.0.1:49503)
21:20:57.191 [pool-1-thread-3] DEBUG com.mnc.udp.UDPServer - UDP-Server: Message-40-71
21:20:57.191 [pool-1-thread-3] DEBUG com.mnc.udp.UDPServer - UDP-Server: Message-40-71 -> Message-40-71 (/127.0.0.1:49465)
21:20:57.191 [pool-1-thread-4] DEBUG com.mnc.udp.UDPServer - UDP-Server: Message-61-69
21:20:57.191 [pool-1-thread-5] DEBUG com.mnc.udp.UDPServer - UDP-Server: Message-78-7
21:20:57.191 [pool-1-thread-4] DEBUG com.mnc.udp.UDPServer - UDP-Server: Message-61-69 -> Message-61-69 (/127.0.0.1:49486)
21:20:57.191 [pool-1-thread-5] DEBUG com.mnc.udp.UDPServer - UDP-Server: Message-78-7 -> Message-78-7 (/127.0.0.1:49503)
21:20:57.191 [pool-1-thread-2] DEBUG com.mnc.udp.UDPServer - UDP-Server: Message-59-7
21:20:57.191 [pool-1-thread-2] DEBUG com.mnc.udp.UDPServer - UDP-Server: Message-59-7 -> Message-59-7 (/127.0.0.1:49484)
21:20:57.192 [pool-1-thread-1] DEBUG com.mnc.udp.UDPServer - UDP-Server: Message-40-72
21:20:57.192 [pool-1-thread-3] DEBUG com.mnc.udp.UDPServer - UDP-Server: Message-61-57
21:20:57.192 [pool-1-thread-3] DEBUG com.mnc.udp.UDPServer - UDP-Server: Message-61-57 -> Message-61-57 (/127.0.0.1:49486)
21:20:57.192 [pool-1-thread-1] DEBUG com.mnc.udp.UDPServer - UDP-Server: Message-40-72 -> Message-40-72 (/127.0.0.1:49465)
21:20:57.192 [pool-1-thread-5] DEBUG com.mnc.udp.UDPServer - UDP-Server: Message-59-8
21:20:57.192 [pool-1-thread-4] DEBUG com.mnc.udp.UDPServer - UDP-Server: Message-78-8
21:20:57.192 [pool-1-thread-5] DEBUG com.mnc.udp.UDPServer - UDP-Server: Message-59-8 -> Message-59-8 (/127.0.0.1:49484)
21:20:57.192 [pool-1-thread-4] DEBUG com.mnc.udp.UDPServer - UDP-Server: Message-78-8 -> Message-78-8 (/127.0.0.1:49503)
21:20:57.192 [pool-1-thread-2] DEBUG com.mnc.udp.UDPServer - UDP-Server: Message-61-58
21:20:57.192 [pool-1-thread-2] DEBUG com.mnc.udp.UDPServer - UDP-Server: Message-61-58 -> Message-61-58 (/127.0.0.1:49486)
21:20:57.192 [pool-1-thread-3] DEBUG com.mnc.udp.UDPServer - UDP-Server: Message-40-50
21:20:57.192 [pool-1-thread-2] DEBUG com.mnc.udp.UDPServer - UDP-Server: Message-78-79
21:20:57.192 [pool-1-thread-3] DEBUG com.mnc.udp.UDPServer - UDP-Server: Message-40-50 -> Message-40-50 (/127.0.0.1:49465)
21:20:57.192 [pool-1-thread-2] DEBUG com.mnc.udp.UDPServer - UDP-Server: Message-78-79 -> Message-78-79 (/127.0.0.1:49503)
21:20:57.192 [pool-1-thread-1] DEBUG com.mnc.udp.UDPServer - UDP-Server: Message-59-6
21:20:57.192 [pool-1-thread-1] DEBUG com.mnc.udp.UDPServer - UDP-Server: Message-59-6 -> Message-59-6 (/127.0.0.1:49484)
21:20:57.192 [pool-1-thread-4] DEBUG com.mnc.udp.UDPServer - UDP-Server: Message-61-56
21:20:57.192 [pool-1-thread-4] DEBUG com.mnc.udp.UDPServer - UDP-Server: Message-61-56 -> Message-61-56 (/127.0.0.1:49486)
21:20:57.192 [pool-1-thread-5] DEBUG com.mnc.udp.UDPServer - UDP-Server: Message-78-80
21:20:57.192 [pool-1-thread-2] DEBUG com.mnc.udp.UDPServer - UDP-Server: Message-40-73
21:20:57.192 [pool-1-thread-4] DEBUG com.mnc.udp.UDPServer - UDP-Server: Message-59-10
21:20:57.192 [pool-1-thread-2] DEBUG com.mnc.udp.UDPServer - UDP-Server: Message-40-73 -> Message-40-73 (/127.0.0.1:49465)
21:20:57.192 [pool-1-thread-5] DEBUG com.mnc.udp.UDPServer - UDP-Server: Message-78-80 -> Message-78-80 (/127.0.0.1:49503)
21:20:57.192 [pool-1-thread-4] DEBUG com.mnc.udp.UDPServer - UDP-Server: Message-59-10 -> Message-59-10 (/127.0.0.1:49484)
21:20:57.192 [pool-1-thread-1] DEBUG com.mnc.udp.UDPServer - UDP-Server: Message-61-60
21:20:57.192 [pool-1-thread-1] DEBUG com.mnc.udp.UDPServer - UDP-Server: Message-61-60 -> Message-61-60 (/127.0.0.1:49486)
21:20:57.192 [pool-1-thread-3] DEBUG com.mnc.udp.UDPServer - UDP-Server: Message-40-74
21:20:57.192 [pool-1-thread-3] DEBUG com.mnc.udp.UDPServer - UDP-Server: Message-40-74 -> Message-40-74 (/127.0.0.1:49465)
21:20:57.192 [pool-1-thread-1] DEBUG com.mnc.udp.UDPServer - UDP-Server: Message-78-6
21:20:57.192 [pool-1-thread-1] DEBUG com.mnc.udp.UDPServer - UDP-Server: Message-78-6 -> Message-78-6 (/127.0.0.1:49503)
21:20:57.192 [pool-1-thread-5] DEBUG com.mnc.udp.UDPServer - UDP-Server: Message-59-11
21:20:57.192 [pool-1-thread-5] DEBUG com.mnc.udp.UDPServer - UDP-Server: Message-59-11 -> Message-59-11 (/127.0.0.1:49484)
21:20:57.192 [pool-1-thread-4] DEBUG com.mnc.udp.UDPServer - UDP-Server: Message-61-61
21:20:57.192 [pool-1-thread-2] DEBUG com.mnc.udp.UDPServer - UDP-Server: Message-40-69
21:20:57.192 [pool-1-thread-2] DEBUG com.mnc.udp.UDPServer - UDP-Server: Message-40-69 -> Message-40-69 (/127.0.0.1:49465)
21:20:57.192 [pool-1-thread-4] DEBUG com.mnc.udp.UDPServer - UDP-Server: Message-61-61 -> Message-61-61 (/127.0.0.1:49486)
21:20:57.192 [pool-1-thread-1] DEBUG com.mnc.udp.UDPServer - UDP-Server: Message-59-9
21:20:57.192 [pool-1-thread-3] DEBUG com.mnc.udp.UDPServer - UDP-Server: Message-78-76
21:20:57.192 [pool-1-thread-3] DEBUG com.mnc.udp.UDPServer - UDP-Server: Message-78-76 -> Message-78-76 (/127.0.0.1:49503)
21:20:57.192 [pool-1-thread-1] DEBUG com.mnc.udp.UDPServer - UDP-Server: Message-59-9 -> Message-59-9 (/127.0.0.1:49484)
21:20:57.192 [pool-1-thread-5] DEBUG com.mnc.udp.UDPServer - UDP-Server: Message-40-70
21:20:57.192 [pool-1-thread-2] DEBUG com.mnc.udp.UDPServer - UDP-Server: Message-61-70
21:20:57.192 [pool-1-thread-3] DEBUG com.mnc.udp.UDPServer - UDP-Server: Message-59-3
21:20:57.192 [pool-1-thread-2] DEBUG com.mnc.udp.UDPServer - UDP-Server: Message-61-70 -> Message-61-70 (/127.0.0.1:49486)
21:20:57.192 [pool-1-thread-3] DEBUG com.mnc.udp.UDPServer - UDP-Server: Message-59-3 -> Message-59-3 (/127.0.0.1:49484)
21:20:57.192 [pool-1-thread-4] DEBUG com.mnc.udp.UDPServer - UDP-Server: Message-78-77
21:20:57.192 [pool-1-thread-5] DEBUG com.mnc.udp.UDPServer - UDP-Server: Message-40-70 -> Message-40-70 (/127.0.0.1:49465)
21:20:57.192 [pool-1-thread-4] DEBUG com.mnc.udp.UDPServer - UDP-Server: Message-78-77 -> Message-78-77 (/127.0.0.1:49503)
21:20:57.192 [pool-1-thread-1] DEBUG com.mnc.udp.UDPServer - UDP-Server: Message-61-76
21:20:57.192 [pool-1-thread-2] DEBUG com.mnc.udp.UDPServer - UDP-Server: Message-59-4
21:20:57.192 [pool-1-thread-2] DEBUG com.mnc.udp.UDPServer - UDP-Server: Message-59-4 -> Message-59-4 (/127.0.0.1:49484)
21:20:57.192 [pool-1-thread-3] DEBUG com.mnc.udp.UDPServer - UDP-Server: Message-40-68
21:20:57.192 [pool-1-thread-1] DEBUG com.mnc.udp.UDPServer - UDP-Server: Message-61-76 -> Message-61-76 (/127.0.0.1:49486)
21:20:57.192 [pool-1-thread-5] DEBUG com.mnc.udp.UDPServer - UDP-Server: Message-78-75
21:20:57.192 [pool-1-thread-3] DEBUG com.mnc.udp.UDPServer - UDP-Server: Message-40-68 -> Message-40-68 (/127.0.0.1:49465)
21:20:57.192 [pool-1-thread-5] DEBUG com.mnc.udp.UDPServer - UDP-Server: Message-78-75 -> Message-78-75 (/127.0.0.1:49503)
21:20:57.192 [pool-1-thread-4] DEBUG com.mnc.udp.UDPServer - UDP-Server: Message-59-5
21:20:57.192 [pool-1-thread-4] DEBUG com.mnc.udp.UDPServer - UDP-Server: Message-59-5 -> Message-59-5 (/127.0.0.1:49484)
21:20:57.192 [pool-1-thread-1] DEBUG com.mnc.udp.UDPServer - UDP-Server: Message-80-32
21:20:57.192 [pool-1-thread-3] DEBUG com.mnc.udp.UDPServer - UDP-Server: Message-40-10
21:20:57.192 [pool-1-thread-2] DEBUG com.mnc.udp.UDPServer - UDP-Server: Message-61-77
21:20:57.192 [pool-1-thread-1] DEBUG com.mnc.udp.UDPServer - UDP-Server: Message-80-32 -> Message-80-32 (/127.0.0.1:49505)
21:20:57.192 [pool-1-thread-2] DEBUG com.mnc.udp.UDPServer - UDP-Server: Message-61-77 -> Message-61-77 (/127.0.0.1:49486)
21:20:57.192 [pool-1-thread-4] DEBUG com.mnc.udp.UDPServer - UDP-Server: Message-59-1
21:20:57.192 [pool-1-thread-5] DEBUG com.mnc.udp.UDPServer - UDP-Server: Message-78-10
21:20:57.192 [pool-1-thread-3] DEBUG com.mnc.udp.UDPServer - UDP-Server: Message-40-10 -> Message-40-10 (/127.0.0.1:49465)
21:20:57.193 [pool-1-thread-4] DEBUG com.mnc.udp.UDPServer - UDP-Server: Message-59-1 -> Message-59-1 (/127.0.0.1:49484)
21:20:57.193 [pool-1-thread-5] DEBUG com.mnc.udp.UDPServer - UDP-Server: Message-78-10 -> Message-78-10 (/127.0.0.1:49503)
21:20:57.193 [pool-1-thread-1] DEBUG com.mnc.udp.UDPServer - UDP-Server: Message-80-33
21:20:57.193 [pool-1-thread-2] DEBUG com.mnc.udp.UDPServer - UDP-Server: Message-61-75
21:20:57.193 [pool-1-thread-1] DEBUG com.mnc.udp.UDPServer - UDP-Server: Message-80-33 -> Message-80-33 (/127.0.0.1:49505)
21:20:57.193 [pool-1-thread-2] DEBUG com.mnc.udp.UDPServer - UDP-Server: Message-61-75 -> Message-61-75 (/127.0.0.1:49486)
21:20:57.193 [pool-1-thread-3] DEBUG com.mnc.udp.UDPServer - UDP-Server: Message-40-11
21:20:57.193 [pool-1-thread-2] DEBUG com.mnc.udp.UDPServer - UDP-Server: Message-59-2
21:20:57.193 [pool-1-thread-5] DEBUG com.mnc.udp.UDPServer - UDP-Server: Message-78-11
21:20:57.193 [pool-1-thread-3] DEBUG com.mnc.udp.UDPServer - UDP-Server: Message-40-11 -> Message-40-11 (/127.0.0.1:49465)
21:20:57.193 [pool-1-thread-5] DEBUG com.mnc.udp.UDPServer - UDP-Server: Message-78-11 -> Message-78-11 (/127.0.0.1:49503)
21:20:57.193 [pool-1-thread-2] DEBUG com.mnc.udp.UDPServer - UDP-Server: Message-59-2 -> Message-59-2 (/127.0.0.1:49484)
21:20:57.193 [pool-1-thread-1] DEBUG com.mnc.udp.UDPServer - UDP-Server: Message-80-31
21:20:57.193 [pool-1-thread-3] DEBUG com.mnc.udp.UDPServer - UDP-Server: Message-61-16
21:20:57.193 [pool-1-thread-1] DEBUG com.mnc.udp.UDPServer - UDP-Server: Message-80-31 -> Message-80-31 (/127.0.0.1:49505)
21:20:57.193 [pool-1-thread-3] DEBUG com.mnc.udp.UDPServer - UDP-Server: Message-61-16 -> Message-61-16 (/127.0.0.1:49486)
21:20:57.193 [pool-1-thread-3] DEBUG com.mnc.udp.UDPServer - UDP-Server: Message-40-63
21:20:57.193 [pool-1-thread-3] DEBUG com.mnc.udp.UDPServer - UDP-Server: Message-40-63 -> Message-40-63 (/127.0.0.1:49465)
21:20:57.193 [pool-1-thread-2] DEBUG com.mnc.udp.UDPServer - UDP-Server: Message-59-0
21:20:57.193 [pool-1-thread-3] DEBUG com.mnc.udp.UDPServer - UDP-Server: Message-78-57
21:20:57.193 [pool-1-thread-2] DEBUG com.mnc.udp.UDPServer - UDP-Server: Message-59-0 -> Message-59-0 (/127.0.0.1:49484)
21:20:57.193 [pool-1-thread-3] DEBUG com.mnc.udp.UDPServer - UDP-Server: Message-78-57 -> Message-78-57 (/127.0.0.1:49503)
21:20:57.193 [pool-1-thread-1] DEBUG com.mnc.udp.UDPServer - UDP-Server: Message-80-35
21:20:57.193 [pool-1-thread-2] DEBUG com.mnc.udp.UDPServer - UDP-Server: Message-61-17
21:20:57.193 [pool-1-thread-2] DEBUG com.mnc.udp.UDPServer - UDP-Server: Message-61-17 -> Message-61-17 (/127.0.0.1:49486)
21:20:57.193 [pool-1-thread-1] DEBUG com.mnc.udp.UDPServer - UDP-Server: Message-80-35 -> Message-80-35 (/127.0.0.1:49505)
21:20:57.193 [pool-1-thread-2] DEBUG com.mnc.udp.UDPServer - UDP-Server: Message-40-64
21:20:57.193 [pool-1-thread-2] DEBUG com.mnc.udp.UDPServer - UDP-Server: Message-40-64 -> Message-40-64 (/127.0.0.1:49465)
21:20:57.193 [pool-1-thread-3] DEBUG com.mnc.udp.UDPServer - UDP-Server: Message-78-58
21:20:57.193 [pool-1-thread-4] DEBUG com.mnc.udp.UDPServer - UDP-Server: Message-59-90
21:20:57.193 [pool-1-thread-4] DEBUG com.mnc.udp.UDPServer - UDP-Server: Message-59-90 -> Message-59-90 (/127.0.0.1:49484)
21:20:57.193 [pool-1-thread-2] DEBUG com.mnc.udp.UDPServer - UDP-Server: Message-61-63
21:20:57.193 [pool-1-thread-3] DEBUG com.mnc.udp.UDPServer - UDP-Server: Message-78-58 -> Message-78-58 (/127.0.0.1:49503)
21:20:57.193 [pool-1-thread-1] DEBUG com.mnc.udp.UDPServer - UDP-Server: Message-80-36
21:20:57.193 [pool-1-thread-5] DEBUG com.mnc.udp.UDPServer - UDP-Server: Message-40-62
21:20:57.193 [pool-1-thread-2] DEBUG com.mnc.udp.UDPServer - UDP-Server: Message-61-63 -> Message-61-63 (/127.0.0.1:49486)
21:20:57.193 [pool-1-thread-5] DEBUG com.mnc.udp.UDPServer - UDP-Server: Message-40-62 -> Message-40-62 (/127.0.0.1:49465)
21:20:57.193 [pool-1-thread-1] DEBUG com.mnc.udp.UDPServer - UDP-Server: Message-80-36 -> Message-80-36 (/127.0.0.1:49505)
21:20:57.193 [pool-1-thread-4] DEBUG com.mnc.udp.UDPServer - UDP-Server: Message-59-91
21:20:57.193 [pool-1-thread-1] DEBUG com.mnc.udp.UDPServer - UDP-Server: Message-78-56
21:20:57.193 [pool-1-thread-1] DEBUG com.mnc.udp.UDPServer - UDP-Server: Message-78-56 -> Message-78-56 (/127.0.0.1:49503)
21:20:57.193 [pool-1-thread-4] DEBUG com.mnc.udp.UDPServer - UDP-Server: Message-59-91 -> Message-59-91 (/127.0.0.1:49484)
21:20:57.193 [pool-1-thread-2] DEBUG com.mnc.udp.UDPServer - UDP-Server: Message-61-64
21:20:57.193 [pool-1-thread-2] DEBUG com.mnc.udp.UDPServer - UDP-Server: Message-61-64 -> Message-61-64 (/127.0.0.1:49486)
21:20:57.193 [pool-1-thread-4] DEBUG com.mnc.udp.UDPServer - UDP-Server: Message-80-34
21:20:57.193 [pool-1-thread-5] DEBUG com.mnc.udp.UDPServer - UDP-Server: Message-40-9
21:20:57.193 [pool-1-thread-4] DEBUG com.mnc.udp.UDPServer - UDP-Server: Message-80-34 -> Message-80-34 (/127.0.0.1:49505)
21:20:57.193 [pool-1-thread-1] DEBUG com.mnc.udp.UDPServer - UDP-Server: Message-78-60
21:20:57.193 [pool-1-thread-5] DEBUG com.mnc.udp.UDPServer - UDP-Server: Message-40-9 -> Message-40-9 (/127.0.0.1:49465)
21:20:57.193 [pool-1-thread-3] DEBUG com.mnc.udp.UDPServer - UDP-Server: Message-59-92
21:20:57.193 [pool-1-thread-1] DEBUG com.mnc.udp.UDPServer - UDP-Server: Message-78-60 -> Message-78-60 (/127.0.0.1:49503)
21:20:57.193 [pool-1-thread-3] DEBUG com.mnc.udp.UDPServer - UDP-Server: Message-59-92 -> Message-59-92 (/127.0.0.1:49484)
21:20:57.193 [pool-1-thread-2] DEBUG com.mnc.udp.UDPServer - UDP-Server: Message-61-62
21:20:57.193 [pool-1-thread-3] DEBUG com.mnc.udp.UDPServer - UDP-Server: Message-80-90
21:20:57.193 [pool-1-thread-2] DEBUG com.mnc.udp.UDPServer - UDP-Server: Message-61-62 -> Message-61-62 (/127.0.0.1:49486)
21:20:57.193 [pool-1-thread-5] DEBUG com.mnc.udp.UDPServer - UDP-Server: Message-40-3
21:20:57.193 [pool-1-thread-3] DEBUG com.mnc.udp.UDPServer - UDP-Server: Message-80-90 -> Message-80-90 (/127.0.0.1:49505)
21:20:57.193 [pool-1-thread-4] DEBUG com.mnc.udp.UDPServer - UDP-Server: Message-59-88
21:20:57.193 [pool-1-thread-2] DEBUG com.mnc.udp.UDPServer - UDP-Server: Message-78-61
21:20:57.193 [pool-1-thread-5] DEBUG com.mnc.udp.UDPServer - UDP-Server: Message-40-3 -> Message-40-3 (/127.0.0.1:49465)
21:20:57.193 [pool-1-thread-2] DEBUG com.mnc.udp.UDPServer - UDP-Server: Message-78-61 -> Message-78-61 (/127.0.0.1:49503)
21:20:57.193 [pool-1-thread-4] DEBUG com.mnc.udp.UDPServer - UDP-Server: Message-59-88 -> Message-59-88 (/127.0.0.1:49484)
21:20:57.193 [pool-1-thread-2] DEBUG com.mnc.udp.UDPServer - UDP-Server: Message-80-91
21:20:57.193 [pool-1-thread-1] DEBUG com.mnc.udp.UDPServer - UDP-Server: Message-61-68
21:20:57.193 [pool-1-thread-2] DEBUG com.mnc.udp.UDPServer - UDP-Server: Message-80-91 -> Message-80-91 (/127.0.0.1:49505)
21:20:57.193 [pool-1-thread-5] DEBUG com.mnc.udp.UDPServer - UDP-Server: Message-40-4
21:20:57.193 [pool-1-thread-3] DEBUG com.mnc.udp.UDPServer - UDP-Server: Message-59-89
21:20:57.193 [pool-1-thread-1] DEBUG com.mnc.udp.UDPServer - UDP-Server: Message-61-68 -> Message-61-68 (/127.0.0.1:49486)
21:20:57.193 [pool-1-thread-4] DEBUG com.mnc.udp.UDPServer - UDP-Server: Message-78-59
21:20:57.194 [pool-1-thread-3] DEBUG com.mnc.udp.UDPServer - UDP-Server: Message-59-89 -> Message-59-89 (/127.0.0.1:49484)
21:20:57.193 [pool-1-thread-5] DEBUG com.mnc.udp.UDPServer - UDP-Server: Message-40-4 -> Message-40-4 (/127.0.0.1:49465)
21:20:57.194 [pool-1-thread-4] DEBUG com.mnc.udp.UDPServer - UDP-Server: Message-78-59 -> Message-78-59 (/127.0.0.1:49503)
21:20:57.194 [pool-1-thread-2] DEBUG com.mnc.udp.UDPServer - UDP-Server: Message-80-92
21:20:57.194 [pool-1-thread-5] DEBUG com.mnc.udp.UDPServer - UDP-Server: Message-61-59
21:20:57.194 [pool-1-thread-2] DEBUG com.mnc.udp.UDPServer - UDP-Server: Message-80-92 -> Message-80-92 (/127.0.0.1:49505)
21:20:57.194 [pool-1-thread-1] DEBUG com.mnc.udp.UDPServer - UDP-Server: Message-44-32
21:20:57.194 [pool-1-thread-5] DEBUG com.mnc.udp.UDPServer - UDP-Server: Message-61-59 -> Message-61-59 (/127.0.0.1:49486)
21:20:57.194 [pool-1-thread-3] DEBUG com.mnc.udp.UDPServer - UDP-Server: Message-59-87
21:20:57.194 [pool-1-thread-5] DEBUG com.mnc.udp.UDPServer - UDP-Server: Message-78-9
21:20:57.194 [pool-1-thread-1] DEBUG com.mnc.udp.UDPServer - UDP-Server: Message-44-32 -> Message-44-32 (/127.0.0.1:49469)
21:20:57.194 [pool-1-thread-4] DEBUG com.mnc.udp.UDPServer - UDP-Server: Message-40-5
21:20:57.194 [pool-1-thread-3] DEBUG com.mnc.udp.UDPServer - UDP-Server: Message-59-87 -> Message-59-87 (/127.0.0.1:49484)
21:20:57.194 [pool-1-thread-1] DEBUG com.mnc.udp.UDPServer - UDP-Server: Message-61-66
21:20:57.194 [pool-1-thread-5] DEBUG com.mnc.udp.UDPServer - UDP-Server: Message-78-9 -> Message-78-9 (/127.0.0.1:49503)
21:20:57.194 [pool-1-thread-2] DEBUG com.mnc.udp.UDPServer - UDP-Server: Message-80-88
21:20:57.194 [pool-1-thread-3] DEBUG com.mnc.udp.UDPServer - UDP-Server: Message-44-33
21:20:57.194 [pool-1-thread-4] DEBUG com.mnc.udp.UDPServer - UDP-Server: Message-40-5 -> Message-40-5 (/127.0.0.1:49465)
21:20:57.194 [pool-1-thread-1] DEBUG com.mnc.udp.UDPServer - UDP-Server: Message-61-66 -> Message-61-66 (/127.0.0.1:49486)
21:20:57.194 [pool-1-thread-5] DEBUG com.mnc.udp.UDPServer - UDP-Server: Message-59-96
21:20:57.194 [pool-1-thread-2] DEBUG com.mnc.udp.UDPServer - UDP-Server: Message-80-88 -> Message-80-88 (/127.0.0.1:49505)
21:20:57.194 [pool-1-thread-3] DEBUG com.mnc.udp.UDPServer - UDP-Server: Message-44-33 -> Message-44-33 (/127.0.0.1:49469)
21:20:57.194 [pool-1-thread-5] DEBUG com.mnc.udp.UDPServer - UDP-Server: Message-59-96 -> Message-59-96 (/127.0.0.1:49484)
21:20:57.194 [pool-1-thread-2] DEBUG com.mnc.udp.UDPServer - UDP-Server: Message-78-3
21:20:57.194 [pool-1-thread-2] DEBUG com.mnc.udp.UDPServer - UDP-Server: Message-78-3 -> Message-78-3 (/127.0.0.1:49503)
21:20:57.194 [pool-1-thread-5] DEBUG com.mnc.udp.UDPServer - UDP-Server: Message-40-66
21:20:57.194 [pool-1-thread-2] DEBUG com.mnc.udp.UDPServer - UDP-Server: Message-61-67
21:20:57.194 [pool-1-thread-5] DEBUG com.mnc.udp.UDPServer - UDP-Server: Message-40-66 -> Message-40-66 (/127.0.0.1:49465)
21:20:57.194 [pool-1-thread-2] DEBUG com.mnc.udp.UDPServer - UDP-Server: Message-61-67 -> Message-61-67 (/127.0.0.1:49486)
21:20:57.194 [pool-1-thread-1] DEBUG com.mnc.udp.UDPServer - UDP-Server: Message-44-31
21:20:57.194 [pool-1-thread-3] DEBUG com.mnc.udp.UDPServer - UDP-Server: Message-80-89
21:20:57.194 [pool-1-thread-1] DEBUG com.mnc.udp.UDPServer - UDP-Server: Message-44-31 -> Message-44-31 (/127.0.0.1:49469)
21:20:57.194 [pool-1-thread-4] DEBUG com.mnc.udp.UDPServer - UDP-Server: Message-78-4
21:20:57.194 [pool-1-thread-5] DEBUG com.mnc.udp.UDPServer - UDP-Server: Message-59-97
21:20:57.194 [pool-1-thread-3] DEBUG com.mnc.udp.UDPServer - UDP-Server: Message-80-89 -> Message-80-89 (/127.0.0.1:49505)
21:20:57.194 [pool-1-thread-5] DEBUG com.mnc.udp.UDPServer - UDP-Server: Message-59-97 -> Message-59-97 (/127.0.0.1:49484)
21:20:57.194 [pool-1-thread-4] DEBUG com.mnc.udp.UDPServer - UDP-Server: Message-78-4 -> Message-78-4 (/127.0.0.1:49503)
21:20:57.194 [pool-1-thread-1] DEBUG com.mnc.udp.UDPServer - UDP-Server: Message-40-67
21:20:57.194 [pool-1-thread-2] DEBUG com.mnc.udp.UDPServer - UDP-Server: Message-61-13
21:20:57.194 [pool-1-thread-3] DEBUG com.mnc.udp.UDPServer - UDP-Server: Message-44-35
21:20:57.194 [pool-1-thread-1] DEBUG com.mnc.udp.UDPServer - UDP-Server: Message-40-67 -> Message-40-67 (/127.0.0.1:49465)
21:20:57.194 [pool-1-thread-2] DEBUG com.mnc.udp.UDPServer - UDP-Server: Message-61-13 -> Message-61-13 (/127.0.0.1:49486)
21:20:57.194 [pool-1-thread-4] DEBUG com.mnc.udp.UDPServer - UDP-Server: Message-80-28
21:20:57.194 [pool-1-thread-1] DEBUG com.mnc.udp.UDPServer - UDP-Server: Message-78-5
21:20:57.194 [pool-1-thread-1] DEBUG com.mnc.udp.UDPServer - UDP-Server: Message-78-5 -> Message-78-5 (/127.0.0.1:49503)
21:20:57.194 [pool-1-thread-3] DEBUG com.mnc.udp.UDPServer - UDP-Server: Message-44-35 -> Message-44-35 (/127.0.0.1:49469)
21:20:57.194 [pool-1-thread-5] DEBUG com.mnc.udp.UDPServer - UDP-Server: Message-59-98
21:20:57.194 [pool-1-thread-4] DEBUG com.mnc.udp.UDPServer - UDP-Server: Message-80-28 -> Message-80-28 (/127.0.0.1:49505)
21:20:57.194 [pool-1-thread-3] DEBUG com.mnc.udp.UDPServer - UDP-Server: Message-61-14
21:20:57.194 [pool-1-thread-2] DEBUG com.mnc.udp.UDPServer - UDP-Server: Message-40-1
21:20:57.194 [pool-1-thread-5] DEBUG com.mnc.udp.UDPServer - UDP-Server: Message-59-98 -> Message-59-98 (/127.0.0.1:49484)
21:20:57.194 [pool-1-thread-1] DEBUG com.mnc.udp.UDPServer - UDP-Server: Message-78-53
21:20:57.194 [pool-1-thread-3] DEBUG com.mnc.udp.UDPServer - UDP-Server: Message-61-14 -> Message-61-14 (/127.0.0.1:49486)
21:20:57.194 [pool-1-thread-2] DEBUG com.mnc.udp.UDPServer - UDP-Server: Message-40-1 -> Message-40-1 (/127.0.0.1:49465)
21:20:57.194 [pool-1-thread-1] DEBUG com.mnc.udp.UDPServer - UDP-Server: Message-78-53 -> Message-78-53 (/127.0.0.1:49503)
21:20:57.194 [pool-1-thread-5] DEBUG com.mnc.udp.UDPServer - UDP-Server: Message-80-57
21:20:57.194 [pool-1-thread-4] DEBUG com.mnc.udp.UDPServer - UDP-Server: Message-44-36
21:20:57.194 [pool-1-thread-5] DEBUG com.mnc.udp.UDPServer - UDP-Server: Message-80-57 -> Message-80-57 (/127.0.0.1:49505)
21:20:57.194 [pool-1-thread-4] DEBUG com.mnc.udp.UDPServer - UDP-Server: Message-44-36 -> Message-44-36 (/127.0.0.1:49469)
21:20:57.194 [pool-1-thread-5] DEBUG com.mnc.udp.UDPServer - UDP-Server: Message-59-99
21:20:57.194 [pool-1-thread-5] DEBUG com.mnc.udp.UDPServer - UDP-Server: Message-59-99 -> Message-59-99 (/127.0.0.1:49484)
21:20:57.194 [pool-1-thread-2] DEBUG com.mnc.udp.UDPServer - UDP-Server: Message-61-53
21:20:57.194 [pool-1-thread-2] DEBUG com.mnc.udp.UDPServer - UDP-Server: Message-61-53 -> Message-61-53 (/127.0.0.1:49486)
21:20:57.194 [pool-1-thread-1] DEBUG com.mnc.udp.UDPServer - UDP-Server: Message-40-2
21:20:57.194 [pool-1-thread-3] DEBUG com.mnc.udp.UDPServer - UDP-Server: Message-78-54
21:20:57.194 [pool-1-thread-1] DEBUG com.mnc.udp.UDPServer - UDP-Server: Message-40-2 -> Message-40-2 (/127.0.0.1:49465)
21:20:57.194 [pool-1-thread-4] DEBUG com.mnc.udp.UDPServer - UDP-Server: Message-80-58
21:20:57.194 [pool-1-thread-2] DEBUG com.mnc.udp.UDPServer - UDP-Server: Message-44-34
21:20:57.194 [pool-1-thread-1] DEBUG com.mnc.udp.UDPServer - UDP-Server: Message-61-54
21:20:57.194 [pool-1-thread-5] DEBUG com.mnc.udp.UDPServer - UDP-Server: Message-59-94
21:20:57.194 [pool-1-thread-3] DEBUG com.mnc.udp.UDPServer - UDP-Server: Message-78-54 -> Message-78-54 (/127.0.0.1:49503)
21:20:57.194 [pool-1-thread-4] DEBUG com.mnc.udp.UDPServer - UDP-Server: Message-80-58 -> Message-80-58 (/127.0.0.1:49505)
21:20:57.194 [pool-1-thread-2] DEBUG com.mnc.udp.UDPServer - UDP-Server: Message-44-34 -> Message-44-34 (/127.0.0.1:49469)
21:20:57.194 [pool-1-thread-1] DEBUG com.mnc.udp.UDPServer - UDP-Server: Message-61-54 -> Message-61-54 (/127.0.0.1:49486)
21:20:57.194 [pool-1-thread-5] DEBUG com.mnc.udp.UDPServer - UDP-Server: Message-59-94 -> Message-59-94 (/127.0.0.1:49484)
21:20:57.194 [pool-1-thread-3] DEBUG com.mnc.udp.UDPServer - UDP-Server: Message-40-0
21:20:57.195 [pool-1-thread-3] DEBUG com.mnc.udp.UDPServer - UDP-Server: Message-40-0 -> Message-40-0 (/127.0.0.1:49465)
21:20:57.195 [pool-1-thread-5] DEBUG com.mnc.udp.UDPServer - UDP-Server: Message-61-55
21:20:57.195 [pool-1-thread-5] DEBUG com.mnc.udp.UDPServer - UDP-Server: Message-61-55 -> Message-61-55 (/127.0.0.1:49486)
21:20:57.195 [pool-1-thread-4] DEBUG com.mnc.udp.UDPServer - UDP-Server: Message-78-1
21:20:57.195 [pool-1-thread-4] DEBUG com.mnc.udp.UDPServer - UDP-Server: Message-78-1 -> Message-78-1 (/127.0.0.1:49503)
21:20:57.195 [pool-1-thread-2] DEBUG com.mnc.udp.UDPServer - UDP-Server: Message-80-87
21:20:57.195 [pool-1-thread-1] DEBUG com.mnc.udp.UDPServer - UDP-Server: Message-44-28
21:20:57.195 [pool-1-thread-3] DEBUG com.mnc.udp.UDPServer - UDP-Server: Message-59-95
21:20:57.195 [pool-1-thread-3] DEBUG com.mnc.udp.UDPServer - UDP-Server: Message-59-95 -> Message-59-95 (/127.0.0.1:49484)
21:20:57.195 [pool-1-thread-5] DEBUG com.mnc.udp.UDPServer - UDP-Server: Message-61-51
21:20:57.195 [pool-1-thread-2] DEBUG com.mnc.udp.UDPServer - UDP-Server: Message-80-87 -> Message-80-87 (/127.0.0.1:49505)
21:20:57.195 [pool-1-thread-1] DEBUG com.mnc.udp.UDPServer - UDP-Server: Message-44-28 -> Message-44-28 (/127.0.0.1:49469)
21:20:57.195 [pool-1-thread-5] DEBUG com.mnc.udp.UDPServer - UDP-Server: Message-61-51 -> Message-61-51 (/127.0.0.1:49486)
21:20:57.195 [pool-1-thread-3] DEBUG com.mnc.udp.UDPServer - UDP-Server: Message-78-2
21:20:57.195 [pool-1-thread-5] DEBUG com.mnc.udp.UDPServer - UDP-Server: Message-59-93
21:20:57.195 [pool-1-thread-2] DEBUG com.mnc.udp.UDPServer - UDP-Server: Message-80-7
21:20:57.195 [pool-1-thread-5] DEBUG com.mnc.udp.UDPServer - UDP-Server: Message-59-93 -> Message-59-93 (/127.0.0.1:49484)
21:20:57.195 [pool-1-thread-2] DEBUG com.mnc.udp.UDPServer - UDP-Server: Message-80-7 -> Message-80-7 (/127.0.0.1:49505)
21:20:57.195 [pool-1-thread-1] DEBUG com.mnc.udp.UDPServer - UDP-Server: Message-44-29
21:20:57.195 [pool-1-thread-1] DEBUG com.mnc.udp.UDPServer - UDP-Server: Message-44-29 -> Message-44-29 (/127.0.0.1:49469)
21:20:57.195 [pool-1-thread-3] DEBUG com.mnc.udp.UDPServer - UDP-Server: Message-78-2 -> Message-78-2 (/127.0.0.1:49503)
21:20:57.195 [pool-1-thread-4] DEBUG com.mnc.udp.UDPServer - UDP-Server: Message-61-52
21:20:57.195 [pool-1-thread-4] DEBUG com.mnc.udp.UDPServer - UDP-Server: Message-61-52 -> Message-61-52 (/127.0.0.1:49486)
21:20:57.195 [pool-1-thread-5] DEBUG com.mnc.udp.UDPServer - UDP-Server: Message-59-82
21:20:57.195 [pool-1-thread-5] DEBUG com.mnc.udp.UDPServer - UDP-Server: Message-59-82 -> Message-59-82 (/127.0.0.1:49484)
21:20:57.195 [pool-1-thread-2] DEBUG com.mnc.udp.UDPServer - UDP-Server: Message-80-8
21:20:57.195 [pool-1-thread-1] DEBUG com.mnc.udp.UDPServer - UDP-Server: Message-44-30
21:20:57.195 [pool-1-thread-1] DEBUG com.mnc.udp.UDPServer - UDP-Server: Message-44-30 -> Message-44-30 (/127.0.0.1:49469)
21:20:57.195 [pool-1-thread-3] DEBUG com.mnc.udp.UDPServer - UDP-Server: Message-78-0
21:20:57.195 [pool-1-thread-2] DEBUG com.mnc.udp.UDPServer - UDP-Server: Message-80-8 -> Message-80-8 (/127.0.0.1:49505)
21:20:57.195 [pool-1-thread-4] DEBUG com.mnc.udp.UDPServer - UDP-Server: Message-61-50
21:20:57.195 [pool-1-thread-3] DEBUG com.mnc.udp.UDPServer - UDP-Server: Message-78-0 -> Message-78-0 (/127.0.0.1:49503)
21:20:57.195 [pool-1-thread-4] DEBUG com.mnc.udp.UDPServer - UDP-Server: Message-61-50 -> Message-61-50 (/127.0.0.1:49486)
21:20:57.195 [pool-1-thread-2] DEBUG com.mnc.udp.UDPServer - UDP-Server: Message-59-83
21:20:57.195 [pool-1-thread-2] DEBUG com.mnc.udp.UDPServer - UDP-Server: Message-59-83 -> Message-59-83 (/127.0.0.1:49484)
21:20:57.195 [pool-1-thread-1] DEBUG com.mnc.udp.UDPServer - UDP-Server: Message-44-26
21:20:57.195 [pool-1-thread-1] DEBUG com.mnc.udp.UDPServer - UDP-Server: Message-44-26 -> Message-44-26 (/127.0.0.1:49469)
21:20:57.195 [pool-1-thread-5] DEBUG com.mnc.udp.UDPServer - UDP-Server: Message-80-6
21:20:57.195 [pool-1-thread-5] DEBUG com.mnc.udp.UDPServer - UDP-Server: Message-80-6 -> Message-80-6 (/127.0.0.1:49505)
21:20:57.195 [pool-1-thread-5] DEBUG com.mnc.udp.UDPServer - UDP-Server: Message-78-55
21:20:57.195 [pool-1-thread-5] DEBUG com.mnc.udp.UDPServer - UDP-Server: Message-78-55 -> Message-78-55 (/127.0.0.1:49503)
21:20:57.195 [pool-1-thread-4] DEBUG com.mnc.udp.UDPServer - UDP-Server: Message-61-12
21:20:57.195 [pool-1-thread-2] DEBUG com.mnc.udp.UDPServer - UDP-Server: Message-59-81
21:20:57.195 [pool-1-thread-4] DEBUG com.mnc.udp.UDPServer - UDP-Server: Message-61-12 -> Message-61-12 (/127.0.0.1:49486)
21:20:57.195 [pool-1-thread-1] DEBUG com.mnc.udp.UDPServer - UDP-Server: Message-44-27
21:20:57.195 [pool-1-thread-3] DEBUG com.mnc.udp.UDPServer - UDP-Server: Message-80-10
21:20:57.195 [pool-1-thread-2] DEBUG com.mnc.udp.UDPServer - UDP-Server: Message-59-81 -> Message-59-81 (/127.0.0.1:49484)
21:20:57.195 [pool-1-thread-1] DEBUG com.mnc.udp.UDPServer - UDP-Server: Message-44-27 -> Message-44-27 (/127.0.0.1:49469)
21:20:57.195 [pool-1-thread-4] DEBUG com.mnc.udp.UDPServer - UDP-Server: Message-78-51
21:20:57.195 [pool-1-thread-3] DEBUG com.mnc.udp.UDPServer - UDP-Server: Message-80-10 -> Message-80-10 (/127.0.0.1:49505)
21:20:57.195 [pool-1-thread-5] DEBUG com.mnc.udp.UDPServer - UDP-Server: Message-61-21
21:20:57.195 [pool-1-thread-5] DEBUG com.mnc.udp.UDPServer - UDP-Server: Message-61-21 -> Message-61-21 (/127.0.0.1:49486)
21:20:57.195 [pool-1-thread-4] DEBUG com.mnc.udp.UDPServer - UDP-Server: Message-78-51 -> Message-78-51 (/127.0.0.1:49503)
21:20:57.195 [pool-1-thread-2] DEBUG com.mnc.udp.UDPServer - UDP-Server: Message-59-78
21:20:57.195 [pool-1-thread-2] DEBUG com.mnc.udp.UDPServer - UDP-Server: Message-59-78 -> Message-59-78 (/127.0.0.1:49484)
21:20:57.195 [pool-1-thread-5] DEBUG com.mnc.udp.UDPServer - UDP-Server: Message-44-25
21:20:57.195 [pool-1-thread-5] DEBUG com.mnc.udp.UDPServer - UDP-Server: Message-44-25 -> Message-44-25 (/127.0.0.1:49469)
21:20:57.195 [pool-1-thread-2] DEBUG com.mnc.udp.UDPServer - UDP-Server: Message-80-56
21:20:57.195 [pool-1-thread-2] DEBUG com.mnc.udp.UDPServer - UDP-Server: Message-80-56 -> Message-80-56 (/127.0.0.1:49505)
21:20:57.195 [pool-1-thread-1] DEBUG com.mnc.udp.UDPServer - UDP-Server: Message-61-22
21:20:57.195 [pool-1-thread-1] DEBUG com.mnc.udp.UDPServer - UDP-Server: Message-61-22 -> Message-61-22 (/127.0.0.1:49486)
21:20:57.195 [pool-1-thread-2] DEBUG com.mnc.udp.UDPServer - UDP-Server: Message-78-52
21:20:57.195 [pool-1-thread-2] DEBUG com.mnc.udp.UDPServer - UDP-Server: Message-78-52 -> Message-78-52 (/127.0.0.1:49503)
21:20:57.195 [pool-1-thread-3] DEBUG com.mnc.udp.UDPServer - UDP-Server: Message-59-79
21:20:57.195 [pool-1-thread-4] DEBUG com.mnc.udp.UDPServer - UDP-Server: Message-80-60
21:20:57.195 [pool-1-thread-1] DEBUG com.mnc.udp.UDPServer - UDP-Server: Message-61-23
21:20:57.195 [pool-1-thread-3] DEBUG com.mnc.udp.UDPServer - UDP-Server: Message-59-79 -> Message-59-79 (/127.0.0.1:49484)
21:20:57.195 [pool-1-thread-5] DEBUG com.mnc.udp.UDPServer - UDP-Server: Message-44-44
21:20:57.195 [pool-1-thread-4] DEBUG com.mnc.udp.UDPServer - UDP-Server: Message-80-60 -> Message-80-60 (/127.0.0.1:49505)
21:20:57.195 [pool-1-thread-2] DEBUG com.mnc.udp.UDPServer - UDP-Server: Message-78-50
21:20:57.195 [pool-1-thread-1] DEBUG com.mnc.udp.UDPServer - UDP-Server: Message-61-23 -> Message-61-23 (/127.0.0.1:49486)
21:20:57.195 [pool-1-thread-5] DEBUG com.mnc.udp.UDPServer - UDP-Server: Message-44-44 -> Message-44-44 (/127.0.0.1:49469)
21:20:57.195 [pool-1-thread-2] DEBUG com.mnc.udp.UDPServer - UDP-Server: Message-78-50 -> Message-78-50 (/127.0.0.1:49503)
21:20:57.196 [pool-1-thread-3] DEBUG com.mnc.udp.UDPServer - UDP-Server: Message-59-80
21:20:57.196 [pool-1-thread-3] DEBUG com.mnc.udp.UDPServer - UDP-Server: Message-59-80 -> Message-59-80 (/127.0.0.1:49484)
21:20:57.196 [pool-1-thread-1] DEBUG com.mnc.udp.UDPServer - UDP-Server: Message-80-61
21:20:57.196 [pool-1-thread-1] DEBUG com.mnc.udp.UDPServer - UDP-Server: Message-80-61 -> Message-80-61 (/127.0.0.1:49505)
21:20:57.196 [pool-1-thread-5] DEBUG com.mnc.udp.UDPServer - UDP-Server: Message-61-24
21:20:57.196 [pool-1-thread-5] DEBUG com.mnc.udp.UDPServer - UDP-Server: Message-61-24 -> Message-61-24 (/127.0.0.1:49486)
21:20:57.196 [pool-1-thread-4] DEBUG com.mnc.udp.UDPServer - UDP-Server: Message-78-71
21:20:57.196 [pool-1-thread-1] DEBUG com.mnc.udp.UDPServer - UDP-Server: Message-44-45
21:20:57.196 [pool-1-thread-4] DEBUG com.mnc.udp.UDPServer - UDP-Server: Message-78-71 -> Message-78-71 (/127.0.0.1:49503)
21:20:57.196 [pool-1-thread-1] DEBUG com.mnc.udp.UDPServer - UDP-Server: Message-44-45 -> Message-44-45 (/127.0.0.1:49469)
21:20:57.196 [pool-1-thread-2] DEBUG com.mnc.udp.UDPServer - UDP-Server: Message-80-59
21:20:57.196 [pool-1-thread-3] DEBUG com.mnc.udp.UDPServer - UDP-Server: Message-59-76
21:20:57.196 [pool-1-thread-1] DEBUG com.mnc.udp.UDPServer - UDP-Server: Message-61-19
21:20:57.196 [pool-1-thread-3] DEBUG com.mnc.udp.UDPServer - UDP-Server: Message-59-76 -> Message-59-76 (/127.0.0.1:49484)
21:20:57.196 [pool-1-thread-1] DEBUG com.mnc.udp.UDPServer - UDP-Server: Message-61-19 -> Message-61-19 (/127.0.0.1:49486)
21:20:57.196 [pool-1-thread-2] DEBUG com.mnc.udp.UDPServer - UDP-Server: Message-80-59 -> Message-80-59 (/127.0.0.1:49505)
21:20:57.196 [pool-1-thread-4] DEBUG com.mnc.udp.UDPServer - UDP-Server: Message-78-72
21:20:57.196 [pool-1-thread-1] DEBUG com.mnc.udp.UDPServer - UDP-Server: Message-44-43
21:20:57.196 [pool-1-thread-4] DEBUG com.mnc.udp.UDPServer - UDP-Server: Message-78-72 -> Message-78-72 (/127.0.0.1:49503)
21:20:57.196 [pool-1-thread-1] DEBUG com.mnc.udp.UDPServer - UDP-Server: Message-44-43 -> Message-44-43 (/127.0.0.1:49469)
21:20:57.196 [pool-1-thread-4] DEBUG com.mnc.udp.UDPServer - UDP-Server: Message-59-77
21:20:57.196 [pool-1-thread-4] DEBUG com.mnc.udp.UDPServer - UDP-Server: Message-59-77 -> Message-59-77 (/127.0.0.1:49484)
21:20:57.196 [pool-1-thread-1] DEBUG com.mnc.udp.UDPServer - UDP-Server: Message-61-20
21:20:57.196 [pool-1-thread-2] DEBUG com.mnc.udp.UDPServer - UDP-Server: Message-80-15
21:20:57.196 [pool-1-thread-3] DEBUG com.mnc.udp.UDPServer - UDP-Server: Message-44-48
21:20:57.196 [pool-1-thread-1] DEBUG com.mnc.udp.UDPServer - UDP-Server: Message-61-20 -> Message-61-20 (/127.0.0.1:49486)
21:20:57.196 [pool-1-thread-5] DEBUG com.mnc.udp.UDPServer - UDP-Server: Message-78-63
21:20:57.196 [pool-1-thread-2] DEBUG com.mnc.udp.UDPServer - UDP-Server: Message-80-15 -> Message-80-15 (/127.0.0.1:49505)
21:20:57.196 [pool-1-thread-3] DEBUG com.mnc.udp.UDPServer - UDP-Server: Message-44-48 -> Message-44-48 (/127.0.0.1:49469)
21:20:57.196 [pool-1-thread-5] DEBUG com.mnc.udp.UDPServer - UDP-Server: Message-78-63 -> Message-78-63 (/127.0.0.1:49503)
21:20:57.196 [pool-1-thread-1] DEBUG com.mnc.udp.UDPServer - UDP-Server: Message-59-75
21:20:57.196 [pool-1-thread-1] DEBUG com.mnc.udp.UDPServer - UDP-Server: Message-59-75 -> Message-59-75 (/127.0.0.1:49484)
21:20:57.196 [pool-1-thread-1] DEBUG com.mnc.udp.UDPServer - UDP-Server: Message-61-18
21:20:57.196 [pool-1-thread-1] DEBUG com.mnc.udp.UDPServer - UDP-Server: Message-61-18 -> Message-61-18 (/127.0.0.1:49486)
21:20:57.196 [pool-1-thread-2] DEBUG com.mnc.udp.UDPServer - UDP-Server: Message-80-29
21:20:57.196 [pool-1-thread-3] DEBUG com.mnc.udp.UDPServer - UDP-Server: Message-44-49
21:20:57.196 [pool-1-thread-1] DEBUG com.mnc.udp.UDPServer - UDP-Server: Message-78-64
21:20:57.196 [pool-1-thread-2] DEBUG com.mnc.udp.UDPServer - UDP-Server: Message-80-29 -> Message-80-29 (/127.0.0.1:49505)
21:20:57.196 [pool-1-thread-3] DEBUG com.mnc.udp.UDPServer - UDP-Server: Message-44-49 -> Message-44-49 (/127.0.0.1:49469)
21:20:57.196 [pool-1-thread-4] DEBUG com.mnc.udp.UDPServer - UDP-Server: Message-59-84
21:20:57.196 [pool-1-thread-1] DEBUG com.mnc.udp.UDPServer - UDP-Server: Message-78-64 -> Message-78-64 (/127.0.0.1:49503)
21:20:57.196 [pool-1-thread-3] DEBUG com.mnc.udp.UDPServer - UDP-Server: Message-61-7
21:20:57.196 [pool-1-thread-4] DEBUG com.mnc.udp.UDPServer - UDP-Server: Message-59-84 -> Message-59-84 (/127.0.0.1:49484)
21:20:57.196 [pool-1-thread-3] DEBUG com.mnc.udp.UDPServer - UDP-Server: Message-61-7 -> Message-61-7 (/127.0.0.1:49486)
21:20:57.196 [pool-1-thread-4] DEBUG com.mnc.udp.UDPServer - UDP-Server: Message-80-30
21:20:57.196 [pool-1-thread-4] DEBUG com.mnc.udp.UDPServer - UDP-Server: Message-80-30 -> Message-80-30 (/127.0.0.1:49505)
21:20:57.196 [pool-1-thread-5] DEBUG com.mnc.udp.UDPServer - UDP-Server: Message-44-46
21:20:57.196 [pool-1-thread-1] DEBUG com.mnc.udp.UDPServer - UDP-Server: Message-78-73
21:20:57.196 [pool-1-thread-5] DEBUG com.mnc.udp.UDPServer - UDP-Server: Message-44-46 -> Message-44-46 (/127.0.0.1:49469)
21:20:57.196 [pool-1-thread-1] DEBUG com.mnc.udp.UDPServer - UDP-Server: Message-78-73 -> Message-78-73 (/127.0.0.1:49503)
21:20:57.196 [pool-1-thread-2] DEBUG com.mnc.udp.UDPServer - UDP-Server: Message-59-85
21:20:57.196 [pool-1-thread-3] DEBUG com.mnc.udp.UDPServer - UDP-Server: Message-61-8
21:20:57.196 [pool-1-thread-2] DEBUG com.mnc.udp.UDPServer - UDP-Server: Message-59-85 -> Message-59-85 (/127.0.0.1:49484)
21:20:57.196 [pool-1-thread-3] DEBUG com.mnc.udp.UDPServer - UDP-Server: Message-61-8 -> Message-61-8 (/127.0.0.1:49486)
21:20:57.196 [pool-1-thread-4] DEBUG com.mnc.udp.UDPServer - UDP-Server: Message-80-26
21:20:57.196 [pool-1-thread-3] DEBUG com.mnc.udp.UDPServer - UDP-Server: Message-44-47
21:20:57.196 [pool-1-thread-4] DEBUG com.mnc.udp.UDPServer - UDP-Server: Message-80-26 -> Message-80-26 (/127.0.0.1:49505)
21:20:57.196 [pool-1-thread-3] DEBUG com.mnc.udp.UDPServer - UDP-Server: Message-44-47 -> Message-44-47 (/127.0.0.1:49469)
21:20:57.196 [pool-1-thread-1] DEBUG com.mnc.udp.UDPServer - UDP-Server: Message-78-74
21:20:57.196 [pool-1-thread-1] DEBUG com.mnc.udp.UDPServer - UDP-Server: Message-78-74 -> Message-78-74 (/127.0.0.1:49503)
21:20:57.196 [pool-1-thread-2] DEBUG com.mnc.udp.UDPServer - UDP-Server: Message-59-86
21:20:57.196 [pool-1-thread-5] DEBUG com.mnc.udp.UDPServer - UDP-Server: Message-61-6
21:20:57.196 [pool-1-thread-5] DEBUG com.mnc.udp.UDPServer - UDP-Server: Message-61-6 -> Message-61-6 (/127.0.0.1:49486)
21:20:57.196 [pool-1-thread-2] DEBUG com.mnc.udp.UDPServer - UDP-Server: Message-59-86 -> Message-59-86 (/127.0.0.1:49484)
21:20:57.196 [pool-1-thread-5] DEBUG com.mnc.udp.UDPServer - UDP-Server: Message-44-40
21:20:57.196 [pool-1-thread-5] DEBUG com.mnc.udp.UDPServer - UDP-Server: Message-44-40 -> Message-44-40 (/127.0.0.1:49469)
21:20:57.196 [pool-1-thread-2] DEBUG com.mnc.udp.UDPServer - UDP-Server: Message-80-27
21:20:57.196 [pool-1-thread-3] DEBUG com.mnc.udp.UDPServer - UDP-Server: Message-78-69
21:20:57.196 [pool-1-thread-2] DEBUG com.mnc.udp.UDPServer - UDP-Server: Message-80-27 -> Message-80-27 (/127.0.0.1:49505)
21:20:57.196 [pool-1-thread-3] DEBUG com.mnc.udp.UDPServer - UDP-Server: Message-78-69 -> Message-78-69 (/127.0.0.1:49503)
21:20:57.196 [pool-1-thread-2] DEBUG com.mnc.udp.UDPServer - UDP-Server: Message-61-10
21:20:57.196 [pool-1-thread-3] DEBUG com.mnc.udp.UDPServer - UDP-Server: Message-59-57
21:20:57.196 [pool-1-thread-2] DEBUG com.mnc.udp.UDPServer - UDP-Server: Message-61-10 -> Message-61-10 (/127.0.0.1:49486)
21:20:57.196 [pool-1-thread-5] DEBUG com.mnc.udp.UDPServer - UDP-Server: Message-44-41
21:20:57.196 [pool-1-thread-5] DEBUG com.mnc.udp.UDPServer - UDP-Server: Message-44-41 -> Message-44-41 (/127.0.0.1:49469)
21:20:57.196 [pool-1-thread-3] DEBUG com.mnc.udp.UDPServer - UDP-Server: Message-59-57 -> Message-59-57 (/127.0.0.1:49484)
21:20:57.197 [pool-1-thread-4] DEBUG com.mnc.udp.UDPServer - UDP-Server: Message-80-16
21:20:57.197 [pool-1-thread-1] DEBUG com.mnc.udp.UDPServer - UDP-Server: Message-78-70
21:20:57.197 [pool-1-thread-2] DEBUG com.mnc.udp.UDPServer - UDP-Server: Message-61-11
21:20:57.197 [pool-1-thread-1] DEBUG com.mnc.udp.UDPServer - UDP-Server: Message-78-70 -> Message-78-70 (/127.0.0.1:49503)
21:20:57.197 [pool-1-thread-4] DEBUG com.mnc.udp.UDPServer - UDP-Server: Message-80-16 -> Message-80-16 (/127.0.0.1:49505)
21:20:57.197 [pool-1-thread-5] DEBUG com.mnc.udp.UDPServer - UDP-Server: Message-44-42
21:20:57.197 [pool-1-thread-5] DEBUG com.mnc.udp.UDPServer - UDP-Server: Message-44-42 -> Message-44-42 (/127.0.0.1:49469)
21:20:57.197 [pool-1-thread-4] DEBUG com.mnc.udp.UDPServer - UDP-Server: Message-59-58
21:20:57.197 [pool-1-thread-2] DEBUG com.mnc.udp.UDPServer - UDP-Server: Message-61-11 -> Message-61-11 (/127.0.0.1:49486)
21:20:57.197 [pool-1-thread-4] DEBUG com.mnc.udp.UDPServer - UDP-Server: Message-59-58 -> Message-59-58 (/127.0.0.1:49484)
21:20:57.197 [pool-1-thread-2] DEBUG com.mnc.udp.UDPServer - UDP-Server: Message-78-68
21:20:57.197 [pool-1-thread-4] DEBUG com.mnc.udp.UDPServer - UDP-Server: Message-80-17
21:20:57.197 [pool-1-thread-2] DEBUG com.mnc.udp.UDPServer - UDP-Server: Message-78-68 -> Message-78-68 (/127.0.0.1:49503)
21:20:57.197 [pool-1-thread-4] DEBUG com.mnc.udp.UDPServer - UDP-Server: Message-80-17 -> Message-80-17 (/127.0.0.1:49505)
21:20:57.197 [pool-1-thread-5] DEBUG com.mnc.udp.UDPServer - UDP-Server: Message-44-38
21:20:57.197 [pool-1-thread-5] DEBUG com.mnc.udp.UDPServer - UDP-Server: Message-44-38 -> Message-44-38 (/127.0.0.1:49469)
21:20:57.197 [pool-1-thread-5] DEBUG com.mnc.udp.UDPServer - UDP-Server: Message-61-9
21:20:57.197 [pool-1-thread-5] DEBUG com.mnc.udp.UDPServer - UDP-Server: Message-61-9 -> Message-61-9 (/127.0.0.1:49486)
21:20:57.197 [pool-1-thread-3] DEBUG com.mnc.udp.UDPServer - UDP-Server: Message-59-56
21:20:57.197 [pool-1-thread-3] DEBUG com.mnc.udp.UDPServer - UDP-Server: Message-59-56 -> Message-59-56 (/127.0.0.1:49484)
21:20:57.197 [pool-1-thread-2] DEBUG com.mnc.udp.UDPServer - UDP-Server: Message-78-62
21:20:57.197 [pool-1-thread-4] DEBUG com.mnc.udp.UDPServer - UDP-Server: Message-80-53
21:20:57.197 [pool-1-thread-3] DEBUG com.mnc.udp.UDPServer - UDP-Server: Message-44-39
21:20:57.197 [pool-1-thread-2] DEBUG com.mnc.udp.UDPServer - UDP-Server: Message-78-62 -> Message-78-62 (/127.0.0.1:49503)
21:20:57.197 [pool-1-thread-3] DEBUG com.mnc.udp.UDPServer - UDP-Server: Message-44-39 -> Message-44-39 (/127.0.0.1:49469)
21:20:57.197 [pool-1-thread-4] DEBUG com.mnc.udp.UDPServer - UDP-Server: Message-80-53 -> Message-80-53 (/127.0.0.1:49505)
21:20:57.197 [pool-1-thread-5] DEBUG com.mnc.udp.UDPServer - UDP-Server: Message-61-3
21:20:57.197 [pool-1-thread-5] DEBUG com.mnc.udp.UDPServer - UDP-Server: Message-61-3 -> Message-61-3 (/127.0.0.1:49486)
21:20:57.197 [pool-1-thread-4] DEBUG com.mnc.udp.UDPServer - UDP-Server: Message-59-60
21:20:57.197 [pool-1-thread-4] DEBUG com.mnc.udp.UDPServer - UDP-Server: Message-59-60 -> Message-59-60 (/127.0.0.1:49484)
21:20:57.197 [pool-1-thread-4] DEBUG com.mnc.udp.UDPServer - UDP-Server: Message-73-32
21:20:57.197 [pool-1-thread-4] DEBUG com.mnc.udp.UDPServer - UDP-Server: Message-73-32 -> Message-73-32 (/127.0.0.1:49498)
21:20:57.197 [pool-1-thread-3] DEBUG com.mnc.udp.UDPServer - UDP-Server: Message-78-66
21:20:57.197 [pool-1-thread-2] DEBUG com.mnc.udp.UDPServer - UDP-Server: Message-44-37
21:20:57.197 [pool-1-thread-5] DEBUG com.mnc.udp.UDPServer - UDP-Server: Message-61-4
21:20:57.197 [pool-1-thread-3] DEBUG com.mnc.udp.UDPServer - UDP-Server: Message-78-66 -> Message-78-66 (/127.0.0.1:49503)
21:20:57.197 [pool-1-thread-1] DEBUG com.mnc.udp.UDPServer - UDP-Server: Message-80-54
21:20:57.197 [pool-1-thread-2] DEBUG com.mnc.udp.UDPServer - UDP-Server: Message-44-37 -> Message-44-37 (/127.0.0.1:49469)
21:20:57.197 [pool-1-thread-4] DEBUG com.mnc.udp.UDPServer - UDP-Server: Message-59-61
21:20:57.197 [pool-1-thread-5] DEBUG com.mnc.udp.UDPServer - UDP-Server: Message-61-4 -> Message-61-4 (/127.0.0.1:49486)
21:20:57.197 [pool-1-thread-1] DEBUG com.mnc.udp.UDPServer - UDP-Server: Message-80-54 -> Message-80-54 (/127.0.0.1:49505)
21:20:57.197 [pool-1-thread-5] DEBUG com.mnc.udp.UDPServer - UDP-Server: Message-78-67
21:20:57.197 [pool-1-thread-3] DEBUG com.mnc.udp.UDPServer - UDP-Server: Message-73-33
21:20:57.197 [pool-1-thread-4] DEBUG com.mnc.udp.UDPServer - UDP-Server: Message-59-61 -> Message-59-61 (/127.0.0.1:49484)
21:20:57.197 [pool-1-thread-5] DEBUG com.mnc.udp.UDPServer - UDP-Server: Message-78-67 -> Message-78-67 (/127.0.0.1:49503)
21:20:57.197 [pool-1-thread-1] DEBUG com.mnc.udp.UDPServer - UDP-Server: Message-61-5
21:20:57.197 [pool-1-thread-3] DEBUG com.mnc.udp.UDPServer - UDP-Server: Message-73-33 -> Message-73-33 (/127.0.0.1:49498)
21:20:57.197 [pool-1-thread-2] DEBUG com.mnc.udp.UDPServer - UDP-Server: Message-44-15
21:20:57.197 [pool-1-thread-1] DEBUG com.mnc.udp.UDPServer - UDP-Server: Message-61-5 -> Message-61-5 (/127.0.0.1:49486)
21:20:57.197 [pool-1-thread-5] DEBUG com.mnc.udp.UDPServer - UDP-Server: Message-80-55
21:20:57.197 [pool-1-thread-3] DEBUG com.mnc.udp.UDPServer - UDP-Server: Message-59-59
21:20:57.197 [pool-1-thread-5] DEBUG com.mnc.udp.UDPServer - UDP-Server: Message-80-55 -> Message-80-55 (/127.0.0.1:49505)
21:20:57.197 [pool-1-thread-2] DEBUG com.mnc.udp.UDPServer - UDP-Server: Message-44-15 -> Message-44-15 (/127.0.0.1:49469)
21:20:57.197 [pool-1-thread-3] DEBUG com.mnc.udp.UDPServer - UDP-Server: Message-59-59 -> Message-59-59 (/127.0.0.1:49484)
21:20:57.197 [pool-1-thread-5] DEBUG com.mnc.udp.UDPServer - UDP-Server: Message-73-90
21:20:57.197 [pool-1-thread-5] DEBUG com.mnc.udp.UDPServer - UDP-Server: Message-73-90 -> Message-73-90 (/127.0.0.1:49498)
21:20:57.197 [pool-1-thread-1] DEBUG com.mnc.udp.UDPServer - UDP-Server: Message-61-1
21:20:57.197 [pool-1-thread-1] DEBUG com.mnc.udp.UDPServer - UDP-Server: Message-61-1 -> Message-61-1 (/127.0.0.1:49486)
21:20:57.197 [pool-1-thread-5] DEBUG com.mnc.udp.UDPServer - UDP-Server: Message-44-16
21:20:57.197 [pool-1-thread-5] DEBUG com.mnc.udp.UDPServer - UDP-Server: Message-44-16 -> Message-44-16 (/127.0.0.1:49469)
21:20:57.197 [pool-1-thread-2] DEBUG com.mnc.udp.UDPServer - UDP-Server: Message-80-11
21:20:57.197 [pool-1-thread-3] DEBUG com.mnc.udp.UDPServer - UDP-Server: Message-59-53
21:20:57.197 [pool-1-thread-3] DEBUG com.mnc.udp.UDPServer - UDP-Server: Message-59-53 -> Message-59-53 (/127.0.0.1:49484)
21:20:57.197 [pool-1-thread-5] DEBUG com.mnc.udp.UDPServer - UDP-Server: Message-73-91
21:20:57.197 [pool-1-thread-2] DEBUG com.mnc.udp.UDPServer - UDP-Server: Message-80-11 -> Message-80-11 (/127.0.0.1:49505)
21:20:57.197 [pool-1-thread-5] DEBUG com.mnc.udp.UDPServer - UDP-Server: Message-73-91 -> Message-73-91 (/127.0.0.1:49498)
21:20:57.197 [pool-1-thread-1] DEBUG com.mnc.udp.UDPServer - UDP-Server: Message-61-2
21:20:57.197 [pool-1-thread-4] DEBUG com.mnc.udp.UDPServer - UDP-Server: Message-44-17
21:20:57.197 [pool-1-thread-1] DEBUG com.mnc.udp.UDPServer - UDP-Server: Message-61-2 -> Message-61-2 (/127.0.0.1:49486)
21:20:57.197 [pool-1-thread-4] DEBUG com.mnc.udp.UDPServer - UDP-Server: Message-44-17 -> Message-44-17 (/127.0.0.1:49469)
21:20:57.197 [pool-1-thread-4] DEBUG com.mnc.udp.UDPServer - UDP-Server: Message-59-54
21:20:57.197 [pool-1-thread-4] DEBUG com.mnc.udp.UDPServer - UDP-Server: Message-59-54 -> Message-59-54 (/127.0.0.1:49484)
21:20:57.198 [pool-1-thread-2] DEBUG com.mnc.udp.UDPServer - UDP-Server: Message-80-9
21:20:57.198 [pool-1-thread-4] DEBUG com.mnc.udp.UDPServer - UDP-Server: Message-73-92
21:20:57.198 [pool-1-thread-5] DEBUG com.mnc.udp.UDPServer - UDP-Server: Message-61-0
21:20:57.198 [pool-1-thread-1] DEBUG com.mnc.udp.UDPServer - UDP-Server: Message-44-13
21:20:57.198 [pool-1-thread-2] DEBUG com.mnc.udp.UDPServer - UDP-Server: Message-80-9 -> Message-80-9 (/127.0.0.1:49505)
21:20:57.198 [pool-1-thread-4] DEBUG com.mnc.udp.UDPServer - UDP-Server: Message-73-92 -> Message-73-92 (/127.0.0.1:49498)
21:20:57.198 [pool-1-thread-5] DEBUG com.mnc.udp.UDPServer - UDP-Server: Message-61-0 -> Message-61-0 (/127.0.0.1:49486)
21:20:57.198 [pool-1-thread-3] DEBUG com.mnc.udp.UDPServer - UDP-Server: Message-59-55
21:20:57.198 [pool-1-thread-1] DEBUG com.mnc.udp.UDPServer - UDP-Server: Message-44-13 -> Message-44-13 (/127.0.0.1:49469)
21:20:57.198 [pool-1-thread-3] DEBUG com.mnc.udp.UDPServer - UDP-Server: Message-59-55 -> Message-59-55 (/127.0.0.1:49484)
21:20:57.198 [pool-1-thread-3] DEBUG com.mnc.udp.UDPServer - UDP-Server: Message-80-96
21:20:57.198 [pool-1-thread-3] DEBUG com.mnc.udp.UDPServer - UDP-Server: Message-80-96 -> Message-80-96 (/127.0.0.1:49505)
21:20:57.198 [pool-1-thread-4] DEBUG com.mnc.udp.UDPServer - UDP-Server: Message-73-31
21:20:57.198 [pool-1-thread-4] DEBUG com.mnc.udp.UDPServer - UDP-Server: Message-73-31 -> Message-73-31 (/127.0.0.1:49498)
21:20:57.198 [pool-1-thread-5] DEBUG com.mnc.udp.UDPServer - UDP-Server: Message-44-14
21:20:57.198 [pool-1-thread-4] DEBUG com.mnc.udp.UDPServer - UDP-Server: Message-59-51
21:20:57.198 [pool-1-thread-5] DEBUG com.mnc.udp.UDPServer - UDP-Server: Message-44-14 -> Message-44-14 (/127.0.0.1:49469)
21:20:57.198 [pool-1-thread-4] DEBUG com.mnc.udp.UDPServer - UDP-Server: Message-59-51 -> Message-59-51 (/127.0.0.1:49484)
21:20:57.198 [pool-1-thread-2] DEBUG com.mnc.udp.UDPServer - UDP-Server: Message-80-97
21:20:57.198 [pool-1-thread-2] DEBUG com.mnc.udp.UDPServer - UDP-Server: Message-80-97 -> Message-80-97 (/127.0.0.1:49505)
21:20:57.198 [pool-1-thread-2] DEBUG com.mnc.udp.UDPServer - UDP-Server: Message-73-35
21:20:57.198 [pool-1-thread-2] DEBUG com.mnc.udp.UDPServer - UDP-Server: Message-73-35 -> Message-73-35 (/127.0.0.1:49498)
21:20:57.198 [pool-1-thread-2] DEBUG com.mnc.udp.UDPServer - UDP-Server: Message-44-7
21:20:57.198 [pool-1-thread-2] DEBUG com.mnc.udp.UDPServer - UDP-Server: Message-44-7 -> Message-44-7 (/127.0.0.1:49469)
21:20:57.198 [pool-1-thread-5] DEBUG com.mnc.udp.UDPServer - UDP-Server: Message-59-52
21:20:57.198 [pool-1-thread-4] DEBUG com.mnc.udp.UDPServer - UDP-Server: Message-80-98
21:20:57.198 [pool-1-thread-5] DEBUG com.mnc.udp.UDPServer - UDP-Server: Message-59-52 -> Message-59-52 (/127.0.0.1:49484)
21:20:57.198 [pool-1-thread-4] DEBUG com.mnc.udp.UDPServer - UDP-Server: Message-80-98 -> Message-80-98 (/127.0.0.1:49505)
21:20:57.198 [pool-1-thread-4] DEBUG com.mnc.udp.UDPServer - UDP-Server: Message-73-36
21:20:57.198 [pool-1-thread-4] DEBUG com.mnc.udp.UDPServer - UDP-Server: Message-73-36 -> Message-73-36 (/127.0.0.1:49498)
21:20:57.198 [pool-1-thread-4] DEBUG com.mnc.udp.UDPServer - UDP-Server: Message-44-8
21:20:57.198 [pool-1-thread-3] DEBUG com.mnc.udp.UDPServer - UDP-Server: Message-80-99
21:20:57.198 [pool-1-thread-4] DEBUG com.mnc.udp.UDPServer - UDP-Server: Message-44-8 -> Message-44-8 (/127.0.0.1:49469)
21:20:57.198 [pool-1-thread-2] DEBUG com.mnc.udp.UDPServer - UDP-Server: Message-59-50
21:20:57.198 [pool-1-thread-3] DEBUG com.mnc.udp.UDPServer - UDP-Server: Message-80-99 -> Message-80-99 (/127.0.0.1:49505)
21:20:57.198 [pool-1-thread-2] DEBUG com.mnc.udp.UDPServer - UDP-Server: Message-59-50 -> Message-59-50 (/127.0.0.1:49484)
21:20:57.198 [pool-1-thread-5] DEBUG com.mnc.udp.UDPServer - UDP-Server: Message-73-34
21:20:57.198 [pool-1-thread-5] DEBUG com.mnc.udp.UDPServer - UDP-Server: Message-73-34 -> Message-73-34 (/127.0.0.1:49498)
21:20:57.198 [pool-1-thread-1] DEBUG com.mnc.udp.UDPServer - UDP-Server: Message-44-6
21:20:57.198 [pool-1-thread-4] DEBUG com.mnc.udp.UDPServer - UDP-Server: Message-80-94
21:20:57.198 [pool-1-thread-4] DEBUG com.mnc.udp.UDPServer - UDP-Server: Message-80-94 -> Message-80-94 (/127.0.0.1:49505)
21:20:57.198 [pool-1-thread-1] DEBUG com.mnc.udp.UDPServer - UDP-Server: Message-44-6 -> Message-44-6 (/127.0.0.1:49469)
21:20:57.198 [pool-1-thread-5] DEBUG com.mnc.udp.UDPServer - UDP-Server: Message-59-71
21:20:57.198 [pool-1-thread-1] DEBUG com.mnc.udp.UDPServer - UDP-Server: Message-73-88
21:20:57.198 [pool-1-thread-5] DEBUG com.mnc.udp.UDPServer - UDP-Server: Message-59-71 -> Message-59-71 (/127.0.0.1:49484)
21:20:57.198 [pool-1-thread-1] DEBUG com.mnc.udp.UDPServer - UDP-Server: Message-73-88 -> Message-73-88 (/127.0.0.1:49498)
21:20:57.198 [pool-1-thread-5] DEBUG com.mnc.udp.UDPServer - UDP-Server: Message-80-95
21:20:57.198 [pool-1-thread-5] DEBUG com.mnc.udp.UDPServer - UDP-Server: Message-80-95 -> Message-80-95 (/127.0.0.1:49505)
21:20:57.198 [pool-1-thread-1] DEBUG com.mnc.udp.UDPServer - UDP-Server: Message-44-12
21:20:57.198 [pool-1-thread-1] DEBUG com.mnc.udp.UDPServer - UDP-Server: Message-44-12 -> Message-44-12 (/127.0.0.1:49469)
21:20:57.198 [pool-1-thread-1] DEBUG com.mnc.udp.UDPServer - UDP-Server: Message-59-72
21:20:57.198 [pool-1-thread-1] DEBUG com.mnc.udp.UDPServer - UDP-Server: Message-59-72 -> Message-59-72 (/127.0.0.1:49484)
21:20:57.198 [pool-1-thread-1] DEBUG com.mnc.udp.UDPServer - UDP-Server: Message-73-89
21:20:57.198 [pool-1-thread-1] DEBUG com.mnc.udp.UDPServer - UDP-Server: Message-73-89 -> Message-73-89 (/127.0.0.1:49498)
21:20:57.198 [pool-1-thread-4] DEBUG com.mnc.udp.UDPServer - UDP-Server: Message-80-93
21:20:57.198 [pool-1-thread-4] DEBUG com.mnc.udp.UDPServer - UDP-Server: Message-80-93 -> Message-80-93 (/127.0.0.1:49505)
21:20:57.198 [pool-1-thread-2] DEBUG com.mnc.udp.UDPServer - UDP-Server: Message-59-73
21:20:57.198 [pool-1-thread-5] DEBUG com.mnc.udp.UDPServer - UDP-Server: Message-44-21
21:20:57.198 [pool-1-thread-3] DEBUG com.mnc.udp.UDPServer - UDP-Server: Message-73-87
21:20:57.198 [pool-1-thread-3] DEBUG com.mnc.udp.UDPServer - UDP-Server: Message-73-87 -> Message-73-87 (/127.0.0.1:49498)
21:20:57.198 [pool-1-thread-2] DEBUG com.mnc.udp.UDPServer - UDP-Server: Message-59-73 -> Message-59-73 (/127.0.0.1:49484)
21:20:57.198 [pool-1-thread-5] DEBUG com.mnc.udp.UDPServer - UDP-Server: Message-44-21 -> Message-44-21 (/127.0.0.1:49469)
21:20:57.198 [pool-1-thread-5] DEBUG com.mnc.udp.UDPServer - UDP-Server: Message-80-82
21:20:57.198 [pool-1-thread-5] DEBUG com.mnc.udp.UDPServer - UDP-Server: Message-80-82 -> Message-80-82 (/127.0.0.1:49505)
21:20:57.198 [pool-1-thread-4] DEBUG com.mnc.udp.UDPServer - UDP-Server: Message-59-74
21:20:57.198 [pool-1-thread-4] DEBUG com.mnc.udp.UDPServer - UDP-Server: Message-59-74 -> Message-59-74 (/127.0.0.1:49484)
21:20:57.198 [pool-1-thread-3] DEBUG com.mnc.udp.UDPServer - UDP-Server: Message-44-22
21:20:57.198 [pool-1-thread-3] DEBUG com.mnc.udp.UDPServer - UDP-Server: Message-44-22 -> Message-44-22 (/127.0.0.1:49469)
21:20:57.198 [pool-1-thread-2] DEBUG com.mnc.udp.UDPServer - UDP-Server: Message-73-28
21:20:57.198 [pool-1-thread-4] DEBUG com.mnc.udp.UDPServer - UDP-Server: Message-80-83
21:20:57.198 [pool-1-thread-2] DEBUG com.mnc.udp.UDPServer - UDP-Server: Message-73-28 -> Message-73-28 (/127.0.0.1:49498)
21:20:57.198 [pool-1-thread-4] DEBUG com.mnc.udp.UDPServer - UDP-Server: Message-80-83 -> Message-80-83 (/127.0.0.1:49505)
21:20:57.199 [pool-1-thread-5] DEBUG com.mnc.udp.UDPServer - UDP-Server: Message-59-69
21:20:57.199 [pool-1-thread-3] DEBUG com.mnc.udp.UDPServer - UDP-Server: Message-80-81
21:20:57.199 [pool-1-thread-5] DEBUG com.mnc.udp.UDPServer - UDP-Server: Message-59-69 -> Message-59-69 (/127.0.0.1:49484)
21:20:57.199 [pool-1-thread-1] DEBUG com.mnc.udp.UDPServer - UDP-Server: Message-44-23
21:20:57.199 [pool-1-thread-2] DEBUG com.mnc.udp.UDPServer - UDP-Server: Message-73-96
21:20:57.199 [pool-1-thread-3] DEBUG com.mnc.udp.UDPServer - UDP-Server: Message-80-81 -> Message-80-81 (/127.0.0.1:49505)
21:20:57.199 [pool-1-thread-1] DEBUG com.mnc.udp.UDPServer - UDP-Server: Message-44-23 -> Message-44-23 (/127.0.0.1:49469)
21:20:57.199 [pool-1-thread-2] DEBUG com.mnc.udp.UDPServer - UDP-Server: Message-73-96 -> Message-73-96 (/127.0.0.1:49498)
21:20:57.199 [pool-1-thread-1] DEBUG com.mnc.udp.UDPServer - UDP-Server: Message-59-70
21:20:57.199 [pool-1-thread-1] DEBUG com.mnc.udp.UDPServer - UDP-Server: Message-59-70 -> Message-59-70 (/127.0.0.1:49484)
21:20:57.199 [pool-1-thread-1] DEBUG com.mnc.udp.UDPServer - UDP-Server: Message-80-3
21:20:57.199 [pool-1-thread-1] DEBUG com.mnc.udp.UDPServer - UDP-Server: Message-80-3 -> Message-80-3 (/127.0.0.1:49505)
21:20:57.199 [pool-1-thread-3] DEBUG com.mnc.udp.UDPServer - UDP-Server: Message-44-24
21:20:57.199 [pool-1-thread-1] DEBUG com.mnc.udp.UDPServer - UDP-Server: Message-73-97
21:20:57.199 [pool-1-thread-1] DEBUG com.mnc.udp.UDPServer - UDP-Server: Message-73-97 -> Message-73-97 (/127.0.0.1:49498)
21:20:57.199 [pool-1-thread-3] DEBUG com.mnc.udp.UDPServer - UDP-Server: Message-44-24 -> Message-44-24 (/127.0.0.1:49469)
21:20:57.199 [pool-1-thread-2] DEBUG com.mnc.udp.UDPServer - UDP-Server: Message-59-68
21:20:57.199 [pool-1-thread-2] DEBUG com.mnc.udp.UDPServer - UDP-Server: Message-59-68 -> Message-59-68 (/127.0.0.1:49484)
21:20:57.199 [pool-1-thread-5] DEBUG com.mnc.udp.UDPServer - UDP-Server: Message-80-71
21:20:57.199 [pool-1-thread-5] DEBUG com.mnc.udp.UDPServer - UDP-Server: Message-80-71 -> Message-80-71 (/127.0.0.1:49505)
21:20:57.199 [pool-1-thread-2] DEBUG com.mnc.udp.UDPServer - UDP-Server: Message-73-29
21:20:57.199 [pool-1-thread-4] DEBUG com.mnc.udp.UDPServer - UDP-Server: Message-44-19
21:20:57.199 [pool-1-thread-2] DEBUG com.mnc.udp.UDPServer - UDP-Server: Message-73-29 -> Message-73-29 (/127.0.0.1:49498)
21:20:57.199 [pool-1-thread-4] DEBUG com.mnc.udp.UDPServer - UDP-Server: Message-44-19 -> Message-44-19 (/127.0.0.1:49469)
21:20:57.199 [pool-1-thread-3] DEBUG com.mnc.udp.UDPServer - UDP-Server: Message-59-63
21:20:57.199 [pool-1-thread-3] DEBUG com.mnc.udp.UDPServer - UDP-Server: Message-59-63 -> Message-59-63 (/127.0.0.1:49484)
21:20:57.199 [pool-1-thread-1] DEBUG com.mnc.udp.UDPServer - UDP-Server: Message-80-72
21:20:57.199 [pool-1-thread-1] DEBUG com.mnc.udp.UDPServer - UDP-Server: Message-80-72 -> Message-80-72 (/127.0.0.1:49505)
21:20:57.199 [pool-1-thread-5] DEBUG com.mnc.udp.UDPServer - UDP-Server: Message-44-20
21:20:57.199 [pool-1-thread-5] DEBUG com.mnc.udp.UDPServer - UDP-Server: Message-44-20 -> Message-44-20 (/127.0.0.1:49469)
21:20:57.199 [pool-1-thread-4] DEBUG com.mnc.udp.UDPServer - UDP-Server: Message-59-64
21:20:57.199 [pool-1-thread-4] DEBUG com.mnc.udp.UDPServer - UDP-Server: Message-59-64 -> Message-59-64 (/127.0.0.1:49484)
21:20:57.199 [pool-1-thread-1] DEBUG com.mnc.udp.UDPServer - UDP-Server: Message-73-30
21:20:57.199 [pool-1-thread-3] DEBUG com.mnc.udp.UDPServer - UDP-Server: Message-80-13
21:20:57.199 [pool-1-thread-1] DEBUG com.mnc.udp.UDPServer - UDP-Server: Message-73-30 -> Message-73-30 (/127.0.0.1:49498)
21:20:57.199 [pool-1-thread-3] DEBUG com.mnc.udp.UDPServer - UDP-Server: Message-80-13 -> Message-80-13 (/127.0.0.1:49505)
21:20:57.199 [pool-1-thread-1] DEBUG com.mnc.udp.UDPServer - UDP-Server: Message-44-10
21:20:57.199 [pool-1-thread-1] DEBUG com.mnc.udp.UDPServer - UDP-Server: Message-44-10 -> Message-44-10 (/127.0.0.1:49469)
21:20:57.199 [pool-1-thread-5] DEBUG com.mnc.udp.UDPServer - UDP-Server: Message-59-62
21:20:57.199 [pool-1-thread-5] DEBUG com.mnc.udp.UDPServer - UDP-Server: Message-59-62 -> Message-59-62 (/127.0.0.1:49484)
21:20:57.199 [pool-1-thread-4] DEBUG com.mnc.udp.UDPServer - UDP-Server: Message-73-26
21:20:57.199 [pool-1-thread-2] DEBUG com.mnc.udp.UDPServer - UDP-Server: Message-80-14
21:20:57.199 [pool-1-thread-3] DEBUG com.mnc.udp.UDPServer - UDP-Server: Message-44-11
21:20:57.199 [pool-1-thread-4] DEBUG com.mnc.udp.UDPServer - UDP-Server: Message-73-26 -> Message-73-26 (/127.0.0.1:49498)
21:20:57.199 [pool-1-thread-1] DEBUG com.mnc.udp.UDPServer - UDP-Server: Message-59-66
21:20:57.199 [pool-1-thread-2] DEBUG com.mnc.udp.UDPServer - UDP-Server: Message-80-14 -> Message-80-14 (/127.0.0.1:49505)
21:20:57.199 [pool-1-thread-1] DEBUG com.mnc.udp.UDPServer - UDP-Server: Message-59-66 -> Message-59-66 (/127.0.0.1:49484)
21:20:57.199 [pool-1-thread-3] DEBUG com.mnc.udp.UDPServer - UDP-Server: Message-44-11 -> Message-44-11 (/127.0.0.1:49469)
21:20:57.199 [pool-1-thread-5] DEBUG com.mnc.udp.UDPServer - UDP-Server: Message-73-27
21:20:57.199 [pool-1-thread-5] DEBUG com.mnc.udp.UDPServer - UDP-Server: Message-73-27 -> Message-73-27 (/127.0.0.1:49498)
21:20:57.199 [pool-1-thread-4] DEBUG com.mnc.udp.UDPServer - UDP-Server: Message-80-25
21:20:57.199 [pool-1-thread-4] DEBUG com.mnc.udp.UDPServer - UDP-Server: Message-80-25 -> Message-80-25 (/127.0.0.1:49505)
21:20:57.199 [pool-1-thread-2] DEBUG com.mnc.udp.UDPServer - UDP-Server: Message-59-67
21:20:57.199 [pool-1-thread-5] DEBUG com.mnc.udp.UDPServer - UDP-Server: Message-44-9
21:20:57.199 [pool-1-thread-2] DEBUG com.mnc.udp.UDPServer - UDP-Server: Message-59-67 -> Message-59-67 (/127.0.0.1:49484)
21:20:57.199 [pool-1-thread-5] DEBUG com.mnc.udp.UDPServer - UDP-Server: Message-44-9 -> Message-44-9 (/127.0.0.1:49469)
21:20:57.199 [pool-1-thread-3] DEBUG com.mnc.udp.UDPServer - UDP-Server: Message-73-25
21:20:57.199 [pool-1-thread-1] DEBUG com.mnc.udp.UDPServer - UDP-Server: Message-80-51
21:20:57.199 [pool-1-thread-3] DEBUG com.mnc.udp.UDPServer - UDP-Server: Message-73-25 -> Message-73-25 (/127.0.0.1:49498)
21:20:57.199 [pool-1-thread-1] DEBUG com.mnc.udp.UDPServer - UDP-Server: Message-80-51 -> Message-80-51 (/127.0.0.1:49505)
21:20:57.199 [pool-1-thread-4] DEBUG com.mnc.udp.UDPServer - UDP-Server: Message-44-18
21:20:57.199 [pool-1-thread-4] DEBUG com.mnc.udp.UDPServer - UDP-Server: Message-44-18 -> Message-44-18 (/127.0.0.1:49469)
21:20:57.200 [pool-1-thread-2] DEBUG com.mnc.udp.UDPServer - UDP-Server: Message-73-44
21:20:57.200 [pool-1-thread-3] DEBUG com.mnc.udp.UDPServer - UDP-Server: Message-44-3
21:20:57.200 [pool-1-thread-5] DEBUG com.mnc.udp.UDPServer - UDP-Server: Message-80-52
21:20:57.200 [pool-1-thread-2] DEBUG com.mnc.udp.UDPServer - UDP-Server: Message-73-44 -> Message-73-44 (/127.0.0.1:49498)
21:20:57.200 [pool-1-thread-3] DEBUG com.mnc.udp.UDPServer - UDP-Server: Message-44-3 -> Message-44-3 (/127.0.0.1:49469)
21:20:57.200 [pool-1-thread-5] DEBUG com.mnc.udp.UDPServer - UDP-Server: Message-80-52 -> Message-80-52 (/127.0.0.1:49505)
21:20:57.200 [pool-1-thread-1] DEBUG com.mnc.udp.UDPServer - UDP-Server: Message-73-45
21:20:57.200 [pool-1-thread-1] DEBUG com.mnc.udp.UDPServer - UDP-Server: Message-73-45 -> Message-73-45 (/127.0.0.1:49498)
21:20:57.200 [pool-1-thread-2] DEBUG com.mnc.udp.UDPServer - UDP-Server: Message-80-50
21:20:57.200 [pool-1-thread-2] DEBUG com.mnc.udp.UDPServer - UDP-Server: Message-80-50 -> Message-80-50 (/127.0.0.1:49505)
21:20:57.200 [pool-1-thread-4] DEBUG com.mnc.udp.UDPServer - UDP-Server: Message-44-90
21:20:57.200 [pool-1-thread-4] DEBUG com.mnc.udp.UDPServer - UDP-Server: Message-44-90 -> Message-44-90 (/127.0.0.1:49469)
21:20:57.200 [pool-1-thread-5] DEBUG com.mnc.udp.UDPServer - UDP-Server: Message-73-43
21:20:57.200 [pool-1-thread-3] DEBUG com.mnc.udp.UDPServer - UDP-Server: Message-80-21
21:20:57.200 [pool-1-thread-5] DEBUG com.mnc.udp.UDPServer - UDP-Server: Message-73-43 -> Message-73-43 (/127.0.0.1:49498)
21:20:57.200 [pool-1-thread-3] DEBUG com.mnc.udp.UDPServer - UDP-Server: Message-80-21 -> Message-80-21 (/127.0.0.1:49505)
21:20:57.200 [pool-1-thread-1] DEBUG com.mnc.udp.UDPServer - UDP-Server: Message-44-91
21:20:57.200 [pool-1-thread-1] DEBUG com.mnc.udp.UDPServer - UDP-Server: Message-44-91 -> Message-44-91 (/127.0.0.1:49469)
21:20:57.200 [pool-1-thread-2] DEBUG com.mnc.udp.UDPServer - UDP-Server: Message-73-98
21:20:57.200 [pool-1-thread-4] DEBUG com.mnc.udp.UDPServer - UDP-Server: Message-80-22
21:20:57.200 [pool-1-thread-2] DEBUG com.mnc.udp.UDPServer - UDP-Server: Message-73-98 -> Message-73-98 (/127.0.0.1:49498)
21:20:57.200 [pool-1-thread-4] DEBUG com.mnc.udp.UDPServer - UDP-Server: Message-80-22 -> Message-80-22 (/127.0.0.1:49505)
21:20:57.200 [pool-1-thread-5] DEBUG com.mnc.udp.UDPServer - UDP-Server: Message-44-92
21:20:57.200 [pool-1-thread-5] DEBUG com.mnc.udp.UDPServer - UDP-Server: Message-44-92 -> Message-44-92 (/127.0.0.1:49469)
21:20:57.200 [pool-1-thread-3] DEBUG com.mnc.udp.UDPServer - UDP-Server: Message-73-99
21:20:57.200 [pool-1-thread-3] DEBUG com.mnc.udp.UDPServer - UDP-Server: Message-73-99 -> Message-73-99 (/127.0.0.1:49498)
21:20:57.200 [pool-1-thread-1] DEBUG com.mnc.udp.UDPServer - UDP-Server: Message-80-23
21:20:57.200 [pool-1-thread-1] DEBUG com.mnc.udp.UDPServer - UDP-Server: Message-80-23 -> Message-80-23 (/127.0.0.1:49505)
21:20:57.200 [pool-1-thread-2] DEBUG com.mnc.udp.UDPServer - UDP-Server: Message-44-4
21:20:57.200 [pool-1-thread-2] DEBUG com.mnc.udp.UDPServer - UDP-Server: Message-44-4 -> Message-44-4 (/127.0.0.1:49469)
21:20:57.200 [pool-1-thread-4] DEBUG com.mnc.udp.UDPServer - UDP-Server: Message-73-94
21:20:57.200 [pool-1-thread-4] DEBUG com.mnc.udp.UDPServer - UDP-Server: Message-73-94 -> Message-73-94 (/127.0.0.1:49498)
21:20:57.200 [pool-1-thread-5] DEBUG com.mnc.udp.UDPServer - UDP-Server: Message-80-24
21:20:57.200 [pool-1-thread-3] DEBUG com.mnc.udp.UDPServer - UDP-Server: Message-44-5
21:20:57.200 [pool-1-thread-5] DEBUG com.mnc.udp.UDPServer - UDP-Server: Message-80-24 -> Message-80-24 (/127.0.0.1:49505)
21:20:57.200 [pool-1-thread-3] DEBUG com.mnc.udp.UDPServer - UDP-Server: Message-44-5 -> Message-44-5 (/127.0.0.1:49469)
21:20:57.200 [pool-1-thread-2] DEBUG com.mnc.udp.UDPServer - UDP-Server: Message-73-95
21:20:57.200 [pool-1-thread-2] DEBUG com.mnc.udp.UDPServer - UDP-Server: Message-73-95 -> Message-73-95 (/127.0.0.1:49498)
21:20:57.200 [pool-1-thread-1] DEBUG com.mnc.udp.UDPServer - UDP-Server: Message-80-44
21:20:57.200 [pool-1-thread-2] DEBUG com.mnc.udp.UDPServer - UDP-Server: Message-44-88
21:20:57.200 [pool-1-thread-1] DEBUG com.mnc.udp.UDPServer - UDP-Server: Message-80-44 -> Message-80-44 (/127.0.0.1:49505)
21:20:57.200 [pool-1-thread-2] DEBUG com.mnc.udp.UDPServer - UDP-Server: Message-44-88 -> Message-44-88 (/127.0.0.1:49469)
21:20:57.200 [pool-1-thread-5] DEBUG com.mnc.udp.UDPServer - UDP-Server: Message-73-93
21:20:57.200 [pool-1-thread-5] DEBUG com.mnc.udp.UDPServer - UDP-Server: Message-73-93 -> Message-73-93 (/127.0.0.1:49498)
21:20:57.200 [pool-1-thread-3] DEBUG com.mnc.udp.UDPServer - UDP-Server: Message-80-45
21:20:57.200 [pool-1-thread-5] DEBUG com.mnc.udp.UDPServer - UDP-Server: Message-44-89
21:20:57.200 [pool-1-thread-5] DEBUG com.mnc.udp.UDPServer - UDP-Server: Message-44-89 -> Message-44-89 (/127.0.0.1:49469)
21:20:57.200 [pool-1-thread-3] DEBUG com.mnc.udp.UDPServer - UDP-Server: Message-80-45 -> Message-80-45 (/127.0.0.1:49505)
21:20:57.200 [pool-1-thread-1] DEBUG com.mnc.udp.UDPServer - UDP-Server: Message-73-82
21:20:57.200 [pool-1-thread-1] DEBUG com.mnc.udp.UDPServer - UDP-Server: Message-73-82 -> Message-73-82 (/127.0.0.1:49498)
21:20:57.201 [pool-1-thread-2] DEBUG com.mnc.udp.UDPServer - UDP-Server: Message-44-1
21:20:57.201 [pool-1-thread-2] DEBUG com.mnc.udp.UDPServer - UDP-Server: Message-44-1 -> Message-44-1 (/127.0.0.1:49469)
21:20:57.201 [pool-1-thread-4] DEBUG com.mnc.udp.UDPServer - UDP-Server: Message-80-12
21:20:57.201 [pool-1-thread-4] DEBUG com.mnc.udp.UDPServer - UDP-Server: Message-80-12 -> Message-80-12 (/127.0.0.1:49505)
21:20:57.201 [pool-1-thread-5] DEBUG com.mnc.udp.UDPServer - UDP-Server: Message-73-83
21:20:57.201 [pool-1-thread-5] DEBUG com.mnc.udp.UDPServer - UDP-Server: Message-73-83 -> Message-73-83 (/127.0.0.1:49498)
21:20:57.201 [pool-1-thread-5] DEBUG com.mnc.udp.UDPServer - UDP-Server: Message-44-2
21:20:57.201 [pool-1-thread-5] DEBUG com.mnc.udp.UDPServer - UDP-Server: Message-44-2 -> Message-44-2 (/127.0.0.1:49469)
21:20:57.201 [pool-1-thread-1] DEBUG com.mnc.udp.UDPServer - UDP-Server: Message-80-73
21:20:57.201 [pool-1-thread-1] DEBUG com.mnc.udp.UDPServer - UDP-Server: Message-80-73 -> Message-80-73 (/127.0.0.1:49505)
21:20:57.201 [pool-1-thread-2] DEBUG com.mnc.udp.UDPServer - UDP-Server: Message-73-81
21:20:57.201 [pool-1-thread-4] DEBUG com.mnc.udp.UDPServer - UDP-Server: Message-44-0
21:20:57.201 [pool-1-thread-2] DEBUG com.mnc.udp.UDPServer - UDP-Server: Message-73-81 -> Message-73-81 (/127.0.0.1:49498)
21:20:57.201 [pool-1-thread-4] DEBUG com.mnc.udp.UDPServer - UDP-Server: Message-44-0 -> Message-44-0 (/127.0.0.1:49469)
21:20:57.201 [pool-1-thread-2] DEBUG com.mnc.udp.UDPServer - UDP-Server: Message-80-74
21:20:57.201 [pool-1-thread-2] DEBUG com.mnc.udp.UDPServer - UDP-Server: Message-80-74 -> Message-80-74 (/127.0.0.1:49505)
21:20:57.201 [pool-1-thread-5] DEBUG com.mnc.udp.UDPServer - UDP-Server: Message-73-48
21:20:57.201 [pool-1-thread-1] DEBUG com.mnc.udp.UDPServer - UDP-Server: Message-44-87
21:20:57.201 [pool-1-thread-1] DEBUG com.mnc.udp.UDPServer - UDP-Server: Message-44-87 -> Message-44-87 (/127.0.0.1:49469)
21:20:57.201 [pool-1-thread-5] DEBUG com.mnc.udp.UDPServer - UDP-Server: Message-73-48 -> Message-73-48 (/127.0.0.1:49498)
21:20:57.201 [pool-1-thread-3] DEBUG com.mnc.udp.UDPServer - UDP-Server: Message-80-4
21:20:57.201 [pool-1-thread-3] DEBUG com.mnc.udp.UDPServer - UDP-Server: Message-80-4 -> Message-80-4 (/127.0.0.1:49505)
21:20:57.201 [pool-1-thread-4] DEBUG com.mnc.udp.UDPServer - UDP-Server: Message-44-96
21:20:57.201 [pool-1-thread-4] DEBUG com.mnc.udp.UDPServer - UDP-Server: Message-44-96 -> Message-44-96 (/127.0.0.1:49469)
21:20:57.201 [pool-1-thread-2] DEBUG com.mnc.udp.UDPServer - UDP-Server: Message-73-49
21:20:57.201 [pool-1-thread-2] DEBUG com.mnc.udp.UDPServer - UDP-Server: Message-73-49 -> Message-73-49 (/127.0.0.1:49498)
21:20:57.201 [pool-1-thread-1] DEBUG com.mnc.udp.UDPServer - UDP-Server: Message-80-5
21:20:57.201 [pool-1-thread-1] DEBUG com.mnc.udp.UDPServer - UDP-Server: Message-80-5 -> Message-80-5 (/127.0.0.1:49505)
21:20:57.201 [pool-1-thread-5] DEBUG com.mnc.udp.UDPServer - UDP-Server: Message-44-97
21:20:57.201 [pool-1-thread-5] DEBUG com.mnc.udp.UDPServer - UDP-Server: Message-44-97 -> Message-44-97 (/127.0.0.1:49469)
21:20:57.201 [pool-1-thread-3] DEBUG com.mnc.udp.UDPServer - UDP-Server: Message-73-85
21:20:57.201 [pool-1-thread-3] DEBUG com.mnc.udp.UDPServer - UDP-Server: Message-73-85 -> Message-73-85 (/127.0.0.1:49498)
21:20:57.201 [pool-1-thread-4] DEBUG com.mnc.udp.UDPServer - UDP-Server: Message-80-85
21:20:57.201 [pool-1-thread-4] DEBUG com.mnc.udp.UDPServer - UDP-Server: Message-80-85 -> Message-80-85 (/127.0.0.1:49505)
21:20:57.201 [pool-1-thread-2] DEBUG com.mnc.udp.UDPServer - UDP-Server: Message-44-82
21:20:57.201 [pool-1-thread-2] DEBUG com.mnc.udp.UDPServer - UDP-Server: Message-44-82 -> Message-44-82 (/127.0.0.1:49469)
21:20:57.201 [pool-1-thread-2] DEBUG com.mnc.udp.UDPServer - UDP-Server: Message-73-86
21:20:57.201 [pool-1-thread-2] DEBUG com.mnc.udp.UDPServer - UDP-Server: Message-73-86 -> Message-73-86 (/127.0.0.1:49498)
21:20:57.201 [pool-1-thread-5] DEBUG com.mnc.udp.UDPServer - UDP-Server: Message-80-86
21:20:57.201 [pool-1-thread-5] DEBUG com.mnc.udp.UDPServer - UDP-Server: Message-80-86 -> Message-80-86 (/127.0.0.1:49505)
21:20:57.201 [pool-1-thread-3] DEBUG com.mnc.udp.UDPServer - UDP-Server: Message-44-83
21:20:57.201 [pool-1-thread-3] DEBUG com.mnc.udp.UDPServer - UDP-Server: Message-44-83 -> Message-44-83 (/127.0.0.1:49469)
21:20:57.201 [pool-1-thread-4] DEBUG com.mnc.udp.UDPServer - UDP-Server: Message-73-84
21:20:57.201 [pool-1-thread-4] DEBUG com.mnc.udp.UDPServer - UDP-Server: Message-73-84 -> Message-73-84 (/127.0.0.1:49498)
21:20:57.201 [pool-1-thread-4] DEBUG com.mnc.udp.UDPServer - UDP-Server: Message-80-1
21:20:57.201 [pool-1-thread-4] DEBUG com.mnc.udp.UDPServer - UDP-Server: Message-80-1 -> Message-80-1 (/127.0.0.1:49505)
21:20:57.201 [pool-1-thread-2] DEBUG com.mnc.udp.UDPServer - UDP-Server: Message-44-81
21:20:57.201 [pool-1-thread-2] DEBUG com.mnc.udp.UDPServer - UDP-Server: Message-44-81 -> Message-44-81 (/127.0.0.1:49469)
21:20:57.201 [pool-1-thread-5] DEBUG com.mnc.udp.UDPServer - UDP-Server: Message-73-46
21:20:57.201 [pool-1-thread-5] DEBUG com.mnc.udp.UDPServer - UDP-Server: Message-73-46 -> Message-73-46 (/127.0.0.1:49498)
21:20:57.201 [pool-1-thread-3] DEBUG com.mnc.udp.UDPServer - UDP-Server: Message-80-2
21:20:57.201 [pool-1-thread-3] DEBUG com.mnc.udp.UDPServer - UDP-Server: Message-80-2 -> Message-80-2 (/127.0.0.1:49505)
21:20:57.201 [pool-1-thread-1] DEBUG com.mnc.udp.UDPServer - UDP-Server: Message-44-98
21:20:57.201 [pool-1-thread-1] DEBUG com.mnc.udp.UDPServer - UDP-Server: Message-44-98 -> Message-44-98 (/127.0.0.1:49469)
21:20:57.201 [pool-1-thread-1] DEBUG com.mnc.udp.UDPServer - UDP-Server: Message-73-47
21:20:57.201 [pool-1-thread-1] DEBUG com.mnc.udp.UDPServer - UDP-Server: Message-73-47 -> Message-73-47 (/127.0.0.1:49498)
21:20:57.201 [pool-1-thread-2] DEBUG com.mnc.udp.UDPServer - UDP-Server: Message-80-0
21:20:57.202 [pool-1-thread-2] DEBUG com.mnc.udp.UDPServer - UDP-Server: Message-80-0 -> Message-80-0 (/127.0.0.1:49505)
21:20:57.202 [pool-1-thread-3] DEBUG com.mnc.udp.UDPServer - UDP-Server: Message-44-99
21:20:57.202 [pool-1-thread-3] DEBUG com.mnc.udp.UDPServer - UDP-Server: Message-44-99 -> Message-44-99 (/127.0.0.1:49469)
21:20:57.202 [pool-1-thread-5] DEBUG com.mnc.udp.UDPServer - UDP-Server: Message-73-40
21:20:57.202 [pool-1-thread-5] DEBUG com.mnc.udp.UDPServer - UDP-Server: Message-73-40 -> Message-73-40 (/127.0.0.1:49498)
21:20:57.202 [pool-1-thread-3] DEBUG com.mnc.udp.UDPServer - UDP-Server: Message-80-63
21:20:57.202 [pool-1-thread-3] DEBUG com.mnc.udp.UDPServer - UDP-Server: Message-80-63 -> Message-80-63 (/127.0.0.1:49505)
21:20:57.202 [pool-1-thread-1] DEBUG com.mnc.udp.UDPServer - UDP-Server: Message-44-85
21:20:57.202 [pool-1-thread-1] DEBUG com.mnc.udp.UDPServer - UDP-Server: Message-44-85 -> Message-44-85 (/127.0.0.1:49469)
21:20:57.202 [pool-1-thread-2] DEBUG com.mnc.udp.UDPServer - UDP-Server: Message-73-78
21:20:57.202 [pool-1-thread-4] DEBUG com.mnc.udp.UDPServer - UDP-Server: Message-80-64
21:20:57.202 [pool-1-thread-2] DEBUG com.mnc.udp.UDPServer - UDP-Server: Message-73-78 -> Message-73-78 (/127.0.0.1:49498)
21:20:57.202 [pool-1-thread-4] DEBUG com.mnc.udp.UDPServer - UDP-Server: Message-80-64 -> Message-80-64 (/127.0.0.1:49505)
21:20:57.202 [pool-1-thread-5] DEBUG com.mnc.udp.UDPServer - UDP-Server: Message-44-86
21:20:57.202 [pool-1-thread-5] DEBUG com.mnc.udp.UDPServer - UDP-Server: Message-44-86 -> Message-44-86 (/127.0.0.1:49469)
21:20:57.202 [pool-1-thread-3] DEBUG com.mnc.udp.UDPServer - UDP-Server: Message-73-79
21:20:57.202 [pool-1-thread-1] DEBUG com.mnc.udp.UDPServer - UDP-Server: Message-80-62
21:20:57.202 [pool-1-thread-3] DEBUG com.mnc.udp.UDPServer - UDP-Server: Message-73-79 -> Message-73-79 (/127.0.0.1:49498)
21:20:57.202 [pool-1-thread-1] DEBUG com.mnc.udp.UDPServer - UDP-Server: Message-80-62 -> Message-80-62 (/127.0.0.1:49505)
21:20:57.202 [pool-1-thread-2] DEBUG com.mnc.udp.UDPServer - UDP-Server: Message-44-84
21:20:57.202 [pool-1-thread-2] DEBUG com.mnc.udp.UDPServer - UDP-Server: Message-44-84 -> Message-44-84 (/127.0.0.1:49469)
21:20:57.202 [pool-1-thread-4] DEBUG com.mnc.udp.UDPServer - UDP-Server: Message-73-80
21:20:57.202 [pool-1-thread-4] DEBUG com.mnc.udp.UDPServer - UDP-Server: Message-73-80 -> Message-73-80 (/127.0.0.1:49498)
21:20:57.202 [pool-1-thread-5] DEBUG com.mnc.udp.UDPServer - UDP-Server: Message-80-66
21:20:57.202 [pool-1-thread-5] DEBUG com.mnc.udp.UDPServer - UDP-Server: Message-80-66 -> Message-80-66 (/127.0.0.1:49505)
21:20:57.202 [pool-1-thread-3] DEBUG com.mnc.udp.UDPServer - UDP-Server: Message-44-78
21:20:57.202 [pool-1-thread-3] DEBUG com.mnc.udp.UDPServer - UDP-Server: Message-44-78 -> Message-44-78 (/127.0.0.1:49469)
21:20:57.202 [pool-1-thread-1] DEBUG com.mnc.udp.UDPServer - UDP-Server: Message-73-76
21:20:57.202 [pool-1-thread-1] DEBUG com.mnc.udp.UDPServer - UDP-Server: Message-73-76 -> Message-73-76 (/127.0.0.1:49498)
21:20:57.202 [pool-1-thread-2] DEBUG com.mnc.udp.UDPServer - UDP-Server: Message-80-67
21:20:57.202 [pool-1-thread-2] DEBUG com.mnc.udp.UDPServer - UDP-Server: Message-80-67 -> Message-80-67 (/127.0.0.1:49505)
21:20:57.202 [pool-1-thread-4] DEBUG com.mnc.udp.UDPServer - UDP-Server: Message-44-79
21:20:57.202 [pool-1-thread-4] DEBUG com.mnc.udp.UDPServer - UDP-Server: Message-44-79 -> Message-44-79 (/127.0.0.1:49469)
21:20:57.202 [pool-1-thread-5] DEBUG com.mnc.udp.UDPServer - UDP-Server: Message-73-77
21:20:57.202 [pool-1-thread-5] DEBUG com.mnc.udp.UDPServer - UDP-Server: Message-73-77 -> Message-73-77 (/127.0.0.1:49498)
21:20:57.202 [pool-1-thread-3] DEBUG com.mnc.udp.UDPServer - UDP-Server: Message-70-32
21:20:57.202 [pool-1-thread-1] DEBUG com.mnc.udp.UDPServer - UDP-Server: Message-80-40
21:20:57.202 [pool-1-thread-2] DEBUG com.mnc.udp.UDPServer - UDP-Server: Message-44-80
21:20:57.202 [pool-1-thread-2] DEBUG com.mnc.udp.UDPServer - UDP-Server: Message-44-80 -> Message-44-80 (/127.0.0.1:49469)
21:20:57.202 [pool-1-thread-1] DEBUG com.mnc.udp.UDPServer - UDP-Server: Message-80-40 -> Message-80-40 (/127.0.0.1:49505)
21:20:57.202 [pool-1-thread-3] DEBUG com.mnc.udp.UDPServer - UDP-Server: Message-70-32 -> Message-70-32 (/127.0.0.1:49495)
21:20:57.202 [pool-1-thread-3] DEBUG com.mnc.udp.UDPServer - UDP-Server: Message-73-75
21:20:57.202 [pool-1-thread-3] DEBUG com.mnc.udp.UDPServer - UDP-Server: Message-73-75 -> Message-73-75 (/127.0.0.1:49498)
21:20:57.202 [pool-1-thread-5] DEBUG com.mnc.udp.UDPServer - UDP-Server: Message-44-94
21:20:57.202 [pool-1-thread-2] DEBUG com.mnc.udp.UDPServer - UDP-Server: Message-80-41
21:20:57.202 [pool-1-thread-1] DEBUG com.mnc.udp.UDPServer - UDP-Server: Message-70-33
21:20:57.202 [pool-1-thread-1] DEBUG com.mnc.udp.UDPServer - UDP-Server: Message-70-33 -> Message-70-33 (/127.0.0.1:49495)
21:20:57.202 [pool-1-thread-5] DEBUG com.mnc.udp.UDPServer - UDP-Server: Message-44-94 -> Message-44-94 (/127.0.0.1:49469)
21:20:57.202 [pool-1-thread-4] DEBUG com.mnc.udp.UDPServer - UDP-Server: Message-73-57
21:20:57.202 [pool-1-thread-2] DEBUG com.mnc.udp.UDPServer - UDP-Server: Message-80-41 -> Message-80-41 (/127.0.0.1:49505)
21:20:57.202 [pool-1-thread-4] DEBUG com.mnc.udp.UDPServer - UDP-Server: Message-73-57 -> Message-73-57 (/127.0.0.1:49498)
21:20:57.202 [pool-1-thread-3] DEBUG com.mnc.udp.UDPServer - UDP-Server: Message-70-31
21:20:57.202 [pool-1-thread-1] DEBUG com.mnc.udp.UDPServer - UDP-Server: Message-44-95
21:20:57.202 [pool-1-thread-3] DEBUG com.mnc.udp.UDPServer - UDP-Server: Message-70-31 -> Message-70-31 (/127.0.0.1:49495)
21:20:57.202 [pool-1-thread-2] DEBUG com.mnc.udp.UDPServer - UDP-Server: Message-73-58
21:20:57.202 [pool-1-thread-5] DEBUG com.mnc.udp.UDPServer - UDP-Server: Message-80-42
21:20:57.202 [pool-1-thread-1] DEBUG com.mnc.udp.UDPServer - UDP-Server: Message-44-95 -> Message-44-95 (/127.0.0.1:49469)
21:20:57.202 [pool-1-thread-5] DEBUG com.mnc.udp.UDPServer - UDP-Server: Message-80-42 -> Message-80-42 (/127.0.0.1:49505)
21:20:57.202 [pool-1-thread-2] DEBUG com.mnc.udp.UDPServer - UDP-Server: Message-73-58 -> Message-73-58 (/127.0.0.1:49498)
21:20:57.202 [pool-1-thread-4] DEBUG com.mnc.udp.UDPServer - UDP-Server: Message-70-35
21:20:57.202 [pool-1-thread-3] DEBUG com.mnc.udp.UDPServer - UDP-Server: Message-44-93
21:20:57.202 [pool-1-thread-5] DEBUG com.mnc.udp.UDPServer - UDP-Server: Message-73-41
21:20:57.202 [pool-1-thread-5] DEBUG com.mnc.udp.UDPServer - UDP-Server: Message-73-41 -> Message-73-41 (/127.0.0.1:49498)
21:20:57.202 [pool-1-thread-4] DEBUG com.mnc.udp.UDPServer - UDP-Server: Message-70-35 -> Message-70-35 (/127.0.0.1:49495)
21:20:57.202 [pool-1-thread-1] DEBUG com.mnc.udp.UDPServer - UDP-Server: Message-80-43
21:20:57.202 [pool-1-thread-3] DEBUG com.mnc.udp.UDPServer - UDP-Server: Message-44-93 -> Message-44-93 (/127.0.0.1:49469)
21:20:57.203 [pool-1-thread-1] DEBUG com.mnc.udp.UDPServer - UDP-Server: Message-80-43 -> Message-80-43 (/127.0.0.1:49505)
21:20:57.203 [pool-1-thread-2] DEBUG com.mnc.udp.UDPServer - UDP-Server: Message-70-36
21:20:57.203 [pool-1-thread-5] DEBUG com.mnc.udp.UDPServer - UDP-Server: Message-73-56
21:20:57.203 [pool-1-thread-2] DEBUG com.mnc.udp.UDPServer - UDP-Server: Message-70-36 -> Message-70-36 (/127.0.0.1:49495)
21:20:57.203 [pool-1-thread-5] DEBUG com.mnc.udp.UDPServer - UDP-Server: Message-73-56 -> Message-73-56 (/127.0.0.1:49498)
21:20:57.203 [pool-1-thread-4] DEBUG com.mnc.udp.UDPServer - UDP-Server: Message-44-57
21:20:57.203 [pool-1-thread-3] DEBUG com.mnc.udp.UDPServer - UDP-Server: Message-80-19
21:20:57.203 [pool-1-thread-3] DEBUG com.mnc.udp.UDPServer - UDP-Server: Message-80-19 -> Message-80-19 (/127.0.0.1:49505)
21:20:57.203 [pool-1-thread-4] DEBUG com.mnc.udp.UDPServer - UDP-Server: Message-44-57 -> Message-44-57 (/127.0.0.1:49469)
21:20:57.203 [pool-1-thread-4] DEBUG com.mnc.udp.UDPServer - UDP-Server: Message-70-34
21:20:57.203 [pool-1-thread-4] DEBUG com.mnc.udp.UDPServer - UDP-Server: Message-70-34 -> Message-70-34 (/127.0.0.1:49495)
21:20:57.203 [pool-1-thread-3] DEBUG com.mnc.udp.UDPServer - UDP-Server: Message-73-42
21:20:57.203 [pool-1-thread-3] DEBUG com.mnc.udp.UDPServer - UDP-Server: Message-73-42 -> Message-73-42 (/127.0.0.1:49498)
21:20:57.203 [pool-1-thread-5] DEBUG com.mnc.udp.UDPServer - UDP-Server: Message-80-20
21:20:57.203 [pool-1-thread-5] DEBUG com.mnc.udp.UDPServer - UDP-Server: Message-80-20 -> Message-80-20 (/127.0.0.1:49505)
21:20:57.203 [pool-1-thread-1] DEBUG com.mnc.udp.UDPServer - UDP-Server: Message-44-76
21:20:57.203 [pool-1-thread-2] DEBUG com.mnc.udp.UDPServer - UDP-Server: Message-70-28
21:20:57.203 [pool-1-thread-1] DEBUG com.mnc.udp.UDPServer - UDP-Server: Message-44-76 -> Message-44-76 (/127.0.0.1:49469)
21:20:57.203 [pool-1-thread-5] DEBUG com.mnc.udp.UDPServer - UDP-Server: Message-73-38
21:20:57.203 [pool-1-thread-2] DEBUG com.mnc.udp.UDPServer - UDP-Server: Message-70-28 -> Message-70-28 (/127.0.0.1:49495)
21:20:57.203 [pool-1-thread-5] DEBUG com.mnc.udp.UDPServer - UDP-Server: Message-73-38 -> Message-73-38 (/127.0.0.1:49498)
21:20:57.203 [pool-1-thread-2] DEBUG com.mnc.udp.UDPServer - UDP-Server: Message-80-18
21:20:57.203 [pool-1-thread-2] DEBUG com.mnc.udp.UDPServer - UDP-Server: Message-80-18 -> Message-80-18 (/127.0.0.1:49505)
21:20:57.203 [pool-1-thread-4] DEBUG com.mnc.udp.UDPServer - UDP-Server: Message-44-77
21:20:57.203 [pool-1-thread-4] DEBUG com.mnc.udp.UDPServer - UDP-Server: Message-44-77 -> Message-44-77 (/127.0.0.1:49469)
21:20:57.203 [pool-1-thread-1] DEBUG com.mnc.udp.UDPServer - UDP-Server: Message-70-90
21:20:57.203 [pool-1-thread-4] DEBUG com.mnc.udp.UDPServer - UDP-Server: Message-73-39
21:20:57.203 [pool-1-thread-1] DEBUG com.mnc.udp.UDPServer - UDP-Server: Message-70-90 -> Message-70-90 (/127.0.0.1:49495)
21:20:57.203 [pool-1-thread-4] DEBUG com.mnc.udp.UDPServer - UDP-Server: Message-73-39 -> Message-73-39 (/127.0.0.1:49498)
21:20:57.203 [pool-1-thread-5] DEBUG com.mnc.udp.UDPServer - UDP-Server: Message-80-46
21:20:57.203 [pool-1-thread-1] DEBUG com.mnc.udp.UDPServer - UDP-Server: Message-44-75
21:20:57.203 [pool-1-thread-1] DEBUG com.mnc.udp.UDPServer - UDP-Server: Message-44-75 -> Message-44-75 (/127.0.0.1:49469)
21:20:57.203 [pool-1-thread-5] DEBUG com.mnc.udp.UDPServer - UDP-Server: Message-80-46 -> Message-80-46 (/127.0.0.1:49505)
21:20:57.203 [pool-1-thread-3] DEBUG com.mnc.udp.UDPServer - UDP-Server: Message-73-37
21:20:57.203 [pool-1-thread-3] DEBUG com.mnc.udp.UDPServer - UDP-Server: Message-73-37 -> Message-73-37 (/127.0.0.1:49498)
21:20:57.203 [pool-1-thread-2] DEBUG com.mnc.udp.UDPServer - UDP-Server: Message-70-29
21:20:57.203 [pool-1-thread-4] DEBUG com.mnc.udp.UDPServer - UDP-Server: Message-44-58
21:20:57.203 [pool-1-thread-2] DEBUG com.mnc.udp.UDPServer - UDP-Server: Message-70-29 -> Message-70-29 (/127.0.0.1:49495)
21:20:57.203 [pool-1-thread-1] DEBUG com.mnc.udp.UDPServer - UDP-Server: Message-80-47
21:20:57.203 [pool-1-thread-1] DEBUG com.mnc.udp.UDPServer - UDP-Server: Message-80-47 -> Message-80-47 (/127.0.0.1:49505)
21:20:57.203 [pool-1-thread-4] DEBUG com.mnc.udp.UDPServer - UDP-Server: Message-44-58 -> Message-44-58 (/127.0.0.1:49469)
21:20:57.203 [pool-1-thread-4] DEBUG com.mnc.udp.UDPServer - UDP-Server: Message-73-15
21:20:57.203 [pool-1-thread-4] DEBUG com.mnc.udp.UDPServer - UDP-Server: Message-73-15 -> Message-73-15 (/127.0.0.1:49498)
21:20:57.203 [pool-1-thread-3] DEBUG com.mnc.udp.UDPServer - UDP-Server: Message-70-30
21:20:57.203 [pool-1-thread-3] DEBUG com.mnc.udp.UDPServer - UDP-Server: Message-70-30 -> Message-70-30 (/127.0.0.1:49495)
21:20:57.203 [pool-1-thread-2] DEBUG com.mnc.udp.UDPServer - UDP-Server: Message-80-69
21:20:57.203 [pool-1-thread-2] DEBUG com.mnc.udp.UDPServer - UDP-Server: Message-80-69 -> Message-80-69 (/127.0.0.1:49505)
21:20:57.203 [pool-1-thread-1] DEBUG com.mnc.udp.UDPServer - UDP-Server: Message-44-56
21:20:57.203 [pool-1-thread-1] DEBUG com.mnc.udp.UDPServer - UDP-Server: Message-44-56 -> Message-44-56 (/127.0.0.1:49469)
21:20:57.203 [pool-1-thread-5] DEBUG com.mnc.udp.UDPServer - UDP-Server: Message-73-16
21:20:57.203 [pool-1-thread-5] DEBUG com.mnc.udp.UDPServer - UDP-Server: Message-73-16 -> Message-73-16 (/127.0.0.1:49498)
21:20:57.203 [pool-1-thread-1] DEBUG com.mnc.udp.UDPServer - UDP-Server: Message-80-70
21:20:57.203 [pool-1-thread-1] DEBUG com.mnc.udp.UDPServer - UDP-Server: Message-80-70 -> Message-80-70 (/127.0.0.1:49505)
21:20:57.203 [pool-1-thread-4] DEBUG com.mnc.udp.UDPServer - UDP-Server: Message-70-26
21:20:57.203 [pool-1-thread-4] DEBUG com.mnc.udp.UDPServer - UDP-Server: Message-70-26 -> Message-70-26 (/127.0.0.1:49495)
21:20:57.203 [pool-1-thread-4] DEBUG com.mnc.udp.UDPServer - UDP-Server: Message-44-60
21:20:57.203 [pool-1-thread-4] DEBUG com.mnc.udp.UDPServer - UDP-Server: Message-44-60 -> Message-44-60 (/127.0.0.1:49469)
21:20:57.203 [pool-1-thread-3] DEBUG com.mnc.udp.UDPServer - UDP-Server: Message-73-17
21:20:57.203 [pool-1-thread-5] DEBUG com.mnc.udp.UDPServer - UDP-Server: Message-80-68
21:20:57.203 [pool-1-thread-5] DEBUG com.mnc.udp.UDPServer - UDP-Server: Message-80-68 -> Message-80-68 (/127.0.0.1:49505)
21:20:57.203 [pool-1-thread-1] DEBUG com.mnc.udp.UDPServer - UDP-Server: Message-70-27
21:20:57.203 [pool-1-thread-3] DEBUG com.mnc.udp.UDPServer - UDP-Server: Message-73-17 -> Message-73-17 (/127.0.0.1:49498)
21:20:57.203 [pool-1-thread-1] DEBUG com.mnc.udp.UDPServer - UDP-Server: Message-70-27 -> Message-70-27 (/127.0.0.1:49495)
21:20:57.203 [pool-1-thread-2] DEBUG com.mnc.udp.UDPServer - UDP-Server: Message-44-61
21:20:57.203 [pool-1-thread-2] DEBUG com.mnc.udp.UDPServer - UDP-Server: Message-44-61 -> Message-44-61 (/127.0.0.1:49469)
21:20:57.203 [pool-1-thread-4] DEBUG com.mnc.udp.UDPServer - UDP-Server: Message-80-48
21:20:57.203 [pool-1-thread-5] DEBUG com.mnc.udp.UDPServer - UDP-Server: Message-73-13
21:20:57.204 [pool-1-thread-4] DEBUG com.mnc.udp.UDPServer - UDP-Server: Message-80-48 -> Message-80-48 (/127.0.0.1:49505)
21:20:57.204 [pool-1-thread-3] DEBUG com.mnc.udp.UDPServer - UDP-Server: Message-44-59
21:20:57.204 [pool-1-thread-5] DEBUG com.mnc.udp.UDPServer - UDP-Server: Message-73-13 -> Message-73-13 (/127.0.0.1:49498)
21:20:57.204 [pool-1-thread-1] DEBUG com.mnc.udp.UDPServer - UDP-Server: Message-70-91
21:20:57.204 [pool-1-thread-1] DEBUG com.mnc.udp.UDPServer - UDP-Server: Message-70-91 -> Message-70-91 (/127.0.0.1:49495)
21:20:57.204 [pool-1-thread-3] DEBUG com.mnc.udp.UDPServer - UDP-Server: Message-44-59 -> Message-44-59 (/127.0.0.1:49469)
21:20:57.204 [pool-1-thread-2] DEBUG com.mnc.udp.UDPServer - UDP-Server: Message-80-49
21:20:57.204 [pool-1-thread-2] DEBUG com.mnc.udp.UDPServer - UDP-Server: Message-80-49 -> Message-80-49 (/127.0.0.1:49505)
21:20:57.204 [pool-1-thread-5] DEBUG com.mnc.udp.UDPServer - UDP-Server: Message-70-92
21:20:57.204 [pool-1-thread-1] DEBUG com.mnc.udp.UDPServer - UDP-Server: Message-44-71
21:20:57.204 [pool-1-thread-4] DEBUG com.mnc.udp.UDPServer - UDP-Server: Message-73-14
21:20:57.204 [pool-1-thread-4] DEBUG com.mnc.udp.UDPServer - UDP-Server: Message-73-14 -> Message-73-14 (/127.0.0.1:49498)
21:20:57.204 [pool-1-thread-1] DEBUG com.mnc.udp.UDPServer - UDP-Server: Message-44-71 -> Message-44-71 (/127.0.0.1:49469)
21:20:57.204 [pool-1-thread-5] DEBUG com.mnc.udp.UDPServer - UDP-Server: Message-70-92 -> Message-70-92 (/127.0.0.1:49495)
21:20:57.204 [pool-1-thread-3] DEBUG com.mnc.udp.UDPServer - UDP-Server: Message-80-38
21:20:57.204 [pool-1-thread-2] DEBUG com.mnc.udp.UDPServer - UDP-Server: Message-73-12
21:20:57.204 [pool-1-thread-3] DEBUG com.mnc.udp.UDPServer - UDP-Server: Message-80-38 -> Message-80-38 (/127.0.0.1:49505)
21:20:57.204 [pool-1-thread-2] DEBUG com.mnc.udp.UDPServer - UDP-Server: Message-73-12 -> Message-73-12 (/127.0.0.1:49498)
21:20:57.204 [pool-1-thread-4] DEBUG com.mnc.udp.UDPServer - UDP-Server: Message-44-72
21:20:57.204 [pool-1-thread-4] DEBUG com.mnc.udp.UDPServer - UDP-Server: Message-44-72 -> Message-44-72 (/127.0.0.1:49469)
21:20:57.204 [pool-1-thread-2] DEBUG com.mnc.udp.UDPServer - UDP-Server: Message-70-88
21:20:57.204 [pool-1-thread-2] DEBUG com.mnc.udp.UDPServer - UDP-Server: Message-70-88 -> Message-70-88 (/127.0.0.1:49495)
21:20:57.204 [pool-1-thread-5] DEBUG com.mnc.udp.UDPServer - UDP-Server: Message-80-39
21:20:57.204 [pool-1-thread-5] DEBUG com.mnc.udp.UDPServer - UDP-Server: Message-80-39 -> Message-80-39 (/127.0.0.1:49505)
21:20:57.204 [pool-1-thread-5] DEBUG com.mnc.udp.UDPServer - UDP-Server: Message-73-60
21:20:57.204 [pool-1-thread-5] DEBUG com.mnc.udp.UDPServer - UDP-Server: Message-73-60 -> Message-73-60 (/127.0.0.1:49498)
21:20:57.204 [pool-1-thread-1] DEBUG com.mnc.udp.UDPServer - UDP-Server: Message-44-53
21:20:57.204 [pool-1-thread-1] DEBUG com.mnc.udp.UDPServer - UDP-Server: Message-44-53 -> Message-44-53 (/127.0.0.1:49469)
21:20:57.204 [pool-1-thread-4] DEBUG com.mnc.udp.UDPServer - UDP-Server: Message-70-89
21:20:57.204 [pool-1-thread-4] DEBUG com.mnc.udp.UDPServer - UDP-Server: Message-70-89 -> Message-70-89 (/127.0.0.1:49495)
21:20:57.204 [pool-1-thread-2] DEBUG com.mnc.udp.UDPServer - UDP-Server: Message-80-84
21:20:57.204 [pool-1-thread-3] DEBUG com.mnc.udp.UDPServer - UDP-Server: Message-73-61
21:20:57.204 [pool-1-thread-2] DEBUG com.mnc.udp.UDPServer - UDP-Server: Message-80-84 -> Message-80-84 (/127.0.0.1:49505)
21:20:57.204 [pool-1-thread-3] DEBUG com.mnc.udp.UDPServer - UDP-Server: Message-73-61 -> Message-73-61 (/127.0.0.1:49498)
21:20:57.204 [pool-1-thread-5] DEBUG com.mnc.udp.UDPServer - UDP-Server: Message-44-54
21:20:57.204 [pool-1-thread-5] DEBUG com.mnc.udp.UDPServer - UDP-Server: Message-44-54 -> Message-44-54 (/127.0.0.1:49469)
21:20:57.204 [pool-1-thread-1] DEBUG com.mnc.udp.UDPServer - UDP-Server: Message-70-87
21:20:57.204 [pool-1-thread-4] DEBUG com.mnc.udp.UDPServer - UDP-Server: Message-80-37
21:20:57.204 [pool-1-thread-1] DEBUG com.mnc.udp.UDPServer - UDP-Server: Message-70-87 -> Message-70-87 (/127.0.0.1:49495)
21:20:57.204 [pool-1-thread-5] DEBUG com.mnc.udp.UDPServer - UDP-Server: Message-73-59
21:20:57.204 [pool-1-thread-4] DEBUG com.mnc.udp.UDPServer - UDP-Server: Message-80-37 -> Message-80-37 (/127.0.0.1:49505)
21:20:57.204 [pool-1-thread-5] DEBUG com.mnc.udp.UDPServer - UDP-Server: Message-73-59 -> Message-73-59 (/127.0.0.1:49498)
21:20:57.204 [pool-1-thread-4] DEBUG com.mnc.udp.UDPServer - UDP-Server: Message-44-55
21:20:57.204 [pool-1-thread-4] DEBUG com.mnc.udp.UDPServer - UDP-Server: Message-44-55 -> Message-44-55 (/127.0.0.1:49469)
21:20:57.204 [pool-1-thread-4] DEBUG com.mnc.udp.UDPServer - UDP-Server: Message-70-96
21:20:57.204 [pool-1-thread-4] DEBUG com.mnc.udp.UDPServer - UDP-Server: Message-70-96 -> Message-70-96 (/127.0.0.1:49495)
21:20:57.204 [pool-1-thread-1] DEBUG com.mnc.udp.UDPServer - UDP-Server: Message-80-78
21:20:57.204 [pool-1-thread-5] DEBUG com.mnc.udp.UDPServer - UDP-Server: Message-73-21
21:20:57.204 [pool-1-thread-3] DEBUG com.mnc.udp.UDPServer - UDP-Server: Message-44-51
21:20:57.204 [pool-1-thread-1] DEBUG com.mnc.udp.UDPServer - UDP-Server: Message-80-78 -> Message-80-78 (/127.0.0.1:49505)
21:20:57.204 [pool-1-thread-3] DEBUG com.mnc.udp.UDPServer - UDP-Server: Message-44-51 -> Message-44-51 (/127.0.0.1:49469)
21:20:57.204 [pool-1-thread-5] DEBUG com.mnc.udp.UDPServer - UDP-Server: Message-73-21 -> Message-73-21 (/127.0.0.1:49498)
21:20:57.204 [pool-1-thread-2] DEBUG com.mnc.udp.UDPServer - UDP-Server: Message-70-97
21:20:57.204 [pool-1-thread-2] DEBUG com.mnc.udp.UDPServer - UDP-Server: Message-70-97 -> Message-70-97 (/127.0.0.1:49495)
21:20:57.204 [pool-1-thread-4] DEBUG com.mnc.udp.UDPServer - UDP-Server: Message-80-79
21:20:57.204 [pool-1-thread-1] DEBUG com.mnc.udp.UDPServer - UDP-Server: Message-44-52
21:20:57.204 [pool-1-thread-3] DEBUG com.mnc.udp.UDPServer - UDP-Server: Message-73-22
21:20:57.204 [pool-1-thread-1] DEBUG com.mnc.udp.UDPServer - UDP-Server: Message-44-52 -> Message-44-52 (/127.0.0.1:49469)
21:20:57.204 [pool-1-thread-4] DEBUG com.mnc.udp.UDPServer - UDP-Server: Message-80-79 -> Message-80-79 (/127.0.0.1:49505)
21:20:57.204 [pool-1-thread-3] DEBUG com.mnc.udp.UDPServer - UDP-Server: Message-73-22 -> Message-73-22 (/127.0.0.1:49498)
21:20:57.204 [pool-1-thread-5] DEBUG com.mnc.udp.UDPServer - UDP-Server: Message-70-25
21:20:57.204 [pool-1-thread-5] DEBUG com.mnc.udp.UDPServer - UDP-Server: Message-70-25 -> Message-70-25 (/127.0.0.1:49495)
21:20:57.204 [pool-1-thread-2] DEBUG com.mnc.udp.UDPServer - UDP-Server: Message-44-73
21:20:57.205 [pool-1-thread-2] DEBUG com.mnc.udp.UDPServer - UDP-Server: Message-44-73 -> Message-44-73 (/127.0.0.1:49469)
21:20:57.205 [pool-1-thread-3] DEBUG com.mnc.udp.UDPServer - UDP-Server: Message-70-15
21:20:57.205 [pool-1-thread-3] DEBUG com.mnc.udp.UDPServer - UDP-Server: Message-70-15 -> Message-70-15 (/127.0.0.1:49495)
21:20:57.205 [pool-1-thread-1] DEBUG com.mnc.udp.UDPServer - UDP-Server: Message-80-80
21:20:57.205 [pool-1-thread-4] DEBUG com.mnc.udp.UDPServer - UDP-Server: Message-73-23
21:20:57.205 [pool-1-thread-1] DEBUG com.mnc.udp.UDPServer - UDP-Server: Message-80-80 -> Message-80-80 (/127.0.0.1:49505)
21:20:57.205 [pool-1-thread-4] DEBUG com.mnc.udp.UDPServer - UDP-Server: Message-73-23 -> Message-73-23 (/127.0.0.1:49498)
21:20:57.205 [pool-1-thread-5] DEBUG com.mnc.udp.UDPServer - UDP-Server: Message-44-74
21:20:57.205 [pool-1-thread-5] DEBUG com.mnc.udp.UDPServer - UDP-Server: Message-44-74 -> Message-44-74 (/127.0.0.1:49469)
21:20:57.205 [pool-1-thread-5] DEBUG com.mnc.udp.UDPServer - UDP-Server: Message-70-16
21:20:57.205 [pool-1-thread-5] DEBUG com.mnc.udp.UDPServer - UDP-Server: Message-70-16 -> Message-70-16 (/127.0.0.1:49495)
21:20:57.205 [pool-1-thread-3] DEBUG com.mnc.udp.UDPServer - UDP-Server: Message-73-24
21:20:57.205 [pool-1-thread-3] DEBUG com.mnc.udp.UDPServer - UDP-Server: Message-73-24 -> Message-73-24 (/127.0.0.1:49498)
21:20:57.205 [pool-1-thread-1] DEBUG com.mnc.udp.UDPServer - UDP-Server: Message-80-76
21:20:57.205 [pool-1-thread-3] DEBUG com.mnc.udp.UDPServer - UDP-Server: Message-70-17
21:20:57.205 [pool-1-thread-3] DEBUG com.mnc.udp.UDPServer - UDP-Server: Message-70-17 -> Message-70-17 (/127.0.0.1:49495)
21:20:57.205 [pool-1-thread-1] DEBUG com.mnc.udp.UDPServer - UDP-Server: Message-80-76 -> Message-80-76 (/127.0.0.1:49505)
21:20:57.205 [pool-1-thread-4] DEBUG com.mnc.udp.UDPServer - UDP-Server: Message-44-50
21:20:57.205 [pool-1-thread-4] DEBUG com.mnc.udp.UDPServer - UDP-Server: Message-44-50 -> Message-44-50 (/127.0.0.1:49469)
21:20:57.205 [pool-1-thread-4] DEBUG com.mnc.udp.UDPServer - UDP-Server: Message-73-19
21:20:57.205 [pool-1-thread-4] DEBUG com.mnc.udp.UDPServer - UDP-Server: Message-73-19 -> Message-73-19 (/127.0.0.1:49498)
21:20:57.205 [pool-1-thread-2] DEBUG com.mnc.udp.UDPServer - UDP-Server: Message-70-44
21:20:57.205 [pool-1-thread-4] DEBUG com.mnc.udp.UDPServer - UDP-Server: Message-80-77
21:20:57.205 [pool-1-thread-2] DEBUG com.mnc.udp.UDPServer - UDP-Server: Message-70-44 -> Message-70-44 (/127.0.0.1:49495)
21:20:57.205 [pool-1-thread-4] DEBUG com.mnc.udp.UDPServer - UDP-Server: Message-80-77 -> Message-80-77 (/127.0.0.1:49505)
21:20:57.205 [pool-1-thread-1] DEBUG com.mnc.udp.UDPServer - UDP-Server: Message-44-69
21:20:57.205 [pool-1-thread-1] DEBUG com.mnc.udp.UDPServer - UDP-Server: Message-44-69 -> Message-44-69 (/127.0.0.1:49469)
21:20:57.205 [pool-1-thread-2] DEBUG com.mnc.udp.UDPServer - UDP-Server: Message-73-20
21:20:57.205 [pool-1-thread-2] DEBUG com.mnc.udp.UDPServer - UDP-Server: Message-73-20 -> Message-73-20 (/127.0.0.1:49498)
21:20:57.205 [pool-1-thread-3] DEBUG com.mnc.udp.UDPServer - UDP-Server: Message-70-98
21:20:57.205 [pool-1-thread-4] DEBUG com.mnc.udp.UDPServer - UDP-Server: Message-80-75
21:20:57.205 [pool-1-thread-4] DEBUG com.mnc.udp.UDPServer - UDP-Server: Message-80-75 -> Message-80-75 (/127.0.0.1:49505)
21:20:57.205 [pool-1-thread-3] DEBUG com.mnc.udp.UDPServer - UDP-Server: Message-70-98 -> Message-70-98 (/127.0.0.1:49495)
21:20:57.205 [pool-1-thread-1] DEBUG com.mnc.udp.UDPServer - UDP-Server: Message-73-18
21:20:57.205 [pool-1-thread-1] DEBUG com.mnc.udp.UDPServer - UDP-Server: Message-73-18 -> Message-73-18 (/127.0.0.1:49498)
21:20:57.205 [pool-1-thread-5] DEBUG com.mnc.udp.UDPServer - UDP-Server: Message-44-70
21:20:57.205 [pool-1-thread-5] DEBUG com.mnc.udp.UDPServer - UDP-Server: Message-44-70 -> Message-44-70 (/127.0.0.1:49469)
21:20:57.205 [pool-1-thread-2] DEBUG com.mnc.udp.UDPServer - UDP-Server: Message-70-99
21:20:57.205 [pool-1-thread-2] DEBUG com.mnc.udp.UDPServer - UDP-Server: Message-70-99 -> Message-70-99 (/127.0.0.1:49495)
21:20:57.205 [pool-1-thread-4] DEBUG com.mnc.udp.UDPServer - UDP-Server: Message-73-53
21:20:57.205 [pool-1-thread-4] DEBUG com.mnc.udp.UDPServer - UDP-Server: Message-73-53 -> Message-73-53 (/127.0.0.1:49498)
21:20:57.205 [pool-1-thread-3] DEBUG com.mnc.udp.UDPServer - UDP-Server: Message-44-68
21:20:57.205 [pool-1-thread-3] DEBUG com.mnc.udp.UDPServer - UDP-Server: Message-44-68 -> Message-44-68 (/127.0.0.1:49469)
21:20:57.205 [pool-1-thread-1] DEBUG com.mnc.udp.UDPServer - UDP-Server: Message-70-94
21:20:57.205 [pool-1-thread-1] DEBUG com.mnc.udp.UDPServer - UDP-Server: Message-70-94 -> Message-70-94 (/127.0.0.1:49495)
21:20:57.205 [pool-1-thread-5] DEBUG com.mnc.udp.UDPServer - UDP-Server: Message-73-54
21:20:57.205 [pool-1-thread-5] DEBUG com.mnc.udp.UDPServer - UDP-Server: Message-73-54 -> Message-73-54 (/127.0.0.1:49498)
21:20:57.205 [pool-1-thread-2] DEBUG com.mnc.udp.UDPServer - UDP-Server: Message-44-62
21:20:57.205 [pool-1-thread-2] DEBUG com.mnc.udp.UDPServer - UDP-Server: Message-44-62 -> Message-44-62 (/127.0.0.1:49469)
21:20:57.205 [pool-1-thread-4] DEBUG com.mnc.udp.UDPServer - UDP-Server: Message-70-95
21:20:57.205 [pool-1-thread-4] DEBUG com.mnc.udp.UDPServer - UDP-Server: Message-70-95 -> Message-70-95 (/127.0.0.1:49495)
21:20:57.205 [pool-1-thread-3] DEBUG com.mnc.udp.UDPServer - UDP-Server: Message-73-55
21:20:57.205 [pool-1-thread-3] DEBUG com.mnc.udp.UDPServer - UDP-Server: Message-73-55 -> Message-73-55 (/127.0.0.1:49498)
21:20:57.205 [pool-1-thread-1] DEBUG com.mnc.udp.UDPServer - UDP-Server: Message-44-63
21:20:57.205 [pool-1-thread-3] DEBUG com.mnc.udp.UDPServer - UDP-Server: Message-70-78
21:20:57.205 [pool-1-thread-1] DEBUG com.mnc.udp.UDPServer - UDP-Server: Message-44-63 -> Message-44-63 (/127.0.0.1:49469)
21:20:57.205 [pool-1-thread-3] DEBUG com.mnc.udp.UDPServer - UDP-Server: Message-70-78 -> Message-70-78 (/127.0.0.1:49495)
21:20:57.205 [pool-1-thread-2] DEBUG com.mnc.udp.UDPServer - UDP-Server: Message-73-7
21:20:57.205 [pool-1-thread-2] DEBUG com.mnc.udp.UDPServer - UDP-Server: Message-73-7 -> Message-73-7 (/127.0.0.1:49498)
21:20:57.205 [pool-1-thread-4] DEBUG com.mnc.udp.UDPServer - UDP-Server: Message-44-64
21:20:57.205 [pool-1-thread-5] DEBUG com.mnc.udp.UDPServer - UDP-Server: Message-70-79
21:20:57.205 [pool-1-thread-4] DEBUG com.mnc.udp.UDPServer - UDP-Server: Message-44-64 -> Message-44-64 (/127.0.0.1:49469)
21:20:57.205 [pool-1-thread-5] DEBUG com.mnc.udp.UDPServer - UDP-Server: Message-70-79 -> Message-70-79 (/127.0.0.1:49495)
21:20:57.205 [pool-1-thread-1] DEBUG com.mnc.udp.UDPServer - UDP-Server: Message-73-8
21:20:57.205 [pool-1-thread-1] DEBUG com.mnc.udp.UDPServer - UDP-Server: Message-73-8 -> Message-73-8 (/127.0.0.1:49498)
21:20:57.206 [pool-1-thread-3] DEBUG com.mnc.udp.UDPServer - UDP-Server: Message-44-66
21:20:57.206 [pool-1-thread-3] DEBUG com.mnc.udp.UDPServer - UDP-Server: Message-44-66 -> Message-44-66 (/127.0.0.1:49469)
21:20:57.206 [pool-1-thread-2] DEBUG com.mnc.udp.UDPServer - UDP-Server: Message-70-80
21:20:57.206 [pool-1-thread-2] DEBUG com.mnc.udp.UDPServer - UDP-Server: Message-70-80 -> Message-70-80 (/127.0.0.1:49495)
21:20:57.206 [pool-1-thread-4] DEBUG com.mnc.udp.UDPServer - UDP-Server: Message-73-6
21:20:57.206 [pool-1-thread-4] DEBUG com.mnc.udp.UDPServer - UDP-Server: Message-73-6 -> Message-73-6 (/127.0.0.1:49498)
21:20:57.206 [pool-1-thread-4] DEBUG com.mnc.udp.UDPServer - UDP-Server: Message-44-67
21:20:57.206 [pool-1-thread-4] DEBUG com.mnc.udp.UDPServer - UDP-Server: Message-44-67 -> Message-44-67 (/127.0.0.1:49469)
21:20:57.206 [pool-1-thread-1] DEBUG com.mnc.udp.UDPServer - UDP-Server: Message-70-82
21:20:57.206 [pool-1-thread-1] DEBUG com.mnc.udp.UDPServer - UDP-Server: Message-70-82 -> Message-70-82 (/127.0.0.1:49495)
21:20:57.206 [pool-1-thread-1] DEBUG com.mnc.udp.UDPServer - UDP-Server: Message-73-10
21:20:57.206 [pool-1-thread-1] DEBUG com.mnc.udp.UDPServer - UDP-Server: Message-73-10 -> Message-73-10 (/127.0.0.1:49498)
21:20:57.206 [pool-1-thread-2] DEBUG com.mnc.udp.UDPServer - UDP-Server: Message-99-32
21:20:57.206 [pool-1-thread-2] DEBUG com.mnc.udp.UDPServer - UDP-Server: Message-99-32 -> Message-99-32 (/127.0.0.1:49524)
21:20:57.206 [pool-1-thread-2] DEBUG com.mnc.udp.UDPServer - UDP-Server: Message-70-83
21:20:57.206 [pool-1-thread-2] DEBUG com.mnc.udp.UDPServer - UDP-Server: Message-70-83 -> Message-70-83 (/127.0.0.1:49495)
21:20:57.206 [pool-1-thread-4] DEBUG com.mnc.udp.UDPServer - UDP-Server: Message-73-11
21:20:57.206 [pool-1-thread-4] DEBUG com.mnc.udp.UDPServer - UDP-Server: Message-73-11 -> Message-73-11 (/127.0.0.1:49498)
21:20:57.206 [pool-1-thread-3] DEBUG com.mnc.udp.UDPServer - UDP-Server: Message-99-33
21:20:57.206 [pool-1-thread-3] DEBUG com.mnc.udp.UDPServer - UDP-Server: Message-99-33 -> Message-99-33 (/127.0.0.1:49524)
21:20:57.206 [pool-1-thread-1] DEBUG com.mnc.udp.UDPServer - UDP-Server: Message-70-81
21:20:57.206 [pool-1-thread-1] DEBUG com.mnc.udp.UDPServer - UDP-Server: Message-70-81 -> Message-70-81 (/127.0.0.1:49495)
21:20:57.206 [pool-1-thread-5] DEBUG com.mnc.udp.UDPServer - UDP-Server: Message-99-31
21:20:57.206 [pool-1-thread-5] DEBUG com.mnc.udp.UDPServer - UDP-Server: Message-99-31 -> Message-99-31 (/127.0.0.1:49524)
21:20:57.206 [pool-1-thread-2] DEBUG com.mnc.udp.UDPServer - UDP-Server: Message-73-9
21:20:57.206 [pool-1-thread-4] DEBUG com.mnc.udp.UDPServer - UDP-Server: Message-70-85
21:20:57.206 [pool-1-thread-2] DEBUG com.mnc.udp.UDPServer - UDP-Server: Message-73-9 -> Message-73-9 (/127.0.0.1:49498)
21:20:57.206 [pool-1-thread-4] DEBUG com.mnc.udp.UDPServer - UDP-Server: Message-70-85 -> Message-70-85 (/127.0.0.1:49495)
21:20:57.206 [pool-1-thread-3] DEBUG com.mnc.udp.UDPServer - UDP-Server: Message-99-35
21:20:57.206 [pool-1-thread-3] DEBUG com.mnc.udp.UDPServer - UDP-Server: Message-99-35 -> Message-99-35 (/127.0.0.1:49524)
21:20:57.206 [pool-1-thread-1] DEBUG com.mnc.udp.UDPServer - UDP-Server: Message-73-71
21:20:57.206 [pool-1-thread-1] DEBUG com.mnc.udp.UDPServer - UDP-Server: Message-73-71 -> Message-73-71 (/127.0.0.1:49498)
21:20:57.206 [pool-1-thread-5] DEBUG com.mnc.udp.UDPServer - UDP-Server: Message-70-86
21:20:57.206 [pool-1-thread-5] DEBUG com.mnc.udp.UDPServer - UDP-Server: Message-70-86 -> Message-70-86 (/127.0.0.1:49495)
21:20:57.206 [pool-1-thread-5] DEBUG com.mnc.udp.UDPServer - UDP-Server: Message-99-36
21:20:57.206 [pool-1-thread-5] DEBUG com.mnc.udp.UDPServer - UDP-Server: Message-99-36 -> Message-99-36 (/127.0.0.1:49524)
21:20:57.206 [pool-1-thread-4] DEBUG com.mnc.udp.UDPServer - UDP-Server: Message-73-72
21:20:57.206 [pool-1-thread-4] DEBUG com.mnc.udp.UDPServer - UDP-Server: Message-73-72 -> Message-73-72 (/127.0.0.1:49498)
21:20:57.206 [pool-1-thread-3] DEBUG com.mnc.udp.UDPServer - UDP-Server: Message-70-84
21:20:57.206 [pool-1-thread-3] DEBUG com.mnc.udp.UDPServer - UDP-Server: Message-70-84 -> Message-70-84 (/127.0.0.1:49495)
21:20:57.206 [pool-1-thread-1] DEBUG com.mnc.udp.UDPServer - UDP-Server: Message-99-34
21:20:57.206 [pool-1-thread-1] DEBUG com.mnc.udp.UDPServer - UDP-Server: Message-99-34 -> Message-99-34 (/127.0.0.1:49524)
21:20:57.206 [pool-1-thread-1] DEBUG com.mnc.udp.UDPServer - UDP-Server: Message-73-73
21:20:57.206 [pool-1-thread-1] DEBUG com.mnc.udp.UDPServer - UDP-Server: Message-73-73 -> Message-73-73 (/127.0.0.1:49498)
21:20:57.206 [pool-1-thread-1] DEBUG com.mnc.udp.UDPServer - UDP-Server: Message-99-28
21:20:57.206 [pool-1-thread-5] DEBUG com.mnc.udp.UDPServer - UDP-Server: Message-70-69
21:20:57.206 [pool-1-thread-1] DEBUG com.mnc.udp.UDPServer - UDP-Server: Message-99-28 -> Message-99-28 (/127.0.0.1:49524)
21:20:57.206 [pool-1-thread-5] DEBUG com.mnc.udp.UDPServer - UDP-Server: Message-70-69 -> Message-70-69 (/127.0.0.1:49495)
21:20:57.206 [pool-1-thread-5] DEBUG com.mnc.udp.UDPServer - UDP-Server: Message-73-74
21:20:57.206 [pool-1-thread-5] DEBUG com.mnc.udp.UDPServer - UDP-Server: Message-73-74 -> Message-73-74 (/127.0.0.1:49498)
21:20:57.206 [pool-1-thread-2] DEBUG com.mnc.udp.UDPServer - UDP-Server: Message-99-29
21:20:57.206 [pool-1-thread-2] DEBUG com.mnc.udp.UDPServer - UDP-Server: Message-99-29 -> Message-99-29 (/127.0.0.1:49524)
21:20:57.206 [pool-1-thread-4] DEBUG com.mnc.udp.UDPServer - UDP-Server: Message-70-70
21:20:57.206 [pool-1-thread-4] DEBUG com.mnc.udp.UDPServer - UDP-Server: Message-70-70 -> Message-70-70 (/127.0.0.1:49495)
21:20:57.206 [pool-1-thread-2] DEBUG com.mnc.udp.UDPServer - UDP-Server: Message-73-3
21:20:57.206 [pool-1-thread-2] DEBUG com.mnc.udp.UDPServer - UDP-Server: Message-73-3 -> Message-73-3 (/127.0.0.1:49498)
21:20:57.206 [pool-1-thread-3] DEBUG com.mnc.udp.UDPServer - UDP-Server: Message-99-30
21:20:57.206 [pool-1-thread-3] DEBUG com.mnc.udp.UDPServer - UDP-Server: Message-99-30 -> Message-99-30 (/127.0.0.1:49524)
21:20:57.206 [pool-1-thread-5] DEBUG com.mnc.udp.UDPServer - UDP-Server: Message-70-76
21:20:57.207 [pool-1-thread-3] DEBUG com.mnc.udp.UDPServer - UDP-Server: Message-73-51
21:20:57.207 [pool-1-thread-5] DEBUG com.mnc.udp.UDPServer - UDP-Server: Message-70-76 -> Message-70-76 (/127.0.0.1:49495)
21:20:57.207 [pool-1-thread-3] DEBUG com.mnc.udp.UDPServer - UDP-Server: Message-73-51 -> Message-73-51 (/127.0.0.1:49498)
21:20:57.207 [pool-1-thread-4] DEBUG com.mnc.udp.UDPServer - UDP-Server: Message-99-26
21:20:57.207 [pool-1-thread-4] DEBUG com.mnc.udp.UDPServer - UDP-Server: Message-99-26 -> Message-99-26 (/127.0.0.1:49524)
21:20:57.207 [pool-1-thread-2] DEBUG com.mnc.udp.UDPServer - UDP-Server: Message-70-77
21:20:57.207 [pool-1-thread-1] DEBUG com.mnc.udp.UDPServer - UDP-Server: Message-73-52
21:20:57.207 [pool-1-thread-2] DEBUG com.mnc.udp.UDPServer - UDP-Server: Message-70-77 -> Message-70-77 (/127.0.0.1:49495)
21:20:57.207 [pool-1-thread-5] DEBUG com.mnc.udp.UDPServer - UDP-Server: Message-99-27
21:20:57.207 [pool-1-thread-1] DEBUG com.mnc.udp.UDPServer - UDP-Server: Message-73-52 -> Message-73-52 (/127.0.0.1:49498)
21:20:57.207 [pool-1-thread-5] DEBUG com.mnc.udp.UDPServer - UDP-Server: Message-99-27 -> Message-99-27 (/127.0.0.1:49524)
21:20:57.207 [pool-1-thread-3] DEBUG com.mnc.udp.UDPServer - UDP-Server: Message-70-75
21:20:57.207 [pool-1-thread-4] DEBUG com.mnc.udp.UDPServer - UDP-Server: Message-73-50
21:20:57.207 [pool-1-thread-2] DEBUG com.mnc.udp.UDPServer - UDP-Server: Message-99-25
21:20:57.207 [pool-1-thread-3] DEBUG com.mnc.udp.UDPServer - UDP-Server: Message-70-75 -> Message-70-75 (/127.0.0.1:49495)
21:20:57.207 [pool-1-thread-2] DEBUG com.mnc.udp.UDPServer - UDP-Server: Message-99-25 -> Message-99-25 (/127.0.0.1:49524)
21:20:57.207 [pool-1-thread-4] DEBUG com.mnc.udp.UDPServer - UDP-Server: Message-73-50 -> Message-73-50 (/127.0.0.1:49498)
21:20:57.207 [pool-1-thread-1] DEBUG com.mnc.udp.UDPServer - UDP-Server: Message-70-71
21:20:57.207 [pool-1-thread-5] DEBUG com.mnc.udp.UDPServer - UDP-Server: Message-99-44
21:20:57.207 [pool-1-thread-1] DEBUG com.mnc.udp.UDPServer - UDP-Server: Message-70-71 -> Message-70-71 (/127.0.0.1:49495)
21:20:57.207 [pool-1-thread-3] DEBUG com.mnc.udp.UDPServer - UDP-Server: Message-73-68
21:20:57.207 [pool-1-thread-3] DEBUG com.mnc.udp.UDPServer - UDP-Server: Message-73-68 -> Message-73-68 (/127.0.0.1:49498)
21:20:57.207 [pool-1-thread-5] DEBUG com.mnc.udp.UDPServer - UDP-Server: Message-99-44 -> Message-99-44 (/127.0.0.1:49524)
21:20:57.207 [pool-1-thread-2] DEBUG com.mnc.udp.UDPServer - UDP-Server: Message-70-72
21:20:57.207 [pool-1-thread-2] DEBUG com.mnc.udp.UDPServer - UDP-Server: Message-70-72 -> Message-70-72 (/127.0.0.1:49495)
21:20:57.207 [pool-1-thread-1] DEBUG com.mnc.udp.UDPServer - UDP-Server: Message-73-4
21:20:57.207 [pool-1-thread-3] DEBUG com.mnc.udp.UDPServer - UDP-Server: Message-30-32
21:20:57.207 [pool-1-thread-4] DEBUG com.mnc.udp.UDPServer - UDP-Server: Message-99-45
21:20:57.207 [pool-1-thread-1] DEBUG com.mnc.udp.UDPServer - UDP-Server: Message-73-4 -> Message-73-4 (/127.0.0.1:49498)
21:20:57.207 [pool-1-thread-3] DEBUG com.mnc.udp.UDPServer - UDP-Server: Message-30-32 -> Message-30-32 (/127.0.0.1:49455)
21:20:57.207 [pool-1-thread-4] DEBUG com.mnc.udp.UDPServer - UDP-Server: Message-99-45 -> Message-99-45 (/127.0.0.1:49524)
21:20:57.207 [pool-1-thread-3] DEBUG com.mnc.udp.UDPServer - UDP-Server: Message-70-73
21:20:57.207 [pool-1-thread-3] DEBUG com.mnc.udp.UDPServer - UDP-Server: Message-70-73 -> Message-70-73 (/127.0.0.1:49495)
21:20:57.207 [pool-1-thread-2] DEBUG com.mnc.udp.UDPServer - UDP-Server: Message-30-33
21:20:57.207 [pool-1-thread-5] DEBUG com.mnc.udp.UDPServer - UDP-Server: Message-99-43
21:20:57.207 [pool-1-thread-5] DEBUG com.mnc.udp.UDPServer - UDP-Server: Message-99-43 -> Message-99-43 (/127.0.0.1:49524)
21:20:57.207 [pool-1-thread-1] DEBUG com.mnc.udp.UDPServer - UDP-Server: Message-73-69
21:20:57.207 [pool-1-thread-2] DEBUG com.mnc.udp.UDPServer - UDP-Server: Message-30-33 -> Message-30-33 (/127.0.0.1:49455)
21:20:57.207 [pool-1-thread-4] DEBUG com.mnc.udp.UDPServer - UDP-Server: Message-70-74
21:20:57.207 [pool-1-thread-1] DEBUG com.mnc.udp.UDPServer - UDP-Server: Message-73-69 -> Message-73-69 (/127.0.0.1:49498)
21:20:57.207 [pool-1-thread-4] DEBUG com.mnc.udp.UDPServer - UDP-Server: Message-70-74 -> Message-70-74 (/127.0.0.1:49495)
21:20:57.207 [pool-1-thread-1] DEBUG com.mnc.udp.UDPServer - UDP-Server: Message-99-48
21:20:57.207 [pool-1-thread-1] DEBUG com.mnc.udp.UDPServer - UDP-Server: Message-99-48 -> Message-99-48 (/127.0.0.1:49524)
21:20:57.207 [pool-1-thread-1] DEBUG com.mnc.udp.UDPServer - UDP-Server: Message-30-31
21:20:57.207 [pool-1-thread-1] DEBUG com.mnc.udp.UDPServer - UDP-Server: Message-30-31 -> Message-30-31 (/127.0.0.1:49455)
21:20:57.207 [pool-1-thread-2] DEBUG com.mnc.udp.UDPServer - UDP-Server: Message-73-70
21:20:57.207 [pool-1-thread-2] DEBUG com.mnc.udp.UDPServer - UDP-Server: Message-73-70 -> Message-73-70 (/127.0.0.1:49498)
21:20:57.207 [pool-1-thread-3] DEBUG com.mnc.udp.UDPServer - UDP-Server: Message-70-93
21:20:57.207 [pool-1-thread-3] DEBUG com.mnc.udp.UDPServer - UDP-Server: Message-70-93 -> Message-70-93 (/127.0.0.1:49495)
21:20:57.207 [pool-1-thread-2] DEBUG com.mnc.udp.UDPServer - UDP-Server: Message-99-49
21:20:57.207 [pool-1-thread-2] DEBUG com.mnc.udp.UDPServer - UDP-Server: Message-99-49 -> Message-99-49 (/127.0.0.1:49524)
21:20:57.207 [pool-1-thread-5] DEBUG com.mnc.udp.UDPServer - UDP-Server: Message-30-35
21:20:57.208 [pool-1-thread-5] DEBUG com.mnc.udp.UDPServer - UDP-Server: Message-30-35 -> Message-30-35 (/127.0.0.1:49455)
21:20:57.208 [pool-1-thread-1] DEBUG com.mnc.udp.UDPServer - UDP-Server: Message-73-5
21:20:57.208 [pool-1-thread-4] DEBUG com.mnc.udp.UDPServer - UDP-Server: Message-70-62
21:20:57.208 [pool-1-thread-3] DEBUG com.mnc.udp.UDPServer - UDP-Server: Message-99-46
21:20:57.208 [pool-1-thread-1] DEBUG com.mnc.udp.UDPServer - UDP-Server: Message-73-5 -> Message-73-5 (/127.0.0.1:49498)
21:20:57.208 [pool-1-thread-3] DEBUG com.mnc.udp.UDPServer - UDP-Server: Message-99-46 -> Message-99-46 (/127.0.0.1:49524)
21:20:57.208 [pool-1-thread-4] DEBUG com.mnc.udp.UDPServer - UDP-Server: Message-70-62 -> Message-70-62 (/127.0.0.1:49495)
21:20:57.208 [pool-1-thread-2] DEBUG com.mnc.udp.UDPServer - UDP-Server: Message-30-36
21:20:57.208 [pool-1-thread-2] DEBUG com.mnc.udp.UDPServer - UDP-Server: Message-30-36 -> Message-30-36 (/127.0.0.1:49455)
21:20:57.208 [pool-1-thread-5] DEBUG com.mnc.udp.UDPServer - UDP-Server: Message-73-63
21:20:57.208 [pool-1-thread-5] DEBUG com.mnc.udp.UDPServer - UDP-Server: Message-73-63 -> Message-73-63 (/127.0.0.1:49498)
21:20:57.208 [pool-1-thread-1] DEBUG com.mnc.udp.UDPServer - UDP-Server: Message-99-47
21:20:57.208 [pool-1-thread-4] DEBUG com.mnc.udp.UDPServer - UDP-Server: Message-70-57
21:20:57.208 [pool-1-thread-1] DEBUG com.mnc.udp.UDPServer - UDP-Server: Message-99-47 -> Message-99-47 (/127.0.0.1:49524)
21:20:57.208 [pool-1-thread-4] DEBUG com.mnc.udp.UDPServer - UDP-Server: Message-70-57 -> Message-70-57 (/127.0.0.1:49495)
21:20:57.208 [pool-1-thread-3] DEBUG com.mnc.udp.UDPServer - UDP-Server: Message-30-34
21:20:57.208 [pool-1-thread-3] DEBUG com.mnc.udp.UDPServer - UDP-Server: Message-30-34 -> Message-30-34 (/127.0.0.1:49455)
21:20:57.208 [pool-1-thread-3] DEBUG com.mnc.udp.UDPServer - UDP-Server: Message-99-40
21:20:57.208 [pool-1-thread-3] DEBUG com.mnc.udp.UDPServer - UDP-Server: Message-99-40 -> Message-99-40 (/127.0.0.1:49524)
21:20:57.208 [pool-1-thread-5] DEBUG com.mnc.udp.UDPServer - UDP-Server: Message-73-62
21:20:57.208 [pool-1-thread-1] DEBUG com.mnc.udp.UDPServer - UDP-Server: Message-70-58
21:20:57.208 [pool-1-thread-5] DEBUG com.mnc.udp.UDPServer - UDP-Server: Message-73-62 -> Message-73-62 (/127.0.0.1:49498)
21:20:57.208 [pool-1-thread-1] DEBUG com.mnc.udp.UDPServer - UDP-Server: Message-70-58 -> Message-70-58 (/127.0.0.1:49495)
21:20:57.208 [pool-1-thread-1] DEBUG com.mnc.udp.UDPServer - UDP-Server: Message-30-28
21:20:57.208 [pool-1-thread-1] DEBUG com.mnc.udp.UDPServer - UDP-Server: Message-30-28 -> Message-30-28 (/127.0.0.1:49455)
21:20:57.208 [pool-1-thread-2] DEBUG com.mnc.udp.UDPServer - UDP-Server: Message-99-41
21:20:57.208 [pool-1-thread-2] DEBUG com.mnc.udp.UDPServer - UDP-Server: Message-99-41 -> Message-99-41 (/127.0.0.1:49524)
21:20:57.208 [pool-1-thread-3] DEBUG com.mnc.udp.UDPServer - UDP-Server: Message-73-1
21:20:57.208 [pool-1-thread-5] DEBUG com.mnc.udp.UDPServer - UDP-Server: Message-70-56
21:20:57.208 [pool-1-thread-5] DEBUG com.mnc.udp.UDPServer - UDP-Server: Message-70-56 -> Message-70-56 (/127.0.0.1:49495)
21:20:57.208 [pool-1-thread-4] DEBUG com.mnc.udp.UDPServer - UDP-Server: Message-30-29
21:20:57.208 [pool-1-thread-4] DEBUG com.mnc.udp.UDPServer - UDP-Server: Message-30-29 -> Message-30-29 (/127.0.0.1:49455)
21:20:57.208 [pool-1-thread-3] DEBUG com.mnc.udp.UDPServer - UDP-Server: Message-73-1 -> Message-73-1 (/127.0.0.1:49498)
21:20:57.208 [pool-1-thread-1] DEBUG com.mnc.udp.UDPServer - UDP-Server: Message-99-42
21:20:57.208 [pool-1-thread-1] DEBUG com.mnc.udp.UDPServer - UDP-Server: Message-99-42 -> Message-99-42 (/127.0.0.1:49524)
21:20:57.208 [pool-1-thread-1] DEBUG com.mnc.udp.UDPServer - UDP-Server: Message-70-60
21:20:57.208 [pool-1-thread-2] DEBUG com.mnc.udp.UDPServer - UDP-Server: Message-30-30
21:20:57.208 [pool-1-thread-1] DEBUG com.mnc.udp.UDPServer - UDP-Server: Message-70-60 -> Message-70-60 (/127.0.0.1:49495)
21:20:57.208 [pool-1-thread-2] DEBUG com.mnc.udp.UDPServer - UDP-Server: Message-30-30 -> Message-30-30 (/127.0.0.1:49455)
21:20:57.208 [pool-1-thread-1] DEBUG com.mnc.udp.UDPServer - UDP-Server: Message-73-2
21:20:57.208 [pool-1-thread-1] DEBUG com.mnc.udp.UDPServer - UDP-Server: Message-73-2 -> Message-73-2 (/127.0.0.1:49498)
21:20:57.208 [pool-1-thread-3] DEBUG com.mnc.udp.UDPServer - UDP-Server: Message-99-38
21:20:57.208 [pool-1-thread-3] DEBUG com.mnc.udp.UDPServer - UDP-Server: Message-99-38 -> Message-99-38 (/127.0.0.1:49524)
21:20:57.208 [pool-1-thread-5] DEBUG com.mnc.udp.UDPServer - UDP-Server: Message-70-61
21:20:57.208 [pool-1-thread-4] DEBUG com.mnc.udp.UDPServer - UDP-Server: Message-30-26
21:20:57.208 [pool-1-thread-5] DEBUG com.mnc.udp.UDPServer - UDP-Server: Message-70-61 -> Message-70-61 (/127.0.0.1:49495)
21:20:57.208 [pool-1-thread-2] DEBUG com.mnc.udp.UDPServer - UDP-Server: Message-73-0
21:20:57.208 [pool-1-thread-2] DEBUG com.mnc.udp.UDPServer - UDP-Server: Message-73-0 -> Message-73-0 (/127.0.0.1:49498)
21:20:57.208 [pool-1-thread-1] DEBUG com.mnc.udp.UDPServer - UDP-Server: Message-99-39
21:20:57.208 [pool-1-thread-4] DEBUG com.mnc.udp.UDPServer - UDP-Server: Message-30-26 -> Message-30-26 (/127.0.0.1:49455)
21:20:57.208 [pool-1-thread-1] DEBUG com.mnc.udp.UDPServer - UDP-Server: Message-99-39 -> Message-99-39 (/127.0.0.1:49524)
21:20:57.208 [pool-1-thread-1] DEBUG com.mnc.udp.UDPServer - UDP-Server: Message-70-45
21:20:57.208 [pool-1-thread-1] DEBUG com.mnc.udp.UDPServer - UDP-Server: Message-70-45 -> Message-70-45 (/127.0.0.1:49495)
21:20:57.208 [pool-1-thread-5] DEBUG com.mnc.udp.UDPServer - UDP-Server: Message-73-64
21:20:57.208 [pool-1-thread-5] DEBUG com.mnc.udp.UDPServer - UDP-Server: Message-73-64 -> Message-73-64 (/127.0.0.1:49498)
21:20:57.208 [pool-1-thread-2] DEBUG com.mnc.udp.UDPServer - UDP-Server: Message-30-27
21:20:57.208 [pool-1-thread-4] DEBUG com.mnc.udp.UDPServer - UDP-Server: Message-99-37
21:20:57.208 [pool-1-thread-2] DEBUG com.mnc.udp.UDPServer - UDP-Server: Message-30-27 -> Message-30-27 (/127.0.0.1:49455)
21:20:57.208 [pool-1-thread-4] DEBUG com.mnc.udp.UDPServer - UDP-Server: Message-99-37 -> Message-99-37 (/127.0.0.1:49524)
21:20:57.208 [pool-1-thread-3] DEBUG com.mnc.udp.UDPServer - UDP-Server: Message-70-43
21:20:57.208 [pool-1-thread-3] DEBUG com.mnc.udp.UDPServer - UDP-Server: Message-70-43 -> Message-70-43 (/127.0.0.1:49495)
21:20:57.208 [pool-1-thread-4] DEBUG com.mnc.udp.UDPServer - UDP-Server: Message-73-66
21:20:57.208 [pool-1-thread-4] DEBUG com.mnc.udp.UDPServer - UDP-Server: Message-73-66 -> Message-73-66 (/127.0.0.1:49498)
21:20:57.208 [pool-1-thread-4] DEBUG com.mnc.udp.UDPServer - UDP-Server: Message-30-25
21:20:57.208 [pool-1-thread-4] DEBUG com.mnc.udp.UDPServer - UDP-Server: Message-30-25 -> Message-30-25 (/127.0.0.1:49455)
21:20:57.209 [pool-1-thread-2] DEBUG com.mnc.udp.UDPServer - UDP-Server: Message-99-15
21:20:57.209 [pool-1-thread-2] DEBUG com.mnc.udp.UDPServer - UDP-Server: Message-99-15 -> Message-99-15 (/127.0.0.1:49524)
21:20:57.209 [pool-1-thread-1] DEBUG com.mnc.udp.UDPServer - UDP-Server: Message-70-48
21:20:57.209 [pool-1-thread-1] DEBUG com.mnc.udp.UDPServer - UDP-Server: Message-70-48 -> Message-70-48 (/127.0.0.1:49495)
21:20:57.209 [pool-1-thread-3] DEBUG com.mnc.udp.UDPServer - UDP-Server: Message-73-67
21:20:57.209 [pool-1-thread-5] DEBUG com.mnc.udp.UDPServer - UDP-Server: Message-30-44
21:20:57.209 [pool-1-thread-3] DEBUG com.mnc.udp.UDPServer - UDP-Server: Message-73-67 -> Message-73-67 (/127.0.0.1:49498)
21:20:57.209 [pool-1-thread-5] DEBUG com.mnc.udp.UDPServer - UDP-Server: Message-30-44 -> Message-30-44 (/127.0.0.1:49455)
21:20:57.209 [pool-1-thread-3] DEBUG com.mnc.udp.UDPServer - UDP-Server: Message-70-49
21:20:57.209 [pool-1-thread-4] DEBUG com.mnc.udp.UDPServer - UDP-Server: Message-99-16
21:20:57.209 [pool-1-thread-3] DEBUG com.mnc.udp.UDPServer - UDP-Server: Message-70-49 -> Message-70-49 (/127.0.0.1:49495)
21:20:57.209 [pool-1-thread-4] DEBUG com.mnc.udp.UDPServer - UDP-Server: Message-99-16 -> Message-99-16 (/127.0.0.1:49524)
21:20:57.209 [pool-1-thread-4] DEBUG com.mnc.udp.UDPServer - UDP-Server: Message-30-45
21:20:57.209 [pool-1-thread-4] DEBUG com.mnc.udp.UDPServer - UDP-Server: Message-30-45 -> Message-30-45 (/127.0.0.1:49455)
21:20:57.209 [pool-1-thread-5] DEBUG com.mnc.udp.UDPServer - UDP-Server: Message-70-13
21:20:57.209 [pool-1-thread-2] DEBUG com.mnc.udp.UDPServer - UDP-Server: Message-99-17
21:20:57.209 [pool-1-thread-5] DEBUG com.mnc.udp.UDPServer - UDP-Server: Message-70-13 -> Message-70-13 (/127.0.0.1:49495)
21:20:57.209 [pool-1-thread-2] DEBUG com.mnc.udp.UDPServer - UDP-Server: Message-99-17 -> Message-99-17 (/127.0.0.1:49524)
21:20:57.209 [pool-1-thread-3] DEBUG com.mnc.udp.UDPServer - UDP-Server: Message-30-43
21:20:57.209 [pool-1-thread-3] DEBUG com.mnc.udp.UDPServer - UDP-Server: Message-30-43 -> Message-30-43 (/127.0.0.1:49455)
21:20:57.209 [pool-1-thread-1] DEBUG com.mnc.udp.UDPServer - UDP-Server: Message-70-14
21:20:57.209 [pool-1-thread-4] DEBUG com.mnc.udp.UDPServer - UDP-Server: Message-99-90
21:20:57.209 [pool-1-thread-1] DEBUG com.mnc.udp.UDPServer - UDP-Server: Message-70-14 -> Message-70-14 (/127.0.0.1:49495)
21:20:57.209 [pool-1-thread-4] DEBUG com.mnc.udp.UDPServer - UDP-Server: Message-99-90 -> Message-99-90 (/127.0.0.1:49524)
21:20:57.209 [pool-1-thread-5] DEBUG com.mnc.udp.UDPServer - UDP-Server: Message-30-48
21:20:57.209 [pool-1-thread-5] DEBUG com.mnc.udp.UDPServer - UDP-Server: Message-30-48 -> Message-30-48 (/127.0.0.1:49455)
21:20:57.209 [pool-1-thread-2] DEBUG com.mnc.udp.UDPServer - UDP-Server: Message-70-46
21:20:57.209 [pool-1-thread-2] DEBUG com.mnc.udp.UDPServer - UDP-Server: Message-70-46 -> Message-70-46 (/127.0.0.1:49495)
21:20:57.209 [pool-1-thread-1] DEBUG com.mnc.udp.UDPServer - UDP-Server: Message-30-15
21:20:57.209 [pool-1-thread-3] DEBUG com.mnc.udp.UDPServer - UDP-Server: Message-99-13
21:20:57.209 [pool-1-thread-1] DEBUG com.mnc.udp.UDPServer - UDP-Server: Message-30-15 -> Message-30-15 (/127.0.0.1:49455)
21:20:57.209 [pool-1-thread-3] DEBUG com.mnc.udp.UDPServer - UDP-Server: Message-99-13 -> Message-99-13 (/127.0.0.1:49524)
21:20:57.209 [pool-1-thread-4] DEBUG com.mnc.udp.UDPServer - UDP-Server: Message-70-47
21:20:57.209 [pool-1-thread-4] DEBUG com.mnc.udp.UDPServer - UDP-Server: Message-70-47 -> Message-70-47 (/127.0.0.1:49495)
21:20:57.209 [pool-1-thread-5] DEBUG com.mnc.udp.UDPServer - UDP-Server: Message-30-16
21:20:57.209 [pool-1-thread-5] DEBUG com.mnc.udp.UDPServer - UDP-Server: Message-30-16 -> Message-30-16 (/127.0.0.1:49455)
21:20:57.209 [pool-1-thread-2] DEBUG com.mnc.udp.UDPServer - UDP-Server: Message-99-14
21:20:57.209 [pool-1-thread-2] DEBUG com.mnc.udp.UDPServer - UDP-Server: Message-99-14 -> Message-99-14 (/127.0.0.1:49524)
21:20:57.209 [pool-1-thread-1] DEBUG com.mnc.udp.UDPServer - UDP-Server: Message-70-59
21:20:57.209 [pool-1-thread-3] DEBUG com.mnc.udp.UDPServer - UDP-Server: Message-30-17
21:20:57.209 [pool-1-thread-1] DEBUG com.mnc.udp.UDPServer - UDP-Server: Message-70-59 -> Message-70-59 (/127.0.0.1:49495)
21:20:57.209 [pool-1-thread-3] DEBUG com.mnc.udp.UDPServer - UDP-Server: Message-30-17 -> Message-30-17 (/127.0.0.1:49455)
21:20:57.209 [pool-1-thread-1] DEBUG com.mnc.udp.UDPServer - UDP-Server: Message-99-12
21:20:57.209 [pool-1-thread-1] DEBUG com.mnc.udp.UDPServer - UDP-Server: Message-99-12 -> Message-99-12 (/127.0.0.1:49524)
21:20:57.209 [pool-1-thread-5] DEBUG com.mnc.udp.UDPServer - UDP-Server: Message-70-66
21:20:57.209 [pool-1-thread-5] DEBUG com.mnc.udp.UDPServer - UDP-Server: Message-70-66 -> Message-70-66 (/127.0.0.1:49495)
21:20:57.209 [pool-1-thread-2] DEBUG com.mnc.udp.UDPServer - UDP-Server: Message-30-49
21:20:57.209 [pool-1-thread-2] DEBUG com.mnc.udp.UDPServer - UDP-Server: Message-30-49 -> Message-30-49 (/127.0.0.1:49455)
21:20:57.209 [pool-1-thread-4] DEBUG com.mnc.udp.UDPServer - UDP-Server: Message-99-21
21:20:57.209 [pool-1-thread-4] DEBUG com.mnc.udp.UDPServer - UDP-Server: Message-99-21 -> Message-99-21 (/127.0.0.1:49524)
21:20:57.209 [pool-1-thread-3] DEBUG com.mnc.udp.UDPServer - UDP-Server: Message-70-67
21:20:57.209 [pool-1-thread-3] DEBUG com.mnc.udp.UDPServer - UDP-Server: Message-70-67 -> Message-70-67 (/127.0.0.1:49495)
21:20:57.209 [pool-1-thread-3] DEBUG com.mnc.udp.UDPServer - UDP-Server: Message-30-46
21:20:57.209 [pool-1-thread-3] DEBUG com.mnc.udp.UDPServer - UDP-Server: Message-30-46 -> Message-30-46 (/127.0.0.1:49455)
21:20:57.209 [pool-1-thread-1] DEBUG com.mnc.udp.UDPServer - UDP-Server: Message-99-22
21:20:57.209 [pool-1-thread-1] DEBUG com.mnc.udp.UDPServer - UDP-Server: Message-99-22 -> Message-99-22 (/127.0.0.1:49524)
21:20:57.210 [pool-1-thread-4] DEBUG com.mnc.udp.UDPServer - UDP-Server: Message-70-63
21:20:57.210 [pool-1-thread-4] DEBUG com.mnc.udp.UDPServer - UDP-Server: Message-70-63 -> Message-70-63 (/127.0.0.1:49495)
21:20:57.210 [pool-1-thread-2] DEBUG com.mnc.udp.UDPServer - UDP-Server: Message-30-47
21:20:57.210 [pool-1-thread-2] DEBUG com.mnc.udp.UDPServer - UDP-Server: Message-30-47 -> Message-30-47 (/127.0.0.1:49455)
21:20:57.210 [pool-1-thread-3] DEBUG com.mnc.udp.UDPServer - UDP-Server: Message-99-23
21:20:57.210 [pool-1-thread-3] DEBUG com.mnc.udp.UDPServer - UDP-Server: Message-99-23 -> Message-99-23 (/127.0.0.1:49524)
21:20:57.210 [pool-1-thread-5] DEBUG com.mnc.udp.UDPServer - UDP-Server: Message-70-64
21:20:57.210 [pool-1-thread-5] DEBUG com.mnc.udp.UDPServer - UDP-Server: Message-70-64 -> Message-70-64 (/127.0.0.1:49495)
21:20:57.210 [pool-1-thread-1] DEBUG com.mnc.udp.UDPServer - UDP-Server: Message-30-13
21:20:57.210 [pool-1-thread-1] DEBUG com.mnc.udp.UDPServer - UDP-Server: Message-30-13 -> Message-30-13 (/127.0.0.1:49455)
21:20:57.210 [pool-1-thread-1] DEBUG com.mnc.udp.UDPServer - UDP-Server: Message-70-40
21:20:57.210 [pool-1-thread-4] DEBUG com.mnc.udp.UDPServer - UDP-Server: Message-99-24
21:20:57.210 [pool-1-thread-1] DEBUG com.mnc.udp.UDPServer - UDP-Server: Message-70-40 -> Message-70-40 (/127.0.0.1:49495)
21:20:57.210 [pool-1-thread-4] DEBUG com.mnc.udp.UDPServer - UDP-Server: Message-99-24 -> Message-99-24 (/127.0.0.1:49524)
21:20:57.210 [pool-1-thread-3] DEBUG com.mnc.udp.UDPServer - UDP-Server: Message-30-14
21:20:57.210 [pool-1-thread-3] DEBUG com.mnc.udp.UDPServer - UDP-Server: Message-30-14 -> Message-30-14 (/127.0.0.1:49455)
21:20:57.210 [pool-1-thread-5] DEBUG com.mnc.udp.UDPServer - UDP-Server: Message-70-41
21:20:57.210 [pool-1-thread-5] DEBUG com.mnc.udp.UDPServer - UDP-Server: Message-70-41 -> Message-70-41 (/127.0.0.1:49495)
21:20:57.210 [pool-1-thread-2] DEBUG com.mnc.udp.UDPServer - UDP-Server: Message-99-19
21:20:57.210 [pool-1-thread-1] DEBUG com.mnc.udp.UDPServer - UDP-Server: Message-30-7
21:20:57.210 [pool-1-thread-1] DEBUG com.mnc.udp.UDPServer - UDP-Server: Message-30-7 -> Message-30-7 (/127.0.0.1:49455)
21:20:57.210 [pool-1-thread-2] DEBUG com.mnc.udp.UDPServer - UDP-Server: Message-99-19 -> Message-99-19 (/127.0.0.1:49524)
21:20:57.210 [pool-1-thread-2] DEBUG com.mnc.udp.UDPServer - UDP-Server: Message-70-42
21:20:57.210 [pool-1-thread-2] DEBUG com.mnc.udp.UDPServer - UDP-Server: Message-70-42 -> Message-70-42 (/127.0.0.1:49495)
21:20:57.210 [pool-1-thread-3] DEBUG com.mnc.udp.UDPServer - UDP-Server: Message-30-8
21:20:57.210 [pool-1-thread-3] DEBUG com.mnc.udp.UDPServer - UDP-Server: Message-30-8 -> Message-30-8 (/127.0.0.1:49455)
21:20:57.210 [pool-1-thread-5] DEBUG com.mnc.udp.UDPServer - UDP-Server: Message-99-20
21:20:57.210 [pool-1-thread-5] DEBUG com.mnc.udp.UDPServer - UDP-Server: Message-99-20 -> Message-99-20 (/127.0.0.1:49524)
21:20:57.210 [pool-1-thread-5] DEBUG com.mnc.udp.UDPServer - UDP-Server: Message-30-6
21:20:57.210 [pool-1-thread-5] DEBUG com.mnc.udp.UDPServer - UDP-Server: Message-30-6 -> Message-30-6 (/127.0.0.1:49455)
21:20:57.210 [pool-1-thread-1] DEBUG com.mnc.udp.UDPServer - UDP-Server: Message-70-38
21:20:57.210 [pool-1-thread-1] DEBUG com.mnc.udp.UDPServer - UDP-Server: Message-70-38 -> Message-70-38 (/127.0.0.1:49495)
21:20:57.210 [pool-1-thread-2] DEBUG com.mnc.udp.UDPServer - UDP-Server: Message-99-18
21:20:57.210 [pool-1-thread-2] DEBUG com.mnc.udp.UDPServer - UDP-Server: Message-99-18 -> Message-99-18 (/127.0.0.1:49524)
21:20:57.210 [pool-1-thread-2] DEBUG com.mnc.udp.UDPServer - UDP-Server: Message-70-39
21:20:57.210 [pool-1-thread-2] DEBUG com.mnc.udp.UDPServer - UDP-Server: Message-70-39 -> Message-70-39 (/127.0.0.1:49495)
21:20:57.210 [pool-1-thread-3] DEBUG com.mnc.udp.UDPServer - UDP-Server: Message-30-12
21:20:57.210 [pool-1-thread-3] DEBUG com.mnc.udp.UDPServer - UDP-Server: Message-30-12 -> Message-30-12 (/127.0.0.1:49455)
21:20:57.210 [pool-1-thread-3] DEBUG com.mnc.udp.UDPServer - UDP-Server: Message-99-82
21:20:57.210 [pool-1-thread-3] DEBUG com.mnc.udp.UDPServer - UDP-Server: Message-99-82 -> Message-99-82 (/127.0.0.1:49524)
21:20:57.210 [pool-1-thread-3] DEBUG com.mnc.udp.UDPServer - UDP-Server: Message-70-68
21:20:57.210 [pool-1-thread-3] DEBUG com.mnc.udp.UDPServer - UDP-Server: Message-70-68 -> Message-70-68 (/127.0.0.1:49495)
21:20:57.210 [pool-1-thread-4] DEBUG com.mnc.udp.UDPServer - UDP-Server: Message-30-21
21:20:57.210 [pool-1-thread-4] DEBUG com.mnc.udp.UDPServer - UDP-Server: Message-30-21 -> Message-30-21 (/127.0.0.1:49455)
21:20:57.210 [pool-1-thread-4] DEBUG com.mnc.udp.UDPServer - UDP-Server: Message-99-83
21:20:57.210 [pool-1-thread-4] DEBUG com.mnc.udp.UDPServer - UDP-Server: Message-99-83 -> Message-99-83 (/127.0.0.1:49524)
21:20:57.210 [pool-1-thread-4] DEBUG com.mnc.udp.UDPServer - UDP-Server: Message-70-37
21:20:57.210 [pool-1-thread-4] DEBUG com.mnc.udp.UDPServer - UDP-Server: Message-70-37 -> Message-70-37 (/127.0.0.1:49495)
21:20:57.210 [pool-1-thread-1] DEBUG com.mnc.udp.UDPServer - UDP-Server: Message-30-22
21:20:57.210 [pool-1-thread-1] DEBUG com.mnc.udp.UDPServer - UDP-Server: Message-30-22 -> Message-30-22 (/127.0.0.1:49455)
21:20:57.210 [pool-1-thread-3] DEBUG com.mnc.udp.UDPServer - UDP-Server: Message-99-81
21:20:57.210 [pool-1-thread-3] DEBUG com.mnc.udp.UDPServer - UDP-Server: Message-99-81 -> Message-99-81 (/127.0.0.1:49524)
21:20:57.210 [pool-1-thread-2] DEBUG com.mnc.udp.UDPServer - UDP-Server: Message-70-53
21:20:57.210 [pool-1-thread-2] DEBUG com.mnc.udp.UDPServer - UDP-Server: Message-70-53 -> Message-70-53 (/127.0.0.1:49495)
21:20:57.210 [pool-1-thread-5] DEBUG com.mnc.udp.UDPServer - UDP-Server: Message-30-23
21:20:57.210 [pool-1-thread-5] DEBUG com.mnc.udp.UDPServer - UDP-Server: Message-30-23 -> Message-30-23 (/127.0.0.1:49455)
21:20:57.211 [pool-1-thread-4] DEBUG com.mnc.udp.UDPServer - UDP-Server: Message-99-91
21:20:57.211 [pool-1-thread-4] DEBUG com.mnc.udp.UDPServer - UDP-Server: Message-99-91 -> Message-99-91 (/127.0.0.1:49524)
21:20:57.211 [pool-1-thread-1] DEBUG com.mnc.udp.UDPServer - UDP-Server: Message-70-12
21:20:57.211 [pool-1-thread-3] DEBUG com.mnc.udp.UDPServer - UDP-Server: Message-30-24
21:20:57.211 [pool-1-thread-3] DEBUG com.mnc.udp.UDPServer - UDP-Server: Message-30-24 -> Message-30-24 (/127.0.0.1:49455)
21:20:57.211 [pool-1-thread-1] DEBUG com.mnc.udp.UDPServer - UDP-Server: Message-70-12 -> Message-70-12 (/127.0.0.1:49495)
21:20:57.211 [pool-1-thread-2] DEBUG com.mnc.udp.UDPServer - UDP-Server: Message-99-92
21:20:57.211 [pool-1-thread-2] DEBUG com.mnc.udp.UDPServer - UDP-Server: Message-99-92 -> Message-99-92 (/127.0.0.1:49524)
21:20:57.211 [pool-1-thread-2] DEBUG com.mnc.udp.UDPServer - UDP-Server: Message-30-90
21:20:57.211 [pool-1-thread-2] DEBUG com.mnc.udp.UDPServer - UDP-Server: Message-30-90 -> Message-30-90 (/127.0.0.1:49455)
21:20:57.211 [pool-1-thread-4] DEBUG com.mnc.udp.UDPServer - UDP-Server: Message-70-54
21:20:57.211 [pool-1-thread-4] DEBUG com.mnc.udp.UDPServer - UDP-Server: Message-70-54 -> Message-70-54 (/127.0.0.1:49495)
21:20:57.211 [pool-1-thread-3] DEBUG com.mnc.udp.UDPServer - UDP-Server: Message-99-85
21:20:57.211 [pool-1-thread-1] DEBUG com.mnc.udp.UDPServer - UDP-Server: Message-30-91
21:20:57.211 [pool-1-thread-1] DEBUG com.mnc.udp.UDPServer - UDP-Server: Message-30-91 -> Message-30-91 (/127.0.0.1:49455)
21:20:57.211 [pool-1-thread-3] DEBUG com.mnc.udp.UDPServer - UDP-Server: Message-99-85 -> Message-99-85 (/127.0.0.1:49524)
21:20:57.211 [pool-1-thread-1] DEBUG com.mnc.udp.UDPServer - UDP-Server: Message-70-55
21:20:57.211 [pool-1-thread-1] DEBUG com.mnc.udp.UDPServer - UDP-Server: Message-70-55 -> Message-70-55 (/127.0.0.1:49495)
21:20:57.211 [pool-1-thread-2] DEBUG com.mnc.udp.UDPServer - UDP-Server: Message-30-92
21:20:57.211 [pool-1-thread-2] DEBUG com.mnc.udp.UDPServer - UDP-Server: Message-30-92 -> Message-30-92 (/127.0.0.1:49455)
21:20:57.211 [pool-1-thread-4] DEBUG com.mnc.udp.UDPServer - UDP-Server: Message-99-86
21:20:57.211 [pool-1-thread-4] DEBUG com.mnc.udp.UDPServer - UDP-Server: Message-99-86 -> Message-99-86 (/127.0.0.1:49524)
21:20:57.211 [pool-1-thread-5] DEBUG com.mnc.udp.UDPServer - UDP-Server: Message-70-21
21:20:57.211 [pool-1-thread-5] DEBUG com.mnc.udp.UDPServer - UDP-Server: Message-70-21 -> Message-70-21 (/127.0.0.1:49495)
21:20:57.211 [pool-1-thread-3] DEBUG com.mnc.udp.UDPServer - UDP-Server: Message-30-88
21:20:57.211 [pool-1-thread-1] DEBUG com.mnc.udp.UDPServer - UDP-Server: Message-99-84
21:20:57.211 [pool-1-thread-3] DEBUG com.mnc.udp.UDPServer - UDP-Server: Message-30-88 -> Message-30-88 (/127.0.0.1:49455)
21:20:57.211 [pool-1-thread-2] DEBUG com.mnc.udp.UDPServer - UDP-Server: Message-70-22
21:20:57.211 [pool-1-thread-2] DEBUG com.mnc.udp.UDPServer - UDP-Server: Message-70-22 -> Message-70-22 (/127.0.0.1:49495)
21:20:57.211 [pool-1-thread-1] DEBUG com.mnc.udp.UDPServer - UDP-Server: Message-99-84 -> Message-99-84 (/127.0.0.1:49524)
21:20:57.211 [pool-1-thread-4] DEBUG com.mnc.udp.UDPServer - UDP-Server: Message-30-89
21:20:57.211 [pool-1-thread-4] DEBUG com.mnc.udp.UDPServer - UDP-Server: Message-30-89 -> Message-30-89 (/127.0.0.1:49455)
21:20:57.211 [pool-1-thread-5] DEBUG com.mnc.udp.UDPServer - UDP-Server: Message-70-23
21:20:57.211 [pool-1-thread-3] DEBUG com.mnc.udp.UDPServer - UDP-Server: Message-99-78
21:20:57.211 [pool-1-thread-5] DEBUG com.mnc.udp.UDPServer - UDP-Server: Message-70-23 -> Message-70-23 (/127.0.0.1:49495)
21:20:57.211 [pool-1-thread-3] DEBUG com.mnc.udp.UDPServer - UDP-Server: Message-99-78 -> Message-99-78 (/127.0.0.1:49524)
21:20:57.211 [pool-1-thread-2] DEBUG com.mnc.udp.UDPServer - UDP-Server: Message-30-87
21:20:57.211 [pool-1-thread-1] DEBUG com.mnc.udp.UDPServer - UDP-Server: Message-70-24
21:20:57.211 [pool-1-thread-2] DEBUG com.mnc.udp.UDPServer - UDP-Server: Message-30-87 -> Message-30-87 (/127.0.0.1:49455)
21:20:57.211 [pool-1-thread-1] DEBUG com.mnc.udp.UDPServer - UDP-Server: Message-70-24 -> Message-70-24 (/127.0.0.1:49495)
21:20:57.211 [pool-1-thread-4] DEBUG com.mnc.udp.UDPServer - UDP-Server: Message-99-3
21:20:57.211 [pool-1-thread-4] DEBUG com.mnc.udp.UDPServer - UDP-Server: Message-99-3 -> Message-99-3 (/127.0.0.1:49524)
21:20:57.211 [pool-1-thread-5] DEBUG com.mnc.udp.UDPServer - UDP-Server: Message-30-40
21:20:57.211 [pool-1-thread-3] DEBUG com.mnc.udp.UDPServer - UDP-Server: Message-99-4
21:20:57.211 [pool-1-thread-3] DEBUG com.mnc.udp.UDPServer - UDP-Server: Message-99-4 -> Message-99-4 (/127.0.0.1:49524)
21:20:57.211 [pool-1-thread-5] DEBUG com.mnc.udp.UDPServer - UDP-Server: Message-30-40 -> Message-30-40 (/127.0.0.1:49455)
21:20:57.211 [pool-1-thread-2] DEBUG com.mnc.udp.UDPServer - UDP-Server: Message-70-51
21:20:57.211 [pool-1-thread-2] DEBUG com.mnc.udp.UDPServer - UDP-Server: Message-70-51 -> Message-70-51 (/127.0.0.1:49495)
21:20:57.211 [pool-1-thread-1] DEBUG com.mnc.udp.UDPServer - UDP-Server: Message-99-5
21:20:57.211 [pool-1-thread-4] DEBUG com.mnc.udp.UDPServer - UDP-Server: Message-30-41
21:20:57.211 [pool-1-thread-1] DEBUG com.mnc.udp.UDPServer - UDP-Server: Message-99-5 -> Message-99-5 (/127.0.0.1:49524)
21:20:57.211 [pool-1-thread-4] DEBUG com.mnc.udp.UDPServer - UDP-Server: Message-30-41 -> Message-30-41 (/127.0.0.1:49455)
21:20:57.211 [pool-1-thread-3] DEBUG com.mnc.udp.UDPServer - UDP-Server: Message-70-52
21:20:57.211 [pool-1-thread-3] DEBUG com.mnc.udp.UDPServer - UDP-Server: Message-70-52 -> Message-70-52 (/127.0.0.1:49495)
21:20:57.211 [pool-1-thread-5] DEBUG com.mnc.udp.UDPServer - UDP-Server: Message-30-42
21:20:57.211 [pool-1-thread-2] DEBUG com.mnc.udp.UDPServer - UDP-Server: Message-99-7
21:20:57.211 [pool-1-thread-5] DEBUG com.mnc.udp.UDPServer - UDP-Server: Message-30-42 -> Message-30-42 (/127.0.0.1:49455)
21:20:57.211 [pool-1-thread-2] DEBUG com.mnc.udp.UDPServer - UDP-Server: Message-99-7 -> Message-99-7 (/127.0.0.1:49524)
21:20:57.212 [pool-1-thread-1] DEBUG com.mnc.udp.UDPServer - UDP-Server: Message-70-50
21:20:57.212 [pool-1-thread-1] DEBUG com.mnc.udp.UDPServer - UDP-Server: Message-70-50 -> Message-70-50 (/127.0.0.1:49495)
21:20:57.212 [pool-1-thread-4] DEBUG com.mnc.udp.UDPServer - UDP-Server: Message-30-38
21:20:57.212 [pool-1-thread-4] DEBUG com.mnc.udp.UDPServer - UDP-Server: Message-30-38 -> Message-30-38 (/127.0.0.1:49455)
21:20:57.212 [pool-1-thread-3] DEBUG com.mnc.udp.UDPServer - UDP-Server: Message-99-8
21:20:57.212 [pool-1-thread-3] DEBUG com.mnc.udp.UDPServer - UDP-Server: Message-99-8 -> Message-99-8 (/127.0.0.1:49524)
21:20:57.212 [pool-1-thread-4] DEBUG com.mnc.udp.UDPServer - UDP-Server: Message-29-32
21:20:57.212 [pool-1-thread-5] DEBUG com.mnc.udp.UDPServer - UDP-Server: Message-70-19
21:20:57.212 [pool-1-thread-4] DEBUG com.mnc.udp.UDPServer - UDP-Server: Message-29-32 -> Message-29-32 (/127.0.0.1:49454)
21:20:57.212 [pool-1-thread-5] DEBUG com.mnc.udp.UDPServer - UDP-Server: Message-70-19 -> Message-70-19 (/127.0.0.1:49495)
21:20:57.212 [pool-1-thread-1] DEBUG com.mnc.udp.UDPServer - UDP-Server: Message-30-39
21:20:57.212 [pool-1-thread-1] DEBUG com.mnc.udp.UDPServer - UDP-Server: Message-30-39 -> Message-30-39 (/127.0.0.1:49455)
21:20:57.212 [pool-1-thread-1] DEBUG com.mnc.udp.UDPServer - UDP-Server: Message-99-1
21:20:57.212 [pool-1-thread-1] DEBUG com.mnc.udp.UDPServer - UDP-Server: Message-99-1 -> Message-99-1 (/127.0.0.1:49524)
21:20:57.212 [pool-1-thread-1] DEBUG com.mnc.udp.UDPServer - UDP-Server: Message-29-33
21:20:57.212 [pool-1-thread-1] DEBUG com.mnc.udp.UDPServer - UDP-Server: Message-29-33 -> Message-29-33 (/127.0.0.1:49454)
21:20:57.212 [pool-1-thread-4] DEBUG com.mnc.udp.UDPServer - UDP-Server: Message-70-20
21:20:57.212 [pool-1-thread-1] DEBUG com.mnc.udp.UDPServer - UDP-Server: Message-30-37
21:20:57.212 [pool-1-thread-4] DEBUG com.mnc.udp.UDPServer - UDP-Server: Message-70-20 -> Message-70-20 (/127.0.0.1:49495)
21:20:57.212 [pool-1-thread-2] DEBUG com.mnc.udp.UDPServer - UDP-Server: Message-99-2
21:20:57.212 [pool-1-thread-1] DEBUG com.mnc.udp.UDPServer - UDP-Server: Message-30-37 -> Message-30-37 (/127.0.0.1:49455)
21:20:57.212 [pool-1-thread-4] DEBUG com.mnc.udp.UDPServer - UDP-Server: Message-29-31
21:20:57.212 [pool-1-thread-2] DEBUG com.mnc.udp.UDPServer - UDP-Server: Message-99-2 -> Message-99-2 (/127.0.0.1:49524)
21:20:57.212 [pool-1-thread-4] DEBUG com.mnc.udp.UDPServer - UDP-Server: Message-29-31 -> Message-29-31 (/127.0.0.1:49454)
21:20:57.212 [pool-1-thread-2] DEBUG com.mnc.udp.UDPServer - UDP-Server: Message-70-18
21:20:57.212 [pool-1-thread-2] DEBUG com.mnc.udp.UDPServer - UDP-Server: Message-70-18 -> Message-70-18 (/127.0.0.1:49495)
21:20:57.212 [pool-1-thread-3] DEBUG com.mnc.udp.UDPServer - UDP-Server: Message-30-96
21:20:57.212 [pool-1-thread-1] DEBUG com.mnc.udp.UDPServer - UDP-Server: Message-99-79
21:20:57.212 [pool-1-thread-1] DEBUG com.mnc.udp.UDPServer - UDP-Server: Message-99-79 -> Message-99-79 (/127.0.0.1:49524)
21:20:57.212 [pool-1-thread-3] DEBUG com.mnc.udp.UDPServer - UDP-Server: Message-30-96 -> Message-30-96 (/127.0.0.1:49455)
21:20:57.212 [pool-1-thread-5] DEBUG com.mnc.udp.UDPServer - UDP-Server: Message-29-35
21:20:57.212 [pool-1-thread-4] DEBUG com.mnc.udp.UDPServer - UDP-Server: Message-70-7
21:20:57.212 [pool-1-thread-5] DEBUG com.mnc.udp.UDPServer - UDP-Server: Message-29-35 -> Message-29-35 (/127.0.0.1:49454)
21:20:57.212 [pool-1-thread-4] DEBUG com.mnc.udp.UDPServer - UDP-Server: Message-70-7 -> Message-70-7 (/127.0.0.1:49495)
21:20:57.212 [pool-1-thread-2] DEBUG com.mnc.udp.UDPServer - UDP-Server: Message-99-80
21:20:57.212 [pool-1-thread-2] DEBUG com.mnc.udp.UDPServer - UDP-Server: Message-99-80 -> Message-99-80 (/127.0.0.1:49524)
21:20:57.212 [pool-1-thread-1] DEBUG com.mnc.udp.UDPServer - UDP-Server: Message-30-97
21:20:57.212 [pool-1-thread-2] DEBUG com.mnc.udp.UDPServer - UDP-Server: Message-29-36
21:20:57.212 [pool-1-thread-1] DEBUG com.mnc.udp.UDPServer - UDP-Server: Message-30-97 -> Message-30-97 (/127.0.0.1:49455)
21:20:57.212 [pool-1-thread-3] DEBUG com.mnc.udp.UDPServer - UDP-Server: Message-70-8
21:20:57.212 [pool-1-thread-3] DEBUG com.mnc.udp.UDPServer - UDP-Server: Message-70-8 -> Message-70-8 (/127.0.0.1:49495)
21:20:57.212 [pool-1-thread-2] DEBUG com.mnc.udp.UDPServer - UDP-Server: Message-29-36 -> Message-29-36 (/127.0.0.1:49454)
21:20:57.212 [pool-1-thread-4] DEBUG com.mnc.udp.UDPServer - UDP-Server: Message-99-88
21:20:57.212 [pool-1-thread-4] DEBUG com.mnc.udp.UDPServer - UDP-Server: Message-99-88 -> Message-99-88 (/127.0.0.1:49524)
21:20:57.212 [pool-1-thread-5] DEBUG com.mnc.udp.UDPServer - UDP-Server: Message-30-98
21:20:57.212 [pool-1-thread-5] DEBUG com.mnc.udp.UDPServer - UDP-Server: Message-30-98 -> Message-30-98 (/127.0.0.1:49455)
21:20:57.212 [pool-1-thread-4] DEBUG com.mnc.udp.UDPServer - UDP-Server: Message-70-6
21:20:57.212 [pool-1-thread-4] DEBUG com.mnc.udp.UDPServer - UDP-Server: Message-70-6 -> Message-70-6 (/127.0.0.1:49495)
21:20:57.212 [pool-1-thread-5] DEBUG com.mnc.udp.UDPServer - UDP-Server: Message-29-34
21:20:57.212 [pool-1-thread-5] DEBUG com.mnc.udp.UDPServer - UDP-Server: Message-29-34 -> Message-29-34 (/127.0.0.1:49454)
21:20:57.212 [pool-1-thread-2] DEBUG com.mnc.udp.UDPServer - UDP-Server: Message-99-89
21:20:57.212 [pool-1-thread-4] DEBUG com.mnc.udp.UDPServer - UDP-Server: Message-30-99
21:20:57.212 [pool-1-thread-2] DEBUG com.mnc.udp.UDPServer - UDP-Server: Message-99-89 -> Message-99-89 (/127.0.0.1:49524)
21:20:57.212 [pool-1-thread-4] DEBUG com.mnc.udp.UDPServer - UDP-Server: Message-30-99 -> Message-30-99 (/127.0.0.1:49455)
21:20:57.212 [pool-1-thread-4] DEBUG com.mnc.udp.UDPServer - UDP-Server: Message-70-10
21:20:57.212 [pool-1-thread-4] DEBUG com.mnc.udp.UDPServer - UDP-Server: Message-70-10 -> Message-70-10 (/127.0.0.1:49495)
21:20:57.212 [pool-1-thread-1] DEBUG com.mnc.udp.UDPServer - UDP-Server: Message-29-28
21:20:57.212 [pool-1-thread-1] DEBUG com.mnc.udp.UDPServer - UDP-Server: Message-29-28 -> Message-29-28 (/127.0.0.1:49454)
21:20:57.212 [pool-1-thread-5] DEBUG com.mnc.udp.UDPServer - UDP-Server: Message-99-87
21:20:57.212 [pool-1-thread-1] DEBUG com.mnc.udp.UDPServer - UDP-Server: Message-30-82
21:20:57.212 [pool-1-thread-5] DEBUG com.mnc.udp.UDPServer - UDP-Server: Message-99-87 -> Message-99-87 (/127.0.0.1:49524)
21:20:57.212 [pool-1-thread-1] DEBUG com.mnc.udp.UDPServer - UDP-Server: Message-30-82 -> Message-30-82 (/127.0.0.1:49455)
21:20:57.212 [pool-1-thread-5] DEBUG com.mnc.udp.UDPServer - UDP-Server: Message-70-11
21:20:57.212 [pool-1-thread-5] DEBUG com.mnc.udp.UDPServer - UDP-Server: Message-70-11 -> Message-70-11 (/127.0.0.1:49495)
21:20:57.212 [pool-1-thread-1] DEBUG com.mnc.udp.UDPServer - UDP-Server: Message-29-29
21:20:57.212 [pool-1-thread-1] DEBUG com.mnc.udp.UDPServer - UDP-Server: Message-29-29 -> Message-29-29 (/127.0.0.1:49454)
21:20:57.212 [pool-1-thread-2] DEBUG com.mnc.udp.UDPServer - UDP-Server: Message-99-76
21:20:57.212 [pool-1-thread-2] DEBUG com.mnc.udp.UDPServer - UDP-Server: Message-99-76 -> Message-99-76 (/127.0.0.1:49524)
21:20:57.212 [pool-1-thread-3] DEBUG com.mnc.udp.UDPServer - UDP-Server: Message-30-19
21:20:57.212 [pool-1-thread-3] DEBUG com.mnc.udp.UDPServer - UDP-Server: Message-30-19 -> Message-30-19 (/127.0.0.1:49455)
21:20:57.212 [pool-1-thread-2] DEBUG com.mnc.udp.UDPServer - UDP-Server: Message-29-30
21:20:57.212 [pool-1-thread-2] DEBUG com.mnc.udp.UDPServer - UDP-Server: Message-29-30 -> Message-29-30 (/127.0.0.1:49454)
21:20:57.212 [pool-1-thread-4] DEBUG com.mnc.udp.UDPServer - UDP-Server: Message-70-9
21:20:57.213 [pool-1-thread-4] DEBUG com.mnc.udp.UDPServer - UDP-Server: Message-70-9 -> Message-70-9 (/127.0.0.1:49495)
21:20:57.213 [pool-1-thread-2] DEBUG com.mnc.udp.UDPServer - UDP-Server: Message-99-77
21:20:57.213 [pool-1-thread-2] DEBUG com.mnc.udp.UDPServer - UDP-Server: Message-99-77 -> Message-99-77 (/127.0.0.1:49524)
21:20:57.213 [pool-1-thread-5] DEBUG com.mnc.udp.UDPServer - UDP-Server: Message-30-20
21:20:57.213 [pool-1-thread-2] DEBUG com.mnc.udp.UDPServer - UDP-Server: Message-29-26
21:20:57.213 [pool-1-thread-5] DEBUG com.mnc.udp.UDPServer - UDP-Server: Message-30-20 -> Message-30-20 (/127.0.0.1:49455)
21:20:57.213 [pool-1-thread-2] DEBUG com.mnc.udp.UDPServer - UDP-Server: Message-29-26 -> Message-29-26 (/127.0.0.1:49454)
21:20:57.213 [pool-1-thread-1] DEBUG com.mnc.udp.UDPServer - UDP-Server: Message-70-3
21:20:57.213 [pool-1-thread-1] DEBUG com.mnc.udp.UDPServer - UDP-Server: Message-70-3 -> Message-70-3 (/127.0.0.1:49495)
21:20:57.213 [pool-1-thread-2] DEBUG com.mnc.udp.UDPServer - UDP-Server: Message-99-0
21:20:57.213 [pool-1-thread-2] DEBUG com.mnc.udp.UDPServer - UDP-Server: Message-99-0 -> Message-99-0 (/127.0.0.1:49524)
21:20:57.213 [pool-1-thread-3] DEBUG com.mnc.udp.UDPServer - UDP-Server: Message-30-18
21:20:57.213 [pool-1-thread-5] DEBUG com.mnc.udp.UDPServer - UDP-Server: Message-29-27
21:20:57.213 [pool-1-thread-3] DEBUG com.mnc.udp.UDPServer - UDP-Server: Message-30-18 -> Message-30-18 (/127.0.0.1:49455)
21:20:57.213 [pool-1-thread-5] DEBUG com.mnc.udp.UDPServer - UDP-Server: Message-29-27 -> Message-29-27 (/127.0.0.1:49454)
21:20:57.213 [pool-1-thread-4] DEBUG com.mnc.udp.UDPServer - UDP-Server: Message-70-4
21:20:57.213 [pool-1-thread-4] DEBUG com.mnc.udp.UDPServer - UDP-Server: Message-70-4 -> Message-70-4 (/127.0.0.1:49495)
21:20:57.213 [pool-1-thread-4] DEBUG com.mnc.udp.UDPServer - UDP-Server: Message-99-10
21:20:57.213 [pool-1-thread-4] DEBUG com.mnc.udp.UDPServer - UDP-Server: Message-99-10 -> Message-99-10 (/127.0.0.1:49524)
21:20:57.213 [pool-1-thread-4] DEBUG com.mnc.udp.UDPServer - UDP-Server: Message-30-78
21:20:57.213 [pool-1-thread-4] DEBUG com.mnc.udp.UDPServer - UDP-Server: Message-30-78 -> Message-30-78 (/127.0.0.1:49455)
21:20:57.213 [pool-1-thread-3] DEBUG com.mnc.udp.UDPServer - UDP-Server: Message-29-25
21:20:57.213 [pool-1-thread-5] DEBUG com.mnc.udp.UDPServer - UDP-Server: Message-70-5
21:20:57.213 [pool-1-thread-3] DEBUG com.mnc.udp.UDPServer - UDP-Server: Message-29-25 -> Message-29-25 (/127.0.0.1:49454)
21:20:57.213 [pool-1-thread-5] DEBUG com.mnc.udp.UDPServer - UDP-Server: Message-70-5 -> Message-70-5 (/127.0.0.1:49495)
21:20:57.213 [pool-1-thread-3] DEBUG com.mnc.udp.UDPServer - UDP-Server: Message-30-79
21:20:57.213 [pool-1-thread-1] DEBUG com.mnc.udp.UDPServer - UDP-Server: Message-99-11
21:20:57.213 [pool-1-thread-3] DEBUG com.mnc.udp.UDPServer - UDP-Server: Message-30-79 -> Message-30-79 (/127.0.0.1:49455)
21:20:57.213 [pool-1-thread-1] DEBUG com.mnc.udp.UDPServer - UDP-Server: Message-99-11 -> Message-99-11 (/127.0.0.1:49524)
21:20:57.213 [pool-1-thread-4] DEBUG com.mnc.udp.UDPServer - UDP-Server: Message-29-44
21:20:57.213 [pool-1-thread-2] DEBUG com.mnc.udp.UDPServer - UDP-Server: Message-70-1
21:20:57.213 [pool-1-thread-4] DEBUG com.mnc.udp.UDPServer - UDP-Server: Message-29-44 -> Message-29-44 (/127.0.0.1:49454)
21:20:57.213 [pool-1-thread-2] DEBUG com.mnc.udp.UDPServer - UDP-Server: Message-70-1 -> Message-70-1 (/127.0.0.1:49495)
21:20:57.213 [pool-1-thread-5] DEBUG com.mnc.udp.UDPServer - UDP-Server: Message-30-80
21:20:57.213 [pool-1-thread-3] DEBUG com.mnc.udp.UDPServer - UDP-Server: Message-99-9
21:20:57.213 [pool-1-thread-5] DEBUG com.mnc.udp.UDPServer - UDP-Server: Message-30-80 -> Message-30-80 (/127.0.0.1:49455)
21:20:57.213 [pool-1-thread-3] DEBUG com.mnc.udp.UDPServer - UDP-Server: Message-99-9 -> Message-99-9 (/127.0.0.1:49524)
21:20:57.213 [pool-1-thread-3] DEBUG com.mnc.udp.UDPServer - UDP-Server: Message-29-45
21:20:57.213 [pool-1-thread-3] DEBUG com.mnc.udp.UDPServer - UDP-Server: Message-29-45 -> Message-29-45 (/127.0.0.1:49454)
21:20:57.213 [pool-1-thread-4] DEBUG com.mnc.udp.UDPServer - UDP-Server: Message-70-2
21:20:57.213 [pool-1-thread-4] DEBUG com.mnc.udp.UDPServer - UDP-Server: Message-70-2 -> Message-70-2 (/127.0.0.1:49495)
21:20:57.213 [pool-1-thread-4] DEBUG com.mnc.udp.UDPServer - UDP-Server: Message-30-76
21:20:57.213 [pool-1-thread-4] DEBUG com.mnc.udp.UDPServer - UDP-Server: Message-30-76 -> Message-30-76 (/127.0.0.1:49455)
21:20:57.213 [pool-1-thread-5] DEBUG com.mnc.udp.UDPServer - UDP-Server: Message-99-6
21:20:57.213 [pool-1-thread-5] DEBUG com.mnc.udp.UDPServer - UDP-Server: Message-99-6 -> Message-99-6 (/127.0.0.1:49524)
21:20:57.213 [pool-1-thread-5] DEBUG com.mnc.udp.UDPServer - UDP-Server: Message-29-43
21:20:57.213 [pool-1-thread-5] DEBUG com.mnc.udp.UDPServer - UDP-Server: Message-29-43 -> Message-29-43 (/127.0.0.1:49454)
21:20:57.213 [pool-1-thread-1] DEBUG com.mnc.udp.UDPServer - UDP-Server: Message-70-0
21:20:57.213 [pool-1-thread-3] DEBUG com.mnc.udp.UDPServer - UDP-Server: Message-30-77
21:20:57.213 [pool-1-thread-1] DEBUG com.mnc.udp.UDPServer - UDP-Server: Message-70-0 -> Message-70-0 (/127.0.0.1:49495)
21:20:57.213 [pool-1-thread-3] DEBUG com.mnc.udp.UDPServer - UDP-Server: Message-30-77 -> Message-30-77 (/127.0.0.1:49455)
21:20:57.213 [pool-1-thread-1] DEBUG com.mnc.udp.UDPServer - UDP-Server: Message-99-75
21:20:57.213 [pool-1-thread-1] DEBUG com.mnc.udp.UDPServer - UDP-Server: Message-99-75 -> Message-99-75 (/127.0.0.1:49524)
21:20:57.213 [pool-1-thread-1] DEBUG com.mnc.udp.UDPServer - UDP-Server: Message-29-90
21:20:57.213 [pool-1-thread-1] DEBUG com.mnc.udp.UDPServer - UDP-Server: Message-29-90 -> Message-29-90 (/127.0.0.1:49454)
21:20:57.213 [pool-1-thread-2] DEBUG com.mnc.udp.UDPServer - UDP-Server: Message-30-85
21:20:57.213 [pool-1-thread-4] DEBUG com.mnc.udp.UDPServer - UDP-Server: Message-99-96
21:20:57.213 [pool-1-thread-2] DEBUG com.mnc.udp.UDPServer - UDP-Server: Message-30-85 -> Message-30-85 (/127.0.0.1:49455)
21:20:57.213 [pool-1-thread-4] DEBUG com.mnc.udp.UDPServer - UDP-Server: Message-99-96 -> Message-99-96 (/127.0.0.1:49524)
21:20:57.213 [pool-1-thread-2] DEBUG com.mnc.udp.UDPServer - UDP-Server: Message-29-91
21:20:57.213 [pool-1-thread-2] DEBUG com.mnc.udp.UDPServer - UDP-Server: Message-29-91 -> Message-29-91 (/127.0.0.1:49454)
21:20:57.213 [pool-1-thread-5] DEBUG com.mnc.udp.UDPServer - UDP-Server: Message-30-86
21:20:57.213 [pool-1-thread-1] DEBUG com.mnc.udp.UDPServer - UDP-Server: Message-99-97
21:20:57.213 [pool-1-thread-3] DEBUG com.mnc.udp.UDPServer - UDP-Server: Message-29-92
21:20:57.213 [pool-1-thread-5] DEBUG com.mnc.udp.UDPServer - UDP-Server: Message-30-86 -> Message-30-86 (/127.0.0.1:49455)
21:20:57.213 [pool-1-thread-1] DEBUG com.mnc.udp.UDPServer - UDP-Server: Message-99-97 -> Message-99-97 (/127.0.0.1:49524)
21:20:57.213 [pool-1-thread-3] DEBUG com.mnc.udp.UDPServer - UDP-Server: Message-29-92 -> Message-29-92 (/127.0.0.1:49454)
21:20:57.213 [pool-1-thread-4] DEBUG com.mnc.udp.UDPServer - UDP-Server: Message-30-84
21:20:57.213 [pool-1-thread-4] DEBUG com.mnc.udp.UDPServer - UDP-Server: Message-30-84 -> Message-30-84 (/127.0.0.1:49455)
21:20:57.214 [pool-1-thread-2] DEBUG com.mnc.udp.UDPServer - UDP-Server: Message-99-98
21:20:57.214 [pool-1-thread-5] DEBUG com.mnc.udp.UDPServer - UDP-Server: Message-29-48
21:20:57.214 [pool-1-thread-2] DEBUG com.mnc.udp.UDPServer - UDP-Server: Message-99-98 -> Message-99-98 (/127.0.0.1:49524)
21:20:57.214 [pool-1-thread-5] DEBUG com.mnc.udp.UDPServer - UDP-Server: Message-29-48 -> Message-29-48 (/127.0.0.1:49454)
21:20:57.214 [pool-1-thread-2] DEBUG com.mnc.udp.UDPServer - UDP-Server: Message-30-81
21:20:57.214 [pool-1-thread-2] DEBUG com.mnc.udp.UDPServer - UDP-Server: Message-30-81 -> Message-30-81 (/127.0.0.1:49455)
21:20:57.214 [pool-1-thread-3] DEBUG com.mnc.udp.UDPServer - UDP-Server: Message-99-99
21:20:57.214 [pool-1-thread-3] DEBUG com.mnc.udp.UDPServer - UDP-Server: Message-99-99 -> Message-99-99 (/127.0.0.1:49524)
21:20:57.214 [pool-1-thread-4] DEBUG com.mnc.udp.UDPServer - UDP-Server: Message-29-49
21:20:57.214 [pool-1-thread-1] DEBUG com.mnc.udp.UDPServer - UDP-Server: Message-30-10
21:20:57.214 [pool-1-thread-4] DEBUG com.mnc.udp.UDPServer - UDP-Server: Message-29-49 -> Message-29-49 (/127.0.0.1:49454)
21:20:57.214 [pool-1-thread-1] DEBUG com.mnc.udp.UDPServer - UDP-Server: Message-30-10 -> Message-30-10 (/127.0.0.1:49455)
21:20:57.214 [pool-1-thread-5] DEBUG com.mnc.udp.UDPServer - UDP-Server: Message-99-57
21:20:57.214 [pool-1-thread-5] DEBUG com.mnc.udp.UDPServer - UDP-Server: Message-99-57 -> Message-99-57 (/127.0.0.1:49524)
21:20:57.214 [pool-1-thread-2] DEBUG com.mnc.udp.UDPServer - UDP-Server: Message-29-46
21:20:57.214 [pool-1-thread-2] DEBUG com.mnc.udp.UDPServer - UDP-Server: Message-29-46 -> Message-29-46 (/127.0.0.1:49454)
21:20:57.214 [pool-1-thread-3] DEBUG com.mnc.udp.UDPServer - UDP-Server: Message-30-11
21:20:57.214 [pool-1-thread-3] DEBUG com.mnc.udp.UDPServer - UDP-Server: Message-30-11 -> Message-30-11 (/127.0.0.1:49455)
21:20:57.214 [pool-1-thread-4] DEBUG com.mnc.udp.UDPServer - UDP-Server: Message-99-58
21:20:57.214 [pool-1-thread-4] DEBUG com.mnc.udp.UDPServer - UDP-Server: Message-99-58 -> Message-99-58 (/127.0.0.1:49524)
21:20:57.214 [pool-1-thread-1] DEBUG com.mnc.udp.UDPServer - UDP-Server: Message-29-47
21:20:57.214 [pool-1-thread-1] DEBUG com.mnc.udp.UDPServer - UDP-Server: Message-29-47 -> Message-29-47 (/127.0.0.1:49454)
21:20:57.214 [pool-1-thread-5] DEBUG com.mnc.udp.UDPServer - UDP-Server: Message-30-71
21:20:57.214 [pool-1-thread-5] DEBUG com.mnc.udp.UDPServer - UDP-Server: Message-30-71 -> Message-30-71 (/127.0.0.1:49455)
21:20:57.214 [pool-1-thread-2] DEBUG com.mnc.udp.UDPServer - UDP-Server: Message-99-94
21:20:57.214 [pool-1-thread-2] DEBUG com.mnc.udp.UDPServer - UDP-Server: Message-99-94 -> Message-99-94 (/127.0.0.1:49524)
21:20:57.214 [pool-1-thread-3] DEBUG com.mnc.udp.UDPServer - UDP-Server: Message-29-57
21:20:57.214 [pool-1-thread-4] DEBUG com.mnc.udp.UDPServer - UDP-Server: Message-30-72
21:20:57.214 [pool-1-thread-4] DEBUG com.mnc.udp.UDPServer - UDP-Server: Message-30-72 -> Message-30-72 (/127.0.0.1:49455)
21:20:57.214 [pool-1-thread-3] DEBUG com.mnc.udp.UDPServer - UDP-Server: Message-29-57 -> Message-29-57 (/127.0.0.1:49454)
21:20:57.214 [pool-1-thread-1] DEBUG com.mnc.udp.UDPServer - UDP-Server: Message-99-95
21:20:57.214 [pool-1-thread-1] DEBUG com.mnc.udp.UDPServer - UDP-Server: Message-99-95 -> Message-99-95 (/127.0.0.1:49524)
21:20:57.214 [pool-1-thread-1] DEBUG com.mnc.udp.UDPServer - UDP-Server: Message-30-75
21:20:57.214 [pool-1-thread-1] DEBUG com.mnc.udp.UDPServer - UDP-Server: Message-30-75 -> Message-30-75 (/127.0.0.1:49455)
21:20:57.214 [pool-1-thread-5] DEBUG com.mnc.udp.UDPServer - UDP-Server: Message-29-58
21:20:57.214 [pool-1-thread-5] DEBUG com.mnc.udp.UDPServer - UDP-Server: Message-29-58 -> Message-29-58 (/127.0.0.1:49454)
21:20:57.214 [pool-1-thread-4] DEBUG com.mnc.udp.UDPServer - UDP-Server: Message-99-93
21:20:57.214 [pool-1-thread-4] DEBUG com.mnc.udp.UDPServer - UDP-Server: Message-99-93 -> Message-99-93 (/127.0.0.1:49524)
21:20:57.214 [pool-1-thread-3] DEBUG com.mnc.udp.UDPServer - UDP-Server: Message-30-83
21:20:57.214 [pool-1-thread-2] DEBUG com.mnc.udp.UDPServer - UDP-Server: Message-29-40
21:20:57.214 [pool-1-thread-3] DEBUG com.mnc.udp.UDPServer - UDP-Server: Message-30-83 -> Message-30-83 (/127.0.0.1:49455)
21:20:57.214 [pool-1-thread-2] DEBUG com.mnc.udp.UDPServer - UDP-Server: Message-29-40 -> Message-29-40 (/127.0.0.1:49454)
21:20:57.214 [pool-1-thread-1] DEBUG com.mnc.udp.UDPServer - UDP-Server: Message-99-56
21:20:57.214 [pool-1-thread-1] DEBUG com.mnc.udp.UDPServer - UDP-Server: Message-99-56 -> Message-99-56 (/127.0.0.1:49524)
21:20:57.214 [pool-1-thread-5] DEBUG com.mnc.udp.UDPServer - UDP-Server: Message-30-57
21:20:57.214 [pool-1-thread-5] DEBUG com.mnc.udp.UDPServer - UDP-Server: Message-30-57 -> Message-30-57 (/127.0.0.1:49455)
21:20:57.214 [pool-1-thread-4] DEBUG com.mnc.udp.UDPServer - UDP-Server: Message-29-88
21:20:57.214 [pool-1-thread-4] DEBUG com.mnc.udp.UDPServer - UDP-Server: Message-29-88 -> Message-29-88 (/127.0.0.1:49454)
21:20:57.214 [pool-1-thread-5] DEBUG com.mnc.udp.UDPServer - UDP-Server: Message-99-53
21:20:57.214 [pool-1-thread-5] DEBUG com.mnc.udp.UDPServer - UDP-Server: Message-99-53 -> Message-99-53 (/127.0.0.1:49524)
21:20:57.214 [pool-1-thread-2] DEBUG com.mnc.udp.UDPServer - UDP-Server: Message-30-58
21:20:57.214 [pool-1-thread-1] DEBUG com.mnc.udp.UDPServer - UDP-Server: Message-29-89
21:20:57.214 [pool-1-thread-2] DEBUG com.mnc.udp.UDPServer - UDP-Server: Message-30-58 -> Message-30-58 (/127.0.0.1:49455)
21:20:57.214 [pool-1-thread-1] DEBUG com.mnc.udp.UDPServer - UDP-Server: Message-29-89 -> Message-29-89 (/127.0.0.1:49454)
21:20:57.214 [pool-1-thread-3] DEBUG com.mnc.udp.UDPServer - UDP-Server: Message-99-54
21:20:57.214 [pool-1-thread-3] DEBUG com.mnc.udp.UDPServer - UDP-Server: Message-99-54 -> Message-99-54 (/127.0.0.1:49524)
21:20:57.215 [pool-1-thread-5] DEBUG com.mnc.udp.UDPServer - UDP-Server: Message-29-41
21:20:57.215 [pool-1-thread-5] DEBUG com.mnc.udp.UDPServer - UDP-Server: Message-29-41 -> Message-29-41 (/127.0.0.1:49454)
21:20:57.215 [pool-1-thread-5] DEBUG com.mnc.udp.UDPServer - UDP-Server: Message-99-55
21:20:57.215 [pool-1-thread-4] DEBUG com.mnc.udp.UDPServer - UDP-Server: Message-30-56
21:20:57.215 [pool-1-thread-5] DEBUG com.mnc.udp.UDPServer - UDP-Server: Message-99-55 -> Message-99-55 (/127.0.0.1:49524)
21:20:57.215 [pool-1-thread-4] DEBUG com.mnc.udp.UDPServer - UDP-Server: Message-30-56 -> Message-30-56 (/127.0.0.1:49455)
21:20:57.215 [pool-1-thread-1] DEBUG com.mnc.udp.UDPServer - UDP-Server: Message-29-42
21:20:57.215 [pool-1-thread-1] DEBUG com.mnc.udp.UDPServer - UDP-Server: Message-29-42 -> Message-29-42 (/127.0.0.1:49454)
21:20:57.215 [pool-1-thread-1] DEBUG com.mnc.udp.UDPServer - UDP-Server: Message-30-94
21:20:57.215 [pool-1-thread-3] DEBUG com.mnc.udp.UDPServer - UDP-Server: Message-99-60
21:20:57.215 [pool-1-thread-1] DEBUG com.mnc.udp.UDPServer - UDP-Server: Message-30-94 -> Message-30-94 (/127.0.0.1:49455)
21:20:57.215 [pool-1-thread-3] DEBUG com.mnc.udp.UDPServer - UDP-Server: Message-99-60 -> Message-99-60 (/127.0.0.1:49524)
21:20:57.215 [pool-1-thread-5] DEBUG com.mnc.udp.UDPServer - UDP-Server: Message-29-56
21:20:57.215 [pool-1-thread-5] DEBUG com.mnc.udp.UDPServer - UDP-Server: Message-29-56 -> Message-29-56 (/127.0.0.1:49454)
21:20:57.215 [pool-1-thread-4] DEBUG com.mnc.udp.UDPServer - UDP-Server: Message-30-95
21:20:57.215 [pool-1-thread-2] DEBUG com.mnc.udp.UDPServer - UDP-Server: Message-99-61
21:20:57.215 [pool-1-thread-4] DEBUG com.mnc.udp.UDPServer - UDP-Server: Message-30-95 -> Message-30-95 (/127.0.0.1:49455)
21:20:57.215 [pool-1-thread-2] DEBUG com.mnc.udp.UDPServer - UDP-Server: Message-99-61 -> Message-99-61 (/127.0.0.1:49524)
21:20:57.215 [pool-1-thread-3] DEBUG com.mnc.udp.UDPServer - UDP-Server: Message-29-60
21:20:57.215 [pool-1-thread-3] DEBUG com.mnc.udp.UDPServer - UDP-Server: Message-29-60 -> Message-29-60 (/127.0.0.1:49454)
21:20:57.215 [pool-1-thread-1] DEBUG com.mnc.udp.UDPServer - UDP-Server: Message-99-59
21:20:57.215 [pool-1-thread-1] DEBUG com.mnc.udp.UDPServer - UDP-Server: Message-99-59 -> Message-99-59 (/127.0.0.1:49524)
21:20:57.215 [pool-1-thread-5] DEBUG com.mnc.udp.UDPServer - UDP-Server: Message-30-60
21:20:57.215 [pool-1-thread-4] DEBUG com.mnc.udp.UDPServer - UDP-Server: Message-29-61
21:20:57.215 [pool-1-thread-4] DEBUG com.mnc.udp.UDPServer - UDP-Server: Message-29-61 -> Message-29-61 (/127.0.0.1:49454)
21:20:57.215 [pool-1-thread-5] DEBUG com.mnc.udp.UDPServer - UDP-Server: Message-30-60 -> Message-30-60 (/127.0.0.1:49455)
21:20:57.215 [pool-1-thread-2] DEBUG com.mnc.udp.UDPServer - UDP-Server: Message-99-71
21:20:57.215 [pool-1-thread-2] DEBUG com.mnc.udp.UDPServer - UDP-Server: Message-99-71 -> Message-99-71 (/127.0.0.1:49524)
21:20:57.215 [pool-1-thread-3] DEBUG com.mnc.udp.UDPServer - UDP-Server: Message-29-59
21:20:57.215 [pool-1-thread-2] DEBUG com.mnc.udp.UDPServer - UDP-Server: Message-30-61
21:20:57.215 [pool-1-thread-3] DEBUG com.mnc.udp.UDPServer - UDP-Server: Message-29-59 -> Message-29-59 (/127.0.0.1:49454)
21:20:57.215 [pool-1-thread-2] DEBUG com.mnc.udp.UDPServer - UDP-Server: Message-30-61 -> Message-30-61 (/127.0.0.1:49455)
21:20:57.215 [pool-1-thread-4] DEBUG com.mnc.udp.UDPServer - UDP-Server: Message-99-72
21:20:57.215 [pool-1-thread-4] DEBUG com.mnc.udp.UDPServer - UDP-Server: Message-99-72 -> Message-99-72 (/127.0.0.1:49524)
21:20:57.215 [pool-1-thread-5] DEBUG com.mnc.udp.UDPServer - UDP-Server: Message-29-53
21:20:57.215 [pool-1-thread-1] DEBUG com.mnc.udp.UDPServer - UDP-Server: Message-30-53
21:20:57.215 [pool-1-thread-5] DEBUG com.mnc.udp.UDPServer - UDP-Server: Message-29-53 -> Message-29-53 (/127.0.0.1:49454)
21:20:57.215 [pool-1-thread-1] DEBUG com.mnc.udp.UDPServer - UDP-Server: Message-30-53 -> Message-30-53 (/127.0.0.1:49455)
21:20:57.215 [pool-1-thread-1] DEBUG com.mnc.udp.UDPServer - UDP-Server: Message-99-73
21:20:57.215 [pool-1-thread-1] DEBUG com.mnc.udp.UDPServer - UDP-Server: Message-99-73 -> Message-99-73 (/127.0.0.1:49524)
21:20:57.215 [pool-1-thread-2] DEBUG com.mnc.udp.UDPServer - UDP-Server: Message-29-54
21:20:57.215 [pool-1-thread-2] DEBUG com.mnc.udp.UDPServer - UDP-Server: Message-29-54 -> Message-29-54 (/127.0.0.1:49454)
21:20:57.215 [pool-1-thread-4] DEBUG com.mnc.udp.UDPServer - UDP-Server: Message-30-54
21:20:57.215 [pool-1-thread-5] DEBUG com.mnc.udp.UDPServer - UDP-Server: Message-99-74
21:20:57.215 [pool-1-thread-5] DEBUG com.mnc.udp.UDPServer - UDP-Server: Message-99-74 -> Message-99-74 (/127.0.0.1:49524)
21:20:57.215 [pool-1-thread-4] DEBUG com.mnc.udp.UDPServer - UDP-Server: Message-30-54 -> Message-30-54 (/127.0.0.1:49455)
21:20:57.215 [pool-1-thread-3] DEBUG com.mnc.udp.UDPServer - UDP-Server: Message-29-55
21:20:57.215 [pool-1-thread-3] DEBUG com.mnc.udp.UDPServer - UDP-Server: Message-29-55 -> Message-29-55 (/127.0.0.1:49454)
21:20:57.215 [pool-1-thread-1] DEBUG com.mnc.udp.UDPServer - UDP-Server: Message-99-69
21:20:57.215 [pool-1-thread-2] DEBUG com.mnc.udp.UDPServer - UDP-Server: Message-30-73
21:20:57.215 [pool-1-thread-2] DEBUG com.mnc.udp.UDPServer - UDP-Server: Message-30-73 -> Message-30-73 (/127.0.0.1:49455)
21:20:57.215 [pool-1-thread-1] DEBUG com.mnc.udp.UDPServer - UDP-Server: Message-99-69 -> Message-99-69 (/127.0.0.1:49524)
21:20:57.216 [pool-1-thread-5] DEBUG com.mnc.udp.UDPServer - UDP-Server: Message-29-71
21:20:57.216 [pool-1-thread-5] DEBUG com.mnc.udp.UDPServer - UDP-Server: Message-29-71 -> Message-29-71 (/127.0.0.1:49454)
21:20:57.216 [pool-1-thread-4] DEBUG com.mnc.udp.UDPServer - UDP-Server: Message-30-74
21:20:57.216 [pool-1-thread-4] DEBUG com.mnc.udp.UDPServer - UDP-Server: Message-30-74 -> Message-30-74 (/127.0.0.1:49455)
21:20:57.216 [pool-1-thread-3] DEBUG com.mnc.udp.UDPServer - UDP-Server: Message-99-70
21:20:57.216 [pool-1-thread-3] DEBUG com.mnc.udp.UDPServer - UDP-Server: Message-99-70 -> Message-99-70 (/127.0.0.1:49524)
21:20:57.216 [pool-1-thread-2] DEBUG com.mnc.udp.UDPServer - UDP-Server: Message-30-69
21:20:57.216 [pool-1-thread-1] DEBUG com.mnc.udp.UDPServer - UDP-Server: Message-29-72
21:20:57.216 [pool-1-thread-1] DEBUG com.mnc.udp.UDPServer - UDP-Server: Message-29-72 -> Message-29-72 (/127.0.0.1:49454)
21:20:57.216 [pool-1-thread-5] DEBUG com.mnc.udp.UDPServer - UDP-Server: Message-99-51
21:20:57.216 [pool-1-thread-2] DEBUG com.mnc.udp.UDPServer - UDP-Server: Message-30-69 -> Message-30-69 (/127.0.0.1:49455)
21:20:57.216 [pool-1-thread-5] DEBUG com.mnc.udp.UDPServer - UDP-Server: Message-99-51 -> Message-99-51 (/127.0.0.1:49524)
21:20:57.216 [pool-1-thread-5] DEBUG com.mnc.udp.UDPServer - UDP-Server: Message-29-51
21:20:57.216 [pool-1-thread-5] DEBUG com.mnc.udp.UDPServer - UDP-Server: Message-29-51 -> Message-29-51 (/127.0.0.1:49454)
21:20:57.216 [pool-1-thread-5] DEBUG com.mnc.udp.UDPServer - UDP-Server: Message-30-70
21:20:57.216 [pool-1-thread-5] DEBUG com.mnc.udp.UDPServer - UDP-Server: Message-30-70 -> Message-30-70 (/127.0.0.1:49455)
21:20:57.216 [pool-1-thread-1] DEBUG com.mnc.udp.UDPServer - UDP-Server: Message-99-52
21:20:57.216 [pool-1-thread-1] DEBUG com.mnc.udp.UDPServer - UDP-Server: Message-99-52 -> Message-99-52 (/127.0.0.1:49524)
21:20:57.216 [pool-1-thread-2] DEBUG com.mnc.udp.UDPServer - UDP-Server: Message-29-52
21:20:57.216 [pool-1-thread-2] DEBUG com.mnc.udp.UDPServer - UDP-Server: Message-29-52 -> Message-29-52 (/127.0.0.1:49454)
21:20:57.216 [pool-1-thread-2] DEBUG com.mnc.udp.UDPServer - UDP-Server: Message-30-68
21:20:57.216 [pool-1-thread-2] DEBUG com.mnc.udp.UDPServer - UDP-Server: Message-30-68 -> Message-30-68 (/127.0.0.1:49455)
21:20:57.216 [pool-1-thread-3] DEBUG com.mnc.udp.UDPServer - UDP-Server: Message-99-68
21:20:57.216 [pool-1-thread-3] DEBUG com.mnc.udp.UDPServer - UDP-Server: Message-99-68 -> Message-99-68 (/127.0.0.1:49524)
21:20:57.216 [pool-1-thread-5] DEBUG com.mnc.udp.UDPServer - UDP-Server: Message-29-50
21:20:57.216 [pool-1-thread-5] DEBUG com.mnc.udp.UDPServer - UDP-Server: Message-29-50 -> Message-29-50 (/127.0.0.1:49454)
21:20:57.216 [pool-1-thread-1] DEBUG com.mnc.udp.UDPServer - UDP-Server: Message-30-63
21:20:57.216 [pool-1-thread-4] DEBUG com.mnc.udp.UDPServer - UDP-Server: Message-99-50
21:20:57.216 [pool-1-thread-1] DEBUG com.mnc.udp.UDPServer - UDP-Server: Message-30-63 -> Message-30-63 (/127.0.0.1:49455)
21:20:57.216 [pool-1-thread-4] DEBUG com.mnc.udp.UDPServer - UDP-Server: Message-99-50 -> Message-99-50 (/127.0.0.1:49524)
21:20:57.216 [pool-1-thread-2] DEBUG com.mnc.udp.UDPServer - UDP-Server: Message-29-38
21:20:57.216 [pool-1-thread-2] DEBUG com.mnc.udp.UDPServer - UDP-Server: Message-29-38 -> Message-29-38 (/127.0.0.1:49454)
21:20:57.216 [pool-1-thread-3] DEBUG com.mnc.udp.UDPServer - UDP-Server: Message-30-64
21:20:57.216 [pool-1-thread-3] DEBUG com.mnc.udp.UDPServer - UDP-Server: Message-30-64 -> Message-30-64 (/127.0.0.1:49455)
21:20:57.216 [pool-1-thread-5] DEBUG com.mnc.udp.UDPServer - UDP-Server: Message-99-62
21:20:57.216 [pool-1-thread-5] DEBUG com.mnc.udp.UDPServer - UDP-Server: Message-99-62 -> Message-99-62 (/127.0.0.1:49524)
21:20:57.216 [pool-1-thread-1] DEBUG com.mnc.udp.UDPServer - UDP-Server: Message-29-39
21:20:57.216 [pool-1-thread-1] DEBUG com.mnc.udp.UDPServer - UDP-Server: Message-29-39 -> Message-29-39 (/127.0.0.1:49454)
21:20:57.216 [pool-1-thread-4] DEBUG com.mnc.udp.UDPServer - UDP-Server: Message-30-62
21:20:57.216 [pool-1-thread-4] DEBUG com.mnc.udp.UDPServer - UDP-Server: Message-30-62 -> Message-30-62 (/127.0.0.1:49455)
21:20:57.216 [pool-1-thread-4] DEBUG com.mnc.udp.UDPServer - UDP-Server: Message-99-63
21:20:57.216 [pool-1-thread-2] DEBUG com.mnc.udp.UDPServer - UDP-Server: Message-29-37
21:20:57.216 [pool-1-thread-4] DEBUG com.mnc.udp.UDPServer - UDP-Server: Message-99-63 -> Message-99-63 (/127.0.0.1:49524)
21:20:57.216 [pool-1-thread-2] DEBUG com.mnc.udp.UDPServer - UDP-Server: Message-29-37 -> Message-29-37 (/127.0.0.1:49454)
21:20:57.216 [pool-1-thread-4] DEBUG com.mnc.udp.UDPServer - UDP-Server: Message-30-9
21:20:57.217 [pool-1-thread-4] DEBUG com.mnc.udp.UDPServer - UDP-Server: Message-30-9 -> Message-30-9 (/127.0.0.1:49455)
21:20:57.217 [pool-1-thread-1] DEBUG com.mnc.udp.UDPServer - UDP-Server: Message-49-32
21:20:57.217 [pool-1-thread-3] DEBUG com.mnc.udp.UDPServer - UDP-Server: Message-99-64
21:20:57.217 [pool-1-thread-5] DEBUG com.mnc.udp.UDPServer - UDP-Server: Message-29-87
21:20:57.217 [pool-1-thread-3] DEBUG com.mnc.udp.UDPServer - UDP-Server: Message-99-64 -> Message-99-64 (/127.0.0.1:49524)
21:20:57.217 [pool-1-thread-5] DEBUG com.mnc.udp.UDPServer - UDP-Server: Message-29-87 -> Message-29-87 (/127.0.0.1:49454)
21:20:57.217 [pool-1-thread-1] DEBUG com.mnc.udp.UDPServer - UDP-Server: Message-49-32 -> Message-49-32 (/127.0.0.1:49474)
21:20:57.217 [pool-1-thread-2] DEBUG com.mnc.udp.UDPServer - UDP-Server: Message-30-3
21:20:57.217 [pool-1-thread-2] DEBUG com.mnc.udp.UDPServer - UDP-Server: Message-30-3 -> Message-30-3 (/127.0.0.1:49455)
21:20:57.217 [pool-1-thread-4] DEBUG com.mnc.udp.UDPServer - UDP-Server: Message-99-66
21:20:57.217 [pool-1-thread-4] DEBUG com.mnc.udp.UDPServer - UDP-Server: Message-99-66 -> Message-99-66 (/127.0.0.1:49524)
21:20:57.217 [pool-1-thread-3] DEBUG com.mnc.udp.UDPServer - UDP-Server: Message-29-96
21:20:57.217 [pool-1-thread-5] DEBUG com.mnc.udp.UDPServer - UDP-Server: Message-49-33
21:20:57.217 [pool-1-thread-1] DEBUG com.mnc.udp.UDPServer - UDP-Server: Message-30-66
21:20:57.217 [pool-1-thread-3] DEBUG com.mnc.udp.UDPServer - UDP-Server: Message-29-96 -> Message-29-96 (/127.0.0.1:49454)
21:20:57.217 [pool-1-thread-1] DEBUG com.mnc.udp.UDPServer - UDP-Server: Message-30-66 -> Message-30-66 (/127.0.0.1:49455)
21:20:57.217 [pool-1-thread-5] DEBUG com.mnc.udp.UDPServer - UDP-Server: Message-49-33 -> Message-49-33 (/127.0.0.1:49474)
21:20:57.217 [pool-1-thread-1] DEBUG com.mnc.udp.UDPServer - UDP-Server: Message-99-67
21:20:57.217 [pool-1-thread-1] DEBUG com.mnc.udp.UDPServer - UDP-Server: Message-99-67 -> Message-99-67 (/127.0.0.1:49524)
21:20:57.217 [pool-1-thread-4] DEBUG com.mnc.udp.UDPServer - UDP-Server: Message-29-97
21:20:57.217 [pool-1-thread-4] DEBUG com.mnc.udp.UDPServer - UDP-Server: Message-29-97 -> Message-29-97 (/127.0.0.1:49454)
21:20:57.217 [pool-1-thread-3] DEBUG com.mnc.udp.UDPServer - UDP-Server: Message-49-31
21:20:57.217 [pool-1-thread-5] DEBUG com.mnc.udp.UDPServer - UDP-Server: Message-30-67
21:20:57.217 [pool-1-thread-3] DEBUG com.mnc.udp.UDPServer - UDP-Server: Message-49-31 -> Message-49-31 (/127.0.0.1:49474)
21:20:57.217 [pool-1-thread-5] DEBUG com.mnc.udp.UDPServer - UDP-Server: Message-30-67 -> Message-30-67 (/127.0.0.1:49455)
21:20:57.217 [pool-1-thread-2] DEBUG com.mnc.udp.UDPServer - UDP-Server: Message-21-32
21:20:57.217 [pool-1-thread-2] DEBUG com.mnc.udp.UDPServer - UDP-Server: Message-21-32 -> Message-21-32 (/127.0.0.1:49446)
21:20:57.217 [pool-1-thread-2] DEBUG com.mnc.udp.UDPServer - UDP-Server: Message-29-98
21:20:57.217 [pool-1-thread-2] DEBUG com.mnc.udp.UDPServer - UDP-Server: Message-29-98 -> Message-29-98 (/127.0.0.1:49454)
21:20:57.217 [pool-1-thread-2] DEBUG com.mnc.udp.UDPServer - UDP-Server: Message-49-35
21:20:57.217 [pool-1-thread-2] DEBUG com.mnc.udp.UDPServer - UDP-Server: Message-49-35 -> Message-49-35 (/127.0.0.1:49474)
21:20:57.217 [pool-1-thread-3] DEBUG com.mnc.udp.UDPServer - UDP-Server: Message-30-55
21:20:57.217 [pool-1-thread-5] DEBUG com.mnc.udp.UDPServer - UDP-Server: Message-21-33
21:20:57.217 [pool-1-thread-3] DEBUG com.mnc.udp.UDPServer - UDP-Server: Message-30-55 -> Message-30-55 (/127.0.0.1:49455)
21:20:57.217 [pool-1-thread-5] DEBUG com.mnc.udp.UDPServer - UDP-Server: Message-21-33 -> Message-21-33 (/127.0.0.1:49446)
21:20:57.217 [pool-1-thread-1] DEBUG com.mnc.udp.UDPServer - UDP-Server: Message-29-15
21:20:57.217 [pool-1-thread-5] DEBUG com.mnc.udp.UDPServer - UDP-Server: Message-49-36
21:20:57.217 [pool-1-thread-1] DEBUG com.mnc.udp.UDPServer - UDP-Server: Message-29-15 -> Message-29-15 (/127.0.0.1:49454)
21:20:57.217 [pool-1-thread-5] DEBUG com.mnc.udp.UDPServer - UDP-Server: Message-49-36 -> Message-49-36 (/127.0.0.1:49474)
21:20:57.217 [pool-1-thread-1] DEBUG com.mnc.udp.UDPServer - UDP-Server: Message-30-59
21:20:57.217 [pool-1-thread-1] DEBUG com.mnc.udp.UDPServer - UDP-Server: Message-30-59 -> Message-30-59 (/127.0.0.1:49455)
21:20:57.217 [pool-1-thread-3] DEBUG com.mnc.udp.UDPServer - UDP-Server: Message-21-31
21:20:57.217 [pool-1-thread-3] DEBUG com.mnc.udp.UDPServer - UDP-Server: Message-21-31 -> Message-21-31 (/127.0.0.1:49446)
21:20:57.217 [pool-1-thread-3] DEBUG com.mnc.udp.UDPServer - UDP-Server: Message-29-16
21:20:57.217 [pool-1-thread-3] DEBUG com.mnc.udp.UDPServer - UDP-Server: Message-29-16 -> Message-29-16 (/127.0.0.1:49454)
21:20:57.217 [pool-1-thread-2] DEBUG com.mnc.udp.UDPServer - UDP-Server: Message-49-90
21:20:57.217 [pool-1-thread-3] DEBUG com.mnc.udp.UDPServer - UDP-Server: Message-30-93
21:20:57.217 [pool-1-thread-2] DEBUG com.mnc.udp.UDPServer - UDP-Server: Message-49-90 -> Message-49-90 (/127.0.0.1:49474)
21:20:57.217 [pool-1-thread-3] DEBUG com.mnc.udp.UDPServer - UDP-Server: Message-30-93 -> Message-30-93 (/127.0.0.1:49455)
21:20:57.217 [pool-1-thread-2] DEBUG com.mnc.udp.UDPServer - UDP-Server: Message-21-35
21:20:57.217 [pool-1-thread-2] DEBUG com.mnc.udp.UDPServer - UDP-Server: Message-21-35 -> Message-21-35 (/127.0.0.1:49446)
21:20:57.217 [pool-1-thread-4] DEBUG com.mnc.udp.UDPServer - UDP-Server: Message-29-17
21:20:57.217 [pool-1-thread-2] DEBUG com.mnc.udp.UDPServer - UDP-Server: Message-49-91
21:20:57.217 [pool-1-thread-4] DEBUG com.mnc.udp.UDPServer - UDP-Server: Message-29-17 -> Message-29-17 (/127.0.0.1:49454)
21:20:57.217 [pool-1-thread-3] DEBUG com.mnc.udp.UDPServer - UDP-Server: Message-21-36
21:20:57.217 [pool-1-thread-3] DEBUG com.mnc.udp.UDPServer - UDP-Server: Message-21-36 -> Message-21-36 (/127.0.0.1:49446)
21:20:57.217 [pool-1-thread-2] DEBUG com.mnc.udp.UDPServer - UDP-Server: Message-49-91 -> Message-49-91 (/127.0.0.1:49474)
21:20:57.217 [pool-1-thread-1] DEBUG com.mnc.udp.UDPServer - UDP-Server: Message-30-51
21:20:57.217 [pool-1-thread-1] DEBUG com.mnc.udp.UDPServer - UDP-Server: Message-30-51 -> Message-30-51 (/127.0.0.1:49455)
21:20:57.217 [pool-1-thread-5] DEBUG com.mnc.udp.UDPServer - UDP-Server: Message-21-34
21:20:57.217 [pool-1-thread-4] DEBUG com.mnc.udp.UDPServer - UDP-Server: Message-29-13
21:20:57.217 [pool-1-thread-4] DEBUG com.mnc.udp.UDPServer - UDP-Server: Message-29-13 -> Message-29-13 (/127.0.0.1:49454)
21:20:57.217 [pool-1-thread-5] DEBUG com.mnc.udp.UDPServer - UDP-Server: Message-21-34 -> Message-21-34 (/127.0.0.1:49446)
21:20:57.218 [pool-1-thread-4] DEBUG com.mnc.udp.UDPServer - UDP-Server: Message-49-92
21:20:57.218 [pool-1-thread-5] DEBUG com.mnc.udp.UDPServer - UDP-Server: Message-30-52
21:20:57.218 [pool-1-thread-5] DEBUG com.mnc.udp.UDPServer - UDP-Server: Message-30-52 -> Message-30-52 (/127.0.0.1:49455)
21:20:57.218 [pool-1-thread-4] DEBUG com.mnc.udp.UDPServer - UDP-Server: Message-49-92 -> Message-49-92 (/127.0.0.1:49474)
21:20:57.218 [pool-1-thread-1] DEBUG com.mnc.udp.UDPServer - UDP-Server: Message-21-28
21:20:57.218 [pool-1-thread-3] DEBUG com.mnc.udp.UDPServer - UDP-Server: Message-29-14
21:20:57.218 [pool-1-thread-1] DEBUG com.mnc.udp.UDPServer - UDP-Server: Message-21-28 -> Message-21-28 (/127.0.0.1:49446)
21:20:57.218 [pool-1-thread-3] DEBUG com.mnc.udp.UDPServer - UDP-Server: Message-29-14 -> Message-29-14 (/127.0.0.1:49454)
21:20:57.218 [pool-1-thread-3] DEBUG com.mnc.udp.UDPServer - UDP-Server: Message-30-50
21:20:57.218 [pool-1-thread-3] DEBUG com.mnc.udp.UDPServer - UDP-Server: Message-30-50 -> Message-30-50 (/127.0.0.1:49455)
21:20:57.218 [pool-1-thread-5] DEBUG com.mnc.udp.UDPServer - UDP-Server: Message-49-88
21:20:57.218 [pool-1-thread-5] DEBUG com.mnc.udp.UDPServer - UDP-Server: Message-49-88 -> Message-49-88 (/127.0.0.1:49474)
21:20:57.218 [pool-1-thread-4] DEBUG com.mnc.udp.UDPServer - UDP-Server: Message-21-29
21:20:57.218 [pool-1-thread-1] DEBUG com.mnc.udp.UDPServer - UDP-Server: Message-29-12
21:20:57.218 [pool-1-thread-4] DEBUG com.mnc.udp.UDPServer - UDP-Server: Message-21-29 -> Message-21-29 (/127.0.0.1:49446)
21:20:57.218 [pool-1-thread-1] DEBUG com.mnc.udp.UDPServer - UDP-Server: Message-29-12 -> Message-29-12 (/127.0.0.1:49454)
21:20:57.218 [pool-1-thread-2] DEBUG com.mnc.udp.UDPServer - UDP-Server: Message-30-4
21:20:57.218 [pool-1-thread-3] DEBUG com.mnc.udp.UDPServer - UDP-Server: Message-49-89
21:20:57.218 [pool-1-thread-3] DEBUG com.mnc.udp.UDPServer - UDP-Server: Message-49-89 -> Message-49-89 (/127.0.0.1:49474)
21:20:57.218 [pool-1-thread-2] DEBUG com.mnc.udp.UDPServer - UDP-Server: Message-30-4 -> Message-30-4 (/127.0.0.1:49455)
21:20:57.218 [pool-1-thread-3] DEBUG com.mnc.udp.UDPServer - UDP-Server: Message-21-30
21:20:57.218 [pool-1-thread-3] DEBUG com.mnc.udp.UDPServer - UDP-Server: Message-21-30 -> Message-21-30 (/127.0.0.1:49446)
21:20:57.218 [pool-1-thread-3] DEBUG com.mnc.udp.UDPServer - UDP-Server: Message-29-63
21:20:57.218 [pool-1-thread-3] DEBUG com.mnc.udp.UDPServer - UDP-Server: Message-29-63 -> Message-29-63 (/127.0.0.1:49454)
21:20:57.218 [pool-1-thread-1] DEBUG com.mnc.udp.UDPServer - UDP-Server: Message-49-87
21:20:57.218 [pool-1-thread-5] DEBUG com.mnc.udp.UDPServer - UDP-Server: Message-30-5
21:20:57.218 [pool-1-thread-2] DEBUG com.mnc.udp.UDPServer - UDP-Server: Message-21-26
21:20:57.218 [pool-1-thread-1] DEBUG com.mnc.udp.UDPServer - UDP-Server: Message-49-87 -> Message-49-87 (/127.0.0.1:49474)
21:20:57.218 [pool-1-thread-4] DEBUG com.mnc.udp.UDPServer - UDP-Server: Message-29-64
21:20:57.218 [pool-1-thread-5] DEBUG com.mnc.udp.UDPServer - UDP-Server: Message-30-5 -> Message-30-5 (/127.0.0.1:49455)
21:20:57.218 [pool-1-thread-2] DEBUG com.mnc.udp.UDPServer - UDP-Server: Message-21-26 -> Message-21-26 (/127.0.0.1:49446)
21:20:57.218 [pool-1-thread-4] DEBUG com.mnc.udp.UDPServer - UDP-Server: Message-29-64 -> Message-29-64 (/127.0.0.1:49454)
21:20:57.218 [pool-1-thread-3] DEBUG com.mnc.udp.UDPServer - UDP-Server: Message-49-96
21:20:57.218 [pool-1-thread-3] DEBUG com.mnc.udp.UDPServer - UDP-Server: Message-49-96 -> Message-49-96 (/127.0.0.1:49474)
21:20:57.218 [pool-1-thread-5] DEBUG com.mnc.udp.UDPServer - UDP-Server: Message-30-1
21:20:57.218 [pool-1-thread-2] DEBUG com.mnc.udp.UDPServer - UDP-Server: Message-29-62
21:20:57.218 [pool-1-thread-1] DEBUG com.mnc.udp.UDPServer - UDP-Server: Message-21-27
21:20:57.218 [pool-1-thread-5] DEBUG com.mnc.udp.UDPServer - UDP-Server: Message-30-1 -> Message-30-1 (/127.0.0.1:49455)
21:20:57.218 [pool-1-thread-2] DEBUG com.mnc.udp.UDPServer - UDP-Server: Message-29-62 -> Message-29-62 (/127.0.0.1:49454)
21:20:57.218 [pool-1-thread-1] DEBUG com.mnc.udp.UDPServer - UDP-Server: Message-21-27 -> Message-21-27 (/127.0.0.1:49446)
21:20:57.218 [pool-1-thread-4] DEBUG com.mnc.udp.UDPServer - UDP-Server: Message-49-97
21:20:57.218 [pool-1-thread-4] DEBUG com.mnc.udp.UDPServer - UDP-Server: Message-49-97 -> Message-49-97 (/127.0.0.1:49474)
21:20:57.218 [pool-1-thread-3] DEBUG com.mnc.udp.UDPServer - UDP-Server: Message-30-2
21:20:57.218 [pool-1-thread-3] DEBUG com.mnc.udp.UDPServer - UDP-Server: Message-30-2 -> Message-30-2 (/127.0.0.1:49455)
21:20:57.218 [pool-1-thread-5] DEBUG com.mnc.udp.UDPServer - UDP-Server: Message-29-73
21:20:57.218 [pool-1-thread-5] DEBUG com.mnc.udp.UDPServer - UDP-Server: Message-29-73 -> Message-29-73 (/127.0.0.1:49454)
21:20:57.218 [pool-1-thread-2] DEBUG com.mnc.udp.UDPServer - UDP-Server: Message-21-25
21:20:57.218 [pool-1-thread-2] DEBUG com.mnc.udp.UDPServer - UDP-Server: Message-21-25 -> Message-21-25 (/127.0.0.1:49446)
21:20:57.218 [pool-1-thread-1] DEBUG com.mnc.udp.UDPServer - UDP-Server: Message-49-98
21:20:57.218 [pool-1-thread-1] DEBUG com.mnc.udp.UDPServer - UDP-Server: Message-49-98 -> Message-49-98 (/127.0.0.1:49474)
21:20:57.218 [pool-1-thread-2] DEBUG com.mnc.udp.UDPServer - UDP-Server: Message-30-0
21:20:57.218 [pool-1-thread-2] DEBUG com.mnc.udp.UDPServer - UDP-Server: Message-30-0 -> Message-30-0 (/127.0.0.1:49455)
21:20:57.218 [pool-1-thread-3] DEBUG com.mnc.udp.UDPServer - UDP-Server: Message-29-74
21:20:57.218 [pool-1-thread-4] DEBUG com.mnc.udp.UDPServer - UDP-Server: Message-21-44
21:20:57.218 [pool-1-thread-4] DEBUG com.mnc.udp.UDPServer - UDP-Server: Message-21-44 -> Message-21-44 (/127.0.0.1:49446)
21:20:57.218 [pool-1-thread-5] DEBUG com.mnc.udp.UDPServer - UDP-Server: Message-49-99
21:20:57.218 [pool-1-thread-3] DEBUG com.mnc.udp.UDPServer - UDP-Server: Message-29-74 -> Message-29-74 (/127.0.0.1:49454)
21:20:57.218 [pool-1-thread-5] DEBUG com.mnc.udp.UDPServer - UDP-Server: Message-49-99 -> Message-49-99 (/127.0.0.1:49474)
21:20:57.218 [pool-1-thread-1] DEBUG com.mnc.udp.UDPServer - UDP-Server: Message-21-45
21:20:57.218 [pool-1-thread-2] DEBUG com.mnc.udp.UDPServer - UDP-Server: Message-29-66
21:20:57.218 [pool-1-thread-1] DEBUG com.mnc.udp.UDPServer - UDP-Server: Message-21-45 -> Message-21-45 (/127.0.0.1:49446)
21:20:57.218 [pool-1-thread-2] DEBUG com.mnc.udp.UDPServer - UDP-Server: Message-29-66 -> Message-29-66 (/127.0.0.1:49454)
21:20:57.219 [pool-1-thread-4] DEBUG com.mnc.udp.UDPServer - UDP-Server: Message-49-94
21:20:57.219 [pool-1-thread-4] DEBUG com.mnc.udp.UDPServer - UDP-Server: Message-49-94 -> Message-49-94 (/127.0.0.1:49474)
21:20:57.219 [pool-1-thread-3] DEBUG com.mnc.udp.UDPServer - UDP-Server: Message-21-43
21:20:57.219 [pool-1-thread-3] DEBUG com.mnc.udp.UDPServer - UDP-Server: Message-21-43 -> Message-21-43 (/127.0.0.1:49446)
21:20:57.219 [pool-1-thread-5] DEBUG com.mnc.udp.UDPServer - UDP-Server: Message-29-67
21:20:57.219 [pool-1-thread-5] DEBUG com.mnc.udp.UDPServer - UDP-Server: Message-29-67 -> Message-29-67 (/127.0.0.1:49454)
21:20:57.219 [pool-1-thread-1] DEBUG com.mnc.udp.UDPServer - UDP-Server: Message-49-95
21:20:57.219 [pool-1-thread-1] DEBUG com.mnc.udp.UDPServer - UDP-Server: Message-49-95 -> Message-49-95 (/127.0.0.1:49474)
21:20:57.219 [pool-1-thread-2] DEBUG com.mnc.udp.UDPServer - UDP-Server: Message-21-48
21:20:57.219 [pool-1-thread-2] DEBUG com.mnc.udp.UDPServer - UDP-Server: Message-21-48 -> Message-21-48 (/127.0.0.1:49446)
21:20:57.219 [pool-1-thread-4] DEBUG com.mnc.udp.UDPServer - UDP-Server: Message-95-32
21:20:57.219 [pool-1-thread-3] DEBUG com.mnc.udp.UDPServer - UDP-Server: Message-29-21
21:20:57.219 [pool-1-thread-4] DEBUG com.mnc.udp.UDPServer - UDP-Server: Message-95-32 -> Message-95-32 (/127.0.0.1:49520)
21:20:57.219 [pool-1-thread-3] DEBUG com.mnc.udp.UDPServer - UDP-Server: Message-29-21 -> Message-29-21 (/127.0.0.1:49454)
21:20:57.219 [pool-1-thread-5] DEBUG com.mnc.udp.UDPServer - UDP-Server: Message-49-57
21:20:57.219 [pool-1-thread-5] DEBUG com.mnc.udp.UDPServer - UDP-Server: Message-49-57 -> Message-49-57 (/127.0.0.1:49474)
21:20:57.219 [pool-1-thread-5] DEBUG com.mnc.udp.UDPServer - UDP-Server: Message-21-49
21:20:57.219 [pool-1-thread-5] DEBUG com.mnc.udp.UDPServer - UDP-Server: Message-21-49 -> Message-21-49 (/127.0.0.1:49446)
21:20:57.219 [pool-1-thread-2] DEBUG com.mnc.udp.UDPServer - UDP-Server: Message-95-33
21:20:57.219 [pool-1-thread-4] DEBUG com.mnc.udp.UDPServer - UDP-Server: Message-29-22
21:20:57.219 [pool-1-thread-2] DEBUG com.mnc.udp.UDPServer - UDP-Server: Message-95-33 -> Message-95-33 (/127.0.0.1:49520)
21:20:57.219 [pool-1-thread-4] DEBUG com.mnc.udp.UDPServer - UDP-Server: Message-29-22 -> Message-29-22 (/127.0.0.1:49454)
21:20:57.219 [pool-1-thread-3] DEBUG com.mnc.udp.UDPServer - UDP-Server: Message-49-58
21:20:57.219 [pool-1-thread-3] DEBUG com.mnc.udp.UDPServer - UDP-Server: Message-49-58 -> Message-49-58 (/127.0.0.1:49474)
21:20:57.219 [pool-1-thread-2] DEBUG com.mnc.udp.UDPServer - UDP-Server: Message-21-46
21:20:57.219 [pool-1-thread-2] DEBUG com.mnc.udp.UDPServer - UDP-Server: Message-21-46 -> Message-21-46 (/127.0.0.1:49446)
21:20:57.219 [pool-1-thread-2] DEBUG com.mnc.udp.UDPServer - UDP-Server: Message-95-31
21:20:57.219 [pool-1-thread-2] DEBUG com.mnc.udp.UDPServer - UDP-Server: Message-95-31 -> Message-95-31 (/127.0.0.1:49520)
21:20:57.219 [pool-1-thread-1] DEBUG com.mnc.udp.UDPServer - UDP-Server: Message-29-23
21:20:57.219 [pool-1-thread-4] DEBUG com.mnc.udp.UDPServer - UDP-Server: Message-49-56
21:20:57.219 [pool-1-thread-4] DEBUG com.mnc.udp.UDPServer - UDP-Server: Message-49-56 -> Message-49-56 (/127.0.0.1:49474)
21:20:57.219 [pool-1-thread-1] DEBUG com.mnc.udp.UDPServer - UDP-Server: Message-29-23 -> Message-29-23 (/127.0.0.1:49454)
21:20:57.219 [pool-1-thread-3] DEBUG com.mnc.udp.UDPServer - UDP-Server: Message-21-47
21:20:57.219 [pool-1-thread-3] DEBUG com.mnc.udp.UDPServer - UDP-Server: Message-21-47 -> Message-21-47 (/127.0.0.1:49446)
21:20:57.219 [pool-1-thread-5] DEBUG com.mnc.udp.UDPServer - UDP-Server: Message-95-35
21:20:57.219 [pool-1-thread-5] DEBUG com.mnc.udp.UDPServer - UDP-Server: Message-95-35 -> Message-95-35 (/127.0.0.1:49520)
21:20:57.219 [pool-1-thread-5] DEBUG com.mnc.udp.UDPServer - UDP-Server: Message-49-34
21:20:57.219 [pool-1-thread-5] DEBUG com.mnc.udp.UDPServer - UDP-Server: Message-49-34 -> Message-49-34 (/127.0.0.1:49474)
21:20:57.219 [pool-1-thread-4] DEBUG com.mnc.udp.UDPServer - UDP-Server: Message-29-24
21:20:57.219 [pool-1-thread-4] DEBUG com.mnc.udp.UDPServer - UDP-Server: Message-29-24 -> Message-29-24 (/127.0.0.1:49454)
21:20:57.219 [pool-1-thread-1] DEBUG com.mnc.udp.UDPServer - UDP-Server: Message-21-40
21:20:57.219 [pool-1-thread-1] DEBUG com.mnc.udp.UDPServer - UDP-Server: Message-21-40 -> Message-21-40 (/127.0.0.1:49446)
21:20:57.219 [pool-1-thread-3] DEBUG com.mnc.udp.UDPServer - UDP-Server: Message-95-36
21:20:57.219 [pool-1-thread-1] DEBUG com.mnc.udp.UDPServer - UDP-Server: Message-49-28
21:20:57.219 [pool-1-thread-3] DEBUG com.mnc.udp.UDPServer - UDP-Server: Message-95-36 -> Message-95-36 (/127.0.0.1:49520)
21:20:57.219 [pool-1-thread-1] DEBUG com.mnc.udp.UDPServer - UDP-Server: Message-49-28 -> Message-49-28 (/127.0.0.1:49474)
21:20:57.219 [pool-1-thread-5] DEBUG com.mnc.udp.UDPServer - UDP-Server: Message-29-99
21:20:57.219 [pool-1-thread-4] DEBUG com.mnc.udp.UDPServer - UDP-Server: Message-21-41
21:20:57.219 [pool-1-thread-4] DEBUG com.mnc.udp.UDPServer - UDP-Server: Message-21-41 -> Message-21-41 (/127.0.0.1:49446)
21:20:57.219 [pool-1-thread-5] DEBUG com.mnc.udp.UDPServer - UDP-Server: Message-29-99 -> Message-29-99 (/127.0.0.1:49454)
21:20:57.219 [pool-1-thread-2] DEBUG com.mnc.udp.UDPServer - UDP-Server: Message-95-34
21:20:57.219 [pool-1-thread-2] DEBUG com.mnc.udp.UDPServer - UDP-Server: Message-95-34 -> Message-95-34 (/127.0.0.1:49520)
21:20:57.219 [pool-1-thread-3] DEBUG com.mnc.udp.UDPServer - UDP-Server: Message-49-71
21:20:57.219 [pool-1-thread-3] DEBUG com.mnc.udp.UDPServer - UDP-Server: Message-49-71 -> Message-49-71 (/127.0.0.1:49474)
21:20:57.219 [pool-1-thread-3] DEBUG com.mnc.udp.UDPServer - UDP-Server: Message-21-42
21:20:57.219 [pool-1-thread-4] DEBUG com.mnc.udp.UDPServer - UDP-Server: Message-29-94
21:20:57.219 [pool-1-thread-5] DEBUG com.mnc.udp.UDPServer - UDP-Server: Message-95-28
21:20:57.219 [pool-1-thread-3] DEBUG com.mnc.udp.UDPServer - UDP-Server: Message-21-42 -> Message-21-42 (/127.0.0.1:49446)
21:20:57.219 [pool-1-thread-4] DEBUG com.mnc.udp.UDPServer - UDP-Server: Message-29-94 -> Message-29-94 (/127.0.0.1:49454)
21:20:57.219 [pool-1-thread-3] DEBUG com.mnc.udp.UDPServer - UDP-Server: Message-49-72
21:20:57.219 [pool-1-thread-3] DEBUG com.mnc.udp.UDPServer - UDP-Server: Message-49-72 -> Message-49-72 (/127.0.0.1:49474)
21:20:57.219 [pool-1-thread-5] DEBUG com.mnc.udp.UDPServer - UDP-Server: Message-95-28 -> Message-95-28 (/127.0.0.1:49520)
21:20:57.219 [pool-1-thread-5] DEBUG com.mnc.udp.UDPServer - UDP-Server: Message-21-38
21:20:57.219 [pool-1-thread-5] DEBUG com.mnc.udp.UDPServer - UDP-Server: Message-21-38 -> Message-21-38 (/127.0.0.1:49446)
21:20:57.219 [pool-1-thread-2] DEBUG com.mnc.udp.UDPServer - UDP-Server: Message-29-95
21:20:57.219 [pool-1-thread-2] DEBUG com.mnc.udp.UDPServer - UDP-Server: Message-29-95 -> Message-29-95 (/127.0.0.1:49454)
21:20:57.219 [pool-1-thread-5] DEBUG com.mnc.udp.UDPServer - UDP-Server: Message-49-93
21:20:57.219 [pool-1-thread-5] DEBUG com.mnc.udp.UDPServer - UDP-Server: Message-49-93 -> Message-49-93 (/127.0.0.1:49474)
21:20:57.220 [pool-1-thread-5] DEBUG com.mnc.udp.UDPServer - UDP-Server: Message-95-29
21:20:57.220 [pool-1-thread-1] DEBUG com.mnc.udp.UDPServer - UDP-Server: Message-21-39
21:20:57.220 [pool-1-thread-4] DEBUG com.mnc.udp.UDPServer - UDP-Server: Message-29-93
21:20:57.220 [pool-1-thread-4] DEBUG com.mnc.udp.UDPServer - UDP-Server: Message-29-93 -> Message-29-93 (/127.0.0.1:49454)
21:20:57.220 [pool-1-thread-2] DEBUG com.mnc.udp.UDPServer - UDP-Server: Message-49-59
21:20:57.220 [pool-1-thread-2] DEBUG com.mnc.udp.UDPServer - UDP-Server: Message-49-59 -> Message-49-59 (/127.0.0.1:49474)
21:20:57.220 [pool-1-thread-5] DEBUG com.mnc.udp.UDPServer - UDP-Server: Message-95-29 -> Message-95-29 (/127.0.0.1:49520)
21:20:57.220 [pool-1-thread-1] DEBUG com.mnc.udp.UDPServer - UDP-Server: Message-21-39 -> Message-21-39 (/127.0.0.1:49446)
21:20:57.220 [pool-1-thread-3] DEBUG com.mnc.udp.UDPServer - UDP-Server: Message-29-19
21:20:57.220 [pool-1-thread-3] DEBUG com.mnc.udp.UDPServer - UDP-Server: Message-29-19 -> Message-29-19 (/127.0.0.1:49454)
21:20:57.220 [pool-1-thread-3] DEBUG com.mnc.udp.UDPServer - UDP-Server: Message-49-60
21:20:57.220 [pool-1-thread-4] DEBUG com.mnc.udp.UDPServer - UDP-Server: Message-95-30
21:20:57.220 [pool-1-thread-3] DEBUG com.mnc.udp.UDPServer - UDP-Server: Message-49-60 -> Message-49-60 (/127.0.0.1:49474)
21:20:57.220 [pool-1-thread-4] DEBUG com.mnc.udp.UDPServer - UDP-Server: Message-95-30 -> Message-95-30 (/127.0.0.1:49520)
21:20:57.220 [pool-1-thread-2] DEBUG com.mnc.udp.UDPServer - UDP-Server: Message-21-37
21:20:57.220 [pool-1-thread-1] DEBUG com.mnc.udp.UDPServer - UDP-Server: Message-29-20
21:20:57.220 [pool-1-thread-2] DEBUG com.mnc.udp.UDPServer - UDP-Server: Message-21-37 -> Message-21-37 (/127.0.0.1:49446)
21:20:57.220 [pool-1-thread-1] DEBUG com.mnc.udp.UDPServer - UDP-Server: Message-29-20 -> Message-29-20 (/127.0.0.1:49454)
21:20:57.220 [pool-1-thread-5] DEBUG com.mnc.udp.UDPServer - UDP-Server: Message-95-26
21:20:57.220 [pool-1-thread-5] DEBUG com.mnc.udp.UDPServer - UDP-Server: Message-95-26 -> Message-95-26 (/127.0.0.1:49520)
21:20:57.220 [pool-1-thread-4] DEBUG com.mnc.udp.UDPServer - UDP-Server: Message-49-61
21:20:57.220 [pool-1-thread-3] DEBUG com.mnc.udp.UDPServer - UDP-Server: Message-21-15
21:20:57.220 [pool-1-thread-3] DEBUG com.mnc.udp.UDPServer - UDP-Server: Message-21-15 -> Message-21-15 (/127.0.0.1:49446)
21:20:57.220 [pool-1-thread-4] DEBUG com.mnc.udp.UDPServer - UDP-Server: Message-49-61 -> Message-49-61 (/127.0.0.1:49474)
21:20:57.220 [pool-1-thread-2] DEBUG com.mnc.udp.UDPServer - UDP-Server: Message-29-18
21:20:57.220 [pool-1-thread-2] DEBUG com.mnc.udp.UDPServer - UDP-Server: Message-29-18 -> Message-29-18 (/127.0.0.1:49454)
21:20:57.220 [pool-1-thread-1] DEBUG com.mnc.udp.UDPServer - UDP-Server: Message-95-27
21:20:57.220 [pool-1-thread-1] DEBUG com.mnc.udp.UDPServer - UDP-Server: Message-95-27 -> Message-95-27 (/127.0.0.1:49520)
21:20:57.220 [pool-1-thread-5] DEBUG com.mnc.udp.UDPServer - UDP-Server: Message-21-16
21:20:57.220 [pool-1-thread-1] DEBUG com.mnc.udp.UDPServer - UDP-Server: Message-49-69
21:20:57.220 [pool-1-thread-5] DEBUG com.mnc.udp.UDPServer - UDP-Server: Message-21-16 -> Message-21-16 (/127.0.0.1:49446)
21:20:57.220 [pool-1-thread-1] DEBUG com.mnc.udp.UDPServer - UDP-Server: Message-49-69 -> Message-49-69 (/127.0.0.1:49474)
21:20:57.220 [pool-1-thread-5] DEBUG com.mnc.udp.UDPServer - UDP-Server: Message-29-7
21:20:57.220 [pool-1-thread-5] DEBUG com.mnc.udp.UDPServer - UDP-Server: Message-29-7 -> Message-29-7 (/127.0.0.1:49454)
21:20:57.220 [pool-1-thread-2] DEBUG com.mnc.udp.UDPServer - UDP-Server: Message-95-25
21:20:57.220 [pool-1-thread-3] DEBUG com.mnc.udp.UDPServer - UDP-Server: Message-21-17
21:20:57.220 [pool-1-thread-4] DEBUG com.mnc.udp.UDPServer - UDP-Server: Message-49-70
21:20:57.220 [pool-1-thread-2] DEBUG com.mnc.udp.UDPServer - UDP-Server: Message-95-25 -> Message-95-25 (/127.0.0.1:49520)
21:20:57.220 [pool-1-thread-3] DEBUG com.mnc.udp.UDPServer - UDP-Server: Message-21-17 -> Message-21-17 (/127.0.0.1:49446)
21:20:57.220 [pool-1-thread-4] DEBUG com.mnc.udp.UDPServer - UDP-Server: Message-49-70 -> Message-49-70 (/127.0.0.1:49474)
21:20:57.220 [pool-1-thread-3] DEBUG com.mnc.udp.UDPServer - UDP-Server: Message-29-8
21:20:57.220 [pool-1-thread-3] DEBUG com.mnc.udp.UDPServer - UDP-Server: Message-29-8 -> Message-29-8 (/127.0.0.1:49454)
21:20:57.220 [pool-1-thread-5] DEBUG com.mnc.udp.UDPServer - UDP-Server: Message-21-13
21:20:57.220 [pool-1-thread-5] DEBUG com.mnc.udp.UDPServer - UDP-Server: Message-21-13 -> Message-21-13 (/127.0.0.1:49446)
21:20:57.220 [pool-1-thread-1] DEBUG com.mnc.udp.UDPServer - UDP-Server: Message-95-44
21:20:57.220 [pool-1-thread-1] DEBUG com.mnc.udp.UDPServer - UDP-Server: Message-95-44 -> Message-95-44 (/127.0.0.1:49520)
21:20:57.220 [pool-1-thread-2] DEBUG com.mnc.udp.UDPServer - UDP-Server: Message-49-68
21:20:57.220 [pool-1-thread-5] DEBUG com.mnc.udp.UDPServer - UDP-Server: Message-29-6
21:20:57.220 [pool-1-thread-2] DEBUG com.mnc.udp.UDPServer - UDP-Server: Message-49-68 -> Message-49-68 (/127.0.0.1:49474)
21:20:57.220 [pool-1-thread-5] DEBUG com.mnc.udp.UDPServer - UDP-Server: Message-29-6 -> Message-29-6 (/127.0.0.1:49454)
21:20:57.220 [pool-1-thread-3] DEBUG com.mnc.udp.UDPServer - UDP-Server: Message-21-14
21:20:57.220 [pool-1-thread-2] DEBUG com.mnc.udp.UDPServer - UDP-Server: Message-95-45
21:20:57.220 [pool-1-thread-3] DEBUG com.mnc.udp.UDPServer - UDP-Server: Message-21-14 -> Message-21-14 (/127.0.0.1:49446)
21:20:57.220 [pool-1-thread-2] DEBUG com.mnc.udp.UDPServer - UDP-Server: Message-95-45 -> Message-95-45 (/127.0.0.1:49520)
21:20:57.220 [pool-1-thread-1] DEBUG com.mnc.udp.UDPServer - UDP-Server: Message-49-53
21:20:57.220 [pool-1-thread-1] DEBUG com.mnc.udp.UDPServer - UDP-Server: Message-49-53 -> Message-49-53 (/127.0.0.1:49474)
21:20:57.220 [pool-1-thread-4] DEBUG com.mnc.udp.UDPServer - UDP-Server: Message-29-69
21:20:57.220 [pool-1-thread-4] DEBUG com.mnc.udp.UDPServer - UDP-Server: Message-29-69 -> Message-29-69 (/127.0.0.1:49454)
21:20:57.220 [pool-1-thread-5] DEBUG com.mnc.udp.UDPServer - UDP-Server: Message-21-12
21:20:57.220 [pool-1-thread-5] DEBUG com.mnc.udp.UDPServer - UDP-Server: Message-21-12 -> Message-21-12 (/127.0.0.1:49446)
21:20:57.220 [pool-1-thread-3] DEBUG com.mnc.udp.UDPServer - UDP-Server: Message-95-43
21:20:57.220 [pool-1-thread-2] DEBUG com.mnc.udp.UDPServer - UDP-Server: Message-49-54
21:20:57.220 [pool-1-thread-2] DEBUG com.mnc.udp.UDPServer - UDP-Server: Message-49-54 -> Message-49-54 (/127.0.0.1:49474)
21:20:57.220 [pool-1-thread-3] DEBUG com.mnc.udp.UDPServer - UDP-Server: Message-95-43 -> Message-95-43 (/127.0.0.1:49520)
21:20:57.220 [pool-1-thread-1] DEBUG com.mnc.udp.UDPServer - UDP-Server: Message-29-70
21:20:57.220 [pool-1-thread-1] DEBUG com.mnc.udp.UDPServer - UDP-Server: Message-29-70 -> Message-29-70 (/127.0.0.1:49454)
21:20:57.221 [pool-1-thread-4] DEBUG com.mnc.udp.UDPServer - UDP-Server: Message-21-21
21:20:57.221 [pool-1-thread-2] DEBUG com.mnc.udp.UDPServer - UDP-Server: Message-95-48
21:20:57.221 [pool-1-thread-2] DEBUG com.mnc.udp.UDPServer - UDP-Server: Message-95-48 -> Message-95-48 (/127.0.0.1:49520)
21:20:57.221 [pool-1-thread-5] DEBUG com.mnc.udp.UDPServer - UDP-Server: Message-49-55
21:20:57.221 [pool-1-thread-4] DEBUG com.mnc.udp.UDPServer - UDP-Server: Message-21-21 -> Message-21-21 (/127.0.0.1:49446)
21:20:57.221 [pool-1-thread-3] DEBUG com.mnc.udp.UDPServer - UDP-Server: Message-29-68
21:20:57.221 [pool-1-thread-3] DEBUG com.mnc.udp.UDPServer - UDP-Server: Message-29-68 -> Message-29-68 (/127.0.0.1:49454)
21:20:57.221 [pool-1-thread-5] DEBUG com.mnc.udp.UDPServer - UDP-Server: Message-49-55 -> Message-49-55 (/127.0.0.1:49474)
21:20:57.221 [pool-1-thread-3] DEBUG com.mnc.udp.UDPServer - UDP-Server: Message-95-49
21:20:57.221 [pool-1-thread-3] DEBUG com.mnc.udp.UDPServer - UDP-Server: Message-95-49 -> Message-95-49 (/127.0.0.1:49520)
21:20:57.221 [pool-1-thread-2] DEBUG com.mnc.udp.UDPServer - UDP-Server: Message-21-22
21:20:57.221 [pool-1-thread-2] DEBUG com.mnc.udp.UDPServer - UDP-Server: Message-21-22 -> Message-21-22 (/127.0.0.1:49446)
21:20:57.221 [pool-1-thread-4] DEBUG com.mnc.udp.UDPServer - UDP-Server: Message-29-10
21:20:57.221 [pool-1-thread-4] DEBUG com.mnc.udp.UDPServer - UDP-Server: Message-29-10 -> Message-29-10 (/127.0.0.1:49454)
21:20:57.221 [pool-1-thread-2] DEBUG com.mnc.udp.UDPServer - UDP-Server: Message-49-82
21:20:57.221 [pool-1-thread-5] DEBUG com.mnc.udp.UDPServer - UDP-Server: Message-95-46
21:20:57.221 [pool-1-thread-2] DEBUG com.mnc.udp.UDPServer - UDP-Server: Message-49-82 -> Message-49-82 (/127.0.0.1:49474)
21:20:57.221 [pool-1-thread-5] DEBUG com.mnc.udp.UDPServer - UDP-Server: Message-95-46 -> Message-95-46 (/127.0.0.1:49520)
21:20:57.221 [pool-1-thread-3] DEBUG com.mnc.udp.UDPServer - UDP-Server: Message-21-23
21:20:57.221 [pool-1-thread-5] DEBUG com.mnc.udp.UDPServer - UDP-Server: Message-29-11
21:20:57.221 [pool-1-thread-3] DEBUG com.mnc.udp.UDPServer - UDP-Server: Message-21-23 -> Message-21-23 (/127.0.0.1:49446)
21:20:57.221 [pool-1-thread-5] DEBUG com.mnc.udp.UDPServer - UDP-Server: Message-29-11 -> Message-29-11 (/127.0.0.1:49454)
21:20:57.221 [pool-1-thread-4] DEBUG com.mnc.udp.UDPServer - UDP-Server: Message-49-73
21:20:57.221 [pool-1-thread-4] DEBUG com.mnc.udp.UDPServer - UDP-Server: Message-49-73 -> Message-49-73 (/127.0.0.1:49474)
21:20:57.221 [pool-1-thread-2] DEBUG com.mnc.udp.UDPServer - UDP-Server: Message-95-47
21:20:57.221 [pool-1-thread-1] DEBUG com.mnc.udp.UDPServer - UDP-Server: Message-21-24
21:20:57.221 [pool-1-thread-2] DEBUG com.mnc.udp.UDPServer - UDP-Server: Message-95-47 -> Message-95-47 (/127.0.0.1:49520)
21:20:57.221 [pool-1-thread-3] DEBUG com.mnc.udp.UDPServer - UDP-Server: Message-29-9
21:20:57.221 [pool-1-thread-1] DEBUG com.mnc.udp.UDPServer - UDP-Server: Message-21-24 -> Message-21-24 (/127.0.0.1:49446)
21:20:57.221 [pool-1-thread-3] DEBUG com.mnc.udp.UDPServer - UDP-Server: Message-29-9 -> Message-29-9 (/127.0.0.1:49454)
21:20:57.221 [pool-1-thread-1] DEBUG com.mnc.udp.UDPServer - UDP-Server: Message-49-74
21:20:57.221 [pool-1-thread-1] DEBUG com.mnc.udp.UDPServer - UDP-Server: Message-49-74 -> Message-49-74 (/127.0.0.1:49474)
21:20:57.221 [pool-1-thread-4] DEBUG com.mnc.udp.UDPServer - UDP-Server: Message-95-40
21:20:57.221 [pool-1-thread-4] DEBUG com.mnc.udp.UDPServer - UDP-Server: Message-95-40 -> Message-95-40 (/127.0.0.1:49520)
21:20:57.221 [pool-1-thread-2] DEBUG com.mnc.udp.UDPServer - UDP-Server: Message-21-19
21:20:57.221 [pool-1-thread-3] DEBUG com.mnc.udp.UDPServer - UDP-Server: Message-29-76
21:20:57.221 [pool-1-thread-4] DEBUG com.mnc.udp.UDPServer - UDP-Server: Message-49-63
21:20:57.221 [pool-1-thread-2] DEBUG com.mnc.udp.UDPServer - UDP-Server: Message-21-19 -> Message-21-19 (/127.0.0.1:49446)
21:20:57.221 [pool-1-thread-3] DEBUG com.mnc.udp.UDPServer - UDP-Server: Message-29-76 -> Message-29-76 (/127.0.0.1:49454)
21:20:57.221 [pool-1-thread-4] DEBUG com.mnc.udp.UDPServer - UDP-Server: Message-49-63 -> Message-49-63 (/127.0.0.1:49474)
21:20:57.221 [pool-1-thread-1] DEBUG com.mnc.udp.UDPServer - UDP-Server: Message-95-90
21:20:57.221 [pool-1-thread-1] DEBUG com.mnc.udp.UDPServer - UDP-Server: Message-95-90 -> Message-95-90 (/127.0.0.1:49520)
21:20:57.221 [pool-1-thread-1] DEBUG com.mnc.udp.UDPServer - UDP-Server: Message-21-20
21:20:57.221 [pool-1-thread-5] DEBUG com.mnc.udp.UDPServer - UDP-Server: Message-29-77
21:20:57.221 [pool-1-thread-2] DEBUG com.mnc.udp.UDPServer - UDP-Server: Message-49-64
21:20:57.221 [pool-1-thread-1] DEBUG com.mnc.udp.UDPServer - UDP-Server: Message-21-20 -> Message-21-20 (/127.0.0.1:49446)
21:20:57.221 [pool-1-thread-2] DEBUG com.mnc.udp.UDPServer - UDP-Server: Message-49-64 -> Message-49-64 (/127.0.0.1:49474)
21:20:57.221 [pool-1-thread-5] DEBUG com.mnc.udp.UDPServer - UDP-Server: Message-29-77 -> Message-29-77 (/127.0.0.1:49454)
21:20:57.221 [pool-1-thread-2] DEBUG com.mnc.udp.UDPServer - UDP-Server: Message-95-91
21:20:57.221 [pool-1-thread-2] DEBUG com.mnc.udp.UDPServer - UDP-Server: Message-95-91 -> Message-95-91 (/127.0.0.1:49520)
21:20:57.221 [pool-1-thread-2] DEBUG com.mnc.udp.UDPServer - UDP-Server: Message-21-18
21:20:57.221 [pool-1-thread-2] DEBUG com.mnc.udp.UDPServer - UDP-Server: Message-21-18 -> Message-21-18 (/127.0.0.1:49446)
21:20:57.221 [pool-1-thread-1] DEBUG com.mnc.udp.UDPServer - UDP-Server: Message-49-29
21:20:57.221 [pool-1-thread-1] DEBUG com.mnc.udp.UDPServer - UDP-Server: Message-49-29 -> Message-49-29 (/127.0.0.1:49474)
21:20:57.221 [pool-1-thread-4] DEBUG com.mnc.udp.UDPServer - UDP-Server: Message-29-78
21:20:57.221 [pool-1-thread-1] DEBUG com.mnc.udp.UDPServer - UDP-Server: Message-95-92
21:20:57.221 [pool-1-thread-4] DEBUG com.mnc.udp.UDPServer - UDP-Server: Message-29-78 -> Message-29-78 (/127.0.0.1:49454)
21:20:57.221 [pool-1-thread-1] DEBUG com.mnc.udp.UDPServer - UDP-Server: Message-95-92 -> Message-95-92 (/127.0.0.1:49520)
21:20:57.221 [pool-1-thread-3] DEBUG com.mnc.udp.UDPServer - UDP-Server: Message-21-7
21:20:57.221 [pool-1-thread-3] DEBUG com.mnc.udp.UDPServer - UDP-Server: Message-21-7 -> Message-21-7 (/127.0.0.1:49446)
21:20:57.221 [pool-1-thread-2] DEBUG com.mnc.udp.UDPServer - UDP-Server: Message-49-30
21:20:57.221 [pool-1-thread-2] DEBUG com.mnc.udp.UDPServer - UDP-Server: Message-49-30 -> Message-49-30 (/127.0.0.1:49474)
21:20:57.221 [pool-1-thread-5] DEBUG com.mnc.udp.UDPServer - UDP-Server: Message-29-79
21:20:57.222 [pool-1-thread-4] DEBUG com.mnc.udp.UDPServer - UDP-Server: Message-95-88
21:20:57.222 [pool-1-thread-5] DEBUG com.mnc.udp.UDPServer - UDP-Server: Message-29-79 -> Message-29-79 (/127.0.0.1:49454)
21:20:57.222 [pool-1-thread-1] DEBUG com.mnc.udp.UDPServer - UDP-Server: Message-21-8
21:20:57.222 [pool-1-thread-4] DEBUG com.mnc.udp.UDPServer - UDP-Server: Message-95-88 -> Message-95-88 (/127.0.0.1:49520)
21:20:57.222 [pool-1-thread-3] DEBUG com.mnc.udp.UDPServer - UDP-Server: Message-49-26
21:20:57.222 [pool-1-thread-1] DEBUG com.mnc.udp.UDPServer - UDP-Server: Message-21-8 -> Message-21-8 (/127.0.0.1:49446)
21:20:57.222 [pool-1-thread-3] DEBUG com.mnc.udp.UDPServer - UDP-Server: Message-49-26 -> Message-49-26 (/127.0.0.1:49474)
21:20:57.222 [pool-1-thread-1] DEBUG com.mnc.udp.UDPServer - UDP-Server: Message-29-80
21:20:57.222 [pool-1-thread-1] DEBUG com.mnc.udp.UDPServer - UDP-Server: Message-29-80 -> Message-29-80 (/127.0.0.1:49454)
21:20:57.222 [pool-1-thread-1] DEBUG com.mnc.udp.UDPServer - UDP-Server: Message-21-6
21:20:57.222 [pool-1-thread-5] DEBUG com.mnc.udp.UDPServer - UDP-Server: Message-95-89
21:20:57.222 [pool-1-thread-5] DEBUG com.mnc.udp.UDPServer - UDP-Server: Message-95-89 -> Message-95-89 (/127.0.0.1:49520)
21:20:57.222 [pool-1-thread-4] DEBUG com.mnc.udp.UDPServer - UDP-Server: Message-49-27
21:20:57.222 [pool-1-thread-3] DEBUG com.mnc.udp.UDPServer - UDP-Server: Message-29-82
21:20:57.222 [pool-1-thread-4] DEBUG com.mnc.udp.UDPServer - UDP-Server: Message-49-27 -> Message-49-27 (/127.0.0.1:49474)
21:20:57.222 [pool-1-thread-1] DEBUG com.mnc.udp.UDPServer - UDP-Server: Message-21-6 -> Message-21-6 (/127.0.0.1:49446)
21:20:57.222 [pool-1-thread-3] DEBUG com.mnc.udp.UDPServer - UDP-Server: Message-29-82 -> Message-29-82 (/127.0.0.1:49454)
21:20:57.222 [pool-1-thread-3] DEBUG com.mnc.udp.UDPServer - UDP-Server: Message-95-41
21:20:57.222 [pool-1-thread-3] DEBUG com.mnc.udp.UDPServer - UDP-Server: Message-95-41 -> Message-95-41 (/127.0.0.1:49520)
21:20:57.222 [pool-1-thread-5] DEBUG com.mnc.udp.UDPServer - UDP-Server: Message-49-25
21:20:57.222 [pool-1-thread-5] DEBUG com.mnc.udp.UDPServer - UDP-Server: Message-49-25 -> Message-49-25 (/127.0.0.1:49474)
21:20:57.222 [pool-1-thread-4] DEBUG com.mnc.udp.UDPServer - UDP-Server: Message-21-10
21:20:57.222 [pool-1-thread-1] DEBUG com.mnc.udp.UDPServer - UDP-Server: Message-29-83
21:20:57.222 [pool-1-thread-1] DEBUG com.mnc.udp.UDPServer - UDP-Server: Message-29-83 -> Message-29-83 (/127.0.0.1:49454)
21:20:57.222 [pool-1-thread-2] DEBUG com.mnc.udp.UDPServer - UDP-Server: Message-95-42
21:20:57.222 [pool-1-thread-4] DEBUG com.mnc.udp.UDPServer - UDP-Server: Message-21-10 -> Message-21-10 (/127.0.0.1:49446)
21:20:57.222 [pool-1-thread-2] DEBUG com.mnc.udp.UDPServer - UDP-Server: Message-95-42 -> Message-95-42 (/127.0.0.1:49520)
21:20:57.222 [pool-1-thread-3] DEBUG com.mnc.udp.UDPServer - UDP-Server: Message-49-44
21:20:57.222 [pool-1-thread-3] DEBUG com.mnc.udp.UDPServer - UDP-Server: Message-49-44 -> Message-49-44 (/127.0.0.1:49474)
21:20:57.222 [pool-1-thread-5] DEBUG com.mnc.udp.UDPServer - UDP-Server: Message-29-85
21:20:57.222 [pool-1-thread-5] DEBUG com.mnc.udp.UDPServer - UDP-Server: Message-29-85 -> Message-29-85 (/127.0.0.1:49454)
21:20:57.222 [pool-1-thread-1] DEBUG com.mnc.udp.UDPServer - UDP-Server: Message-21-11
21:20:57.222 [pool-1-thread-5] DEBUG com.mnc.udp.UDPServer - UDP-Server: Message-95-38
21:20:57.222 [pool-1-thread-1] DEBUG com.mnc.udp.UDPServer - UDP-Server: Message-21-11 -> Message-21-11 (/127.0.0.1:49446)
21:20:57.222 [pool-1-thread-5] DEBUG com.mnc.udp.UDPServer - UDP-Server: Message-95-38 -> Message-95-38 (/127.0.0.1:49520)
21:20:57.222 [pool-1-thread-2] DEBUG com.mnc.udp.UDPServer - UDP-Server: Message-49-45
21:20:57.222 [pool-1-thread-1] DEBUG com.mnc.udp.UDPServer - UDP-Server: Message-29-86
21:20:57.222 [pool-1-thread-2] DEBUG com.mnc.udp.UDPServer - UDP-Server: Message-49-45 -> Message-49-45 (/127.0.0.1:49474)
21:20:57.222 [pool-1-thread-1] DEBUG com.mnc.udp.UDPServer - UDP-Server: Message-29-86 -> Message-29-86 (/127.0.0.1:49454)
21:20:57.222 [pool-1-thread-4] DEBUG com.mnc.udp.UDPServer - UDP-Server: Message-21-9
21:20:57.222 [pool-1-thread-4] DEBUG com.mnc.udp.UDPServer - UDP-Server: Message-21-9 -> Message-21-9 (/127.0.0.1:49446)
21:20:57.222 [pool-1-thread-3] DEBUG com.mnc.udp.UDPServer - UDP-Server: Message-95-39
21:20:57.222 [pool-1-thread-3] DEBUG com.mnc.udp.UDPServer - UDP-Server: Message-95-39 -> Message-95-39 (/127.0.0.1:49520)
21:20:57.222 [pool-1-thread-5] DEBUG com.mnc.udp.UDPServer - UDP-Server: Message-49-43
21:20:57.222 [pool-1-thread-4] DEBUG com.mnc.udp.UDPServer - UDP-Server: Message-29-84
21:20:57.222 [pool-1-thread-5] DEBUG com.mnc.udp.UDPServer - UDP-Server: Message-49-43 -> Message-49-43 (/127.0.0.1:49474)
21:20:57.222 [pool-1-thread-4] DEBUG com.mnc.udp.UDPServer - UDP-Server: Message-29-84 -> Message-29-84 (/127.0.0.1:49454)
21:20:57.222 [pool-1-thread-1] DEBUG com.mnc.udp.UDPServer - UDP-Server: Message-95-37
21:20:57.222 [pool-1-thread-2] DEBUG com.mnc.udp.UDPServer - UDP-Server: Message-21-3
21:20:57.222 [pool-1-thread-5] DEBUG com.mnc.udp.UDPServer - UDP-Server: Message-29-75
21:20:57.222 [pool-1-thread-1] DEBUG com.mnc.udp.UDPServer - UDP-Server: Message-95-37 -> Message-95-37 (/127.0.0.1:49520)
21:20:57.222 [pool-1-thread-3] DEBUG com.mnc.udp.UDPServer - UDP-Server: Message-49-62
21:20:57.222 [pool-1-thread-5] DEBUG com.mnc.udp.UDPServer - UDP-Server: Message-29-75 -> Message-29-75 (/127.0.0.1:49454)
21:20:57.222 [pool-1-thread-2] DEBUG com.mnc.udp.UDPServer - UDP-Server: Message-21-3 -> Message-21-3 (/127.0.0.1:49446)
21:20:57.222 [pool-1-thread-3] DEBUG com.mnc.udp.UDPServer - UDP-Server: Message-49-62 -> Message-49-62 (/127.0.0.1:49474)
21:20:57.223 [pool-1-thread-4] DEBUG com.mnc.udp.UDPServer - UDP-Server: Message-95-87
21:20:57.223 [pool-1-thread-1] DEBUG com.mnc.udp.UDPServer - UDP-Server: Message-29-3
21:20:57.223 [pool-1-thread-4] DEBUG com.mnc.udp.UDPServer - UDP-Server: Message-95-87 -> Message-95-87 (/127.0.0.1:49520)
21:20:57.223 [pool-1-thread-1] DEBUG com.mnc.udp.UDPServer - UDP-Server: Message-29-3 -> Message-29-3 (/127.0.0.1:49454)
21:20:57.223 [pool-1-thread-5] DEBUG com.mnc.udp.UDPServer - UDP-Server: Message-21-4
21:20:57.223 [pool-1-thread-5] DEBUG com.mnc.udp.UDPServer - UDP-Server: Message-21-4 -> Message-21-4 (/127.0.0.1:49446)
21:20:57.223 [pool-1-thread-2] DEBUG com.mnc.udp.UDPServer - UDP-Server: Message-49-83
21:20:57.223 [pool-1-thread-2] DEBUG com.mnc.udp.UDPServer - UDP-Server: Message-49-83 -> Message-49-83 (/127.0.0.1:49474)
21:20:57.223 [pool-1-thread-3] DEBUG com.mnc.udp.UDPServer - UDP-Server: Message-29-4
21:20:57.223 [pool-1-thread-3] DEBUG com.mnc.udp.UDPServer - UDP-Server: Message-29-4 -> Message-29-4 (/127.0.0.1:49454)
21:20:57.223 [pool-1-thread-2] DEBUG com.mnc.udp.UDPServer - UDP-Server: Message-95-96
21:20:57.223 [pool-1-thread-2] DEBUG com.mnc.udp.UDPServer - UDP-Server: Message-95-96 -> Message-95-96 (/127.0.0.1:49520)
21:20:57.223 [pool-1-thread-4] DEBUG com.mnc.udp.UDPServer - UDP-Server: Message-21-5
21:20:57.223 [pool-1-thread-2] DEBUG com.mnc.udp.UDPServer - UDP-Server: Message-49-51
21:20:57.223 [pool-1-thread-4] DEBUG com.mnc.udp.UDPServer - UDP-Server: Message-21-5 -> Message-21-5 (/127.0.0.1:49446)
21:20:57.223 [pool-1-thread-1] DEBUG com.mnc.udp.UDPServer - UDP-Server: Message-29-5
21:20:57.223 [pool-1-thread-2] DEBUG com.mnc.udp.UDPServer - UDP-Server: Message-49-51 -> Message-49-51 (/127.0.0.1:49474)
21:20:57.223 [pool-1-thread-4] DEBUG com.mnc.udp.UDPServer - UDP-Server: Message-95-97
21:20:57.223 [pool-1-thread-1] DEBUG com.mnc.udp.UDPServer - UDP-Server: Message-29-5 -> Message-29-5 (/127.0.0.1:49454)
21:20:57.223 [pool-1-thread-4] DEBUG com.mnc.udp.UDPServer - UDP-Server: Message-95-97 -> Message-95-97 (/127.0.0.1:49520)
21:20:57.223 [pool-1-thread-5] DEBUG com.mnc.udp.UDPServer - UDP-Server: Message-21-1
21:20:57.223 [pool-1-thread-4] DEBUG com.mnc.udp.UDPServer - UDP-Server: Message-49-52
21:20:57.223 [pool-1-thread-5] DEBUG com.mnc.udp.UDPServer - UDP-Server: Message-21-1 -> Message-21-1 (/127.0.0.1:49446)
21:20:57.223 [pool-1-thread-4] DEBUG com.mnc.udp.UDPServer - UDP-Server: Message-49-52 -> Message-49-52 (/127.0.0.1:49474)
21:20:57.223 [pool-1-thread-2] DEBUG com.mnc.udp.UDPServer - UDP-Server: Message-29-1
21:20:57.223 [pool-1-thread-2] DEBUG com.mnc.udp.UDPServer - UDP-Server: Message-29-1 -> Message-29-1 (/127.0.0.1:49454)
21:20:57.223 [pool-1-thread-1] DEBUG com.mnc.udp.UDPServer - UDP-Server: Message-95-7
21:20:57.223 [pool-1-thread-1] DEBUG com.mnc.udp.UDPServer - UDP-Server: Message-95-7 -> Message-95-7 (/127.0.0.1:49520)
21:20:57.223 [pool-1-thread-1] DEBUG com.mnc.udp.UDPServer - UDP-Server: Message-21-2
21:20:57.223 [pool-1-thread-1] DEBUG com.mnc.udp.UDPServer - UDP-Server: Message-21-2 -> Message-21-2 (/127.0.0.1:49446)
21:20:57.223 [pool-1-thread-5] DEBUG com.mnc.udp.UDPServer - UDP-Server: Message-49-50
21:20:57.223 [pool-1-thread-5] DEBUG com.mnc.udp.UDPServer - UDP-Server: Message-49-50 -> Message-49-50 (/127.0.0.1:49474)
21:20:57.223 [pool-1-thread-4] DEBUG com.mnc.udp.UDPServer - UDP-Server: Message-29-81
21:20:57.223 [pool-1-thread-2] DEBUG com.mnc.udp.UDPServer - UDP-Server: Message-95-8
21:20:57.223 [pool-1-thread-4] DEBUG com.mnc.udp.UDPServer - UDP-Server: Message-29-81 -> Message-29-81 (/127.0.0.1:49454)
21:20:57.223 [pool-1-thread-2] DEBUG com.mnc.udp.UDPServer - UDP-Server: Message-95-8 -> Message-95-8 (/127.0.0.1:49520)
21:20:57.223 [pool-1-thread-3] DEBUG com.mnc.udp.UDPServer - UDP-Server: Message-21-0
21:20:57.223 [pool-1-thread-3] DEBUG com.mnc.udp.UDPServer - UDP-Server: Message-21-0 -> Message-21-0 (/127.0.0.1:49446)
21:20:57.223 [pool-1-thread-3] DEBUG com.mnc.udp.UDPServer - UDP-Server: Message-49-81
21:20:57.223 [pool-1-thread-3] DEBUG com.mnc.udp.UDPServer - UDP-Server: Message-49-81 -> Message-49-81 (/127.0.0.1:49474)
21:20:57.223 [pool-1-thread-5] DEBUG com.mnc.udp.UDPServer - UDP-Server: Message-95-71
21:20:57.223 [pool-1-thread-2] DEBUG com.mnc.udp.UDPServer - UDP-Server: Message-21-90
21:20:57.223 [pool-1-thread-4] DEBUG com.mnc.udp.UDPServer - UDP-Server: Message-29-2
21:20:57.223 [pool-1-thread-5] DEBUG com.mnc.udp.UDPServer - UDP-Server: Message-95-71 -> Message-95-71 (/127.0.0.1:49520)
21:20:57.223 [pool-1-thread-4] DEBUG com.mnc.udp.UDPServer - UDP-Server: Message-29-2 -> Message-29-2 (/127.0.0.1:49454)
21:20:57.223 [pool-1-thread-2] DEBUG com.mnc.udp.UDPServer - UDP-Server: Message-21-90 -> Message-21-90 (/127.0.0.1:49446)
21:20:57.223 [pool-1-thread-1] DEBUG com.mnc.udp.UDPServer - UDP-Server: Message-49-66
21:20:57.223 [pool-1-thread-1] DEBUG com.mnc.udp.UDPServer - UDP-Server: Message-49-66 -> Message-49-66 (/127.0.0.1:49474)
21:20:57.223 [pool-1-thread-1] DEBUG com.mnc.udp.UDPServer - UDP-Server: Message-95-72
21:20:57.223 [pool-1-thread-1] DEBUG com.mnc.udp.UDPServer - UDP-Server: Message-95-72 -> Message-95-72 (/127.0.0.1:49520)
21:20:57.223 [pool-1-thread-5] DEBUG com.mnc.udp.UDPServer - UDP-Server: Message-29-0
21:20:57.223 [pool-1-thread-5] DEBUG com.mnc.udp.UDPServer - UDP-Server: Message-29-0 -> Message-29-0 (/127.0.0.1:49454)
21:20:57.223 [pool-1-thread-1] DEBUG com.mnc.udp.UDPServer - UDP-Server: Message-21-91
21:20:57.223 [pool-1-thread-1] DEBUG com.mnc.udp.UDPServer - UDP-Server: Message-21-91 -> Message-21-91 (/127.0.0.1:49446)
21:20:57.223 [pool-1-thread-2] DEBUG com.mnc.udp.UDPServer - UDP-Server: Message-49-67
21:20:57.223 [pool-1-thread-2] DEBUG com.mnc.udp.UDPServer - UDP-Server: Message-49-67 -> Message-49-67 (/127.0.0.1:49474)
21:20:57.223 [pool-1-thread-1] DEBUG com.mnc.udp.UDPServer - UDP-Server: Message-95-73
21:20:57.223 [pool-1-thread-1] DEBUG com.mnc.udp.UDPServer - UDP-Server: Message-95-73 -> Message-95-73 (/127.0.0.1:49520)
21:20:57.223 [pool-1-thread-4] DEBUG com.mnc.udp.UDPServer - UDP-Server: Message-21-92
21:20:57.223 [pool-1-thread-4] DEBUG com.mnc.udp.UDPServer - UDP-Server: Message-21-92 -> Message-21-92 (/127.0.0.1:49446)
21:20:57.223 [pool-1-thread-5] DEBUG com.mnc.udp.UDPServer - UDP-Server: Message-49-48
21:20:57.224 [pool-1-thread-5] DEBUG com.mnc.udp.UDPServer - UDP-Server: Message-49-48 -> Message-49-48 (/127.0.0.1:49474)
21:20:57.224 [pool-1-thread-1] DEBUG com.mnc.udp.UDPServer - UDP-Server: Message-21-88
21:20:57.224 [pool-1-thread-2] DEBUG com.mnc.udp.UDPServer - UDP-Server: Message-95-74
21:20:57.224 [pool-1-thread-1] DEBUG com.mnc.udp.UDPServer - UDP-Server: Message-21-88 -> Message-21-88 (/127.0.0.1:49446)
21:20:57.224 [pool-1-thread-2] DEBUG com.mnc.udp.UDPServer - UDP-Server: Message-95-74 -> Message-95-74 (/127.0.0.1:49520)
21:20:57.224 [pool-1-thread-3] DEBUG com.mnc.udp.UDPServer - UDP-Server: Message-87-32
21:20:57.224 [pool-1-thread-3] DEBUG com.mnc.udp.UDPServer - UDP-Server: Message-87-32 -> Message-87-32 (/127.0.0.1:49512)
21:20:57.224 [pool-1-thread-3] DEBUG com.mnc.udp.UDPServer - UDP-Server: Message-49-49
21:20:57.224 [pool-1-thread-3] DEBUG com.mnc.udp.UDPServer - UDP-Server: Message-49-49 -> Message-49-49 (/127.0.0.1:49474)
21:20:57.224 [pool-1-thread-5] DEBUG com.mnc.udp.UDPServer - UDP-Server: Message-21-89
21:20:57.224 [pool-1-thread-3] DEBUG com.mnc.udp.UDPServer - UDP-Server: Message-95-57
21:20:57.224 [pool-1-thread-5] DEBUG com.mnc.udp.UDPServer - UDP-Server: Message-21-89 -> Message-21-89 (/127.0.0.1:49446)
21:20:57.224 [pool-1-thread-3] DEBUG com.mnc.udp.UDPServer - UDP-Server: Message-95-57 -> Message-95-57 (/127.0.0.1:49520)
21:20:57.224 [pool-1-thread-5] DEBUG com.mnc.udp.UDPServer - UDP-Server: Message-49-46
21:20:57.224 [pool-1-thread-2] DEBUG com.mnc.udp.UDPServer - UDP-Server: Message-87-33
21:20:57.224 [pool-1-thread-5] DEBUG com.mnc.udp.UDPServer - UDP-Server: Message-49-46 -> Message-49-46 (/127.0.0.1:49474)
21:20:57.224 [pool-1-thread-2] DEBUG com.mnc.udp.UDPServer - UDP-Server: Message-87-33 -> Message-87-33 (/127.0.0.1:49512)
21:20:57.224 [pool-1-thread-1] DEBUG com.mnc.udp.UDPServer - UDP-Server: Message-21-87
21:20:57.224 [pool-1-thread-5] DEBUG com.mnc.udp.UDPServer - UDP-Server: Message-95-58
21:20:57.224 [pool-1-thread-5] DEBUG com.mnc.udp.UDPServer - UDP-Server: Message-95-58 -> Message-95-58 (/127.0.0.1:49520)
21:20:57.224 [pool-1-thread-1] DEBUG com.mnc.udp.UDPServer - UDP-Server: Message-21-87 -> Message-21-87 (/127.0.0.1:49446)
21:20:57.224 [pool-1-thread-1] DEBUG com.mnc.udp.UDPServer - UDP-Server: Message-49-47
21:20:57.224 [pool-1-thread-1] DEBUG com.mnc.udp.UDPServer - UDP-Server: Message-49-47 -> Message-49-47 (/127.0.0.1:49474)
21:20:57.224 [pool-1-thread-4] DEBUG com.mnc.udp.UDPServer - UDP-Server: Message-87-31
21:20:57.224 [pool-1-thread-4] DEBUG com.mnc.udp.UDPServer - UDP-Server: Message-87-31 -> Message-87-31 (/127.0.0.1:49512)
21:20:57.224 [pool-1-thread-4] DEBUG com.mnc.udp.UDPServer - UDP-Server: Message-21-96
21:20:57.224 [pool-1-thread-2] DEBUG com.mnc.udp.UDPServer - UDP-Server: Message-95-15
21:20:57.224 [pool-1-thread-4] DEBUG com.mnc.udp.UDPServer - UDP-Server: Message-21-96 -> Message-21-96 (/127.0.0.1:49446)
21:20:57.224 [pool-1-thread-3] DEBUG com.mnc.udp.UDPServer - UDP-Server: Message-49-40
21:20:57.224 [pool-1-thread-1] DEBUG com.mnc.udp.UDPServer - UDP-Server: Message-87-35
21:20:57.224 [pool-1-thread-1] DEBUG com.mnc.udp.UDPServer - UDP-Server: Message-87-35 -> Message-87-35 (/127.0.0.1:49512)
21:20:57.224 [pool-1-thread-2] DEBUG com.mnc.udp.UDPServer - UDP-Server: Message-95-15 -> Message-95-15 (/127.0.0.1:49520)
21:20:57.224 [pool-1-thread-3] DEBUG com.mnc.udp.UDPServer - UDP-Server: Message-49-40 -> Message-49-40 (/127.0.0.1:49474)
21:20:57.224 [pool-1-thread-2] DEBUG com.mnc.udp.UDPServer - UDP-Server: Message-21-97
21:20:57.224 [pool-1-thread-2] DEBUG com.mnc.udp.UDPServer - UDP-Server: Message-21-97 -> Message-21-97 (/127.0.0.1:49446)
21:20:57.224 [pool-1-thread-4] DEBUG com.mnc.udp.UDPServer - UDP-Server: Message-87-36
21:20:57.224 [pool-1-thread-4] DEBUG com.mnc.udp.UDPServer - UDP-Server: Message-87-36 -> Message-87-36 (/127.0.0.1:49512)
21:20:57.224 [pool-1-thread-5] DEBUG com.mnc.udp.UDPServer - UDP-Server: Message-49-41
21:20:57.224 [pool-1-thread-3] DEBUG com.mnc.udp.UDPServer - UDP-Server: Message-21-98
21:20:57.224 [pool-1-thread-5] DEBUG com.mnc.udp.UDPServer - UDP-Server: Message-49-41 -> Message-49-41 (/127.0.0.1:49474)
21:20:57.224 [pool-1-thread-1] DEBUG com.mnc.udp.UDPServer - UDP-Server: Message-95-16
21:20:57.224 [pool-1-thread-3] DEBUG com.mnc.udp.UDPServer - UDP-Server: Message-21-98 -> Message-21-98 (/127.0.0.1:49446)
21:20:57.224 [pool-1-thread-1] DEBUG com.mnc.udp.UDPServer - UDP-Server: Message-95-16 -> Message-95-16 (/127.0.0.1:49520)
21:20:57.224 [pool-1-thread-3] DEBUG com.mnc.udp.UDPServer - UDP-Server: Message-87-34
21:20:57.224 [pool-1-thread-3] DEBUG com.mnc.udp.UDPServer - UDP-Server: Message-87-34 -> Message-87-34 (/127.0.0.1:49512)
21:20:57.224 [pool-1-thread-4] DEBUG com.mnc.udp.UDPServer - UDP-Server: Message-49-42
21:20:57.224 [pool-1-thread-4] DEBUG com.mnc.udp.UDPServer - UDP-Server: Message-49-42 -> Message-49-42 (/127.0.0.1:49474)
21:20:57.224 [pool-1-thread-4] DEBUG com.mnc.udp.UDPServer - UDP-Server: Message-21-99
21:20:57.224 [pool-1-thread-4] DEBUG com.mnc.udp.UDPServer - UDP-Server: Message-21-99 -> Message-21-99 (/127.0.0.1:49446)
21:20:57.224 [pool-1-thread-2] DEBUG com.mnc.udp.UDPServer - UDP-Server: Message-95-17
21:20:57.224 [pool-1-thread-1] DEBUG com.mnc.udp.UDPServer - UDP-Server: Message-87-28
21:20:57.224 [pool-1-thread-2] DEBUG com.mnc.udp.UDPServer - UDP-Server: Message-95-17 -> Message-95-17 (/127.0.0.1:49520)
21:20:57.224 [pool-1-thread-1] DEBUG com.mnc.udp.UDPServer - UDP-Server: Message-87-28 -> Message-87-28 (/127.0.0.1:49512)
21:20:57.224 [pool-1-thread-3] DEBUG com.mnc.udp.UDPServer - UDP-Server: Message-49-85
21:20:57.224 [pool-1-thread-3] DEBUG com.mnc.udp.UDPServer - UDP-Server: Message-49-85 -> Message-49-85 (/127.0.0.1:49474)
21:20:57.224 [pool-1-thread-5] DEBUG com.mnc.udp.UDPServer - UDP-Server: Message-21-94
21:20:57.224 [pool-1-thread-4] DEBUG com.mnc.udp.UDPServer - UDP-Server: Message-95-13
21:20:57.224 [pool-1-thread-4] DEBUG com.mnc.udp.UDPServer - UDP-Server: Message-95-13 -> Message-95-13 (/127.0.0.1:49520)
21:20:57.224 [pool-1-thread-1] DEBUG com.mnc.udp.UDPServer - UDP-Server: Message-49-15
21:20:57.224 [pool-1-thread-5] DEBUG com.mnc.udp.UDPServer - UDP-Server: Message-21-94 -> Message-21-94 (/127.0.0.1:49446)
21:20:57.224 [pool-1-thread-2] DEBUG com.mnc.udp.UDPServer - UDP-Server: Message-87-29
21:20:57.224 [pool-1-thread-2] DEBUG com.mnc.udp.UDPServer - UDP-Server: Message-87-29 -> Message-87-29 (/127.0.0.1:49512)
21:20:57.224 [pool-1-thread-1] DEBUG com.mnc.udp.UDPServer - UDP-Server: Message-49-15 -> Message-49-15 (/127.0.0.1:49474)
21:20:57.224 [pool-1-thread-3] DEBUG com.mnc.udp.UDPServer - UDP-Server: Message-95-14
21:20:57.225 [pool-1-thread-3] DEBUG com.mnc.udp.UDPServer - UDP-Server: Message-95-14 -> Message-95-14 (/127.0.0.1:49520)
21:20:57.225 [pool-1-thread-4] DEBUG com.mnc.udp.UDPServer - UDP-Server: Message-21-95
21:20:57.225 [pool-1-thread-4] DEBUG com.mnc.udp.UDPServer - UDP-Server: Message-21-95 -> Message-21-95 (/127.0.0.1:49446)
21:20:57.225 [pool-1-thread-3] DEBUG com.mnc.udp.UDPServer - UDP-Server: Message-49-86
21:20:57.225 [pool-1-thread-5] DEBUG com.mnc.udp.UDPServer - UDP-Server: Message-87-30
21:20:57.225 [pool-1-thread-3] DEBUG com.mnc.udp.UDPServer - UDP-Server: Message-49-86 -> Message-49-86 (/127.0.0.1:49474)
21:20:57.225 [pool-1-thread-5] DEBUG com.mnc.udp.UDPServer - UDP-Server: Message-87-30 -> Message-87-30 (/127.0.0.1:49512)
21:20:57.225 [pool-1-thread-3] DEBUG com.mnc.udp.UDPServer - UDP-Server: Message-95-56
21:20:57.225 [pool-1-thread-3] DEBUG com.mnc.udp.UDPServer - UDP-Server: Message-95-56 -> Message-95-56 (/127.0.0.1:49520)
21:20:57.225 [pool-1-thread-1] DEBUG com.mnc.udp.UDPServer - UDP-Server: Message-21-93
21:20:57.225 [pool-1-thread-1] DEBUG com.mnc.udp.UDPServer - UDP-Server: Message-21-93 -> Message-21-93 (/127.0.0.1:49446)
21:20:57.225 [pool-1-thread-1] DEBUG com.mnc.udp.UDPServer - UDP-Server: Message-49-38
21:20:57.225 [pool-1-thread-5] DEBUG com.mnc.udp.UDPServer - UDP-Server: Message-87-26
21:20:57.225 [pool-1-thread-2] DEBUG com.mnc.udp.UDPServer - UDP-Server: Message-95-69
21:20:57.225 [pool-1-thread-1] DEBUG com.mnc.udp.UDPServer - UDP-Server: Message-49-38 -> Message-49-38 (/127.0.0.1:49474)
21:20:57.225 [pool-1-thread-5] DEBUG com.mnc.udp.UDPServer - UDP-Server: Message-87-26 -> Message-87-26 (/127.0.0.1:49512)
21:20:57.225 [pool-1-thread-2] DEBUG com.mnc.udp.UDPServer - UDP-Server: Message-95-69 -> Message-95-69 (/127.0.0.1:49520)
21:20:57.225 [pool-1-thread-3] DEBUG com.mnc.udp.UDPServer - UDP-Server: Message-21-82
21:20:57.225 [pool-1-thread-3] DEBUG com.mnc.udp.UDPServer - UDP-Server: Message-21-82 -> Message-21-82 (/127.0.0.1:49446)
21:20:57.225 [pool-1-thread-3] DEBUG com.mnc.udp.UDPServer - UDP-Server: Message-87-27
21:20:57.225 [pool-1-thread-3] DEBUG com.mnc.udp.UDPServer - UDP-Server: Message-87-27 -> Message-87-27 (/127.0.0.1:49512)
21:20:57.225 [pool-1-thread-1] DEBUG com.mnc.udp.UDPServer - UDP-Server: Message-49-39
21:20:57.225 [pool-1-thread-3] DEBUG com.mnc.udp.UDPServer - UDP-Server: Message-95-63
21:20:57.225 [pool-1-thread-5] DEBUG com.mnc.udp.UDPServer - UDP-Server: Message-21-83
21:20:57.225 [pool-1-thread-1] DEBUG com.mnc.udp.UDPServer - UDP-Server: Message-49-39 -> Message-49-39 (/127.0.0.1:49474)
21:20:57.225 [pool-1-thread-5] DEBUG com.mnc.udp.UDPServer - UDP-Server: Message-21-83 -> Message-21-83 (/127.0.0.1:49446)
21:20:57.225 [pool-1-thread-3] DEBUG com.mnc.udp.UDPServer - UDP-Server: Message-95-63 -> Message-95-63 (/127.0.0.1:49520)
21:20:57.225 [pool-1-thread-1] DEBUG com.mnc.udp.UDPServer - UDP-Server: Message-87-25
21:20:57.225 [pool-1-thread-1] DEBUG com.mnc.udp.UDPServer - UDP-Server: Message-87-25 -> Message-87-25 (/127.0.0.1:49512)
21:20:57.225 [pool-1-thread-2] DEBUG com.mnc.udp.UDPServer - UDP-Server: Message-49-37
21:20:57.225 [pool-1-thread-2] DEBUG com.mnc.udp.UDPServer - UDP-Server: Message-49-37 -> Message-49-37 (/127.0.0.1:49474)
21:20:57.225 [pool-1-thread-4] DEBUG com.mnc.udp.UDPServer - UDP-Server: Message-21-81
21:20:57.225 [pool-1-thread-5] DEBUG com.mnc.udp.UDPServer - UDP-Server: Message-95-64
21:20:57.225 [pool-1-thread-4] DEBUG com.mnc.udp.UDPServer - UDP-Server: Message-21-81 -> Message-21-81 (/127.0.0.1:49446)
21:20:57.225 [pool-1-thread-3] DEBUG com.mnc.udp.UDPServer - UDP-Server: Message-87-44
21:20:57.225 [pool-1-thread-5] DEBUG com.mnc.udp.UDPServer - UDP-Server: Message-95-64 -> Message-95-64 (/127.0.0.1:49520)
21:20:57.225 [pool-1-thread-3] DEBUG com.mnc.udp.UDPServer - UDP-Server: Message-87-44 -> Message-87-44 (/127.0.0.1:49512)
21:20:57.225 [pool-1-thread-1] DEBUG com.mnc.udp.UDPServer - UDP-Server: Message-49-84
21:20:57.225 [pool-1-thread-1] DEBUG com.mnc.udp.UDPServer - UDP-Server: Message-49-84 -> Message-49-84 (/127.0.0.1:49474)
21:20:57.225 [pool-1-thread-2] DEBUG com.mnc.udp.UDPServer - UDP-Server: Message-21-85
21:20:57.225 [pool-1-thread-2] DEBUG com.mnc.udp.UDPServer - UDP-Server: Message-21-85 -> Message-21-85 (/127.0.0.1:49446)
21:20:57.225 [pool-1-thread-4] DEBUG com.mnc.udp.UDPServer - UDP-Server: Message-95-62
21:20:57.225 [pool-1-thread-2] DEBUG com.mnc.udp.UDPServer - UDP-Server: Message-49-16
21:20:57.225 [pool-1-thread-4] DEBUG com.mnc.udp.UDPServer - UDP-Server: Message-95-62 -> Message-95-62 (/127.0.0.1:49520)
21:20:57.225 [pool-1-thread-2] DEBUG com.mnc.udp.UDPServer - UDP-Server: Message-49-16 -> Message-49-16 (/127.0.0.1:49474)
21:20:57.225 [pool-1-thread-5] DEBUG com.mnc.udp.UDPServer - UDP-Server: Message-87-45
21:20:57.225 [pool-1-thread-5] DEBUG com.mnc.udp.UDPServer - UDP-Server: Message-87-45 -> Message-87-45 (/127.0.0.1:49512)
21:20:57.225 [pool-1-thread-5] DEBUG com.mnc.udp.UDPServer - UDP-Server: Message-21-86
21:20:57.225 [pool-1-thread-5] DEBUG com.mnc.udp.UDPServer - UDP-Server: Message-21-86 -> Message-21-86 (/127.0.0.1:49446)
21:20:57.225 [pool-1-thread-5] DEBUG com.mnc.udp.UDPServer - UDP-Server: Message-95-66
21:20:57.225 [pool-1-thread-5] DEBUG com.mnc.udp.UDPServer - UDP-Server: Message-95-66 -> Message-95-66 (/127.0.0.1:49520)
21:20:57.225 [pool-1-thread-2] DEBUG com.mnc.udp.UDPServer - UDP-Server: Message-87-43
21:20:57.225 [pool-1-thread-2] DEBUG com.mnc.udp.UDPServer - UDP-Server: Message-87-43 -> Message-87-43 (/127.0.0.1:49512)
21:20:57.225 [pool-1-thread-4] DEBUG com.mnc.udp.UDPServer - UDP-Server: Message-49-17
21:20:57.225 [pool-1-thread-1] DEBUG com.mnc.udp.UDPServer - UDP-Server: Message-21-84
21:20:57.225 [pool-1-thread-4] DEBUG com.mnc.udp.UDPServer - UDP-Server: Message-49-17 -> Message-49-17 (/127.0.0.1:49474)
21:20:57.225 [pool-1-thread-1] DEBUG com.mnc.udp.UDPServer - UDP-Server: Message-21-84 -> Message-21-84 (/127.0.0.1:49446)
21:20:57.225 [pool-1-thread-1] DEBUG com.mnc.udp.UDPServer - UDP-Server: Message-95-67
21:20:57.225 [pool-1-thread-1] DEBUG com.mnc.udp.UDPServer - UDP-Server: Message-95-67 -> Message-95-67 (/127.0.0.1:49520)
21:20:57.225 [pool-1-thread-5] DEBUG com.mnc.udp.UDPServer - UDP-Server: Message-87-90
21:20:57.225 [pool-1-thread-5] DEBUG com.mnc.udp.UDPServer - UDP-Server: Message-87-90 -> Message-87-90 (/127.0.0.1:49512)
21:20:57.225 [pool-1-thread-2] DEBUG com.mnc.udp.UDPServer - UDP-Server: Message-49-78
21:20:57.225 [pool-1-thread-2] DEBUG com.mnc.udp.UDPServer - UDP-Server: Message-49-78 -> Message-49-78 (/127.0.0.1:49474)
21:20:57.225 [pool-1-thread-1] DEBUG com.mnc.udp.UDPServer - UDP-Server: Message-21-78
21:20:57.225 [pool-1-thread-1] DEBUG com.mnc.udp.UDPServer - UDP-Server: Message-21-78 -> Message-21-78 (/127.0.0.1:49446)
21:20:57.225 [pool-1-thread-4] DEBUG com.mnc.udp.UDPServer - UDP-Server: Message-46-32
21:20:57.225 [pool-1-thread-1] DEBUG com.mnc.udp.UDPServer - UDP-Server: Message-95-6
21:20:57.225 [pool-1-thread-4] DEBUG com.mnc.udp.UDPServer - UDP-Server: Message-46-32 -> Message-46-32 (/127.0.0.1:49471)
21:20:57.226 [pool-1-thread-1] DEBUG com.mnc.udp.UDPServer - UDP-Server: Message-95-6 -> Message-95-6 (/127.0.0.1:49520)
21:20:57.226 [pool-1-thread-3] DEBUG com.mnc.udp.UDPServer - UDP-Server: Message-87-91
21:20:57.226 [pool-1-thread-5] DEBUG com.mnc.udp.UDPServer - UDP-Server: Message-49-79
21:20:57.226 [pool-1-thread-4] DEBUG com.mnc.udp.UDPServer - UDP-Server: Message-21-79
21:20:57.226 [pool-1-thread-5] DEBUG com.mnc.udp.UDPServer - UDP-Server: Message-49-79 -> Message-49-79 (/127.0.0.1:49474)
21:20:57.226 [pool-1-thread-3] DEBUG com.mnc.udp.UDPServer - UDP-Server: Message-87-91 -> Message-87-91 (/127.0.0.1:49512)
21:20:57.226 [pool-1-thread-4] DEBUG com.mnc.udp.UDPServer - UDP-Server: Message-21-79 -> Message-21-79 (/127.0.0.1:49446)
21:20:57.226 [pool-1-thread-3] DEBUG com.mnc.udp.UDPServer - UDP-Server: Message-95-10
21:20:57.226 [pool-1-thread-2] DEBUG com.mnc.udp.UDPServer - UDP-Server: Message-46-33
21:20:57.226 [pool-1-thread-2] DEBUG com.mnc.udp.UDPServer - UDP-Server: Message-46-33 -> Message-46-33 (/127.0.0.1:49471)
21:20:57.226 [pool-1-thread-3] DEBUG com.mnc.udp.UDPServer - UDP-Server: Message-95-10 -> Message-95-10 (/127.0.0.1:49520)
21:20:57.226 [pool-1-thread-5] DEBUG com.mnc.udp.UDPServer - UDP-Server: Message-49-80
21:20:57.226 [pool-1-thread-2] DEBUG com.mnc.udp.UDPServer - UDP-Server: Message-87-92
21:20:57.226 [pool-1-thread-5] DEBUG com.mnc.udp.UDPServer - UDP-Server: Message-49-80 -> Message-49-80 (/127.0.0.1:49474)
21:20:57.226 [pool-1-thread-4] DEBUG com.mnc.udp.UDPServer - UDP-Server: Message-21-80
21:20:57.226 [pool-1-thread-1] DEBUG com.mnc.udp.UDPServer - UDP-Server: Message-46-31
21:20:57.226 [pool-1-thread-5] DEBUG com.mnc.udp.UDPServer - UDP-Server: Message-95-11
21:20:57.226 [pool-1-thread-2] DEBUG com.mnc.udp.UDPServer - UDP-Server: Message-87-92 -> Message-87-92 (/127.0.0.1:49512)
21:20:57.226 [pool-1-thread-1] DEBUG com.mnc.udp.UDPServer - UDP-Server: Message-46-31 -> Message-46-31 (/127.0.0.1:49471)
21:20:57.226 [pool-1-thread-4] DEBUG com.mnc.udp.UDPServer - UDP-Server: Message-21-80 -> Message-21-80 (/127.0.0.1:49446)
21:20:57.226 [pool-1-thread-5] DEBUG com.mnc.udp.UDPServer - UDP-Server: Message-95-11 -> Message-95-11 (/127.0.0.1:49520)
21:20:57.226 [pool-1-thread-4] DEBUG com.mnc.udp.UDPServer - UDP-Server: Message-49-76
21:20:57.226 [pool-1-thread-4] DEBUG com.mnc.udp.UDPServer - UDP-Server: Message-49-76 -> Message-49-76 (/127.0.0.1:49474)
21:20:57.226 [pool-1-thread-4] DEBUG com.mnc.udp.UDPServer - UDP-Server: Message-87-48
21:20:57.226 [pool-1-thread-4] DEBUG com.mnc.udp.UDPServer - UDP-Server: Message-87-48 -> Message-87-48 (/127.0.0.1:49512)
21:20:57.226 [pool-1-thread-1] DEBUG com.mnc.udp.UDPServer - UDP-Server: Message-46-35
21:20:57.226 [pool-1-thread-1] DEBUG com.mnc.udp.UDPServer - UDP-Server: Message-46-35 -> Message-46-35 (/127.0.0.1:49471)
21:20:57.226 [pool-1-thread-4] DEBUG com.mnc.udp.UDPServer - UDP-Server: Message-95-9
21:20:57.226 [pool-1-thread-3] DEBUG com.mnc.udp.UDPServer - UDP-Server: Message-21-76
21:20:57.226 [pool-1-thread-4] DEBUG com.mnc.udp.UDPServer - UDP-Server: Message-95-9 -> Message-95-9 (/127.0.0.1:49520)
21:20:57.226 [pool-1-thread-1] DEBUG com.mnc.udp.UDPServer - UDP-Server: Message-49-77
21:20:57.226 [pool-1-thread-1] DEBUG com.mnc.udp.UDPServer - UDP-Server: Message-49-77 -> Message-49-77 (/127.0.0.1:49474)
21:20:57.226 [pool-1-thread-4] DEBUG com.mnc.udp.UDPServer - UDP-Server: Message-87-49
21:20:57.226 [pool-1-thread-4] DEBUG com.mnc.udp.UDPServer - UDP-Server: Message-87-49 -> Message-87-49 (/127.0.0.1:49512)
21:20:57.226 [pool-1-thread-2] DEBUG com.mnc.udp.UDPServer - UDP-Server: Message-46-36
21:20:57.226 [pool-1-thread-3] DEBUG com.mnc.udp.UDPServer - UDP-Server: Message-21-76 -> Message-21-76 (/127.0.0.1:49446)
21:20:57.226 [pool-1-thread-2] DEBUG com.mnc.udp.UDPServer - UDP-Server: Message-46-36 -> Message-46-36 (/127.0.0.1:49471)
21:20:57.226 [pool-1-thread-2] DEBUG com.mnc.udp.UDPServer - UDP-Server: Message-95-3
21:20:57.226 [pool-1-thread-2] DEBUG com.mnc.udp.UDPServer - UDP-Server: Message-95-3 -> Message-95-3 (/127.0.0.1:49520)
21:20:57.226 [pool-1-thread-1] DEBUG com.mnc.udp.UDPServer - UDP-Server: Message-49-13
21:20:57.226 [pool-1-thread-1] DEBUG com.mnc.udp.UDPServer - UDP-Server: Message-49-13 -> Message-49-13 (/127.0.0.1:49474)
21:20:57.226 [pool-1-thread-4] DEBUG com.mnc.udp.UDPServer - UDP-Server: Message-87-46
21:20:57.226 [pool-1-thread-2] DEBUG com.mnc.udp.UDPServer - UDP-Server: Message-21-77
21:20:57.226 [pool-1-thread-4] DEBUG com.mnc.udp.UDPServer - UDP-Server: Message-87-46 -> Message-87-46 (/127.0.0.1:49512)
21:20:57.226 [pool-1-thread-2] DEBUG com.mnc.udp.UDPServer - UDP-Server: Message-21-77 -> Message-21-77 (/127.0.0.1:49446)
21:20:57.226 [pool-1-thread-5] DEBUG com.mnc.udp.UDPServer - UDP-Server: Message-46-34
21:20:57.226 [pool-1-thread-5] DEBUG com.mnc.udp.UDPServer - UDP-Server: Message-46-34 -> Message-46-34 (/127.0.0.1:49471)
21:20:57.226 [pool-1-thread-3] DEBUG com.mnc.udp.UDPServer - UDP-Server: Message-95-98
21:20:57.226 [pool-1-thread-1] DEBUG com.mnc.udp.UDPServer - UDP-Server: Message-49-14
21:20:57.226 [pool-1-thread-3] DEBUG com.mnc.udp.UDPServer - UDP-Server: Message-95-98 -> Message-95-98 (/127.0.0.1:49520)
21:20:57.226 [pool-1-thread-1] DEBUG com.mnc.udp.UDPServer - UDP-Server: Message-49-14 -> Message-49-14 (/127.0.0.1:49474)
21:20:57.226 [pool-1-thread-2] DEBUG com.mnc.udp.UDPServer - UDP-Server: Message-21-75
21:20:57.226 [pool-1-thread-2] DEBUG com.mnc.udp.UDPServer - UDP-Server: Message-21-75 -> Message-21-75 (/127.0.0.1:49446)
21:20:57.226 [pool-1-thread-4] DEBUG com.mnc.udp.UDPServer - UDP-Server: Message-87-47
21:20:57.226 [pool-1-thread-4] DEBUG com.mnc.udp.UDPServer - UDP-Server: Message-87-47 -> Message-87-47 (/127.0.0.1:49512)
21:20:57.226 [pool-1-thread-2] DEBUG com.mnc.udp.UDPServer - UDP-Server: Message-46-28
21:20:57.226 [pool-1-thread-2] DEBUG com.mnc.udp.UDPServer - UDP-Server: Message-46-28 -> Message-46-28 (/127.0.0.1:49471)
21:20:57.226 [pool-1-thread-4] DEBUG com.mnc.udp.UDPServer - UDP-Server: Message-95-99
21:20:57.226 [pool-1-thread-1] DEBUG com.mnc.udp.UDPServer - UDP-Server: Message-49-12
21:20:57.226 [pool-1-thread-5] DEBUG com.mnc.udp.UDPServer - UDP-Server: Message-21-57
21:20:57.226 [pool-1-thread-4] DEBUG com.mnc.udp.UDPServer - UDP-Server: Message-95-99 -> Message-95-99 (/127.0.0.1:49520)
21:20:57.226 [pool-1-thread-2] DEBUG com.mnc.udp.UDPServer - UDP-Server: Message-46-29
21:20:57.226 [pool-1-thread-2] DEBUG com.mnc.udp.UDPServer - UDP-Server: Message-46-29 -> Message-46-29 (/127.0.0.1:49471)
21:20:57.226 [pool-1-thread-1] DEBUG com.mnc.udp.UDPServer - UDP-Server: Message-49-12 -> Message-49-12 (/127.0.0.1:49474)
21:20:57.226 [pool-1-thread-3] DEBUG com.mnc.udp.UDPServer - UDP-Server: Message-87-40
21:20:57.226 [pool-1-thread-5] DEBUG com.mnc.udp.UDPServer - UDP-Server: Message-21-57 -> Message-21-57 (/127.0.0.1:49446)
21:20:57.226 [pool-1-thread-3] DEBUG com.mnc.udp.UDPServer - UDP-Server: Message-87-40 -> Message-87-40 (/127.0.0.1:49512)
21:20:57.226 [pool-1-thread-4] DEBUG com.mnc.udp.UDPServer - UDP-Server: Message-95-4
21:20:57.226 [pool-1-thread-5] DEBUG com.mnc.udp.UDPServer - UDP-Server: Message-46-30
21:20:57.226 [pool-1-thread-4] DEBUG com.mnc.udp.UDPServer - UDP-Server: Message-95-4 -> Message-95-4 (/127.0.0.1:49520)
21:20:57.226 [pool-1-thread-5] DEBUG com.mnc.udp.UDPServer - UDP-Server: Message-46-30 -> Message-46-30 (/127.0.0.1:49471)
21:20:57.226 [pool-1-thread-1] DEBUG com.mnc.udp.UDPServer - UDP-Server: Message-49-21
21:20:57.226 [pool-1-thread-1] DEBUG com.mnc.udp.UDPServer - UDP-Server: Message-49-21 -> Message-49-21 (/127.0.0.1:49474)
21:20:57.226 [pool-1-thread-2] DEBUG com.mnc.udp.UDPServer - UDP-Server: Message-21-58
21:20:57.226 [pool-1-thread-2] DEBUG com.mnc.udp.UDPServer - UDP-Server: Message-21-58 -> Message-21-58 (/127.0.0.1:49446)
21:20:57.226 [pool-1-thread-1] DEBUG com.mnc.udp.UDPServer - UDP-Server: Message-87-41
21:20:57.227 [pool-1-thread-1] DEBUG com.mnc.udp.UDPServer - UDP-Server: Message-87-41 -> Message-87-41 (/127.0.0.1:49512)
21:20:57.227 [pool-1-thread-5] DEBUG com.mnc.udp.UDPServer - UDP-Server: Message-46-26
21:20:57.227 [pool-1-thread-5] DEBUG com.mnc.udp.UDPServer - UDP-Server: Message-46-26 -> Message-46-26 (/127.0.0.1:49471)
21:20:57.227 [pool-1-thread-4] DEBUG com.mnc.udp.UDPServer - UDP-Server: Message-95-5
21:20:57.227 [pool-1-thread-3] DEBUG com.mnc.udp.UDPServer - UDP-Server: Message-49-22
21:20:57.227 [pool-1-thread-4] DEBUG com.mnc.udp.UDPServer - UDP-Server: Message-95-5 -> Message-95-5 (/127.0.0.1:49520)
21:20:57.227 [pool-1-thread-2] DEBUG com.mnc.udp.UDPServer - UDP-Server: Message-21-56
21:20:57.227 [pool-1-thread-2] DEBUG com.mnc.udp.UDPServer - UDP-Server: Message-21-56 -> Message-21-56 (/127.0.0.1:49446)
21:20:57.227 [pool-1-thread-3] DEBUG com.mnc.udp.UDPServer - UDP-Server: Message-49-22 -> Message-49-22 (/127.0.0.1:49474)
21:20:57.227 [pool-1-thread-1] DEBUG com.mnc.udp.UDPServer - UDP-Server: Message-87-88
21:20:57.227 [pool-1-thread-2] DEBUG com.mnc.udp.UDPServer - UDP-Server: Message-46-27
21:20:57.227 [pool-1-thread-1] DEBUG com.mnc.udp.UDPServer - UDP-Server: Message-87-88 -> Message-87-88 (/127.0.0.1:49512)
21:20:57.227 [pool-1-thread-2] DEBUG com.mnc.udp.UDPServer - UDP-Server: Message-46-27 -> Message-46-27 (/127.0.0.1:49471)
21:20:57.227 [pool-1-thread-5] DEBUG com.mnc.udp.UDPServer - UDP-Server: Message-21-60
21:20:57.227 [pool-1-thread-3] DEBUG com.mnc.udp.UDPServer - UDP-Server: Message-49-23
21:20:57.227 [pool-1-thread-4] DEBUG com.mnc.udp.UDPServer - UDP-Server: Message-95-1
21:20:57.227 [pool-1-thread-5] DEBUG com.mnc.udp.UDPServer - UDP-Server: Message-21-60 -> Message-21-60 (/127.0.0.1:49446)
21:20:57.227 [pool-1-thread-1] DEBUG com.mnc.udp.UDPServer - UDP-Server: Message-87-89
21:20:57.227 [pool-1-thread-5] DEBUG com.mnc.udp.UDPServer - UDP-Server: Message-46-25
21:20:57.227 [pool-1-thread-1] DEBUG com.mnc.udp.UDPServer - UDP-Server: Message-87-89 -> Message-87-89 (/127.0.0.1:49512)
21:20:57.227 [pool-1-thread-5] DEBUG com.mnc.udp.UDPServer - UDP-Server: Message-46-25 -> Message-46-25 (/127.0.0.1:49471)
21:20:57.227 [pool-1-thread-3] DEBUG com.mnc.udp.UDPServer - UDP-Server: Message-49-23 -> Message-49-23 (/127.0.0.1:49474)
21:20:57.227 [pool-1-thread-4] DEBUG com.mnc.udp.UDPServer - UDP-Server: Message-95-1 -> Message-95-1 (/127.0.0.1:49520)
21:20:57.227 [pool-1-thread-3] DEBUG com.mnc.udp.UDPServer - UDP-Server: Message-21-61
21:20:57.227 [pool-1-thread-3] DEBUG com.mnc.udp.UDPServer - UDP-Server: Message-21-61 -> Message-21-61 (/127.0.0.1:49446)
21:20:57.227 [pool-1-thread-3] DEBUG com.mnc.udp.UDPServer - UDP-Server: Message-46-44
21:20:57.227 [pool-1-thread-3] DEBUG com.mnc.udp.UDPServer - UDP-Server: Message-46-44 -> Message-46-44 (/127.0.0.1:49471)
21:20:57.227 [pool-1-thread-5] DEBUG com.mnc.udp.UDPServer - UDP-Server: Message-87-87
21:20:57.227 [pool-1-thread-3] DEBUG com.mnc.udp.UDPServer - UDP-Server: Message-49-24
21:20:57.227 [pool-1-thread-4] DEBUG com.mnc.udp.UDPServer - UDP-Server: Message-21-59
21:20:57.227 [pool-1-thread-2] DEBUG com.mnc.udp.UDPServer - UDP-Server: Message-95-2
21:20:57.227 [pool-1-thread-4] DEBUG com.mnc.udp.UDPServer - UDP-Server: Message-21-59 -> Message-21-59 (/127.0.0.1:49446)
21:20:57.227 [pool-1-thread-5] DEBUG com.mnc.udp.UDPServer - UDP-Server: Message-87-87 -> Message-87-87 (/127.0.0.1:49512)
21:20:57.227 [pool-1-thread-4] DEBUG com.mnc.udp.UDPServer - UDP-Server: Message-46-45
21:20:57.227 [pool-1-thread-3] DEBUG com.mnc.udp.UDPServer - UDP-Server: Message-49-24 -> Message-49-24 (/127.0.0.1:49474)
21:20:57.227 [pool-1-thread-2] DEBUG com.mnc.udp.UDPServer - UDP-Server: Message-95-2 -> Message-95-2 (/127.0.0.1:49520)
21:20:57.227 [pool-1-thread-4] DEBUG com.mnc.udp.UDPServer - UDP-Server: Message-46-45 -> Message-46-45 (/127.0.0.1:49471)
21:20:57.227 [pool-1-thread-2] DEBUG com.mnc.udp.UDPServer - UDP-Server: Message-21-53
21:20:57.227 [pool-1-thread-2] DEBUG com.mnc.udp.UDPServer - UDP-Server: Message-21-53 -> Message-21-53 (/127.0.0.1:49446)
21:20:57.227 [pool-1-thread-5] DEBUG com.mnc.udp.UDPServer - UDP-Server: Message-87-42
21:20:57.227 [pool-1-thread-2] DEBUG com.mnc.udp.UDPServer - UDP-Server: Message-49-19
21:20:57.227 [pool-1-thread-5] DEBUG com.mnc.udp.UDPServer - UDP-Server: Message-87-42 -> Message-87-42 (/127.0.0.1:49512)
21:20:57.227 [pool-1-thread-1] DEBUG com.mnc.udp.UDPServer - UDP-Server: Message-95-70
21:20:57.227 [pool-1-thread-4] DEBUG com.mnc.udp.UDPServer - UDP-Server: Message-46-43
21:20:57.227 [pool-1-thread-1] DEBUG com.mnc.udp.UDPServer - UDP-Server: Message-95-70 -> Message-95-70 (/127.0.0.1:49520)
21:20:57.227 [pool-1-thread-2] DEBUG com.mnc.udp.UDPServer - UDP-Server: Message-49-19 -> Message-49-19 (/127.0.0.1:49474)
21:20:57.227 [pool-1-thread-4] DEBUG com.mnc.udp.UDPServer - UDP-Server: Message-46-43 -> Message-46-43 (/127.0.0.1:49471)
21:20:57.227 [pool-1-thread-3] DEBUG com.mnc.udp.UDPServer - UDP-Server: Message-21-54
21:20:57.227 [pool-1-thread-3] DEBUG com.mnc.udp.UDPServer - UDP-Server: Message-21-54 -> Message-21-54 (/127.0.0.1:49446)
21:20:57.227 [pool-1-thread-5] DEBUG com.mnc.udp.UDPServer - UDP-Server: Message-87-96
21:20:57.227 [pool-1-thread-5] DEBUG com.mnc.udp.UDPServer - UDP-Server: Message-87-96 -> Message-87-96 (/127.0.0.1:49512)
21:20:57.227 [pool-1-thread-1] DEBUG com.mnc.udp.UDPServer - UDP-Server: Message-95-68
21:20:57.227 [pool-1-thread-2] DEBUG com.mnc.udp.UDPServer - UDP-Server: Message-49-20
21:20:57.227 [pool-1-thread-4] DEBUG com.mnc.udp.UDPServer - UDP-Server: Message-46-48
21:20:57.227 [pool-1-thread-2] DEBUG com.mnc.udp.UDPServer - UDP-Server: Message-49-20 -> Message-49-20 (/127.0.0.1:49474)
21:20:57.227 [pool-1-thread-1] DEBUG com.mnc.udp.UDPServer - UDP-Server: Message-95-68 -> Message-95-68 (/127.0.0.1:49520)
21:20:57.227 [pool-1-thread-3] DEBUG com.mnc.udp.UDPServer - UDP-Server: Message-21-55
21:20:57.227 [pool-1-thread-4] DEBUG com.mnc.udp.UDPServer - UDP-Server: Message-46-48 -> Message-46-48 (/127.0.0.1:49471)
21:20:57.227 [pool-1-thread-3] DEBUG com.mnc.udp.UDPServer - UDP-Server: Message-21-55 -> Message-21-55 (/127.0.0.1:49446)
21:20:57.227 [pool-1-thread-1] DEBUG com.mnc.udp.UDPServer - UDP-Server: Message-87-97
21:20:57.227 [pool-1-thread-3] DEBUG com.mnc.udp.UDPServer - UDP-Server: Message-49-18
21:20:57.227 [pool-1-thread-1] DEBUG com.mnc.udp.UDPServer - UDP-Server: Message-87-97 -> Message-87-97 (/127.0.0.1:49512)
21:20:57.227 [pool-1-thread-3] DEBUG com.mnc.udp.UDPServer - UDP-Server: Message-49-18 -> Message-49-18 (/127.0.0.1:49474)
21:20:57.227 [pool-1-thread-5] DEBUG com.mnc.udp.UDPServer - UDP-Server: Message-95-60
21:20:57.227 [pool-1-thread-5] DEBUG com.mnc.udp.UDPServer - UDP-Server: Message-95-60 -> Message-95-60 (/127.0.0.1:49520)
21:20:57.227 [pool-1-thread-4] DEBUG com.mnc.udp.UDPServer - UDP-Server: Message-46-90
21:20:57.227 [pool-1-thread-2] DEBUG com.mnc.udp.UDPServer - UDP-Server: Message-21-51
21:20:57.227 [pool-1-thread-4] DEBUG com.mnc.udp.UDPServer - UDP-Server: Message-46-90 -> Message-46-90 (/127.0.0.1:49471)
21:20:57.227 [pool-1-thread-2] DEBUG com.mnc.udp.UDPServer - UDP-Server: Message-21-51 -> Message-21-51 (/127.0.0.1:49446)
21:20:57.227 [pool-1-thread-1] DEBUG com.mnc.udp.UDPServer - UDP-Server: Message-87-38
21:20:57.227 [pool-1-thread-1] DEBUG com.mnc.udp.UDPServer - UDP-Server: Message-87-38 -> Message-87-38 (/127.0.0.1:49512)
21:20:57.227 [pool-1-thread-3] DEBUG com.mnc.udp.UDPServer - UDP-Server: Message-49-75
21:20:57.227 [pool-1-thread-1] DEBUG com.mnc.udp.UDPServer - UDP-Server: Message-95-61
21:20:57.227 [pool-1-thread-1] DEBUG com.mnc.udp.UDPServer - UDP-Server: Message-95-61 -> Message-95-61 (/127.0.0.1:49520)
21:20:57.227 [pool-1-thread-3] DEBUG com.mnc.udp.UDPServer - UDP-Server: Message-49-75 -> Message-49-75 (/127.0.0.1:49474)
21:20:57.227 [pool-1-thread-3] DEBUG com.mnc.udp.UDPServer - UDP-Server: Message-46-49
21:20:57.228 [pool-1-thread-2] DEBUG com.mnc.udp.UDPServer - UDP-Server: Message-21-52
21:20:57.228 [pool-1-thread-1] DEBUG com.mnc.udp.UDPServer - UDP-Server: Message-95-59
21:20:57.228 [pool-1-thread-3] DEBUG com.mnc.udp.UDPServer - UDP-Server: Message-46-49 -> Message-46-49 (/127.0.0.1:49471)
21:20:57.228 [pool-1-thread-5] DEBUG com.mnc.udp.UDPServer - UDP-Server: Message-87-39
21:20:57.228 [pool-1-thread-2] DEBUG com.mnc.udp.UDPServer - UDP-Server: Message-21-52 -> Message-21-52 (/127.0.0.1:49446)
21:20:57.228 [pool-1-thread-4] DEBUG com.mnc.udp.UDPServer - UDP-Server: Message-49-7
21:20:57.228 [pool-1-thread-1] DEBUG com.mnc.udp.UDPServer - UDP-Server: Message-95-59 -> Message-95-59 (/127.0.0.1:49520)
21:20:57.228 [pool-1-thread-5] DEBUG com.mnc.udp.UDPServer - UDP-Server: Message-87-39 -> Message-87-39 (/127.0.0.1:49512)
21:20:57.228 [pool-1-thread-4] DEBUG com.mnc.udp.UDPServer - UDP-Server: Message-49-7 -> Message-49-7 (/127.0.0.1:49474)
21:20:57.228 [pool-1-thread-1] DEBUG com.mnc.udp.UDPServer - UDP-Server: Message-46-46
21:20:57.228 [pool-1-thread-1] DEBUG com.mnc.udp.UDPServer - UDP-Server: Message-46-46 -> Message-46-46 (/127.0.0.1:49471)
21:20:57.228 [pool-1-thread-5] DEBUG com.mnc.udp.UDPServer - UDP-Server: Message-21-50
21:20:57.228 [pool-1-thread-5] DEBUG com.mnc.udp.UDPServer - UDP-Server: Message-21-50 -> Message-21-50 (/127.0.0.1:49446)
21:20:57.228 [pool-1-thread-3] DEBUG com.mnc.udp.UDPServer - UDP-Server: Message-95-12
21:20:57.228 [pool-1-thread-2] DEBUG com.mnc.udp.UDPServer - UDP-Server: Message-87-37
21:20:57.228 [pool-1-thread-1] DEBUG com.mnc.udp.UDPServer - UDP-Server: Message-49-8
21:20:57.228 [pool-1-thread-2] DEBUG com.mnc.udp.UDPServer - UDP-Server: Message-87-37 -> Message-87-37 (/127.0.0.1:49512)
21:20:57.228 [pool-1-thread-5] DEBUG com.mnc.udp.UDPServer - UDP-Server: Message-21-71
21:20:57.228 [pool-1-thread-5] DEBUG com.mnc.udp.UDPServer - UDP-Server: Message-21-71 -> Message-21-71 (/127.0.0.1:49446)
21:20:57.228 [pool-1-thread-3] DEBUG com.mnc.udp.UDPServer - UDP-Server: Message-95-12 -> Message-95-12 (/127.0.0.1:49520)
21:20:57.228 [pool-1-thread-1] DEBUG com.mnc.udp.UDPServer - UDP-Server: Message-49-8 -> Message-49-8 (/127.0.0.1:49474)
21:20:57.228 [pool-1-thread-4] DEBUG com.mnc.udp.UDPServer - UDP-Server: Message-46-47
21:20:57.228 [pool-1-thread-4] DEBUG com.mnc.udp.UDPServer - UDP-Server: Message-46-47 -> Message-46-47 (/127.0.0.1:49471)
21:20:57.228 [pool-1-thread-2] DEBUG com.mnc.udp.UDPServer - UDP-Server: Message-87-15
21:20:57.228 [pool-1-thread-4] DEBUG com.mnc.udp.UDPServer - UDP-Server: Message-21-72
21:20:57.228 [pool-1-thread-2] DEBUG com.mnc.udp.UDPServer - UDP-Server: Message-87-15 -> Message-87-15 (/127.0.0.1:49512)
21:20:57.228 [pool-1-thread-3] DEBUG com.mnc.udp.UDPServer - UDP-Server: Message-95-53
21:20:57.228 [pool-1-thread-4] DEBUG com.mnc.udp.UDPServer - UDP-Server: Message-21-72 -> Message-21-72 (/127.0.0.1:49446)
21:20:57.228 [pool-1-thread-3] DEBUG com.mnc.udp.UDPServer - UDP-Server: Message-95-53 -> Message-95-53 (/127.0.0.1:49520)
21:20:57.228 [pool-1-thread-1] DEBUG com.mnc.udp.UDPServer - UDP-Server: Message-49-6
21:20:57.228 [pool-1-thread-2] DEBUG com.mnc.udp.UDPServer - UDP-Server: Message-46-91
21:20:57.228 [pool-1-thread-1] DEBUG com.mnc.udp.UDPServer - UDP-Server: Message-49-6 -> Message-49-6 (/127.0.0.1:49474)
21:20:57.228 [pool-1-thread-2] DEBUG com.mnc.udp.UDPServer - UDP-Server: Message-46-91 -> Message-46-91 (/127.0.0.1:49471)
21:20:57.228 [pool-1-thread-5] DEBUG com.mnc.udp.UDPServer - UDP-Server: Message-87-16
21:20:57.228 [pool-1-thread-4] DEBUG com.mnc.udp.UDPServer - UDP-Server: Message-21-73
21:20:57.228 [pool-1-thread-3] DEBUG com.mnc.udp.UDPServer - UDP-Server: Message-95-54
21:20:57.228 [pool-1-thread-4] DEBUG com.mnc.udp.UDPServer - UDP-Server: Message-21-73 -> Message-21-73 (/127.0.0.1:49446)
21:20:57.228 [pool-1-thread-3] DEBUG com.mnc.udp.UDPServer - UDP-Server: Message-95-54 -> Message-95-54 (/127.0.0.1:49520)
21:20:57.228 [pool-1-thread-5] DEBUG com.mnc.udp.UDPServer - UDP-Server: Message-87-16 -> Message-87-16 (/127.0.0.1:49512)
21:20:57.228 [pool-1-thread-1] DEBUG com.mnc.udp.UDPServer - UDP-Server: Message-49-10
21:20:57.228 [pool-1-thread-4] DEBUG com.mnc.udp.UDPServer - UDP-Server: Message-46-92
21:20:57.228 [pool-1-thread-1] DEBUG com.mnc.udp.UDPServer - UDP-Server: Message-49-10 -> Message-49-10 (/127.0.0.1:49474)
21:20:57.228 [pool-1-thread-4] DEBUG com.mnc.udp.UDPServer - UDP-Server: Message-46-92 -> Message-46-92 (/127.0.0.1:49471)
21:20:57.228 [pool-1-thread-2] DEBUG com.mnc.udp.UDPServer - UDP-Server: Message-21-74
21:20:57.228 [pool-1-thread-2] DEBUG com.mnc.udp.UDPServer - UDP-Server: Message-21-74 -> Message-21-74 (/127.0.0.1:49446)
21:20:57.228 [pool-1-thread-5] DEBUG com.mnc.udp.UDPServer - UDP-Server: Message-87-17
21:20:57.228 [pool-1-thread-2] DEBUG com.mnc.udp.UDPServer - UDP-Server: Message-95-55
21:20:57.228 [pool-1-thread-1] DEBUG com.mnc.udp.UDPServer - UDP-Server: Message-49-11
21:20:57.228 [pool-1-thread-3] DEBUG com.mnc.udp.UDPServer - UDP-Server: Message-21-69
21:20:57.228 [pool-1-thread-5] DEBUG com.mnc.udp.UDPServer - UDP-Server: Message-87-17 -> Message-87-17 (/127.0.0.1:49512)
21:20:57.228 [pool-1-thread-3] DEBUG com.mnc.udp.UDPServer - UDP-Server: Message-21-69 -> Message-21-69 (/127.0.0.1:49446)
21:20:57.228 [pool-1-thread-4] DEBUG com.mnc.udp.UDPServer - UDP-Server: Message-46-40
21:20:57.228 [pool-1-thread-4] DEBUG com.mnc.udp.UDPServer - UDP-Server: Message-46-40 -> Message-46-40 (/127.0.0.1:49471)
21:20:57.228 [pool-1-thread-2] DEBUG com.mnc.udp.UDPServer - UDP-Server: Message-95-55 -> Message-95-55 (/127.0.0.1:49520)
21:20:57.228 [pool-1-thread-1] DEBUG com.mnc.udp.UDPServer - UDP-Server: Message-49-11 -> Message-49-11 (/127.0.0.1:49474)
21:20:57.228 [pool-1-thread-5] DEBUG com.mnc.udp.UDPServer - UDP-Server: Message-87-98
21:20:57.228 [pool-1-thread-3] DEBUG com.mnc.udp.UDPServer - UDP-Server: Message-21-70
21:20:57.228 [pool-1-thread-2] DEBUG com.mnc.udp.UDPServer - UDP-Server: Message-95-0
21:20:57.228 [pool-1-thread-4] DEBUG com.mnc.udp.UDPServer - UDP-Server: Message-46-41
21:20:57.228 [pool-1-thread-2] DEBUG com.mnc.udp.UDPServer - UDP-Server: Message-95-0 -> Message-95-0 (/127.0.0.1:49520)
21:20:57.228 [pool-1-thread-1] DEBUG com.mnc.udp.UDPServer - UDP-Server: Message-49-9
21:20:57.228 [pool-1-thread-5] DEBUG com.mnc.udp.UDPServer - UDP-Server: Message-87-98 -> Message-87-98 (/127.0.0.1:49512)
21:20:57.228 [pool-1-thread-3] DEBUG com.mnc.udp.UDPServer - UDP-Server: Message-21-70 -> Message-21-70 (/127.0.0.1:49446)
21:20:57.228 [pool-1-thread-4] DEBUG com.mnc.udp.UDPServer - UDP-Server: Message-46-41 -> Message-46-41 (/127.0.0.1:49471)
21:20:57.228 [pool-1-thread-1] DEBUG com.mnc.udp.UDPServer - UDP-Server: Message-49-9 -> Message-49-9 (/127.0.0.1:49474)
21:20:57.228 [pool-1-thread-4] DEBUG com.mnc.udp.UDPServer - UDP-Server: Message-95-19
21:20:57.229 [pool-1-thread-4] DEBUG com.mnc.udp.UDPServer - UDP-Server: Message-95-19 -> Message-95-19 (/127.0.0.1:49520)
21:20:57.229 [pool-1-thread-5] DEBUG com.mnc.udp.UDPServer - UDP-Server: Message-87-99
21:20:57.229 [pool-1-thread-1] DEBUG com.mnc.udp.UDPServer - UDP-Server: Message-46-88
21:20:57.229 [pool-1-thread-3] DEBUG com.mnc.udp.UDPServer - UDP-Server: Message-21-68
21:20:57.229 [pool-1-thread-2] DEBUG com.mnc.udp.UDPServer - UDP-Server: Message-49-3
21:20:57.229 [pool-1-thread-3] DEBUG com.mnc.udp.UDPServer - UDP-Server: Message-21-68 -> Message-21-68 (/127.0.0.1:49446)
21:20:57.229 [pool-1-thread-5] DEBUG com.mnc.udp.UDPServer - UDP-Server: Message-87-99 -> Message-87-99 (/127.0.0.1:49512)
21:20:57.229 [pool-1-thread-1] DEBUG com.mnc.udp.UDPServer - UDP-Server: Message-46-88 -> Message-46-88 (/127.0.0.1:49471)
21:20:57.229 [pool-1-thread-2] DEBUG com.mnc.udp.UDPServer - UDP-Server: Message-49-3 -> Message-49-3 (/127.0.0.1:49474)
21:20:57.229 [pool-1-thread-4] DEBUG com.mnc.udp.UDPServer - UDP-Server: Message-95-20
21:20:57.229 [pool-1-thread-4] DEBUG com.mnc.udp.UDPServer - UDP-Server: Message-95-20 -> Message-95-20 (/127.0.0.1:49520)
21:20:57.229 [pool-1-thread-3] DEBUG com.mnc.udp.UDPServer - UDP-Server: Message-21-63
21:20:57.229 [pool-1-thread-3] DEBUG com.mnc.udp.UDPServer - UDP-Server: Message-21-63 -> Message-21-63 (/127.0.0.1:49446)
21:20:57.229 [pool-1-thread-1] DEBUG com.mnc.udp.UDPServer - UDP-Server: Message-46-89
21:20:57.229 [pool-1-thread-2] DEBUG com.mnc.udp.UDPServer - UDP-Server: Message-49-4
21:20:57.229 [pool-1-thread-5] DEBUG com.mnc.udp.UDPServer - UDP-Server: Message-87-13
21:20:57.229 [pool-1-thread-1] DEBUG com.mnc.udp.UDPServer - UDP-Server: Message-46-89 -> Message-46-89 (/127.0.0.1:49471)
21:20:57.229 [pool-1-thread-2] DEBUG com.mnc.udp.UDPServer - UDP-Server: Message-49-4 -> Message-49-4 (/127.0.0.1:49474)
21:20:57.229 [pool-1-thread-4] DEBUG com.mnc.udp.UDPServer - UDP-Server: Message-95-18
21:20:57.229 [pool-1-thread-1] DEBUG com.mnc.udp.UDPServer - UDP-Server: Message-21-64
21:20:57.229 [pool-1-thread-5] DEBUG com.mnc.udp.UDPServer - UDP-Server: Message-87-13 -> Message-87-13 (/127.0.0.1:49512)
21:20:57.229 [pool-1-thread-1] DEBUG com.mnc.udp.UDPServer - UDP-Server: Message-21-64 -> Message-21-64 (/127.0.0.1:49446)
21:20:57.229 [pool-1-thread-4] DEBUG com.mnc.udp.UDPServer - UDP-Server: Message-95-18 -> Message-95-18 (/127.0.0.1:49520)
21:20:57.229 [pool-1-thread-4] DEBUG com.mnc.udp.UDPServer - UDP-Server: Message-46-87
21:20:57.229 [pool-1-thread-3] DEBUG com.mnc.udp.UDPServer - UDP-Server: Message-49-5
21:20:57.229 [pool-1-thread-4] DEBUG com.mnc.udp.UDPServer - UDP-Server: Message-46-87 -> Message-46-87 (/127.0.0.1:49471)
21:20:57.229 [pool-1-thread-5] DEBUG com.mnc.udp.UDPServer - UDP-Server: Message-87-14
21:20:57.229 [pool-1-thread-5] DEBUG com.mnc.udp.UDPServer - UDP-Server: Message-87-14 -> Message-87-14 (/127.0.0.1:49512)
21:20:57.229 [pool-1-thread-3] DEBUG com.mnc.udp.UDPServer - UDP-Server: Message-49-5 -> Message-49-5 (/127.0.0.1:49474)
21:20:57.229 [pool-1-thread-1] DEBUG com.mnc.udp.UDPServer - UDP-Server: Message-21-62
21:20:57.229 [pool-1-thread-2] DEBUG com.mnc.udp.UDPServer - UDP-Server: Message-95-94
21:20:57.229 [pool-1-thread-1] DEBUG com.mnc.udp.UDPServer - UDP-Server: Message-21-62 -> Message-21-62 (/127.0.0.1:49446)
21:20:57.229 [pool-1-thread-2] DEBUG com.mnc.udp.UDPServer - UDP-Server: Message-95-94 -> Message-95-94 (/127.0.0.1:49520)
21:20:57.229 [pool-1-thread-4] DEBUG com.mnc.udp.UDPServer - UDP-Server: Message-46-42
21:20:57.229 [pool-1-thread-5] DEBUG com.mnc.udp.UDPServer - UDP-Server: Message-87-57
21:20:57.229 [pool-1-thread-4] DEBUG com.mnc.udp.UDPServer - UDP-Server: Message-46-42 -> Message-46-42 (/127.0.0.1:49471)
21:20:57.229 [pool-1-thread-5] DEBUG com.mnc.udp.UDPServer - UDP-Server: Message-87-57 -> Message-87-57 (/127.0.0.1:49512)
21:20:57.229 [pool-1-thread-1] DEBUG com.mnc.udp.UDPServer - UDP-Server: Message-21-66
21:20:57.229 [pool-1-thread-3] DEBUG com.mnc.udp.UDPServer - UDP-Server: Message-49-1
21:20:57.229 [pool-1-thread-2] DEBUG com.mnc.udp.UDPServer - UDP-Server: Message-95-95
21:20:57.229 [pool-1-thread-3] DEBUG com.mnc.udp.UDPServer - UDP-Server: Message-49-1 -> Message-49-1 (/127.0.0.1:49474)
21:20:57.229 [pool-1-thread-1] DEBUG com.mnc.udp.UDPServer - UDP-Server: Message-21-66 -> Message-21-66 (/127.0.0.1:49446)
21:20:57.229 [pool-1-thread-2] DEBUG com.mnc.udp.UDPServer - UDP-Server: Message-95-95 -> Message-95-95 (/127.0.0.1:49520)
21:20:57.229 [pool-1-thread-4] DEBUG com.mnc.udp.UDPServer - UDP-Server: Message-46-96
21:20:57.229 [pool-1-thread-5] DEBUG com.mnc.udp.UDPServer - UDP-Server: Message-87-58
21:20:57.229 [pool-1-thread-5] DEBUG com.mnc.udp.UDPServer - UDP-Server: Message-87-58 -> Message-87-58 (/127.0.0.1:49512)
21:20:57.229 [pool-1-thread-3] DEBUG com.mnc.udp.UDPServer - UDP-Server: Message-49-2
21:20:57.229 [pool-1-thread-4] DEBUG com.mnc.udp.UDPServer - UDP-Server: Message-46-96 -> Message-46-96 (/127.0.0.1:49471)
21:20:57.229 [pool-1-thread-3] DEBUG com.mnc.udp.UDPServer - UDP-Server: Message-49-2 -> Message-49-2 (/127.0.0.1:49474)
21:20:57.229 [pool-1-thread-5] DEBUG com.mnc.udp.UDPServer - UDP-Server: Message-21-67
21:20:57.229 [pool-1-thread-2] DEBUG com.mnc.udp.UDPServer - UDP-Server: Message-95-93
21:20:57.229 [pool-1-thread-5] DEBUG com.mnc.udp.UDPServer - UDP-Server: Message-21-67 -> Message-21-67 (/127.0.0.1:49446)
21:20:57.229 [pool-1-thread-2] DEBUG com.mnc.udp.UDPServer - UDP-Server: Message-95-93 -> Message-95-93 (/127.0.0.1:49520)
21:20:57.229 [pool-1-thread-1] DEBUG com.mnc.udp.UDPServer - UDP-Server: Message-87-56
21:20:57.229 [pool-1-thread-4] DEBUG com.mnc.udp.UDPServer - UDP-Server: Message-46-97
21:20:57.229 [pool-1-thread-5] DEBUG com.mnc.udp.UDPServer - UDP-Server: Message-49-0
21:20:57.229 [pool-1-thread-1] DEBUG com.mnc.udp.UDPServer - UDP-Server: Message-87-56 -> Message-87-56 (/127.0.0.1:49512)
21:20:57.229 [pool-1-thread-4] DEBUG com.mnc.udp.UDPServer - UDP-Server: Message-46-97 -> Message-46-97 (/127.0.0.1:49471)
21:20:57.229 [pool-1-thread-5] DEBUG com.mnc.udp.UDPServer - UDP-Server: Message-49-0 -> Message-49-0 (/127.0.0.1:49474)
21:20:57.229 [pool-1-thread-1] DEBUG com.mnc.udp.UDPServer - UDP-Server: Message-95-23
21:20:57.229 [pool-1-thread-2] DEBUG com.mnc.udp.UDPServer - UDP-Server: Message-79-32
21:20:57.229 [pool-1-thread-1] DEBUG com.mnc.udp.UDPServer - UDP-Server: Message-95-23 -> Message-95-23 (/127.0.0.1:49520)
21:20:57.229 [pool-1-thread-2] DEBUG com.mnc.udp.UDPServer - UDP-Server: Message-79-32 -> Message-79-32 (/127.0.0.1:49504)
21:20:57.229 [pool-1-thread-3] DEBUG com.mnc.udp.UDPServer - UDP-Server: Message-87-12
21:20:57.230 [pool-1-thread-3] DEBUG com.mnc.udp.UDPServer - UDP-Server: Message-87-12 -> Message-87-12 (/127.0.0.1:49512)
21:20:57.230 [pool-1-thread-2] DEBUG com.mnc.udp.UDPServer - UDP-Server: Message-46-38
21:20:57.230 [pool-1-thread-2] DEBUG com.mnc.udp.UDPServer - UDP-Server: Message-46-38 -> Message-46-38 (/127.0.0.1:49471)
21:20:57.230 [pool-1-thread-3] DEBUG com.mnc.udp.UDPServer - UDP-Server: Message-79-33
21:20:57.230 [pool-1-thread-2] DEBUG com.mnc.udp.UDPServer - UDP-Server: Message-95-24
21:20:57.230 [pool-1-thread-2] DEBUG com.mnc.udp.UDPServer - UDP-Server: Message-95-24 -> Message-95-24 (/127.0.0.1:49520)
21:20:57.230 [pool-1-thread-3] DEBUG com.mnc.udp.UDPServer - UDP-Server: Message-79-33 -> Message-79-33 (/127.0.0.1:49504)
21:20:57.230 [pool-1-thread-2] DEBUG com.mnc.udp.UDPServer - UDP-Server: Message-46-39
21:20:57.230 [pool-1-thread-2] DEBUG com.mnc.udp.UDPServer - UDP-Server: Message-46-39 -> Message-46-39 (/127.0.0.1:49471)
21:20:57.230 [pool-1-thread-4] DEBUG com.mnc.udp.UDPServer - UDP-Server: Message-87-94
21:20:57.230 [pool-1-thread-2] DEBUG com.mnc.udp.UDPServer - UDP-Server: Message-79-31
21:20:57.230 [pool-1-thread-2] DEBUG com.mnc.udp.UDPServer - UDP-Server: Message-79-31 -> Message-79-31 (/127.0.0.1:49504)
21:20:57.230 [pool-1-thread-5] DEBUG com.mnc.udp.UDPServer - UDP-Server: Message-95-51
21:20:57.230 [pool-1-thread-4] DEBUG com.mnc.udp.UDPServer - UDP-Server: Message-87-94 -> Message-87-94 (/127.0.0.1:49512)
21:20:57.230 [pool-1-thread-5] DEBUG com.mnc.udp.UDPServer - UDP-Server: Message-95-51 -> Message-95-51 (/127.0.0.1:49520)
21:20:57.230 [pool-1-thread-4] DEBUG com.mnc.udp.UDPServer - UDP-Server: Message-46-98
21:20:57.230 [pool-1-thread-4] DEBUG com.mnc.udp.UDPServer - UDP-Server: Message-46-98 -> Message-46-98 (/127.0.0.1:49471)
21:20:57.230 [pool-1-thread-1] DEBUG com.mnc.udp.UDPServer - UDP-Server: Message-79-35
21:20:57.230 [pool-1-thread-1] DEBUG com.mnc.udp.UDPServer - UDP-Server: Message-79-35 -> Message-79-35 (/127.0.0.1:49504)
21:20:57.230 [pool-1-thread-2] DEBUG com.mnc.udp.UDPServer - UDP-Server: Message-87-95
21:20:57.230 [pool-1-thread-3] DEBUG com.mnc.udp.UDPServer - UDP-Server: Message-95-21
21:20:57.230 [pool-1-thread-2] DEBUG com.mnc.udp.UDPServer - UDP-Server: Message-87-95 -> Message-87-95 (/127.0.0.1:49512)
21:20:57.230 [pool-1-thread-3] DEBUG com.mnc.udp.UDPServer - UDP-Server: Message-95-21 -> Message-95-21 (/127.0.0.1:49520)
21:20:57.230 [pool-1-thread-1] DEBUG com.mnc.udp.UDPServer - UDP-Server: Message-46-99
21:20:57.230 [pool-1-thread-1] DEBUG com.mnc.udp.UDPServer - UDP-Server: Message-46-99 -> Message-46-99 (/127.0.0.1:49471)
21:20:57.230 [pool-1-thread-4] DEBUG com.mnc.udp.UDPServer - UDP-Server: Message-79-36
21:20:57.230 [pool-1-thread-5] DEBUG com.mnc.udp.UDPServer - UDP-Server: Message-87-93
21:20:57.230 [pool-1-thread-4] DEBUG com.mnc.udp.UDPServer - UDP-Server: Message-79-36 -> Message-79-36 (/127.0.0.1:49504)
21:20:57.230 [pool-1-thread-5] DEBUG com.mnc.udp.UDPServer - UDP-Server: Message-87-93 -> Message-87-93 (/127.0.0.1:49512)
21:20:57.230 [pool-1-thread-2] DEBUG com.mnc.udp.UDPServer - UDP-Server: Message-95-22
21:20:57.230 [pool-1-thread-4] DEBUG com.mnc.udp.UDPServer - UDP-Server: Message-46-94
21:20:57.230 [pool-1-thread-2] DEBUG com.mnc.udp.UDPServer - UDP-Server: Message-95-22 -> Message-95-22 (/127.0.0.1:49520)
21:20:57.230 [pool-1-thread-1] DEBUG com.mnc.udp.UDPServer - UDP-Server: Message-79-34
21:20:57.230 [pool-1-thread-2] DEBUG com.mnc.udp.UDPServer - UDP-Server: Message-87-71
21:20:57.230 [pool-1-thread-4] DEBUG com.mnc.udp.UDPServer - UDP-Server: Message-46-94 -> Message-46-94 (/127.0.0.1:49471)
21:20:57.230 [pool-1-thread-2] DEBUG com.mnc.udp.UDPServer - UDP-Server: Message-87-71 -> Message-87-71 (/127.0.0.1:49512)
21:20:57.230 [pool-1-thread-1] DEBUG com.mnc.udp.UDPServer - UDP-Server: Message-79-34 -> Message-79-34 (/127.0.0.1:49504)
21:20:57.230 [pool-1-thread-5] DEBUG com.mnc.udp.UDPServer - UDP-Server: Message-95-52
21:20:57.230 [pool-1-thread-5] DEBUG com.mnc.udp.UDPServer - UDP-Server: Message-95-52 -> Message-95-52 (/127.0.0.1:49520)
21:20:57.230 [pool-1-thread-5] DEBUG com.mnc.udp.UDPServer - UDP-Server: Message-46-95
21:20:57.230 [pool-1-thread-4] DEBUG com.mnc.udp.UDPServer - UDP-Server: Message-87-21
21:20:57.230 [pool-1-thread-5] DEBUG com.mnc.udp.UDPServer - UDP-Server: Message-46-95 -> Message-46-95 (/127.0.0.1:49471)
21:20:57.230 [pool-1-thread-2] DEBUG com.mnc.udp.UDPServer - UDP-Server: Message-79-28
21:20:57.230 [pool-1-thread-4] DEBUG com.mnc.udp.UDPServer - UDP-Server: Message-87-21 -> Message-87-21 (/127.0.0.1:49512)
21:20:57.230 [pool-1-thread-2] DEBUG com.mnc.udp.UDPServer - UDP-Server: Message-79-28 -> Message-79-28 (/127.0.0.1:49504)
21:20:57.230 [pool-1-thread-4] DEBUG com.mnc.udp.UDPServer - UDP-Server: Message-95-50
21:20:57.230 [pool-1-thread-4] DEBUG com.mnc.udp.UDPServer - UDP-Server: Message-95-50 -> Message-95-50 (/127.0.0.1:49520)
21:20:57.230 [pool-1-thread-4] DEBUG com.mnc.udp.UDPServer - UDP-Server: Message-46-93
21:20:57.230 [pool-1-thread-4] DEBUG com.mnc.udp.UDPServer - UDP-Server: Message-46-93 -> Message-46-93 (/127.0.0.1:49471)
21:20:57.230 [pool-1-thread-4] DEBUG com.mnc.udp.UDPServer - UDP-Server: Message-87-22
21:20:57.230 [pool-1-thread-5] DEBUG com.mnc.udp.UDPServer - UDP-Server: Message-79-29
21:20:57.230 [pool-1-thread-4] DEBUG com.mnc.udp.UDPServer - UDP-Server: Message-87-22 -> Message-87-22 (/127.0.0.1:49512)
21:20:57.230 [pool-1-thread-5] DEBUG com.mnc.udp.UDPServer - UDP-Server: Message-79-29 -> Message-79-29 (/127.0.0.1:49504)
21:20:57.230 [pool-1-thread-5] DEBUG com.mnc.udp.UDPServer - UDP-Server: Message-95-82
21:20:57.230 [pool-1-thread-5] DEBUG com.mnc.udp.UDPServer - UDP-Server: Message-95-82 -> Message-95-82 (/127.0.0.1:49520)
21:20:57.230 [pool-1-thread-3] DEBUG com.mnc.udp.UDPServer - UDP-Server: Message-46-37
21:20:57.230 [pool-1-thread-1] DEBUG com.mnc.udp.UDPServer - UDP-Server: Message-79-30
21:20:57.230 [pool-1-thread-4] DEBUG com.mnc.udp.UDPServer - UDP-Server: Message-87-23
21:20:57.230 [pool-1-thread-4] DEBUG com.mnc.udp.UDPServer - UDP-Server: Message-87-23 -> Message-87-23 (/127.0.0.1:49512)
21:20:57.230 [pool-1-thread-2] DEBUG com.mnc.udp.UDPServer - UDP-Server: Message-95-83
21:20:57.230 [pool-1-thread-3] DEBUG com.mnc.udp.UDPServer - UDP-Server: Message-46-37 -> Message-46-37 (/127.0.0.1:49471)
21:20:57.230 [pool-1-thread-1] DEBUG com.mnc.udp.UDPServer - UDP-Server: Message-79-30 -> Message-79-30 (/127.0.0.1:49504)
21:20:57.230 [pool-1-thread-2] DEBUG com.mnc.udp.UDPServer - UDP-Server: Message-95-83 -> Message-95-83 (/127.0.0.1:49520)
21:20:57.230 [pool-1-thread-1] DEBUG com.mnc.udp.UDPServer - UDP-Server: Message-87-24
21:20:57.230 [pool-1-thread-1] DEBUG com.mnc.udp.UDPServer - UDP-Server: Message-87-24 -> Message-87-24 (/127.0.0.1:49512)
21:20:57.231 [pool-1-thread-1] DEBUG com.mnc.udp.UDPServer - UDP-Server: Message-46-71
21:20:57.231 [pool-1-thread-5] DEBUG com.mnc.udp.UDPServer - UDP-Server: Message-95-81
21:20:57.231 [pool-1-thread-3] DEBUG com.mnc.udp.UDPServer - UDP-Server: Message-79-26
21:20:57.231 [pool-1-thread-2] DEBUG com.mnc.udp.UDPServer - UDP-Server: Message-87-82
21:20:57.231 [pool-1-thread-3] DEBUG com.mnc.udp.UDPServer - UDP-Server: Message-79-26 -> Message-79-26 (/127.0.0.1:49504)
21:20:57.231 [pool-1-thread-1] DEBUG com.mnc.udp.UDPServer - UDP-Server: Message-46-71 -> Message-46-71 (/127.0.0.1:49471)
21:20:57.231 [pool-1-thread-5] DEBUG com.mnc.udp.UDPServer - UDP-Server: Message-95-81 -> Message-95-81 (/127.0.0.1:49520)
21:20:57.231 [pool-1-thread-2] DEBUG com.mnc.udp.UDPServer - UDP-Server: Message-87-82 -> Message-87-82 (/127.0.0.1:49512)
21:20:57.231 [pool-1-thread-4] DEBUG com.mnc.udp.UDPServer - UDP-Server: Message-79-27
21:20:57.231 [pool-1-thread-4] DEBUG com.mnc.udp.UDPServer - UDP-Server: Message-79-27 -> Message-79-27 (/127.0.0.1:49504)
21:20:57.231 [pool-1-thread-3] DEBUG com.mnc.udp.UDPServer - UDP-Server: Message-46-72
21:20:57.231 [pool-1-thread-3] DEBUG com.mnc.udp.UDPServer - UDP-Server: Message-46-72 -> Message-46-72 (/127.0.0.1:49471)
21:20:57.231 [pool-1-thread-1] DEBUG com.mnc.udp.UDPServer - UDP-Server: Message-95-85
21:20:57.231 [pool-1-thread-4] DEBUG com.mnc.udp.UDPServer - UDP-Server: Message-87-83
21:20:57.231 [pool-1-thread-1] DEBUG com.mnc.udp.UDPServer - UDP-Server: Message-95-85 -> Message-95-85 (/127.0.0.1:49520)
21:20:57.231 [pool-1-thread-4] DEBUG com.mnc.udp.UDPServer - UDP-Server: Message-87-83 -> Message-87-83 (/127.0.0.1:49512)
21:20:57.231 [pool-1-thread-2] DEBUG com.mnc.udp.UDPServer - UDP-Server: Message-79-25
21:20:57.231 [pool-1-thread-1] DEBUG com.mnc.udp.UDPServer - UDP-Server: Message-46-73
21:20:57.231 [pool-1-thread-2] DEBUG com.mnc.udp.UDPServer - UDP-Server: Message-79-25 -> Message-79-25 (/127.0.0.1:49504)
21:20:57.231 [pool-1-thread-1] DEBUG com.mnc.udp.UDPServer - UDP-Server: Message-46-73 -> Message-46-73 (/127.0.0.1:49471)
21:20:57.231 [pool-1-thread-3] DEBUG com.mnc.udp.UDPServer - UDP-Server: Message-95-86
21:20:57.231 [pool-1-thread-3] DEBUG com.mnc.udp.UDPServer - UDP-Server: Message-95-86 -> Message-95-86 (/127.0.0.1:49520)
21:20:57.231 [pool-1-thread-5] DEBUG com.mnc.udp.UDPServer - UDP-Server: Message-87-81
21:20:57.231 [pool-1-thread-5] DEBUG com.mnc.udp.UDPServer - UDP-Server: Message-87-81 -> Message-87-81 (/127.0.0.1:49512)
21:20:57.231 [pool-1-thread-4] DEBUG com.mnc.udp.UDPServer - UDP-Server: Message-79-44
21:20:57.231 [pool-1-thread-5] DEBUG com.mnc.udp.UDPServer - UDP-Server: Message-46-74
21:20:57.231 [pool-1-thread-2] DEBUG com.mnc.udp.UDPServer - UDP-Server: Message-95-84
21:20:57.231 [pool-1-thread-4] DEBUG com.mnc.udp.UDPServer - UDP-Server: Message-79-44 -> Message-79-44 (/127.0.0.1:49504)
21:20:57.231 [pool-1-thread-5] DEBUG com.mnc.udp.UDPServer - UDP-Server: Message-46-74 -> Message-46-74 (/127.0.0.1:49471)
21:20:57.231 [pool-1-thread-2] DEBUG com.mnc.udp.UDPServer - UDP-Server: Message-95-84 -> Message-95-84 (/127.0.0.1:49520)
21:20:57.231 [pool-1-thread-4] DEBUG com.mnc.udp.UDPServer - UDP-Server: Message-87-85
21:20:57.231 [pool-1-thread-4] DEBUG com.mnc.udp.UDPServer - UDP-Server: Message-87-85 -> Message-87-85 (/127.0.0.1:49512)
21:20:57.231 [pool-1-thread-1] DEBUG com.mnc.udp.UDPServer - UDP-Server: Message-79-45
21:20:57.231 [pool-1-thread-3] DEBUG com.mnc.udp.UDPServer - UDP-Server: Message-95-78
21:20:57.231 [pool-1-thread-5] DEBUG com.mnc.udp.UDPServer - UDP-Server: Message-46-53
21:20:57.231 [pool-1-thread-3] DEBUG com.mnc.udp.UDPServer - UDP-Server: Message-95-78 -> Message-95-78 (/127.0.0.1:49520)
21:20:57.231 [pool-1-thread-1] DEBUG com.mnc.udp.UDPServer - UDP-Server: Message-79-45 -> Message-79-45 (/127.0.0.1:49504)
21:20:57.231 [pool-1-thread-5] DEBUG com.mnc.udp.UDPServer - UDP-Server: Message-46-53 -> Message-46-53 (/127.0.0.1:49471)
21:20:57.231 [pool-1-thread-3] DEBUG com.mnc.udp.UDPServer - UDP-Server: Message-87-86
21:20:57.231 [pool-1-thread-3] DEBUG com.mnc.udp.UDPServer - UDP-Server: Message-87-86 -> Message-87-86 (/127.0.0.1:49512)
21:20:57.231 [pool-1-thread-4] DEBUG com.mnc.udp.UDPServer - UDP-Server: Message-95-79
21:20:57.231 [pool-1-thread-2] DEBUG com.mnc.udp.UDPServer - UDP-Server: Message-46-57
21:20:57.231 [pool-1-thread-4] DEBUG com.mnc.udp.UDPServer - UDP-Server: Message-95-79 -> Message-95-79 (/127.0.0.1:49520)
21:20:57.231 [pool-1-thread-5] DEBUG com.mnc.udp.UDPServer - UDP-Server: Message-79-43
21:20:57.231 [pool-1-thread-2] DEBUG com.mnc.udp.UDPServer - UDP-Server: Message-46-57 -> Message-46-57 (/127.0.0.1:49471)
21:20:57.231 [pool-1-thread-4] DEBUG com.mnc.udp.UDPServer - UDP-Server: Message-87-84
21:20:57.231 [pool-1-thread-5] DEBUG com.mnc.udp.UDPServer - UDP-Server: Message-79-43 -> Message-79-43 (/127.0.0.1:49504)
21:20:57.231 [pool-1-thread-4] DEBUG com.mnc.udp.UDPServer - UDP-Server: Message-87-84 -> Message-87-84 (/127.0.0.1:49512)
21:20:57.231 [pool-1-thread-3] DEBUG com.mnc.udp.UDPServer - UDP-Server: Message-95-80
21:20:57.231 [pool-1-thread-3] DEBUG com.mnc.udp.UDPServer - UDP-Server: Message-95-80 -> Message-95-80 (/127.0.0.1:49520)
21:20:57.231 [pool-1-thread-1] DEBUG com.mnc.udp.UDPServer - UDP-Server: Message-46-58
21:20:57.231 [pool-1-thread-2] DEBUG com.mnc.udp.UDPServer - UDP-Server: Message-79-48
21:20:57.231 [pool-1-thread-1] DEBUG com.mnc.udp.UDPServer - UDP-Server: Message-46-58 -> Message-46-58 (/127.0.0.1:49471)
21:20:57.231 [pool-1-thread-3] DEBUG com.mnc.udp.UDPServer - UDP-Server: Message-87-60
21:20:57.231 [pool-1-thread-3] DEBUG com.mnc.udp.UDPServer - UDP-Server: Message-87-60 -> Message-87-60 (/127.0.0.1:49512)
21:20:57.231 [pool-1-thread-2] DEBUG com.mnc.udp.UDPServer - UDP-Server: Message-79-48 -> Message-79-48 (/127.0.0.1:49504)
21:20:57.231 [pool-1-thread-3] DEBUG com.mnc.udp.UDPServer - UDP-Server: Message-95-76
21:20:57.231 [pool-1-thread-3] DEBUG com.mnc.udp.UDPServer - UDP-Server: Message-95-76 -> Message-95-76 (/127.0.0.1:49520)
21:20:57.231 [pool-1-thread-4] DEBUG com.mnc.udp.UDPServer - UDP-Server: Message-46-56
21:20:57.231 [pool-1-thread-4] DEBUG com.mnc.udp.UDPServer - UDP-Server: Message-46-56 -> Message-46-56 (/127.0.0.1:49471)
21:20:57.231 [pool-1-thread-4] DEBUG com.mnc.udp.UDPServer - UDP-Server: Message-87-61
21:20:57.231 [pool-1-thread-2] DEBUG com.mnc.udp.UDPServer - UDP-Server: Message-79-49
21:20:57.231 [pool-1-thread-4] DEBUG com.mnc.udp.UDPServer - UDP-Server: Message-87-61 -> Message-87-61 (/127.0.0.1:49512)
21:20:57.231 [pool-1-thread-2] DEBUG com.mnc.udp.UDPServer - UDP-Server: Message-79-49 -> Message-79-49 (/127.0.0.1:49504)
21:20:57.231 [pool-1-thread-1] DEBUG com.mnc.udp.UDPServer - UDP-Server: Message-95-77
21:20:57.231 [pool-1-thread-3] DEBUG com.mnc.udp.UDPServer - UDP-Server: Message-46-82
21:20:57.231 [pool-1-thread-1] DEBUG com.mnc.udp.UDPServer - UDP-Server: Message-95-77 -> Message-95-77 (/127.0.0.1:49520)
21:20:57.232 [pool-1-thread-3] DEBUG com.mnc.udp.UDPServer - UDP-Server: Message-46-82 -> Message-46-82 (/127.0.0.1:49471)
21:20:57.232 [pool-1-thread-5] DEBUG com.mnc.udp.UDPServer - UDP-Server: Message-87-78
21:20:57.232 [pool-1-thread-4] DEBUG com.mnc.udp.UDPServer - UDP-Server: Message-79-46
21:20:57.232 [pool-1-thread-4] DEBUG com.mnc.udp.UDPServer - UDP-Server: Message-79-46 -> Message-79-46 (/127.0.0.1:49504)
21:20:57.232 [pool-1-thread-5] DEBUG com.mnc.udp.UDPServer - UDP-Server: Message-87-78 -> Message-87-78 (/127.0.0.1:49512)
21:20:57.232 [pool-1-thread-2] DEBUG com.mnc.udp.UDPServer - UDP-Server: Message-95-75
21:20:57.232 [pool-1-thread-2] DEBUG com.mnc.udp.UDPServer - UDP-Server: Message-95-75 -> Message-95-75 (/127.0.0.1:49520)
21:20:57.232 [pool-1-thread-5] DEBUG com.mnc.udp.UDPServer - UDP-Server: Message-46-83
21:20:57.232 [pool-1-thread-5] DEBUG com.mnc.udp.UDPServer - UDP-Server: Message-46-83 -> Message-46-83 (/127.0.0.1:49471)
21:20:57.232 [pool-1-thread-3] DEBUG com.mnc.udp.UDPServer - UDP-Server: Message-79-47
21:20:57.232 [pool-1-thread-3] DEBUG com.mnc.udp.UDPServer - UDP-Server: Message-79-47 -> Message-79-47 (/127.0.0.1:49504)
21:20:57.232 [pool-1-thread-4] DEBUG com.mnc.udp.UDPServer - UDP-Server: Message-87-79
21:20:57.232 [pool-1-thread-4] DEBUG com.mnc.udp.UDPServer - UDP-Server: Message-87-79 -> Message-87-79 (/127.0.0.1:49512)
21:20:57.232 [pool-1-thread-1] DEBUG com.mnc.udp.UDPServer - UDP-Server: Message-46-60
21:20:57.232 [pool-1-thread-1] DEBUG com.mnc.udp.UDPServer - UDP-Server: Message-46-60 -> Message-46-60 (/127.0.0.1:49471)
21:20:57.232 [pool-1-thread-2] DEBUG com.mnc.udp.UDPServer - UDP-Server: Message-79-40
21:20:57.232 [pool-1-thread-1] DEBUG com.mnc.udp.UDPServer - UDP-Server: Message-87-80
21:20:57.232 [pool-1-thread-1] DEBUG com.mnc.udp.UDPServer - UDP-Server: Message-87-80 -> Message-87-80 (/127.0.0.1:49512)
21:20:57.232 [pool-1-thread-2] DEBUG com.mnc.udp.UDPServer - UDP-Server: Message-79-40 -> Message-79-40 (/127.0.0.1:49504)
21:20:57.232 [pool-1-thread-3] DEBUG com.mnc.udp.UDPServer - UDP-Server: Message-46-54
21:20:57.232 [pool-1-thread-3] DEBUG com.mnc.udp.UDPServer - UDP-Server: Message-46-54 -> Message-46-54 (/127.0.0.1:49471)
21:20:57.232 [pool-1-thread-4] DEBUG com.mnc.udp.UDPServer - UDP-Server: Message-87-76
21:20:57.232 [pool-1-thread-4] DEBUG com.mnc.udp.UDPServer - UDP-Server: Message-87-76 -> Message-87-76 (/127.0.0.1:49512)
21:20:57.232 [pool-1-thread-5] DEBUG com.mnc.udp.UDPServer - UDP-Server: Message-79-41
21:20:57.232 [pool-1-thread-5] DEBUG com.mnc.udp.UDPServer - UDP-Server: Message-79-41 -> Message-79-41 (/127.0.0.1:49504)
21:20:57.232 [pool-1-thread-1] DEBUG com.mnc.udp.UDPServer - UDP-Server: Message-46-55
21:20:57.232 [pool-1-thread-2] DEBUG com.mnc.udp.UDPServer - UDP-Server: Message-87-77
21:20:57.232 [pool-1-thread-1] DEBUG com.mnc.udp.UDPServer - UDP-Server: Message-46-55 -> Message-46-55 (/127.0.0.1:49471)
21:20:57.232 [pool-1-thread-2] DEBUG com.mnc.udp.UDPServer - UDP-Server: Message-87-77 -> Message-87-77 (/127.0.0.1:49512)
21:20:57.232 [pool-1-thread-3] DEBUG com.mnc.udp.UDPServer - UDP-Server: Message-79-42
21:20:57.232 [pool-1-thread-3] DEBUG com.mnc.udp.UDPServer - UDP-Server: Message-79-42 -> Message-79-42 (/127.0.0.1:49504)
21:20:57.232 [pool-1-thread-4] DEBUG com.mnc.udp.UDPServer - UDP-Server: Message-46-51
21:20:57.232 [pool-1-thread-4] DEBUG com.mnc.udp.UDPServer - UDP-Server: Message-46-51 -> Message-46-51 (/127.0.0.1:49471)
21:20:57.232 [pool-1-thread-1] DEBUG com.mnc.udp.UDPServer - UDP-Server: Message-79-38
21:20:57.232 [pool-1-thread-1] DEBUG com.mnc.udp.UDPServer - UDP-Server: Message-79-38 -> Message-79-38 (/127.0.0.1:49504)
21:20:57.232 [pool-1-thread-5] DEBUG com.mnc.udp.UDPServer - UDP-Server: Message-87-75
21:20:57.232 [pool-1-thread-5] DEBUG com.mnc.udp.UDPServer - UDP-Server: Message-87-75 -> Message-87-75 (/127.0.0.1:49512)
21:20:57.232 [pool-1-thread-2] DEBUG com.mnc.udp.UDPServer - UDP-Server: Message-46-52
21:20:57.232 [pool-1-thread-2] DEBUG com.mnc.udp.UDPServer - UDP-Server: Message-46-52 -> Message-46-52 (/127.0.0.1:49471)
21:20:57.232 [pool-1-thread-3] DEBUG com.mnc.udp.UDPServer - UDP-Server: Message-79-39
21:20:57.232 [pool-1-thread-3] DEBUG com.mnc.udp.UDPServer - UDP-Server: Message-79-39 -> Message-79-39 (/127.0.0.1:49504)
21:20:57.232 [pool-1-thread-4] DEBUG com.mnc.udp.UDPServer - UDP-Server: Message-87-19
21:20:57.232 [pool-1-thread-4] DEBUG com.mnc.udp.UDPServer - UDP-Server: Message-87-19 -> Message-87-19 (/127.0.0.1:49512)
21:20:57.232 [pool-1-thread-5] DEBUG com.mnc.udp.UDPServer - UDP-Server: Message-79-37
21:20:57.232 [pool-1-thread-5] DEBUG com.mnc.udp.UDPServer - UDP-Server: Message-79-37 -> Message-79-37 (/127.0.0.1:49504)
21:20:57.232 [pool-1-thread-2] DEBUG com.mnc.udp.UDPServer - UDP-Server: Message-87-20
21:20:57.232 [pool-1-thread-2] DEBUG com.mnc.udp.UDPServer - UDP-Server: Message-87-20 -> Message-87-20 (/127.0.0.1:49512)
21:20:57.232 [pool-1-thread-1] DEBUG com.mnc.udp.UDPServer - UDP-Server: Message-46-69
21:20:57.232 [pool-1-thread-1] DEBUG com.mnc.udp.UDPServer - UDP-Server: Message-46-69 -> Message-46-69 (/127.0.0.1:49471)
21:20:57.232 [pool-1-thread-3] DEBUG com.mnc.udp.UDPServer - UDP-Server: Message-79-15
21:20:57.232 [pool-1-thread-3] DEBUG com.mnc.udp.UDPServer - UDP-Server: Message-79-15 -> Message-79-15 (/127.0.0.1:49504)
21:20:57.232 [pool-1-thread-4] DEBUG com.mnc.udp.UDPServer - UDP-Server: Message-87-18
21:20:57.232 [pool-1-thread-4] DEBUG com.mnc.udp.UDPServer - UDP-Server: Message-87-18 -> Message-87-18 (/127.0.0.1:49512)
21:20:57.232 [pool-1-thread-3] DEBUG com.mnc.udp.UDPServer - UDP-Server: Message-46-70
21:20:57.232 [pool-1-thread-3] DEBUG com.mnc.udp.UDPServer - UDP-Server: Message-46-70 -> Message-46-70 (/127.0.0.1:49471)
21:20:57.232 [pool-1-thread-3] DEBUG com.mnc.udp.UDPServer - UDP-Server: Message-79-16
21:20:57.232 [pool-1-thread-3] DEBUG com.mnc.udp.UDPServer - UDP-Server: Message-79-16 -> Message-79-16 (/127.0.0.1:49504)
21:20:57.232 [pool-1-thread-3] DEBUG com.mnc.udp.UDPServer - UDP-Server: Message-87-7
21:20:57.232 [pool-1-thread-3] DEBUG com.mnc.udp.UDPServer - UDP-Server: Message-87-7 -> Message-87-7 (/127.0.0.1:49512)
21:20:57.232 [pool-1-thread-1] DEBUG com.mnc.udp.UDPServer - UDP-Server: Message-46-68
21:20:57.233 [pool-1-thread-1] DEBUG com.mnc.udp.UDPServer - UDP-Server: Message-46-68 -> Message-46-68 (/127.0.0.1:49471)
21:20:57.233 [pool-1-thread-4] DEBUG com.mnc.udp.UDPServer - UDP-Server: Message-79-17
21:20:57.233 [pool-1-thread-2] DEBUG com.mnc.udp.UDPServer - UDP-Server: Message-87-8
21:20:57.233 [pool-1-thread-4] DEBUG com.mnc.udp.UDPServer - UDP-Server: Message-79-17 -> Message-79-17 (/127.0.0.1:49504)
21:20:57.233 [pool-1-thread-2] DEBUG com.mnc.udp.UDPServer - UDP-Server: Message-87-8 -> Message-87-8 (/127.0.0.1:49512)
21:20:57.233 [pool-1-thread-5] DEBUG com.mnc.udp.UDPServer - UDP-Server: Message-46-15
21:20:57.233 [pool-1-thread-5] DEBUG com.mnc.udp.UDPServer - UDP-Server: Message-46-15 -> Message-46-15 (/127.0.0.1:49471)
21:20:57.233 [pool-1-thread-5] DEBUG com.mnc.udp.UDPServer - UDP-Server: Message-87-6
21:20:57.233 [pool-1-thread-5] DEBUG com.mnc.udp.UDPServer - UDP-Server: Message-87-6 -> Message-87-6 (/127.0.0.1:49512)
21:20:57.233 [pool-1-thread-5] DEBUG com.mnc.udp.UDPServer - UDP-Server: Message-79-13
21:20:57.233 [pool-1-thread-5] DEBUG com.mnc.udp.UDPServer - UDP-Server: Message-79-13 -> Message-79-13 (/127.0.0.1:49504)
21:20:57.233 [pool-1-thread-3] DEBUG com.mnc.udp.UDPServer - UDP-Server: Message-46-16
21:20:57.233 [pool-1-thread-3] DEBUG com.mnc.udp.UDPServer - UDP-Server: Message-46-16 -> Message-46-16 (/127.0.0.1:49471)
21:20:57.233 [pool-1-thread-1] DEBUG com.mnc.udp.UDPServer - UDP-Server: Message-87-72
21:20:57.233 [pool-1-thread-1] DEBUG com.mnc.udp.UDPServer - UDP-Server: Message-87-72 -> Message-87-72 (/127.0.0.1:49512)
21:20:57.233 [pool-1-thread-1] DEBUG com.mnc.udp.UDPServer - UDP-Server: Message-79-14
21:20:57.233 [pool-1-thread-1] DEBUG com.mnc.udp.UDPServer - UDP-Server: Message-79-14 -> Message-79-14 (/127.0.0.1:49504)
21:20:57.233 [pool-1-thread-3] DEBUG com.mnc.udp.UDPServer - UDP-Server: Message-46-66
21:20:57.233 [pool-1-thread-3] DEBUG com.mnc.udp.UDPServer - UDP-Server: Message-46-66 -> Message-46-66 (/127.0.0.1:49471)
21:20:57.233 [pool-1-thread-4] DEBUG com.mnc.udp.UDPServer - UDP-Server: Message-87-73
21:20:57.233 [pool-1-thread-4] DEBUG com.mnc.udp.UDPServer - UDP-Server: Message-87-73 -> Message-87-73 (/127.0.0.1:49512)
21:20:57.233 [pool-1-thread-4] DEBUG com.mnc.udp.UDPServer - UDP-Server: Message-79-12
21:20:57.233 [pool-1-thread-4] DEBUG com.mnc.udp.UDPServer - UDP-Server: Message-79-12 -> Message-79-12 (/127.0.0.1:49504)
21:20:57.233 [pool-1-thread-2] DEBUG com.mnc.udp.UDPServer - UDP-Server: Message-46-67
21:20:57.233 [pool-1-thread-2] DEBUG com.mnc.udp.UDPServer - UDP-Server: Message-46-67 -> Message-46-67 (/127.0.0.1:49471)
21:20:57.233 [pool-1-thread-4] DEBUG com.mnc.udp.UDPServer - UDP-Server: Message-87-74
21:20:57.233 [pool-1-thread-4] DEBUG com.mnc.udp.UDPServer - UDP-Server: Message-87-74 -> Message-87-74 (/127.0.0.1:49512)
21:20:57.233 [pool-1-thread-1] DEBUG com.mnc.udp.UDPServer - UDP-Server: Message-79-21
21:20:57.233 [pool-1-thread-1] DEBUG com.mnc.udp.UDPServer - UDP-Server: Message-79-21 -> Message-79-21 (/127.0.0.1:49504)
21:20:57.233 [pool-1-thread-4] DEBUG com.mnc.udp.UDPServer - UDP-Server: Message-86-32
21:20:57.233 [pool-1-thread-4] DEBUG com.mnc.udp.UDPServer - UDP-Server: Message-86-32 -> Message-86-32 (/127.0.0.1:49511)
21:20:57.233 [pool-1-thread-3] DEBUG com.mnc.udp.UDPServer - UDP-Server: Message-46-50
21:20:57.233 [pool-1-thread-3] DEBUG com.mnc.udp.UDPServer - UDP-Server: Message-46-50 -> Message-46-50 (/127.0.0.1:49471)
21:20:57.233 [pool-1-thread-1] DEBUG com.mnc.udp.UDPServer - UDP-Server: Message-87-10
21:20:57.233 [pool-1-thread-1] DEBUG com.mnc.udp.UDPServer - UDP-Server: Message-87-10 -> Message-87-10 (/127.0.0.1:49512)
21:20:57.233 [pool-1-thread-5] DEBUG com.mnc.udp.UDPServer - UDP-Server: Message-46-59
21:20:57.233 [pool-1-thread-5] DEBUG com.mnc.udp.UDPServer - UDP-Server: Message-46-59 -> Message-46-59 (/127.0.0.1:49471)
21:20:57.233 [pool-1-thread-2] DEBUG com.mnc.udp.UDPServer - UDP-Server: Message-79-22
21:20:57.233 [pool-1-thread-3] DEBUG com.mnc.udp.UDPServer - UDP-Server: Message-87-11
21:20:57.233 [pool-1-thread-3] DEBUG com.mnc.udp.UDPServer - UDP-Server: Message-87-11 -> Message-87-11 (/127.0.0.1:49512)
21:20:57.233 [pool-1-thread-4] DEBUG com.mnc.udp.UDPServer - UDP-Server: Message-86-33
21:20:57.233 [pool-1-thread-4] DEBUG com.mnc.udp.UDPServer - UDP-Server: Message-86-33 -> Message-86-33 (/127.0.0.1:49511)
21:20:57.233 [pool-1-thread-2] DEBUG com.mnc.udp.UDPServer - UDP-Server: Message-79-22 -> Message-79-22 (/127.0.0.1:49504)
21:20:57.233 [pool-1-thread-3] DEBUG com.mnc.udp.UDPServer - UDP-Server: Message-46-61
21:20:57.233 [pool-1-thread-3] DEBUG com.mnc.udp.UDPServer - UDP-Server: Message-46-61 -> Message-46-61 (/127.0.0.1:49471)
21:20:57.233 [pool-1-thread-5] DEBUG com.mnc.udp.UDPServer - UDP-Server: Message-87-9
21:20:57.233 [pool-1-thread-5] DEBUG com.mnc.udp.UDPServer - UDP-Server: Message-87-9 -> Message-87-9 (/127.0.0.1:49512)
21:20:57.233 [pool-1-thread-1] DEBUG com.mnc.udp.UDPServer - UDP-Server: Message-86-31
21:20:57.233 [pool-1-thread-1] DEBUG com.mnc.udp.UDPServer - UDP-Server: Message-86-31 -> Message-86-31 (/127.0.0.1:49511)
21:20:57.233 [pool-1-thread-5] DEBUG com.mnc.udp.UDPServer - UDP-Server: Message-79-23
21:20:57.233 [pool-1-thread-2] DEBUG com.mnc.udp.UDPServer - UDP-Server: Message-46-81
21:20:57.233 [pool-1-thread-2] DEBUG com.mnc.udp.UDPServer - UDP-Server: Message-46-81 -> Message-46-81 (/127.0.0.1:49471)
21:20:57.233 [pool-1-thread-5] DEBUG com.mnc.udp.UDPServer - UDP-Server: Message-79-23 -> Message-79-23 (/127.0.0.1:49504)
21:20:57.233 [pool-1-thread-4] DEBUG com.mnc.udp.UDPServer - UDP-Server: Message-86-35
21:20:57.233 [pool-1-thread-4] DEBUG com.mnc.udp.UDPServer - UDP-Server: Message-86-35 -> Message-86-35 (/127.0.0.1:49511)
21:20:57.233 [pool-1-thread-1] DEBUG com.mnc.udp.UDPServer - UDP-Server: Message-87-3
21:20:57.233 [pool-1-thread-1] DEBUG com.mnc.udp.UDPServer - UDP-Server: Message-87-3 -> Message-87-3 (/127.0.0.1:49512)
21:20:57.233 [pool-1-thread-3] DEBUG com.mnc.udp.UDPServer - UDP-Server: Message-46-63
21:20:57.233 [pool-1-thread-3] DEBUG com.mnc.udp.UDPServer - UDP-Server: Message-46-63 -> Message-46-63 (/127.0.0.1:49471)
21:20:57.233 [pool-1-thread-1] DEBUG com.mnc.udp.UDPServer - UDP-Server: Message-79-24
21:20:57.233 [pool-1-thread-2] DEBUG com.mnc.udp.UDPServer - UDP-Server: Message-86-36
21:20:57.233 [pool-1-thread-1] DEBUG com.mnc.udp.UDPServer - UDP-Server: Message-79-24 -> Message-79-24 (/127.0.0.1:49504)
21:20:57.233 [pool-1-thread-2] DEBUG com.mnc.udp.UDPServer - UDP-Server: Message-86-36 -> Message-86-36 (/127.0.0.1:49511)
21:20:57.234 [pool-1-thread-4] DEBUG com.mnc.udp.UDPServer - UDP-Server: Message-87-4
21:20:57.234 [pool-1-thread-4] DEBUG com.mnc.udp.UDPServer - UDP-Server: Message-87-4 -> Message-87-4 (/127.0.0.1:49512)
21:20:57.234 [pool-1-thread-3] DEBUG com.mnc.udp.UDPServer - UDP-Server: Message-46-64
21:20:57.234 [pool-1-thread-3] DEBUG com.mnc.udp.UDPServer - UDP-Server: Message-46-64 -> Message-46-64 (/127.0.0.1:49471)
21:20:57.234 [pool-1-thread-4] DEBUG com.mnc.udp.UDPServer - UDP-Server: Message-79-19
21:20:57.234 [pool-1-thread-4] DEBUG com.mnc.udp.UDPServer - UDP-Server: Message-79-19 -> Message-79-19 (/127.0.0.1:49504)
21:20:57.234 [pool-1-thread-3] DEBUG com.mnc.udp.UDPServer - UDP-Server: Message-86-34
21:20:57.234 [pool-1-thread-3] DEBUG com.mnc.udp.UDPServer - UDP-Server: Message-86-34 -> Message-86-34 (/127.0.0.1:49511)
21:20:57.234 [pool-1-thread-2] DEBUG com.mnc.udp.UDPServer - UDP-Server: Message-87-5
21:20:57.234 [pool-1-thread-5] DEBUG com.mnc.udp.UDPServer - UDP-Server: Message-46-85
21:20:57.234 [pool-1-thread-2] DEBUG com.mnc.udp.UDPServer - UDP-Server: Message-87-5 -> Message-87-5 (/127.0.0.1:49512)
21:20:57.234 [pool-1-thread-5] DEBUG com.mnc.udp.UDPServer - UDP-Server: Message-46-85 -> Message-46-85 (/127.0.0.1:49471)
21:20:57.234 [pool-1-thread-1] DEBUG com.mnc.udp.UDPServer - UDP-Server: Message-79-20
21:20:57.234 [pool-1-thread-2] DEBUG com.mnc.udp.UDPServer - UDP-Server: Message-86-28
21:20:57.234 [pool-1-thread-2] DEBUG com.mnc.udp.UDPServer - UDP-Server: Message-86-28 -> Message-86-28 (/127.0.0.1:49511)
21:20:57.234 [pool-1-thread-1] DEBUG com.mnc.udp.UDPServer - UDP-Server: Message-79-20 -> Message-79-20 (/127.0.0.1:49504)
21:20:57.234 [pool-1-thread-1] DEBUG com.mnc.udp.UDPServer - UDP-Server: Message-46-86
21:20:57.234 [pool-1-thread-1] DEBUG com.mnc.udp.UDPServer - UDP-Server: Message-46-86 -> Message-46-86 (/127.0.0.1:49471)
21:20:57.234 [pool-1-thread-4] DEBUG com.mnc.udp.UDPServer - UDP-Server: Message-87-69
21:20:57.234 [pool-1-thread-4] DEBUG com.mnc.udp.UDPServer - UDP-Server: Message-87-69 -> Message-87-69 (/127.0.0.1:49512)
21:20:57.234 [pool-1-thread-5] DEBUG com.mnc.udp.UDPServer - UDP-Server: Message-86-29
21:20:57.234 [pool-1-thread-5] DEBUG com.mnc.udp.UDPServer - UDP-Server: Message-86-29 -> Message-86-29 (/127.0.0.1:49511)
21:20:57.234 [pool-1-thread-4] DEBUG com.mnc.udp.UDPServer - UDP-Server: Message-46-84
21:20:57.234 [pool-1-thread-2] DEBUG com.mnc.udp.UDPServer - UDP-Server: Message-79-18
21:20:57.234 [pool-1-thread-4] DEBUG com.mnc.udp.UDPServer - UDP-Server: Message-46-84 -> Message-46-84 (/127.0.0.1:49471)
21:20:57.234 [pool-1-thread-2] DEBUG com.mnc.udp.UDPServer - UDP-Server: Message-79-18 -> Message-79-18 (/127.0.0.1:49504)
21:20:57.234 [pool-1-thread-2] DEBUG com.mnc.udp.UDPServer - UDP-Server: Message-86-30
21:20:57.234 [pool-1-thread-2] DEBUG com.mnc.udp.UDPServer - UDP-Server: Message-86-30 -> Message-86-30 (/127.0.0.1:49511)
21:20:57.234 [pool-1-thread-1] DEBUG com.mnc.udp.UDPServer - UDP-Server: Message-87-70
21:20:57.234 [pool-1-thread-5] DEBUG com.mnc.udp.UDPServer - UDP-Server: Message-46-78
21:20:57.234 [pool-1-thread-1] DEBUG com.mnc.udp.UDPServer - UDP-Server: Message-87-70 -> Message-87-70 (/127.0.0.1:49512)
21:20:57.234 [pool-1-thread-4] DEBUG com.mnc.udp.UDPServer - UDP-Server: Message-79-7
21:20:57.234 [pool-1-thread-5] DEBUG com.mnc.udp.UDPServer - UDP-Server: Message-46-78 -> Message-46-78 (/127.0.0.1:49471)
21:20:57.234 [pool-1-thread-4] DEBUG com.mnc.udp.UDPServer - UDP-Server: Message-79-7 -> Message-79-7 (/127.0.0.1:49504)
21:20:57.234 [pool-1-thread-3] DEBUG com.mnc.udp.UDPServer - UDP-Server: Message-86-26
21:20:57.234 [pool-1-thread-3] DEBUG com.mnc.udp.UDPServer - UDP-Server: Message-86-26 -> Message-86-26 (/127.0.0.1:49511)
21:20:57.234 [pool-1-thread-2] DEBUG com.mnc.udp.UDPServer - UDP-Server: Message-87-59
21:20:57.234 [pool-1-thread-1] DEBUG com.mnc.udp.UDPServer - UDP-Server: Message-79-8
21:20:57.234 [pool-1-thread-2] DEBUG com.mnc.udp.UDPServer - UDP-Server: Message-87-59 -> Message-87-59 (/127.0.0.1:49512)
21:20:57.234 [pool-1-thread-3] DEBUG com.mnc.udp.UDPServer - UDP-Server: Message-46-7
21:20:57.234 [pool-1-thread-3] DEBUG com.mnc.udp.UDPServer - UDP-Server: Message-46-7 -> Message-46-7 (/127.0.0.1:49471)
21:20:57.234 [pool-1-thread-1] DEBUG com.mnc.udp.UDPServer - UDP-Server: Message-79-8 -> Message-79-8 (/127.0.0.1:49504)
21:20:57.234 [pool-1-thread-3] DEBUG com.mnc.udp.UDPServer - UDP-Server: Message-86-27
21:20:57.234 [pool-1-thread-3] DEBUG com.mnc.udp.UDPServer - UDP-Server: Message-86-27 -> Message-86-27 (/127.0.0.1:49511)
21:20:57.234 [pool-1-thread-3] DEBUG com.mnc.udp.UDPServer - UDP-Server: Message-87-68
21:20:57.234 [pool-1-thread-3] DEBUG com.mnc.udp.UDPServer - UDP-Server: Message-87-68 -> Message-87-68 (/127.0.0.1:49512)
21:20:57.234 [pool-1-thread-3] DEBUG com.mnc.udp.UDPServer - UDP-Server: Message-79-6
21:20:57.234 [pool-1-thread-3] DEBUG com.mnc.udp.UDPServer - UDP-Server: Message-79-6 -> Message-79-6 (/127.0.0.1:49504)
21:20:57.234 [pool-1-thread-2] DEBUG com.mnc.udp.UDPServer - UDP-Server: Message-46-8
21:20:57.234 [pool-1-thread-2] DEBUG com.mnc.udp.UDPServer - UDP-Server: Message-46-8 -> Message-46-8 (/127.0.0.1:49471)
21:20:57.234 [pool-1-thread-4] DEBUG com.mnc.udp.UDPServer - UDP-Server: Message-86-90
21:20:57.234 [pool-1-thread-5] DEBUG com.mnc.udp.UDPServer - UDP-Server: Message-87-62
21:20:57.234 [pool-1-thread-4] DEBUG com.mnc.udp.UDPServer - UDP-Server: Message-86-90 -> Message-86-90 (/127.0.0.1:49511)
21:20:57.234 [pool-1-thread-5] DEBUG com.mnc.udp.UDPServer - UDP-Server: Message-87-62 -> Message-87-62 (/127.0.0.1:49512)
21:20:57.234 [pool-1-thread-4] DEBUG com.mnc.udp.UDPServer - UDP-Server: Message-79-10
21:20:57.234 [pool-1-thread-4] DEBUG com.mnc.udp.UDPServer - UDP-Server: Message-79-10 -> Message-79-10 (/127.0.0.1:49504)
21:20:57.234 [pool-1-thread-3] DEBUG com.mnc.udp.UDPServer - UDP-Server: Message-46-6
21:20:57.234 [pool-1-thread-3] DEBUG com.mnc.udp.UDPServer - UDP-Server: Message-46-6 -> Message-46-6 (/127.0.0.1:49471)
21:20:57.234 [pool-1-thread-3] DEBUG com.mnc.udp.UDPServer - UDP-Server: Message-86-25
21:20:57.234 [pool-1-thread-2] DEBUG com.mnc.udp.UDPServer - UDP-Server: Message-87-1
21:20:57.234 [pool-1-thread-3] DEBUG com.mnc.udp.UDPServer - UDP-Server: Message-86-25 -> Message-86-25 (/127.0.0.1:49511)
21:20:57.234 [pool-1-thread-2] DEBUG com.mnc.udp.UDPServer - UDP-Server: Message-87-1 -> Message-87-1 (/127.0.0.1:49512)
21:20:57.234 [pool-1-thread-5] DEBUG com.mnc.udp.UDPServer - UDP-Server: Message-79-11
21:20:57.234 [pool-1-thread-5] DEBUG com.mnc.udp.UDPServer - UDP-Server: Message-79-11 -> Message-79-11 (/127.0.0.1:49504)
21:20:57.234 [pool-1-thread-1] DEBUG com.mnc.udp.UDPServer - UDP-Server: Message-66-32
21:20:57.234 [pool-1-thread-4] DEBUG com.mnc.udp.UDPServer - UDP-Server: Message-86-44
21:20:57.234 [pool-1-thread-1] DEBUG com.mnc.udp.UDPServer - UDP-Server: Message-66-32 -> Message-66-32 (/127.0.0.1:49491)
21:20:57.234 [pool-1-thread-3] DEBUG com.mnc.udp.UDPServer - UDP-Server: Message-46-10
21:20:57.234 [pool-1-thread-4] DEBUG com.mnc.udp.UDPServer - UDP-Server: Message-86-44 -> Message-86-44 (/127.0.0.1:49511)
21:20:57.234 [pool-1-thread-5] DEBUG com.mnc.udp.UDPServer - UDP-Server: Message-79-9
21:20:57.234 [pool-1-thread-2] DEBUG com.mnc.udp.UDPServer - UDP-Server: Message-87-2
21:20:57.234 [pool-1-thread-5] DEBUG com.mnc.udp.UDPServer - UDP-Server: Message-79-9 -> Message-79-9 (/127.0.0.1:49504)
21:20:57.234 [pool-1-thread-2] DEBUG com.mnc.udp.UDPServer - UDP-Server: Message-87-2 -> Message-87-2 (/127.0.0.1:49512)
21:20:57.234 [pool-1-thread-3] DEBUG com.mnc.udp.UDPServer - UDP-Server: Message-46-10 -> Message-46-10 (/127.0.0.1:49471)
21:20:57.234 [pool-1-thread-3] DEBUG com.mnc.udp.UDPServer - UDP-Server: Message-66-33
21:20:57.235 [pool-1-thread-3] DEBUG com.mnc.udp.UDPServer - UDP-Server: Message-66-33 -> Message-66-33 (/127.0.0.1:49491)
21:20:57.235 [pool-1-thread-1] DEBUG com.mnc.udp.UDPServer - UDP-Server: Message-86-45
21:20:57.235 [pool-1-thread-4] DEBUG com.mnc.udp.UDPServer - UDP-Server: Message-79-3
21:20:57.235 [pool-1-thread-1] DEBUG com.mnc.udp.UDPServer - UDP-Server: Message-86-45 -> Message-86-45 (/127.0.0.1:49511)
21:20:57.235 [pool-1-thread-4] DEBUG com.mnc.udp.UDPServer - UDP-Server: Message-79-3 -> Message-79-3 (/127.0.0.1:49504)
21:20:57.235 [pool-1-thread-2] DEBUG com.mnc.udp.UDPServer - UDP-Server: Message-87-0
21:20:57.235 [pool-1-thread-2] DEBUG com.mnc.udp.UDPServer - UDP-Server: Message-87-0 -> Message-87-0 (/127.0.0.1:49512)
21:20:57.235 [pool-1-thread-3] DEBUG com.mnc.udp.UDPServer - UDP-Server: Message-46-11
21:20:57.235 [pool-1-thread-3] DEBUG com.mnc.udp.UDPServer - UDP-Server: Message-46-11 -> Message-46-11 (/127.0.0.1:49471)
21:20:57.235 [pool-1-thread-2] DEBUG com.mnc.udp.UDPServer - UDP-Server: Message-66-31
21:20:57.235 [pool-1-thread-3] DEBUG com.mnc.udp.UDPServer - UDP-Server: Message-79-4
21:20:57.235 [pool-1-thread-2] DEBUG com.mnc.udp.UDPServer - UDP-Server: Message-66-31 -> Message-66-31 (/127.0.0.1:49491)
21:20:57.235 [pool-1-thread-3] DEBUG com.mnc.udp.UDPServer - UDP-Server: Message-79-4 -> Message-79-4 (/127.0.0.1:49504)
21:20:57.235 [pool-1-thread-4] DEBUG com.mnc.udp.UDPServer - UDP-Server: Message-87-66
21:20:57.235 [pool-1-thread-1] DEBUG com.mnc.udp.UDPServer - UDP-Server: Message-86-43
21:20:57.235 [pool-1-thread-4] DEBUG com.mnc.udp.UDPServer - UDP-Server: Message-87-66 -> Message-87-66 (/127.0.0.1:49512)
21:20:57.235 [pool-1-thread-2] DEBUG com.mnc.udp.UDPServer - UDP-Server: Message-46-17
21:20:57.235 [pool-1-thread-2] DEBUG com.mnc.udp.UDPServer - UDP-Server: Message-46-17 -> Message-46-17 (/127.0.0.1:49471)
21:20:57.235 [pool-1-thread-4] DEBUG com.mnc.udp.UDPServer - UDP-Server: Message-66-35
21:20:57.235 [pool-1-thread-1] DEBUG com.mnc.udp.UDPServer - UDP-Server: Message-86-43 -> Message-86-43 (/127.0.0.1:49511)
21:20:57.235 [pool-1-thread-4] DEBUG com.mnc.udp.UDPServer - UDP-Server: Message-66-35 -> Message-66-35 (/127.0.0.1:49491)
21:20:57.235 [pool-1-thread-5] DEBUG com.mnc.udp.UDPServer - UDP-Server: Message-79-5
21:20:57.235 [pool-1-thread-2] DEBUG com.mnc.udp.UDPServer - UDP-Server: Message-87-67
21:20:57.235 [pool-1-thread-4] DEBUG com.mnc.udp.UDPServer - UDP-Server: Message-46-13
21:20:57.235 [pool-1-thread-5] DEBUG com.mnc.udp.UDPServer - UDP-Server: Message-79-5 -> Message-79-5 (/127.0.0.1:49504)
21:20:57.235 [pool-1-thread-2] DEBUG com.mnc.udp.UDPServer - UDP-Server: Message-87-67 -> Message-87-67 (/127.0.0.1:49512)
21:20:57.235 [pool-1-thread-4] DEBUG com.mnc.udp.UDPServer - UDP-Server: Message-46-13 -> Message-46-13 (/127.0.0.1:49471)
21:20:57.235 [pool-1-thread-1] DEBUG com.mnc.udp.UDPServer - UDP-Server: Message-86-48
21:20:57.235 [pool-1-thread-1] DEBUG com.mnc.udp.UDPServer - UDP-Server: Message-86-48 -> Message-86-48 (/127.0.0.1:49511)
21:20:57.235 [pool-1-thread-5] DEBUG com.mnc.udp.UDPServer - UDP-Server: Message-66-36
21:20:57.235 [pool-1-thread-5] DEBUG com.mnc.udp.UDPServer - UDP-Server: Message-66-36 -> Message-66-36 (/127.0.0.1:49491)
21:20:57.235 [pool-1-thread-5] DEBUG com.mnc.udp.UDPServer - UDP-Server: Message-39-32
21:20:57.235 [pool-1-thread-5] DEBUG com.mnc.udp.UDPServer - UDP-Server: Message-39-32 -> Message-39-32 (/127.0.0.1:49464)
21:20:57.235 [pool-1-thread-4] DEBUG com.mnc.udp.UDPServer - UDP-Server: Message-87-63
21:20:57.235 [pool-1-thread-4] DEBUG com.mnc.udp.UDPServer - UDP-Server: Message-87-63 -> Message-87-63 (/127.0.0.1:49512)
21:20:57.235 [pool-1-thread-3] DEBUG com.mnc.udp.UDPServer - UDP-Server: Message-79-1
21:20:57.235 [pool-1-thread-3] DEBUG com.mnc.udp.UDPServer - UDP-Server: Message-79-1 -> Message-79-1 (/127.0.0.1:49504)
21:20:57.235 [pool-1-thread-5] DEBUG com.mnc.udp.UDPServer - UDP-Server: Message-66-34
21:20:57.235 [pool-1-thread-5] DEBUG com.mnc.udp.UDPServer - UDP-Server: Message-66-34 -> Message-66-34 (/127.0.0.1:49491)
21:20:57.235 [pool-1-thread-3] DEBUG com.mnc.udp.UDPServer - UDP-Server: Message-46-14
21:20:57.235 [pool-1-thread-5] DEBUG com.mnc.udp.UDPServer - UDP-Server: Message-39-33
21:20:57.235 [pool-1-thread-4] DEBUG com.mnc.udp.UDPServer - UDP-Server: Message-86-49
21:20:57.235 [pool-1-thread-1] DEBUG com.mnc.udp.UDPServer - UDP-Server: Message-87-64
21:20:57.235 [pool-1-thread-4] DEBUG com.mnc.udp.UDPServer - UDP-Server: Message-86-49 -> Message-86-49 (/127.0.0.1:49511)
21:20:57.235 [pool-1-thread-1] DEBUG com.mnc.udp.UDPServer - UDP-Server: Message-87-64 -> Message-87-64 (/127.0.0.1:49512)
21:20:57.235 [pool-1-thread-3] DEBUG com.mnc.udp.UDPServer - UDP-Server: Message-46-14 -> Message-46-14 (/127.0.0.1:49471)
21:20:57.235 [pool-1-thread-4] DEBUG com.mnc.udp.UDPServer - UDP-Server: Message-66-28
21:20:57.235 [pool-1-thread-5] DEBUG com.mnc.udp.UDPServer - UDP-Server: Message-39-33 -> Message-39-33 (/127.0.0.1:49464)
21:20:57.235 [pool-1-thread-2] DEBUG com.mnc.udp.UDPServer - UDP-Server: Message-79-2
21:20:57.235 [pool-1-thread-2] DEBUG com.mnc.udp.UDPServer - UDP-Server: Message-79-2 -> Message-79-2 (/127.0.0.1:49504)
21:20:57.235 [pool-1-thread-2] DEBUG com.mnc.udp.UDPServer - UDP-Server: Message-86-46
21:20:57.235 [pool-1-thread-4] DEBUG com.mnc.udp.UDPServer - UDP-Server: Message-66-28 -> Message-66-28 (/127.0.0.1:49491)
21:20:57.235 [pool-1-thread-2] DEBUG com.mnc.udp.UDPServer - UDP-Server: Message-86-46 -> Message-86-46 (/127.0.0.1:49511)
21:20:57.235 [pool-1-thread-4] DEBUG com.mnc.udp.UDPServer - UDP-Server: Message-46-9
21:20:57.235 [pool-1-thread-3] DEBUG com.mnc.udp.UDPServer - UDP-Server: Message-39-31
21:20:57.235 [pool-1-thread-1] DEBUG com.mnc.udp.UDPServer - UDP-Server: Message-87-53
21:20:57.235 [pool-1-thread-4] DEBUG com.mnc.udp.UDPServer - UDP-Server: Message-46-9 -> Message-46-9 (/127.0.0.1:49471)
21:20:57.235 [pool-1-thread-2] DEBUG com.mnc.udp.UDPServer - UDP-Server: Message-66-29
21:20:57.235 [pool-1-thread-5] DEBUG com.mnc.udp.UDPServer - UDP-Server: Message-79-0
21:20:57.235 [pool-1-thread-3] DEBUG com.mnc.udp.UDPServer - UDP-Server: Message-39-31 -> Message-39-31 (/127.0.0.1:49464)
21:20:57.235 [pool-1-thread-1] DEBUG com.mnc.udp.UDPServer - UDP-Server: Message-87-53 -> Message-87-53 (/127.0.0.1:49512)
21:20:57.235 [pool-1-thread-3] DEBUG com.mnc.udp.UDPServer - UDP-Server: Message-46-3
21:20:57.235 [pool-1-thread-2] DEBUG com.mnc.udp.UDPServer - UDP-Server: Message-66-29 -> Message-66-29 (/127.0.0.1:49491)
21:20:57.235 [pool-1-thread-1] DEBUG com.mnc.udp.UDPServer - UDP-Server: Message-39-35
21:20:57.235 [pool-1-thread-1] DEBUG com.mnc.udp.UDPServer - UDP-Server: Message-39-35 -> Message-39-35 (/127.0.0.1:49464)
21:20:57.235 [pool-1-thread-4] DEBUG com.mnc.udp.UDPServer - UDP-Server: Message-86-47
21:20:57.235 [pool-1-thread-2] DEBUG com.mnc.udp.UDPServer - UDP-Server: Message-87-54
21:20:57.235 [pool-1-thread-5] DEBUG com.mnc.udp.UDPServer - UDP-Server: Message-79-0 -> Message-79-0 (/127.0.0.1:49504)
21:20:57.235 [pool-1-thread-3] DEBUG com.mnc.udp.UDPServer - UDP-Server: Message-46-3 -> Message-46-3 (/127.0.0.1:49471)
21:20:57.235 [pool-1-thread-4] DEBUG com.mnc.udp.UDPServer - UDP-Server: Message-86-47 -> Message-86-47 (/127.0.0.1:49511)
21:20:57.235 [pool-1-thread-1] DEBUG com.mnc.udp.UDPServer - UDP-Server: Message-66-30
21:20:57.235 [pool-1-thread-1] DEBUG com.mnc.udp.UDPServer - UDP-Server: Message-66-30 -> Message-66-30 (/127.0.0.1:49491)
21:20:57.235 [pool-1-thread-2] DEBUG com.mnc.udp.UDPServer - UDP-Server: Message-87-54 -> Message-87-54 (/127.0.0.1:49512)
21:20:57.235 [pool-1-thread-1] DEBUG com.mnc.udp.UDPServer - UDP-Server: Message-86-91
21:20:57.235 [pool-1-thread-1] DEBUG com.mnc.udp.UDPServer - UDP-Server: Message-86-91 -> Message-86-91 (/127.0.0.1:49511)
21:20:57.235 [pool-1-thread-5] DEBUG com.mnc.udp.UDPServer - UDP-Server: Message-39-36
21:20:57.236 [pool-1-thread-1] DEBUG com.mnc.udp.UDPServer - UDP-Server: Message-66-26
21:20:57.235 [pool-1-thread-4] DEBUG com.mnc.udp.UDPServer - UDP-Server: Message-79-90
21:20:57.236 [pool-1-thread-4] DEBUG com.mnc.udp.UDPServer - UDP-Server: Message-79-90 -> Message-79-90 (/127.0.0.1:49504)
21:20:57.235 [pool-1-thread-3] DEBUG com.mnc.udp.UDPServer - UDP-Server: Message-46-4
21:20:57.236 [pool-1-thread-3] DEBUG com.mnc.udp.UDPServer - UDP-Server: Message-46-4 -> Message-46-4 (/127.0.0.1:49471)
21:20:57.236 [pool-1-thread-5] DEBUG com.mnc.udp.UDPServer - UDP-Server: Message-39-36 -> Message-39-36 (/127.0.0.1:49464)
21:20:57.236 [pool-1-thread-2] DEBUG com.mnc.udp.UDPServer - UDP-Server: Message-87-55
21:20:57.236 [pool-1-thread-2] DEBUG com.mnc.udp.UDPServer - UDP-Server: Message-87-55 -> Message-87-55 (/127.0.0.1:49512)
21:20:57.236 [pool-1-thread-3] DEBUG com.mnc.udp.UDPServer - UDP-Server: Message-79-91
21:20:57.236 [pool-1-thread-3] DEBUG com.mnc.udp.UDPServer - UDP-Server: Message-79-91 -> Message-79-91 (/127.0.0.1:49504)
21:20:57.236 [pool-1-thread-1] DEBUG com.mnc.udp.UDPServer - UDP-Server: Message-66-26 -> Message-66-26 (/127.0.0.1:49491)
21:20:57.236 [pool-1-thread-2] DEBUG com.mnc.udp.UDPServer - UDP-Server: Message-39-90
21:20:57.236 [pool-1-thread-4] DEBUG com.mnc.udp.UDPServer - UDP-Server: Message-86-92
21:20:57.236 [pool-1-thread-5] DEBUG com.mnc.udp.UDPServer - UDP-Server: Message-46-5
21:20:57.236 [pool-1-thread-5] DEBUG com.mnc.udp.UDPServer - UDP-Server: Message-46-5 -> Message-46-5 (/127.0.0.1:49471)
21:20:57.236 [pool-1-thread-3] DEBUG com.mnc.udp.UDPServer - UDP-Server: Message-87-51
21:20:57.236 [pool-1-thread-3] DEBUG com.mnc.udp.UDPServer - UDP-Server: Message-87-51 -> Message-87-51 (/127.0.0.1:49512)
21:20:57.236 [pool-1-thread-2] DEBUG com.mnc.udp.UDPServer - UDP-Server: Message-39-90 -> Message-39-90 (/127.0.0.1:49464)
21:20:57.236 [pool-1-thread-3] DEBUG com.mnc.udp.UDPServer - UDP-Server: Message-79-92
21:20:57.236 [pool-1-thread-4] DEBUG com.mnc.udp.UDPServer - UDP-Server: Message-86-92 -> Message-86-92 (/127.0.0.1:49511)
21:20:57.236 [pool-1-thread-5] DEBUG com.mnc.udp.UDPServer - UDP-Server: Message-66-27
21:20:57.236 [pool-1-thread-5] DEBUG com.mnc.udp.UDPServer - UDP-Server: Message-66-27 -> Message-66-27 (/127.0.0.1:49491)
21:20:57.236 [pool-1-thread-3] DEBUG com.mnc.udp.UDPServer - UDP-Server: Message-79-92 -> Message-79-92 (/127.0.0.1:49504)
21:20:57.236 [pool-1-thread-5] DEBUG com.mnc.udp.UDPServer - UDP-Server: Message-46-79
21:20:57.236 [pool-1-thread-3] DEBUG com.mnc.udp.UDPServer - UDP-Server: Message-39-91
21:20:57.236 [pool-1-thread-2] DEBUG com.mnc.udp.UDPServer - UDP-Server: Message-86-40
21:20:57.236 [pool-1-thread-3] DEBUG com.mnc.udp.UDPServer - UDP-Server: Message-39-91 -> Message-39-91 (/127.0.0.1:49464)
21:20:57.236 [pool-1-thread-1] DEBUG com.mnc.udp.UDPServer - UDP-Server: Message-87-52
21:20:57.236 [pool-1-thread-5] DEBUG com.mnc.udp.UDPServer - UDP-Server: Message-46-79 -> Message-46-79 (/127.0.0.1:49471)
21:20:57.236 [pool-1-thread-2] DEBUG com.mnc.udp.UDPServer - UDP-Server: Message-86-40 -> Message-86-40 (/127.0.0.1:49511)
21:20:57.236 [pool-1-thread-4] DEBUG com.mnc.udp.UDPServer - UDP-Server: Message-66-25
21:20:57.236 [pool-1-thread-1] DEBUG com.mnc.udp.UDPServer - UDP-Server: Message-87-52 -> Message-87-52 (/127.0.0.1:49512)
21:20:57.236 [pool-1-thread-5] DEBUG com.mnc.udp.UDPServer - UDP-Server: Message-79-88
21:20:57.236 [pool-1-thread-1] DEBUG com.mnc.udp.UDPServer - UDP-Server: Message-46-80
21:20:57.236 [pool-1-thread-5] DEBUG com.mnc.udp.UDPServer - UDP-Server: Message-79-88 -> Message-79-88 (/127.0.0.1:49504)
21:20:57.236 [pool-1-thread-4] DEBUG com.mnc.udp.UDPServer - UDP-Server: Message-66-25 -> Message-66-25 (/127.0.0.1:49491)
21:20:57.236 [pool-1-thread-3] DEBUG com.mnc.udp.UDPServer - UDP-Server: Message-39-92
21:20:57.236 [pool-1-thread-4] DEBUG com.mnc.udp.UDPServer - UDP-Server: Message-86-41
21:20:57.236 [pool-1-thread-1] DEBUG com.mnc.udp.UDPServer - UDP-Server: Message-46-80 -> Message-46-80 (/127.0.0.1:49471)
21:20:57.236 [pool-1-thread-2] DEBUG com.mnc.udp.UDPServer - UDP-Server: Message-87-50
21:20:57.236 [pool-1-thread-3] DEBUG com.mnc.udp.UDPServer - UDP-Server: Message-39-92 -> Message-39-92 (/127.0.0.1:49464)
21:20:57.236 [pool-1-thread-5] DEBUG com.mnc.udp.UDPServer - UDP-Server: Message-79-89
21:20:57.236 [pool-1-thread-5] DEBUG com.mnc.udp.UDPServer - UDP-Server: Message-79-89 -> Message-79-89 (/127.0.0.1:49504)
21:20:57.236 [pool-1-thread-4] DEBUG com.mnc.udp.UDPServer - UDP-Server: Message-86-41 -> Message-86-41 (/127.0.0.1:49511)
21:20:57.236 [pool-1-thread-5] DEBUG com.mnc.udp.UDPServer - UDP-Server: Message-46-62
21:20:57.236 [pool-1-thread-4] DEBUG com.mnc.udp.UDPServer - UDP-Server: Message-39-88
21:20:57.236 [pool-1-thread-5] DEBUG com.mnc.udp.UDPServer - UDP-Server: Message-46-62 -> Message-46-62 (/127.0.0.1:49471)
21:20:57.236 [pool-1-thread-4] DEBUG com.mnc.udp.UDPServer - UDP-Server: Message-39-88 -> Message-39-88 (/127.0.0.1:49464)
21:20:57.236 [pool-1-thread-5] DEBUG com.mnc.udp.UDPServer - UDP-Server: Message-79-87
21:20:57.236 [pool-1-thread-2] DEBUG com.mnc.udp.UDPServer - UDP-Server: Message-87-50 -> Message-87-50 (/127.0.0.1:49512)
21:20:57.236 [pool-1-thread-3] DEBUG com.mnc.udp.UDPServer - UDP-Server: Message-66-44
21:20:57.236 [pool-1-thread-4] DEBUG com.mnc.udp.UDPServer - UDP-Server: Message-86-88
21:20:57.236 [pool-1-thread-5] DEBUG com.mnc.udp.UDPServer - UDP-Server: Message-79-87 -> Message-79-87 (/127.0.0.1:49504)
21:20:57.236 [pool-1-thread-3] DEBUG com.mnc.udp.UDPServer - UDP-Server: Message-66-44 -> Message-66-44 (/127.0.0.1:49491)
21:20:57.236 [pool-1-thread-1] DEBUG com.mnc.udp.UDPServer - UDP-Server: Message-39-89
21:20:57.236 [pool-1-thread-5] DEBUG com.mnc.udp.UDPServer - UDP-Server: Message-46-76
21:20:57.236 [pool-1-thread-4] DEBUG com.mnc.udp.UDPServer - UDP-Server: Message-86-88 -> Message-86-88 (/127.0.0.1:49511)
21:20:57.236 [pool-1-thread-1] DEBUG com.mnc.udp.UDPServer - UDP-Server: Message-39-89 -> Message-39-89 (/127.0.0.1:49464)
21:20:57.236 [pool-1-thread-5] DEBUG com.mnc.udp.UDPServer - UDP-Server: Message-46-76 -> Message-46-76 (/127.0.0.1:49471)
21:20:57.236 [pool-1-thread-1] DEBUG com.mnc.udp.UDPServer - UDP-Server: Message-79-96
21:20:57.236 [pool-1-thread-1] DEBUG com.mnc.udp.UDPServer - UDP-Server: Message-79-96 -> Message-79-96 (/127.0.0.1:49504)
21:20:57.236 [pool-1-thread-2] DEBUG com.mnc.udp.UDPServer - UDP-Server: Message-66-45
21:20:57.236 [pool-1-thread-2] DEBUG com.mnc.udp.UDPServer - UDP-Server: Message-66-45 -> Message-66-45 (/127.0.0.1:49491)
21:20:57.236 [pool-1-thread-4] DEBUG com.mnc.udp.UDPServer - UDP-Server: Message-86-89
21:20:57.236 [pool-1-thread-4] DEBUG com.mnc.udp.UDPServer - UDP-Server: Message-86-89 -> Message-86-89 (/127.0.0.1:49511)
21:20:57.236 [pool-1-thread-5] DEBUG com.mnc.udp.UDPServer - UDP-Server: Message-46-77
21:20:57.236 [pool-1-thread-2] DEBUG com.mnc.udp.UDPServer - UDP-Server: Message-39-87
21:20:57.236 [pool-1-thread-1] DEBUG com.mnc.udp.UDPServer - UDP-Server: Message-79-97
21:20:57.236 [pool-1-thread-2] DEBUG com.mnc.udp.UDPServer - UDP-Server: Message-39-87 -> Message-39-87 (/127.0.0.1:49464)
21:20:57.236 [pool-1-thread-1] DEBUG com.mnc.udp.UDPServer - UDP-Server: Message-79-97 -> Message-79-97 (/127.0.0.1:49504)
21:20:57.236 [pool-1-thread-3] DEBUG com.mnc.udp.UDPServer - UDP-Server: Message-66-43
21:20:57.236 [pool-1-thread-3] DEBUG com.mnc.udp.UDPServer - UDP-Server: Message-66-43 -> Message-66-43 (/127.0.0.1:49491)
21:20:57.236 [pool-1-thread-5] DEBUG com.mnc.udp.UDPServer - UDP-Server: Message-46-77 -> Message-46-77 (/127.0.0.1:49471)
21:20:57.236 [pool-1-thread-4] DEBUG com.mnc.udp.UDPServer - UDP-Server: Message-86-87
21:20:57.236 [pool-1-thread-4] DEBUG com.mnc.udp.UDPServer - UDP-Server: Message-86-87 -> Message-86-87 (/127.0.0.1:49511)
21:20:57.236 [pool-1-thread-2] DEBUG com.mnc.udp.UDPServer - UDP-Server: Message-39-34
21:20:57.236 [pool-1-thread-4] DEBUG com.mnc.udp.UDPServer - UDP-Server: Message-79-98
21:20:57.236 [pool-1-thread-1] DEBUG com.mnc.udp.UDPServer - UDP-Server: Message-66-48
21:20:57.236 [pool-1-thread-2] DEBUG com.mnc.udp.UDPServer - UDP-Server: Message-39-34 -> Message-39-34 (/127.0.0.1:49464)
21:20:57.236 [pool-1-thread-4] DEBUG com.mnc.udp.UDPServer - UDP-Server: Message-79-98 -> Message-79-98 (/127.0.0.1:49504)
21:20:57.236 [pool-1-thread-5] DEBUG com.mnc.udp.UDPServer - UDP-Server: Message-46-75
21:20:57.236 [pool-1-thread-5] DEBUG com.mnc.udp.UDPServer - UDP-Server: Message-46-75 -> Message-46-75 (/127.0.0.1:49471)
21:20:57.236 [pool-1-thread-1] DEBUG com.mnc.udp.UDPServer - UDP-Server: Message-66-48 -> Message-66-48 (/127.0.0.1:49491)
21:20:57.236 [pool-1-thread-2] DEBUG com.mnc.udp.UDPServer - UDP-Server: Message-86-57
21:20:57.237 [pool-1-thread-2] DEBUG com.mnc.udp.UDPServer - UDP-Server: Message-86-57 -> Message-86-57 (/127.0.0.1:49511)
21:20:57.237 [pool-1-thread-4] DEBUG com.mnc.udp.UDPServer - UDP-Server: Message-79-99
21:20:57.237 [pool-1-thread-1] DEBUG com.mnc.udp.UDPServer - UDP-Server: Message-39-96
21:20:57.237 [pool-1-thread-2] DEBUG com.mnc.udp.UDPServer - UDP-Server: Message-46-1
21:20:57.237 [pool-1-thread-4] DEBUG com.mnc.udp.UDPServer - UDP-Server: Message-79-99 -> Message-79-99 (/127.0.0.1:49504)
21:20:57.237 [pool-1-thread-3] DEBUG com.mnc.udp.UDPServer - UDP-Server: Message-66-49
21:20:57.237 [pool-1-thread-3] DEBUG com.mnc.udp.UDPServer - UDP-Server: Message-66-49 -> Message-66-49 (/127.0.0.1:49491)
21:20:57.237 [pool-1-thread-1] DEBUG com.mnc.udp.UDPServer - UDP-Server: Message-39-96 -> Message-39-96 (/127.0.0.1:49464)
21:20:57.237 [pool-1-thread-2] DEBUG com.mnc.udp.UDPServer - UDP-Server: Message-46-1 -> Message-46-1 (/127.0.0.1:49471)
21:20:57.237 [pool-1-thread-5] DEBUG com.mnc.udp.UDPServer - UDP-Server: Message-86-58
21:20:57.237 [pool-1-thread-5] DEBUG com.mnc.udp.UDPServer - UDP-Server: Message-86-58 -> Message-86-58 (/127.0.0.1:49511)
21:20:57.237 [pool-1-thread-4] DEBUG com.mnc.udp.UDPServer - UDP-Server: Message-79-94
21:20:57.237 [pool-1-thread-3] DEBUG com.mnc.udp.UDPServer - UDP-Server: Message-66-46
21:20:57.237 [pool-1-thread-5] DEBUG com.mnc.udp.UDPServer - UDP-Server: Message-39-97
21:20:57.237 [pool-1-thread-3] DEBUG com.mnc.udp.UDPServer - UDP-Server: Message-66-46 -> Message-66-46 (/127.0.0.1:49491)
21:20:57.237 [pool-1-thread-5] DEBUG com.mnc.udp.UDPServer - UDP-Server: Message-39-97 -> Message-39-97 (/127.0.0.1:49464)
21:20:57.237 [pool-1-thread-4] DEBUG com.mnc.udp.UDPServer - UDP-Server: Message-79-94 -> Message-79-94 (/127.0.0.1:49504)
21:20:57.237 [pool-1-thread-2] DEBUG com.mnc.udp.UDPServer - UDP-Server: Message-46-2
21:20:57.237 [pool-1-thread-2] DEBUG com.mnc.udp.UDPServer - UDP-Server: Message-46-2 -> Message-46-2 (/127.0.0.1:49471)
21:20:57.237 [pool-1-thread-1] DEBUG com.mnc.udp.UDPServer - UDP-Server: Message-86-42
21:20:57.237 [pool-1-thread-1] DEBUG com.mnc.udp.UDPServer - UDP-Server: Message-86-42 -> Message-86-42 (/127.0.0.1:49511)
21:20:57.237 [pool-1-thread-2] DEBUG com.mnc.udp.UDPServer - UDP-Server: Message-39-98
21:20:57.237 [pool-1-thread-2] DEBUG com.mnc.udp.UDPServer - UDP-Server: Message-39-98 -> Message-39-98 (/127.0.0.1:49464)
21:20:57.237 [pool-1-thread-3] DEBUG com.mnc.udp.UDPServer - UDP-Server: Message-66-47
21:20:57.237 [pool-1-thread-5] DEBUG com.mnc.udp.UDPServer - UDP-Server: Message-79-95
21:20:57.237 [pool-1-thread-1] DEBUG com.mnc.udp.UDPServer - UDP-Server: Message-46-0
21:20:57.237 [pool-1-thread-3] DEBUG com.mnc.udp.UDPServer - UDP-Server: Message-66-47 -> Message-66-47 (/127.0.0.1:49491)
21:20:57.237 [pool-1-thread-5] DEBUG com.mnc.udp.UDPServer - UDP-Server: Message-79-95 -> Message-79-95 (/127.0.0.1:49504)
21:20:57.237 [pool-1-thread-3] DEBUG com.mnc.udp.UDPServer - UDP-Server: Message-39-99
21:20:57.237 [pool-1-thread-3] DEBUG com.mnc.udp.UDPServer - UDP-Server: Message-39-99 -> Message-39-99 (/127.0.0.1:49464)
21:20:57.237 [pool-1-thread-1] DEBUG com.mnc.udp.UDPServer - UDP-Server: Message-46-0 -> Message-46-0 (/127.0.0.1:49471)
21:20:57.237 [pool-1-thread-2] DEBUG com.mnc.udp.UDPServer - UDP-Server: Message-86-56
21:20:57.237 [pool-1-thread-2] DEBUG com.mnc.udp.UDPServer - UDP-Server: Message-86-56 -> Message-86-56 (/127.0.0.1:49511)
21:20:57.237 [pool-1-thread-1] DEBUG com.mnc.udp.UDPServer - UDP-Server: Message-66-40
21:20:57.237 [pool-1-thread-2] DEBUG com.mnc.udp.UDPServer - UDP-Server: Message-79-93
21:20:57.237 [pool-1-thread-1] DEBUG com.mnc.udp.UDPServer - UDP-Server: Message-66-40 -> Message-66-40 (/127.0.0.1:49491)
21:20:57.237 [pool-1-thread-2] DEBUG com.mnc.udp.UDPServer - UDP-Server: Message-79-93 -> Message-79-93 (/127.0.0.1:49504)
21:20:57.237 [pool-1-thread-1] DEBUG com.mnc.udp.UDPServer - UDP-Server: Message-46-21
21:20:57.237 [pool-1-thread-1] DEBUG com.mnc.udp.UDPServer - UDP-Server: Message-46-21 -> Message-46-21 (/127.0.0.1:49471)
21:20:57.237 [pool-1-thread-4] DEBUG com.mnc.udp.UDPServer - UDP-Server: Message-39-94
21:20:57.237 [pool-1-thread-4] DEBUG com.mnc.udp.UDPServer - UDP-Server: Message-39-94 -> Message-39-94 (/127.0.0.1:49464)
21:20:57.237 [pool-1-thread-1] DEBUG com.mnc.udp.UDPServer - UDP-Server: Message-86-15
21:20:57.237 [pool-1-thread-3] DEBUG com.mnc.udp.UDPServer - UDP-Server: Message-66-41
21:20:57.237 [pool-1-thread-3] DEBUG com.mnc.udp.UDPServer - UDP-Server: Message-66-41 -> Message-66-41 (/127.0.0.1:49491)
21:20:57.237 [pool-1-thread-2] DEBUG com.mnc.udp.UDPServer - UDP-Server: Message-79-82
21:20:57.237 [pool-1-thread-2] DEBUG com.mnc.udp.UDPServer - UDP-Server: Message-79-82 -> Message-79-82 (/127.0.0.1:49504)
21:20:57.237 [pool-1-thread-3] DEBUG com.mnc.udp.UDPServer - UDP-Server: Message-39-95
21:20:57.237 [pool-1-thread-1] DEBUG com.mnc.udp.UDPServer - UDP-Server: Message-86-15 -> Message-86-15 (/127.0.0.1:49511)
21:20:57.237 [pool-1-thread-5] DEBUG com.mnc.udp.UDPServer - UDP-Server: Message-46-22
21:20:57.237 [pool-1-thread-3] DEBUG com.mnc.udp.UDPServer - UDP-Server: Message-39-95 -> Message-39-95 (/127.0.0.1:49464)
21:20:57.237 [pool-1-thread-5] DEBUG com.mnc.udp.UDPServer - UDP-Server: Message-46-22 -> Message-46-22 (/127.0.0.1:49471)
21:20:57.237 [pool-1-thread-5] DEBUG com.mnc.udp.UDPServer - UDP-Server: Message-66-42
21:20:57.237 [pool-1-thread-5] DEBUG com.mnc.udp.UDPServer - UDP-Server: Message-66-42 -> Message-66-42 (/127.0.0.1:49491)
21:20:57.237 [pool-1-thread-2] DEBUG com.mnc.udp.UDPServer - UDP-Server: Message-79-83
21:20:57.237 [pool-1-thread-1] DEBUG com.mnc.udp.UDPServer - UDP-Server: Message-86-96
21:20:57.237 [pool-1-thread-2] DEBUG com.mnc.udp.UDPServer - UDP-Server: Message-79-83 -> Message-79-83 (/127.0.0.1:49504)
21:20:57.237 [pool-1-thread-1] DEBUG com.mnc.udp.UDPServer - UDP-Server: Message-86-96 -> Message-86-96 (/127.0.0.1:49511)
21:20:57.237 [pool-1-thread-3] DEBUG com.mnc.udp.UDPServer - UDP-Server: Message-39-93
21:20:57.237 [pool-1-thread-1] DEBUG com.mnc.udp.UDPServer - UDP-Server: Message-46-23
21:20:57.237 [pool-1-thread-3] DEBUG com.mnc.udp.UDPServer - UDP-Server: Message-39-93 -> Message-39-93 (/127.0.0.1:49464)
21:20:57.237 [pool-1-thread-5] DEBUG com.mnc.udp.UDPServer - UDP-Server: Message-66-38
21:20:57.237 [pool-1-thread-2] DEBUG com.mnc.udp.UDPServer - UDP-Server: Message-79-81
21:20:57.237 [pool-1-thread-5] DEBUG com.mnc.udp.UDPServer - UDP-Server: Message-66-38 -> Message-66-38 (/127.0.0.1:49491)
21:20:57.237 [pool-1-thread-1] DEBUG com.mnc.udp.UDPServer - UDP-Server: Message-46-23 -> Message-46-23 (/127.0.0.1:49471)
21:20:57.237 [pool-1-thread-4] DEBUG com.mnc.udp.UDPServer - UDP-Server: Message-86-97
21:20:57.237 [pool-1-thread-4] DEBUG com.mnc.udp.UDPServer - UDP-Server: Message-86-97 -> Message-86-97 (/127.0.0.1:49511)
21:20:57.237 [pool-1-thread-3] DEBUG com.mnc.udp.UDPServer - UDP-Server: Message-39-82
21:20:57.237 [pool-1-thread-2] DEBUG com.mnc.udp.UDPServer - UDP-Server: Message-79-81 -> Message-79-81 (/127.0.0.1:49504)
21:20:57.237 [pool-1-thread-4] DEBUG com.mnc.udp.UDPServer - UDP-Server: Message-66-39
21:20:57.237 [pool-1-thread-3] DEBUG com.mnc.udp.UDPServer - UDP-Server: Message-39-82 -> Message-39-82 (/127.0.0.1:49464)
21:20:57.237 [pool-1-thread-4] DEBUG com.mnc.udp.UDPServer - UDP-Server: Message-66-39 -> Message-66-39 (/127.0.0.1:49491)
21:20:57.237 [pool-1-thread-2] DEBUG com.mnc.udp.UDPServer - UDP-Server: Message-46-24
21:20:57.237 [pool-1-thread-1] DEBUG com.mnc.udp.UDPServer - UDP-Server: Message-86-16
21:20:57.237 [pool-1-thread-2] DEBUG com.mnc.udp.UDPServer - UDP-Server: Message-46-24 -> Message-46-24 (/127.0.0.1:49471)
21:20:57.237 [pool-1-thread-1] DEBUG com.mnc.udp.UDPServer - UDP-Server: Message-86-16 -> Message-86-16 (/127.0.0.1:49511)
21:20:57.237 [pool-1-thread-5] DEBUG com.mnc.udp.UDPServer - UDP-Server: Message-79-85
21:20:57.237 [pool-1-thread-5] DEBUG com.mnc.udp.UDPServer - UDP-Server: Message-79-85 -> Message-79-85 (/127.0.0.1:49504)
21:20:57.237 [pool-1-thread-5] DEBUG com.mnc.udp.UDPServer - UDP-Server: Message-39-83
21:20:57.237 [pool-1-thread-5] DEBUG com.mnc.udp.UDPServer - UDP-Server: Message-39-83 -> Message-39-83 (/127.0.0.1:49464)
21:20:57.237 [pool-1-thread-4] DEBUG com.mnc.udp.UDPServer - UDP-Server: Message-66-37
21:20:57.237 [pool-1-thread-5] DEBUG com.mnc.udp.UDPServer - UDP-Server: Message-46-19
21:20:57.238 [pool-1-thread-1] DEBUG com.mnc.udp.UDPServer - UDP-Server: Message-86-17
21:20:57.238 [pool-1-thread-3] DEBUG com.mnc.udp.UDPServer - UDP-Server: Message-79-86
21:20:57.237 [pool-1-thread-4] DEBUG com.mnc.udp.UDPServer - UDP-Server: Message-66-37 -> Message-66-37 (/127.0.0.1:49491)
21:20:57.238 [pool-1-thread-5] DEBUG com.mnc.udp.UDPServer - UDP-Server: Message-46-19 -> Message-46-19 (/127.0.0.1:49471)
21:20:57.238 [pool-1-thread-2] DEBUG com.mnc.udp.UDPServer - UDP-Server: Message-39-81
21:20:57.238 [pool-1-thread-1] DEBUG com.mnc.udp.UDPServer - UDP-Server: Message-86-17 -> Message-86-17 (/127.0.0.1:49511)
21:20:57.238 [pool-1-thread-3] DEBUG com.mnc.udp.UDPServer - UDP-Server: Message-79-86 -> Message-79-86 (/127.0.0.1:49504)
21:20:57.238 [pool-1-thread-2] DEBUG com.mnc.udp.UDPServer - UDP-Server: Message-39-81 -> Message-39-81 (/127.0.0.1:49464)
21:20:57.238 [pool-1-thread-4] DEBUG com.mnc.udp.UDPServer - UDP-Server: Message-66-15
21:20:57.238 [pool-1-thread-5] DEBUG com.mnc.udp.UDPServer - UDP-Server: Message-46-12
21:20:57.238 [pool-1-thread-5] DEBUG com.mnc.udp.UDPServer - UDP-Server: Message-46-12 -> Message-46-12 (/127.0.0.1:49471)
21:20:57.238 [pool-1-thread-4] DEBUG com.mnc.udp.UDPServer - UDP-Server: Message-66-15 -> Message-66-15 (/127.0.0.1:49491)
21:20:57.238 [pool-1-thread-3] DEBUG com.mnc.udp.UDPServer - UDP-Server: Message-79-84
21:20:57.238 [pool-1-thread-3] DEBUG com.mnc.udp.UDPServer - UDP-Server: Message-79-84 -> Message-79-84 (/127.0.0.1:49504)
21:20:57.238 [pool-1-thread-1] DEBUG com.mnc.udp.UDPServer - UDP-Server: Message-86-60
21:20:57.238 [pool-1-thread-1] DEBUG com.mnc.udp.UDPServer - UDP-Server: Message-86-60 -> Message-86-60 (/127.0.0.1:49511)
21:20:57.238 [pool-1-thread-2] DEBUG com.mnc.udp.UDPServer - UDP-Server: Message-39-85
21:20:57.238 [pool-1-thread-5] DEBUG com.mnc.udp.UDPServer - UDP-Server: Message-46-20
21:20:57.238 [pool-1-thread-2] DEBUG com.mnc.udp.UDPServer - UDP-Server: Message-39-85 -> Message-39-85 (/127.0.0.1:49464)
21:20:57.238 [pool-1-thread-3] DEBUG com.mnc.udp.UDPServer - UDP-Server: Message-66-16
21:20:57.238 [pool-1-thread-3] DEBUG com.mnc.udp.UDPServer - UDP-Server: Message-66-16 -> Message-66-16 (/127.0.0.1:49491)
21:20:57.238 [pool-1-thread-5] DEBUG com.mnc.udp.UDPServer - UDP-Server: Message-46-20 -> Message-46-20 (/127.0.0.1:49471)
21:20:57.238 [pool-1-thread-3] DEBUG com.mnc.udp.UDPServer - UDP-Server: Message-79-78
21:20:57.238 [pool-1-thread-5] DEBUG com.mnc.udp.UDPServer - UDP-Server: Message-86-61
21:20:57.238 [pool-1-thread-3] DEBUG com.mnc.udp.UDPServer - UDP-Server: Message-79-78 -> Message-79-78 (/127.0.0.1:49504)
21:20:57.238 [pool-1-thread-4] DEBUG com.mnc.udp.UDPServer - UDP-Server: Message-39-86
21:20:57.238 [pool-1-thread-4] DEBUG com.mnc.udp.UDPServer - UDP-Server: Message-39-86 -> Message-39-86 (/127.0.0.1:49464)
21:20:57.238 [pool-1-thread-5] DEBUG com.mnc.udp.UDPServer - UDP-Server: Message-86-61 -> Message-86-61 (/127.0.0.1:49511)
21:20:57.238 [pool-1-thread-1] DEBUG com.mnc.udp.UDPServer - UDP-Server: Message-66-17
21:20:57.238 [pool-1-thread-1] DEBUG com.mnc.udp.UDPServer - UDP-Server: Message-66-17 -> Message-66-17 (/127.0.0.1:49491)
21:20:57.238 [pool-1-thread-2] DEBUG com.mnc.udp.UDPServer - UDP-Server: Message-46-18
21:20:57.238 [pool-1-thread-2] DEBUG com.mnc.udp.UDPServer - UDP-Server: Message-46-18 -> Message-46-18 (/127.0.0.1:49471)
21:20:57.238 [pool-1-thread-1] DEBUG com.mnc.udp.UDPServer - UDP-Server: Message-79-79
21:20:57.238 [pool-1-thread-1] DEBUG com.mnc.udp.UDPServer - UDP-Server: Message-79-79 -> Message-79-79 (/127.0.0.1:49504)
21:20:57.238 [pool-1-thread-2] DEBUG com.mnc.udp.UDPServer - UDP-Server: Message-39-84
21:20:57.238 [pool-1-thread-4] DEBUG com.mnc.udp.UDPServer - UDP-Server: Message-86-59
21:20:57.238 [pool-1-thread-2] DEBUG com.mnc.udp.UDPServer - UDP-Server: Message-39-84 -> Message-39-84 (/127.0.0.1:49464)
21:20:57.238 [pool-1-thread-4] DEBUG com.mnc.udp.UDPServer - UDP-Server: Message-86-59 -> Message-86-59 (/127.0.0.1:49511)
21:20:57.238 [pool-1-thread-2] DEBUG com.mnc.udp.UDPServer - UDP-Server: Message-79-80
21:20:57.238 [pool-1-thread-2] DEBUG com.mnc.udp.UDPServer - UDP-Server: Message-79-80 -> Message-79-80 (/127.0.0.1:49504)
21:20:57.238 [pool-1-thread-3] DEBUG com.mnc.udp.UDPServer - UDP-Server: Message-66-13
21:20:57.238 [pool-1-thread-3] DEBUG com.mnc.udp.UDPServer - UDP-Server: Message-66-13 -> Message-66-13 (/127.0.0.1:49491)
21:20:57.238 [pool-1-thread-1] DEBUG com.mnc.udp.UDPServer - UDP-Server: Message-39-78
21:20:57.238 [pool-1-thread-5] DEBUG com.mnc.udp.UDPServer - UDP-Server: Message-86-38
21:20:57.238 [pool-1-thread-1] DEBUG com.mnc.udp.UDPServer - UDP-Server: Message-39-78 -> Message-39-78 (/127.0.0.1:49464)
21:20:57.238 [pool-1-thread-2] DEBUG com.mnc.udp.UDPServer - UDP-Server: Message-79-76
21:20:57.238 [pool-1-thread-4] DEBUG com.mnc.udp.UDPServer - UDP-Server: Message-66-14
21:20:57.238 [pool-1-thread-5] DEBUG com.mnc.udp.UDPServer - UDP-Server: Message-86-38 -> Message-86-38 (/127.0.0.1:49511)
21:20:57.238 [pool-1-thread-2] DEBUG com.mnc.udp.UDPServer - UDP-Server: Message-79-76 -> Message-79-76 (/127.0.0.1:49504)
21:20:57.238 [pool-1-thread-4] DEBUG com.mnc.udp.UDPServer - UDP-Server: Message-66-14 -> Message-66-14 (/127.0.0.1:49491)
21:20:57.238 [pool-1-thread-3] DEBUG com.mnc.udp.UDPServer - UDP-Server: Message-39-79
21:20:57.238 [pool-1-thread-4] DEBUG com.mnc.udp.UDPServer - UDP-Server: Message-86-39
21:20:57.238 [pool-1-thread-3] DEBUG com.mnc.udp.UDPServer - UDP-Server: Message-39-79 -> Message-39-79 (/127.0.0.1:49464)
21:20:57.238 [pool-1-thread-5] DEBUG com.mnc.udp.UDPServer - UDP-Server: Message-79-77
21:20:57.238 [pool-1-thread-2] DEBUG com.mnc.udp.UDPServer - UDP-Server: Message-66-12
21:20:57.238 [pool-1-thread-2] DEBUG com.mnc.udp.UDPServer - UDP-Server: Message-66-12 -> Message-66-12 (/127.0.0.1:49491)
21:20:57.238 [pool-1-thread-4] DEBUG com.mnc.udp.UDPServer - UDP-Server: Message-86-39 -> Message-86-39 (/127.0.0.1:49511)
21:20:57.238 [pool-1-thread-5] DEBUG com.mnc.udp.UDPServer - UDP-Server: Message-79-77 -> Message-79-77 (/127.0.0.1:49504)
21:20:57.238 [pool-1-thread-4] DEBUG com.mnc.udp.UDPServer - UDP-Server: Message-39-80
21:20:57.238 [pool-1-thread-4] DEBUG com.mnc.udp.UDPServer - UDP-Server: Message-39-80 -> Message-39-80 (/127.0.0.1:49464)
21:20:57.238 [pool-1-thread-5] DEBUG com.mnc.udp.UDPServer - UDP-Server: Message-66-21
21:20:57.238 [pool-1-thread-5] DEBUG com.mnc.udp.UDPServer - UDP-Server: Message-66-21 -> Message-66-21 (/127.0.0.1:49491)
21:20:57.238 [pool-1-thread-1] DEBUG com.mnc.udp.UDPServer - UDP-Server: Message-86-53
21:20:57.238 [pool-1-thread-4] DEBUG com.mnc.udp.UDPServer - UDP-Server: Message-79-75
21:20:57.238 [pool-1-thread-1] DEBUG com.mnc.udp.UDPServer - UDP-Server: Message-86-53 -> Message-86-53 (/127.0.0.1:49511)
21:20:57.238 [pool-1-thread-4] DEBUG com.mnc.udp.UDPServer - UDP-Server: Message-79-75 -> Message-79-75 (/127.0.0.1:49504)
21:20:57.238 [pool-1-thread-1] DEBUG com.mnc.udp.UDPServer - UDP-Server: Message-39-76
21:20:57.238 [pool-1-thread-4] DEBUG com.mnc.udp.UDPServer - UDP-Server: Message-66-22
21:20:57.238 [pool-1-thread-1] DEBUG com.mnc.udp.UDPServer - UDP-Server: Message-39-76 -> Message-39-76 (/127.0.0.1:49464)
21:20:57.238 [pool-1-thread-4] DEBUG com.mnc.udp.UDPServer - UDP-Server: Message-66-22 -> Message-66-22 (/127.0.0.1:49491)
21:20:57.238 [pool-1-thread-1] DEBUG com.mnc.udp.UDPServer - UDP-Server: Message-86-69
21:20:57.238 [pool-1-thread-1] DEBUG com.mnc.udp.UDPServer - UDP-Server: Message-86-69 -> Message-86-69 (/127.0.0.1:49511)
21:20:57.238 [pool-1-thread-3] DEBUG com.mnc.udp.UDPServer - UDP-Server: Message-79-57
21:20:57.238 [pool-1-thread-3] DEBUG com.mnc.udp.UDPServer - UDP-Server: Message-79-57 -> Message-79-57 (/127.0.0.1:49504)
21:20:57.238 [pool-1-thread-3] DEBUG com.mnc.udp.UDPServer - UDP-Server: Message-66-23
21:20:57.238 [pool-1-thread-3] DEBUG com.mnc.udp.UDPServer - UDP-Server: Message-66-23 -> Message-66-23 (/127.0.0.1:49491)
21:20:57.238 [pool-1-thread-2] DEBUG com.mnc.udp.UDPServer - UDP-Server: Message-39-77
21:20:57.238 [pool-1-thread-2] DEBUG com.mnc.udp.UDPServer - UDP-Server: Message-39-77 -> Message-39-77 (/127.0.0.1:49464)
21:20:57.238 [pool-1-thread-4] DEBUG com.mnc.udp.UDPServer - UDP-Server: Message-86-70
21:20:57.238 [pool-1-thread-4] DEBUG com.mnc.udp.UDPServer - UDP-Server: Message-86-70 -> Message-86-70 (/127.0.0.1:49511)
21:20:57.238 [pool-1-thread-2] DEBUG com.mnc.udp.UDPServer - UDP-Server: Message-79-58
21:20:57.238 [pool-1-thread-1] DEBUG com.mnc.udp.UDPServer - UDP-Server: Message-66-24
21:20:57.238 [pool-1-thread-2] DEBUG com.mnc.udp.UDPServer - UDP-Server: Message-79-58 -> Message-79-58 (/127.0.0.1:49504)
21:20:57.238 [pool-1-thread-4] DEBUG com.mnc.udp.UDPServer - UDP-Server: Message-39-75
21:20:57.238 [pool-1-thread-1] DEBUG com.mnc.udp.UDPServer - UDP-Server: Message-66-24 -> Message-66-24 (/127.0.0.1:49491)
21:20:57.238 [pool-1-thread-4] DEBUG com.mnc.udp.UDPServer - UDP-Server: Message-39-75 -> Message-39-75 (/127.0.0.1:49464)
21:20:57.239 [pool-1-thread-4] DEBUG com.mnc.udp.UDPServer - UDP-Server: Message-86-68
21:20:57.239 [pool-1-thread-4] DEBUG com.mnc.udp.UDPServer - UDP-Server: Message-86-68 -> Message-86-68 (/127.0.0.1:49511)
21:20:57.239 [pool-1-thread-3] DEBUG com.mnc.udp.UDPServer - UDP-Server: Message-66-19
21:20:57.239 [pool-1-thread-3] DEBUG com.mnc.udp.UDPServer - UDP-Server: Message-66-19 -> Message-66-19 (/127.0.0.1:49491)
21:20:57.239 [pool-1-thread-5] DEBUG com.mnc.udp.UDPServer - UDP-Server: Message-39-71
21:20:57.239 [pool-1-thread-5] DEBUG com.mnc.udp.UDPServer - UDP-Server: Message-39-71 -> Message-39-71 (/127.0.0.1:49464)
21:20:57.239 [pool-1-thread-4] DEBUG com.mnc.udp.UDPServer - UDP-Server: Message-79-56
21:20:57.239 [pool-1-thread-4] DEBUG com.mnc.udp.UDPServer - UDP-Server: Message-79-56 -> Message-79-56 (/127.0.0.1:49504)
21:20:57.239 [pool-1-thread-2] DEBUG com.mnc.udp.UDPServer - UDP-Server: Message-86-71
21:20:57.239 [pool-1-thread-2] DEBUG com.mnc.udp.UDPServer - UDP-Server: Message-86-71 -> Message-86-71 (/127.0.0.1:49511)
21:20:57.239 [pool-1-thread-1] DEBUG com.mnc.udp.UDPServer - UDP-Server: Message-66-20
21:20:57.239 [pool-1-thread-5] DEBUG com.mnc.udp.UDPServer - UDP-Server: Message-39-72
21:20:57.239 [pool-1-thread-1] DEBUG com.mnc.udp.UDPServer - UDP-Server: Message-66-20 -> Message-66-20 (/127.0.0.1:49491)
21:20:57.239 [pool-1-thread-5] DEBUG com.mnc.udp.UDPServer - UDP-Server: Message-39-72 -> Message-39-72 (/127.0.0.1:49464)
21:20:57.239 [pool-1-thread-1] DEBUG com.mnc.udp.UDPServer - UDP-Server: Message-79-60
21:20:57.239 [pool-1-thread-1] DEBUG com.mnc.udp.UDPServer - UDP-Server: Message-79-60 -> Message-79-60 (/127.0.0.1:49504)
21:20:57.239 [pool-1-thread-5] DEBUG com.mnc.udp.UDPServer - UDP-Server: Message-86-72
21:20:57.239 [pool-1-thread-5] DEBUG com.mnc.udp.UDPServer - UDP-Server: Message-86-72 -> Message-86-72 (/127.0.0.1:49511)
21:20:57.239 [pool-1-thread-2] DEBUG com.mnc.udp.UDPServer - UDP-Server: Message-66-18
21:20:57.239 [pool-1-thread-3] DEBUG com.mnc.udp.UDPServer - UDP-Server: Message-39-57
21:20:57.239 [pool-1-thread-2] DEBUG com.mnc.udp.UDPServer - UDP-Server: Message-66-18 -> Message-66-18 (/127.0.0.1:49491)
21:20:57.239 [pool-1-thread-4] DEBUG com.mnc.udp.UDPServer - UDP-Server: Message-79-61
21:20:57.239 [pool-1-thread-1] DEBUG com.mnc.udp.UDPServer - UDP-Server: Message-86-13
21:20:57.239 [pool-1-thread-3] DEBUG com.mnc.udp.UDPServer - UDP-Server: Message-39-57 -> Message-39-57 (/127.0.0.1:49464)
21:20:57.239 [pool-1-thread-1] DEBUG com.mnc.udp.UDPServer - UDP-Server: Message-86-13 -> Message-86-13 (/127.0.0.1:49511)
21:20:57.239 [pool-1-thread-4] DEBUG com.mnc.udp.UDPServer - UDP-Server: Message-79-61 -> Message-79-61 (/127.0.0.1:49504)
21:20:57.239 [pool-1-thread-5] DEBUG com.mnc.udp.UDPServer - UDP-Server: Message-66-7
21:20:57.239 [pool-1-thread-5] DEBUG com.mnc.udp.UDPServer - UDP-Server: Message-66-7 -> Message-66-7 (/127.0.0.1:49491)
21:20:57.239 [pool-1-thread-2] DEBUG com.mnc.udp.UDPServer - UDP-Server: Message-39-58
21:20:57.239 [pool-1-thread-5] DEBUG com.mnc.udp.UDPServer - UDP-Server: Message-79-59
21:20:57.239 [pool-1-thread-3] DEBUG com.mnc.udp.UDPServer - UDP-Server: Message-86-14
21:20:57.239 [pool-1-thread-2] DEBUG com.mnc.udp.UDPServer - UDP-Server: Message-39-58 -> Message-39-58 (/127.0.0.1:49464)
21:20:57.239 [pool-1-thread-5] DEBUG com.mnc.udp.UDPServer - UDP-Server: Message-79-59 -> Message-79-59 (/127.0.0.1:49504)
21:20:57.239 [pool-1-thread-3] DEBUG com.mnc.udp.UDPServer - UDP-Server: Message-86-14 -> Message-86-14 (/127.0.0.1:49511)
21:20:57.239 [pool-1-thread-2] DEBUG com.mnc.udp.UDPServer - UDP-Server: Message-66-8
21:20:57.239 [pool-1-thread-2] DEBUG com.mnc.udp.UDPServer - UDP-Server: Message-66-8 -> Message-66-8 (/127.0.0.1:49491)
21:20:57.239 [pool-1-thread-2] DEBUG com.mnc.udp.UDPServer - UDP-Server: Message-39-56
21:20:57.239 [pool-1-thread-2] DEBUG com.mnc.udp.UDPServer - UDP-Server: Message-39-56 -> Message-39-56 (/127.0.0.1:49464)
21:20:57.239 [pool-1-thread-1] DEBUG com.mnc.udp.UDPServer - UDP-Server: Message-79-53
21:20:57.239 [pool-1-thread-1] DEBUG com.mnc.udp.UDPServer - UDP-Server: Message-79-53 -> Message-79-53 (/127.0.0.1:49504)
21:20:57.239 [pool-1-thread-5] DEBUG com.mnc.udp.UDPServer - UDP-Server: Message-86-12
21:20:57.239 [pool-1-thread-3] DEBUG com.mnc.udp.UDPServer - UDP-Server: Message-66-6
21:20:57.239 [pool-1-thread-5] DEBUG com.mnc.udp.UDPServer - UDP-Server: Message-86-12 -> Message-86-12 (/127.0.0.1:49511)
21:20:57.239 [pool-1-thread-3] DEBUG com.mnc.udp.UDPServer - UDP-Server: Message-66-6 -> Message-66-6 (/127.0.0.1:49491)
21:20:57.239 [pool-1-thread-4] DEBUG com.mnc.udp.UDPServer - UDP-Server: Message-39-73
21:20:57.239 [pool-1-thread-4] DEBUG com.mnc.udp.UDPServer - UDP-Server: Message-39-73 -> Message-39-73 (/127.0.0.1:49464)
21:20:57.239 [pool-1-thread-2] DEBUG com.mnc.udp.UDPServer - UDP-Server: Message-79-54
21:20:57.239 [pool-1-thread-2] DEBUG com.mnc.udp.UDPServer - UDP-Server: Message-79-54 -> Message-79-54 (/127.0.0.1:49504)
21:20:57.239 [pool-1-thread-1] DEBUG com.mnc.udp.UDPServer - UDP-Server: Message-86-21
21:20:57.239 [pool-1-thread-5] DEBUG com.mnc.udp.UDPServer - UDP-Server: Message-66-10
21:20:57.239 [pool-1-thread-1] DEBUG com.mnc.udp.UDPServer - UDP-Server: Message-86-21 -> Message-86-21 (/127.0.0.1:49511)
21:20:57.239 [pool-1-thread-5] DEBUG com.mnc.udp.UDPServer - UDP-Server: Message-66-10 -> Message-66-10 (/127.0.0.1:49491)
21:20:57.239 [pool-1-thread-4] DEBUG com.mnc.udp.UDPServer - UDP-Server: Message-79-55
21:20:57.239 [pool-1-thread-3] DEBUG com.mnc.udp.UDPServer - UDP-Server: Message-39-74
21:20:57.239 [pool-1-thread-4] DEBUG com.mnc.udp.UDPServer - UDP-Server: Message-79-55 -> Message-79-55 (/127.0.0.1:49504)
21:20:57.239 [pool-1-thread-3] DEBUG com.mnc.udp.UDPServer - UDP-Server: Message-39-74 -> Message-39-74 (/127.0.0.1:49464)
21:20:57.239 [pool-1-thread-2] DEBUG com.mnc.udp.UDPServer - UDP-Server: Message-86-22
21:20:57.239 [pool-1-thread-1] DEBUG com.mnc.udp.UDPServer - UDP-Server: Message-66-11
21:20:57.239 [pool-1-thread-2] DEBUG com.mnc.udp.UDPServer - UDP-Server: Message-86-22 -> Message-86-22 (/127.0.0.1:49511)
21:20:57.239 [pool-1-thread-1] DEBUG com.mnc.udp.UDPServer - UDP-Server: Message-66-11 -> Message-66-11 (/127.0.0.1:49491)
21:20:57.239 [pool-1-thread-4] DEBUG com.mnc.udp.UDPServer - UDP-Server: Message-39-28
21:20:57.239 [pool-1-thread-5] DEBUG com.mnc.udp.UDPServer - UDP-Server: Message-79-51
21:20:57.239 [pool-1-thread-5] DEBUG com.mnc.udp.UDPServer - UDP-Server: Message-79-51 -> Message-79-51 (/127.0.0.1:49504)
21:20:57.239 [pool-1-thread-4] DEBUG com.mnc.udp.UDPServer - UDP-Server: Message-39-28 -> Message-39-28 (/127.0.0.1:49464)
21:20:57.239 [pool-1-thread-4] DEBUG com.mnc.udp.UDPServer - UDP-Server: Message-66-9
21:20:57.240 [pool-1-thread-2] DEBUG com.mnc.udp.UDPServer - UDP-Server: Message-86-98
21:20:57.240 [pool-1-thread-1] DEBUG com.mnc.udp.UDPServer - UDP-Server: Message-79-52
21:20:57.240 [pool-1-thread-5] DEBUG com.mnc.udp.UDPServer - UDP-Server: Message-39-29
21:20:57.240 [pool-1-thread-1] DEBUG com.mnc.udp.UDPServer - UDP-Server: Message-79-52 -> Message-79-52 (/127.0.0.1:49504)
21:20:57.240 [pool-1-thread-4] DEBUG com.mnc.udp.UDPServer - UDP-Server: Message-66-9 -> Message-66-9 (/127.0.0.1:49491)
21:20:57.240 [pool-1-thread-2] DEBUG com.mnc.udp.UDPServer - UDP-Server: Message-86-98 -> Message-86-98 (/127.0.0.1:49511)
21:20:57.240 [pool-1-thread-5] DEBUG com.mnc.udp.UDPServer - UDP-Server: Message-39-29 -> Message-39-29 (/127.0.0.1:49464)
21:20:57.240 [pool-1-thread-3] DEBUG com.mnc.udp.UDPServer - UDP-Server: Message-79-50
21:20:57.240 [pool-1-thread-3] DEBUG com.mnc.udp.UDPServer - UDP-Server: Message-79-50 -> Message-79-50 (/127.0.0.1:49504)
21:20:57.240 [pool-1-thread-1] DEBUG com.mnc.udp.UDPServer - UDP-Server: Message-66-3
21:20:57.240 [pool-1-thread-1] DEBUG com.mnc.udp.UDPServer - UDP-Server: Message-66-3 -> Message-66-3 (/127.0.0.1:49491)
21:20:57.240 [pool-1-thread-3] DEBUG com.mnc.udp.UDPServer - UDP-Server: Message-86-99
21:20:57.240 [pool-1-thread-2] DEBUG com.mnc.udp.UDPServer - UDP-Server: Message-39-30
21:20:57.240 [pool-1-thread-3] DEBUG com.mnc.udp.UDPServer - UDP-Server: Message-86-99 -> Message-86-99 (/127.0.0.1:49511)
21:20:57.240 [pool-1-thread-1] DEBUG com.mnc.udp.UDPServer - UDP-Server: Message-79-71
21:20:57.240 [pool-1-thread-1] DEBUG com.mnc.udp.UDPServer - UDP-Server: Message-79-71 -> Message-79-71 (/127.0.0.1:49504)
21:20:57.240 [pool-1-thread-2] DEBUG com.mnc.udp.UDPServer - UDP-Server: Message-39-30 -> Message-39-30 (/127.0.0.1:49464)
21:20:57.240 [pool-1-thread-4] DEBUG com.mnc.udp.UDPServer - UDP-Server: Message-66-4
21:20:57.240 [pool-1-thread-4] DEBUG com.mnc.udp.UDPServer - UDP-Server: Message-66-4 -> Message-66-4 (/127.0.0.1:49491)
21:20:57.240 [pool-1-thread-5] DEBUG com.mnc.udp.UDPServer - UDP-Server: Message-86-94
21:20:57.240 [pool-1-thread-5] DEBUG com.mnc.udp.UDPServer - UDP-Server: Message-86-94 -> Message-86-94 (/127.0.0.1:49511)
21:20:57.240 [pool-1-thread-3] DEBUG com.mnc.udp.UDPServer - UDP-Server: Message-39-26
21:20:57.240 [pool-1-thread-5] DEBUG com.mnc.udp.UDPServer - UDP-Server: Message-66-5
21:20:57.240 [pool-1-thread-4] DEBUG com.mnc.udp.UDPServer - UDP-Server: Message-79-72
21:20:57.240 [pool-1-thread-5] DEBUG com.mnc.udp.UDPServer - UDP-Server: Message-66-5 -> Message-66-5 (/127.0.0.1:49491)
21:20:57.240 [pool-1-thread-3] DEBUG com.mnc.udp.UDPServer - UDP-Server: Message-39-26 -> Message-39-26 (/127.0.0.1:49464)
21:20:57.240 [pool-1-thread-4] DEBUG com.mnc.udp.UDPServer - UDP-Server: Message-79-72 -> Message-79-72 (/127.0.0.1:49504)
21:20:57.240 [pool-1-thread-1] DEBUG com.mnc.udp.UDPServer - UDP-Server: Message-86-95
21:20:57.240 [pool-1-thread-1] DEBUG com.mnc.udp.UDPServer - UDP-Server: Message-86-95 -> Message-86-95 (/127.0.0.1:49511)
21:20:57.240 [pool-1-thread-1] DEBUG com.mnc.udp.UDPServer - UDP-Server: Message-39-27
21:20:57.240 [pool-1-thread-5] DEBUG com.mnc.udp.UDPServer - UDP-Server: Message-79-73
21:20:57.240 [pool-1-thread-2] DEBUG com.mnc.udp.UDPServer - UDP-Server: Message-66-1
21:20:57.240 [pool-1-thread-2] DEBUG com.mnc.udp.UDPServer - UDP-Server: Message-66-1 -> Message-66-1 (/127.0.0.1:49491)
21:20:57.240 [pool-1-thread-4] DEBUG com.mnc.udp.UDPServer - UDP-Server: Message-86-23
21:20:57.240 [pool-1-thread-4] DEBUG com.mnc.udp.UDPServer - UDP-Server: Message-86-23 -> Message-86-23 (/127.0.0.1:49511)
21:20:57.240 [pool-1-thread-1] DEBUG com.mnc.udp.UDPServer - UDP-Server: Message-39-27 -> Message-39-27 (/127.0.0.1:49464)
21:20:57.240 [pool-1-thread-5] DEBUG com.mnc.udp.UDPServer - UDP-Server: Message-79-73 -> Message-79-73 (/127.0.0.1:49504)
21:20:57.240 [pool-1-thread-3] DEBUG com.mnc.udp.UDPServer - UDP-Server: Message-66-2
21:20:57.240 [pool-1-thread-3] DEBUG com.mnc.udp.UDPServer - UDP-Server: Message-66-2 -> Message-66-2 (/127.0.0.1:49491)
21:20:57.240 [pool-1-thread-2] DEBUG com.mnc.udp.UDPServer - UDP-Server: Message-86-24
21:20:57.240 [pool-1-thread-2] DEBUG com.mnc.udp.UDPServer - UDP-Server: Message-86-24 -> Message-86-24 (/127.0.0.1:49511)
21:20:57.240 [pool-1-thread-3] DEBUG com.mnc.udp.UDPServer - UDP-Server: Message-39-25
21:20:57.240 [pool-1-thread-3] DEBUG com.mnc.udp.UDPServer - UDP-Server: Message-39-25 -> Message-39-25 (/127.0.0.1:49464)
21:20:57.240 [pool-1-thread-2] DEBUG com.mnc.udp.UDPServer - UDP-Server: Message-79-74
21:20:57.240 [pool-1-thread-2] DEBUG com.mnc.udp.UDPServer - UDP-Server: Message-79-74 -> Message-79-74 (/127.0.0.1:49504)
21:20:57.240 [pool-1-thread-5] DEBUG com.mnc.udp.UDPServer - UDP-Server: Message-66-0
21:20:57.240 [pool-1-thread-2] DEBUG com.mnc.udp.UDPServer - UDP-Server: Message-86-19
21:20:57.240 [pool-1-thread-5] DEBUG com.mnc.udp.UDPServer - UDP-Server: Message-66-0 -> Message-66-0 (/127.0.0.1:49491)
21:20:57.240 [pool-1-thread-2] DEBUG com.mnc.udp.UDPServer - UDP-Server: Message-86-19 -> Message-86-19 (/127.0.0.1:49511)
21:20:57.240 [pool-1-thread-5] DEBUG com.mnc.udp.UDPServer - UDP-Server: Message-79-69
21:20:57.240 [pool-1-thread-5] DEBUG com.mnc.udp.UDPServer - UDP-Server: Message-79-69 -> Message-79-69 (/127.0.0.1:49504)
21:20:57.240 [pool-1-thread-3] DEBUG com.mnc.udp.UDPServer - UDP-Server: Message-39-44
21:20:57.240 [pool-1-thread-3] DEBUG com.mnc.udp.UDPServer - UDP-Server: Message-39-44 -> Message-39-44 (/127.0.0.1:49464)
21:20:57.240 [pool-1-thread-4] DEBUG com.mnc.udp.UDPServer - UDP-Server: Message-66-90
21:20:57.240 [pool-1-thread-3] DEBUG com.mnc.udp.UDPServer - UDP-Server: Message-86-20
21:20:57.240 [pool-1-thread-3] DEBUG com.mnc.udp.UDPServer - UDP-Server: Message-86-20 -> Message-86-20 (/127.0.0.1:49511)
21:20:57.240 [pool-1-thread-4] DEBUG com.mnc.udp.UDPServer - UDP-Server: Message-66-90 -> Message-66-90 (/127.0.0.1:49491)
21:20:57.240 [pool-1-thread-2] DEBUG com.mnc.udp.UDPServer - UDP-Server: Message-79-70
21:20:57.240 [pool-1-thread-2] DEBUG com.mnc.udp.UDPServer - UDP-Server: Message-79-70 -> Message-79-70 (/127.0.0.1:49504)
21:20:57.240 [pool-1-thread-4] DEBUG com.mnc.udp.UDPServer - UDP-Server: Message-39-45
21:20:57.240 [pool-1-thread-4] DEBUG com.mnc.udp.UDPServer - UDP-Server: Message-39-45 -> Message-39-45 (/127.0.0.1:49464)
21:20:57.240 [pool-1-thread-2] DEBUG com.mnc.udp.UDPServer - UDP-Server: Message-66-91
21:20:57.240 [pool-1-thread-3] DEBUG com.mnc.udp.UDPServer - UDP-Server: Message-86-18
21:20:57.240 [pool-1-thread-2] DEBUG com.mnc.udp.UDPServer - UDP-Server: Message-66-91 -> Message-66-91 (/127.0.0.1:49491)
21:20:57.240 [pool-1-thread-3] DEBUG com.mnc.udp.UDPServer - UDP-Server: Message-86-18 -> Message-86-18 (/127.0.0.1:49511)
21:20:57.240 [pool-1-thread-2] DEBUG com.mnc.udp.UDPServer - UDP-Server: Message-79-68
21:20:57.240 [pool-1-thread-1] DEBUG com.mnc.udp.UDPServer - UDP-Server: Message-39-43
21:20:57.240 [pool-1-thread-2] DEBUG com.mnc.udp.UDPServer - UDP-Server: Message-79-68 -> Message-79-68 (/127.0.0.1:49504)
21:20:57.240 [pool-1-thread-1] DEBUG com.mnc.udp.UDPServer - UDP-Server: Message-39-43 -> Message-39-43 (/127.0.0.1:49464)
21:20:57.241 [pool-1-thread-3] DEBUG com.mnc.udp.UDPServer - UDP-Server: Message-86-63
21:20:57.241 [pool-1-thread-4] DEBUG com.mnc.udp.UDPServer - UDP-Server: Message-66-92
21:20:57.241 [pool-1-thread-3] DEBUG com.mnc.udp.UDPServer - UDP-Server: Message-86-63 -> Message-86-63 (/127.0.0.1:49511)
21:20:57.241 [pool-1-thread-4] DEBUG com.mnc.udp.UDPServer - UDP-Server: Message-66-92 -> Message-66-92 (/127.0.0.1:49491)
21:20:57.241 [pool-1-thread-3] DEBUG com.mnc.udp.UDPServer - UDP-Server: Message-79-63
21:20:57.241 [pool-1-thread-3] DEBUG com.mnc.udp.UDPServer - UDP-Server: Message-79-63 -> Message-79-63 (/127.0.0.1:49504)
21:20:57.241 [pool-1-thread-3] DEBUG com.mnc.udp.UDPServer - UDP-Server: Message-39-48
21:20:57.241 [pool-1-thread-3] DEBUG com.mnc.udp.UDPServer - UDP-Server: Message-39-48 -> Message-39-48 (/127.0.0.1:49464)
21:20:57.241 [pool-1-thread-2] DEBUG com.mnc.udp.UDPServer - UDP-Server: Message-86-64
21:20:57.241 [pool-1-thread-1] DEBUG com.mnc.udp.UDPServer - UDP-Server: Message-66-88
21:20:57.241 [pool-1-thread-2] DEBUG com.mnc.udp.UDPServer - UDP-Server: Message-86-64 -> Message-86-64 (/127.0.0.1:49511)
21:20:57.241 [pool-1-thread-4] DEBUG com.mnc.udp.UDPServer - UDP-Server: Message-79-64
21:20:57.241 [pool-1-thread-4] DEBUG com.mnc.udp.UDPServer - UDP-Server: Message-79-64 -> Message-79-64 (/127.0.0.1:49504)
21:20:57.241 [pool-1-thread-4] DEBUG com.mnc.udp.UDPServer - UDP-Server: Message-39-49
21:20:57.241 [pool-1-thread-1] DEBUG com.mnc.udp.UDPServer - UDP-Server: Message-66-88 -> Message-66-88 (/127.0.0.1:49491)
21:20:57.241 [pool-1-thread-4] DEBUG com.mnc.udp.UDPServer - UDP-Server: Message-39-49 -> Message-39-49 (/127.0.0.1:49464)
21:20:57.241 [pool-1-thread-1] DEBUG com.mnc.udp.UDPServer - UDP-Server: Message-86-62
21:20:57.241 [pool-1-thread-1] DEBUG com.mnc.udp.UDPServer - UDP-Server: Message-86-62 -> Message-86-62 (/127.0.0.1:49511)
21:20:57.241 [pool-1-thread-2] DEBUG com.mnc.udp.UDPServer - UDP-Server: Message-79-62
21:20:57.241 [pool-1-thread-2] DEBUG com.mnc.udp.UDPServer - UDP-Server: Message-79-62 -> Message-79-62 (/127.0.0.1:49504)
21:20:57.241 [pool-1-thread-3] DEBUG com.mnc.udp.UDPServer - UDP-Server: Message-66-89
21:20:57.241 [pool-1-thread-5] DEBUG com.mnc.udp.UDPServer - UDP-Server: Message-39-46
21:20:57.241 [pool-1-thread-5] DEBUG com.mnc.udp.UDPServer - UDP-Server: Message-39-46 -> Message-39-46 (/127.0.0.1:49464)
21:20:57.241 [pool-1-thread-3] DEBUG com.mnc.udp.UDPServer - UDP-Server: Message-66-89 -> Message-66-89 (/127.0.0.1:49491)
21:20:57.241 [pool-1-thread-4] DEBUG com.mnc.udp.UDPServer - UDP-Server: Message-86-66
21:20:57.241 [pool-1-thread-3] DEBUG com.mnc.udp.UDPServer - UDP-Server: Message-79-66
21:20:57.241 [pool-1-thread-3] DEBUG com.mnc.udp.UDPServer - UDP-Server: Message-79-66 -> Message-79-66 (/127.0.0.1:49504)
21:20:57.241 [pool-1-thread-4] DEBUG com.mnc.udp.UDPServer - UDP-Server: Message-86-66 -> Message-86-66 (/127.0.0.1:49511)
21:20:57.241 [pool-1-thread-3] DEBUG com.mnc.udp.UDPServer - UDP-Server: Message-39-47
21:20:57.241 [pool-1-thread-3] DEBUG com.mnc.udp.UDPServer - UDP-Server: Message-39-47 -> Message-39-47 (/127.0.0.1:49464)
21:20:57.241 [pool-1-thread-4] DEBUG com.mnc.udp.UDPServer - UDP-Server: Message-66-87
21:20:57.241 [pool-1-thread-4] DEBUG com.mnc.udp.UDPServer - UDP-Server: Message-66-87 -> Message-66-87 (/127.0.0.1:49491)
21:20:57.241 [pool-1-thread-3] DEBUG com.mnc.udp.UDPServer - UDP-Server: Message-79-67
21:20:57.241 [pool-1-thread-3] DEBUG com.mnc.udp.UDPServer - UDP-Server: Message-79-67 -> Message-79-67 (/127.0.0.1:49504)
21:20:57.241 [pool-1-thread-1] DEBUG com.mnc.udp.UDPServer - UDP-Server: Message-86-67
21:20:57.241 [pool-1-thread-1] DEBUG com.mnc.udp.UDPServer - UDP-Server: Message-86-67 -> Message-86-67 (/127.0.0.1:49511)
21:20:57.241 [pool-1-thread-1] DEBUG com.mnc.udp.UDPServer - UDP-Server: Message-39-40
21:20:57.241 [pool-1-thread-1] DEBUG com.mnc.udp.UDPServer - UDP-Server: Message-39-40 -> Message-39-40 (/127.0.0.1:49464)
21:20:57.241 [pool-1-thread-5] DEBUG com.mnc.udp.UDPServer - UDP-Server: Message-66-96
21:20:57.241 [pool-1-thread-5] DEBUG com.mnc.udp.UDPServer - UDP-Server: Message-66-96 -> Message-66-96 (/127.0.0.1:49491)
21:20:57.241 [pool-1-thread-5] DEBUG com.mnc.udp.UDPServer - UDP-Server: Message-18-32
21:20:57.241 [pool-1-thread-5] DEBUG com.mnc.udp.UDPServer - UDP-Server: Message-18-32 -> Message-18-32 (/127.0.0.1:49443)
21:20:57.241 [pool-1-thread-1] DEBUG com.mnc.udp.UDPServer - UDP-Server: Message-86-73
21:20:57.241 [pool-1-thread-5] DEBUG com.mnc.udp.UDPServer - UDP-Server: Message-60-32
21:20:57.241 [pool-1-thread-1] DEBUG com.mnc.udp.UDPServer - UDP-Server: Message-86-73 -> Message-86-73 (/127.0.0.1:49511)
21:20:57.241 [pool-1-thread-5] DEBUG com.mnc.udp.UDPServer - UDP-Server: Message-60-32 -> Message-60-32 (/127.0.0.1:49485)
21:20:57.241 [pool-1-thread-3] DEBUG com.mnc.udp.UDPServer - UDP-Server: Message-39-41
21:20:57.241 [pool-1-thread-1] DEBUG com.mnc.udp.UDPServer - UDP-Server: Message-18-33
21:20:57.241 [pool-1-thread-2] DEBUG com.mnc.udp.UDPServer - UDP-Server: Message-66-97
21:20:57.241 [pool-1-thread-3] DEBUG com.mnc.udp.UDPServer - UDP-Server: Message-39-41 -> Message-39-41 (/127.0.0.1:49464)
21:20:57.241 [pool-1-thread-5] DEBUG com.mnc.udp.UDPServer - UDP-Server: Message-86-74
21:20:57.241 [pool-1-thread-1] DEBUG com.mnc.udp.UDPServer - UDP-Server: Message-18-33 -> Message-18-33 (/127.0.0.1:49443)
21:20:57.241 [pool-1-thread-3] DEBUG com.mnc.udp.UDPServer - UDP-Server: Message-60-33
21:20:57.241 [pool-1-thread-3] DEBUG com.mnc.udp.UDPServer - UDP-Server: Message-60-33 -> Message-60-33 (/127.0.0.1:49485)
21:20:57.241 [pool-1-thread-2] DEBUG com.mnc.udp.UDPServer - UDP-Server: Message-66-97 -> Message-66-97 (/127.0.0.1:49491)
21:20:57.241 [pool-1-thread-5] DEBUG com.mnc.udp.UDPServer - UDP-Server: Message-86-74 -> Message-86-74 (/127.0.0.1:49511)
21:20:57.241 [pool-1-thread-2] DEBUG com.mnc.udp.UDPServer - UDP-Server: Message-18-31
21:20:57.241 [pool-1-thread-2] DEBUG com.mnc.udp.UDPServer - UDP-Server: Message-18-31 -> Message-18-31 (/127.0.0.1:49443)
21:20:57.241 [pool-1-thread-4] DEBUG com.mnc.udp.UDPServer - UDP-Server: Message-39-42
21:20:57.241 [pool-1-thread-4] DEBUG com.mnc.udp.UDPServer - UDP-Server: Message-39-42 -> Message-39-42 (/127.0.0.1:49464)
21:20:57.241 [pool-1-thread-3] DEBUG com.mnc.udp.UDPServer - UDP-Server: Message-60-31
21:20:57.241 [pool-1-thread-3] DEBUG com.mnc.udp.UDPServer - UDP-Server: Message-60-31 -> Message-60-31 (/127.0.0.1:49485)
21:20:57.241 [pool-1-thread-3] DEBUG com.mnc.udp.UDPServer - UDP-Server: Message-66-98
21:20:57.241 [pool-1-thread-3] DEBUG com.mnc.udp.UDPServer - UDP-Server: Message-66-98 -> Message-66-98 (/127.0.0.1:49491)
21:20:57.241 [pool-1-thread-3] DEBUG com.mnc.udp.UDPServer - UDP-Server: Message-86-54
21:20:57.241 [pool-1-thread-1] DEBUG com.mnc.udp.UDPServer - UDP-Server: Message-18-35
21:20:57.241 [pool-1-thread-1] DEBUG com.mnc.udp.UDPServer - UDP-Server: Message-18-35 -> Message-18-35 (/127.0.0.1:49443)
21:20:57.241 [pool-1-thread-2] DEBUG com.mnc.udp.UDPServer - UDP-Server: Message-66-99
21:20:57.241 [pool-1-thread-1] DEBUG com.mnc.udp.UDPServer - UDP-Server: Message-39-38
21:20:57.241 [pool-1-thread-3] DEBUG com.mnc.udp.UDPServer - UDP-Server: Message-86-54 -> Message-86-54 (/127.0.0.1:49511)
21:20:57.241 [pool-1-thread-5] DEBUG com.mnc.udp.UDPServer - UDP-Server: Message-60-35
21:20:57.241 [pool-1-thread-5] DEBUG com.mnc.udp.UDPServer - UDP-Server: Message-60-35 -> Message-60-35 (/127.0.0.1:49485)
21:20:57.241 [pool-1-thread-2] DEBUG com.mnc.udp.UDPServer - UDP-Server: Message-66-99 -> Message-66-99 (/127.0.0.1:49491)
21:20:57.241 [pool-1-thread-1] DEBUG com.mnc.udp.UDPServer - UDP-Server: Message-39-38 -> Message-39-38 (/127.0.0.1:49464)
21:20:57.241 [pool-1-thread-2] DEBUG com.mnc.udp.UDPServer - UDP-Server: Message-86-55
21:20:57.241 [pool-1-thread-2] DEBUG com.mnc.udp.UDPServer - UDP-Server: Message-86-55 -> Message-86-55 (/127.0.0.1:49511)
21:20:57.241 [pool-1-thread-4] DEBUG com.mnc.udp.UDPServer - UDP-Server: Message-18-36
21:20:57.241 [pool-1-thread-4] DEBUG com.mnc.udp.UDPServer - UDP-Server: Message-18-36 -> Message-18-36 (/127.0.0.1:49443)
21:20:57.242 [pool-1-thread-5] DEBUG com.mnc.udp.UDPServer - UDP-Server: Message-60-36
21:20:57.242 [pool-1-thread-3] DEBUG com.mnc.udp.UDPServer - UDP-Server: Message-66-94
21:20:57.242 [pool-1-thread-5] DEBUG com.mnc.udp.UDPServer - UDP-Server: Message-60-36 -> Message-60-36 (/127.0.0.1:49485)
21:20:57.242 [pool-1-thread-4] DEBUG com.mnc.udp.UDPServer - UDP-Server: Message-39-39
21:20:57.242 [pool-1-thread-3] DEBUG com.mnc.udp.UDPServer - UDP-Server: Message-66-94 -> Message-66-94 (/127.0.0.1:49491)
21:20:57.242 [pool-1-thread-2] DEBUG com.mnc.udp.UDPServer - UDP-Server: Message-86-51
21:20:57.242 [pool-1-thread-1] DEBUG com.mnc.udp.UDPServer - UDP-Server: Message-18-34
21:20:57.242 [pool-1-thread-5] DEBUG com.mnc.udp.UDPServer - UDP-Server: Message-60-15
21:20:57.242 [pool-1-thread-1] DEBUG com.mnc.udp.UDPServer - UDP-Server: Message-18-34 -> Message-18-34 (/127.0.0.1:49443)
21:20:57.242 [pool-1-thread-4] DEBUG com.mnc.udp.UDPServer - UDP-Server: Message-39-39 -> Message-39-39 (/127.0.0.1:49464)
21:20:57.242 [pool-1-thread-2] DEBUG com.mnc.udp.UDPServer - UDP-Server: Message-86-51 -> Message-86-51 (/127.0.0.1:49511)
21:20:57.242 [pool-1-thread-5] DEBUG com.mnc.udp.UDPServer - UDP-Server: Message-60-15 -> Message-60-15 (/127.0.0.1:49485)
21:20:57.242 [pool-1-thread-4] DEBUG com.mnc.udp.UDPServer - UDP-Server: Message-66-95
21:20:57.242 [pool-1-thread-1] DEBUG com.mnc.udp.UDPServer - UDP-Server: Message-18-28
21:20:57.242 [pool-1-thread-4] DEBUG com.mnc.udp.UDPServer - UDP-Server: Message-66-95 -> Message-66-95 (/127.0.0.1:49491)
21:20:57.242 [pool-1-thread-1] DEBUG com.mnc.udp.UDPServer - UDP-Server: Message-18-28 -> Message-18-28 (/127.0.0.1:49443)
21:20:57.242 [pool-1-thread-3] DEBUG com.mnc.udp.UDPServer - UDP-Server: Message-39-37
21:20:57.242 [pool-1-thread-4] DEBUG com.mnc.udp.UDPServer - UDP-Server: Message-60-16
21:20:57.242 [pool-1-thread-2] DEBUG com.mnc.udp.UDPServer - UDP-Server: Message-86-52
21:20:57.242 [pool-1-thread-3] DEBUG com.mnc.udp.UDPServer - UDP-Server: Message-39-37 -> Message-39-37 (/127.0.0.1:49464)
21:20:57.242 [pool-1-thread-4] DEBUG com.mnc.udp.UDPServer - UDP-Server: Message-60-16 -> Message-60-16 (/127.0.0.1:49485)
21:20:57.242 [pool-1-thread-5] DEBUG com.mnc.udp.UDPServer - UDP-Server: Message-66-93
21:20:57.242 [pool-1-thread-5] DEBUG com.mnc.udp.UDPServer - UDP-Server: Message-66-93 -> Message-66-93 (/127.0.0.1:49491)
21:20:57.242 [pool-1-thread-2] DEBUG com.mnc.udp.UDPServer - UDP-Server: Message-86-52 -> Message-86-52 (/127.0.0.1:49511)
21:20:57.242 [pool-1-thread-3] DEBUG com.mnc.udp.UDPServer - UDP-Server: Message-18-29
21:20:57.242 [pool-1-thread-3] DEBUG com.mnc.udp.UDPServer - UDP-Server: Message-18-29 -> Message-18-29 (/127.0.0.1:49443)
21:20:57.242 [pool-1-thread-4] DEBUG com.mnc.udp.UDPServer - UDP-Server: Message-60-17
21:20:57.242 [pool-1-thread-1] DEBUG com.mnc.udp.UDPServer - UDP-Server: Message-39-15
21:20:57.242 [pool-1-thread-4] DEBUG com.mnc.udp.UDPServer - UDP-Server: Message-60-17 -> Message-60-17 (/127.0.0.1:49485)
21:20:57.242 [pool-1-thread-1] DEBUG com.mnc.udp.UDPServer - UDP-Server: Message-39-15 -> Message-39-15 (/127.0.0.1:49464)
21:20:57.242 [pool-1-thread-3] DEBUG com.mnc.udp.UDPServer - UDP-Server: Message-86-50
21:20:57.242 [pool-1-thread-3] DEBUG com.mnc.udp.UDPServer - UDP-Server: Message-86-50 -> Message-86-50 (/127.0.0.1:49511)
21:20:57.242 [pool-1-thread-3] DEBUG com.mnc.udp.UDPServer - UDP-Server: Message-18-30
21:20:57.242 [pool-1-thread-4] DEBUG com.mnc.udp.UDPServer - UDP-Server: Message-66-82
21:20:57.242 [pool-1-thread-1] DEBUG com.mnc.udp.UDPServer - UDP-Server: Message-60-13
21:20:57.242 [pool-1-thread-4] DEBUG com.mnc.udp.UDPServer - UDP-Server: Message-66-82 -> Message-66-82 (/127.0.0.1:49491)
21:20:57.242 [pool-1-thread-3] DEBUG com.mnc.udp.UDPServer - UDP-Server: Message-18-30 -> Message-18-30 (/127.0.0.1:49443)
21:20:57.242 [pool-1-thread-1] DEBUG com.mnc.udp.UDPServer - UDP-Server: Message-60-13 -> Message-60-13 (/127.0.0.1:49485)
21:20:57.242 [pool-1-thread-5] DEBUG com.mnc.udp.UDPServer - UDP-Server: Message-39-16
21:20:57.242 [pool-1-thread-5] DEBUG com.mnc.udp.UDPServer - UDP-Server: Message-39-16 -> Message-39-16 (/127.0.0.1:49464)
21:20:57.242 [pool-1-thread-1] DEBUG com.mnc.udp.UDPServer - UDP-Server: Message-66-83
21:20:57.242 [pool-1-thread-4] DEBUG com.mnc.udp.UDPServer - UDP-Server: Message-18-26
21:20:57.242 [pool-1-thread-3] DEBUG com.mnc.udp.UDPServer - UDP-Server: Message-60-14
21:20:57.242 [pool-1-thread-4] DEBUG com.mnc.udp.UDPServer - UDP-Server: Message-18-26 -> Message-18-26 (/127.0.0.1:49443)
21:20:57.242 [pool-1-thread-3] DEBUG com.mnc.udp.UDPServer - UDP-Server: Message-60-14 -> Message-60-14 (/127.0.0.1:49485)
21:20:57.242 [pool-1-thread-2] DEBUG com.mnc.udp.UDPServer - UDP-Server: Message-86-37
21:20:57.242 [pool-1-thread-1] DEBUG com.mnc.udp.UDPServer - UDP-Server: Message-66-83 -> Message-66-83 (/127.0.0.1:49491)
21:20:57.242 [pool-1-thread-2] DEBUG com.mnc.udp.UDPServer - UDP-Server: Message-86-37 -> Message-86-37 (/127.0.0.1:49511)
21:20:57.242 [pool-1-thread-5] DEBUG com.mnc.udp.UDPServer - UDP-Server: Message-39-17
21:20:57.242 [pool-1-thread-5] DEBUG com.mnc.udp.UDPServer - UDP-Server: Message-39-17 -> Message-39-17 (/127.0.0.1:49464)
21:20:57.242 [pool-1-thread-4] DEBUG com.mnc.udp.UDPServer - UDP-Server: Message-18-27
21:20:57.242 [pool-1-thread-4] DEBUG com.mnc.udp.UDPServer - UDP-Server: Message-18-27 -> Message-18-27 (/127.0.0.1:49443)
21:20:57.242 [pool-1-thread-1] DEBUG com.mnc.udp.UDPServer - UDP-Server: Message-60-12
21:20:57.242 [pool-1-thread-3] DEBUG com.mnc.udp.UDPServer - UDP-Server: Message-39-13
21:20:57.242 [pool-1-thread-1] DEBUG com.mnc.udp.UDPServer - UDP-Server: Message-60-12 -> Message-60-12 (/127.0.0.1:49485)
21:20:57.242 [pool-1-thread-3] DEBUG com.mnc.udp.UDPServer - UDP-Server: Message-39-13 -> Message-39-13 (/127.0.0.1:49464)
21:20:57.242 [pool-1-thread-4] DEBUG com.mnc.udp.UDPServer - UDP-Server: Message-18-25
21:20:57.242 [pool-1-thread-4] DEBUG com.mnc.udp.UDPServer - UDP-Server: Message-18-25 -> Message-18-25 (/127.0.0.1:49443)
21:20:57.242 [pool-1-thread-5] DEBUG com.mnc.udp.UDPServer - UDP-Server: Message-86-7
21:20:57.242 [pool-1-thread-2] DEBUG com.mnc.udp.UDPServer - UDP-Server: Message-66-81
21:20:57.242 [pool-1-thread-3] DEBUG com.mnc.udp.UDPServer - UDP-Server: Message-39-14
21:20:57.242 [pool-1-thread-3] DEBUG com.mnc.udp.UDPServer - UDP-Server: Message-39-14 -> Message-39-14 (/127.0.0.1:49464)
21:20:57.242 [pool-1-thread-5] DEBUG com.mnc.udp.UDPServer - UDP-Server: Message-86-7 -> Message-86-7 (/127.0.0.1:49511)
21:20:57.242 [pool-1-thread-1] DEBUG com.mnc.udp.UDPServer - UDP-Server: Message-60-21
21:20:57.242 [pool-1-thread-2] DEBUG com.mnc.udp.UDPServer - UDP-Server: Message-66-81 -> Message-66-81 (/127.0.0.1:49491)
21:20:57.242 [pool-1-thread-1] DEBUG com.mnc.udp.UDPServer - UDP-Server: Message-60-21 -> Message-60-21 (/127.0.0.1:49485)
21:20:57.242 [pool-1-thread-4] DEBUG com.mnc.udp.UDPServer - UDP-Server: Message-18-44
21:20:57.242 [pool-1-thread-4] DEBUG com.mnc.udp.UDPServer - UDP-Server: Message-18-44 -> Message-18-44 (/127.0.0.1:49443)
21:20:57.242 [pool-1-thread-4] DEBUG com.mnc.udp.UDPServer - UDP-Server: Message-39-12
21:20:57.242 [pool-1-thread-3] DEBUG com.mnc.udp.UDPServer - UDP-Server: Message-86-8
21:20:57.242 [pool-1-thread-2] DEBUG com.mnc.udp.UDPServer - UDP-Server: Message-66-85
21:20:57.242 [pool-1-thread-4] DEBUG com.mnc.udp.UDPServer - UDP-Server: Message-39-12 -> Message-39-12 (/127.0.0.1:49464)
21:20:57.242 [pool-1-thread-3] DEBUG com.mnc.udp.UDPServer - UDP-Server: Message-86-8 -> Message-86-8 (/127.0.0.1:49511)
21:20:57.243 [pool-1-thread-1] DEBUG com.mnc.udp.UDPServer - UDP-Server: Message-60-22
21:20:57.243 [pool-1-thread-5] DEBUG com.mnc.udp.UDPServer - UDP-Server: Message-18-45
21:20:57.243 [pool-1-thread-1] DEBUG com.mnc.udp.UDPServer - UDP-Server: Message-60-22 -> Message-60-22 (/127.0.0.1:49485)
21:20:57.243 [pool-1-thread-5] DEBUG com.mnc.udp.UDPServer - UDP-Server: Message-18-45 -> Message-18-45 (/127.0.0.1:49443)
21:20:57.243 [pool-1-thread-2] DEBUG com.mnc.udp.UDPServer - UDP-Server: Message-66-85 -> Message-66-85 (/127.0.0.1:49491)
21:20:57.243 [pool-1-thread-4] DEBUG com.mnc.udp.UDPServer - UDP-Server: Message-86-6
21:20:57.243 [pool-1-thread-4] DEBUG com.mnc.udp.UDPServer - UDP-Server: Message-86-6 -> Message-86-6 (/127.0.0.1:49511)
21:20:57.243 [pool-1-thread-3] DEBUG com.mnc.udp.UDPServer - UDP-Server: Message-39-21
21:20:57.243 [pool-1-thread-1] DEBUG com.mnc.udp.UDPServer - UDP-Server: Message-60-23
21:20:57.243 [pool-1-thread-3] DEBUG com.mnc.udp.UDPServer - UDP-Server: Message-39-21 -> Message-39-21 (/127.0.0.1:49464)
21:20:57.243 [pool-1-thread-4] DEBUG com.mnc.udp.UDPServer - UDP-Server: Message-18-43
21:20:57.243 [pool-1-thread-5] DEBUG com.mnc.udp.UDPServer - UDP-Server: Message-66-86
21:20:57.243 [pool-1-thread-4] DEBUG com.mnc.udp.UDPServer - UDP-Server: Message-18-43 -> Message-18-43 (/127.0.0.1:49443)
21:20:57.243 [pool-1-thread-1] DEBUG com.mnc.udp.UDPServer - UDP-Server: Message-60-23 -> Message-60-23 (/127.0.0.1:49485)
21:20:57.243 [pool-1-thread-5] DEBUG com.mnc.udp.UDPServer - UDP-Server: Message-66-86 -> Message-66-86 (/127.0.0.1:49491)
21:20:57.243 [pool-1-thread-1] DEBUG com.mnc.udp.UDPServer - UDP-Server: Message-86-10
21:20:57.243 [pool-1-thread-1] DEBUG com.mnc.udp.UDPServer - UDP-Server: Message-86-10 -> Message-86-10 (/127.0.0.1:49511)
21:20:57.243 [pool-1-thread-2] DEBUG com.mnc.udp.UDPServer - UDP-Server: Message-39-22
21:20:57.243 [pool-1-thread-2] DEBUG com.mnc.udp.UDPServer - UDP-Server: Message-39-22 -> Message-39-22 (/127.0.0.1:49464)
21:20:57.243 [pool-1-thread-4] DEBUG com.mnc.udp.UDPServer - UDP-Server: Message-18-48
21:20:57.243 [pool-1-thread-2] DEBUG com.mnc.udp.UDPServer - UDP-Server: Message-60-24
21:20:57.243 [pool-1-thread-4] DEBUG com.mnc.udp.UDPServer - UDP-Server: Message-18-48 -> Message-18-48 (/127.0.0.1:49443)
21:20:57.243 [pool-1-thread-2] DEBUG com.mnc.udp.UDPServer - UDP-Server: Message-60-24 -> Message-60-24 (/127.0.0.1:49485)
21:20:57.243 [pool-1-thread-5] DEBUG com.mnc.udp.UDPServer - UDP-Server: Message-66-84
21:20:57.243 [pool-1-thread-5] DEBUG com.mnc.udp.UDPServer - UDP-Server: Message-66-84 -> Message-66-84 (/127.0.0.1:49491)
21:20:57.243 [pool-1-thread-4] DEBUG com.mnc.udp.UDPServer - UDP-Server: Message-86-11
21:20:57.243 [pool-1-thread-4] DEBUG com.mnc.udp.UDPServer - UDP-Server: Message-86-11 -> Message-86-11 (/127.0.0.1:49511)
21:20:57.243 [pool-1-thread-3] DEBUG com.mnc.udp.UDPServer - UDP-Server: Message-18-49
21:20:57.243 [pool-1-thread-1] DEBUG com.mnc.udp.UDPServer - UDP-Server: Message-39-23
21:20:57.243 [pool-1-thread-5] DEBUG com.mnc.udp.UDPServer - UDP-Server: Message-66-78
21:20:57.243 [pool-1-thread-1] DEBUG com.mnc.udp.UDPServer - UDP-Server: Message-39-23 -> Message-39-23 (/127.0.0.1:49464)
21:20:57.243 [pool-1-thread-5] DEBUG com.mnc.udp.UDPServer - UDP-Server: Message-66-78 -> Message-66-78 (/127.0.0.1:49491)
21:20:57.243 [pool-1-thread-3] DEBUG com.mnc.udp.UDPServer - UDP-Server: Message-18-49 -> Message-18-49 (/127.0.0.1:49443)
21:20:57.243 [pool-1-thread-1] DEBUG com.mnc.udp.UDPServer - UDP-Server: Message-60-34
21:20:57.243 [pool-1-thread-2] DEBUG com.mnc.udp.UDPServer - UDP-Server: Message-86-9
21:20:57.243 [pool-1-thread-1] DEBUG com.mnc.udp.UDPServer - UDP-Server: Message-60-34 -> Message-60-34 (/127.0.0.1:49485)
21:20:57.243 [pool-1-thread-2] DEBUG com.mnc.udp.UDPServer - UDP-Server: Message-86-9 -> Message-86-9 (/127.0.0.1:49511)
21:20:57.243 [pool-1-thread-2] DEBUG com.mnc.udp.UDPServer - UDP-Server: Message-18-46
21:20:57.243 [pool-1-thread-3] DEBUG com.mnc.udp.UDPServer - UDP-Server: Message-66-79
21:20:57.243 [pool-1-thread-3] DEBUG com.mnc.udp.UDPServer - UDP-Server: Message-66-79 -> Message-66-79 (/127.0.0.1:49491)
21:20:57.243 [pool-1-thread-5] DEBUG com.mnc.udp.UDPServer - UDP-Server: Message-60-28
21:20:57.243 [pool-1-thread-5] DEBUG com.mnc.udp.UDPServer - UDP-Server: Message-60-28 -> Message-60-28 (/127.0.0.1:49485)
21:20:57.243 [pool-1-thread-1] DEBUG com.mnc.udp.UDPServer - UDP-Server: Message-86-3
21:20:57.243 [pool-1-thread-1] DEBUG com.mnc.udp.UDPServer - UDP-Server: Message-86-3 -> Message-86-3 (/127.0.0.1:49511)
21:20:57.243 [pool-1-thread-2] DEBUG com.mnc.udp.UDPServer - UDP-Server: Message-18-46 -> Message-18-46 (/127.0.0.1:49443)
21:20:57.243 [pool-1-thread-1] DEBUG com.mnc.udp.UDPServer - UDP-Server: Message-66-80
21:20:57.243 [pool-1-thread-4] DEBUG com.mnc.udp.UDPServer - UDP-Server: Message-39-24
21:20:57.243 [pool-1-thread-1] DEBUG com.mnc.udp.UDPServer - UDP-Server: Message-66-80 -> Message-66-80 (/127.0.0.1:49491)
21:20:57.243 [pool-1-thread-4] DEBUG com.mnc.udp.UDPServer - UDP-Server: Message-39-24 -> Message-39-24 (/127.0.0.1:49464)
21:20:57.243 [pool-1-thread-5] DEBUG com.mnc.udp.UDPServer - UDP-Server: Message-60-29
21:20:57.243 [pool-1-thread-1] DEBUG com.mnc.udp.UDPServer - UDP-Server: Message-86-4
21:20:57.243 [pool-1-thread-3] DEBUG com.mnc.udp.UDPServer - UDP-Server: Message-18-47
21:20:57.243 [pool-1-thread-5] DEBUG com.mnc.udp.UDPServer - UDP-Server: Message-60-29 -> Message-60-29 (/127.0.0.1:49485)
21:20:57.243 [pool-1-thread-1] DEBUG com.mnc.udp.UDPServer - UDP-Server: Message-86-4 -> Message-86-4 (/127.0.0.1:49511)
21:20:57.243 [pool-1-thread-3] DEBUG com.mnc.udp.UDPServer - UDP-Server: Message-18-47 -> Message-18-47 (/127.0.0.1:49443)
21:20:57.243 [pool-1-thread-1] DEBUG com.mnc.udp.UDPServer - UDP-Server: Message-66-76
21:20:57.243 [pool-1-thread-1] DEBUG com.mnc.udp.UDPServer - UDP-Server: Message-66-76 -> Message-66-76 (/127.0.0.1:49491)
21:20:57.243 [pool-1-thread-3] DEBUG com.mnc.udp.UDPServer - UDP-Server: Message-39-19
21:20:57.243 [pool-1-thread-1] DEBUG com.mnc.udp.UDPServer - UDP-Server: Message-86-5
21:20:57.243 [pool-1-thread-3] DEBUG com.mnc.udp.UDPServer - UDP-Server: Message-39-19 -> Message-39-19 (/127.0.0.1:49464)
21:20:57.243 [pool-1-thread-1] DEBUG com.mnc.udp.UDPServer - UDP-Server: Message-86-5 -> Message-86-5 (/127.0.0.1:49511)
21:20:57.243 [pool-1-thread-2] DEBUG com.mnc.udp.UDPServer - UDP-Server: Message-60-30
21:20:57.243 [pool-1-thread-1] DEBUG com.mnc.udp.UDPServer - UDP-Server: Message-66-77
21:20:57.243 [pool-1-thread-2] DEBUG com.mnc.udp.UDPServer - UDP-Server: Message-60-30 -> Message-60-30 (/127.0.0.1:49485)
21:20:57.243 [pool-1-thread-1] DEBUG com.mnc.udp.UDPServer - UDP-Server: Message-66-77 -> Message-66-77 (/127.0.0.1:49491)
21:20:57.243 [pool-1-thread-4] DEBUG com.mnc.udp.UDPServer - UDP-Server: Message-18-40
21:20:57.243 [pool-1-thread-1] DEBUG com.mnc.udp.UDPServer - UDP-Server: Message-86-93
21:20:57.243 [pool-1-thread-2] DEBUG com.mnc.udp.UDPServer - UDP-Server: Message-39-20
21:20:57.243 [pool-1-thread-3] DEBUG com.mnc.udp.UDPServer - UDP-Server: Message-60-26
21:20:57.243 [pool-1-thread-4] DEBUG com.mnc.udp.UDPServer - UDP-Server: Message-18-40 -> Message-18-40 (/127.0.0.1:49443)
21:20:57.243 [pool-1-thread-1] DEBUG com.mnc.udp.UDPServer - UDP-Server: Message-86-93 -> Message-86-93 (/127.0.0.1:49511)
21:20:57.243 [pool-1-thread-2] DEBUG com.mnc.udp.UDPServer - UDP-Server: Message-39-20 -> Message-39-20 (/127.0.0.1:49464)
21:20:57.243 [pool-1-thread-5] DEBUG com.mnc.udp.UDPServer - UDP-Server: Message-66-75
21:20:57.243 [pool-1-thread-3] DEBUG com.mnc.udp.UDPServer - UDP-Server: Message-60-26 -> Message-60-26 (/127.0.0.1:49485)
21:20:57.243 [pool-1-thread-5] DEBUG com.mnc.udp.UDPServer - UDP-Server: Message-66-75 -> Message-66-75 (/127.0.0.1:49491)
21:20:57.243 [pool-1-thread-3] DEBUG com.mnc.udp.UDPServer - UDP-Server: Message-18-41
21:20:57.243 [pool-1-thread-3] DEBUG com.mnc.udp.UDPServer - UDP-Server: Message-18-41 -> Message-18-41 (/127.0.0.1:49443)
21:20:57.243 [pool-1-thread-5] DEBUG com.mnc.udp.UDPServer - UDP-Server: Message-86-82
21:20:57.243 [pool-1-thread-5] DEBUG com.mnc.udp.UDPServer - UDP-Server: Message-86-82 -> Message-86-82 (/127.0.0.1:49511)
21:20:57.243 [pool-1-thread-3] DEBUG com.mnc.udp.UDPServer - UDP-Server: Message-39-18
21:20:57.243 [pool-1-thread-5] DEBUG com.mnc.udp.UDPServer - UDP-Server: Message-66-57
21:20:57.243 [pool-1-thread-5] DEBUG com.mnc.udp.UDPServer - UDP-Server: Message-66-57 -> Message-66-57 (/127.0.0.1:49491)
21:20:57.243 [pool-1-thread-1] DEBUG com.mnc.udp.UDPServer - UDP-Server: Message-18-42
21:20:57.243 [pool-1-thread-3] DEBUG com.mnc.udp.UDPServer - UDP-Server: Message-39-18 -> Message-39-18 (/127.0.0.1:49464)
21:20:57.243 [pool-1-thread-1] DEBUG com.mnc.udp.UDPServer - UDP-Server: Message-18-42 -> Message-18-42 (/127.0.0.1:49443)
21:20:57.243 [pool-1-thread-2] DEBUG com.mnc.udp.UDPServer - UDP-Server: Message-60-19
21:20:57.243 [pool-1-thread-2] DEBUG com.mnc.udp.UDPServer - UDP-Server: Message-60-19 -> Message-60-19 (/127.0.0.1:49485)
21:20:57.243 [pool-1-thread-3] DEBUG com.mnc.udp.UDPServer - UDP-Server: Message-86-83
21:20:57.244 [pool-1-thread-5] DEBUG com.mnc.udp.UDPServer - UDP-Server: Message-39-69
21:20:57.243 [pool-1-thread-3] DEBUG com.mnc.udp.UDPServer - UDP-Server: Message-86-83 -> Message-86-83 (/127.0.0.1:49511)
21:20:57.244 [pool-1-thread-4] DEBUG com.mnc.udp.UDPServer - UDP-Server: Message-18-38
21:20:57.244 [pool-1-thread-2] DEBUG com.mnc.udp.UDPServer - UDP-Server: Message-60-20
21:20:57.244 [pool-1-thread-4] DEBUG com.mnc.udp.UDPServer - UDP-Server: Message-18-38 -> Message-18-38 (/127.0.0.1:49443)
21:20:57.244 [pool-1-thread-2] DEBUG com.mnc.udp.UDPServer - UDP-Server: Message-60-20 -> Message-60-20 (/127.0.0.1:49485)
21:20:57.244 [pool-1-thread-1] DEBUG com.mnc.udp.UDPServer - UDP-Server: Message-66-58
21:20:57.244 [pool-1-thread-2] DEBUG com.mnc.udp.UDPServer - UDP-Server: Message-86-81
21:20:57.244 [pool-1-thread-1] DEBUG com.mnc.udp.UDPServer - UDP-Server: Message-66-58 -> Message-66-58 (/127.0.0.1:49491)
21:20:57.244 [pool-1-thread-2] DEBUG com.mnc.udp.UDPServer - UDP-Server: Message-86-81 -> Message-86-81 (/127.0.0.1:49511)
21:20:57.244 [pool-1-thread-5] DEBUG com.mnc.udp.UDPServer - UDP-Server: Message-39-69 -> Message-39-69 (/127.0.0.1:49464)
21:20:57.244 [pool-1-thread-4] DEBUG com.mnc.udp.UDPServer - UDP-Server: Message-18-39
21:20:57.244 [pool-1-thread-4] DEBUG com.mnc.udp.UDPServer - UDP-Server: Message-18-39 -> Message-18-39 (/127.0.0.1:49443)
21:20:57.244 [pool-1-thread-3] DEBUG com.mnc.udp.UDPServer - UDP-Server: Message-60-18
21:20:57.244 [pool-1-thread-3] DEBUG com.mnc.udp.UDPServer - UDP-Server: Message-60-18 -> Message-60-18 (/127.0.0.1:49485)
21:20:57.244 [pool-1-thread-5] DEBUG com.mnc.udp.UDPServer - UDP-Server: Message-66-56
21:20:57.244 [pool-1-thread-5] DEBUG com.mnc.udp.UDPServer - UDP-Server: Message-66-56 -> Message-66-56 (/127.0.0.1:49491)
21:20:57.244 [pool-1-thread-2] DEBUG com.mnc.udp.UDPServer - UDP-Server: Message-18-37
21:20:57.244 [pool-1-thread-5] DEBUG com.mnc.udp.UDPServer - UDP-Server: Message-60-57
21:20:57.244 [pool-1-thread-3] DEBUG com.mnc.udp.UDPServer - UDP-Server: Message-86-1
21:20:57.244 [pool-1-thread-5] DEBUG com.mnc.udp.UDPServer - UDP-Server: Message-60-57 -> Message-60-57 (/127.0.0.1:49485)
21:20:57.244 [pool-1-thread-3] DEBUG com.mnc.udp.UDPServer - UDP-Server: Message-86-1 -> Message-86-1 (/127.0.0.1:49511)
21:20:57.244 [pool-1-thread-1] DEBUG com.mnc.udp.UDPServer - UDP-Server: Message-39-70
21:20:57.244 [pool-1-thread-1] DEBUG com.mnc.udp.UDPServer - UDP-Server: Message-39-70 -> Message-39-70 (/127.0.0.1:49464)
21:20:57.244 [pool-1-thread-2] DEBUG com.mnc.udp.UDPServer - UDP-Server: Message-18-37 -> Message-18-37 (/127.0.0.1:49443)
21:20:57.244 [pool-1-thread-3] DEBUG com.mnc.udp.UDPServer - UDP-Server: Message-66-60
21:20:57.244 [pool-1-thread-2] DEBUG com.mnc.udp.UDPServer - UDP-Server: Message-86-2
21:20:57.244 [pool-1-thread-3] DEBUG com.mnc.udp.UDPServer - UDP-Server: Message-66-60 -> Message-66-60 (/127.0.0.1:49491)
21:20:57.244 [pool-1-thread-5] DEBUG com.mnc.udp.UDPServer - UDP-Server: Message-60-58
21:20:57.244 [pool-1-thread-2] DEBUG com.mnc.udp.UDPServer - UDP-Server: Message-86-2 -> Message-86-2 (/127.0.0.1:49511)
21:20:57.244 [pool-1-thread-1] DEBUG com.mnc.udp.UDPServer - UDP-Server: Message-39-68
21:20:57.244 [pool-1-thread-3] DEBUG com.mnc.udp.UDPServer - UDP-Server: Message-66-61
21:20:57.244 [pool-1-thread-5] DEBUG com.mnc.udp.UDPServer - UDP-Server: Message-60-58 -> Message-60-58 (/127.0.0.1:49485)
21:20:57.244 [pool-1-thread-2] DEBUG com.mnc.udp.UDPServer - UDP-Server: Message-86-85
21:20:57.244 [pool-1-thread-4] DEBUG com.mnc.udp.UDPServer - UDP-Server: Message-18-15
21:20:57.244 [pool-1-thread-1] DEBUG com.mnc.udp.UDPServer - UDP-Server: Message-39-68 -> Message-39-68 (/127.0.0.1:49464)
21:20:57.244 [pool-1-thread-3] DEBUG com.mnc.udp.UDPServer - UDP-Server: Message-66-61 -> Message-66-61 (/127.0.0.1:49491)
21:20:57.244 [pool-1-thread-2] DEBUG com.mnc.udp.UDPServer - UDP-Server: Message-86-85 -> Message-86-85 (/127.0.0.1:49511)
21:20:57.244 [pool-1-thread-3] DEBUG com.mnc.udp.UDPServer - UDP-Server: Message-60-56
21:20:57.244 [pool-1-thread-4] DEBUG com.mnc.udp.UDPServer - UDP-Server: Message-18-15 -> Message-18-15 (/127.0.0.1:49443)
21:20:57.244 [pool-1-thread-3] DEBUG com.mnc.udp.UDPServer - UDP-Server: Message-60-56 -> Message-60-56 (/127.0.0.1:49485)
21:20:57.244 [pool-1-thread-4] DEBUG com.mnc.udp.UDPServer - UDP-Server: Message-66-59
21:20:57.244 [pool-1-thread-4] DEBUG com.mnc.udp.UDPServer - UDP-Server: Message-66-59 -> Message-66-59 (/127.0.0.1:49491)
21:20:57.244 [pool-1-thread-3] DEBUG com.mnc.udp.UDPServer - UDP-Server: Message-39-63
21:20:57.244 [pool-1-thread-3] DEBUG com.mnc.udp.UDPServer - UDP-Server: Message-39-63 -> Message-39-63 (/127.0.0.1:49464)
21:20:57.244 [pool-1-thread-4] DEBUG com.mnc.udp.UDPServer - UDP-Server: Message-86-0
21:20:57.244 [pool-1-thread-4] DEBUG com.mnc.udp.UDPServer - UDP-Server: Message-86-0 -> Message-86-0 (/127.0.0.1:49511)
21:20:57.244 [pool-1-thread-2] DEBUG com.mnc.udp.UDPServer - UDP-Server: Message-18-16
21:20:57.244 [pool-1-thread-3] DEBUG com.mnc.udp.UDPServer - UDP-Server: Message-66-53
21:20:57.244 [pool-1-thread-2] DEBUG com.mnc.udp.UDPServer - UDP-Server: Message-18-16 -> Message-18-16 (/127.0.0.1:49443)
21:20:57.244 [pool-1-thread-3] DEBUG com.mnc.udp.UDPServer - UDP-Server: Message-66-53 -> Message-66-53 (/127.0.0.1:49491)
21:20:57.244 [pool-1-thread-4] DEBUG com.mnc.udp.UDPServer - UDP-Server: Message-39-64
21:20:57.244 [pool-1-thread-5] DEBUG com.mnc.udp.UDPServer - UDP-Server: Message-86-86
21:20:57.244 [pool-1-thread-5] DEBUG com.mnc.udp.UDPServer - UDP-Server: Message-86-86 -> Message-86-86 (/127.0.0.1:49511)
21:20:57.244 [pool-1-thread-1] DEBUG com.mnc.udp.UDPServer - UDP-Server: Message-60-60
21:20:57.244 [pool-1-thread-4] DEBUG com.mnc.udp.UDPServer - UDP-Server: Message-39-64 -> Message-39-64 (/127.0.0.1:49464)
21:20:57.244 [pool-1-thread-3] DEBUG com.mnc.udp.UDPServer - UDP-Server: Message-18-17
21:20:57.244 [pool-1-thread-1] DEBUG com.mnc.udp.UDPServer - UDP-Server: Message-60-60 -> Message-60-60 (/127.0.0.1:49485)
21:20:57.244 [pool-1-thread-2] DEBUG com.mnc.udp.UDPServer - UDP-Server: Message-66-54
21:20:57.244 [pool-1-thread-1] DEBUG com.mnc.udp.UDPServer - UDP-Server: Message-39-62
21:20:57.244 [pool-1-thread-5] DEBUG com.mnc.udp.UDPServer - UDP-Server: Message-86-84
21:20:57.244 [pool-1-thread-5] DEBUG com.mnc.udp.UDPServer - UDP-Server: Message-86-84 -> Message-86-84 (/127.0.0.1:49511)
21:20:57.244 [pool-1-thread-3] DEBUG com.mnc.udp.UDPServer - UDP-Server: Message-18-17 -> Message-18-17 (/127.0.0.1:49443)
21:20:57.244 [pool-1-thread-2] DEBUG com.mnc.udp.UDPServer - UDP-Server: Message-66-54 -> Message-66-54 (/127.0.0.1:49491)
21:20:57.244 [pool-1-thread-1] DEBUG com.mnc.udp.UDPServer - UDP-Server: Message-39-62 -> Message-39-62 (/127.0.0.1:49464)
21:20:57.244 [pool-1-thread-4] DEBUG com.mnc.udp.UDPServer - UDP-Server: Message-60-61
21:20:57.244 [pool-1-thread-4] DEBUG com.mnc.udp.UDPServer - UDP-Server: Message-60-61 -> Message-60-61 (/127.0.0.1:49485)
21:20:57.244 [pool-1-thread-4] DEBUG com.mnc.udp.UDPServer - UDP-Server: Message-86-78
21:20:57.244 [pool-1-thread-5] DEBUG com.mnc.udp.UDPServer - UDP-Server: Message-18-13
21:20:57.244 [pool-1-thread-3] DEBUG com.mnc.udp.UDPServer - UDP-Server: Message-66-55
21:20:57.244 [pool-1-thread-3] DEBUG com.mnc.udp.UDPServer - UDP-Server: Message-66-55 -> Message-66-55 (/127.0.0.1:49491)
21:20:57.244 [pool-1-thread-4] DEBUG com.mnc.udp.UDPServer - UDP-Server: Message-86-78 -> Message-86-78 (/127.0.0.1:49511)
21:20:57.244 [pool-1-thread-2] DEBUG com.mnc.udp.UDPServer - UDP-Server: Message-39-66
21:20:57.244 [pool-1-thread-2] DEBUG com.mnc.udp.UDPServer - UDP-Server: Message-39-66 -> Message-39-66 (/127.0.0.1:49464)
21:20:57.244 [pool-1-thread-5] DEBUG com.mnc.udp.UDPServer - UDP-Server: Message-18-13 -> Message-18-13 (/127.0.0.1:49443)
21:20:57.245 [pool-1-thread-2] DEBUG com.mnc.udp.UDPServer - UDP-Server: Message-66-51
21:20:57.245 [pool-1-thread-2] DEBUG com.mnc.udp.UDPServer - UDP-Server: Message-66-51 -> Message-66-51 (/127.0.0.1:49491)
21:20:57.244 [pool-1-thread-1] DEBUG com.mnc.udp.UDPServer - UDP-Server: Message-60-59
21:20:57.245 [pool-1-thread-3] DEBUG com.mnc.udp.UDPServer - UDP-Server: Message-86-79
21:20:57.245 [pool-1-thread-1] DEBUG com.mnc.udp.UDPServer - UDP-Server: Message-60-59 -> Message-60-59 (/127.0.0.1:49485)
21:20:57.245 [pool-1-thread-5] DEBUG com.mnc.udp.UDPServer - UDP-Server: Message-39-67
21:20:57.245 [pool-1-thread-3] DEBUG com.mnc.udp.UDPServer - UDP-Server: Message-86-79 -> Message-86-79 (/127.0.0.1:49511)
21:20:57.245 [pool-1-thread-4] DEBUG com.mnc.udp.UDPServer - UDP-Server: Message-18-14
21:20:57.245 [pool-1-thread-4] DEBUG com.mnc.udp.UDPServer - UDP-Server: Message-18-14 -> Message-18-14 (/127.0.0.1:49443)
21:20:57.245 [pool-1-thread-2] DEBUG com.mnc.udp.UDPServer - UDP-Server: Message-60-71
21:20:57.245 [pool-1-thread-2] DEBUG com.mnc.udp.UDPServer - UDP-Server: Message-60-71 -> Message-60-71 (/127.0.0.1:49485)
21:20:57.245 [pool-1-thread-1] DEBUG com.mnc.udp.UDPServer - UDP-Server: Message-66-52
21:20:57.245 [pool-1-thread-3] DEBUG com.mnc.udp.UDPServer - UDP-Server: Message-86-80
21:20:57.245 [pool-1-thread-1] DEBUG com.mnc.udp.UDPServer - UDP-Server: Message-66-52 -> Message-66-52 (/127.0.0.1:49491)
21:20:57.245 [pool-1-thread-5] DEBUG com.mnc.udp.UDPServer - UDP-Server: Message-39-67 -> Message-39-67 (/127.0.0.1:49464)
21:20:57.245 [pool-1-thread-3] DEBUG com.mnc.udp.UDPServer - UDP-Server: Message-86-80 -> Message-86-80 (/127.0.0.1:49511)
21:20:57.245 [pool-1-thread-3] DEBUG com.mnc.udp.UDPServer - UDP-Server: Message-18-12
21:20:57.245 [pool-1-thread-3] DEBUG com.mnc.udp.UDPServer - UDP-Server: Message-18-12 -> Message-18-12 (/127.0.0.1:49443)
21:20:57.245 [pool-1-thread-5] DEBUG com.mnc.udp.UDPServer - UDP-Server: Message-60-72
21:20:57.245 [pool-1-thread-5] DEBUG com.mnc.udp.UDPServer - UDP-Server: Message-60-72 -> Message-60-72 (/127.0.0.1:49485)
21:20:57.245 [pool-1-thread-3] DEBUG com.mnc.udp.UDPServer - UDP-Server: Message-66-50
21:20:57.245 [pool-1-thread-4] DEBUG com.mnc.udp.UDPServer - UDP-Server: Message-58-32
21:20:57.245 [pool-1-thread-4] DEBUG com.mnc.udp.UDPServer - UDP-Server: Message-58-32 -> Message-58-32 (/127.0.0.1:49483)
21:20:57.245 [pool-1-thread-3] DEBUG com.mnc.udp.UDPServer - UDP-Server: Message-66-50 -> Message-66-50 (/127.0.0.1:49491)
21:20:57.245 [pool-1-thread-4] DEBUG com.mnc.udp.UDPServer - UDP-Server: Message-18-21
21:20:57.245 [pool-1-thread-4] DEBUG com.mnc.udp.UDPServer - UDP-Server: Message-18-21 -> Message-18-21 (/127.0.0.1:49443)
21:20:57.245 [pool-1-thread-2] DEBUG com.mnc.udp.UDPServer - UDP-Server: Message-39-60
21:20:57.245 [pool-1-thread-1] DEBUG com.mnc.udp.UDPServer - UDP-Server: Message-60-73
21:20:57.245 [pool-1-thread-1] DEBUG com.mnc.udp.UDPServer - UDP-Server: Message-60-73 -> Message-60-73 (/127.0.0.1:49485)
21:20:57.245 [pool-1-thread-5] DEBUG com.mnc.udp.UDPServer - UDP-Server: Message-86-76
21:20:57.245 [pool-1-thread-4] DEBUG com.mnc.udp.UDPServer - UDP-Server: Message-66-71
21:20:57.245 [pool-1-thread-2] DEBUG com.mnc.udp.UDPServer - UDP-Server: Message-39-60 -> Message-39-60 (/127.0.0.1:49464)
21:20:57.245 [pool-1-thread-3] DEBUG com.mnc.udp.UDPServer - UDP-Server: Message-58-33
21:20:57.245 [pool-1-thread-5] DEBUG com.mnc.udp.UDPServer - UDP-Server: Message-86-76 -> Message-86-76 (/127.0.0.1:49511)
21:20:57.245 [pool-1-thread-3] DEBUG com.mnc.udp.UDPServer - UDP-Server: Message-58-33 -> Message-58-33 (/127.0.0.1:49483)
21:20:57.245 [pool-1-thread-4] DEBUG com.mnc.udp.UDPServer - UDP-Server: Message-66-71 -> Message-66-71 (/127.0.0.1:49491)
21:20:57.245 [pool-1-thread-1] DEBUG com.mnc.udp.UDPServer - UDP-Server: Message-60-74
21:20:57.245 [pool-1-thread-1] DEBUG com.mnc.udp.UDPServer - UDP-Server: Message-60-74 -> Message-60-74 (/127.0.0.1:49485)
21:20:57.245 [pool-1-thread-2] DEBUG com.mnc.udp.UDPServer - UDP-Server: Message-18-22
21:20:57.245 [pool-1-thread-4] DEBUG com.mnc.udp.UDPServer - UDP-Server: Message-86-77
21:20:57.245 [pool-1-thread-3] DEBUG com.mnc.udp.UDPServer - UDP-Server: Message-39-61
21:20:57.245 [pool-1-thread-4] DEBUG com.mnc.udp.UDPServer - UDP-Server: Message-86-77 -> Message-86-77 (/127.0.0.1:49511)
21:20:57.245 [pool-1-thread-2] DEBUG com.mnc.udp.UDPServer - UDP-Server: Message-18-22 -> Message-18-22 (/127.0.0.1:49443)
21:20:57.245 [pool-1-thread-5] DEBUG com.mnc.udp.UDPServer - UDP-Server: Message-66-72
21:20:57.245 [pool-1-thread-5] DEBUG com.mnc.udp.UDPServer - UDP-Server: Message-66-72 -> Message-66-72 (/127.0.0.1:49491)
21:20:57.245 [pool-1-thread-4] DEBUG com.mnc.udp.UDPServer - UDP-Server: Message-60-69
21:20:57.245 [pool-1-thread-4] DEBUG com.mnc.udp.UDPServer - UDP-Server: Message-60-69 -> Message-60-69 (/127.0.0.1:49485)
21:20:57.245 [pool-1-thread-3] DEBUG com.mnc.udp.UDPServer - UDP-Server: Message-39-61 -> Message-39-61 (/127.0.0.1:49464)
21:20:57.245 [pool-1-thread-1] DEBUG com.mnc.udp.UDPServer - UDP-Server: Message-58-31
21:20:57.245 [pool-1-thread-1] DEBUG com.mnc.udp.UDPServer - UDP-Server: Message-58-31 -> Message-58-31 (/127.0.0.1:49483)
21:20:57.245 [pool-1-thread-5] DEBUG com.mnc.udp.UDPServer - UDP-Server: Message-86-75
21:20:57.245 [pool-1-thread-5] DEBUG com.mnc.udp.UDPServer - UDP-Server: Message-86-75 -> Message-86-75 (/127.0.0.1:49511)
21:20:57.245 [pool-1-thread-2] DEBUG com.mnc.udp.UDPServer - UDP-Server: Message-66-73
21:20:57.245 [pool-1-thread-4] DEBUG com.mnc.udp.UDPServer - UDP-Server: Message-60-70
21:20:57.245 [pool-1-thread-3] DEBUG com.mnc.udp.UDPServer - UDP-Server: Message-39-59
21:20:57.245 [pool-1-thread-3] DEBUG com.mnc.udp.UDPServer - UDP-Server: Message-39-59 -> Message-39-59 (/127.0.0.1:49464)
21:20:57.245 [pool-1-thread-1] DEBUG com.mnc.udp.UDPServer - UDP-Server: Message-18-23
21:20:57.245 [pool-1-thread-1] DEBUG com.mnc.udp.UDPServer - UDP-Server: Message-18-23 -> Message-18-23 (/127.0.0.1:49443)
21:20:57.245 [pool-1-thread-2] DEBUG com.mnc.udp.UDPServer - UDP-Server: Message-66-73 -> Message-66-73 (/127.0.0.1:49491)
21:20:57.245 [pool-1-thread-3] DEBUG com.mnc.udp.UDPServer - UDP-Server: Message-39-53
21:20:57.245 [pool-1-thread-3] DEBUG com.mnc.udp.UDPServer - UDP-Server: Message-39-53 -> Message-39-53 (/127.0.0.1:49464)
21:20:57.245 [pool-1-thread-5] DEBUG com.mnc.udp.UDPServer - UDP-Server: Message-58-35
21:20:57.245 [pool-1-thread-4] DEBUG com.mnc.udp.UDPServer - UDP-Server: Message-60-70 -> Message-60-70 (/127.0.0.1:49485)
21:20:57.245 [pool-1-thread-3] DEBUG com.mnc.udp.UDPServer - UDP-Server: Message-18-24
21:20:57.245 [pool-1-thread-5] DEBUG com.mnc.udp.UDPServer - UDP-Server: Message-58-35 -> Message-58-35 (/127.0.0.1:49483)
21:20:57.245 [pool-1-thread-4] DEBUG com.mnc.udp.UDPServer - UDP-Server: Message-66-74
21:20:57.245 [pool-1-thread-3] DEBUG com.mnc.udp.UDPServer - UDP-Server: Message-18-24 -> Message-18-24 (/127.0.0.1:49443)
21:20:57.245 [pool-1-thread-1] DEBUG com.mnc.udp.UDPServer - UDP-Server: Message-39-54
21:20:57.245 [pool-1-thread-4] DEBUG com.mnc.udp.UDPServer - UDP-Server: Message-66-74 -> Message-66-74 (/127.0.0.1:49491)
21:20:57.245 [pool-1-thread-2] DEBUG com.mnc.udp.UDPServer - UDP-Server: Message-60-68
21:20:57.246 [pool-1-thread-5] DEBUG com.mnc.udp.UDPServer - UDP-Server: Message-58-36
21:20:57.246 [pool-1-thread-1] DEBUG com.mnc.udp.UDPServer - UDP-Server: Message-39-54 -> Message-39-54 (/127.0.0.1:49464)
21:20:57.246 [pool-1-thread-1] DEBUG com.mnc.udp.UDPServer - UDP-Server: Message-66-69
21:20:57.246 [pool-1-thread-1] DEBUG com.mnc.udp.UDPServer - UDP-Server: Message-66-69 -> Message-66-69 (/127.0.0.1:49491)
21:20:57.246 [pool-1-thread-4] DEBUG com.mnc.udp.UDPServer - UDP-Server: Message-39-55
21:20:57.246 [pool-1-thread-2] DEBUG com.mnc.udp.UDPServer - UDP-Server: Message-60-68 -> Message-60-68 (/127.0.0.1:49485)
21:20:57.246 [pool-1-thread-4] DEBUG com.mnc.udp.UDPServer - UDP-Server: Message-39-55 -> Message-39-55 (/127.0.0.1:49464)
21:20:57.246 [pool-1-thread-5] DEBUG com.mnc.udp.UDPServer - UDP-Server: Message-58-36 -> Message-58-36 (/127.0.0.1:49483)
21:20:57.246 [pool-1-thread-3] DEBUG com.mnc.udp.UDPServer - UDP-Server: Message-18-19
21:20:57.246 [pool-1-thread-2] DEBUG com.mnc.udp.UDPServer - UDP-Server: Message-66-70
21:20:57.246 [pool-1-thread-3] DEBUG com.mnc.udp.UDPServer - UDP-Server: Message-18-19 -> Message-18-19 (/127.0.0.1:49443)
21:20:57.246 [pool-1-thread-4] DEBUG com.mnc.udp.UDPServer - UDP-Server: Message-39-51
21:20:57.246 [pool-1-thread-5] DEBUG com.mnc.udp.UDPServer - UDP-Server: Message-58-34
21:20:57.246 [pool-1-thread-5] DEBUG com.mnc.udp.UDPServer - UDP-Server: Message-58-34 -> Message-58-34 (/127.0.0.1:49483)
21:20:57.246 [pool-1-thread-1] DEBUG com.mnc.udp.UDPServer - UDP-Server: Message-60-90
21:20:57.246 [pool-1-thread-2] DEBUG com.mnc.udp.UDPServer - UDP-Server: Message-66-70 -> Message-66-70 (/127.0.0.1:49491)
21:20:57.246 [pool-1-thread-3] DEBUG com.mnc.udp.UDPServer - UDP-Server: Message-18-20
21:20:57.246 [pool-1-thread-3] DEBUG com.mnc.udp.UDPServer - UDP-Server: Message-18-20 -> Message-18-20 (/127.0.0.1:49443)
21:20:57.246 [pool-1-thread-4] DEBUG com.mnc.udp.UDPServer - UDP-Server: Message-39-51 -> Message-39-51 (/127.0.0.1:49464)
21:20:57.246 [pool-1-thread-1] DEBUG com.mnc.udp.UDPServer - UDP-Server: Message-60-90 -> Message-60-90 (/127.0.0.1:49485)
21:20:57.246 [pool-1-thread-5] DEBUG com.mnc.udp.UDPServer - UDP-Server: Message-58-28
21:20:57.246 [pool-1-thread-5] DEBUG com.mnc.udp.UDPServer - UDP-Server: Message-58-28 -> Message-58-28 (/127.0.0.1:49483)
21:20:57.246 [pool-1-thread-4] DEBUG com.mnc.udp.UDPServer - UDP-Server: Message-66-68
21:20:57.246 [pool-1-thread-1] DEBUG com.mnc.udp.UDPServer - UDP-Server: Message-39-52
21:20:57.246 [pool-1-thread-2] DEBUG com.mnc.udp.UDPServer - UDP-Server: Message-18-18
21:20:57.246 [pool-1-thread-4] DEBUG com.mnc.udp.UDPServer - UDP-Server: Message-66-68 -> Message-66-68 (/127.0.0.1:49491)
21:20:57.246 [pool-1-thread-2] DEBUG com.mnc.udp.UDPServer - UDP-Server: Message-18-18 -> Message-18-18 (/127.0.0.1:49443)
21:20:57.246 [pool-1-thread-1] DEBUG com.mnc.udp.UDPServer - UDP-Server: Message-39-52 -> Message-39-52 (/127.0.0.1:49464)
21:20:57.246 [pool-1-thread-4] DEBUG com.mnc.udp.UDPServer - UDP-Server: Message-60-66
21:20:57.246 [pool-1-thread-1] DEBUG com.mnc.udp.UDPServer - UDP-Server: Message-58-29
21:20:57.246 [pool-1-thread-1] DEBUG com.mnc.udp.UDPServer - UDP-Server: Message-58-29 -> Message-58-29 (/127.0.0.1:49483)
21:20:57.246 [pool-1-thread-4] DEBUG com.mnc.udp.UDPServer - UDP-Server: Message-60-66 -> Message-60-66 (/127.0.0.1:49485)
21:20:57.246 [pool-1-thread-1] DEBUG com.mnc.udp.UDPServer - UDP-Server: Message-18-7
21:20:57.246 [pool-1-thread-5] DEBUG com.mnc.udp.UDPServer - UDP-Server: Message-66-63
21:20:57.246 [pool-1-thread-1] DEBUG com.mnc.udp.UDPServer - UDP-Server: Message-18-7 -> Message-18-7 (/127.0.0.1:49443)
21:20:57.246 [pool-1-thread-3] DEBUG com.mnc.udp.UDPServer - UDP-Server: Message-39-7
21:20:57.246 [pool-1-thread-3] DEBUG com.mnc.udp.UDPServer - UDP-Server: Message-39-7 -> Message-39-7 (/127.0.0.1:49464)
21:20:57.246 [pool-1-thread-5] DEBUG com.mnc.udp.UDPServer - UDP-Server: Message-66-63 -> Message-66-63 (/127.0.0.1:49491)
21:20:57.246 [pool-1-thread-2] DEBUG com.mnc.udp.UDPServer - UDP-Server: Message-60-67
21:20:57.246 [pool-1-thread-2] DEBUG com.mnc.udp.UDPServer - UDP-Server: Message-60-67 -> Message-60-67 (/127.0.0.1:49485)
21:20:57.246 [pool-1-thread-5] DEBUG com.mnc.udp.UDPServer - UDP-Server: Message-18-8
21:20:57.246 [pool-1-thread-5] DEBUG com.mnc.udp.UDPServer - UDP-Server: Message-18-8 -> Message-18-8 (/127.0.0.1:49443)
21:20:57.246 [pool-1-thread-1] DEBUG com.mnc.udp.UDPServer - UDP-Server: Message-58-30
21:20:57.246 [pool-1-thread-5] DEBUG com.mnc.udp.UDPServer - UDP-Server: Message-39-8
21:20:57.246 [pool-1-thread-5] DEBUG com.mnc.udp.UDPServer - UDP-Server: Message-39-8 -> Message-39-8 (/127.0.0.1:49464)
21:20:57.246 [pool-1-thread-5] DEBUG com.mnc.udp.UDPServer - UDP-Server: Message-66-64
21:20:57.246 [pool-1-thread-4] DEBUG com.mnc.udp.UDPServer - UDP-Server: Message-60-63
21:20:57.246 [pool-1-thread-5] DEBUG com.mnc.udp.UDPServer - UDP-Server: Message-66-64 -> Message-66-64 (/127.0.0.1:49491)
21:20:57.246 [pool-1-thread-4] DEBUG com.mnc.udp.UDPServer - UDP-Server: Message-60-63 -> Message-60-63 (/127.0.0.1:49485)
21:20:57.246 [pool-1-thread-1] DEBUG com.mnc.udp.UDPServer - UDP-Server: Message-58-30 -> Message-58-30 (/127.0.0.1:49483)
21:20:57.246 [pool-1-thread-2] DEBUG com.mnc.udp.UDPServer - UDP-Server: Message-18-6
21:20:57.246 [pool-1-thread-2] DEBUG com.mnc.udp.UDPServer - UDP-Server: Message-18-6 -> Message-18-6 (/127.0.0.1:49443)
21:20:57.246 [pool-1-thread-3] DEBUG com.mnc.udp.UDPServer - UDP-Server: Message-39-6
21:20:57.246 [pool-1-thread-3] DEBUG com.mnc.udp.UDPServer - UDP-Server: Message-39-6 -> Message-39-6 (/127.0.0.1:49464)
21:20:57.246 [pool-1-thread-5] DEBUG com.mnc.udp.UDPServer - UDP-Server: Message-60-64
21:20:57.246 [pool-1-thread-3] DEBUG com.mnc.udp.UDPServer - UDP-Server: Message-66-62
21:20:57.246 [pool-1-thread-4] DEBUG com.mnc.udp.UDPServer - UDP-Server: Message-58-90
21:20:57.246 [pool-1-thread-1] DEBUG com.mnc.udp.UDPServer - UDP-Server: Message-18-10
21:20:57.246 [pool-1-thread-5] DEBUG com.mnc.udp.UDPServer - UDP-Server: Message-60-64 -> Message-60-64 (/127.0.0.1:49485)
21:20:57.246 [pool-1-thread-4] DEBUG com.mnc.udp.UDPServer - UDP-Server: Message-58-90 -> Message-58-90 (/127.0.0.1:49483)
21:20:57.246 [pool-1-thread-3] DEBUG com.mnc.udp.UDPServer - UDP-Server: Message-66-62 -> Message-66-62 (/127.0.0.1:49491)
21:20:57.246 [pool-1-thread-1] DEBUG com.mnc.udp.UDPServer - UDP-Server: Message-18-10 -> Message-18-10 (/127.0.0.1:49443)
21:20:57.246 [pool-1-thread-2] DEBUG com.mnc.udp.UDPServer - UDP-Server: Message-39-10
21:20:57.247 [pool-1-thread-2] DEBUG com.mnc.udp.UDPServer - UDP-Server: Message-39-10 -> Message-39-10 (/127.0.0.1:49464)
21:20:57.247 [pool-1-thread-5] DEBUG com.mnc.udp.UDPServer - UDP-Server: Message-60-62
21:20:57.247 [pool-1-thread-2] DEBUG com.mnc.udp.UDPServer - UDP-Server: Message-58-91
21:20:57.247 [pool-1-thread-5] DEBUG com.mnc.udp.UDPServer - UDP-Server: Message-60-62 -> Message-60-62 (/127.0.0.1:49485)
21:20:57.247 [pool-1-thread-2] DEBUG com.mnc.udp.UDPServer - UDP-Server: Message-58-91 -> Message-58-91 (/127.0.0.1:49483)
21:20:57.247 [pool-1-thread-3] DEBUG com.mnc.udp.UDPServer - UDP-Server: Message-66-66
21:20:57.247 [pool-1-thread-5] DEBUG com.mnc.udp.UDPServer - UDP-Server: Message-18-11
21:20:57.247 [pool-1-thread-1] DEBUG com.mnc.udp.UDPServer - UDP-Server: Message-39-11
21:20:57.247 [pool-1-thread-5] DEBUG com.mnc.udp.UDPServer - UDP-Server: Message-18-11 -> Message-18-11 (/127.0.0.1:49443)
21:20:57.247 [pool-1-thread-3] DEBUG com.mnc.udp.UDPServer - UDP-Server: Message-66-66 -> Message-66-66 (/127.0.0.1:49491)
21:20:57.247 [pool-1-thread-5] DEBUG com.mnc.udp.UDPServer - UDP-Server: Message-60-53
21:20:57.247 [pool-1-thread-1] DEBUG com.mnc.udp.UDPServer - UDP-Server: Message-39-11 -> Message-39-11 (/127.0.0.1:49464)
21:20:57.247 [pool-1-thread-3] DEBUG com.mnc.udp.UDPServer - UDP-Server: Message-58-92
21:20:57.247 [pool-1-thread-5] DEBUG com.mnc.udp.UDPServer - UDP-Server: Message-60-53 -> Message-60-53 (/127.0.0.1:49485)
21:20:57.247 [pool-1-thread-3] DEBUG com.mnc.udp.UDPServer - UDP-Server: Message-58-92 -> Message-58-92 (/127.0.0.1:49483)
21:20:57.247 [pool-1-thread-2] DEBUG com.mnc.udp.UDPServer - UDP-Server: Message-39-9
21:20:57.247 [pool-1-thread-2] DEBUG com.mnc.udp.UDPServer - UDP-Server: Message-39-9 -> Message-39-9 (/127.0.0.1:49464)
21:20:57.247 [pool-1-thread-4] DEBUG com.mnc.udp.UDPServer - UDP-Server: Message-18-9
21:20:57.247 [pool-1-thread-5] DEBUG com.mnc.udp.UDPServer - UDP-Server: Message-66-67
21:20:57.247 [pool-1-thread-5] DEBUG com.mnc.udp.UDPServer - UDP-Server: Message-66-67 -> Message-66-67 (/127.0.0.1:49491)
21:20:57.247 [pool-1-thread-1] DEBUG com.mnc.udp.UDPServer - UDP-Server: Message-60-54
21:20:57.247 [pool-1-thread-3] DEBUG com.mnc.udp.UDPServer - UDP-Server: Message-58-26
21:20:57.247 [pool-1-thread-4] DEBUG com.mnc.udp.UDPServer - UDP-Server: Message-18-9 -> Message-18-9 (/127.0.0.1:49443)
21:20:57.247 [pool-1-thread-3] DEBUG com.mnc.udp.UDPServer - UDP-Server: Message-58-26 -> Message-58-26 (/127.0.0.1:49483)
21:20:57.247 [pool-1-thread-5] DEBUG com.mnc.udp.UDPServer - UDP-Server: Message-39-3
21:20:57.247 [pool-1-thread-1] DEBUG com.mnc.udp.UDPServer - UDP-Server: Message-60-54 -> Message-60-54 (/127.0.0.1:49485)
21:20:57.247 [pool-1-thread-2] DEBUG com.mnc.udp.UDPServer - UDP-Server: Message-58-27
21:20:57.247 [pool-1-thread-3] DEBUG com.mnc.udp.UDPServer - UDP-Server: Message-64-32
21:20:57.247 [pool-1-thread-5] DEBUG com.mnc.udp.UDPServer - UDP-Server: Message-39-3 -> Message-39-3 (/127.0.0.1:49464)
21:20:57.247 [pool-1-thread-4] DEBUG com.mnc.udp.UDPServer - UDP-Server: Message-18-3
21:20:57.247 [pool-1-thread-4] DEBUG com.mnc.udp.UDPServer - UDP-Server: Message-18-3 -> Message-18-3 (/127.0.0.1:49443)
21:20:57.247 [pool-1-thread-2] DEBUG com.mnc.udp.UDPServer - UDP-Server: Message-58-27 -> Message-58-27 (/127.0.0.1:49483)
21:20:57.247 [pool-1-thread-1] DEBUG com.mnc.udp.UDPServer - UDP-Server: Message-60-55
21:20:57.247 [pool-1-thread-5] DEBUG com.mnc.udp.UDPServer - UDP-Server: Message-39-50
21:20:57.247 [pool-1-thread-3] DEBUG com.mnc.udp.UDPServer - UDP-Server: Message-64-32 -> Message-64-32 (/127.0.0.1:49489)
21:20:57.247 [pool-1-thread-5] DEBUG com.mnc.udp.UDPServer - UDP-Server: Message-39-50 -> Message-39-50 (/127.0.0.1:49464)
21:20:57.247 [pool-1-thread-1] DEBUG com.mnc.udp.UDPServer - UDP-Server: Message-60-55 -> Message-60-55 (/127.0.0.1:49485)
21:20:57.247 [pool-1-thread-4] DEBUG com.mnc.udp.UDPServer - UDP-Server: Message-18-4
21:20:57.247 [pool-1-thread-2] DEBUG com.mnc.udp.UDPServer - UDP-Server: Message-58-25
21:20:57.247 [pool-1-thread-2] DEBUG com.mnc.udp.UDPServer - UDP-Server: Message-58-25 -> Message-58-25 (/127.0.0.1:49483)
21:20:57.247 [pool-1-thread-4] DEBUG com.mnc.udp.UDPServer - UDP-Server: Message-18-4 -> Message-18-4 (/127.0.0.1:49443)
21:20:57.247 [pool-1-thread-2] DEBUG com.mnc.udp.UDPServer - UDP-Server: Message-64-33
21:20:57.247 [pool-1-thread-5] DEBUG com.mnc.udp.UDPServer - UDP-Server: Message-60-7
21:20:57.247 [pool-1-thread-2] DEBUG com.mnc.udp.UDPServer - UDP-Server: Message-64-33 -> Message-64-33 (/127.0.0.1:49489)
21:20:57.247 [pool-1-thread-4] DEBUG com.mnc.udp.UDPServer - UDP-Server: Message-39-4
21:20:57.247 [pool-1-thread-3] DEBUG com.mnc.udp.UDPServer - UDP-Server: Message-58-88
21:20:57.247 [pool-1-thread-4] DEBUG com.mnc.udp.UDPServer - UDP-Server: Message-39-4 -> Message-39-4 (/127.0.0.1:49464)
21:20:57.247 [pool-1-thread-5] DEBUG com.mnc.udp.UDPServer - UDP-Server: Message-60-7 -> Message-60-7 (/127.0.0.1:49485)
21:20:57.247 [pool-1-thread-5] DEBUG com.mnc.udp.UDPServer - UDP-Server: Message-64-31
21:20:57.247 [pool-1-thread-5] DEBUG com.mnc.udp.UDPServer - UDP-Server: Message-64-31 -> Message-64-31 (/127.0.0.1:49489)
21:20:57.247 [pool-1-thread-2] DEBUG com.mnc.udp.UDPServer - UDP-Server: Message-18-5
21:20:57.247 [pool-1-thread-4] DEBUG com.mnc.udp.UDPServer - UDP-Server: Message-39-5
21:20:57.247 [pool-1-thread-2] DEBUG com.mnc.udp.UDPServer - UDP-Server: Message-18-5 -> Message-18-5 (/127.0.0.1:49443)
21:20:57.247 [pool-1-thread-3] DEBUG com.mnc.udp.UDPServer - UDP-Server: Message-58-88 -> Message-58-88 (/127.0.0.1:49483)
21:20:57.247 [pool-1-thread-5] DEBUG com.mnc.udp.UDPServer - UDP-Server: Message-60-8
21:20:57.247 [pool-1-thread-1] DEBUG com.mnc.udp.UDPServer - UDP-Server: Message-64-35
21:20:57.247 [pool-1-thread-4] DEBUG com.mnc.udp.UDPServer - UDP-Server: Message-39-5 -> Message-39-5 (/127.0.0.1:49464)
21:20:57.247 [pool-1-thread-3] DEBUG com.mnc.udp.UDPServer - UDP-Server: Message-58-89
21:20:57.247 [pool-1-thread-5] DEBUG com.mnc.udp.UDPServer - UDP-Server: Message-60-8 -> Message-60-8 (/127.0.0.1:49485)
21:20:57.247 [pool-1-thread-1] DEBUG com.mnc.udp.UDPServer - UDP-Server: Message-64-35 -> Message-64-35 (/127.0.0.1:49489)
21:20:57.247 [pool-1-thread-2] DEBUG com.mnc.udp.UDPServer - UDP-Server: Message-18-1
21:20:57.247 [pool-1-thread-3] DEBUG com.mnc.udp.UDPServer - UDP-Server: Message-58-89 -> Message-58-89 (/127.0.0.1:49483)
21:20:57.248 [pool-1-thread-4] DEBUG com.mnc.udp.UDPServer - UDP-Server: Message-39-1
21:20:57.248 [pool-1-thread-3] DEBUG com.mnc.udp.UDPServer - UDP-Server: Message-60-6
21:20:57.248 [pool-1-thread-4] DEBUG com.mnc.udp.UDPServer - UDP-Server: Message-39-1 -> Message-39-1 (/127.0.0.1:49464)
21:20:57.248 [pool-1-thread-1] DEBUG com.mnc.udp.UDPServer - UDP-Server: Message-64-36
21:20:57.248 [pool-1-thread-1] DEBUG com.mnc.udp.UDPServer - UDP-Server: Message-64-36 -> Message-64-36 (/127.0.0.1:49489)
21:20:57.248 [pool-1-thread-1] DEBUG com.mnc.udp.UDPServer - UDP-Server: Message-58-87
21:20:57.248 [pool-1-thread-1] DEBUG com.mnc.udp.UDPServer - UDP-Server: Message-58-87 -> Message-58-87 (/127.0.0.1:49483)
21:20:57.247 [pool-1-thread-2] DEBUG com.mnc.udp.UDPServer - UDP-Server: Message-18-1 -> Message-18-1 (/127.0.0.1:49443)
21:20:57.248 [pool-1-thread-1] DEBUG com.mnc.udp.UDPServer - UDP-Server: Message-39-2
21:20:57.248 [pool-1-thread-1] DEBUG com.mnc.udp.UDPServer - UDP-Server: Message-39-2 -> Message-39-2 (/127.0.0.1:49464)
21:20:57.248 [pool-1-thread-3] DEBUG com.mnc.udp.UDPServer - UDP-Server: Message-60-6 -> Message-60-6 (/127.0.0.1:49485)
21:20:57.248 [pool-1-thread-1] DEBUG com.mnc.udp.UDPServer - UDP-Server: Message-64-34
21:20:57.248 [pool-1-thread-1] DEBUG com.mnc.udp.UDPServer - UDP-Server: Message-64-34 -> Message-64-34 (/127.0.0.1:49489)
21:20:57.248 [pool-1-thread-4] DEBUG com.mnc.udp.UDPServer - UDP-Server: Message-18-2
21:20:57.248 [pool-1-thread-3] DEBUG com.mnc.udp.UDPServer - UDP-Server: Message-58-96
21:20:57.248 [pool-1-thread-2] DEBUG com.mnc.udp.UDPServer - UDP-Server: Message-39-0
21:20:57.248 [pool-1-thread-5] DEBUG com.mnc.udp.UDPServer - UDP-Server: Message-60-10
21:20:57.248 [pool-1-thread-5] DEBUG com.mnc.udp.UDPServer - UDP-Server: Message-60-10 -> Message-60-10 (/127.0.0.1:49485)
21:20:57.248 [pool-1-thread-4] DEBUG com.mnc.udp.UDPServer - UDP-Server: Message-18-2 -> Message-18-2 (/127.0.0.1:49443)
21:20:57.248 [pool-1-thread-3] DEBUG com.mnc.udp.UDPServer - UDP-Server: Message-58-96 -> Message-58-96 (/127.0.0.1:49483)
21:20:57.248 [pool-1-thread-2] DEBUG com.mnc.udp.UDPServer - UDP-Server: Message-39-0 -> Message-39-0 (/127.0.0.1:49464)
21:20:57.248 [pool-1-thread-5] DEBUG com.mnc.udp.UDPServer - UDP-Server: Message-60-11
21:20:57.248 [pool-1-thread-1] DEBUG com.mnc.udp.UDPServer - UDP-Server: Message-64-28
21:20:57.248 [pool-1-thread-1] DEBUG com.mnc.udp.UDPServer - UDP-Server: Message-64-28 -> Message-64-28 (/127.0.0.1:49489)
21:20:57.248 [pool-1-thread-5] DEBUG com.mnc.udp.UDPServer - UDP-Server: Message-60-11 -> Message-60-11 (/127.0.0.1:49485)
21:20:57.248 [pool-1-thread-1] DEBUG com.mnc.udp.UDPServer - UDP-Server: Message-58-97
21:20:57.248 [pool-1-thread-1] DEBUG com.mnc.udp.UDPServer - UDP-Server: Message-58-97 -> Message-58-97 (/127.0.0.1:49483)
21:20:57.248 [pool-1-thread-4] DEBUG com.mnc.udp.UDPServer - UDP-Server: Message-18-0
21:20:57.248 [pool-1-thread-5] DEBUG com.mnc.udp.UDPServer - UDP-Server: Message-64-29
21:20:57.248 [pool-1-thread-3] DEBUG com.mnc.udp.UDPServer - UDP-Server: Message-60-9
21:20:57.248 [pool-1-thread-4] DEBUG com.mnc.udp.UDPServer - UDP-Server: Message-18-0 -> Message-18-0 (/127.0.0.1:49443)
21:20:57.248 [pool-1-thread-5] DEBUG com.mnc.udp.UDPServer - UDP-Server: Message-64-29 -> Message-64-29 (/127.0.0.1:49489)
21:20:57.248 [pool-1-thread-3] DEBUG com.mnc.udp.UDPServer - UDP-Server: Message-60-9 -> Message-60-9 (/127.0.0.1:49485)
21:20:57.248 [pool-1-thread-2] DEBUG com.mnc.udp.UDPServer - UDP-Server: Message-58-98
21:20:57.248 [pool-1-thread-2] DEBUG com.mnc.udp.UDPServer - UDP-Server: Message-58-98 -> Message-58-98 (/127.0.0.1:49483)
21:20:57.248 [pool-1-thread-2] DEBUG com.mnc.udp.UDPServer - UDP-Server: Message-18-90
21:20:57.248 [pool-1-thread-2] DEBUG com.mnc.udp.UDPServer - UDP-Server: Message-18-90 -> Message-18-90 (/127.0.0.1:49443)
21:20:57.248 [pool-1-thread-1] DEBUG com.mnc.udp.UDPServer - UDP-Server: Message-64-30
21:20:57.248 [pool-1-thread-1] DEBUG com.mnc.udp.UDPServer - UDP-Server: Message-64-30 -> Message-64-30 (/127.0.0.1:49489)
21:20:57.248 [pool-1-thread-2] DEBUG com.mnc.udp.UDPServer - UDP-Server: Message-60-3
21:20:57.248 [pool-1-thread-2] DEBUG com.mnc.udp.UDPServer - UDP-Server: Message-60-3 -> Message-60-3 (/127.0.0.1:49485)
21:20:57.248 [pool-1-thread-1] DEBUG com.mnc.udp.UDPServer - UDP-Server: Message-58-99
21:20:57.248 [pool-1-thread-1] DEBUG com.mnc.udp.UDPServer - UDP-Server: Message-58-99 -> Message-58-99 (/127.0.0.1:49483)
21:20:57.248 [pool-1-thread-2] DEBUG com.mnc.udp.UDPServer - UDP-Server: Message-18-91
21:20:57.248 [pool-1-thread-5] DEBUG com.mnc.udp.UDPServer - UDP-Server: Message-64-26
21:20:57.248 [pool-1-thread-5] DEBUG com.mnc.udp.UDPServer - UDP-Server: Message-64-26 -> Message-64-26 (/127.0.0.1:49489)
21:20:57.248 [pool-1-thread-5] DEBUG com.mnc.udp.UDPServer - UDP-Server: Message-58-94
21:20:57.248 [pool-1-thread-2] DEBUG com.mnc.udp.UDPServer - UDP-Server: Message-18-91 -> Message-18-91 (/127.0.0.1:49443)
21:20:57.248 [pool-1-thread-3] DEBUG com.mnc.udp.UDPServer - UDP-Server: Message-60-27
21:20:57.248 [pool-1-thread-1] DEBUG com.mnc.udp.UDPServer - UDP-Server: Message-64-27
21:20:57.248 [pool-1-thread-1] DEBUG com.mnc.udp.UDPServer - UDP-Server: Message-64-27 -> Message-64-27 (/127.0.0.1:49489)
21:20:57.248 [pool-1-thread-5] DEBUG com.mnc.udp.UDPServer - UDP-Server: Message-58-94 -> Message-58-94 (/127.0.0.1:49483)
21:20:57.248 [pool-1-thread-3] DEBUG com.mnc.udp.UDPServer - UDP-Server: Message-60-27 -> Message-60-27 (/127.0.0.1:49485)
21:20:57.248 [pool-1-thread-4] DEBUG com.mnc.udp.UDPServer - UDP-Server: Message-18-92
21:20:57.248 [pool-1-thread-4] DEBUG com.mnc.udp.UDPServer - UDP-Server: Message-18-92 -> Message-18-92 (/127.0.0.1:49443)
21:20:57.248 [pool-1-thread-4] DEBUG com.mnc.udp.UDPServer - UDP-Server: Message-64-25
21:20:57.248 [pool-1-thread-1] DEBUG com.mnc.udp.UDPServer - UDP-Server: Message-58-95
21:20:57.248 [pool-1-thread-1] DEBUG com.mnc.udp.UDPServer - UDP-Server: Message-58-95 -> Message-58-95 (/127.0.0.1:49483)
21:20:57.248 [pool-1-thread-4] DEBUG com.mnc.udp.UDPServer - UDP-Server: Message-64-25 -> Message-64-25 (/127.0.0.1:49489)
21:20:57.248 [pool-1-thread-2] DEBUG com.mnc.udp.UDPServer - UDP-Server: Message-58-93
21:20:57.248 [pool-1-thread-5] DEBUG com.mnc.udp.UDPServer - UDP-Server: Message-18-88
21:20:57.248 [pool-1-thread-2] DEBUG com.mnc.udp.UDPServer - UDP-Server: Message-58-93 -> Message-58-93 (/127.0.0.1:49483)
21:20:57.248 [pool-1-thread-5] DEBUG com.mnc.udp.UDPServer - UDP-Server: Message-18-88 -> Message-18-88 (/127.0.0.1:49443)
21:20:57.248 [pool-1-thread-1] DEBUG com.mnc.udp.UDPServer - UDP-Server: Message-60-25
21:20:57.249 [pool-1-thread-3] DEBUG com.mnc.udp.UDPServer - UDP-Server: Message-64-44
21:20:57.249 [pool-1-thread-1] DEBUG com.mnc.udp.UDPServer - UDP-Server: Message-60-25 -> Message-60-25 (/127.0.0.1:49485)
21:20:57.249 [pool-1-thread-3] DEBUG com.mnc.udp.UDPServer - UDP-Server: Message-64-44 -> Message-64-44 (/127.0.0.1:49489)
21:20:57.249 [pool-1-thread-4] DEBUG com.mnc.udp.UDPServer - UDP-Server: Message-18-89
21:20:57.249 [pool-1-thread-4] DEBUG com.mnc.udp.UDPServer - UDP-Server: Message-18-89 -> Message-18-89 (/127.0.0.1:49443)
21:20:57.249 [pool-1-thread-1] DEBUG com.mnc.udp.UDPServer - UDP-Server: Message-58-63
21:20:57.249 [pool-1-thread-1] DEBUG com.mnc.udp.UDPServer - UDP-Server: Message-58-63 -> Message-58-63 (/127.0.0.1:49483)
21:20:57.249 [pool-1-thread-5] DEBUG com.mnc.udp.UDPServer - UDP-Server: Message-64-45
21:20:57.249 [pool-1-thread-3] DEBUG com.mnc.udp.UDPServer - UDP-Server: Message-18-87
21:20:57.249 [pool-1-thread-3] DEBUG com.mnc.udp.UDPServer - UDP-Server: Message-18-87 -> Message-18-87 (/127.0.0.1:49443)
21:20:57.249 [pool-1-thread-1] DEBUG com.mnc.udp.UDPServer - UDP-Server: Message-60-4
21:20:57.249 [pool-1-thread-1] DEBUG com.mnc.udp.UDPServer - UDP-Server: Message-60-4 -> Message-60-4 (/127.0.0.1:49485)
21:20:57.249 [pool-1-thread-5] DEBUG com.mnc.udp.UDPServer - UDP-Server: Message-64-45 -> Message-64-45 (/127.0.0.1:49489)
21:20:57.249 [pool-1-thread-4] DEBUG com.mnc.udp.UDPServer - UDP-Server: Message-58-64
21:20:57.249 [pool-1-thread-4] DEBUG com.mnc.udp.UDPServer - UDP-Server: Message-58-64 -> Message-58-64 (/127.0.0.1:49483)
21:20:57.249 [pool-1-thread-4] DEBUG com.mnc.udp.UDPServer - UDP-Server: Message-18-96
21:20:57.249 [pool-1-thread-4] DEBUG com.mnc.udp.UDPServer - UDP-Server: Message-18-96 -> Message-18-96 (/127.0.0.1:49443)
21:20:57.249 [pool-1-thread-4] DEBUG com.mnc.udp.UDPServer - UDP-Server: Message-64-43
21:20:57.249 [pool-1-thread-3] DEBUG com.mnc.udp.UDPServer - UDP-Server: Message-60-5
21:20:57.249 [pool-1-thread-1] DEBUG com.mnc.udp.UDPServer - UDP-Server: Message-58-62
21:20:57.249 [pool-1-thread-4] DEBUG com.mnc.udp.UDPServer - UDP-Server: Message-64-43 -> Message-64-43 (/127.0.0.1:49489)
21:20:57.249 [pool-1-thread-3] DEBUG com.mnc.udp.UDPServer - UDP-Server: Message-60-5 -> Message-60-5 (/127.0.0.1:49485)
21:20:57.249 [pool-1-thread-2] DEBUG com.mnc.udp.UDPServer - UDP-Server: Message-18-97
21:20:57.249 [pool-1-thread-1] DEBUG com.mnc.udp.UDPServer - UDP-Server: Message-58-62 -> Message-58-62 (/127.0.0.1:49483)
21:20:57.249 [pool-1-thread-5] DEBUG com.mnc.udp.UDPServer - UDP-Server: Message-64-48
21:20:57.249 [pool-1-thread-5] DEBUG com.mnc.udp.UDPServer - UDP-Server: Message-64-48 -> Message-64-48 (/127.0.0.1:49489)
21:20:57.249 [pool-1-thread-3] DEBUG com.mnc.udp.UDPServer - UDP-Server: Message-58-44
21:20:57.249 [pool-1-thread-3] DEBUG com.mnc.udp.UDPServer - UDP-Server: Message-58-44 -> Message-58-44 (/127.0.0.1:49483)
21:20:57.249 [pool-1-thread-2] DEBUG com.mnc.udp.UDPServer - UDP-Server: Message-18-97 -> Message-18-97 (/127.0.0.1:49443)
21:20:57.249 [pool-1-thread-3] DEBUG com.mnc.udp.UDPServer - UDP-Server: Message-64-49
21:20:57.249 [pool-1-thread-3] DEBUG com.mnc.udp.UDPServer - UDP-Server: Message-64-49 -> Message-64-49 (/127.0.0.1:49489)
21:20:57.249 [pool-1-thread-4] DEBUG com.mnc.udp.UDPServer - UDP-Server: Message-60-1
21:20:57.249 [pool-1-thread-4] DEBUG com.mnc.udp.UDPServer - UDP-Server: Message-60-1 -> Message-60-1 (/127.0.0.1:49485)
21:20:57.249 [pool-1-thread-1] DEBUG com.mnc.udp.UDPServer - UDP-Server: Message-18-98
21:20:57.249 [pool-1-thread-2] DEBUG com.mnc.udp.UDPServer - UDP-Server: Message-64-46
21:20:57.249 [pool-1-thread-5] DEBUG com.mnc.udp.UDPServer - UDP-Server: Message-58-45
21:20:57.249 [pool-1-thread-1] DEBUG com.mnc.udp.UDPServer - UDP-Server: Message-18-98 -> Message-18-98 (/127.0.0.1:49443)
21:20:57.249 [pool-1-thread-5] DEBUG com.mnc.udp.UDPServer - UDP-Server: Message-58-45 -> Message-58-45 (/127.0.0.1:49483)
21:20:57.249 [pool-1-thread-2] DEBUG com.mnc.udp.UDPServer - UDP-Server: Message-64-46 -> Message-64-46 (/127.0.0.1:49489)
21:20:57.249 [pool-1-thread-5] DEBUG com.mnc.udp.UDPServer - UDP-Server: Message-60-2
21:20:57.249 [pool-1-thread-5] DEBUG com.mnc.udp.UDPServer - UDP-Server: Message-60-2 -> Message-60-2 (/127.0.0.1:49485)
21:20:57.249 [pool-1-thread-4] DEBUG com.mnc.udp.UDPServer - UDP-Server: Message-18-99
21:20:57.249 [pool-1-thread-4] DEBUG com.mnc.udp.UDPServer - UDP-Server: Message-18-99 -> Message-18-99 (/127.0.0.1:49443)
21:20:57.249 [pool-1-thread-1] DEBUG com.mnc.udp.UDPServer - UDP-Server: Message-64-47
21:20:57.249 [pool-1-thread-4] DEBUG com.mnc.udp.UDPServer - UDP-Server: Message-60-0
21:20:57.249 [pool-1-thread-2] DEBUG com.mnc.udp.UDPServer - UDP-Server: Message-58-82
21:20:57.249 [pool-1-thread-1] DEBUG com.mnc.udp.UDPServer - UDP-Server: Message-64-47 -> Message-64-47 (/127.0.0.1:49489)
21:20:57.249 [pool-1-thread-4] DEBUG com.mnc.udp.UDPServer - UDP-Server: Message-60-0 -> Message-60-0 (/127.0.0.1:49485)
21:20:57.249 [pool-1-thread-2] DEBUG com.mnc.udp.UDPServer - UDP-Server: Message-58-82 -> Message-58-82 (/127.0.0.1:49483)
21:20:57.249 [pool-1-thread-5] DEBUG com.mnc.udp.UDPServer - UDP-Server: Message-18-94
21:20:57.249 [pool-1-thread-2] DEBUG com.mnc.udp.UDPServer - UDP-Server: Message-64-40
21:20:57.249 [pool-1-thread-5] DEBUG com.mnc.udp.UDPServer - UDP-Server: Message-18-94 -> Message-18-94 (/127.0.0.1:49443)
21:20:57.249 [pool-1-thread-2] DEBUG com.mnc.udp.UDPServer - UDP-Server: Message-64-40 -> Message-64-40 (/127.0.0.1:49489)
21:20:57.249 [pool-1-thread-1] DEBUG com.mnc.udp.UDPServer - UDP-Server: Message-60-40
21:20:57.249 [pool-1-thread-5] DEBUG com.mnc.udp.UDPServer - UDP-Server: Message-58-83
21:20:57.249 [pool-1-thread-1] DEBUG com.mnc.udp.UDPServer - UDP-Server: Message-60-40 -> Message-60-40 (/127.0.0.1:49485)
21:20:57.249 [pool-1-thread-5] DEBUG com.mnc.udp.UDPServer - UDP-Server: Message-58-83 -> Message-58-83 (/127.0.0.1:49483)
21:20:57.249 [pool-1-thread-1] DEBUG com.mnc.udp.UDPServer - UDP-Server: Message-18-95
21:20:57.249 [pool-1-thread-4] DEBUG com.mnc.udp.UDPServer - UDP-Server: Message-64-41
21:20:57.249 [pool-1-thread-4] DEBUG com.mnc.udp.UDPServer - UDP-Server: Message-64-41 -> Message-64-41 (/127.0.0.1:49489)
21:20:57.249 [pool-1-thread-1] DEBUG com.mnc.udp.UDPServer - UDP-Server: Message-18-95 -> Message-18-95 (/127.0.0.1:49443)
21:20:57.249 [pool-1-thread-2] DEBUG com.mnc.udp.UDPServer - UDP-Server: Message-60-41
21:20:57.249 [pool-1-thread-2] DEBUG com.mnc.udp.UDPServer - UDP-Server: Message-60-41 -> Message-60-41 (/127.0.0.1:49485)
21:20:57.249 [pool-1-thread-3] DEBUG com.mnc.udp.UDPServer - UDP-Server: Message-58-81
21:20:57.250 [pool-1-thread-5] DEBUG com.mnc.udp.UDPServer - UDP-Server: Message-60-42
21:20:57.250 [pool-1-thread-2] DEBUG com.mnc.udp.UDPServer - UDP-Server: Message-64-42
21:20:57.250 [pool-1-thread-5] DEBUG com.mnc.udp.UDPServer - UDP-Server: Message-60-42 -> Message-60-42 (/127.0.0.1:49485)
21:20:57.250 [pool-1-thread-2] DEBUG com.mnc.udp.UDPServer - UDP-Server: Message-64-42 -> Message-64-42 (/127.0.0.1:49489)
21:20:57.250 [pool-1-thread-1] DEBUG com.mnc.udp.UDPServer - UDP-Server: Message-18-93
21:20:57.250 [pool-1-thread-3] DEBUG com.mnc.udp.UDPServer - UDP-Server: Message-58-81 -> Message-58-81 (/127.0.0.1:49483)
21:20:57.250 [pool-1-thread-1] DEBUG com.mnc.udp.UDPServer - UDP-Server: Message-18-93 -> Message-18-93 (/127.0.0.1:49443)
21:20:57.250 [pool-1-thread-4] DEBUG com.mnc.udp.UDPServer - UDP-Server: Message-60-51
21:20:57.250 [pool-1-thread-4] DEBUG com.mnc.udp.UDPServer - UDP-Server: Message-60-51 -> Message-60-51 (/127.0.0.1:49485)
21:20:57.250 [pool-1-thread-5] DEBUG com.mnc.udp.UDPServer - UDP-Server: Message-64-38
21:20:57.250 [pool-1-thread-5] DEBUG com.mnc.udp.UDPServer - UDP-Server: Message-64-38 -> Message-64-38 (/127.0.0.1:49489)
21:20:57.250 [pool-1-thread-5] DEBUG com.mnc.udp.UDPServer - UDP-Server: Message-58-85
21:20:57.250 [pool-1-thread-5] DEBUG com.mnc.udp.UDPServer - UDP-Server: Message-58-85 -> Message-58-85 (/127.0.0.1:49483)
21:20:57.250 [pool-1-thread-2] DEBUG com.mnc.udp.UDPServer - UDP-Server: Message-18-82
21:20:57.250 [pool-1-thread-5] DEBUG com.mnc.udp.UDPServer - UDP-Server: Message-60-52
21:20:57.250 [pool-1-thread-5] DEBUG com.mnc.udp.UDPServer - UDP-Server: Message-60-52 -> Message-60-52 (/127.0.0.1:49485)
21:20:57.250 [pool-1-thread-4] DEBUG com.mnc.udp.UDPServer - UDP-Server: Message-64-39
21:20:57.250 [pool-1-thread-2] DEBUG com.mnc.udp.UDPServer - UDP-Server: Message-18-82 -> Message-18-82 (/127.0.0.1:49443)
21:20:57.250 [pool-1-thread-4] DEBUG com.mnc.udp.UDPServer - UDP-Server: Message-64-39 -> Message-64-39 (/127.0.0.1:49489)
21:20:57.250 [pool-1-thread-2] DEBUG com.mnc.udp.UDPServer - UDP-Server: Message-58-86
21:20:57.250 [pool-1-thread-2] DEBUG com.mnc.udp.UDPServer - UDP-Server: Message-58-86 -> Message-58-86 (/127.0.0.1:49483)
21:20:57.250 [pool-1-thread-2] DEBUG com.mnc.udp.UDPServer - UDP-Server: Message-60-50
21:20:57.250 [pool-1-thread-2] DEBUG com.mnc.udp.UDPServer - UDP-Server: Message-60-50 -> Message-60-50 (/127.0.0.1:49485)
21:20:57.250 [pool-1-thread-1] DEBUG com.mnc.udp.UDPServer - UDP-Server: Message-18-83
21:20:57.250 [pool-1-thread-1] DEBUG com.mnc.udp.UDPServer - UDP-Server: Message-18-83 -> Message-18-83 (/127.0.0.1:49443)
21:20:57.250 [pool-1-thread-2] DEBUG com.mnc.udp.UDPServer - UDP-Server: Message-58-84
21:20:57.250 [pool-1-thread-2] DEBUG com.mnc.udp.UDPServer - UDP-Server: Message-58-84 -> Message-58-84 (/127.0.0.1:49483)
21:20:57.250 [pool-1-thread-5] DEBUG com.mnc.udp.UDPServer - UDP-Server: Message-64-37
21:20:57.250 [pool-1-thread-5] DEBUG com.mnc.udp.UDPServer - UDP-Server: Message-64-37 -> Message-64-37 (/127.0.0.1:49489)
21:20:57.250 [pool-1-thread-4] DEBUG com.mnc.udp.UDPServer - UDP-Server: Message-60-91
21:20:57.250 [pool-1-thread-3] DEBUG com.mnc.udp.UDPServer - UDP-Server: Message-18-81
21:20:57.250 [pool-1-thread-3] DEBUG com.mnc.udp.UDPServer - UDP-Server: Message-18-81 -> Message-18-81 (/127.0.0.1:49443)
21:20:57.250 [pool-1-thread-3] DEBUG com.mnc.udp.UDPServer - UDP-Server: Message-58-57
21:20:57.250 [pool-1-thread-3] DEBUG com.mnc.udp.UDPServer - UDP-Server: Message-58-57 -> Message-58-57 (/127.0.0.1:49483)
21:20:57.250 [pool-1-thread-4] DEBUG com.mnc.udp.UDPServer - UDP-Server: Message-60-91 -> Message-60-91 (/127.0.0.1:49485)
21:20:57.250 [pool-1-thread-4] DEBUG com.mnc.udp.UDPServer - UDP-Server: Message-58-58
21:20:57.250 [pool-1-thread-1] DEBUG com.mnc.udp.UDPServer - UDP-Server: Message-64-15
21:20:57.250 [pool-1-thread-4] DEBUG com.mnc.udp.UDPServer - UDP-Server: Message-58-58 -> Message-58-58 (/127.0.0.1:49483)
21:20:57.250 [pool-1-thread-5] DEBUG com.mnc.udp.UDPServer - UDP-Server: Message-18-85
21:20:57.250 [pool-1-thread-4] DEBUG com.mnc.udp.UDPServer - UDP-Server: Message-60-92
21:20:57.250 [pool-1-thread-1] DEBUG com.mnc.udp.UDPServer - UDP-Server: Message-64-15 -> Message-64-15 (/127.0.0.1:49489)
21:20:57.250 [pool-1-thread-5] DEBUG com.mnc.udp.UDPServer - UDP-Server: Message-18-85 -> Message-18-85 (/127.0.0.1:49443)
21:20:57.250 [pool-1-thread-4] DEBUG com.mnc.udp.UDPServer - UDP-Server: Message-60-92 -> Message-60-92 (/127.0.0.1:49485)
21:20:57.250 [pool-1-thread-3] DEBUG com.mnc.udp.UDPServer - UDP-Server: Message-58-56
21:20:57.250 [pool-1-thread-3] DEBUG com.mnc.udp.UDPServer - UDP-Server: Message-58-56 -> Message-58-56 (/127.0.0.1:49483)
21:20:57.250 [pool-1-thread-2] DEBUG com.mnc.udp.UDPServer - UDP-Server: Message-64-16
21:20:57.250 [pool-1-thread-2] DEBUG com.mnc.udp.UDPServer - UDP-Server: Message-64-16 -> Message-64-16 (/127.0.0.1:49489)
21:20:57.250 [pool-1-thread-3] DEBUG com.mnc.udp.UDPServer - UDP-Server: Message-18-86
21:20:57.250 [pool-1-thread-2] DEBUG com.mnc.udp.UDPServer - UDP-Server: Message-60-48
21:20:57.250 [pool-1-thread-4] DEBUG com.mnc.udp.UDPServer - UDP-Server: Message-58-60
21:20:57.250 [pool-1-thread-2] DEBUG com.mnc.udp.UDPServer - UDP-Server: Message-60-48 -> Message-60-48 (/127.0.0.1:49485)
21:20:57.250 [pool-1-thread-3] DEBUG com.mnc.udp.UDPServer - UDP-Server: Message-18-86 -> Message-18-86 (/127.0.0.1:49443)
21:20:57.250 [pool-1-thread-1] DEBUG com.mnc.udp.UDPServer - UDP-Server: Message-64-17
21:20:57.250 [pool-1-thread-4] DEBUG com.mnc.udp.UDPServer - UDP-Server: Message-58-60 -> Message-58-60 (/127.0.0.1:49483)
21:20:57.250 [pool-1-thread-1] DEBUG com.mnc.udp.UDPServer - UDP-Server: Message-64-17 -> Message-64-17 (/127.0.0.1:49489)
21:20:57.250 [pool-1-thread-5] DEBUG com.mnc.udp.UDPServer - UDP-Server: Message-60-49
21:20:57.250 [pool-1-thread-3] DEBUG com.mnc.udp.UDPServer - UDP-Server: Message-58-61
21:20:57.250 [pool-1-thread-2] DEBUG com.mnc.udp.UDPServer - UDP-Server: Message-18-84
21:20:57.251 [pool-1-thread-5] DEBUG com.mnc.udp.UDPServer - UDP-Server: Message-60-49 -> Message-60-49 (/127.0.0.1:49485)
21:20:57.251 [pool-1-thread-2] DEBUG com.mnc.udp.UDPServer - UDP-Server: Message-18-84 -> Message-18-84 (/127.0.0.1:49443)
21:20:57.251 [pool-1-thread-3] DEBUG com.mnc.udp.UDPServer - UDP-Server: Message-58-61 -> Message-58-61 (/127.0.0.1:49483)
21:20:57.251 [pool-1-thread-4] DEBUG com.mnc.udp.UDPServer - UDP-Server: Message-64-13
21:20:57.251 [pool-1-thread-4] DEBUG com.mnc.udp.UDPServer - UDP-Server: Message-64-13 -> Message-64-13 (/127.0.0.1:49489)
21:20:57.251 [pool-1-thread-5] DEBUG com.mnc.udp.UDPServer - UDP-Server: Message-18-78
21:20:57.251 [pool-1-thread-4] DEBUG com.mnc.udp.UDPServer - UDP-Server: Message-58-59
21:20:57.251 [pool-1-thread-1] DEBUG com.mnc.udp.UDPServer - UDP-Server: Message-60-46
21:20:57.251 [pool-1-thread-1] DEBUG com.mnc.udp.UDPServer - UDP-Server: Message-60-46 -> Message-60-46 (/127.0.0.1:49485)
21:20:57.251 [pool-1-thread-5] DEBUG com.mnc.udp.UDPServer - UDP-Server: Message-18-78 -> Message-18-78 (/127.0.0.1:49443)
21:20:57.251 [pool-1-thread-1] DEBUG com.mnc.udp.UDPServer - UDP-Server: Message-64-14
21:20:57.251 [pool-1-thread-1] DEBUG com.mnc.udp.UDPServer - UDP-Server: Message-64-14 -> Message-64-14 (/127.0.0.1:49489)
21:20:57.251 [pool-1-thread-4] DEBUG com.mnc.udp.UDPServer - UDP-Server: Message-58-59 -> Message-58-59 (/127.0.0.1:49483)
21:20:57.251 [pool-1-thread-4] DEBUG com.mnc.udp.UDPServer - UDP-Server: Message-60-47
21:20:57.251 [pool-1-thread-4] DEBUG com.mnc.udp.UDPServer - UDP-Server: Message-60-47 -> Message-60-47 (/127.0.0.1:49485)
21:20:57.251 [pool-1-thread-4] DEBUG com.mnc.udp.UDPServer - UDP-Server: Message-64-12
21:20:57.251 [pool-1-thread-4] DEBUG com.mnc.udp.UDPServer - UDP-Server: Message-64-12 -> Message-64-12 (/127.0.0.1:49489)
21:20:57.251 [pool-1-thread-5] DEBUG com.mnc.udp.UDPServer - UDP-Server: Message-58-53
21:20:57.251 [pool-1-thread-2] DEBUG com.mnc.udp.UDPServer - UDP-Server: Message-18-79
21:20:57.251 [pool-1-thread-3] DEBUG com.mnc.udp.UDPServer - UDP-Server: Message-60-43
21:20:57.251 [pool-1-thread-5] DEBUG com.mnc.udp.UDPServer - UDP-Server: Message-58-53 -> Message-58-53 (/127.0.0.1:49483)
21:20:57.251 [pool-1-thread-2] DEBUG com.mnc.udp.UDPServer - UDP-Server: Message-18-79 -> Message-18-79 (/127.0.0.1:49443)
21:20:57.251 [pool-1-thread-1] DEBUG com.mnc.udp.UDPServer - UDP-Server: Message-64-21
21:20:57.251 [pool-1-thread-3] DEBUG com.mnc.udp.UDPServer - UDP-Server: Message-60-43 -> Message-60-43 (/127.0.0.1:49485)
21:20:57.251 [pool-1-thread-1] DEBUG com.mnc.udp.UDPServer - UDP-Server: Message-64-21 -> Message-64-21 (/127.0.0.1:49489)
21:20:57.251 [pool-1-thread-5] DEBUG com.mnc.udp.UDPServer - UDP-Server: Message-18-80
21:20:57.251 [pool-1-thread-4] DEBUG com.mnc.udp.UDPServer - UDP-Server: Message-58-78
21:20:57.251 [pool-1-thread-2] DEBUG com.mnc.udp.UDPServer - UDP-Server: Message-60-38
21:20:57.251 [pool-1-thread-2] DEBUG com.mnc.udp.UDPServer - UDP-Server: Message-60-38 -> Message-60-38 (/127.0.0.1:49485)
21:20:57.251 [pool-1-thread-5] DEBUG com.mnc.udp.UDPServer - UDP-Server: Message-18-80 -> Message-18-80 (/127.0.0.1:49443)
21:20:57.251 [pool-1-thread-3] DEBUG com.mnc.udp.UDPServer - UDP-Server: Message-64-22
21:20:57.251 [pool-1-thread-3] DEBUG com.mnc.udp.UDPServer - UDP-Server: Message-64-22 -> Message-64-22 (/127.0.0.1:49489)
21:20:57.251 [pool-1-thread-4] DEBUG com.mnc.udp.UDPServer - UDP-Server: Message-58-78 -> Message-58-78 (/127.0.0.1:49483)
21:20:57.251 [pool-1-thread-1] DEBUG com.mnc.udp.UDPServer - UDP-Server: Message-60-39
21:20:57.251 [pool-1-thread-1] DEBUG com.mnc.udp.UDPServer - UDP-Server: Message-60-39 -> Message-60-39 (/127.0.0.1:49485)
21:20:57.251 [pool-1-thread-2] DEBUG com.mnc.udp.UDPServer - UDP-Server: Message-18-76
21:20:57.251 [pool-1-thread-2] DEBUG com.mnc.udp.UDPServer - UDP-Server: Message-18-76 -> Message-18-76 (/127.0.0.1:49443)
21:20:57.251 [pool-1-thread-5] DEBUG com.mnc.udp.UDPServer - UDP-Server: Message-64-23
21:20:57.251 [pool-1-thread-5] DEBUG com.mnc.udp.UDPServer - UDP-Server: Message-64-23 -> Message-64-23 (/127.0.0.1:49489)
21:20:57.251 [pool-1-thread-4] DEBUG com.mnc.udp.UDPServer - UDP-Server: Message-60-37
21:20:57.251 [pool-1-thread-4] DEBUG com.mnc.udp.UDPServer - UDP-Server: Message-60-37 -> Message-60-37 (/127.0.0.1:49485)
21:20:57.251 [pool-1-thread-3] DEBUG com.mnc.udp.UDPServer - UDP-Server: Message-58-79
21:20:57.251 [pool-1-thread-3] DEBUG com.mnc.udp.UDPServer - UDP-Server: Message-58-79 -> Message-58-79 (/127.0.0.1:49483)
21:20:57.251 [pool-1-thread-1] DEBUG com.mnc.udp.UDPServer - UDP-Server: Message-18-77
21:20:57.251 [pool-1-thread-5] DEBUG com.mnc.udp.UDPServer - UDP-Server: Message-60-44
21:20:57.251 [pool-1-thread-4] DEBUG com.mnc.udp.UDPServer - UDP-Server: Message-58-80
21:20:57.251 [pool-1-thread-2] DEBUG com.mnc.udp.UDPServer - UDP-Server: Message-64-24
21:20:57.251 [pool-1-thread-2] DEBUG com.mnc.udp.UDPServer - UDP-Server: Message-64-24 -> Message-64-24 (/127.0.0.1:49489)
21:20:57.251 [pool-1-thread-1] DEBUG com.mnc.udp.UDPServer - UDP-Server: Message-18-77 -> Message-18-77 (/127.0.0.1:49443)
21:20:57.251 [pool-1-thread-5] DEBUG com.mnc.udp.UDPServer - UDP-Server: Message-60-44 -> Message-60-44 (/127.0.0.1:49485)
21:20:57.251 [pool-1-thread-4] DEBUG com.mnc.udp.UDPServer - UDP-Server: Message-58-80 -> Message-58-80 (/127.0.0.1:49483)
21:20:57.251 [pool-1-thread-3] DEBUG com.mnc.udp.UDPServer - UDP-Server: Message-64-19
21:20:57.251 [pool-1-thread-4] DEBUG com.mnc.udp.UDPServer - UDP-Server: Message-18-75
21:20:57.251 [pool-1-thread-4] DEBUG com.mnc.udp.UDPServer - UDP-Server: Message-18-75 -> Message-18-75 (/127.0.0.1:49443)
21:20:57.251 [pool-1-thread-3] DEBUG com.mnc.udp.UDPServer - UDP-Server: Message-64-19 -> Message-64-19 (/127.0.0.1:49489)
21:20:57.251 [pool-1-thread-4] DEBUG com.mnc.udp.UDPServer - UDP-Server: Message-60-45
21:20:57.251 [pool-1-thread-4] DEBUG com.mnc.udp.UDPServer - UDP-Server: Message-60-45 -> Message-60-45 (/127.0.0.1:49485)
21:20:57.251 [pool-1-thread-4] DEBUG com.mnc.udp.UDPServer - UDP-Server: Message-58-43
21:20:57.251 [pool-1-thread-4] DEBUG com.mnc.udp.UDPServer - UDP-Server: Message-58-43 -> Message-58-43 (/127.0.0.1:49483)
21:20:57.251 [pool-1-thread-5] DEBUG com.mnc.udp.UDPServer - UDP-Server: Message-18-57
21:20:57.251 [pool-1-thread-5] DEBUG com.mnc.udp.UDPServer - UDP-Server: Message-18-57 -> Message-18-57 (/127.0.0.1:49443)
21:20:57.251 [pool-1-thread-1] DEBUG com.mnc.udp.UDPServer - UDP-Server: Message-64-20
21:20:57.251 [pool-1-thread-3] DEBUG com.mnc.udp.UDPServer - UDP-Server: Message-60-82
21:20:57.252 [pool-1-thread-1] DEBUG com.mnc.udp.UDPServer - UDP-Server: Message-64-20 -> Message-64-20 (/127.0.0.1:49489)
21:20:57.252 [pool-1-thread-3] DEBUG com.mnc.udp.UDPServer - UDP-Server: Message-60-82 -> Message-60-82 (/127.0.0.1:49485)
21:20:57.252 [pool-1-thread-4] DEBUG com.mnc.udp.UDPServer - UDP-Server: Message-58-48
21:20:57.252 [pool-1-thread-4] DEBUG com.mnc.udp.UDPServer - UDP-Server: Message-58-48 -> Message-58-48 (/127.0.0.1:49483)
21:20:57.252 [pool-1-thread-1] DEBUG com.mnc.udp.UDPServer - UDP-Server: Message-18-58
21:20:57.252 [pool-1-thread-4] DEBUG com.mnc.udp.UDPServer - UDP-Server: Message-64-18
21:20:57.252 [pool-1-thread-4] DEBUG com.mnc.udp.UDPServer - UDP-Server: Message-64-18 -> Message-64-18 (/127.0.0.1:49489)
21:20:57.252 [pool-1-thread-5] DEBUG com.mnc.udp.UDPServer - UDP-Server: Message-60-83
21:20:57.252 [pool-1-thread-1] DEBUG com.mnc.udp.UDPServer - UDP-Server: Message-18-58 -> Message-18-58 (/127.0.0.1:49443)
21:20:57.252 [pool-1-thread-2] DEBUG com.mnc.udp.UDPServer - UDP-Server: Message-58-66
21:20:57.252 [pool-1-thread-5] DEBUG com.mnc.udp.UDPServer - UDP-Server: Message-60-83 -> Message-60-83 (/127.0.0.1:49485)
21:20:57.252 [pool-1-thread-5] DEBUG com.mnc.udp.UDPServer - UDP-Server: Message-64-7
21:20:57.252 [pool-1-thread-2] DEBUG com.mnc.udp.UDPServer - UDP-Server: Message-58-66 -> Message-58-66 (/127.0.0.1:49483)
21:20:57.252 [pool-1-thread-4] DEBUG com.mnc.udp.UDPServer - UDP-Server: Message-18-56
21:20:57.252 [pool-1-thread-4] DEBUG com.mnc.udp.UDPServer - UDP-Server: Message-18-56 -> Message-18-56 (/127.0.0.1:49443)
21:20:57.252 [pool-1-thread-5] DEBUG com.mnc.udp.UDPServer - UDP-Server: Message-64-7 -> Message-64-7 (/127.0.0.1:49489)
21:20:57.252 [pool-1-thread-2] DEBUG com.mnc.udp.UDPServer - UDP-Server: Message-60-88
21:20:57.252 [pool-1-thread-3] DEBUG com.mnc.udp.UDPServer - UDP-Server: Message-58-67
21:20:57.252 [pool-1-thread-2] DEBUG com.mnc.udp.UDPServer - UDP-Server: Message-60-88 -> Message-60-88 (/127.0.0.1:49485)
21:20:57.252 [pool-1-thread-1] DEBUG com.mnc.udp.UDPServer - UDP-Server: Message-18-60
21:20:57.252 [pool-1-thread-1] DEBUG com.mnc.udp.UDPServer - UDP-Server: Message-18-60 -> Message-18-60 (/127.0.0.1:49443)
21:20:57.252 [pool-1-thread-3] DEBUG com.mnc.udp.UDPServer - UDP-Server: Message-58-67 -> Message-58-67 (/127.0.0.1:49483)
21:20:57.252 [pool-1-thread-1] DEBUG com.mnc.udp.UDPServer - UDP-Server: Message-64-8
21:20:57.252 [pool-1-thread-1] DEBUG com.mnc.udp.UDPServer - UDP-Server: Message-64-8 -> Message-64-8 (/127.0.0.1:49489)
21:20:57.252 [pool-1-thread-5] DEBUG com.mnc.udp.UDPServer - UDP-Server: Message-18-61
21:20:57.252 [pool-1-thread-5] DEBUG com.mnc.udp.UDPServer - UDP-Server: Message-18-61 -> Message-18-61 (/127.0.0.1:49443)
21:20:57.252 [pool-1-thread-1] DEBUG com.mnc.udp.UDPServer - UDP-Server: Message-60-89
21:20:57.252 [pool-1-thread-5] DEBUG com.mnc.udp.UDPServer - UDP-Server: Message-58-71
21:20:57.252 [pool-1-thread-4] DEBUG com.mnc.udp.UDPServer - UDP-Server: Message-11-32
21:20:57.252 [pool-1-thread-1] DEBUG com.mnc.udp.UDPServer - UDP-Server: Message-60-89 -> Message-60-89 (/127.0.0.1:49485)
21:20:57.252 [pool-1-thread-5] DEBUG com.mnc.udp.UDPServer - UDP-Server: Message-58-71 -> Message-58-71 (/127.0.0.1:49483)
21:20:57.252 [pool-1-thread-2] DEBUG com.mnc.udp.UDPServer - UDP-Server: Message-64-6
21:20:57.252 [pool-1-thread-4] DEBUG com.mnc.udp.UDPServer - UDP-Server: Message-11-32 -> Message-11-32 (/127.0.0.1:49436)
21:20:57.252 [pool-1-thread-3] DEBUG com.mnc.udp.UDPServer - UDP-Server: Message-18-59
21:20:57.252 [pool-1-thread-1] DEBUG com.mnc.udp.UDPServer - UDP-Server: Message-60-87
21:20:57.252 [pool-1-thread-4] DEBUG com.mnc.udp.UDPServer - UDP-Server: Message-11-33
21:20:57.252 [pool-1-thread-2] DEBUG com.mnc.udp.UDPServer - UDP-Server: Message-64-6 -> Message-64-6 (/127.0.0.1:49489)
21:20:57.252 [pool-1-thread-3] DEBUG com.mnc.udp.UDPServer - UDP-Server: Message-18-59 -> Message-18-59 (/127.0.0.1:49443)
21:20:57.252 [pool-1-thread-5] DEBUG com.mnc.udp.UDPServer - UDP-Server: Message-58-72
21:20:57.252 [pool-1-thread-1] DEBUG com.mnc.udp.UDPServer - UDP-Server: Message-60-87 -> Message-60-87 (/127.0.0.1:49485)
21:20:57.252 [pool-1-thread-4] DEBUG com.mnc.udp.UDPServer - UDP-Server: Message-11-33 -> Message-11-33 (/127.0.0.1:49436)
21:20:57.252 [pool-1-thread-5] DEBUG com.mnc.udp.UDPServer - UDP-Server: Message-58-72 -> Message-58-72 (/127.0.0.1:49483)
21:20:57.252 [pool-1-thread-4] DEBUG com.mnc.udp.UDPServer - UDP-Server: Message-18-53
21:20:57.252 [pool-1-thread-2] DEBUG com.mnc.udp.UDPServer - UDP-Server: Message-60-81
21:20:57.252 [pool-1-thread-4] DEBUG com.mnc.udp.UDPServer - UDP-Server: Message-18-53 -> Message-18-53 (/127.0.0.1:49443)
21:20:57.252 [pool-1-thread-1] DEBUG com.mnc.udp.UDPServer - UDP-Server: Message-64-10
21:20:57.252 [pool-1-thread-1] DEBUG com.mnc.udp.UDPServer - UDP-Server: Message-64-10 -> Message-64-10 (/127.0.0.1:49489)
21:20:57.252 [pool-1-thread-3] DEBUG com.mnc.udp.UDPServer - UDP-Server: Message-11-31
21:20:57.252 [pool-1-thread-3] DEBUG com.mnc.udp.UDPServer - UDP-Server: Message-11-31 -> Message-11-31 (/127.0.0.1:49436)
21:20:57.252 [pool-1-thread-3] DEBUG com.mnc.udp.UDPServer - UDP-Server: Message-18-54
21:20:57.252 [pool-1-thread-3] DEBUG com.mnc.udp.UDPServer - UDP-Server: Message-18-54 -> Message-18-54 (/127.0.0.1:49443)
21:20:57.252 [pool-1-thread-2] DEBUG com.mnc.udp.UDPServer - UDP-Server: Message-60-81 -> Message-60-81 (/127.0.0.1:49485)
21:20:57.252 [pool-1-thread-4] DEBUG com.mnc.udp.UDPServer - UDP-Server: Message-58-73
21:20:57.252 [pool-1-thread-4] DEBUG com.mnc.udp.UDPServer - UDP-Server: Message-58-73 -> Message-58-73 (/127.0.0.1:49483)
21:20:57.252 [pool-1-thread-2] DEBUG com.mnc.udp.UDPServer - UDP-Server: Message-64-11
21:20:57.252 [pool-1-thread-4] DEBUG com.mnc.udp.UDPServer - UDP-Server: Message-11-35
21:20:57.252 [pool-1-thread-2] DEBUG com.mnc.udp.UDPServer - UDP-Server: Message-64-11 -> Message-64-11 (/127.0.0.1:49489)
21:20:57.252 [pool-1-thread-3] DEBUG com.mnc.udp.UDPServer - UDP-Server: Message-60-85
21:20:57.252 [pool-1-thread-1] DEBUG com.mnc.udp.UDPServer - UDP-Server: Message-18-55
21:20:57.252 [pool-1-thread-1] DEBUG com.mnc.udp.UDPServer - UDP-Server: Message-18-55 -> Message-18-55 (/127.0.0.1:49443)
21:20:57.252 [pool-1-thread-4] DEBUG com.mnc.udp.UDPServer - UDP-Server: Message-11-35 -> Message-11-35 (/127.0.0.1:49436)
21:20:57.252 [pool-1-thread-5] DEBUG com.mnc.udp.UDPServer - UDP-Server: Message-58-74
21:20:57.252 [pool-1-thread-3] DEBUG com.mnc.udp.UDPServer - UDP-Server: Message-60-85 -> Message-60-85 (/127.0.0.1:49485)
21:20:57.253 [pool-1-thread-5] DEBUG com.mnc.udp.UDPServer - UDP-Server: Message-58-74 -> Message-58-74 (/127.0.0.1:49483)
21:20:57.253 [pool-1-thread-2] DEBUG com.mnc.udp.UDPServer - UDP-Server: Message-64-9
21:20:57.253 [pool-1-thread-3] DEBUG com.mnc.udp.UDPServer - UDP-Server: Message-18-51
21:20:57.253 [pool-1-thread-4] DEBUG com.mnc.udp.UDPServer - UDP-Server: Message-11-36
21:20:57.253 [pool-1-thread-3] DEBUG com.mnc.udp.UDPServer - UDP-Server: Message-18-51 -> Message-18-51 (/127.0.0.1:49443)
21:20:57.253 [pool-1-thread-2] DEBUG com.mnc.udp.UDPServer - UDP-Server: Message-64-9 -> Message-64-9 (/127.0.0.1:49489)
21:20:57.253 [pool-1-thread-4] DEBUG com.mnc.udp.UDPServer - UDP-Server: Message-11-36 -> Message-11-36 (/127.0.0.1:49436)
21:20:57.253 [pool-1-thread-1] DEBUG com.mnc.udp.UDPServer - UDP-Server: Message-58-69
21:20:57.253 [pool-1-thread-5] DEBUG com.mnc.udp.UDPServer - UDP-Server: Message-60-86
21:20:57.253 [pool-1-thread-1] DEBUG com.mnc.udp.UDPServer - UDP-Server: Message-58-69 -> Message-58-69 (/127.0.0.1:49483)
21:20:57.253 [pool-1-thread-2] DEBUG com.mnc.udp.UDPServer - UDP-Server: Message-18-52
21:20:57.253 [pool-1-thread-3] DEBUG com.mnc.udp.UDPServer - UDP-Server: Message-11-34
21:20:57.253 [pool-1-thread-5] DEBUG com.mnc.udp.UDPServer - UDP-Server: Message-60-86 -> Message-60-86 (/127.0.0.1:49485)
21:20:57.253 [pool-1-thread-1] DEBUG com.mnc.udp.UDPServer - UDP-Server: Message-64-3
21:20:57.253 [pool-1-thread-5] DEBUG com.mnc.udp.UDPServer - UDP-Server: Message-58-70
21:20:57.253 [pool-1-thread-2] DEBUG com.mnc.udp.UDPServer - UDP-Server: Message-18-52 -> Message-18-52 (/127.0.0.1:49443)
21:20:57.253 [pool-1-thread-3] DEBUG com.mnc.udp.UDPServer - UDP-Server: Message-11-34 -> Message-11-34 (/127.0.0.1:49436)
21:20:57.253 [pool-1-thread-5] DEBUG com.mnc.udp.UDPServer - UDP-Server: Message-58-70 -> Message-58-70 (/127.0.0.1:49483)
21:20:57.253 [pool-1-thread-3] DEBUG com.mnc.udp.UDPServer - UDP-Server: Message-60-84
21:20:57.253 [pool-1-thread-3] DEBUG com.mnc.udp.UDPServer - UDP-Server: Message-60-84 -> Message-60-84 (/127.0.0.1:49485)
21:20:57.253 [pool-1-thread-1] DEBUG com.mnc.udp.UDPServer - UDP-Server: Message-64-3 -> Message-64-3 (/127.0.0.1:49489)
21:20:57.253 [pool-1-thread-3] DEBUG com.mnc.udp.UDPServer - UDP-Server: Message-18-50
21:20:57.253 [pool-1-thread-3] DEBUG com.mnc.udp.UDPServer - UDP-Server: Message-18-50 -> Message-18-50 (/127.0.0.1:49443)
21:20:57.253 [pool-1-thread-2] DEBUG com.mnc.udp.UDPServer - UDP-Server: Message-11-28
21:20:57.253 [pool-1-thread-2] DEBUG com.mnc.udp.UDPServer - UDP-Server: Message-11-28 -> Message-11-28 (/127.0.0.1:49436)
21:20:57.253 [pool-1-thread-4] DEBUG com.mnc.udp.UDPServer - UDP-Server: Message-60-78
21:20:57.253 [pool-1-thread-1] DEBUG com.mnc.udp.UDPServer - UDP-Server: Message-64-4
21:20:57.253 [pool-1-thread-5] DEBUG com.mnc.udp.UDPServer - UDP-Server: Message-58-68
21:20:57.253 [pool-1-thread-4] DEBUG com.mnc.udp.UDPServer - UDP-Server: Message-60-78 -> Message-60-78 (/127.0.0.1:49485)
21:20:57.253 [pool-1-thread-2] DEBUG com.mnc.udp.UDPServer - UDP-Server: Message-18-71
21:20:57.253 [pool-1-thread-2] DEBUG com.mnc.udp.UDPServer - UDP-Server: Message-18-71 -> Message-18-71 (/127.0.0.1:49443)
21:20:57.253 [pool-1-thread-1] DEBUG com.mnc.udp.UDPServer - UDP-Server: Message-64-4 -> Message-64-4 (/127.0.0.1:49489)
21:20:57.253 [pool-1-thread-5] DEBUG com.mnc.udp.UDPServer - UDP-Server: Message-58-68 -> Message-58-68 (/127.0.0.1:49483)
21:20:57.253 [pool-1-thread-4] DEBUG com.mnc.udp.UDPServer - UDP-Server: Message-60-79
21:20:57.253 [pool-1-thread-5] DEBUG com.mnc.udp.UDPServer - UDP-Server: Message-18-72
21:20:57.253 [pool-1-thread-2] DEBUG com.mnc.udp.UDPServer - UDP-Server: Message-64-5
21:20:57.253 [pool-1-thread-2] DEBUG com.mnc.udp.UDPServer - UDP-Server: Message-64-5 -> Message-64-5 (/127.0.0.1:49489)
21:20:57.253 [pool-1-thread-3] DEBUG com.mnc.udp.UDPServer - UDP-Server: Message-11-29
21:20:57.253 [pool-1-thread-3] DEBUG com.mnc.udp.UDPServer - UDP-Server: Message-11-29 -> Message-11-29 (/127.0.0.1:49436)
21:20:57.253 [pool-1-thread-4] DEBUG com.mnc.udp.UDPServer - UDP-Server: Message-60-79 -> Message-60-79 (/127.0.0.1:49485)
21:20:57.253 [pool-1-thread-5] DEBUG com.mnc.udp.UDPServer - UDP-Server: Message-18-72 -> Message-18-72 (/127.0.0.1:49443)
21:20:57.253 [pool-1-thread-1] DEBUG com.mnc.udp.UDPServer - UDP-Server: Message-58-49
21:20:57.253 [pool-1-thread-1] DEBUG com.mnc.udp.UDPServer - UDP-Server: Message-58-49 -> Message-58-49 (/127.0.0.1:49483)
21:20:57.253 [pool-1-thread-4] DEBUG com.mnc.udp.UDPServer - UDP-Server: Message-64-1
21:20:57.253 [pool-1-thread-3] DEBUG com.mnc.udp.UDPServer - UDP-Server: Message-11-30
21:20:57.253 [pool-1-thread-3] DEBUG com.mnc.udp.UDPServer - UDP-Server: Message-11-30 -> Message-11-30 (/127.0.0.1:49436)
21:20:57.253 [pool-1-thread-1] DEBUG com.mnc.udp.UDPServer - UDP-Server: Message-18-73
21:20:57.253 [pool-1-thread-1] DEBUG com.mnc.udp.UDPServer - UDP-Server: Message-18-73 -> Message-18-73 (/127.0.0.1:49443)
21:20:57.253 [pool-1-thread-1] DEBUG com.mnc.udp.UDPServer - UDP-Server: Message-58-75
21:20:57.253 [pool-1-thread-4] DEBUG com.mnc.udp.UDPServer - UDP-Server: Message-64-1 -> Message-64-1 (/127.0.0.1:49489)
21:20:57.253 [pool-1-thread-3] DEBUG com.mnc.udp.UDPServer - UDP-Server: Message-11-26
21:20:57.253 [pool-1-thread-5] DEBUG com.mnc.udp.UDPServer - UDP-Server: Message-60-80
21:20:57.253 [pool-1-thread-3] DEBUG com.mnc.udp.UDPServer - UDP-Server: Message-11-26 -> Message-11-26 (/127.0.0.1:49436)
21:20:57.253 [pool-1-thread-5] DEBUG com.mnc.udp.UDPServer - UDP-Server: Message-60-80 -> Message-60-80 (/127.0.0.1:49485)
21:20:57.253 [pool-1-thread-1] DEBUG com.mnc.udp.UDPServer - UDP-Server: Message-58-75 -> Message-58-75 (/127.0.0.1:49483)
21:20:57.253 [pool-1-thread-5] DEBUG com.mnc.udp.UDPServer - UDP-Server: Message-64-2
21:20:57.253 [pool-1-thread-5] DEBUG com.mnc.udp.UDPServer - UDP-Server: Message-64-2 -> Message-64-2 (/127.0.0.1:49489)
21:20:57.253 [pool-1-thread-2] DEBUG com.mnc.udp.UDPServer - UDP-Server: Message-18-74
21:20:57.253 [pool-1-thread-2] DEBUG com.mnc.udp.UDPServer - UDP-Server: Message-18-74 -> Message-18-74 (/127.0.0.1:49443)
21:20:57.253 [pool-1-thread-4] DEBUG com.mnc.udp.UDPServer - UDP-Server: Message-11-27
21:20:57.253 [pool-1-thread-3] DEBUG com.mnc.udp.UDPServer - UDP-Server: Message-58-76
21:20:57.253 [pool-1-thread-1] DEBUG com.mnc.udp.UDPServer - UDP-Server: Message-60-76
21:20:57.253 [pool-1-thread-1] DEBUG com.mnc.udp.UDPServer - UDP-Server: Message-60-76 -> Message-60-76 (/127.0.0.1:49485)
21:20:57.253 [pool-1-thread-5] DEBUG com.mnc.udp.UDPServer - UDP-Server: Message-64-0
21:20:57.253 [pool-1-thread-5] DEBUG com.mnc.udp.UDPServer - UDP-Server: Message-64-0 -> Message-64-0 (/127.0.0.1:49489)
21:20:57.253 [pool-1-thread-4] DEBUG com.mnc.udp.UDPServer - UDP-Server: Message-11-27 -> Message-11-27 (/127.0.0.1:49436)
21:20:57.253 [pool-1-thread-3] DEBUG com.mnc.udp.UDPServer - UDP-Server: Message-58-76 -> Message-58-76 (/127.0.0.1:49483)
21:20:57.253 [pool-1-thread-3] DEBUG com.mnc.udp.UDPServer - UDP-Server: Message-60-77
21:20:57.253 [pool-1-thread-3] DEBUG com.mnc.udp.UDPServer - UDP-Server: Message-60-77 -> Message-60-77 (/127.0.0.1:49485)
21:20:57.253 [pool-1-thread-1] DEBUG com.mnc.udp.UDPServer - UDP-Server: Message-18-69
21:20:57.253 [pool-1-thread-2] DEBUG com.mnc.udp.UDPServer - UDP-Server: Message-64-90
21:20:57.254 [pool-1-thread-4] DEBUG com.mnc.udp.UDPServer - UDP-Server: Message-58-77
21:20:57.254 [pool-1-thread-3] DEBUG com.mnc.udp.UDPServer - UDP-Server: Message-11-25
21:20:57.254 [pool-1-thread-4] DEBUG com.mnc.udp.UDPServer - UDP-Server: Message-58-77 -> Message-58-77 (/127.0.0.1:49483)
21:20:57.254 [pool-1-thread-1] DEBUG com.mnc.udp.UDPServer - UDP-Server: Message-18-69 -> Message-18-69 (/127.0.0.1:49443)
21:20:57.254 [pool-1-thread-2] DEBUG com.mnc.udp.UDPServer - UDP-Server: Message-64-90 -> Message-64-90 (/127.0.0.1:49489)
21:20:57.254 [pool-1-thread-3] DEBUG com.mnc.udp.UDPServer - UDP-Server: Message-11-25 -> Message-11-25 (/127.0.0.1:49436)
21:20:57.254 [pool-1-thread-5] DEBUG com.mnc.udp.UDPServer - UDP-Server: Message-60-75
21:20:57.254 [pool-1-thread-5] DEBUG com.mnc.udp.UDPServer - UDP-Server: Message-60-75 -> Message-60-75 (/127.0.0.1:49485)
21:20:57.254 [pool-1-thread-4] DEBUG com.mnc.udp.UDPServer - UDP-Server: Message-58-38
21:20:57.254 [pool-1-thread-4] DEBUG com.mnc.udp.UDPServer - UDP-Server: Message-58-38 -> Message-58-38 (/127.0.0.1:49483)
21:20:57.254 [pool-1-thread-4] DEBUG com.mnc.udp.UDPServer - UDP-Server: Message-64-91
21:20:57.254 [pool-1-thread-4] DEBUG com.mnc.udp.UDPServer - UDP-Server: Message-64-91 -> Message-64-91 (/127.0.0.1:49489)
21:20:57.254 [pool-1-thread-1] DEBUG com.mnc.udp.UDPServer - UDP-Server: Message-18-70
21:20:57.254 [pool-1-thread-1] DEBUG com.mnc.udp.UDPServer - UDP-Server: Message-18-70 -> Message-18-70 (/127.0.0.1:49443)
21:20:57.254 [pool-1-thread-2] DEBUG com.mnc.udp.UDPServer - UDP-Server: Message-11-90
21:20:57.254 [pool-1-thread-2] DEBUG com.mnc.udp.UDPServer - UDP-Server: Message-11-90 -> Message-11-90 (/127.0.0.1:49436)
21:20:57.254 [pool-1-thread-4] DEBUG com.mnc.udp.UDPServer - UDP-Server: Message-60-96
21:20:57.254 [pool-1-thread-4] DEBUG com.mnc.udp.UDPServer - UDP-Server: Message-60-96 -> Message-60-96 (/127.0.0.1:49485)
21:20:57.254 [pool-1-thread-5] DEBUG com.mnc.udp.UDPServer - UDP-Server: Message-58-39
21:20:57.254 [pool-1-thread-5] DEBUG com.mnc.udp.UDPServer - UDP-Server: Message-58-39 -> Message-58-39 (/127.0.0.1:49483)
21:20:57.254 [pool-1-thread-3] DEBUG com.mnc.udp.UDPServer - UDP-Server: Message-64-92
21:20:57.254 [pool-1-thread-3] DEBUG com.mnc.udp.UDPServer - UDP-Server: Message-64-92 -> Message-64-92 (/127.0.0.1:49489)
21:20:57.254 [pool-1-thread-1] DEBUG com.mnc.udp.UDPServer - UDP-Server: Message-18-68
21:20:57.254 [pool-1-thread-5] DEBUG com.mnc.udp.UDPServer - UDP-Server: Message-11-44
21:20:57.254 [pool-1-thread-5] DEBUG com.mnc.udp.UDPServer - UDP-Server: Message-11-44 -> Message-11-44 (/127.0.0.1:49436)
21:20:57.254 [pool-1-thread-4] DEBUG com.mnc.udp.UDPServer - UDP-Server: Message-60-97
21:20:57.254 [pool-1-thread-1] DEBUG com.mnc.udp.UDPServer - UDP-Server: Message-18-68 -> Message-18-68 (/127.0.0.1:49443)
21:20:57.254 [pool-1-thread-4] DEBUG com.mnc.udp.UDPServer - UDP-Server: Message-60-97 -> Message-60-97 (/127.0.0.1:49485)
21:20:57.254 [pool-1-thread-5] DEBUG com.mnc.udp.UDPServer - UDP-Server: Message-64-88
21:20:57.254 [pool-1-thread-5] DEBUG com.mnc.udp.UDPServer - UDP-Server: Message-64-88 -> Message-64-88 (/127.0.0.1:49489)
21:20:57.254 [pool-1-thread-5] DEBUG com.mnc.udp.UDPServer - UDP-Server: Message-11-45
21:20:57.254 [pool-1-thread-5] DEBUG com.mnc.udp.UDPServer - UDP-Server: Message-11-45 -> Message-11-45 (/127.0.0.1:49436)
21:20:57.254 [pool-1-thread-2] DEBUG com.mnc.udp.UDPServer - UDP-Server: Message-58-37
21:20:57.254 [pool-1-thread-4] DEBUG com.mnc.udp.UDPServer - UDP-Server: Message-18-63
21:20:57.254 [pool-1-thread-1] DEBUG com.mnc.udp.UDPServer - UDP-Server: Message-60-98
21:20:57.254 [pool-1-thread-4] DEBUG com.mnc.udp.UDPServer - UDP-Server: Message-18-63 -> Message-18-63 (/127.0.0.1:49443)
21:20:57.254 [pool-1-thread-1] DEBUG com.mnc.udp.UDPServer - UDP-Server: Message-60-98 -> Message-60-98 (/127.0.0.1:49485)
21:20:57.254 [pool-1-thread-2] DEBUG com.mnc.udp.UDPServer - UDP-Server: Message-58-37 -> Message-58-37 (/127.0.0.1:49483)
21:20:57.254 [pool-1-thread-3] DEBUG com.mnc.udp.UDPServer - UDP-Server: Message-64-89
21:20:57.254 [pool-1-thread-3] DEBUG com.mnc.udp.UDPServer - UDP-Server: Message-64-89 -> Message-64-89 (/127.0.0.1:49489)
21:20:57.254 [pool-1-thread-4] DEBUG com.mnc.udp.UDPServer - UDP-Server: Message-11-43
21:20:57.254 [pool-1-thread-4] DEBUG com.mnc.udp.UDPServer - UDP-Server: Message-11-43 -> Message-11-43 (/127.0.0.1:49436)
21:20:57.254 [pool-1-thread-5] DEBUG com.mnc.udp.UDPServer - UDP-Server: Message-58-54
21:20:57.254 [pool-1-thread-1] DEBUG com.mnc.udp.UDPServer - UDP-Server: Message-60-99
21:20:57.254 [pool-1-thread-2] DEBUG com.mnc.udp.UDPServer - UDP-Server: Message-18-64
21:20:57.254 [pool-1-thread-5] DEBUG com.mnc.udp.UDPServer - UDP-Server: Message-58-54 -> Message-58-54 (/127.0.0.1:49483)
21:20:57.254 [pool-1-thread-1] DEBUG com.mnc.udp.UDPServer - UDP-Server: Message-60-99 -> Message-60-99 (/127.0.0.1:49485)
21:20:57.254 [pool-1-thread-3] DEBUG com.mnc.udp.UDPServer - UDP-Server: Message-64-87
21:20:57.254 [pool-1-thread-3] DEBUG com.mnc.udp.UDPServer - UDP-Server: Message-64-87 -> Message-64-87 (/127.0.0.1:49489)
21:20:57.254 [pool-1-thread-2] DEBUG com.mnc.udp.UDPServer - UDP-Server: Message-18-64 -> Message-18-64 (/127.0.0.1:49443)
21:20:57.254 [pool-1-thread-4] DEBUG com.mnc.udp.UDPServer - UDP-Server: Message-58-55
21:20:57.254 [pool-1-thread-4] DEBUG com.mnc.udp.UDPServer - UDP-Server: Message-58-55 -> Message-58-55 (/127.0.0.1:49483)
21:20:57.254 [pool-1-thread-3] DEBUG com.mnc.udp.UDPServer - UDP-Server: Message-11-48
21:20:57.254 [pool-1-thread-3] DEBUG com.mnc.udp.UDPServer - UDP-Server: Message-11-48 -> Message-11-48 (/127.0.0.1:49436)
21:20:57.254 [pool-1-thread-4] DEBUG com.mnc.udp.UDPServer - UDP-Server: Message-64-96
21:20:57.254 [pool-1-thread-3] DEBUG com.mnc.udp.UDPServer - UDP-Server: Message-60-94
21:20:57.254 [pool-1-thread-3] DEBUG com.mnc.udp.UDPServer - UDP-Server: Message-60-94 -> Message-60-94 (/127.0.0.1:49485)
21:20:57.254 [pool-1-thread-4] DEBUG com.mnc.udp.UDPServer - UDP-Server: Message-64-96 -> Message-64-96 (/127.0.0.1:49489)
21:20:57.254 [pool-1-thread-2] DEBUG com.mnc.udp.UDPServer - UDP-Server: Message-18-62
21:20:57.254 [pool-1-thread-2] DEBUG com.mnc.udp.UDPServer - UDP-Server: Message-18-62 -> Message-18-62 (/127.0.0.1:49443)
21:20:57.254 [pool-1-thread-1] DEBUG com.mnc.udp.UDPServer - UDP-Server: Message-58-41
21:20:57.254 [pool-1-thread-2] DEBUG com.mnc.udp.UDPServer - UDP-Server: Message-60-95
21:20:57.254 [pool-1-thread-5] DEBUG com.mnc.udp.UDPServer - UDP-Server: Message-11-49
21:20:57.254 [pool-1-thread-3] DEBUG com.mnc.udp.UDPServer - UDP-Server: Message-64-97
21:20:57.254 [pool-1-thread-3] DEBUG com.mnc.udp.UDPServer - UDP-Server: Message-64-97 -> Message-64-97 (/127.0.0.1:49489)
21:20:57.254 [pool-1-thread-1] DEBUG com.mnc.udp.UDPServer - UDP-Server: Message-58-41 -> Message-58-41 (/127.0.0.1:49483)
21:20:57.254 [pool-1-thread-3] DEBUG com.mnc.udp.UDPServer - UDP-Server: Message-18-66
21:20:57.254 [pool-1-thread-3] DEBUG com.mnc.udp.UDPServer - UDP-Server: Message-18-66 -> Message-18-66 (/127.0.0.1:49443)
21:20:57.254 [pool-1-thread-2] DEBUG com.mnc.udp.UDPServer - UDP-Server: Message-60-95 -> Message-60-95 (/127.0.0.1:49485)
21:20:57.254 [pool-1-thread-5] DEBUG com.mnc.udp.UDPServer - UDP-Server: Message-11-49 -> Message-11-49 (/127.0.0.1:49436)
21:20:57.254 [pool-1-thread-5] DEBUG com.mnc.udp.UDPServer - UDP-Server: Message-64-98
21:20:57.254 [pool-1-thread-4] DEBUG com.mnc.udp.UDPServer - UDP-Server: Message-58-42
21:20:57.254 [pool-1-thread-1] DEBUG com.mnc.udp.UDPServer - UDP-Server: Message-18-67
21:20:57.254 [pool-1-thread-3] DEBUG com.mnc.udp.UDPServer - UDP-Server: Message-60-93
21:20:57.254 [pool-1-thread-2] DEBUG com.mnc.udp.UDPServer - UDP-Server: Message-11-46
21:20:57.254 [pool-1-thread-3] DEBUG com.mnc.udp.UDPServer - UDP-Server: Message-60-93 -> Message-60-93 (/127.0.0.1:49485)
21:20:57.254 [pool-1-thread-2] DEBUG com.mnc.udp.UDPServer - UDP-Server: Message-11-46 -> Message-11-46 (/127.0.0.1:49436)
21:20:57.254 [pool-1-thread-5] DEBUG com.mnc.udp.UDPServer - UDP-Server: Message-64-98 -> Message-64-98 (/127.0.0.1:49489)
21:20:57.254 [pool-1-thread-4] DEBUG com.mnc.udp.UDPServer - UDP-Server: Message-58-42 -> Message-58-42 (/127.0.0.1:49483)
21:20:57.255 [pool-1-thread-5] DEBUG com.mnc.udp.UDPServer - UDP-Server: Message-11-47
21:20:57.255 [pool-1-thread-5] DEBUG com.mnc.udp.UDPServer - UDP-Server: Message-11-47 -> Message-11-47 (/127.0.0.1:49436)
21:20:57.254 [pool-1-thread-1] DEBUG com.mnc.udp.UDPServer - UDP-Server: Message-18-67 -> Message-18-67 (/127.0.0.1:49443)
21:20:57.255 [pool-1-thread-2] DEBUG com.mnc.udp.UDPServer - UDP-Server: Message-64-99
21:20:57.255 [pool-1-thread-2] DEBUG com.mnc.udp.UDPServer - UDP-Server: Message-64-99 -> Message-64-99 (/127.0.0.1:49489)
21:20:57.255 [pool-1-thread-3] DEBUG com.mnc.udp.UDPServer - UDP-Server: Message-58-7
21:20:57.255 [pool-1-thread-3] DEBUG com.mnc.udp.UDPServer - UDP-Server: Message-58-7 -> Message-58-7 (/127.0.0.1:49483)
21:20:57.255 [pool-1-thread-4] DEBUG com.mnc.udp.UDPServer - UDP-Server: Message-11-40
21:20:57.255 [pool-1-thread-4] DEBUG com.mnc.udp.UDPServer - UDP-Server: Message-11-40 -> Message-11-40 (/127.0.0.1:49436)
21:20:57.255 [pool-1-thread-4] DEBUG com.mnc.udp.UDPServer - UDP-Server: Message-64-94
21:20:57.255 [pool-1-thread-4] DEBUG com.mnc.udp.UDPServer - UDP-Server: Message-64-94 -> Message-64-94 (/127.0.0.1:49489)
21:20:57.255 [pool-1-thread-4] DEBUG com.mnc.udp.UDPServer - UDP-Server: Message-58-8
21:20:57.255 [pool-1-thread-4] DEBUG com.mnc.udp.UDPServer - UDP-Server: Message-58-8 -> Message-58-8 (/127.0.0.1:49483)
21:20:57.255 [pool-1-thread-2] DEBUG com.mnc.udp.UDPServer - UDP-Server: Message-11-41
21:20:57.255 [pool-1-thread-2] DEBUG com.mnc.udp.UDPServer - UDP-Server: Message-11-41 -> Message-11-41 (/127.0.0.1:49436)
21:20:57.255 [pool-1-thread-2] DEBUG com.mnc.udp.UDPServer - UDP-Server: Message-64-95
21:20:57.255 [pool-1-thread-2] DEBUG com.mnc.udp.UDPServer - UDP-Server: Message-64-95 -> Message-64-95 (/127.0.0.1:49489)
21:20:57.255 [pool-1-thread-5] DEBUG com.mnc.udp.UDPServer - UDP-Server: Message-58-6
21:20:57.255 [pool-1-thread-5] DEBUG com.mnc.udp.UDPServer - UDP-Server: Message-58-6 -> Message-58-6 (/127.0.0.1:49483)
21:20:57.255 [pool-1-thread-1] DEBUG com.mnc.udp.UDPServer - UDP-Server: Message-11-42
21:20:57.255 [pool-1-thread-1] DEBUG com.mnc.udp.UDPServer - UDP-Server: Message-11-42 -> Message-11-42 (/127.0.0.1:49436)
21:20:57.255 [pool-1-thread-5] DEBUG com.mnc.udp.UDPServer - UDP-Server: Message-64-93
21:20:57.255 [pool-1-thread-5] DEBUG com.mnc.udp.UDPServer - UDP-Server: Message-64-93 -> Message-64-93 (/127.0.0.1:49489)
21:20:57.255 [pool-1-thread-5] DEBUG com.mnc.udp.UDPServer - UDP-Server: Message-58-40
21:20:57.255 [pool-1-thread-5] DEBUG com.mnc.udp.UDPServer - UDP-Server: Message-58-40 -> Message-58-40 (/127.0.0.1:49483)
21:20:57.255 [pool-1-thread-2] DEBUG com.mnc.udp.UDPServer - UDP-Server: Message-11-91
21:20:57.255 [pool-1-thread-2] DEBUG com.mnc.udp.UDPServer - UDP-Server: Message-11-91 -> Message-11-91 (/127.0.0.1:49436)
21:20:57.255 [pool-1-thread-4] DEBUG com.mnc.udp.UDPServer - UDP-Server: Message-64-82
21:20:57.255 [pool-1-thread-4] DEBUG com.mnc.udp.UDPServer - UDP-Server: Message-64-82 -> Message-64-82 (/127.0.0.1:49489)
21:20:57.255 [pool-1-thread-1] DEBUG com.mnc.udp.UDPServer - UDP-Server: Message-58-46
21:20:57.255 [pool-1-thread-4] DEBUG com.mnc.udp.UDPServer - UDP-Server: Message-11-92
21:20:57.255 [pool-1-thread-4] DEBUG com.mnc.udp.UDPServer - UDP-Server: Message-11-92 -> Message-11-92 (/127.0.0.1:49436)
21:20:57.255 [pool-1-thread-1] DEBUG com.mnc.udp.UDPServer - UDP-Server: Message-58-46 -> Message-58-46 (/127.0.0.1:49483)
21:20:57.255 [pool-1-thread-1] DEBUG com.mnc.udp.UDPServer - UDP-Server: Message-64-83
21:20:57.255 [pool-1-thread-1] DEBUG com.mnc.udp.UDPServer - UDP-Server: Message-64-83 -> Message-64-83 (/127.0.0.1:49489)
21:20:57.255 [pool-1-thread-2] DEBUG com.mnc.udp.UDPServer - UDP-Server: Message-11-88
21:20:57.255 [pool-1-thread-1] DEBUG com.mnc.udp.UDPServer - UDP-Server: Message-58-47
21:20:57.255 [pool-1-thread-2] DEBUG com.mnc.udp.UDPServer - UDP-Server: Message-11-88 -> Message-11-88 (/127.0.0.1:49436)
21:20:57.255 [pool-1-thread-1] DEBUG com.mnc.udp.UDPServer - UDP-Server: Message-58-47 -> Message-58-47 (/127.0.0.1:49483)
21:20:57.255 [pool-1-thread-1] DEBUG com.mnc.udp.UDPServer - UDP-Server: Message-64-81
21:20:57.255 [pool-1-thread-1] DEBUG com.mnc.udp.UDPServer - UDP-Server: Message-64-81 -> Message-64-81 (/127.0.0.1:49489)
21:20:57.255 [pool-1-thread-1] DEBUG com.mnc.udp.UDPServer - UDP-Server: Message-11-89
21:20:57.255 [pool-1-thread-1] DEBUG com.mnc.udp.UDPServer - UDP-Server: Message-11-89 -> Message-11-89 (/127.0.0.1:49436)
21:20:57.255 [pool-1-thread-1] DEBUG com.mnc.udp.UDPServer - UDP-Server: Message-58-15
21:20:57.255 [pool-1-thread-1] DEBUG com.mnc.udp.UDPServer - UDP-Server: Message-58-15 -> Message-58-15 (/127.0.0.1:49483)
21:20:57.255 [pool-1-thread-4] DEBUG com.mnc.udp.UDPServer - UDP-Server: Message-11-87
21:20:57.255 [pool-1-thread-2] DEBUG com.mnc.udp.UDPServer - UDP-Server: Message-64-85
21:20:57.255 [pool-1-thread-5] DEBUG com.mnc.udp.UDPServer - UDP-Server: Message-58-16
21:20:57.255 [pool-1-thread-5] DEBUG com.mnc.udp.UDPServer - UDP-Server: Message-58-16 -> Message-58-16 (/127.0.0.1:49483)
21:20:57.255 [pool-1-thread-4] DEBUG com.mnc.udp.UDPServer - UDP-Server: Message-11-87 -> Message-11-87 (/127.0.0.1:49436)
21:20:57.255 [pool-1-thread-2] DEBUG com.mnc.udp.UDPServer - UDP-Server: Message-64-85 -> Message-64-85 (/127.0.0.1:49489)
21:20:57.255 [pool-1-thread-3] DEBUG com.mnc.udp.UDPServer - UDP-Server: Message-58-17
21:20:57.255 [pool-1-thread-3] DEBUG com.mnc.udp.UDPServer - UDP-Server: Message-58-17 -> Message-58-17 (/127.0.0.1:49483)
21:20:57.255 [pool-1-thread-1] DEBUG com.mnc.udp.UDPServer - UDP-Server: Message-11-96
21:20:57.255 [pool-1-thread-3] DEBUG com.mnc.udp.UDPServer - UDP-Server: Message-64-86
21:20:57.255 [pool-1-thread-1] DEBUG com.mnc.udp.UDPServer - UDP-Server: Message-11-96 -> Message-11-96 (/127.0.0.1:49436)
21:20:57.255 [pool-1-thread-3] DEBUG com.mnc.udp.UDPServer - UDP-Server: Message-64-86 -> Message-64-86 (/127.0.0.1:49489)
21:20:57.255 [pool-1-thread-4] DEBUG com.mnc.udp.UDPServer - UDP-Server: Message-58-13
21:20:57.256 [pool-1-thread-3] DEBUG com.mnc.udp.UDPServer - UDP-Server: Message-11-97
21:20:57.256 [pool-1-thread-3] DEBUG com.mnc.udp.UDPServer - UDP-Server: Message-11-97 -> Message-11-97 (/127.0.0.1:49436)
21:20:57.256 [pool-1-thread-4] DEBUG com.mnc.udp.UDPServer - UDP-Server: Message-58-13 -> Message-58-13 (/127.0.0.1:49483)
21:20:57.256 [pool-1-thread-4] DEBUG com.mnc.udp.UDPServer - UDP-Server: Message-64-84
21:20:57.256 [pool-1-thread-4] DEBUG com.mnc.udp.UDPServer - UDP-Server: Message-64-84 -> Message-64-84 (/127.0.0.1:49489)
21:20:57.256 [pool-1-thread-4] DEBUG com.mnc.udp.UDPServer - UDP-Server: Message-11-38
21:20:57.256 [pool-1-thread-4] DEBUG com.mnc.udp.UDPServer - UDP-Server: Message-11-38 -> Message-11-38 (/127.0.0.1:49436)
21:20:57.256 [pool-1-thread-1] DEBUG com.mnc.udp.UDPServer - UDP-Server: Message-58-14
21:20:57.256 [pool-1-thread-1] DEBUG com.mnc.udp.UDPServer - UDP-Server: Message-58-14 -> Message-58-14 (/127.0.0.1:49483)
21:20:57.256 [pool-1-thread-1] DEBUG com.mnc.udp.UDPServer - UDP-Server: Message-64-78
21:20:57.256 [pool-1-thread-1] DEBUG com.mnc.udp.UDPServer - UDP-Server: Message-64-78 -> Message-64-78 (/127.0.0.1:49489)
21:20:57.256 [pool-1-thread-5] DEBUG com.mnc.udp.UDPServer - UDP-Server: Message-11-39
21:20:57.256 [pool-1-thread-5] DEBUG com.mnc.udp.UDPServer - UDP-Server: Message-11-39 -> Message-11-39 (/127.0.0.1:49436)
21:20:57.256 [pool-1-thread-2] DEBUG com.mnc.udp.UDPServer - UDP-Server: Message-58-3
21:20:57.256 [pool-1-thread-2] DEBUG com.mnc.udp.UDPServer - UDP-Server: Message-58-3 -> Message-58-3 (/127.0.0.1:49483)
21:20:57.256 [pool-1-thread-4] DEBUG com.mnc.udp.UDPServer - UDP-Server: Message-64-79
21:20:57.256 [pool-1-thread-4] DEBUG com.mnc.udp.UDPServer - UDP-Server: Message-64-79 -> Message-64-79 (/127.0.0.1:49489)
21:20:57.256 [pool-1-thread-3] DEBUG com.mnc.udp.UDPServer - UDP-Server: Message-11-37
21:20:57.256 [pool-1-thread-3] DEBUG com.mnc.udp.UDPServer - UDP-Server: Message-11-37 -> Message-11-37 (/127.0.0.1:49436)
21:20:57.256 [pool-1-thread-1] DEBUG com.mnc.udp.UDPServer - UDP-Server: Message-58-4
21:20:57.256 [pool-1-thread-1] DEBUG com.mnc.udp.UDPServer - UDP-Server: Message-58-4 -> Message-58-4 (/127.0.0.1:49483)
21:20:57.256 [pool-1-thread-5] DEBUG com.mnc.udp.UDPServer - UDP-Server: Message-64-80
21:20:57.256 [pool-1-thread-5] DEBUG com.mnc.udp.UDPServer - UDP-Server: Message-64-80 -> Message-64-80 (/127.0.0.1:49489)
21:20:57.256 [pool-1-thread-5] DEBUG com.mnc.udp.UDPServer - UDP-Server: Message-11-71
21:20:57.256 [pool-1-thread-5] DEBUG com.mnc.udp.UDPServer - UDP-Server: Message-11-71 -> Message-11-71 (/127.0.0.1:49436)
21:20:57.256 [pool-1-thread-4] DEBUG com.mnc.udp.UDPServer - UDP-Server: Message-58-5
21:20:57.256 [pool-1-thread-5] DEBUG com.mnc.udp.UDPServer - UDP-Server: Message-64-76
21:20:57.256 [pool-1-thread-5] DEBUG com.mnc.udp.UDPServer - UDP-Server: Message-64-76 -> Message-64-76 (/127.0.0.1:49489)
21:20:57.256 [pool-1-thread-1] DEBUG com.mnc.udp.UDPServer - UDP-Server: Message-11-72
21:20:57.256 [pool-1-thread-4] DEBUG com.mnc.udp.UDPServer - UDP-Server: Message-58-5 -> Message-58-5 (/127.0.0.1:49483)
21:20:57.256 [pool-1-thread-1] DEBUG com.mnc.udp.UDPServer - UDP-Server: Message-11-72 -> Message-11-72 (/127.0.0.1:49436)
21:20:57.256 [pool-1-thread-2] DEBUG com.mnc.udp.UDPServer - UDP-Server: Message-64-77
21:20:57.256 [pool-1-thread-2] DEBUG com.mnc.udp.UDPServer - UDP-Server: Message-64-77 -> Message-64-77 (/127.0.0.1:49489)
21:20:57.256 [pool-1-thread-3] DEBUG com.mnc.udp.UDPServer - UDP-Server: Message-58-1
21:20:57.256 [pool-1-thread-5] DEBUG com.mnc.udp.UDPServer - UDP-Server: Message-11-15
21:20:57.256 [pool-1-thread-5] DEBUG com.mnc.udp.UDPServer - UDP-Server: Message-11-15 -> Message-11-15 (/127.0.0.1:49436)
21:20:57.256 [pool-1-thread-3] DEBUG com.mnc.udp.UDPServer - UDP-Server: Message-58-1 -> Message-58-1 (/127.0.0.1:49483)
21:20:57.256 [pool-1-thread-4] DEBUG com.mnc.udp.UDPServer - UDP-Server: Message-64-75
21:20:57.256 [pool-1-thread-1] DEBUG com.mnc.udp.UDPServer - UDP-Server: Message-11-73
21:20:57.256 [pool-1-thread-4] DEBUG com.mnc.udp.UDPServer - UDP-Server: Message-64-75 -> Message-64-75 (/127.0.0.1:49489)
21:20:57.256 [pool-1-thread-1] DEBUG com.mnc.udp.UDPServer - UDP-Server: Message-11-73 -> Message-11-73 (/127.0.0.1:49436)
21:20:57.256 [pool-1-thread-4] DEBUG com.mnc.udp.UDPServer - UDP-Server: Message-58-2
21:20:57.256 [pool-1-thread-4] DEBUG com.mnc.udp.UDPServer - UDP-Server: Message-58-2 -> Message-58-2 (/127.0.0.1:49483)
21:20:57.256 [pool-1-thread-5] DEBUG com.mnc.udp.UDPServer - UDP-Server: Message-64-57
21:20:57.256 [pool-1-thread-5] DEBUG com.mnc.udp.UDPServer - UDP-Server: Message-64-57 -> Message-64-57 (/127.0.0.1:49489)
21:20:57.256 [pool-1-thread-3] DEBUG com.mnc.udp.UDPServer - UDP-Server: Message-11-74
21:20:57.256 [pool-1-thread-2] DEBUG com.mnc.udp.UDPServer - UDP-Server: Message-58-0
21:20:57.256 [pool-1-thread-3] DEBUG com.mnc.udp.UDPServer - UDP-Server: Message-11-74 -> Message-11-74 (/127.0.0.1:49436)
21:20:57.256 [pool-1-thread-2] DEBUG com.mnc.udp.UDPServer - UDP-Server: Message-58-0 -> Message-58-0 (/127.0.0.1:49483)
21:20:57.256 [pool-1-thread-1] DEBUG com.mnc.udp.UDPServer - UDP-Server: Message-64-58
21:20:57.256 [pool-1-thread-1] DEBUG com.mnc.udp.UDPServer - UDP-Server: Message-64-58 -> Message-64-58 (/127.0.0.1:49489)
21:20:57.256 [pool-1-thread-4] DEBUG com.mnc.udp.UDPServer - UDP-Server: Message-58-10
21:20:57.256 [pool-1-thread-5] DEBUG com.mnc.udp.UDPServer - UDP-Server: Message-11-98
21:20:57.256 [pool-1-thread-4] DEBUG com.mnc.udp.UDPServer - UDP-Server: Message-58-10 -> Message-58-10 (/127.0.0.1:49483)
21:20:57.256 [pool-1-thread-5] DEBUG com.mnc.udp.UDPServer - UDP-Server: Message-11-98 -> Message-11-98 (/127.0.0.1:49436)
21:20:57.256 [pool-1-thread-3] DEBUG com.mnc.udp.UDPServer - UDP-Server: Message-64-56
21:20:57.256 [pool-1-thread-3] DEBUG com.mnc.udp.UDPServer - UDP-Server: Message-64-56 -> Message-64-56 (/127.0.0.1:49489)
21:20:57.256 [pool-1-thread-3] DEBUG com.mnc.udp.UDPServer - UDP-Server: Message-58-11
21:20:57.257 [pool-1-thread-2] DEBUG com.mnc.udp.UDPServer - UDP-Server: Message-11-99
21:20:57.257 [pool-1-thread-3] DEBUG com.mnc.udp.UDPServer - UDP-Server: Message-58-11 -> Message-58-11 (/127.0.0.1:49483)
21:20:57.257 [pool-1-thread-2] DEBUG com.mnc.udp.UDPServer - UDP-Server: Message-11-99 -> Message-11-99 (/127.0.0.1:49436)
21:20:57.257 [pool-1-thread-4] DEBUG com.mnc.udp.UDPServer - UDP-Server: Message-64-60
21:20:57.257 [pool-1-thread-4] DEBUG com.mnc.udp.UDPServer - UDP-Server: Message-64-60 -> Message-64-60 (/127.0.0.1:49489)
21:20:57.257 [pool-1-thread-4] DEBUG com.mnc.udp.UDPServer - UDP-Server: Message-58-50
21:20:57.257 [pool-1-thread-5] DEBUG com.mnc.udp.UDPServer - UDP-Server: Message-11-94
21:20:57.257 [pool-1-thread-4] DEBUG com.mnc.udp.UDPServer - UDP-Server: Message-58-50 -> Message-58-50 (/127.0.0.1:49483)
21:20:57.257 [pool-1-thread-5] DEBUG com.mnc.udp.UDPServer - UDP-Server: Message-11-94 -> Message-11-94 (/127.0.0.1:49436)
21:20:57.257 [pool-1-thread-3] DEBUG com.mnc.udp.UDPServer - UDP-Server: Message-64-61
21:20:57.257 [pool-1-thread-3] DEBUG com.mnc.udp.UDPServer - UDP-Server: Message-64-61 -> Message-64-61 (/127.0.0.1:49489)
21:20:57.257 [pool-1-thread-2] DEBUG com.mnc.udp.UDPServer - UDP-Server: Message-58-21
21:20:57.257 [pool-1-thread-2] DEBUG com.mnc.udp.UDPServer - UDP-Server: Message-58-21 -> Message-58-21 (/127.0.0.1:49483)
21:20:57.257 [pool-1-thread-1] DEBUG com.mnc.udp.UDPServer - UDP-Server: Message-64-59
21:20:57.257 [pool-1-thread-2] DEBUG com.mnc.udp.UDPServer - UDP-Server: Message-11-95
21:20:57.257 [pool-1-thread-2] DEBUG com.mnc.udp.UDPServer - UDP-Server: Message-11-95 -> Message-11-95 (/127.0.0.1:49436)
21:20:57.257 [pool-1-thread-1] DEBUG com.mnc.udp.UDPServer - UDP-Server: Message-64-59 -> Message-64-59 (/127.0.0.1:49489)
21:20:57.257 [pool-1-thread-5] DEBUG com.mnc.udp.UDPServer - UDP-Server: Message-58-22
21:20:57.257 [pool-1-thread-5] DEBUG com.mnc.udp.UDPServer - UDP-Server: Message-58-22 -> Message-58-22 (/127.0.0.1:49483)
21:20:57.257 [pool-1-thread-3] DEBUG com.mnc.udp.UDPServer - UDP-Server: Message-11-93
21:20:57.257 [pool-1-thread-5] DEBUG com.mnc.udp.UDPServer - UDP-Server: Message-64-53
21:20:57.257 [pool-1-thread-5] DEBUG com.mnc.udp.UDPServer - UDP-Server: Message-64-53 -> Message-64-53 (/127.0.0.1:49489)
21:20:57.257 [pool-1-thread-3] DEBUG com.mnc.udp.UDPServer - UDP-Server: Message-11-93 -> Message-11-93 (/127.0.0.1:49436)
21:20:57.257 [pool-1-thread-3] DEBUG com.mnc.udp.UDPServer - UDP-Server: Message-58-23
21:20:57.257 [pool-1-thread-1] DEBUG com.mnc.udp.UDPServer - UDP-Server: Message-64-54
21:20:57.257 [pool-1-thread-4] DEBUG com.mnc.udp.UDPServer - UDP-Server: Message-11-82
21:20:57.257 [pool-1-thread-4] DEBUG com.mnc.udp.UDPServer - UDP-Server: Message-11-82 -> Message-11-82 (/127.0.0.1:49436)
21:20:57.257 [pool-1-thread-3] DEBUG com.mnc.udp.UDPServer - UDP-Server: Message-58-23 -> Message-58-23 (/127.0.0.1:49483)
21:20:57.257 [pool-1-thread-1] DEBUG com.mnc.udp.UDPServer - UDP-Server: Message-64-54 -> Message-64-54 (/127.0.0.1:49489)
21:20:57.257 [pool-1-thread-5] DEBUG com.mnc.udp.UDPServer - UDP-Server: Message-11-83
21:20:57.257 [pool-1-thread-5] DEBUG com.mnc.udp.UDPServer - UDP-Server: Message-11-83 -> Message-11-83 (/127.0.0.1:49436)
21:20:57.257 [pool-1-thread-2] DEBUG com.mnc.udp.UDPServer - UDP-Server: Message-58-51
21:20:57.257 [pool-1-thread-4] DEBUG com.mnc.udp.UDPServer - UDP-Server: Message-64-55
21:20:57.257 [pool-1-thread-2] DEBUG com.mnc.udp.UDPServer - UDP-Server: Message-58-51 -> Message-58-51 (/127.0.0.1:49483)
21:20:57.257 [pool-1-thread-4] DEBUG com.mnc.udp.UDPServer - UDP-Server: Message-64-55 -> Message-64-55 (/127.0.0.1:49489)
21:20:57.257 [pool-1-thread-3] DEBUG com.mnc.udp.UDPServer - UDP-Server: Message-11-81
21:20:57.257 [pool-1-thread-3] DEBUG com.mnc.udp.UDPServer - UDP-Server: Message-11-81 -> Message-11-81 (/127.0.0.1:49436)
21:20:57.257 [pool-1-thread-3] DEBUG com.mnc.udp.UDPServer - UDP-Server: Message-64-51
21:20:57.257 [pool-1-thread-3] DEBUG com.mnc.udp.UDPServer - UDP-Server: Message-64-51 -> Message-64-51 (/127.0.0.1:49489)
21:20:57.257 [pool-1-thread-1] DEBUG com.mnc.udp.UDPServer - UDP-Server: Message-58-52
21:20:57.257 [pool-1-thread-1] DEBUG com.mnc.udp.UDPServer - UDP-Server: Message-58-52 -> Message-58-52 (/127.0.0.1:49483)
21:20:57.257 [pool-1-thread-2] DEBUG com.mnc.udp.UDPServer - UDP-Server: Message-11-85
21:20:57.257 [pool-1-thread-2] DEBUG com.mnc.udp.UDPServer - UDP-Server: Message-11-85 -> Message-11-85 (/127.0.0.1:49436)
21:20:57.257 [pool-1-thread-1] DEBUG com.mnc.udp.UDPServer - UDP-Server: Message-64-52
21:20:57.257 [pool-1-thread-1] DEBUG com.mnc.udp.UDPServer - UDP-Server: Message-64-52 -> Message-64-52 (/127.0.0.1:49489)
21:20:57.257 [pool-1-thread-5] DEBUG com.mnc.udp.UDPServer - UDP-Server: Message-58-24
21:20:57.257 [pool-1-thread-3] DEBUG com.mnc.udp.UDPServer - UDP-Server: Message-11-86
21:20:57.257 [pool-1-thread-3] DEBUG com.mnc.udp.UDPServer - UDP-Server: Message-11-86 -> Message-11-86 (/127.0.0.1:49436)
21:20:57.257 [pool-1-thread-5] DEBUG com.mnc.udp.UDPServer - UDP-Server: Message-58-24 -> Message-58-24 (/127.0.0.1:49483)
21:20:57.257 [pool-1-thread-3] DEBUG com.mnc.udp.UDPServer - UDP-Server: Message-64-50
21:20:57.257 [pool-1-thread-3] DEBUG com.mnc.udp.UDPServer - UDP-Server: Message-64-50 -> Message-64-50 (/127.0.0.1:49489)
21:20:57.257 [pool-1-thread-2] DEBUG com.mnc.udp.UDPServer - UDP-Server: Message-11-57
21:20:57.257 [pool-1-thread-1] DEBUG com.mnc.udp.UDPServer - UDP-Server: Message-58-19
21:20:57.257 [pool-1-thread-1] DEBUG com.mnc.udp.UDPServer - UDP-Server: Message-58-19 -> Message-58-19 (/127.0.0.1:49483)
21:20:57.257 [pool-1-thread-2] DEBUG com.mnc.udp.UDPServer - UDP-Server: Message-11-57 -> Message-11-57 (/127.0.0.1:49436)
21:20:57.258 [pool-1-thread-4] DEBUG com.mnc.udp.UDPServer - UDP-Server: Message-64-71
21:20:57.258 [pool-1-thread-4] DEBUG com.mnc.udp.UDPServer - UDP-Server: Message-64-71 -> Message-64-71 (/127.0.0.1:49489)
21:20:57.258 [pool-1-thread-5] DEBUG com.mnc.udp.UDPServer - UDP-Server: Message-58-20
21:20:57.258 [pool-1-thread-3] DEBUG com.mnc.udp.UDPServer - UDP-Server: Message-11-58
21:20:57.258 [pool-1-thread-5] DEBUG com.mnc.udp.UDPServer - UDP-Server: Message-58-20 -> Message-58-20 (/127.0.0.1:49483)
21:20:57.258 [pool-1-thread-3] DEBUG com.mnc.udp.UDPServer - UDP-Server: Message-11-58 -> Message-11-58 (/127.0.0.1:49436)
21:20:57.258 [pool-1-thread-5] DEBUG com.mnc.udp.UDPServer - UDP-Server: Message-64-72
21:20:57.258 [pool-1-thread-5] DEBUG com.mnc.udp.UDPServer - UDP-Server: Message-64-72 -> Message-64-72 (/127.0.0.1:49489)
21:20:57.258 [pool-1-thread-5] DEBUG com.mnc.udp.UDPServer - UDP-Server: Message-58-9
21:20:57.258 [pool-1-thread-5] DEBUG com.mnc.udp.UDPServer - UDP-Server: Message-58-9 -> Message-58-9 (/127.0.0.1:49483)
21:20:57.258 [pool-1-thread-4] DEBUG com.mnc.udp.UDPServer - UDP-Server: Message-11-56
21:20:57.258 [pool-1-thread-1] DEBUG com.mnc.udp.UDPServer - UDP-Server: Message-64-73
21:20:57.258 [pool-1-thread-4] DEBUG com.mnc.udp.UDPServer - UDP-Server: Message-11-56 -> Message-11-56 (/127.0.0.1:49436)
21:20:57.258 [pool-1-thread-1] DEBUG com.mnc.udp.UDPServer - UDP-Server: Message-64-73 -> Message-64-73 (/127.0.0.1:49489)
21:20:57.258 [pool-1-thread-3] DEBUG com.mnc.udp.UDPServer - UDP-Server: Message-58-12
21:20:57.258 [pool-1-thread-3] DEBUG com.mnc.udp.UDPServer - UDP-Server: Message-58-12 -> Message-58-12 (/127.0.0.1:49483)
21:20:57.258 [pool-1-thread-2] DEBUG com.mnc.udp.UDPServer - UDP-Server: Message-11-60
21:20:57.258 [pool-1-thread-2] DEBUG com.mnc.udp.UDPServer - UDP-Server: Message-11-60 -> Message-11-60 (/127.0.0.1:49436)
21:20:57.258 [pool-1-thread-5] DEBUG com.mnc.udp.UDPServer - UDP-Server: Message-64-74
21:20:57.258 [pool-1-thread-4] DEBUG com.mnc.udp.UDPServer - UDP-Server: Message-58-18
21:20:57.258 [pool-1-thread-5] DEBUG com.mnc.udp.UDPServer - UDP-Server: Message-64-74 -> Message-64-74 (/127.0.0.1:49489)
21:20:57.258 [pool-1-thread-4] DEBUG com.mnc.udp.UDPServer - UDP-Server: Message-58-18 -> Message-58-18 (/127.0.0.1:49483)
21:20:57.258 [pool-1-thread-4] DEBUG com.mnc.udp.UDPServer - UDP-Server: Message-11-61
21:20:57.258 [pool-1-thread-4] DEBUG com.mnc.udp.UDPServer - UDP-Server: Message-11-61 -> Message-11-61 (/127.0.0.1:49436)
21:20:57.258 [pool-1-thread-3] DEBUG com.mnc.udp.UDPServer - UDP-Server: Message-64-69
21:20:57.258 [pool-1-thread-3] DEBUG com.mnc.udp.UDPServer - UDP-Server: Message-64-69 -> Message-64-69 (/127.0.0.1:49489)
21:20:57.258 [pool-1-thread-3] DEBUG com.mnc.udp.UDPServer - UDP-Server: Message-11-59
21:20:57.258 [pool-1-thread-3] DEBUG com.mnc.udp.UDPServer - UDP-Server: Message-11-59 -> Message-11-59 (/127.0.0.1:49436)
21:20:57.258 [pool-1-thread-5] DEBUG com.mnc.udp.UDPServer - UDP-Server: Message-64-70
21:20:57.258 [pool-1-thread-5] DEBUG com.mnc.udp.UDPServer - UDP-Server: Message-64-70 -> Message-64-70 (/127.0.0.1:49489)
21:20:57.258 [pool-1-thread-1] DEBUG com.mnc.udp.UDPServer - UDP-Server: Message-11-84
21:20:57.258 [pool-1-thread-1] DEBUG com.mnc.udp.UDPServer - UDP-Server: Message-11-84 -> Message-11-84 (/127.0.0.1:49436)
21:20:57.258 [pool-1-thread-4] DEBUG com.mnc.udp.UDPServer - UDP-Server: Message-64-68
21:20:57.258 [pool-1-thread-4] DEBUG com.mnc.udp.UDPServer - UDP-Server: Message-64-68 -> Message-64-68 (/127.0.0.1:49489)
21:20:57.258 [pool-1-thread-2] DEBUG com.mnc.udp.UDPServer - UDP-Server: Message-11-66
21:20:57.258 [pool-1-thread-2] DEBUG com.mnc.udp.UDPServer - UDP-Server: Message-11-66 -> Message-11-66 (/127.0.0.1:49436)
21:20:57.258 [pool-1-thread-3] DEBUG com.mnc.udp.UDPServer - UDP-Server: Message-64-63
21:20:57.258 [pool-1-thread-3] DEBUG com.mnc.udp.UDPServer - UDP-Server: Message-64-63 -> Message-64-63 (/127.0.0.1:49489)
21:20:57.258 [pool-1-thread-5] DEBUG com.mnc.udp.UDPServer - UDP-Server: Message-11-67
21:20:57.258 [pool-1-thread-5] DEBUG com.mnc.udp.UDPServer - UDP-Server: Message-11-67 -> Message-11-67 (/127.0.0.1:49436)
21:20:57.258 [pool-1-thread-5] DEBUG com.mnc.udp.UDPServer - UDP-Server: Message-64-64
21:20:57.258 [pool-1-thread-5] DEBUG com.mnc.udp.UDPServer - UDP-Server: Message-64-64 -> Message-64-64 (/127.0.0.1:49489)
21:20:57.258 [pool-1-thread-4] DEBUG com.mnc.udp.UDPServer - UDP-Server: Message-11-7
21:20:57.258 [pool-1-thread-4] DEBUG com.mnc.udp.UDPServer - UDP-Server: Message-11-7 -> Message-11-7 (/127.0.0.1:49436)
21:20:57.258 [pool-1-thread-2] DEBUG com.mnc.udp.UDPServer - UDP-Server: Message-64-62
21:20:57.258 [pool-1-thread-2] DEBUG com.mnc.udp.UDPServer - UDP-Server: Message-64-62 -> Message-64-62 (/127.0.0.1:49489)
21:20:57.258 [pool-1-thread-3] DEBUG com.mnc.udp.UDPServer - UDP-Server: Message-11-8
21:20:57.258 [pool-1-thread-3] DEBUG com.mnc.udp.UDPServer - UDP-Server: Message-11-8 -> Message-11-8 (/127.0.0.1:49436)
21:20:57.259 [pool-1-thread-1] DEBUG com.mnc.udp.UDPServer - UDP-Server: Message-64-66
21:20:57.259 [pool-1-thread-1] DEBUG com.mnc.udp.UDPServer - UDP-Server: Message-64-66 -> Message-64-66 (/127.0.0.1:49489)
21:20:57.259 [pool-1-thread-5] DEBUG com.mnc.udp.UDPServer - UDP-Server: Message-11-6
21:20:57.259 [pool-1-thread-5] DEBUG com.mnc.udp.UDPServer - UDP-Server: Message-11-6 -> Message-11-6 (/127.0.0.1:49436)
21:20:57.259 [pool-1-thread-4] DEBUG com.mnc.udp.UDPServer - UDP-Server: Message-64-67
21:20:57.259 [pool-1-thread-2] DEBUG com.mnc.udp.UDPServer - UDP-Server: Message-11-10
21:20:57.259 [pool-1-thread-4] DEBUG com.mnc.udp.UDPServer - UDP-Server: Message-64-67 -> Message-64-67 (/127.0.0.1:49489)
21:20:57.259 [pool-1-thread-2] DEBUG com.mnc.udp.UDPServer - UDP-Server: Message-11-10 -> Message-11-10 (/127.0.0.1:49436)
21:20:57.259 [pool-1-thread-3] DEBUG com.mnc.udp.UDPServer - UDP-Server: Message-35-32
21:20:57.259 [pool-1-thread-3] DEBUG com.mnc.udp.UDPServer - UDP-Server: Message-35-32 -> Message-35-32 (/127.0.0.1:49460)
21:20:57.259 [pool-1-thread-1] DEBUG com.mnc.udp.UDPServer - UDP-Server: Message-11-11
21:20:57.259 [pool-1-thread-1] DEBUG com.mnc.udp.UDPServer - UDP-Server: Message-11-11 -> Message-11-11 (/127.0.0.1:49436)
21:20:57.259 [pool-1-thread-5] DEBUG com.mnc.udp.UDPServer - UDP-Server: Message-35-33
21:20:57.259 [pool-1-thread-5] DEBUG com.mnc.udp.UDPServer - UDP-Server: Message-35-33 -> Message-35-33 (/127.0.0.1:49460)
21:20:57.259 [pool-1-thread-4] DEBUG com.mnc.udp.UDPServer - UDP-Server: Message-11-9
21:20:57.259 [pool-1-thread-4] DEBUG com.mnc.udp.UDPServer - UDP-Server: Message-11-9 -> Message-11-9 (/127.0.0.1:49436)
21:20:57.259 [pool-1-thread-2] DEBUG com.mnc.udp.UDPServer - UDP-Server: Message-35-31
21:20:57.259 [pool-1-thread-2] DEBUG com.mnc.udp.UDPServer - UDP-Server: Message-35-31 -> Message-35-31 (/127.0.0.1:49460)
21:20:57.259 [pool-1-thread-2] DEBUG com.mnc.udp.UDPServer - UDP-Server: Message-11-3
21:20:57.259 [pool-1-thread-2] DEBUG com.mnc.udp.UDPServer - UDP-Server: Message-11-3 -> Message-11-3 (/127.0.0.1:49436)
21:20:57.259 [pool-1-thread-1] DEBUG com.mnc.udp.UDPServer - UDP-Server: Message-35-35
21:20:57.259 [pool-1-thread-1] DEBUG com.mnc.udp.UDPServer - UDP-Server: Message-35-35 -> Message-35-35 (/127.0.0.1:49460)
21:20:57.259 [pool-1-thread-5] DEBUG com.mnc.udp.UDPServer - UDP-Server: Message-11-4
21:20:57.259 [pool-1-thread-5] DEBUG com.mnc.udp.UDPServer - UDP-Server: Message-11-4 -> Message-11-4 (/127.0.0.1:49436)
21:20:57.259 [pool-1-thread-4] DEBUG com.mnc.udp.UDPServer - UDP-Server: Message-35-36
21:20:57.259 [pool-1-thread-4] DEBUG com.mnc.udp.UDPServer - UDP-Server: Message-35-36 -> Message-35-36 (/127.0.0.1:49460)
21:20:57.259 [pool-1-thread-3] DEBUG com.mnc.udp.UDPServer - UDP-Server: Message-11-5
21:20:57.259 [pool-1-thread-3] DEBUG com.mnc.udp.UDPServer - UDP-Server: Message-11-5 -> Message-11-5 (/127.0.0.1:49436)
21:20:57.259 [pool-1-thread-3] DEBUG com.mnc.udp.UDPServer - UDP-Server: Message-35-34
21:20:57.259 [pool-1-thread-3] DEBUG com.mnc.udp.UDPServer - UDP-Server: Message-35-34 -> Message-35-34 (/127.0.0.1:49460)
21:20:57.259 [pool-1-thread-1] DEBUG com.mnc.udp.UDPServer - UDP-Server: Message-11-63
21:20:57.259 [pool-1-thread-1] DEBUG com.mnc.udp.UDPServer - UDP-Server: Message-11-63 -> Message-11-63 (/127.0.0.1:49436)
21:20:57.259 [pool-1-thread-5] DEBUG com.mnc.udp.UDPServer - UDP-Server: Message-35-28
21:20:57.259 [pool-1-thread-5] DEBUG com.mnc.udp.UDPServer - UDP-Server: Message-35-28 -> Message-35-28 (/127.0.0.1:49460)
21:20:57.259 [pool-1-thread-4] DEBUG com.mnc.udp.UDPServer - UDP-Server: Message-11-64
21:20:57.260 [pool-1-thread-4] DEBUG com.mnc.udp.UDPServer - UDP-Server: Message-11-64 -> Message-11-64 (/127.0.0.1:49436)
21:20:57.260 [pool-1-thread-4] DEBUG com.mnc.udp.UDPServer - UDP-Server: Message-35-29
21:20:57.260 [pool-1-thread-4] DEBUG com.mnc.udp.UDPServer - UDP-Server: Message-35-29 -> Message-35-29 (/127.0.0.1:49460)
21:20:57.260 [pool-1-thread-3] DEBUG com.mnc.udp.UDPServer - UDP-Server: Message-43-32
21:20:57.260 [pool-1-thread-5] DEBUG com.mnc.udp.UDPServer - UDP-Server: Message-35-30
21:20:57.260 [pool-1-thread-3] DEBUG com.mnc.udp.UDPServer - UDP-Server: Message-43-32 -> Message-43-32 (/127.0.0.1:49468)
21:20:57.260 [pool-1-thread-5] DEBUG com.mnc.udp.UDPServer - UDP-Server: Message-35-30 -> Message-35-30 (/127.0.0.1:49460)
21:20:57.260 [pool-1-thread-1] DEBUG com.mnc.udp.UDPServer - UDP-Server: Message-11-69
21:20:57.260 [pool-1-thread-1] DEBUG com.mnc.udp.UDPServer - UDP-Server: Message-11-69 -> Message-11-69 (/127.0.0.1:49436)
21:20:57.260 [pool-1-thread-2] DEBUG com.mnc.udp.UDPServer - UDP-Server: Message-43-33
21:20:57.260 [pool-1-thread-4] DEBUG com.mnc.udp.UDPServer - UDP-Server: Message-35-26
21:20:57.260 [pool-1-thread-2] DEBUG com.mnc.udp.UDPServer - UDP-Server: Message-43-33 -> Message-43-33 (/127.0.0.1:49468)
21:20:57.260 [pool-1-thread-4] DEBUG com.mnc.udp.UDPServer - UDP-Server: Message-35-26 -> Message-35-26 (/127.0.0.1:49460)
21:20:57.260 [pool-1-thread-3] DEBUG com.mnc.udp.UDPServer - UDP-Server: Message-11-70
21:20:57.260 [pool-1-thread-3] DEBUG com.mnc.udp.UDPServer - UDP-Server: Message-11-70 -> Message-11-70 (/127.0.0.1:49436)
21:20:57.260 [pool-1-thread-5] DEBUG com.mnc.udp.UDPServer - UDP-Server: Message-35-27
21:20:57.260 [pool-1-thread-2] DEBUG com.mnc.udp.UDPServer - UDP-Server: Message-11-68
21:20:57.260 [pool-1-thread-2] DEBUG com.mnc.udp.UDPServer - UDP-Server: Message-11-68 -> Message-11-68 (/127.0.0.1:49436)
21:20:57.260 [pool-1-thread-1] DEBUG com.mnc.udp.UDPServer - UDP-Server: Message-43-31
21:20:57.260 [pool-1-thread-5] DEBUG com.mnc.udp.UDPServer - UDP-Server: Message-35-27 -> Message-35-27 (/127.0.0.1:49460)
21:20:57.260 [pool-1-thread-1] DEBUG com.mnc.udp.UDPServer - UDP-Server: Message-43-31 -> Message-43-31 (/127.0.0.1:49468)
21:20:57.260 [pool-1-thread-4] DEBUG com.mnc.udp.UDPServer - UDP-Server: Message-11-16
21:20:57.260 [pool-1-thread-3] DEBUG com.mnc.udp.UDPServer - UDP-Server: Message-35-25
21:20:57.260 [pool-1-thread-2] DEBUG com.mnc.udp.UDPServer - UDP-Server: Message-43-35
21:20:57.260 [pool-1-thread-2] DEBUG com.mnc.udp.UDPServer - UDP-Server: Message-43-35 -> Message-43-35 (/127.0.0.1:49468)
21:20:57.260 [pool-1-thread-4] DEBUG com.mnc.udp.UDPServer - UDP-Server: Message-11-16 -> Message-11-16 (/127.0.0.1:49436)
21:20:57.260 [pool-1-thread-3] DEBUG com.mnc.udp.UDPServer - UDP-Server: Message-35-25 -> Message-35-25 (/127.0.0.1:49460)
21:20:57.260 [pool-1-thread-5] DEBUG com.mnc.udp.UDPServer - UDP-Server: Message-43-36
21:20:57.260 [pool-1-thread-5] DEBUG com.mnc.udp.UDPServer - UDP-Server: Message-43-36 -> Message-43-36 (/127.0.0.1:49468)
21:20:57.260 [pool-1-thread-1] DEBUG com.mnc.udp.UDPServer - UDP-Server: Message-11-17
21:20:57.260 [pool-1-thread-1] DEBUG com.mnc.udp.UDPServer - UDP-Server: Message-11-17 -> Message-11-17 (/127.0.0.1:49436)
21:20:57.260 [pool-1-thread-2] DEBUG com.mnc.udp.UDPServer - UDP-Server: Message-35-44
21:20:57.260 [pool-1-thread-2] DEBUG com.mnc.udp.UDPServer - UDP-Server: Message-35-44 -> Message-35-44 (/127.0.0.1:49460)
21:20:57.260 [pool-1-thread-2] DEBUG com.mnc.udp.UDPServer - UDP-Server: Message-43-34
21:20:57.260 [pool-1-thread-2] DEBUG com.mnc.udp.UDPServer - UDP-Server: Message-43-34 -> Message-43-34 (/127.0.0.1:49468)
21:20:57.260 [pool-1-thread-2] DEBUG com.mnc.udp.UDPServer - UDP-Server: Message-11-13
21:20:57.260 [pool-1-thread-2] DEBUG com.mnc.udp.UDPServer - UDP-Server: Message-11-13 -> Message-11-13 (/127.0.0.1:49436)
21:20:57.260 [pool-1-thread-5] DEBUG com.mnc.udp.UDPServer - UDP-Server: Message-35-45
21:20:57.260 [pool-1-thread-5] DEBUG com.mnc.udp.UDPServer - UDP-Server: Message-35-45 -> Message-35-45 (/127.0.0.1:49460)
21:20:57.260 [pool-1-thread-1] DEBUG com.mnc.udp.UDPServer - UDP-Server: Message-43-28
21:20:57.260 [pool-1-thread-1] DEBUG com.mnc.udp.UDPServer - UDP-Server: Message-43-28 -> Message-43-28 (/127.0.0.1:49468)
21:20:57.260 [pool-1-thread-4] DEBUG com.mnc.udp.UDPServer - UDP-Server: Message-11-14
21:20:57.260 [pool-1-thread-4] DEBUG com.mnc.udp.UDPServer - UDP-Server: Message-11-14 -> Message-11-14 (/127.0.0.1:49436)
21:20:57.260 [pool-1-thread-3] DEBUG com.mnc.udp.UDPServer - UDP-Server: Message-35-43
21:20:57.260 [pool-1-thread-4] DEBUG com.mnc.udp.UDPServer - UDP-Server: Message-43-29
21:20:57.260 [pool-1-thread-4] DEBUG com.mnc.udp.UDPServer - UDP-Server: Message-43-29 -> Message-43-29 (/127.0.0.1:49468)
21:20:57.260 [pool-1-thread-3] DEBUG com.mnc.udp.UDPServer - UDP-Server: Message-35-43 -> Message-35-43 (/127.0.0.1:49460)
21:20:57.261 [pool-1-thread-3] DEBUG com.mnc.udp.UDPServer - UDP-Server: Message-11-12
21:20:57.261 [pool-1-thread-3] DEBUG com.mnc.udp.UDPServer - UDP-Server: Message-11-12 -> Message-11-12 (/127.0.0.1:49436)
21:20:57.261 [pool-1-thread-3] DEBUG com.mnc.udp.UDPServer - UDP-Server: Message-43-30
21:20:57.261 [pool-1-thread-3] DEBUG com.mnc.udp.UDPServer - UDP-Server: Message-43-30 -> Message-43-30 (/127.0.0.1:49468)
21:20:57.261 [pool-1-thread-1] DEBUG com.mnc.udp.UDPServer - UDP-Server: Message-35-48
21:20:57.261 [pool-1-thread-1] DEBUG com.mnc.udp.UDPServer - UDP-Server: Message-35-48 -> Message-35-48 (/127.0.0.1:49460)
21:20:57.261 [pool-1-thread-4] DEBUG com.mnc.udp.UDPServer - UDP-Server: Message-11-76
21:20:57.261 [pool-1-thread-4] DEBUG com.mnc.udp.UDPServer - UDP-Server: Message-11-76 -> Message-11-76 (/127.0.0.1:49436)
21:20:57.261 [pool-1-thread-5] DEBUG com.mnc.udp.UDPServer - UDP-Server: Message-43-26
21:20:57.261 [pool-1-thread-5] DEBUG com.mnc.udp.UDPServer - UDP-Server: Message-43-26 -> Message-43-26 (/127.0.0.1:49468)
21:20:57.261 [pool-1-thread-2] DEBUG com.mnc.udp.UDPServer - UDP-Server: Message-35-49
21:20:57.261 [pool-1-thread-2] DEBUG com.mnc.udp.UDPServer - UDP-Server: Message-35-49 -> Message-35-49 (/127.0.0.1:49460)
21:20:57.261 [pool-1-thread-3] DEBUG com.mnc.udp.UDPServer - UDP-Server: Message-11-77
21:20:57.261 [pool-1-thread-3] DEBUG com.mnc.udp.UDPServer - UDP-Server: Message-11-77 -> Message-11-77 (/127.0.0.1:49436)
21:20:57.261 [pool-1-thread-1] DEBUG com.mnc.udp.UDPServer - UDP-Server: Message-43-27
21:20:57.261 [pool-1-thread-1] DEBUG com.mnc.udp.UDPServer - UDP-Server: Message-43-27 -> Message-43-27 (/127.0.0.1:49468)
21:20:57.261 [pool-1-thread-4] DEBUG com.mnc.udp.UDPServer - UDP-Server: Message-35-46
21:20:57.261 [pool-1-thread-4] DEBUG com.mnc.udp.UDPServer - UDP-Server: Message-35-46 -> Message-35-46 (/127.0.0.1:49460)
21:20:57.261 [pool-1-thread-5] DEBUG com.mnc.udp.UDPServer - UDP-Server: Message-11-1
21:20:57.261 [pool-1-thread-5] DEBUG com.mnc.udp.UDPServer - UDP-Server: Message-11-1 -> Message-11-1 (/127.0.0.1:49436)
21:20:57.261 [pool-1-thread-4] DEBUG com.mnc.udp.UDPServer - UDP-Server: Message-43-25
21:20:57.261 [pool-1-thread-4] DEBUG com.mnc.udp.UDPServer - UDP-Server: Message-43-25 -> Message-43-25 (/127.0.0.1:49468)
21:20:57.261 [pool-1-thread-4] DEBUG com.mnc.udp.UDPServer - UDP-Server: Message-35-47
21:20:57.261 [pool-1-thread-1] DEBUG com.mnc.udp.UDPServer - UDP-Server: Message-11-2
21:20:57.261 [pool-1-thread-1] DEBUG com.mnc.udp.UDPServer - UDP-Server: Message-11-2 -> Message-11-2 (/127.0.0.1:49436)
21:20:57.261 [pool-1-thread-4] DEBUG com.mnc.udp.UDPServer - UDP-Server: Message-35-47 -> Message-35-47 (/127.0.0.1:49460)
21:20:57.261 [pool-1-thread-2] DEBUG com.mnc.udp.UDPServer - UDP-Server: Message-43-44
21:20:57.261 [pool-1-thread-2] DEBUG com.mnc.udp.UDPServer - UDP-Server: Message-43-44 -> Message-43-44 (/127.0.0.1:49468)
21:20:57.261 [pool-1-thread-2] DEBUG com.mnc.udp.UDPServer - UDP-Server: Message-11-0
21:20:57.261 [pool-1-thread-3] DEBUG com.mnc.udp.UDPServer - UDP-Server: Message-35-40
21:20:57.261 [pool-1-thread-2] DEBUG com.mnc.udp.UDPServer - UDP-Server: Message-11-0 -> Message-11-0 (/127.0.0.1:49436)
21:20:57.261 [pool-1-thread-1] DEBUG com.mnc.udp.UDPServer - UDP-Server: Message-43-45
21:20:57.261 [pool-1-thread-1] DEBUG com.mnc.udp.UDPServer - UDP-Server: Message-43-45 -> Message-43-45 (/127.0.0.1:49468)
21:20:57.261 [pool-1-thread-3] DEBUG com.mnc.udp.UDPServer - UDP-Server: Message-35-40 -> Message-35-40 (/127.0.0.1:49460)
21:20:57.261 [pool-1-thread-4] DEBUG com.mnc.udp.UDPServer - UDP-Server: Message-11-19
21:20:57.261 [pool-1-thread-5] DEBUG com.mnc.udp.UDPServer - UDP-Server: Message-43-43
21:20:57.261 [pool-1-thread-2] DEBUG com.mnc.udp.UDPServer - UDP-Server: Message-35-41
21:20:57.261 [pool-1-thread-2] DEBUG com.mnc.udp.UDPServer - UDP-Server: Message-35-41 -> Message-35-41 (/127.0.0.1:49460)
21:20:57.261 [pool-1-thread-4] DEBUG com.mnc.udp.UDPServer - UDP-Server: Message-11-19 -> Message-11-19 (/127.0.0.1:49436)
21:20:57.261 [pool-1-thread-5] DEBUG com.mnc.udp.UDPServer - UDP-Server: Message-43-43 -> Message-43-43 (/127.0.0.1:49468)
21:20:57.261 [pool-1-thread-1] DEBUG com.mnc.udp.UDPServer - UDP-Server: Message-35-42
21:20:57.261 [pool-1-thread-1] DEBUG com.mnc.udp.UDPServer - UDP-Server: Message-35-42 -> Message-35-42 (/127.0.0.1:49460)
21:20:57.261 [pool-1-thread-3] DEBUG com.mnc.udp.UDPServer - UDP-Server: Message-11-20
21:20:57.261 [pool-1-thread-3] DEBUG com.mnc.udp.UDPServer - UDP-Server: Message-11-20 -> Message-11-20 (/127.0.0.1:49436)
21:20:57.261 [pool-1-thread-1] DEBUG com.mnc.udp.UDPServer - UDP-Server: Message-43-48
21:20:57.261 [pool-1-thread-1] DEBUG com.mnc.udp.UDPServer - UDP-Server: Message-43-48 -> Message-43-48 (/127.0.0.1:49468)
21:20:57.262 [pool-1-thread-4] DEBUG com.mnc.udp.UDPServer - UDP-Server: Message-35-38
21:20:57.262 [pool-1-thread-2] DEBUG com.mnc.udp.UDPServer - UDP-Server: Message-11-78
21:20:57.262 [pool-1-thread-2] DEBUG com.mnc.udp.UDPServer - UDP-Server: Message-11-78 -> Message-11-78 (/127.0.0.1:49436)
21:20:57.262 [pool-1-thread-5] DEBUG com.mnc.udp.UDPServer - UDP-Server: Message-43-49
21:20:57.262 [pool-1-thread-5] DEBUG com.mnc.udp.UDPServer - UDP-Server: Message-43-49 -> Message-43-49 (/127.0.0.1:49468)
21:20:57.262 [pool-1-thread-4] DEBUG com.mnc.udp.UDPServer - UDP-Server: Message-35-38 -> Message-35-38 (/127.0.0.1:49460)
21:20:57.262 [pool-1-thread-3] DEBUG com.mnc.udp.UDPServer - UDP-Server: Message-11-50
21:20:57.262 [pool-1-thread-3] DEBUG com.mnc.udp.UDPServer - UDP-Server: Message-11-50 -> Message-11-50 (/127.0.0.1:49436)
21:20:57.262 [pool-1-thread-1] DEBUG com.mnc.udp.UDPServer - UDP-Server: Message-43-46
21:20:57.262 [pool-1-thread-1] DEBUG com.mnc.udp.UDPServer - UDP-Server: Message-43-46 -> Message-43-46 (/127.0.0.1:49468)
21:20:57.262 [pool-1-thread-2] DEBUG com.mnc.udp.UDPServer - UDP-Server: Message-35-39
21:20:57.262 [pool-1-thread-2] DEBUG com.mnc.udp.UDPServer - UDP-Server: Message-35-39 -> Message-35-39 (/127.0.0.1:49460)
21:20:57.262 [pool-1-thread-5] DEBUG com.mnc.udp.UDPServer - UDP-Server: Message-11-21
21:20:57.262 [pool-1-thread-5] DEBUG com.mnc.udp.UDPServer - UDP-Server: Message-11-21 -> Message-11-21 (/127.0.0.1:49436)
21:20:57.262 [pool-1-thread-4] DEBUG com.mnc.udp.UDPServer - UDP-Server: Message-43-47
21:20:57.262 [pool-1-thread-4] DEBUG com.mnc.udp.UDPServer - UDP-Server: Message-43-47 -> Message-43-47 (/127.0.0.1:49468)
21:20:57.262 [pool-1-thread-3] DEBUG com.mnc.udp.UDPServer - UDP-Server: Message-35-90
21:20:57.262 [pool-1-thread-3] DEBUG com.mnc.udp.UDPServer - UDP-Server: Message-35-90 -> Message-35-90 (/127.0.0.1:49460)
21:20:57.262 [pool-1-thread-1] DEBUG com.mnc.udp.UDPServer - UDP-Server: Message-11-22
21:20:57.262 [pool-1-thread-1] DEBUG com.mnc.udp.UDPServer - UDP-Server: Message-11-22 -> Message-11-22 (/127.0.0.1:49436)
21:20:57.262 [pool-1-thread-1] DEBUG com.mnc.udp.UDPServer - UDP-Server: Message-43-40
21:20:57.262 [pool-1-thread-1] DEBUG com.mnc.udp.UDPServer - UDP-Server: Message-43-40 -> Message-43-40 (/127.0.0.1:49468)
21:20:57.262 [pool-1-thread-5] DEBUG com.mnc.udp.UDPServer - UDP-Server: Message-35-91
21:20:57.262 [pool-1-thread-5] DEBUG com.mnc.udp.UDPServer - UDP-Server: Message-35-91 -> Message-35-91 (/127.0.0.1:49460)
21:20:57.262 [pool-1-thread-4] DEBUG com.mnc.udp.UDPServer - UDP-Server: Message-11-51
21:20:57.262 [pool-1-thread-4] DEBUG com.mnc.udp.UDPServer - UDP-Server: Message-11-51 -> Message-11-51 (/127.0.0.1:49436)
21:20:57.262 [pool-1-thread-3] DEBUG com.mnc.udp.UDPServer - UDP-Server: Message-43-41
21:20:57.262 [pool-1-thread-3] DEBUG com.mnc.udp.UDPServer - UDP-Server: Message-43-41 -> Message-43-41 (/127.0.0.1:49468)
21:20:57.262 [pool-1-thread-2] DEBUG com.mnc.udp.UDPServer - UDP-Server: Message-35-92
21:20:57.262 [pool-1-thread-2] DEBUG com.mnc.udp.UDPServer - UDP-Server: Message-35-92 -> Message-35-92 (/127.0.0.1:49460)
21:20:57.262 [pool-1-thread-1] DEBUG com.mnc.udp.UDPServer - UDP-Server: Message-11-53
21:20:57.262 [pool-1-thread-1] DEBUG com.mnc.udp.UDPServer - UDP-Server: Message-11-53 -> Message-11-53 (/127.0.0.1:49436)
21:20:57.262 [pool-1-thread-5] DEBUG com.mnc.udp.UDPServer - UDP-Server: Message-43-42
21:20:57.262 [pool-1-thread-5] DEBUG com.mnc.udp.UDPServer - UDP-Server: Message-43-42 -> Message-43-42 (/127.0.0.1:49468)
21:20:57.262 [pool-1-thread-4] DEBUG com.mnc.udp.UDPServer - UDP-Server: Message-35-37
21:20:57.262 [pool-1-thread-3] DEBUG com.mnc.udp.UDPServer - UDP-Server: Message-11-54
21:20:57.262 [pool-1-thread-3] DEBUG com.mnc.udp.UDPServer - UDP-Server: Message-11-54 -> Message-11-54 (/127.0.0.1:49436)
21:20:57.262 [pool-1-thread-4] DEBUG com.mnc.udp.UDPServer - UDP-Server: Message-35-37 -> Message-35-37 (/127.0.0.1:49460)
21:20:57.262 [pool-1-thread-2] DEBUG com.mnc.udp.UDPServer - UDP-Server: Message-43-38
21:20:57.262 [pool-1-thread-2] DEBUG com.mnc.udp.UDPServer - UDP-Server: Message-43-38 -> Message-43-38 (/127.0.0.1:49468)
21:20:57.262 [pool-1-thread-1] DEBUG com.mnc.udp.UDPServer - UDP-Server: Message-11-55
21:20:57.262 [pool-1-thread-1] DEBUG com.mnc.udp.UDPServer - UDP-Server: Message-11-55 -> Message-11-55 (/127.0.0.1:49436)
21:20:57.262 [pool-1-thread-5] DEBUG com.mnc.udp.UDPServer - UDP-Server: Message-35-15
21:20:57.262 [pool-1-thread-5] DEBUG com.mnc.udp.UDPServer - UDP-Server: Message-35-15 -> Message-35-15 (/127.0.0.1:49460)
21:20:57.262 [pool-1-thread-3] DEBUG com.mnc.udp.UDPServer - UDP-Server: Message-43-39
21:20:57.262 [pool-1-thread-3] DEBUG com.mnc.udp.UDPServer - UDP-Server: Message-43-39 -> Message-43-39 (/127.0.0.1:49468)
21:20:57.262 [pool-1-thread-3] DEBUG com.mnc.udp.UDPServer - UDP-Server: Message-11-62
21:20:57.262 [pool-1-thread-3] DEBUG com.mnc.udp.UDPServer - UDP-Server: Message-11-62 -> Message-11-62 (/127.0.0.1:49436)
21:20:57.262 [pool-1-thread-2] DEBUG com.mnc.udp.UDPServer - UDP-Server: Message-35-16
21:20:57.262 [pool-1-thread-3] DEBUG com.mnc.udp.UDPServer - UDP-Server: Message-43-37
21:20:57.262 [pool-1-thread-3] DEBUG com.mnc.udp.UDPServer - UDP-Server: Message-43-37 -> Message-43-37 (/127.0.0.1:49468)
21:20:57.262 [pool-1-thread-2] DEBUG com.mnc.udp.UDPServer - UDP-Server: Message-35-16 -> Message-35-16 (/127.0.0.1:49460)
21:20:57.262 [pool-1-thread-5] DEBUG com.mnc.udp.UDPServer - UDP-Server: Message-11-52
21:20:57.262 [pool-1-thread-2] DEBUG com.mnc.udp.UDPServer - UDP-Server: Message-43-90
21:20:57.262 [pool-1-thread-5] DEBUG com.mnc.udp.UDPServer - UDP-Server: Message-11-52 -> Message-11-52 (/127.0.0.1:49436)
21:20:57.262 [pool-1-thread-2] DEBUG com.mnc.udp.UDPServer - UDP-Server: Message-43-90 -> Message-43-90 (/127.0.0.1:49468)
21:20:57.262 [pool-1-thread-5] DEBUG com.mnc.udp.UDPServer - UDP-Server: Message-35-17
21:20:57.262 [pool-1-thread-5] DEBUG com.mnc.udp.UDPServer - UDP-Server: Message-35-17 -> Message-35-17 (/127.0.0.1:49460)
21:20:57.263 [pool-1-thread-3] DEBUG com.mnc.udp.UDPServer - UDP-Server: Message-43-91
21:20:57.263 [pool-1-thread-3] DEBUG com.mnc.udp.UDPServer - UDP-Server: Message-43-91 -> Message-43-91 (/127.0.0.1:49468)
21:20:57.263 [pool-1-thread-1] DEBUG com.mnc.udp.UDPServer - UDP-Server: Message-35-88
21:20:57.263 [pool-1-thread-1] DEBUG com.mnc.udp.UDPServer - UDP-Server: Message-35-88 -> Message-35-88 (/127.0.0.1:49460)
21:20:57.263 [pool-1-thread-4] DEBUG com.mnc.udp.UDPServer - UDP-Server: Message-11-23
21:20:57.263 [pool-1-thread-4] DEBUG com.mnc.udp.UDPServer - UDP-Server: Message-11-23 -> Message-11-23 (/127.0.0.1:49436)
21:20:57.263 [pool-1-thread-4] DEBUG com.mnc.udp.UDPServer - UDP-Server: Message-43-92
21:20:57.263 [pool-1-thread-5] DEBUG com.mnc.udp.UDPServer - UDP-Server: Message-35-89
21:20:57.263 [pool-1-thread-5] DEBUG com.mnc.udp.UDPServer - UDP-Server: Message-35-89 -> Message-35-89 (/127.0.0.1:49460)
21:20:57.263 [pool-1-thread-3] DEBUG com.mnc.udp.UDPServer - UDP-Server: Message-11-24
21:20:57.263 [pool-1-thread-4] DEBUG com.mnc.udp.UDPServer - UDP-Server: Message-43-92 -> Message-43-92 (/127.0.0.1:49468)
21:20:57.263 [pool-1-thread-3] DEBUG com.mnc.udp.UDPServer - UDP-Server: Message-11-24 -> Message-11-24 (/127.0.0.1:49436)
21:20:57.263 [pool-1-thread-1] DEBUG com.mnc.udp.UDPServer - UDP-Server: Message-35-87
21:20:57.263 [pool-1-thread-1] DEBUG com.mnc.udp.UDPServer - UDP-Server: Message-35-87 -> Message-35-87 (/127.0.0.1:49460)
21:20:57.263 [pool-1-thread-2] DEBUG com.mnc.udp.UDPServer - UDP-Server: Message-43-88
21:20:57.263 [pool-1-thread-2] DEBUG com.mnc.udp.UDPServer - UDP-Server: Message-43-88 -> Message-43-88 (/127.0.0.1:49468)
21:20:57.263 [pool-1-thread-5] DEBUG com.mnc.udp.UDPServer - UDP-Server: Message-11-18
21:20:57.263 [pool-1-thread-5] DEBUG com.mnc.udp.UDPServer - UDP-Server: Message-11-18 -> Message-11-18 (/127.0.0.1:49436)
21:20:57.263 [pool-1-thread-4] DEBUG com.mnc.udp.UDPServer - UDP-Server: Message-35-57
21:20:57.263 [pool-1-thread-4] DEBUG com.mnc.udp.UDPServer - UDP-Server: Message-35-57 -> Message-35-57 (/127.0.0.1:49460)
21:20:57.263 [pool-1-thread-3] DEBUG com.mnc.udp.UDPServer - UDP-Server: Message-43-89
21:20:57.263 [pool-1-thread-1] DEBUG com.mnc.udp.UDPServer - UDP-Server: Message-11-79
21:20:57.263 [pool-1-thread-1] DEBUG com.mnc.udp.UDPServer - UDP-Server: Message-11-79 -> Message-11-79 (/127.0.0.1:49436)
21:20:57.263 [pool-1-thread-2] DEBUG com.mnc.udp.UDPServer - UDP-Server: Message-35-58
21:20:57.263 [pool-1-thread-2] DEBUG com.mnc.udp.UDPServer - UDP-Server: Message-35-58 -> Message-35-58 (/127.0.0.1:49460)
21:20:57.263 [pool-1-thread-3] DEBUG com.mnc.udp.UDPServer - UDP-Server: Message-43-89 -> Message-43-89 (/127.0.0.1:49468)
21:20:57.263 [pool-1-thread-5] DEBUG com.mnc.udp.UDPServer - UDP-Server: Message-11-80
21:20:57.263 [pool-1-thread-5] DEBUG com.mnc.udp.UDPServer - UDP-Server: Message-11-80 -> Message-11-80 (/127.0.0.1:49436)
21:20:57.263 [pool-1-thread-5] DEBUG com.mnc.udp.UDPServer - UDP-Server: Message-35-59
21:20:57.263 [pool-1-thread-5] DEBUG com.mnc.udp.UDPServer - UDP-Server: Message-35-59 -> Message-35-59 (/127.0.0.1:49460)
21:20:57.263 [pool-1-thread-4] DEBUG com.mnc.udp.UDPServer - UDP-Server: Message-43-87
21:20:57.263 [pool-1-thread-4] DEBUG com.mnc.udp.UDPServer - UDP-Server: Message-43-87 -> Message-43-87 (/127.0.0.1:49468)
21:20:57.263 [pool-1-thread-2] DEBUG com.mnc.udp.UDPServer - UDP-Server: Message-11-75
21:20:57.263 [pool-1-thread-2] DEBUG com.mnc.udp.UDPServer - UDP-Server: Message-11-75 -> Message-11-75 (/127.0.0.1:49436)
21:20:57.263 [pool-1-thread-3] DEBUG com.mnc.udp.UDPServer - UDP-Server: Message-35-71
21:20:57.263 [pool-1-thread-3] DEBUG com.mnc.udp.UDPServer - UDP-Server: Message-35-71 -> Message-35-71 (/127.0.0.1:49460)
21:20:57.263 [pool-1-thread-1] DEBUG com.mnc.udp.UDPServer - UDP-Server: Message-43-96
21:20:57.263 [pool-1-thread-1] DEBUG com.mnc.udp.UDPServer - UDP-Server: Message-43-96 -> Message-43-96 (/127.0.0.1:49468)
21:20:57.263 [pool-1-thread-5] DEBUG com.mnc.udp.UDPServer - UDP-Server: Message-35-72
21:20:57.263 [pool-1-thread-4] DEBUG com.mnc.udp.UDPServer - UDP-Server: Message-43-97
21:20:57.263 [pool-1-thread-5] DEBUG com.mnc.udp.UDPServer - UDP-Server: Message-35-72 -> Message-35-72 (/127.0.0.1:49460)
21:20:57.263 [pool-1-thread-4] DEBUG com.mnc.udp.UDPServer - UDP-Server: Message-43-97 -> Message-43-97 (/127.0.0.1:49468)
21:20:57.263 [pool-1-thread-2] DEBUG com.mnc.udp.UDPServer - UDP-Server: Message-35-73
21:20:57.263 [pool-1-thread-2] DEBUG com.mnc.udp.UDPServer - UDP-Server: Message-35-73 -> Message-35-73 (/127.0.0.1:49460)
21:20:57.263 [pool-1-thread-3] DEBUG com.mnc.udp.UDPServer - UDP-Server: Message-43-98
21:20:57.263 [pool-1-thread-3] DEBUG com.mnc.udp.UDPServer - UDP-Server: Message-43-98 -> Message-43-98 (/127.0.0.1:49468)
21:20:57.263 [pool-1-thread-1] DEBUG com.mnc.udp.UDPServer - UDP-Server: Message-35-74
21:20:57.263 [pool-1-thread-1] DEBUG com.mnc.udp.UDPServer - UDP-Server: Message-35-74 -> Message-35-74 (/127.0.0.1:49460)
21:20:57.263 [pool-1-thread-1] DEBUG com.mnc.udp.UDPServer - UDP-Server: Message-43-99
21:20:57.264 [pool-1-thread-1] DEBUG com.mnc.udp.UDPServer - UDP-Server: Message-43-99 -> Message-43-99 (/127.0.0.1:49468)
21:20:57.264 [pool-1-thread-4] DEBUG com.mnc.udp.UDPServer - UDP-Server: Message-35-69
21:20:57.264 [pool-1-thread-2] DEBUG com.mnc.udp.UDPServer - UDP-Server: Message-43-15
21:20:57.264 [pool-1-thread-2] DEBUG com.mnc.udp.UDPServer - UDP-Server: Message-43-15 -> Message-43-15 (/127.0.0.1:49468)
21:20:57.264 [pool-1-thread-4] DEBUG com.mnc.udp.UDPServer - UDP-Server: Message-35-69 -> Message-35-69 (/127.0.0.1:49460)
21:20:57.264 [pool-1-thread-3] DEBUG com.mnc.udp.UDPServer - UDP-Server: Message-43-94
21:20:57.264 [pool-1-thread-3] DEBUG com.mnc.udp.UDPServer - UDP-Server: Message-43-94 -> Message-43-94 (/127.0.0.1:49468)
21:20:57.264 [pool-1-thread-5] DEBUG com.mnc.udp.UDPServer - UDP-Server: Message-35-70
21:20:57.264 [pool-1-thread-5] DEBUG com.mnc.udp.UDPServer - UDP-Server: Message-35-70 -> Message-35-70 (/127.0.0.1:49460)
21:20:57.264 [pool-1-thread-1] DEBUG com.mnc.udp.UDPServer - UDP-Server: Message-43-95
21:20:57.264 [pool-1-thread-1] DEBUG com.mnc.udp.UDPServer - UDP-Server: Message-43-95 -> Message-43-95 (/127.0.0.1:49468)
21:20:57.264 [pool-1-thread-1] DEBUG com.mnc.udp.UDPServer - UDP-Server: Message-35-68
21:20:57.264 [pool-1-thread-1] DEBUG com.mnc.udp.UDPServer - UDP-Server: Message-35-68 -> Message-35-68 (/127.0.0.1:49460)
21:20:57.264 [pool-1-thread-3] DEBUG com.mnc.udp.UDPServer - UDP-Server: Message-35-96
21:20:57.264 [pool-1-thread-4] DEBUG com.mnc.udp.UDPServer - UDP-Server: Message-43-93
21:20:57.264 [pool-1-thread-3] DEBUG com.mnc.udp.UDPServer - UDP-Server: Message-35-96 -> Message-35-96 (/127.0.0.1:49460)
21:20:57.264 [pool-1-thread-4] DEBUG com.mnc.udp.UDPServer - UDP-Server: Message-43-93 -> Message-43-93 (/127.0.0.1:49468)
21:20:57.264 [pool-1-thread-5] DEBUG com.mnc.udp.UDPServer - UDP-Server: Message-35-97
21:20:57.264 [pool-1-thread-5] DEBUG com.mnc.udp.UDPServer - UDP-Server: Message-35-97 -> Message-35-97 (/127.0.0.1:49460)
21:20:57.264 [pool-1-thread-2] DEBUG com.mnc.udp.UDPServer - UDP-Server: Message-43-16
21:20:57.264 [pool-1-thread-2] DEBUG com.mnc.udp.UDPServer - UDP-Server: Message-43-16 -> Message-43-16 (/127.0.0.1:49468)
21:20:57.264 [pool-1-thread-1] DEBUG com.mnc.udp.UDPServer - UDP-Server: Message-35-98
21:20:57.264 [pool-1-thread-1] DEBUG com.mnc.udp.UDPServer - UDP-Server: Message-35-98 -> Message-35-98 (/127.0.0.1:49460)
21:20:57.264 [pool-1-thread-3] DEBUG com.mnc.udp.UDPServer - UDP-Server: Message-43-17
21:20:57.264 [pool-1-thread-3] DEBUG com.mnc.udp.UDPServer - UDP-Server: Message-43-17 -> Message-43-17 (/127.0.0.1:49468)
21:20:57.264 [pool-1-thread-4] DEBUG com.mnc.udp.UDPServer - UDP-Server: Message-35-99
21:20:57.264 [pool-1-thread-4] DEBUG com.mnc.udp.UDPServer - UDP-Server: Message-35-99 -> Message-35-99 (/127.0.0.1:49460)
21:20:57.264 [pool-1-thread-5] DEBUG com.mnc.udp.UDPServer - UDP-Server: Message-43-13
21:20:57.264 [pool-1-thread-2] DEBUG com.mnc.udp.UDPServer - UDP-Server: Message-35-60
21:20:57.264 [pool-1-thread-2] DEBUG com.mnc.udp.UDPServer - UDP-Server: Message-35-60 -> Message-35-60 (/127.0.0.1:49460)
21:20:57.264 [pool-1-thread-5] DEBUG com.mnc.udp.UDPServer - UDP-Server: Message-43-13 -> Message-43-13 (/127.0.0.1:49468)
21:20:57.264 [pool-1-thread-1] DEBUG com.mnc.udp.UDPServer - UDP-Server: Message-35-61
21:20:57.264 [pool-1-thread-3] DEBUG com.mnc.udp.UDPServer - UDP-Server: Message-43-14
21:20:57.264 [pool-1-thread-3] DEBUG com.mnc.udp.UDPServer - UDP-Server: Message-43-14 -> Message-43-14 (/127.0.0.1:49468)
21:20:57.264 [pool-1-thread-1] DEBUG com.mnc.udp.UDPServer - UDP-Server: Message-35-61 -> Message-35-61 (/127.0.0.1:49460)
21:20:57.265 [pool-1-thread-4] DEBUG com.mnc.udp.UDPServer - UDP-Server: Message-43-12
21:20:57.265 [pool-1-thread-4] DEBUG com.mnc.udp.UDPServer - UDP-Server: Message-43-12 -> Message-43-12 (/127.0.0.1:49468)
21:20:57.265 [pool-1-thread-2] DEBUG com.mnc.udp.UDPServer - UDP-Server: Message-35-13
21:20:57.265 [pool-1-thread-2] DEBUG com.mnc.udp.UDPServer - UDP-Server: Message-35-13 -> Message-35-13 (/127.0.0.1:49460)
21:20:57.265 [pool-1-thread-5] DEBUG com.mnc.udp.UDPServer - UDP-Server: Message-43-21
21:20:57.265 [pool-1-thread-5] DEBUG com.mnc.udp.UDPServer - UDP-Server: Message-43-21 -> Message-43-21 (/127.0.0.1:49468)
21:20:57.265 [pool-1-thread-3] DEBUG com.mnc.udp.UDPServer - UDP-Server: Message-35-14
21:20:57.265 [pool-1-thread-3] DEBUG com.mnc.udp.UDPServer - UDP-Server: Message-35-14 -> Message-35-14 (/127.0.0.1:49460)
21:20:57.265 [pool-1-thread-1] DEBUG com.mnc.udp.UDPServer - UDP-Server: Message-43-22
21:20:57.265 [pool-1-thread-1] DEBUG com.mnc.udp.UDPServer - UDP-Server: Message-43-22 -> Message-43-22 (/127.0.0.1:49468)
21:20:57.265 [pool-1-thread-4] DEBUG com.mnc.udp.UDPServer - UDP-Server: Message-35-51
21:20:57.265 [pool-1-thread-4] DEBUG com.mnc.udp.UDPServer - UDP-Server: Message-35-51 -> Message-35-51 (/127.0.0.1:49460)
21:20:57.265 [pool-1-thread-2] DEBUG com.mnc.udp.UDPServer - UDP-Server: Message-43-23
21:20:57.265 [pool-1-thread-5] DEBUG com.mnc.udp.UDPServer - UDP-Server: Message-35-52
21:20:57.265 [pool-1-thread-2] DEBUG com.mnc.udp.UDPServer - UDP-Server: Message-43-23 -> Message-43-23 (/127.0.0.1:49468)
21:20:57.265 [pool-1-thread-5] DEBUG com.mnc.udp.UDPServer - UDP-Server: Message-35-52 -> Message-35-52 (/127.0.0.1:49460)
21:20:57.265 [pool-1-thread-3] DEBUG com.mnc.udp.UDPServer - UDP-Server: Message-43-24
21:20:57.265 [pool-1-thread-3] DEBUG com.mnc.udp.UDPServer - UDP-Server: Message-43-24 -> Message-43-24 (/127.0.0.1:49468)
21:20:57.265 [pool-1-thread-3] DEBUG com.mnc.udp.UDPServer - UDP-Server: Message-35-53
21:20:57.265 [pool-1-thread-3] DEBUG com.mnc.udp.UDPServer - UDP-Server: Message-35-53 -> Message-35-53 (/127.0.0.1:49460)
21:20:57.265 [pool-1-thread-4] DEBUG com.mnc.udp.UDPServer - UDP-Server: Message-43-82
21:20:57.265 [pool-1-thread-4] DEBUG com.mnc.udp.UDPServer - UDP-Server: Message-43-82 -> Message-43-82 (/127.0.0.1:49468)
21:20:57.265 [pool-1-thread-2] DEBUG com.mnc.udp.UDPServer - UDP-Server: Message-35-54
21:20:57.265 [pool-1-thread-2] DEBUG com.mnc.udp.UDPServer - UDP-Server: Message-35-54 -> Message-35-54 (/127.0.0.1:49460)
21:20:57.265 [pool-1-thread-5] DEBUG com.mnc.udp.UDPServer - UDP-Server: Message-43-83
21:20:57.265 [pool-1-thread-5] DEBUG com.mnc.udp.UDPServer - UDP-Server: Message-43-83 -> Message-43-83 (/127.0.0.1:49468)
21:20:57.265 [pool-1-thread-1] DEBUG com.mnc.udp.UDPServer - UDP-Server: Message-35-55
21:20:57.265 [pool-1-thread-1] DEBUG com.mnc.udp.UDPServer - UDP-Server: Message-35-55 -> Message-35-55 (/127.0.0.1:49460)
21:20:57.265 [pool-1-thread-3] DEBUG com.mnc.udp.UDPServer - UDP-Server: Message-43-81
21:20:57.265 [pool-1-thread-3] DEBUG com.mnc.udp.UDPServer - UDP-Server: Message-43-81 -> Message-43-81 (/127.0.0.1:49468)
21:20:57.265 [pool-1-thread-3] DEBUG com.mnc.udp.UDPServer - UDP-Server: Message-35-12
21:20:57.265 [pool-1-thread-3] DEBUG com.mnc.udp.UDPServer - UDP-Server: Message-35-12 -> Message-35-12 (/127.0.0.1:49460)
21:20:57.265 [pool-1-thread-2] DEBUG com.mnc.udp.UDPServer - UDP-Server: Message-43-85
21:20:57.265 [pool-1-thread-5] DEBUG com.mnc.udp.UDPServer - UDP-Server: Message-35-21
21:20:57.265 [pool-1-thread-5] DEBUG com.mnc.udp.UDPServer - UDP-Server: Message-35-21 -> Message-35-21 (/127.0.0.1:49460)
21:20:57.265 [pool-1-thread-2] DEBUG com.mnc.udp.UDPServer - UDP-Server: Message-43-85 -> Message-43-85 (/127.0.0.1:49468)
21:20:57.266 [pool-1-thread-1] DEBUG com.mnc.udp.UDPServer - UDP-Server: Message-35-22
21:20:57.266 [pool-1-thread-1] DEBUG com.mnc.udp.UDPServer - UDP-Server: Message-35-22 -> Message-35-22 (/127.0.0.1:49460)
21:20:57.266 [pool-1-thread-4] DEBUG com.mnc.udp.UDPServer - UDP-Server: Message-43-86
21:20:57.266 [pool-1-thread-4] DEBUG com.mnc.udp.UDPServer - UDP-Server: Message-43-86 -> Message-43-86 (/127.0.0.1:49468)
21:20:57.266 [pool-1-thread-3] DEBUG com.mnc.udp.UDPServer - UDP-Server: Message-35-23
21:20:57.266 [pool-1-thread-3] DEBUG com.mnc.udp.UDPServer - UDP-Server: Message-35-23 -> Message-35-23 (/127.0.0.1:49460)
21:20:57.266 [pool-1-thread-5] DEBUG com.mnc.udp.UDPServer - UDP-Server: Message-43-84
21:20:57.266 [pool-1-thread-5] DEBUG com.mnc.udp.UDPServer - UDP-Server: Message-43-84 -> Message-43-84 (/127.0.0.1:49468)
21:20:57.266 [pool-1-thread-2] DEBUG com.mnc.udp.UDPServer - UDP-Server: Message-35-24
21:20:57.266 [pool-1-thread-2] DEBUG com.mnc.udp.UDPServer - UDP-Server: Message-35-24 -> Message-35-24 (/127.0.0.1:49460)
21:20:57.266 [pool-1-thread-1] DEBUG com.mnc.udp.UDPServer - UDP-Server: Message-43-7
21:20:57.266 [pool-1-thread-1] DEBUG com.mnc.udp.UDPServer - UDP-Server: Message-43-7 -> Message-43-7 (/127.0.0.1:49468)
21:20:57.266 [pool-1-thread-4] DEBUG com.mnc.udp.UDPServer - UDP-Server: Message-43-8
21:20:57.266 [pool-1-thread-4] DEBUG com.mnc.udp.UDPServer - UDP-Server: Message-43-8 -> Message-43-8 (/127.0.0.1:49468)
21:20:57.266 [pool-1-thread-3] DEBUG com.mnc.udp.UDPServer - UDP-Server: Message-35-19
21:20:57.266 [pool-1-thread-3] DEBUG com.mnc.udp.UDPServer - UDP-Server: Message-35-19 -> Message-35-19 (/127.0.0.1:49460)
21:20:57.266 [pool-1-thread-5] DEBUG com.mnc.udp.UDPServer - UDP-Server: Message-43-6
21:20:57.266 [pool-1-thread-5] DEBUG com.mnc.udp.UDPServer - UDP-Server: Message-43-6 -> Message-43-6 (/127.0.0.1:49468)
21:20:57.266 [pool-1-thread-2] DEBUG com.mnc.udp.UDPServer - UDP-Server: Message-35-20
21:20:57.266 [pool-1-thread-2] DEBUG com.mnc.udp.UDPServer - UDP-Server: Message-35-20 -> Message-35-20 (/127.0.0.1:49460)
21:20:57.266 [pool-1-thread-1] DEBUG com.mnc.udp.UDPServer - UDP-Server: Message-43-10
21:20:57.266 [pool-1-thread-1] DEBUG com.mnc.udp.UDPServer - UDP-Server: Message-43-10 -> Message-43-10 (/127.0.0.1:49468)
21:20:57.266 [pool-1-thread-4] DEBUG com.mnc.udp.UDPServer - UDP-Server: Message-35-18
21:20:57.266 [pool-1-thread-4] DEBUG com.mnc.udp.UDPServer - UDP-Server: Message-35-18 -> Message-35-18 (/127.0.0.1:49460)
21:20:57.266 [pool-1-thread-3] DEBUG com.mnc.udp.UDPServer - UDP-Server: Message-43-11
21:20:57.266 [pool-1-thread-3] DEBUG com.mnc.udp.UDPServer - UDP-Server: Message-43-11 -> Message-43-11 (/127.0.0.1:49468)
21:20:57.266 [pool-1-thread-5] DEBUG com.mnc.udp.UDPServer - UDP-Server: Message-35-50
21:20:57.266 [pool-1-thread-5] DEBUG com.mnc.udp.UDPServer - UDP-Server: Message-35-50 -> Message-35-50 (/127.0.0.1:49460)
21:20:57.266 [pool-1-thread-2] DEBUG com.mnc.udp.UDPServer - UDP-Server: Message-43-9
21:20:57.266 [pool-1-thread-2] DEBUG com.mnc.udp.UDPServer - UDP-Server: Message-43-9 -> Message-43-9 (/127.0.0.1:49468)
21:20:57.266 [pool-1-thread-1] DEBUG com.mnc.udp.UDPServer - UDP-Server: Message-35-94
21:20:57.266 [pool-1-thread-1] DEBUG com.mnc.udp.UDPServer - UDP-Server: Message-35-94 -> Message-35-94 (/127.0.0.1:49460)
21:20:57.266 [pool-1-thread-4] DEBUG com.mnc.udp.UDPServer - UDP-Server: Message-43-18
21:20:57.266 [pool-1-thread-4] DEBUG com.mnc.udp.UDPServer - UDP-Server: Message-43-18 -> Message-43-18 (/127.0.0.1:49468)
21:20:57.266 [pool-1-thread-4] DEBUG com.mnc.udp.UDPServer - UDP-Server: Message-35-95
21:20:57.266 [pool-1-thread-4] DEBUG com.mnc.udp.UDPServer - UDP-Server: Message-35-95 -> Message-35-95 (/127.0.0.1:49460)
21:20:57.266 [pool-1-thread-5] DEBUG com.mnc.udp.UDPServer - UDP-Server: Message-43-76
21:20:57.267 [pool-1-thread-5] DEBUG com.mnc.udp.UDPServer - UDP-Server: Message-43-76 -> Message-43-76 (/127.0.0.1:49468)
21:20:57.267 [pool-1-thread-2] DEBUG com.mnc.udp.UDPServer - UDP-Server: Message-35-93
21:20:57.267 [pool-1-thread-2] DEBUG com.mnc.udp.UDPServer - UDP-Server: Message-35-93 -> Message-35-93 (/127.0.0.1:49460)
21:20:57.267 [pool-1-thread-1] DEBUG com.mnc.udp.UDPServer - UDP-Server: Message-43-77
21:20:57.267 [pool-1-thread-1] DEBUG com.mnc.udp.UDPServer - UDP-Server: Message-43-77 -> Message-43-77 (/127.0.0.1:49468)
21:20:57.267 [pool-1-thread-1] DEBUG com.mnc.udp.UDPServer - UDP-Server: Message-35-66
21:20:57.267 [pool-1-thread-1] DEBUG com.mnc.udp.UDPServer - UDP-Server: Message-35-66 -> Message-35-66 (/127.0.0.1:49460)
21:20:57.267 [pool-1-thread-1] DEBUG com.mnc.udp.UDPServer - UDP-Server: Message-43-75
21:20:57.267 [pool-1-thread-1] DEBUG com.mnc.udp.UDPServer - UDP-Server: Message-43-75 -> Message-43-75 (/127.0.0.1:49468)
21:20:57.267 [pool-1-thread-5] DEBUG com.mnc.udp.UDPServer - UDP-Server: Message-35-67
21:20:57.267 [pool-1-thread-5] DEBUG com.mnc.udp.UDPServer - UDP-Server: Message-35-67 -> Message-35-67 (/127.0.0.1:49460)
21:20:57.267 [pool-1-thread-2] DEBUG com.mnc.udp.UDPServer - UDP-Server: Message-43-79
21:20:57.267 [pool-1-thread-2] DEBUG com.mnc.udp.UDPServer - UDP-Server: Message-43-79 -> Message-43-79 (/127.0.0.1:49468)
21:20:57.267 [pool-1-thread-3] DEBUG com.mnc.udp.UDPServer - UDP-Server: Message-20-32
21:20:57.267 [pool-1-thread-4] DEBUG com.mnc.udp.UDPServer - UDP-Server: Message-35-63
21:20:57.267 [pool-1-thread-3] DEBUG com.mnc.udp.UDPServer - UDP-Server: Message-20-32 -> Message-20-32 (/127.0.0.1:49445)
21:20:57.267 [pool-1-thread-1] DEBUG com.mnc.udp.UDPServer - UDP-Server: Message-43-80
21:20:57.267 [pool-1-thread-1] DEBUG com.mnc.udp.UDPServer - UDP-Server: Message-43-80 -> Message-43-80 (/127.0.0.1:49468)
21:20:57.267 [pool-1-thread-4] DEBUG com.mnc.udp.UDPServer - UDP-Server: Message-35-63 -> Message-35-63 (/127.0.0.1:49460)
21:20:57.267 [pool-1-thread-1] DEBUG com.mnc.udp.UDPServer - UDP-Server: Message-20-33
21:20:57.267 [pool-1-thread-1] DEBUG com.mnc.udp.UDPServer - UDP-Server: Message-20-33 -> Message-20-33 (/127.0.0.1:49445)
21:20:57.267 [pool-1-thread-2] DEBUG com.mnc.udp.UDPServer - UDP-Server: Message-35-62
21:20:57.267 [pool-1-thread-3] DEBUG com.mnc.udp.UDPServer - UDP-Server: Message-43-19
21:20:57.267 [pool-1-thread-2] DEBUG com.mnc.udp.UDPServer - UDP-Server: Message-35-62 -> Message-35-62 (/127.0.0.1:49460)
21:20:57.267 [pool-1-thread-5] DEBUG com.mnc.udp.UDPServer - UDP-Server: Message-20-31
21:20:57.267 [pool-1-thread-5] DEBUG com.mnc.udp.UDPServer - UDP-Server: Message-20-31 -> Message-20-31 (/127.0.0.1:49445)
21:20:57.267 [pool-1-thread-3] DEBUG com.mnc.udp.UDPServer - UDP-Server: Message-43-19 -> Message-43-19 (/127.0.0.1:49468)
21:20:57.267 [pool-1-thread-4] DEBUG com.mnc.udp.UDPServer - UDP-Server: Message-35-78
21:20:57.267 [pool-1-thread-2] DEBUG com.mnc.udp.UDPServer - UDP-Server: Message-43-20
21:20:57.267 [pool-1-thread-1] DEBUG com.mnc.udp.UDPServer - UDP-Server: Message-20-35
21:20:57.267 [pool-1-thread-1] DEBUG com.mnc.udp.UDPServer - UDP-Server: Message-20-35 -> Message-20-35 (/127.0.0.1:49445)
21:20:57.267 [pool-1-thread-2] DEBUG com.mnc.udp.UDPServer - UDP-Server: Message-43-20 -> Message-43-20 (/127.0.0.1:49468)
21:20:57.267 [pool-1-thread-4] DEBUG com.mnc.udp.UDPServer - UDP-Server: Message-35-78 -> Message-35-78 (/127.0.0.1:49460)
21:20:57.267 [pool-1-thread-5] DEBUG com.mnc.udp.UDPServer - UDP-Server: Message-20-36
21:20:57.267 [pool-1-thread-3] DEBUG com.mnc.udp.UDPServer - UDP-Server: Message-43-1
21:20:57.267 [pool-1-thread-3] DEBUG com.mnc.udp.UDPServer - UDP-Server: Message-43-1 -> Message-43-1 (/127.0.0.1:49468)
21:20:57.267 [pool-1-thread-5] DEBUG com.mnc.udp.UDPServer - UDP-Server: Message-20-36 -> Message-20-36 (/127.0.0.1:49445)
21:20:57.267 [pool-1-thread-1] DEBUG com.mnc.udp.UDPServer - UDP-Server: Message-35-79
21:20:57.267 [pool-1-thread-1] DEBUG com.mnc.udp.UDPServer - UDP-Server: Message-35-79 -> Message-35-79 (/127.0.0.1:49460)
21:20:57.267 [pool-1-thread-1] DEBUG com.mnc.udp.UDPServer - UDP-Server: Message-43-2
21:20:57.267 [pool-1-thread-4] DEBUG com.mnc.udp.UDPServer - UDP-Server: Message-20-15
21:20:57.267 [pool-1-thread-1] DEBUG com.mnc.udp.UDPServer - UDP-Server: Message-43-2 -> Message-43-2 (/127.0.0.1:49468)
21:20:57.267 [pool-1-thread-4] DEBUG com.mnc.udp.UDPServer - UDP-Server: Message-20-15 -> Message-20-15 (/127.0.0.1:49445)
21:20:57.267 [pool-1-thread-1] DEBUG com.mnc.udp.UDPServer - UDP-Server: Message-35-80
21:20:57.267 [pool-1-thread-1] DEBUG com.mnc.udp.UDPServer - UDP-Server: Message-35-80 -> Message-35-80 (/127.0.0.1:49460)
21:20:57.267 [pool-1-thread-1] DEBUG com.mnc.udp.UDPServer - UDP-Server: Message-43-0
21:20:57.268 [pool-1-thread-2] DEBUG com.mnc.udp.UDPServer - UDP-Server: Message-20-16
21:20:57.268 [pool-1-thread-1] DEBUG com.mnc.udp.UDPServer - UDP-Server: Message-43-0 -> Message-43-0 (/127.0.0.1:49468)
21:20:57.268 [pool-1-thread-3] DEBUG com.mnc.udp.UDPServer - UDP-Server: Message-35-82
21:20:57.268 [pool-1-thread-2] DEBUG com.mnc.udp.UDPServer - UDP-Server: Message-20-16 -> Message-20-16 (/127.0.0.1:49445)
21:20:57.268 [pool-1-thread-3] DEBUG com.mnc.udp.UDPServer - UDP-Server: Message-35-82 -> Message-35-82 (/127.0.0.1:49460)
21:20:57.268 [pool-1-thread-4] DEBUG com.mnc.udp.UDPServer - UDP-Server: Message-43-4
21:20:57.268 [pool-1-thread-5] DEBUG com.mnc.udp.UDPServer - UDP-Server: Message-20-17
21:20:57.268 [pool-1-thread-1] DEBUG com.mnc.udp.UDPServer - UDP-Server: Message-35-83
21:20:57.268 [pool-1-thread-4] DEBUG com.mnc.udp.UDPServer - UDP-Server: Message-43-4 -> Message-43-4 (/127.0.0.1:49468)
21:20:57.268 [pool-1-thread-5] DEBUG com.mnc.udp.UDPServer - UDP-Server: Message-20-17 -> Message-20-17 (/127.0.0.1:49445)
21:20:57.268 [pool-1-thread-1] DEBUG com.mnc.udp.UDPServer - UDP-Server: Message-35-83 -> Message-35-83 (/127.0.0.1:49460)
21:20:57.268 [pool-1-thread-2] DEBUG com.mnc.udp.UDPServer - UDP-Server: Message-43-5
21:20:57.268 [pool-1-thread-2] DEBUG com.mnc.udp.UDPServer - UDP-Server: Message-43-5 -> Message-43-5 (/127.0.0.1:49468)
21:20:57.268 [pool-1-thread-3] DEBUG com.mnc.udp.UDPServer - UDP-Server: Message-20-13
21:20:57.268 [pool-1-thread-3] DEBUG com.mnc.udp.UDPServer - UDP-Server: Message-20-13 -> Message-20-13 (/127.0.0.1:49445)
21:20:57.268 [pool-1-thread-2] DEBUG com.mnc.udp.UDPServer - UDP-Server: Message-35-81
21:20:57.268 [pool-1-thread-2] DEBUG com.mnc.udp.UDPServer - UDP-Server: Message-35-81 -> Message-35-81 (/127.0.0.1:49460)
21:20:57.268 [pool-1-thread-2] DEBUG com.mnc.udp.UDPServer - UDP-Server: Message-43-78
21:20:57.268 [pool-1-thread-2] DEBUG com.mnc.udp.UDPServer - UDP-Server: Message-43-78 -> Message-43-78 (/127.0.0.1:49468)
21:20:57.268 [pool-1-thread-1] DEBUG com.mnc.udp.UDPServer - UDP-Server: Message-20-14
21:20:57.268 [pool-1-thread-1] DEBUG com.mnc.udp.UDPServer - UDP-Server: Message-20-14 -> Message-20-14 (/127.0.0.1:49445)
21:20:57.268 [pool-1-thread-4] DEBUG com.mnc.udp.UDPServer - UDP-Server: Message-35-56
21:20:57.268 [pool-1-thread-3] DEBUG com.mnc.udp.UDPServer - UDP-Server: Message-43-57
21:20:57.268 [pool-1-thread-4] DEBUG com.mnc.udp.UDPServer - UDP-Server: Message-35-56 -> Message-35-56 (/127.0.0.1:49460)
21:20:57.268 [pool-1-thread-3] DEBUG com.mnc.udp.UDPServer - UDP-Server: Message-43-57 -> Message-43-57 (/127.0.0.1:49468)
21:20:57.268 [pool-1-thread-5] DEBUG com.mnc.udp.UDPServer - UDP-Server: Message-20-12
21:20:57.268 [pool-1-thread-5] DEBUG com.mnc.udp.UDPServer - UDP-Server: Message-20-12 -> Message-20-12 (/127.0.0.1:49445)
21:20:57.268 [pool-1-thread-5] DEBUG com.mnc.udp.UDPServer - UDP-Server: Message-35-85
21:20:57.268 [pool-1-thread-5] DEBUG com.mnc.udp.UDPServer - UDP-Server: Message-35-85 -> Message-35-85 (/127.0.0.1:49460)
21:20:57.268 [pool-1-thread-2] DEBUG com.mnc.udp.UDPServer - UDP-Server: Message-43-58
21:20:57.268 [pool-1-thread-2] DEBUG com.mnc.udp.UDPServer - UDP-Server: Message-43-58 -> Message-43-58 (/127.0.0.1:49468)
21:20:57.268 [pool-1-thread-4] DEBUG com.mnc.udp.UDPServer - UDP-Server: Message-20-21
21:20:57.268 [pool-1-thread-2] DEBUG com.mnc.udp.UDPServer - UDP-Server: Message-35-76
21:20:57.268 [pool-1-thread-4] DEBUG com.mnc.udp.UDPServer - UDP-Server: Message-20-21 -> Message-20-21 (/127.0.0.1:49445)
21:20:57.268 [pool-1-thread-2] DEBUG com.mnc.udp.UDPServer - UDP-Server: Message-35-76 -> Message-35-76 (/127.0.0.1:49460)
21:20:57.268 [pool-1-thread-5] DEBUG com.mnc.udp.UDPServer - UDP-Server: Message-43-56
21:20:57.268 [pool-1-thread-5] DEBUG com.mnc.udp.UDPServer - UDP-Server: Message-43-56 -> Message-43-56 (/127.0.0.1:49468)
21:20:57.268 [pool-1-thread-1] DEBUG com.mnc.udp.UDPServer - UDP-Server: Message-20-22
21:20:57.268 [pool-1-thread-1] DEBUG com.mnc.udp.UDPServer - UDP-Server: Message-20-22 -> Message-20-22 (/127.0.0.1:49445)
21:20:57.268 [pool-1-thread-5] DEBUG com.mnc.udp.UDPServer - UDP-Server: Message-35-77
21:20:57.268 [pool-1-thread-5] DEBUG com.mnc.udp.UDPServer - UDP-Server: Message-35-77 -> Message-35-77 (/127.0.0.1:49460)
21:20:57.268 [pool-1-thread-4] DEBUG com.mnc.udp.UDPServer - UDP-Server: Message-43-60
21:20:57.268 [pool-1-thread-2] DEBUG com.mnc.udp.UDPServer - UDP-Server: Message-20-23
21:20:57.268 [pool-1-thread-4] DEBUG com.mnc.udp.UDPServer - UDP-Server: Message-43-60 -> Message-43-60 (/127.0.0.1:49468)
21:20:57.268 [pool-1-thread-2] DEBUG com.mnc.udp.UDPServer - UDP-Server: Message-20-23 -> Message-20-23 (/127.0.0.1:49445)
21:20:57.268 [pool-1-thread-4] DEBUG com.mnc.udp.UDPServer - UDP-Server: Message-35-75
21:20:57.268 [pool-1-thread-4] DEBUG com.mnc.udp.UDPServer - UDP-Server: Message-35-75 -> Message-35-75 (/127.0.0.1:49460)
21:20:57.268 [pool-1-thread-4] DEBUG com.mnc.udp.UDPServer - UDP-Server: Message-43-61
21:20:57.268 [pool-1-thread-4] DEBUG com.mnc.udp.UDPServer - UDP-Server: Message-43-61 -> Message-43-61 (/127.0.0.1:49468)
21:20:57.268 [pool-1-thread-5] DEBUG com.mnc.udp.UDPServer - UDP-Server: Message-20-24
21:20:57.268 [pool-1-thread-5] DEBUG com.mnc.udp.UDPServer - UDP-Server: Message-20-24 -> Message-20-24 (/127.0.0.1:49445)
21:20:57.268 [pool-1-thread-4] DEBUG com.mnc.udp.UDPServer - UDP-Server: Message-35-84
21:20:57.268 [pool-1-thread-4] DEBUG com.mnc.udp.UDPServer - UDP-Server: Message-35-84 -> Message-35-84 (/127.0.0.1:49460)
21:20:57.268 [pool-1-thread-2] DEBUG com.mnc.udp.UDPServer - UDP-Server: Message-43-59
21:20:57.268 [pool-1-thread-2] DEBUG com.mnc.udp.UDPServer - UDP-Server: Message-43-59 -> Message-43-59 (/127.0.0.1:49468)
21:20:57.268 [pool-1-thread-1] DEBUG com.mnc.udp.UDPServer - UDP-Server: Message-20-19
21:20:57.268 [pool-1-thread-3] DEBUG com.mnc.udp.UDPServer - UDP-Server: Message-35-64
21:20:57.268 [pool-1-thread-1] DEBUG com.mnc.udp.UDPServer - UDP-Server: Message-20-19 -> Message-20-19 (/127.0.0.1:49445)
21:20:57.268 [pool-1-thread-3] DEBUG com.mnc.udp.UDPServer - UDP-Server: Message-35-64 -> Message-35-64 (/127.0.0.1:49460)
21:20:57.269 [pool-1-thread-3] DEBUG com.mnc.udp.UDPServer - UDP-Server: Message-43-3
21:20:57.269 [pool-1-thread-4] DEBUG com.mnc.udp.UDPServer - UDP-Server: Message-20-20
21:20:57.269 [pool-1-thread-4] DEBUG com.mnc.udp.UDPServer - UDP-Server: Message-20-20 -> Message-20-20 (/127.0.0.1:49445)
21:20:57.269 [pool-1-thread-2] DEBUG com.mnc.udp.UDPServer - UDP-Server: Message-35-7
21:20:57.269 [pool-1-thread-2] DEBUG com.mnc.udp.UDPServer - UDP-Server: Message-35-7 -> Message-35-7 (/127.0.0.1:49460)
21:20:57.269 [pool-1-thread-3] DEBUG com.mnc.udp.UDPServer - UDP-Server: Message-43-3 -> Message-43-3 (/127.0.0.1:49468)
21:20:57.269 [pool-1-thread-3] DEBUG com.mnc.udp.UDPServer - UDP-Server: Message-20-18
21:20:57.269 [pool-1-thread-3] DEBUG com.mnc.udp.UDPServer - UDP-Server: Message-20-18 -> Message-20-18 (/127.0.0.1:49445)
21:20:57.269 [pool-1-thread-5] DEBUG com.mnc.udp.UDPServer - UDP-Server: Message-35-8
21:20:57.269 [pool-1-thread-5] DEBUG com.mnc.udp.UDPServer - UDP-Server: Message-35-8 -> Message-35-8 (/127.0.0.1:49460)
21:20:57.269 [pool-1-thread-2] DEBUG com.mnc.udp.UDPServer - UDP-Server: Message-20-7
21:20:57.269 [pool-1-thread-4] DEBUG com.mnc.udp.UDPServer - UDP-Server: Message-43-51
21:20:57.269 [pool-1-thread-2] DEBUG com.mnc.udp.UDPServer - UDP-Server: Message-20-7 -> Message-20-7 (/127.0.0.1:49445)
21:20:57.269 [pool-1-thread-4] DEBUG com.mnc.udp.UDPServer - UDP-Server: Message-43-51 -> Message-43-51 (/127.0.0.1:49468)
21:20:57.269 [pool-1-thread-1] DEBUG com.mnc.udp.UDPServer - UDP-Server: Message-35-6
21:20:57.269 [pool-1-thread-1] DEBUG com.mnc.udp.UDPServer - UDP-Server: Message-35-6 -> Message-35-6 (/127.0.0.1:49460)
21:20:57.269 [pool-1-thread-3] DEBUG com.mnc.udp.UDPServer - UDP-Server: Message-20-8
21:20:57.269 [pool-1-thread-3] DEBUG com.mnc.udp.UDPServer - UDP-Server: Message-20-8 -> Message-20-8 (/127.0.0.1:49445)
21:20:57.269 [pool-1-thread-5] DEBUG com.mnc.udp.UDPServer - UDP-Server: Message-43-52
21:20:57.269 [pool-1-thread-2] DEBUG com.mnc.udp.UDPServer - UDP-Server: Message-35-10
21:20:57.269 [pool-1-thread-2] DEBUG com.mnc.udp.UDPServer - UDP-Server: Message-35-10 -> Message-35-10 (/127.0.0.1:49460)
21:20:57.269 [pool-1-thread-4] DEBUG com.mnc.udp.UDPServer - UDP-Server: Message-20-34
21:20:57.269 [pool-1-thread-5] DEBUG com.mnc.udp.UDPServer - UDP-Server: Message-43-52 -> Message-43-52 (/127.0.0.1:49468)
21:20:57.269 [pool-1-thread-4] DEBUG com.mnc.udp.UDPServer - UDP-Server: Message-20-34 -> Message-20-34 (/127.0.0.1:49445)
21:20:57.269 [pool-1-thread-1] DEBUG com.mnc.udp.UDPServer - UDP-Server: Message-35-11
21:20:57.269 [pool-1-thread-3] DEBUG com.mnc.udp.UDPServer - UDP-Server: Message-43-50
21:20:57.269 [pool-1-thread-2] DEBUG com.mnc.udp.UDPServer - UDP-Server: Message-20-6
21:20:57.269 [pool-1-thread-3] DEBUG com.mnc.udp.UDPServer - UDP-Server: Message-43-50 -> Message-43-50 (/127.0.0.1:49468)
21:20:57.269 [pool-1-thread-1] DEBUG com.mnc.udp.UDPServer - UDP-Server: Message-35-11 -> Message-35-11 (/127.0.0.1:49460)
21:20:57.269 [pool-1-thread-2] DEBUG com.mnc.udp.UDPServer - UDP-Server: Message-20-6 -> Message-20-6 (/127.0.0.1:49445)
21:20:57.269 [pool-1-thread-5] DEBUG com.mnc.udp.UDPServer - UDP-Server: Message-43-54
21:20:57.269 [pool-1-thread-4] DEBUG com.mnc.udp.UDPServer - UDP-Server: Message-35-9
21:20:57.269 [pool-1-thread-5] DEBUG com.mnc.udp.UDPServer - UDP-Server: Message-43-54 -> Message-43-54 (/127.0.0.1:49468)
21:20:57.269 [pool-1-thread-4] DEBUG com.mnc.udp.UDPServer - UDP-Server: Message-35-9 -> Message-35-9 (/127.0.0.1:49460)
21:20:57.269 [pool-1-thread-3] DEBUG com.mnc.udp.UDPServer - UDP-Server: Message-20-71
21:20:57.269 [pool-1-thread-3] DEBUG com.mnc.udp.UDPServer - UDP-Server: Message-20-71 -> Message-20-71 (/127.0.0.1:49445)
21:20:57.269 [pool-1-thread-3] DEBUG com.mnc.udp.UDPServer - UDP-Server: Message-43-55
21:20:57.269 [pool-1-thread-3] DEBUG com.mnc.udp.UDPServer - UDP-Server: Message-43-55 -> Message-43-55 (/127.0.0.1:49468)
21:20:57.269 [pool-1-thread-2] DEBUG com.mnc.udp.UDPServer - UDP-Server: Message-35-3
21:20:57.269 [pool-1-thread-2] DEBUG com.mnc.udp.UDPServer - UDP-Server: Message-35-3 -> Message-35-3 (/127.0.0.1:49460)
21:20:57.269 [pool-1-thread-5] DEBUG com.mnc.udp.UDPServer - UDP-Server: Message-20-72
21:20:57.269 [pool-1-thread-5] DEBUG com.mnc.udp.UDPServer - UDP-Server: Message-20-72 -> Message-20-72 (/127.0.0.1:49445)
21:20:57.269 [pool-1-thread-2] DEBUG com.mnc.udp.UDPServer - UDP-Server: Message-43-71
21:20:57.269 [pool-1-thread-2] DEBUG com.mnc.udp.UDPServer - UDP-Server: Message-43-71 -> Message-43-71 (/127.0.0.1:49468)
21:20:57.269 [pool-1-thread-1] DEBUG com.mnc.udp.UDPServer - UDP-Server: Message-35-4
21:20:57.269 [pool-1-thread-1] DEBUG com.mnc.udp.UDPServer - UDP-Server: Message-35-4 -> Message-35-4 (/127.0.0.1:49460)
21:20:57.269 [pool-1-thread-1] DEBUG com.mnc.udp.UDPServer - UDP-Server: Message-20-73
21:20:57.269 [pool-1-thread-1] DEBUG com.mnc.udp.UDPServer - UDP-Server: Message-20-73 -> Message-20-73 (/127.0.0.1:49445)
21:20:57.270 [pool-1-thread-4] DEBUG com.mnc.udp.UDPServer - UDP-Server: Message-43-72
21:20:57.270 [pool-1-thread-4] DEBUG com.mnc.udp.UDPServer - UDP-Server: Message-43-72 -> Message-43-72 (/127.0.0.1:49468)
21:20:57.270 [pool-1-thread-1] DEBUG com.mnc.udp.UDPServer - UDP-Server: Message-35-5
21:20:57.270 [pool-1-thread-2] DEBUG com.mnc.udp.UDPServer - UDP-Server: Message-20-74
21:20:57.270 [pool-1-thread-2] DEBUG com.mnc.udp.UDPServer - UDP-Server: Message-20-74 -> Message-20-74 (/127.0.0.1:49445)
21:20:57.270 [pool-1-thread-1] DEBUG com.mnc.udp.UDPServer - UDP-Server: Message-35-5 -> Message-35-5 (/127.0.0.1:49460)
21:20:57.270 [pool-1-thread-2] DEBUG com.mnc.udp.UDPServer - UDP-Server: Message-43-73
21:20:57.270 [pool-1-thread-2] DEBUG com.mnc.udp.UDPServer - UDP-Server: Message-43-73 -> Message-43-73 (/127.0.0.1:49468)
21:20:57.270 [pool-1-thread-5] DEBUG com.mnc.udp.UDPServer - UDP-Server: Message-20-69
21:20:57.270 [pool-1-thread-5] DEBUG com.mnc.udp.UDPServer - UDP-Server: Message-20-69 -> Message-20-69 (/127.0.0.1:49445)
21:20:57.270 [pool-1-thread-4] DEBUG com.mnc.udp.UDPServer - UDP-Server: Message-35-1
21:20:57.270 [pool-1-thread-3] DEBUG com.mnc.udp.UDPServer - UDP-Server: Message-43-74
21:20:57.270 [pool-1-thread-3] DEBUG com.mnc.udp.UDPServer - UDP-Server: Message-43-74 -> Message-43-74 (/127.0.0.1:49468)
21:20:57.270 [pool-1-thread-4] DEBUG com.mnc.udp.UDPServer - UDP-Server: Message-35-1 -> Message-35-1 (/127.0.0.1:49460)
21:20:57.270 [pool-1-thread-3] DEBUG com.mnc.udp.UDPServer - UDP-Server: Message-20-70
21:20:57.270 [pool-1-thread-3] DEBUG com.mnc.udp.UDPServer - UDP-Server: Message-20-70 -> Message-20-70 (/127.0.0.1:49445)
21:20:57.270 [pool-1-thread-2] DEBUG com.mnc.udp.UDPServer - UDP-Server: Message-43-69
21:20:57.270 [pool-1-thread-2] DEBUG com.mnc.udp.UDPServer - UDP-Server: Message-43-69 -> Message-43-69 (/127.0.0.1:49468)
21:20:57.270 [pool-1-thread-5] DEBUG com.mnc.udp.UDPServer - UDP-Server: Message-35-86
21:20:57.270 [pool-1-thread-1] DEBUG com.mnc.udp.UDPServer - UDP-Server: Message-20-68
21:20:57.270 [pool-1-thread-5] DEBUG com.mnc.udp.UDPServer - UDP-Server: Message-35-86 -> Message-35-86 (/127.0.0.1:49460)
21:20:57.270 [pool-1-thread-3] DEBUG com.mnc.udp.UDPServer - UDP-Server: Message-43-70
21:20:57.270 [pool-1-thread-3] DEBUG com.mnc.udp.UDPServer - UDP-Server: Message-43-70 -> Message-43-70 (/127.0.0.1:49468)
21:20:57.270 [pool-1-thread-1] DEBUG com.mnc.udp.UDPServer - UDP-Server: Message-20-68 -> Message-20-68 (/127.0.0.1:49445)
21:20:57.270 [pool-1-thread-4] DEBUG com.mnc.udp.UDPServer - UDP-Server: Message-35-2
21:20:57.270 [pool-1-thread-4] DEBUG com.mnc.udp.UDPServer - UDP-Server: Message-35-2 -> Message-35-2 (/127.0.0.1:49460)
21:20:57.270 [pool-1-thread-2] DEBUG com.mnc.udp.UDPServer - UDP-Server: Message-43-68
21:20:57.270 [pool-1-thread-2] DEBUG com.mnc.udp.UDPServer - UDP-Server: Message-43-68 -> Message-43-68 (/127.0.0.1:49468)
21:20:57.270 [pool-1-thread-4] DEBUG com.mnc.udp.UDPServer - UDP-Server: Message-20-66
21:20:57.270 [pool-1-thread-4] DEBUG com.mnc.udp.UDPServer - UDP-Server: Message-20-66 -> Message-20-66 (/127.0.0.1:49445)
21:20:57.270 [pool-1-thread-3] DEBUG com.mnc.udp.UDPServer - UDP-Server: Message-35-0
21:20:57.270 [pool-1-thread-3] DEBUG com.mnc.udp.UDPServer - UDP-Server: Message-35-0 -> Message-35-0 (/127.0.0.1:49460)
21:20:57.270 [pool-1-thread-1] DEBUG com.mnc.udp.UDPServer - UDP-Server: Message-43-63
21:20:57.270 [pool-1-thread-3] DEBUG com.mnc.udp.UDPServer - UDP-Server: Message-20-67
21:20:57.270 [pool-1-thread-1] DEBUG com.mnc.udp.UDPServer - UDP-Server: Message-43-63 -> Message-43-63 (/127.0.0.1:49468)
21:20:57.270 [pool-1-thread-3] DEBUG com.mnc.udp.UDPServer - UDP-Server: Message-20-67 -> Message-20-67 (/127.0.0.1:49445)
21:20:57.270 [pool-1-thread-2] DEBUG com.mnc.udp.UDPServer - UDP-Server: Message-57-32
21:20:57.270 [pool-1-thread-4] DEBUG com.mnc.udp.UDPServer - UDP-Server: Message-43-64
21:20:57.270 [pool-1-thread-4] DEBUG com.mnc.udp.UDPServer - UDP-Server: Message-43-64 -> Message-43-64 (/127.0.0.1:49468)
21:20:57.270 [pool-1-thread-5] DEBUG com.mnc.udp.UDPServer - UDP-Server: Message-20-57
21:20:57.270 [pool-1-thread-2] DEBUG com.mnc.udp.UDPServer - UDP-Server: Message-57-32 -> Message-57-32 (/127.0.0.1:49482)
21:20:57.270 [pool-1-thread-5] DEBUG com.mnc.udp.UDPServer - UDP-Server: Message-20-57 -> Message-20-57 (/127.0.0.1:49445)
21:20:57.270 [pool-1-thread-1] DEBUG com.mnc.udp.UDPServer - UDP-Server: Message-43-62
21:20:57.270 [pool-1-thread-1] DEBUG com.mnc.udp.UDPServer - UDP-Server: Message-43-62 -> Message-43-62 (/127.0.0.1:49468)
21:20:57.270 [pool-1-thread-3] DEBUG com.mnc.udp.UDPServer - UDP-Server: Message-57-33
21:20:57.270 [pool-1-thread-3] DEBUG com.mnc.udp.UDPServer - UDP-Server: Message-57-33 -> Message-57-33 (/127.0.0.1:49482)
21:20:57.270 [pool-1-thread-4] DEBUG com.mnc.udp.UDPServer - UDP-Server: Message-20-58
21:20:57.270 [pool-1-thread-4] DEBUG com.mnc.udp.UDPServer - UDP-Server: Message-20-58 -> Message-20-58 (/127.0.0.1:49445)
21:20:57.270 [pool-1-thread-4] DEBUG com.mnc.udp.UDPServer - UDP-Server: Message-43-53
21:20:57.270 [pool-1-thread-4] DEBUG com.mnc.udp.UDPServer - UDP-Server: Message-43-53 -> Message-43-53 (/127.0.0.1:49468)
21:20:57.270 [pool-1-thread-5] DEBUG com.mnc.udp.UDPServer - UDP-Server: Message-57-90
21:20:57.271 [pool-1-thread-5] DEBUG com.mnc.udp.UDPServer - UDP-Server: Message-57-90 -> Message-57-90 (/127.0.0.1:49482)
21:20:57.271 [pool-1-thread-1] DEBUG com.mnc.udp.UDPServer - UDP-Server: Message-20-44
21:20:57.271 [pool-1-thread-1] DEBUG com.mnc.udp.UDPServer - UDP-Server: Message-20-44 -> Message-20-44 (/127.0.0.1:49445)
21:20:57.271 [pool-1-thread-1] DEBUG com.mnc.udp.UDPServer - UDP-Server: Message-43-66
21:20:57.271 [pool-1-thread-1] DEBUG com.mnc.udp.UDPServer - UDP-Server: Message-43-66 -> Message-43-66 (/127.0.0.1:49468)
21:20:57.271 [pool-1-thread-3] DEBUG com.mnc.udp.UDPServer - UDP-Server: Message-57-91
21:20:57.271 [pool-1-thread-3] DEBUG com.mnc.udp.UDPServer - UDP-Server: Message-57-91 -> Message-57-91 (/127.0.0.1:49482)
21:20:57.271 [pool-1-thread-4] DEBUG com.mnc.udp.UDPServer - UDP-Server: Message-20-45
21:20:57.271 [pool-1-thread-4] DEBUG com.mnc.udp.UDPServer - UDP-Server: Message-20-45 -> Message-20-45 (/127.0.0.1:49445)
21:20:57.271 [pool-1-thread-5] DEBUG com.mnc.udp.UDPServer - UDP-Server: Message-43-67
21:20:57.271 [pool-1-thread-5] DEBUG com.mnc.udp.UDPServer - UDP-Server: Message-43-67 -> Message-43-67 (/127.0.0.1:49468)
21:20:57.271 [pool-1-thread-4] DEBUG com.mnc.udp.UDPServer - UDP-Server: Message-57-92
21:20:57.271 [pool-1-thread-4] DEBUG com.mnc.udp.UDPServer - UDP-Server: Message-57-92 -> Message-57-92 (/127.0.0.1:49482)
21:20:57.271 [pool-1-thread-1] DEBUG com.mnc.udp.UDPServer - UDP-Server: Message-20-43
21:20:57.271 [pool-1-thread-1] DEBUG com.mnc.udp.UDPServer - UDP-Server: Message-20-43 -> Message-20-43 (/127.0.0.1:49445)
21:20:57.271 [pool-1-thread-3] DEBUG com.mnc.udp.UDPServer - UDP-Server: Message-33-32
21:20:57.271 [pool-1-thread-3] DEBUG com.mnc.udp.UDPServer - UDP-Server: Message-33-32 -> Message-33-32 (/127.0.0.1:49458)
21:20:57.271 [pool-1-thread-1] DEBUG com.mnc.udp.UDPServer - UDP-Server: Message-57-31
21:20:57.271 [pool-1-thread-1] DEBUG com.mnc.udp.UDPServer - UDP-Server: Message-57-31 -> Message-57-31 (/127.0.0.1:49482)
21:20:57.271 [pool-1-thread-5] DEBUG com.mnc.udp.UDPServer - UDP-Server: Message-20-90
21:20:57.271 [pool-1-thread-5] DEBUG com.mnc.udp.UDPServer - UDP-Server: Message-20-90 -> Message-20-90 (/127.0.0.1:49445)
21:20:57.271 [pool-1-thread-4] DEBUG com.mnc.udp.UDPServer - UDP-Server: Message-33-33
21:20:57.271 [pool-1-thread-4] DEBUG com.mnc.udp.UDPServer - UDP-Server: Message-33-33 -> Message-33-33 (/127.0.0.1:49458)
21:20:57.271 [pool-1-thread-4] DEBUG com.mnc.udp.UDPServer - UDP-Server: Message-57-35
21:20:57.271 [pool-1-thread-4] DEBUG com.mnc.udp.UDPServer - UDP-Server: Message-57-35 -> Message-57-35 (/127.0.0.1:49482)
21:20:57.271 [pool-1-thread-4] DEBUG com.mnc.udp.UDPServer - UDP-Server: Message-33-31
21:20:57.271 [pool-1-thread-2] DEBUG com.mnc.udp.UDPServer - UDP-Server: Message-20-91
21:20:57.271 [pool-1-thread-4] DEBUG com.mnc.udp.UDPServer - UDP-Server: Message-33-31 -> Message-33-31 (/127.0.0.1:49458)
21:20:57.271 [pool-1-thread-5] DEBUG com.mnc.udp.UDPServer - UDP-Server: Message-57-36
21:20:57.271 [pool-1-thread-5] DEBUG com.mnc.udp.UDPServer - UDP-Server: Message-57-36 -> Message-57-36 (/127.0.0.1:49482)
21:20:57.271 [pool-1-thread-2] DEBUG com.mnc.udp.UDPServer - UDP-Server: Message-20-91 -> Message-20-91 (/127.0.0.1:49445)
21:20:57.271 [pool-1-thread-3] DEBUG com.mnc.udp.UDPServer - UDP-Server: Message-33-35
21:20:57.271 [pool-1-thread-1] DEBUG com.mnc.udp.UDPServer - UDP-Server: Message-57-34
21:20:57.271 [pool-1-thread-4] DEBUG com.mnc.udp.UDPServer - UDP-Server: Message-20-48
21:20:57.271 [pool-1-thread-3] DEBUG com.mnc.udp.UDPServer - UDP-Server: Message-33-35 -> Message-33-35 (/127.0.0.1:49458)
21:20:57.271 [pool-1-thread-1] DEBUG com.mnc.udp.UDPServer - UDP-Server: Message-57-34 -> Message-57-34 (/127.0.0.1:49482)
21:20:57.271 [pool-1-thread-4] DEBUG com.mnc.udp.UDPServer - UDP-Server: Message-20-48 -> Message-20-48 (/127.0.0.1:49445)
21:20:57.271 [pool-1-thread-5] DEBUG com.mnc.udp.UDPServer - UDP-Server: Message-33-36
21:20:57.271 [pool-1-thread-5] DEBUG com.mnc.udp.UDPServer - UDP-Server: Message-33-36 -> Message-33-36 (/127.0.0.1:49458)
21:20:57.271 [pool-1-thread-2] DEBUG com.mnc.udp.UDPServer - UDP-Server: Message-57-28
21:20:57.271 [pool-1-thread-3] DEBUG com.mnc.udp.UDPServer - UDP-Server: Message-20-49
21:20:57.271 [pool-1-thread-2] DEBUG com.mnc.udp.UDPServer - UDP-Server: Message-57-28 -> Message-57-28 (/127.0.0.1:49482)
21:20:57.271 [pool-1-thread-3] DEBUG com.mnc.udp.UDPServer - UDP-Server: Message-20-49 -> Message-20-49 (/127.0.0.1:49445)
21:20:57.271 [pool-1-thread-1] DEBUG com.mnc.udp.UDPServer - UDP-Server: Message-33-34
21:20:57.271 [pool-1-thread-1] DEBUG com.mnc.udp.UDPServer - UDP-Server: Message-33-34 -> Message-33-34 (/127.0.0.1:49458)
21:20:57.271 [pool-1-thread-1] DEBUG com.mnc.udp.UDPServer - UDP-Server: Message-57-29
21:20:57.271 [pool-1-thread-1] DEBUG com.mnc.udp.UDPServer - UDP-Server: Message-57-29 -> Message-57-29 (/127.0.0.1:49482)
21:20:57.271 [pool-1-thread-5] DEBUG com.mnc.udp.UDPServer - UDP-Server: Message-20-62
21:20:57.271 [pool-1-thread-5] DEBUG com.mnc.udp.UDPServer - UDP-Server: Message-20-62 -> Message-20-62 (/127.0.0.1:49445)
21:20:57.271 [pool-1-thread-5] DEBUG com.mnc.udp.UDPServer - UDP-Server: Message-33-28
21:20:57.271 [pool-1-thread-5] DEBUG com.mnc.udp.UDPServer - UDP-Server: Message-33-28 -> Message-33-28 (/127.0.0.1:49458)
21:20:57.272 [pool-1-thread-2] DEBUG com.mnc.udp.UDPServer - UDP-Server: Message-57-30
21:20:57.272 [pool-1-thread-4] DEBUG com.mnc.udp.UDPServer - UDP-Server: Message-20-56
21:20:57.272 [pool-1-thread-2] DEBUG com.mnc.udp.UDPServer - UDP-Server: Message-57-30 -> Message-57-30 (/127.0.0.1:49482)
21:20:57.272 [pool-1-thread-4] DEBUG com.mnc.udp.UDPServer - UDP-Server: Message-20-56 -> Message-20-56 (/127.0.0.1:49445)
21:20:57.272 [pool-1-thread-2] DEBUG com.mnc.udp.UDPServer - UDP-Server: Message-33-29
21:20:57.272 [pool-1-thread-2] DEBUG com.mnc.udp.UDPServer - UDP-Server: Message-33-29 -> Message-33-29 (/127.0.0.1:49458)
21:20:57.272 [pool-1-thread-3] DEBUG com.mnc.udp.UDPServer - UDP-Server: Message-57-26
21:20:57.272 [pool-1-thread-5] DEBUG com.mnc.udp.UDPServer - UDP-Server: Message-20-60
21:20:57.272 [pool-1-thread-5] DEBUG com.mnc.udp.UDPServer - UDP-Server: Message-20-60 -> Message-20-60 (/127.0.0.1:49445)
21:20:57.272 [pool-1-thread-3] DEBUG com.mnc.udp.UDPServer - UDP-Server: Message-57-26 -> Message-57-26 (/127.0.0.1:49482)
21:20:57.272 [pool-1-thread-5] DEBUG com.mnc.udp.UDPServer - UDP-Server: Message-33-30
21:20:57.272 [pool-1-thread-5] DEBUG com.mnc.udp.UDPServer - UDP-Server: Message-33-30 -> Message-33-30 (/127.0.0.1:49458)
21:20:57.272 [pool-1-thread-4] DEBUG com.mnc.udp.UDPServer - UDP-Server: Message-20-61
21:20:57.272 [pool-1-thread-4] DEBUG com.mnc.udp.UDPServer - UDP-Server: Message-20-61 -> Message-20-61 (/127.0.0.1:49445)
21:20:57.272 [pool-1-thread-2] DEBUG com.mnc.udp.UDPServer - UDP-Server: Message-57-27
21:20:57.272 [pool-1-thread-4] DEBUG com.mnc.udp.UDPServer - UDP-Server: Message-33-26
21:20:57.272 [pool-1-thread-2] DEBUG com.mnc.udp.UDPServer - UDP-Server: Message-57-27 -> Message-57-27 (/127.0.0.1:49482)
21:20:57.272 [pool-1-thread-4] DEBUG com.mnc.udp.UDPServer - UDP-Server: Message-33-26 -> Message-33-26 (/127.0.0.1:49458)
21:20:57.272 [pool-1-thread-3] DEBUG com.mnc.udp.UDPServer - UDP-Server: Message-20-59
21:20:57.272 [pool-1-thread-3] DEBUG com.mnc.udp.UDPServer - UDP-Server: Message-20-59 -> Message-20-59 (/127.0.0.1:49445)
21:20:57.272 [pool-1-thread-5] DEBUG com.mnc.udp.UDPServer - UDP-Server: Message-57-25
21:20:57.272 [pool-1-thread-5] DEBUG com.mnc.udp.UDPServer - UDP-Server: Message-57-25 -> Message-57-25 (/127.0.0.1:49482)
21:20:57.272 [pool-1-thread-1] DEBUG com.mnc.udp.UDPServer - UDP-Server: Message-33-27
21:20:57.272 [pool-1-thread-1] DEBUG com.mnc.udp.UDPServer - UDP-Server: Message-33-27 -> Message-33-27 (/127.0.0.1:49458)
21:20:57.272 [pool-1-thread-2] DEBUG com.mnc.udp.UDPServer - UDP-Server: Message-20-53
21:20:57.272 [pool-1-thread-2] DEBUG com.mnc.udp.UDPServer - UDP-Server: Message-20-53 -> Message-20-53 (/127.0.0.1:49445)
21:20:57.272 [pool-1-thread-2] DEBUG com.mnc.udp.UDPServer - UDP-Server: Message-57-88
21:20:57.272 [pool-1-thread-4] DEBUG com.mnc.udp.UDPServer - UDP-Server: Message-33-25
21:20:57.272 [pool-1-thread-2] DEBUG com.mnc.udp.UDPServer - UDP-Server: Message-57-88 -> Message-57-88 (/127.0.0.1:49482)
21:20:57.272 [pool-1-thread-4] DEBUG com.mnc.udp.UDPServer - UDP-Server: Message-33-25 -> Message-33-25 (/127.0.0.1:49458)
21:20:57.272 [pool-1-thread-2] DEBUG com.mnc.udp.UDPServer - UDP-Server: Message-20-54
21:20:57.272 [pool-1-thread-2] DEBUG com.mnc.udp.UDPServer - UDP-Server: Message-20-54 -> Message-20-54 (/127.0.0.1:49445)
21:20:57.272 [pool-1-thread-1] DEBUG com.mnc.udp.UDPServer - UDP-Server: Message-57-89
21:20:57.272 [pool-1-thread-1] DEBUG com.mnc.udp.UDPServer - UDP-Server: Message-57-89 -> Message-57-89 (/127.0.0.1:49482)
21:20:57.272 [pool-1-thread-5] DEBUG com.mnc.udp.UDPServer - UDP-Server: Message-20-55
21:20:57.272 [pool-1-thread-3] DEBUG com.mnc.udp.UDPServer - UDP-Server: Message-33-15
21:20:57.272 [pool-1-thread-5] DEBUG com.mnc.udp.UDPServer - UDP-Server: Message-20-55 -> Message-20-55 (/127.0.0.1:49445)
21:20:57.272 [pool-1-thread-3] DEBUG com.mnc.udp.UDPServer - UDP-Server: Message-33-15 -> Message-33-15 (/127.0.0.1:49458)
21:20:57.272 [pool-1-thread-4] DEBUG com.mnc.udp.UDPServer - UDP-Server: Message-57-44
21:20:57.272 [pool-1-thread-4] DEBUG com.mnc.udp.UDPServer - UDP-Server: Message-57-44 -> Message-57-44 (/127.0.0.1:49482)
21:20:57.272 [pool-1-thread-2] DEBUG com.mnc.udp.UDPServer - UDP-Server: Message-20-51
21:20:57.272 [pool-1-thread-2] DEBUG com.mnc.udp.UDPServer - UDP-Server: Message-20-51 -> Message-20-51 (/127.0.0.1:49445)
21:20:57.272 [pool-1-thread-1] DEBUG com.mnc.udp.UDPServer - UDP-Server: Message-33-44
21:20:57.272 [pool-1-thread-1] DEBUG com.mnc.udp.UDPServer - UDP-Server: Message-33-44 -> Message-33-44 (/127.0.0.1:49458)
21:20:57.272 [pool-1-thread-1] DEBUG com.mnc.udp.UDPServer - UDP-Server: Message-57-45
21:20:57.272 [pool-1-thread-1] DEBUG com.mnc.udp.UDPServer - UDP-Server: Message-57-45 -> Message-57-45 (/127.0.0.1:49482)
21:20:57.272 [pool-1-thread-1] DEBUG com.mnc.udp.UDPServer - UDP-Server: Message-20-52
21:20:57.272 [pool-1-thread-1] DEBUG com.mnc.udp.UDPServer - UDP-Server: Message-20-52 -> Message-20-52 (/127.0.0.1:49445)
21:20:57.272 [pool-1-thread-3] DEBUG com.mnc.udp.UDPServer - UDP-Server: Message-33-45
21:20:57.272 [pool-1-thread-3] DEBUG com.mnc.udp.UDPServer - UDP-Server: Message-33-45 -> Message-33-45 (/127.0.0.1:49458)
21:20:57.272 [pool-1-thread-4] DEBUG com.mnc.udp.UDPServer - UDP-Server: Message-57-43
21:20:57.272 [pool-1-thread-4] DEBUG com.mnc.udp.UDPServer - UDP-Server: Message-57-43 -> Message-57-43 (/127.0.0.1:49482)
21:20:57.272 [pool-1-thread-5] DEBUG com.mnc.udp.UDPServer - UDP-Server: Message-20-50
21:20:57.272 [pool-1-thread-5] DEBUG com.mnc.udp.UDPServer - UDP-Server: Message-20-50 -> Message-20-50 (/127.0.0.1:49445)
21:20:57.272 [pool-1-thread-2] DEBUG com.mnc.udp.UDPServer - UDP-Server: Message-33-43
21:20:57.272 [pool-1-thread-5] DEBUG com.mnc.udp.UDPServer - UDP-Server: Message-57-87
21:20:57.272 [pool-1-thread-2] DEBUG com.mnc.udp.UDPServer - UDP-Server: Message-33-43 -> Message-33-43 (/127.0.0.1:49458)
21:20:57.273 [pool-1-thread-5] DEBUG com.mnc.udp.UDPServer - UDP-Server: Message-57-87 -> Message-57-87 (/127.0.0.1:49482)
21:20:57.273 [pool-1-thread-3] DEBUG com.mnc.udp.UDPServer - UDP-Server: Message-20-40
21:20:57.273 [pool-1-thread-3] DEBUG com.mnc.udp.UDPServer - UDP-Server: Message-20-40 -> Message-20-40 (/127.0.0.1:49445)
21:20:57.273 [pool-1-thread-4] DEBUG com.mnc.udp.UDPServer - UDP-Server: Message-33-16
21:20:57.273 [pool-1-thread-4] DEBUG com.mnc.udp.UDPServer - UDP-Server: Message-33-16 -> Message-33-16 (/127.0.0.1:49458)
21:20:57.273 [pool-1-thread-1] DEBUG com.mnc.udp.UDPServer - UDP-Server: Message-57-96
21:20:57.273 [pool-1-thread-1] DEBUG com.mnc.udp.UDPServer - UDP-Server: Message-57-96 -> Message-57-96 (/127.0.0.1:49482)
21:20:57.273 [pool-1-thread-4] DEBUG com.mnc.udp.UDPServer - UDP-Server: Message-20-41
21:20:57.273 [pool-1-thread-4] DEBUG com.mnc.udp.UDPServer - UDP-Server: Message-20-41 -> Message-20-41 (/127.0.0.1:49445)
21:20:57.273 [pool-1-thread-5] DEBUG com.mnc.udp.UDPServer - UDP-Server: Message-33-17
21:20:57.273 [pool-1-thread-3] DEBUG com.mnc.udp.UDPServer - UDP-Server: Message-57-97
21:20:57.273 [pool-1-thread-2] DEBUG com.mnc.udp.UDPServer - UDP-Server: Message-20-42
21:20:57.273 [pool-1-thread-5] DEBUG com.mnc.udp.UDPServer - UDP-Server: Message-33-17 -> Message-33-17 (/127.0.0.1:49458)
21:20:57.273 [pool-1-thread-3] DEBUG com.mnc.udp.UDPServer - UDP-Server: Message-57-97 -> Message-57-97 (/127.0.0.1:49482)
21:20:57.273 [pool-1-thread-2] DEBUG com.mnc.udp.UDPServer - UDP-Server: Message-20-42 -> Message-20-42 (/127.0.0.1:49445)
21:20:57.273 [pool-1-thread-2] DEBUG com.mnc.udp.UDPServer - UDP-Server: Message-33-13
21:20:57.273 [pool-1-thread-2] DEBUG com.mnc.udp.UDPServer - UDP-Server: Message-33-13 -> Message-33-13 (/127.0.0.1:49458)
21:20:57.273 [pool-1-thread-4] DEBUG com.mnc.udp.UDPServer - UDP-Server: Message-57-98
21:20:57.273 [pool-1-thread-4] DEBUG com.mnc.udp.UDPServer - UDP-Server: Message-57-98 -> Message-57-98 (/127.0.0.1:49482)
21:20:57.273 [pool-1-thread-5] DEBUG com.mnc.udp.UDPServer - UDP-Server: Message-20-38
21:20:57.273 [pool-1-thread-5] DEBUG com.mnc.udp.UDPServer - UDP-Server: Message-20-38 -> Message-20-38 (/127.0.0.1:49445)
21:20:57.273 [pool-1-thread-5] DEBUG com.mnc.udp.UDPServer - UDP-Server: Message-33-14
21:20:57.273 [pool-1-thread-5] DEBUG com.mnc.udp.UDPServer - UDP-Server: Message-33-14 -> Message-33-14 (/127.0.0.1:49458)
21:20:57.273 [pool-1-thread-5] DEBUG com.mnc.udp.UDPServer - UDP-Server: Message-57-57
21:20:57.273 [pool-1-thread-5] DEBUG com.mnc.udp.UDPServer - UDP-Server: Message-57-57 -> Message-57-57 (/127.0.0.1:49482)
21:20:57.273 [pool-1-thread-2] DEBUG com.mnc.udp.UDPServer - UDP-Server: Message-20-39
21:20:57.273 [pool-1-thread-4] DEBUG com.mnc.udp.UDPServer - UDP-Server: Message-33-12
21:20:57.273 [pool-1-thread-2] DEBUG com.mnc.udp.UDPServer - UDP-Server: Message-20-39 -> Message-20-39 (/127.0.0.1:49445)
21:20:57.273 [pool-1-thread-4] DEBUG com.mnc.udp.UDPServer - UDP-Server: Message-33-12 -> Message-33-12 (/127.0.0.1:49458)
21:20:57.273 [pool-1-thread-3] DEBUG com.mnc.udp.UDPServer - UDP-Server: Message-57-58
21:20:57.273 [pool-1-thread-3] DEBUG com.mnc.udp.UDPServer - UDP-Server: Message-57-58 -> Message-57-58 (/127.0.0.1:49482)
21:20:57.273 [pool-1-thread-1] DEBUG com.mnc.udp.UDPServer - UDP-Server: Message-20-37
21:20:57.273 [pool-1-thread-1] DEBUG com.mnc.udp.UDPServer - UDP-Server: Message-20-37 -> Message-20-37 (/127.0.0.1:49445)
21:20:57.273 [pool-1-thread-5] DEBUG com.mnc.udp.UDPServer - UDP-Server: Message-33-48
21:20:57.273 [pool-1-thread-5] DEBUG com.mnc.udp.UDPServer - UDP-Server: Message-33-48 -> Message-33-48 (/127.0.0.1:49458)
21:20:57.273 [pool-1-thread-5] DEBUG com.mnc.udp.UDPServer - UDP-Server: Message-57-48
21:20:57.273 [pool-1-thread-5] DEBUG com.mnc.udp.UDPServer - UDP-Server: Message-57-48 -> Message-57-48 (/127.0.0.1:49482)
21:20:57.273 [pool-1-thread-5] DEBUG com.mnc.udp.UDPServer - UDP-Server: Message-20-63
21:20:57.273 [pool-1-thread-5] DEBUG com.mnc.udp.UDPServer - UDP-Server: Message-20-63 -> Message-20-63 (/127.0.0.1:49445)
21:20:57.273 [pool-1-thread-3] DEBUG com.mnc.udp.UDPServer - UDP-Server: Message-33-49
21:20:57.273 [pool-1-thread-3] DEBUG com.mnc.udp.UDPServer - UDP-Server: Message-33-49 -> Message-33-49 (/127.0.0.1:49458)
21:20:57.273 [pool-1-thread-1] DEBUG com.mnc.udp.UDPServer - UDP-Server: Message-57-49
21:20:57.273 [pool-1-thread-2] DEBUG com.mnc.udp.UDPServer - UDP-Server: Message-20-64
21:20:57.273 [pool-1-thread-1] DEBUG com.mnc.udp.UDPServer - UDP-Server: Message-57-49 -> Message-57-49 (/127.0.0.1:49482)
21:20:57.273 [pool-1-thread-2] DEBUG com.mnc.udp.UDPServer - UDP-Server: Message-20-64 -> Message-20-64 (/127.0.0.1:49445)
21:20:57.273 [pool-1-thread-4] DEBUG com.mnc.udp.UDPServer - UDP-Server: Message-33-46
21:20:57.273 [pool-1-thread-4] DEBUG com.mnc.udp.UDPServer - UDP-Server: Message-33-46 -> Message-33-46 (/127.0.0.1:49458)
21:20:57.273 [pool-1-thread-5] DEBUG com.mnc.udp.UDPServer - UDP-Server: Message-57-46
21:20:57.274 [pool-1-thread-3] DEBUG com.mnc.udp.UDPServer - UDP-Server: Message-20-10
21:20:57.274 [pool-1-thread-1] DEBUG com.mnc.udp.UDPServer - UDP-Server: Message-33-47
21:20:57.274 [pool-1-thread-3] DEBUG com.mnc.udp.UDPServer - UDP-Server: Message-20-10 -> Message-20-10 (/127.0.0.1:49445)
21:20:57.274 [pool-1-thread-1] DEBUG com.mnc.udp.UDPServer - UDP-Server: Message-33-47 -> Message-33-47 (/127.0.0.1:49458)
21:20:57.274 [pool-1-thread-5] DEBUG com.mnc.udp.UDPServer - UDP-Server: Message-57-46 -> Message-57-46 (/127.0.0.1:49482)
21:20:57.274 [pool-1-thread-2] DEBUG com.mnc.udp.UDPServer - UDP-Server: Message-20-11
21:20:57.274 [pool-1-thread-4] DEBUG com.mnc.udp.UDPServer - UDP-Server: Message-33-40
21:20:57.274 [pool-1-thread-2] DEBUG com.mnc.udp.UDPServer - UDP-Server: Message-20-11 -> Message-20-11 (/127.0.0.1:49445)
21:20:57.274 [pool-1-thread-3] DEBUG com.mnc.udp.UDPServer - UDP-Server: Message-57-47
21:20:57.274 [pool-1-thread-4] DEBUG com.mnc.udp.UDPServer - UDP-Server: Message-33-40 -> Message-33-40 (/127.0.0.1:49458)
21:20:57.274 [pool-1-thread-3] DEBUG com.mnc.udp.UDPServer - UDP-Server: Message-57-47 -> Message-57-47 (/127.0.0.1:49482)
21:20:57.274 [pool-1-thread-1] DEBUG com.mnc.udp.UDPServer - UDP-Server: Message-20-9
21:20:57.274 [pool-1-thread-5] DEBUG com.mnc.udp.UDPServer - UDP-Server: Message-33-21
21:20:57.274 [pool-1-thread-5] DEBUG com.mnc.udp.UDPServer - UDP-Server: Message-33-21 -> Message-33-21 (/127.0.0.1:49458)
21:20:57.274 [pool-1-thread-5] DEBUG com.mnc.udp.UDPServer - UDP-Server: Message-57-56
21:20:57.274 [pool-1-thread-1] DEBUG com.mnc.udp.UDPServer - UDP-Server: Message-20-9 -> Message-20-9 (/127.0.0.1:49445)
21:20:57.274 [pool-1-thread-5] DEBUG com.mnc.udp.UDPServer - UDP-Server: Message-57-56 -> Message-57-56 (/127.0.0.1:49482)
21:20:57.274 [pool-1-thread-5] DEBUG com.mnc.udp.UDPServer - UDP-Server: Message-33-22
21:20:57.274 [pool-1-thread-5] DEBUG com.mnc.udp.UDPServer - UDP-Server: Message-33-22 -> Message-33-22 (/127.0.0.1:49458)
21:20:57.274 [pool-1-thread-3] DEBUG com.mnc.udp.UDPServer - UDP-Server: Message-20-3
21:20:57.274 [pool-1-thread-3] DEBUG com.mnc.udp.UDPServer - UDP-Server: Message-20-3 -> Message-20-3 (/127.0.0.1:49445)
21:20:57.274 [pool-1-thread-2] DEBUG com.mnc.udp.UDPServer - UDP-Server: Message-57-60
21:20:57.274 [pool-1-thread-2] DEBUG com.mnc.udp.UDPServer - UDP-Server: Message-57-60 -> Message-57-60 (/127.0.0.1:49482)
21:20:57.274 [pool-1-thread-3] DEBUG com.mnc.udp.UDPServer - UDP-Server: Message-33-23
21:20:57.274 [pool-1-thread-3] DEBUG com.mnc.udp.UDPServer - UDP-Server: Message-33-23 -> Message-33-23 (/127.0.0.1:49458)
21:20:57.274 [pool-1-thread-4] DEBUG com.mnc.udp.UDPServer - UDP-Server: Message-20-4
21:20:57.274 [pool-1-thread-4] DEBUG com.mnc.udp.UDPServer - UDP-Server: Message-20-4 -> Message-20-4 (/127.0.0.1:49445)
21:20:57.274 [pool-1-thread-5] DEBUG com.mnc.udp.UDPServer - UDP-Server: Message-57-61
21:20:57.274 [pool-1-thread-4] DEBUG com.mnc.udp.UDPServer - UDP-Server: Message-33-24
21:20:57.274 [pool-1-thread-4] DEBUG com.mnc.udp.UDPServer - UDP-Server: Message-33-24 -> Message-33-24 (/127.0.0.1:49458)
21:20:57.274 [pool-1-thread-5] DEBUG com.mnc.udp.UDPServer - UDP-Server: Message-57-61 -> Message-57-61 (/127.0.0.1:49482)
21:20:57.274 [pool-1-thread-1] DEBUG com.mnc.udp.UDPServer - UDP-Server: Message-20-5
21:20:57.274 [pool-1-thread-1] DEBUG com.mnc.udp.UDPServer - UDP-Server: Message-20-5 -> Message-20-5 (/127.0.0.1:49445)
21:20:57.274 [pool-1-thread-1] DEBUG com.mnc.udp.UDPServer - UDP-Server: Message-33-19
21:20:57.274 [pool-1-thread-1] DEBUG com.mnc.udp.UDPServer - UDP-Server: Message-33-19 -> Message-33-19 (/127.0.0.1:49458)
21:20:57.274 [pool-1-thread-2] DEBUG com.mnc.udp.UDPServer - UDP-Server: Message-57-59
21:20:57.274 [pool-1-thread-2] DEBUG com.mnc.udp.UDPServer - UDP-Server: Message-57-59 -> Message-57-59 (/127.0.0.1:49482)
21:20:57.274 [pool-1-thread-2] DEBUG com.mnc.udp.UDPServer - UDP-Server: Message-20-1
21:20:57.274 [pool-1-thread-2] DEBUG com.mnc.udp.UDPServer - UDP-Server: Message-20-1 -> Message-20-1 (/127.0.0.1:49445)
21:20:57.274 [pool-1-thread-4] DEBUG com.mnc.udp.UDPServer - UDP-Server: Message-33-20
21:20:57.274 [pool-1-thread-4] DEBUG com.mnc.udp.UDPServer - UDP-Server: Message-33-20 -> Message-33-20 (/127.0.0.1:49458)
21:20:57.274 [pool-1-thread-3] DEBUG com.mnc.udp.UDPServer - UDP-Server: Message-57-53
21:20:57.274 [pool-1-thread-3] DEBUG com.mnc.udp.UDPServer - UDP-Server: Message-57-53 -> Message-57-53 (/127.0.0.1:49482)
21:20:57.274 [pool-1-thread-1] DEBUG com.mnc.udp.UDPServer - UDP-Server: Message-20-2
21:20:57.274 [pool-1-thread-1] DEBUG com.mnc.udp.UDPServer - UDP-Server: Message-20-2 -> Message-20-2 (/127.0.0.1:49445)
21:20:57.274 [pool-1-thread-2] DEBUG com.mnc.udp.UDPServer - UDP-Server: Message-33-41
21:20:57.274 [pool-1-thread-2] DEBUG com.mnc.udp.UDPServer - UDP-Server: Message-33-41 -> Message-33-41 (/127.0.0.1:49458)
21:20:57.274 [pool-1-thread-1] DEBUG com.mnc.udp.UDPServer - UDP-Server: Message-57-99
21:20:57.274 [pool-1-thread-1] DEBUG com.mnc.udp.UDPServer - UDP-Server: Message-57-99 -> Message-57-99 (/127.0.0.1:49482)
21:20:57.274 [pool-1-thread-1] DEBUG com.mnc.udp.UDPServer - UDP-Server: Message-20-0
21:20:57.274 [pool-1-thread-1] DEBUG com.mnc.udp.UDPServer - UDP-Server: Message-20-0 -> Message-20-0 (/127.0.0.1:49445)
21:20:57.274 [pool-1-thread-3] DEBUG com.mnc.udp.UDPServer - UDP-Server: Message-33-90
21:20:57.274 [pool-1-thread-3] DEBUG com.mnc.udp.UDPServer - UDP-Server: Message-33-90 -> Message-33-90 (/127.0.0.1:49458)
21:20:57.274 [pool-1-thread-5] DEBUG com.mnc.udp.UDPServer - UDP-Server: Message-57-94
21:20:57.274 [pool-1-thread-5] DEBUG com.mnc.udp.UDPServer - UDP-Server: Message-57-94 -> Message-57-94 (/127.0.0.1:49482)
21:20:57.274 [pool-1-thread-5] DEBUG com.mnc.udp.UDPServer - UDP-Server: Message-20-26
21:20:57.274 [pool-1-thread-4] DEBUG com.mnc.udp.UDPServer - UDP-Server: Message-33-91
21:20:57.274 [pool-1-thread-5] DEBUG com.mnc.udp.UDPServer - UDP-Server: Message-20-26 -> Message-20-26 (/127.0.0.1:49445)
21:20:57.274 [pool-1-thread-4] DEBUG com.mnc.udp.UDPServer - UDP-Server: Message-33-91 -> Message-33-91 (/127.0.0.1:49458)
21:20:57.274 [pool-1-thread-1] DEBUG com.mnc.udp.UDPServer - UDP-Server: Message-57-95
21:20:57.275 [pool-1-thread-1] DEBUG com.mnc.udp.UDPServer - UDP-Server: Message-57-95 -> Message-57-95 (/127.0.0.1:49482)
21:20:57.275 [pool-1-thread-3] DEBUG com.mnc.udp.UDPServer - UDP-Server: Message-33-92
21:20:57.275 [pool-1-thread-2] DEBUG com.mnc.udp.UDPServer - UDP-Server: Message-20-27
21:20:57.275 [pool-1-thread-2] DEBUG com.mnc.udp.UDPServer - UDP-Server: Message-20-27 -> Message-20-27 (/127.0.0.1:49445)
21:20:57.275 [pool-1-thread-2] DEBUG com.mnc.udp.UDPServer - UDP-Server: Message-57-93
21:20:57.275 [pool-1-thread-3] DEBUG com.mnc.udp.UDPServer - UDP-Server: Message-33-92 -> Message-33-92 (/127.0.0.1:49458)
21:20:57.275 [pool-1-thread-2] DEBUG com.mnc.udp.UDPServer - UDP-Server: Message-57-93 -> Message-57-93 (/127.0.0.1:49482)
21:20:57.275 [pool-1-thread-4] DEBUG com.mnc.udp.UDPServer - UDP-Server: Message-20-25
21:20:57.275 [pool-1-thread-4] DEBUG com.mnc.udp.UDPServer - UDP-Server: Message-20-25 -> Message-20-25 (/127.0.0.1:49445)
21:20:57.275 [pool-1-thread-1] DEBUG com.mnc.udp.UDPServer - UDP-Server: Message-33-88
21:20:57.275 [pool-1-thread-4] DEBUG com.mnc.udp.UDPServer - UDP-Server: Message-57-82
21:20:57.275 [pool-1-thread-1] DEBUG com.mnc.udp.UDPServer - UDP-Server: Message-33-88 -> Message-33-88 (/127.0.0.1:49458)
21:20:57.275 [pool-1-thread-4] DEBUG com.mnc.udp.UDPServer - UDP-Server: Message-57-82 -> Message-57-82 (/127.0.0.1:49482)
21:20:57.275 [pool-1-thread-3] DEBUG com.mnc.udp.UDPServer - UDP-Server: Message-20-29
21:20:57.275 [pool-1-thread-3] DEBUG com.mnc.udp.UDPServer - UDP-Server: Message-20-29 -> Message-20-29 (/127.0.0.1:49445)
21:20:57.275 [pool-1-thread-2] DEBUG com.mnc.udp.UDPServer - UDP-Server: Message-33-89
21:20:57.275 [pool-1-thread-2] DEBUG com.mnc.udp.UDPServer - UDP-Server: Message-33-89 -> Message-33-89 (/127.0.0.1:49458)
21:20:57.275 [pool-1-thread-5] DEBUG com.mnc.udp.UDPServer - UDP-Server: Message-57-83
21:20:57.275 [pool-1-thread-5] DEBUG com.mnc.udp.UDPServer - UDP-Server: Message-57-83 -> Message-57-83 (/127.0.0.1:49482)
21:20:57.275 [pool-1-thread-1] DEBUG com.mnc.udp.UDPServer - UDP-Server: Message-20-30
21:20:57.275 [pool-1-thread-1] DEBUG com.mnc.udp.UDPServer - UDP-Server: Message-20-30 -> Message-20-30 (/127.0.0.1:49445)
21:20:57.275 [pool-1-thread-1] DEBUG com.mnc.udp.UDPServer - UDP-Server: Message-33-87
21:20:57.275 [pool-1-thread-1] DEBUG com.mnc.udp.UDPServer - UDP-Server: Message-33-87 -> Message-33-87 (/127.0.0.1:49458)
21:20:57.275 [pool-1-thread-3] DEBUG com.mnc.udp.UDPServer - UDP-Server: Message-57-54
21:20:57.275 [pool-1-thread-3] DEBUG com.mnc.udp.UDPServer - UDP-Server: Message-57-54 -> Message-57-54 (/127.0.0.1:49482)
21:20:57.275 [pool-1-thread-3] DEBUG com.mnc.udp.UDPServer - UDP-Server: Message-20-28
21:20:57.275 [pool-1-thread-3] DEBUG com.mnc.udp.UDPServer - UDP-Server: Message-20-28 -> Message-20-28 (/127.0.0.1:49445)
21:20:57.275 [pool-1-thread-3] DEBUG com.mnc.udp.UDPServer - UDP-Server: Message-33-42
21:20:57.275 [pool-1-thread-3] DEBUG com.mnc.udp.UDPServer - UDP-Server: Message-33-42 -> Message-33-42 (/127.0.0.1:49458)
21:20:57.275 [pool-1-thread-3] DEBUG com.mnc.udp.UDPServer - UDP-Server: Message-57-55
21:20:57.275 [pool-1-thread-3] DEBUG com.mnc.udp.UDPServer - UDP-Server: Message-57-55 -> Message-57-55 (/127.0.0.1:49482)
21:20:57.275 [pool-1-thread-1] DEBUG com.mnc.udp.UDPServer - UDP-Server: Message-33-38
21:20:57.275 [pool-1-thread-1] DEBUG com.mnc.udp.UDPServer - UDP-Server: Message-33-38 -> Message-33-38 (/127.0.0.1:49458)
21:20:57.275 [pool-1-thread-5] DEBUG com.mnc.udp.UDPServer - UDP-Server: Message-57-40
21:20:57.275 [pool-1-thread-5] DEBUG com.mnc.udp.UDPServer - UDP-Server: Message-57-40 -> Message-57-40 (/127.0.0.1:49482)
21:20:57.275 [pool-1-thread-4] DEBUG com.mnc.udp.UDPServer - UDP-Server: Message-57-41
21:20:57.275 [pool-1-thread-4] DEBUG com.mnc.udp.UDPServer - UDP-Server: Message-57-41 -> Message-57-41 (/127.0.0.1:49482)
21:20:57.275 [pool-1-thread-2] DEBUG com.mnc.udp.UDPServer - UDP-Server: Message-20-82
21:20:57.275 [pool-1-thread-2] DEBUG com.mnc.udp.UDPServer - UDP-Server: Message-20-82 -> Message-20-82 (/127.0.0.1:49445)
21:20:57.275 [pool-1-thread-3] DEBUG com.mnc.udp.UDPServer - UDP-Server: Message-33-39
21:20:57.275 [pool-1-thread-3] DEBUG com.mnc.udp.UDPServer - UDP-Server: Message-33-39 -> Message-33-39 (/127.0.0.1:49458)
21:20:57.275 [pool-1-thread-1] DEBUG com.mnc.udp.UDPServer - UDP-Server: Message-57-42
21:20:57.275 [pool-1-thread-5] DEBUG com.mnc.udp.UDPServer - UDP-Server: Message-20-83
21:20:57.275 [pool-1-thread-1] DEBUG com.mnc.udp.UDPServer - UDP-Server: Message-57-42 -> Message-57-42 (/127.0.0.1:49482)
21:20:57.275 [pool-1-thread-4] DEBUG com.mnc.udp.UDPServer - UDP-Server: Message-33-37
21:20:57.275 [pool-1-thread-4] DEBUG com.mnc.udp.UDPServer - UDP-Server: Message-33-37 -> Message-33-37 (/127.0.0.1:49458)
21:20:57.275 [pool-1-thread-5] DEBUG com.mnc.udp.UDPServer - UDP-Server: Message-20-83 -> Message-20-83 (/127.0.0.1:49445)
21:20:57.275 [pool-1-thread-4] DEBUG com.mnc.udp.UDPServer - UDP-Server: Message-57-38
21:20:57.275 [pool-1-thread-4] DEBUG com.mnc.udp.UDPServer - UDP-Server: Message-57-38 -> Message-57-38 (/127.0.0.1:49482)
21:20:57.275 [pool-1-thread-3] DEBUG com.mnc.udp.UDPServer - UDP-Server: Message-33-18
21:20:57.275 [pool-1-thread-1] DEBUG com.mnc.udp.UDPServer - UDP-Server: Message-20-46
21:20:57.275 [pool-1-thread-2] DEBUG com.mnc.udp.UDPServer - UDP-Server: Message-57-39
21:20:57.275 [pool-1-thread-1] DEBUG com.mnc.udp.UDPServer - UDP-Server: Message-20-46 -> Message-20-46 (/127.0.0.1:49445)
21:20:57.275 [pool-1-thread-3] DEBUG com.mnc.udp.UDPServer - UDP-Server: Message-33-18 -> Message-33-18 (/127.0.0.1:49458)
21:20:57.275 [pool-1-thread-2] DEBUG com.mnc.udp.UDPServer - UDP-Server: Message-57-39 -> Message-57-39 (/127.0.0.1:49482)
21:20:57.276 [pool-1-thread-5] DEBUG com.mnc.udp.UDPServer - UDP-Server: Message-20-47
21:20:57.276 [pool-1-thread-5] DEBUG com.mnc.udp.UDPServer - UDP-Server: Message-20-47 -> Message-20-47 (/127.0.0.1:49445)
21:20:57.276 [pool-1-thread-4] DEBUG com.mnc.udp.UDPServer - UDP-Server: Message-33-7
21:20:57.276 [pool-1-thread-1] DEBUG com.mnc.udp.UDPServer - UDP-Server: Message-57-71
21:20:57.276 [pool-1-thread-4] DEBUG com.mnc.udp.UDPServer - UDP-Server: Message-33-7 -> Message-33-7 (/127.0.0.1:49458)
21:20:57.276 [pool-1-thread-1] DEBUG com.mnc.udp.UDPServer - UDP-Server: Message-57-71 -> Message-57-71 (/127.0.0.1:49482)
21:20:57.276 [pool-1-thread-3] DEBUG com.mnc.udp.UDPServer - UDP-Server: Message-20-92
21:20:57.276 [pool-1-thread-3] DEBUG com.mnc.udp.UDPServer - UDP-Server: Message-20-92 -> Message-20-92 (/127.0.0.1:49445)
21:20:57.276 [pool-1-thread-2] DEBUG com.mnc.udp.UDPServer - UDP-Server: Message-33-8
21:20:57.276 [pool-1-thread-2] DEBUG com.mnc.udp.UDPServer - UDP-Server: Message-33-8 -> Message-33-8 (/127.0.0.1:49458)
21:20:57.276 [pool-1-thread-2] DEBUG com.mnc.udp.UDPServer - UDP-Server: Message-57-72
21:20:57.276 [pool-1-thread-2] DEBUG com.mnc.udp.UDPServer - UDP-Server: Message-57-72 -> Message-57-72 (/127.0.0.1:49482)
21:20:57.276 [pool-1-thread-4] DEBUG com.mnc.udp.UDPServer - UDP-Server: Message-20-81
21:20:57.276 [pool-1-thread-4] DEBUG com.mnc.udp.UDPServer - UDP-Server: Message-20-81 -> Message-20-81 (/127.0.0.1:49445)
21:20:57.276 [pool-1-thread-1] DEBUG com.mnc.udp.UDPServer - UDP-Server: Message-33-6
21:20:57.276 [pool-1-thread-1] DEBUG com.mnc.udp.UDPServer - UDP-Server: Message-33-6 -> Message-33-6 (/127.0.0.1:49458)
21:20:57.276 [pool-1-thread-3] DEBUG com.mnc.udp.UDPServer - UDP-Server: Message-57-73
21:20:57.276 [pool-1-thread-3] DEBUG com.mnc.udp.UDPServer - UDP-Server: Message-57-73 -> Message-57-73 (/127.0.0.1:49482)
21:20:57.276 [pool-1-thread-5] DEBUG com.mnc.udp.UDPServer - UDP-Server: Message-20-85
21:20:57.276 [pool-1-thread-5] DEBUG com.mnc.udp.UDPServer - UDP-Server: Message-20-85 -> Message-20-85 (/127.0.0.1:49445)
21:20:57.276 [pool-1-thread-2] DEBUG com.mnc.udp.UDPServer - UDP-Server: Message-33-82
21:20:57.276 [pool-1-thread-2] DEBUG com.mnc.udp.UDPServer - UDP-Server: Message-33-82 -> Message-33-82 (/127.0.0.1:49458)
21:20:57.276 [pool-1-thread-4] DEBUG com.mnc.udp.UDPServer - UDP-Server: Message-57-74
21:20:57.276 [pool-1-thread-4] DEBUG com.mnc.udp.UDPServer - UDP-Server: Message-57-74 -> Message-57-74 (/127.0.0.1:49482)
21:20:57.276 [pool-1-thread-1] DEBUG com.mnc.udp.UDPServer - UDP-Server: Message-20-86
21:20:57.276 [pool-1-thread-1] DEBUG com.mnc.udp.UDPServer - UDP-Server: Message-20-86 -> Message-20-86 (/127.0.0.1:49445)
21:20:57.276 [pool-1-thread-3] DEBUG com.mnc.udp.UDPServer - UDP-Server: Message-33-96
21:20:57.276 [pool-1-thread-5] DEBUG com.mnc.udp.UDPServer - UDP-Server: Message-57-69
21:20:57.276 [pool-1-thread-3] DEBUG com.mnc.udp.UDPServer - UDP-Server: Message-33-96 -> Message-33-96 (/127.0.0.1:49458)
21:20:57.276 [pool-1-thread-2] DEBUG com.mnc.udp.UDPServer - UDP-Server: Message-20-84
21:20:57.276 [pool-1-thread-5] DEBUG com.mnc.udp.UDPServer - UDP-Server: Message-57-69 -> Message-57-69 (/127.0.0.1:49482)
21:20:57.276 [pool-1-thread-2] DEBUG com.mnc.udp.UDPServer - UDP-Server: Message-20-84 -> Message-20-84 (/127.0.0.1:49445)
21:20:57.276 [pool-1-thread-4] DEBUG com.mnc.udp.UDPServer - UDP-Server: Message-33-97
21:20:57.276 [pool-1-thread-4] DEBUG com.mnc.udp.UDPServer - UDP-Server: Message-33-97 -> Message-33-97 (/127.0.0.1:49458)
21:20:57.276 [pool-1-thread-1] DEBUG com.mnc.udp.UDPServer - UDP-Server: Message-57-70
21:20:57.276 [pool-1-thread-4] DEBUG com.mnc.udp.UDPServer - UDP-Server: Message-20-88
21:20:57.276 [pool-1-thread-4] DEBUG com.mnc.udp.UDPServer - UDP-Server: Message-20-88 -> Message-20-88 (/127.0.0.1:49445)
21:20:57.276 [pool-1-thread-1] DEBUG com.mnc.udp.UDPServer - UDP-Server: Message-57-70 -> Message-57-70 (/127.0.0.1:49482)
21:20:57.276 [pool-1-thread-5] DEBUG com.mnc.udp.UDPServer - UDP-Server: Message-33-98
21:20:57.276 [pool-1-thread-5] DEBUG com.mnc.udp.UDPServer - UDP-Server: Message-33-98 -> Message-33-98 (/127.0.0.1:49458)
21:20:57.276 [pool-1-thread-2] DEBUG com.mnc.udp.UDPServer - UDP-Server: Message-20-89
21:20:57.276 [pool-1-thread-3] DEBUG com.mnc.udp.UDPServer - UDP-Server: Message-57-68
21:20:57.276 [pool-1-thread-3] DEBUG com.mnc.udp.UDPServer - UDP-Server: Message-57-68 -> Message-57-68 (/127.0.0.1:49482)
21:20:57.276 [pool-1-thread-2] DEBUG com.mnc.udp.UDPServer - UDP-Server: Message-20-89 -> Message-20-89 (/127.0.0.1:49445)
21:20:57.276 [pool-1-thread-4] DEBUG com.mnc.udp.UDPServer - UDP-Server: Message-33-99
21:20:57.276 [pool-1-thread-4] DEBUG com.mnc.udp.UDPServer - UDP-Server: Message-33-99 -> Message-33-99 (/127.0.0.1:49458)
21:20:57.276 [pool-1-thread-4] DEBUG com.mnc.udp.UDPServer - UDP-Server: Message-57-66
21:20:57.276 [pool-1-thread-4] DEBUG com.mnc.udp.UDPServer - UDP-Server: Message-57-66 -> Message-57-66 (/127.0.0.1:49482)
21:20:57.276 [pool-1-thread-1] DEBUG com.mnc.udp.UDPServer - UDP-Server: Message-20-87
21:20:57.276 [pool-1-thread-1] DEBUG com.mnc.udp.UDPServer - UDP-Server: Message-20-87 -> Message-20-87 (/127.0.0.1:49445)
21:20:57.276 [pool-1-thread-3] DEBUG com.mnc.udp.UDPServer - UDP-Server: Message-33-94
21:20:57.276 [pool-1-thread-3] DEBUG com.mnc.udp.UDPServer - UDP-Server: Message-33-94 -> Message-33-94 (/127.0.0.1:49458)
21:20:57.276 [pool-1-thread-2] DEBUG com.mnc.udp.UDPServer - UDP-Server: Message-57-67
21:20:57.276 [pool-1-thread-2] DEBUG com.mnc.udp.UDPServer - UDP-Server: Message-57-67 -> Message-57-67 (/127.0.0.1:49482)
21:20:57.276 [pool-1-thread-5] DEBUG com.mnc.udp.UDPServer - UDP-Server: Message-20-96
21:20:57.276 [pool-1-thread-5] DEBUG com.mnc.udp.UDPServer - UDP-Server: Message-20-96 -> Message-20-96 (/127.0.0.1:49445)
21:20:57.277 [pool-1-thread-5] DEBUG com.mnc.udp.UDPServer - UDP-Server: Message-33-95
21:20:57.277 [pool-1-thread-5] DEBUG com.mnc.udp.UDPServer - UDP-Server: Message-33-95 -> Message-33-95 (/127.0.0.1:49458)
21:20:57.277 [pool-1-thread-5] DEBUG com.mnc.udp.UDPServer - UDP-Server: Message-55-32
21:20:57.277 [pool-1-thread-5] DEBUG com.mnc.udp.UDPServer - UDP-Server: Message-55-32 -> Message-55-32 (/127.0.0.1:49480)
21:20:57.277 [pool-1-thread-1] DEBUG com.mnc.udp.UDPServer - UDP-Server: Message-57-62
21:20:57.277 [pool-1-thread-5] DEBUG com.mnc.udp.UDPServer - UDP-Server: Message-20-97
21:20:57.277 [pool-1-thread-5] DEBUG com.mnc.udp.UDPServer - UDP-Server: Message-20-97 -> Message-20-97 (/127.0.0.1:49445)
21:20:57.277 [pool-1-thread-1] DEBUG com.mnc.udp.UDPServer - UDP-Server: Message-57-62 -> Message-57-62 (/127.0.0.1:49482)
21:20:57.277 [pool-1-thread-4] DEBUG com.mnc.udp.UDPServer - UDP-Server: Message-33-93
21:20:57.277 [pool-1-thread-4] DEBUG com.mnc.udp.UDPServer - UDP-Server: Message-33-93 -> Message-33-93 (/127.0.0.1:49458)
21:20:57.277 [pool-1-thread-1] DEBUG com.mnc.udp.UDPServer - UDP-Server: Message-55-33
21:20:57.277 [pool-1-thread-1] DEBUG com.mnc.udp.UDPServer - UDP-Server: Message-55-33 -> Message-55-33 (/127.0.0.1:49480)
21:20:57.277 [pool-1-thread-2] DEBUG com.mnc.udp.UDPServer - UDP-Server: Message-20-98
21:20:57.277 [pool-1-thread-3] DEBUG com.mnc.udp.UDPServer - UDP-Server: Message-33-57
21:20:57.277 [pool-1-thread-2] DEBUG com.mnc.udp.UDPServer - UDP-Server: Message-20-98 -> Message-20-98 (/127.0.0.1:49445)
21:20:57.277 [pool-1-thread-4] DEBUG com.mnc.udp.UDPServer - UDP-Server: Message-57-37
21:20:57.277 [pool-1-thread-4] DEBUG com.mnc.udp.UDPServer - UDP-Server: Message-57-37 -> Message-57-37 (/127.0.0.1:49482)
21:20:57.277 [pool-1-thread-2] DEBUG com.mnc.udp.UDPServer - UDP-Server: Message-55-31
21:20:57.277 [pool-1-thread-2] DEBUG com.mnc.udp.UDPServer - UDP-Server: Message-55-31 -> Message-55-31 (/127.0.0.1:49480)
21:20:57.277 [pool-1-thread-3] DEBUG com.mnc.udp.UDPServer - UDP-Server: Message-33-57 -> Message-33-57 (/127.0.0.1:49458)
21:20:57.277 [pool-1-thread-1] DEBUG com.mnc.udp.UDPServer - UDP-Server: Message-20-99
21:20:57.277 [pool-1-thread-4] DEBUG com.mnc.udp.UDPServer - UDP-Server: Message-57-51
21:20:57.277 [pool-1-thread-1] DEBUG com.mnc.udp.UDPServer - UDP-Server: Message-20-99 -> Message-20-99 (/127.0.0.1:49445)
21:20:57.277 [pool-1-thread-4] DEBUG com.mnc.udp.UDPServer - UDP-Server: Message-57-51 -> Message-57-51 (/127.0.0.1:49482)
21:20:57.277 [pool-1-thread-5] DEBUG com.mnc.udp.UDPServer - UDP-Server: Message-33-58
21:20:57.277 [pool-1-thread-5] DEBUG com.mnc.udp.UDPServer - UDP-Server: Message-33-58 -> Message-33-58 (/127.0.0.1:49458)
21:20:57.277 [pool-1-thread-2] DEBUG com.mnc.udp.UDPServer - UDP-Server: Message-55-35
21:20:57.277 [pool-1-thread-2] DEBUG com.mnc.udp.UDPServer - UDP-Server: Message-55-35 -> Message-55-35 (/127.0.0.1:49480)
21:20:57.277 [pool-1-thread-3] DEBUG com.mnc.udp.UDPServer - UDP-Server: Message-20-78
21:20:57.277 [pool-1-thread-3] DEBUG com.mnc.udp.UDPServer - UDP-Server: Message-20-78 -> Message-20-78 (/127.0.0.1:49445)
21:20:57.277 [pool-1-thread-1] DEBUG com.mnc.udp.UDPServer - UDP-Server: Message-33-56
21:20:57.277 [pool-1-thread-1] DEBUG com.mnc.udp.UDPServer - UDP-Server: Message-33-56 -> Message-33-56 (/127.0.0.1:49458)
21:20:57.277 [pool-1-thread-3] DEBUG com.mnc.udp.UDPServer - UDP-Server: Message-55-36
21:20:57.277 [pool-1-thread-4] DEBUG com.mnc.udp.UDPServer - UDP-Server: Message-57-52
21:20:57.277 [pool-1-thread-4] DEBUG com.mnc.udp.UDPServer - UDP-Server: Message-57-52 -> Message-57-52 (/127.0.0.1:49482)
21:20:57.277 [pool-1-thread-3] DEBUG com.mnc.udp.UDPServer - UDP-Server: Message-55-36 -> Message-55-36 (/127.0.0.1:49480)
21:20:57.277 [pool-1-thread-4] DEBUG com.mnc.udp.UDPServer - UDP-Server: Message-20-79
21:20:57.277 [pool-1-thread-4] DEBUG com.mnc.udp.UDPServer - UDP-Server: Message-20-79 -> Message-20-79 (/127.0.0.1:49445)
21:20:57.277 [pool-1-thread-4] DEBUG com.mnc.udp.UDPServer - UDP-Server: Message-33-60
21:20:57.277 [pool-1-thread-4] DEBUG com.mnc.udp.UDPServer - UDP-Server: Message-33-60 -> Message-33-60 (/127.0.0.1:49458)
21:20:57.277 [pool-1-thread-4] DEBUG com.mnc.udp.UDPServer - UDP-Server: Message-55-34
21:20:57.277 [pool-1-thread-3] DEBUG com.mnc.udp.UDPServer - UDP-Server: Message-20-80
21:20:57.277 [pool-1-thread-4] DEBUG com.mnc.udp.UDPServer - UDP-Server: Message-55-34 -> Message-55-34 (/127.0.0.1:49480)
21:20:57.277 [pool-1-thread-3] DEBUG com.mnc.udp.UDPServer - UDP-Server: Message-20-80 -> Message-20-80 (/127.0.0.1:49445)
21:20:57.277 [pool-1-thread-1] DEBUG com.mnc.udp.UDPServer - UDP-Server: Message-57-50
21:20:57.277 [pool-1-thread-4] DEBUG com.mnc.udp.UDPServer - UDP-Server: Message-33-61
21:20:57.277 [pool-1-thread-1] DEBUG com.mnc.udp.UDPServer - UDP-Server: Message-57-50 -> Message-57-50 (/127.0.0.1:49482)
21:20:57.277 [pool-1-thread-4] DEBUG com.mnc.udp.UDPServer - UDP-Server: Message-33-61 -> Message-33-61 (/127.0.0.1:49458)
21:20:57.277 [pool-1-thread-2] DEBUG com.mnc.udp.UDPServer - UDP-Server: Message-55-28
21:20:57.277 [pool-1-thread-2] DEBUG com.mnc.udp.UDPServer - UDP-Server: Message-55-28 -> Message-55-28 (/127.0.0.1:49480)
21:20:57.277 [pool-1-thread-3] DEBUG com.mnc.udp.UDPServer - UDP-Server: Message-20-94
21:20:57.277 [pool-1-thread-5] DEBUG com.mnc.udp.UDPServer - UDP-Server: Message-33-83
21:20:57.277 [pool-1-thread-5] DEBUG com.mnc.udp.UDPServer - UDP-Server: Message-33-83 -> Message-33-83 (/127.0.0.1:49458)
21:20:57.277 [pool-1-thread-2] DEBUG com.mnc.udp.UDPServer - UDP-Server: Message-57-63
21:20:57.277 [pool-1-thread-3] DEBUG com.mnc.udp.UDPServer - UDP-Server: Message-20-94 -> Message-20-94 (/127.0.0.1:49445)
21:20:57.277 [pool-1-thread-2] DEBUG com.mnc.udp.UDPServer - UDP-Server: Message-57-63 -> Message-57-63 (/127.0.0.1:49482)
21:20:57.277 [pool-1-thread-2] DEBUG com.mnc.udp.UDPServer - UDP-Server: Message-55-29
21:20:57.277 [pool-1-thread-2] DEBUG com.mnc.udp.UDPServer - UDP-Server: Message-55-29 -> Message-55-29 (/127.0.0.1:49480)
21:20:57.277 [pool-1-thread-1] DEBUG com.mnc.udp.UDPServer - UDP-Server: Message-33-10
21:20:57.277 [pool-1-thread-1] DEBUG com.mnc.udp.UDPServer - UDP-Server: Message-33-10 -> Message-33-10 (/127.0.0.1:49458)
21:20:57.277 [pool-1-thread-5] DEBUG com.mnc.udp.UDPServer - UDP-Server: Message-20-95
21:20:57.277 [pool-1-thread-4] DEBUG com.mnc.udp.UDPServer - UDP-Server: Message-55-30
21:20:57.277 [pool-1-thread-4] DEBUG com.mnc.udp.UDPServer - UDP-Server: Message-55-30 -> Message-55-30 (/127.0.0.1:49480)
21:20:57.277 [pool-1-thread-3] DEBUG com.mnc.udp.UDPServer - UDP-Server: Message-57-64
21:20:57.277 [pool-1-thread-3] DEBUG com.mnc.udp.UDPServer - UDP-Server: Message-57-64 -> Message-57-64 (/127.0.0.1:49482)
21:20:57.277 [pool-1-thread-5] DEBUG com.mnc.udp.UDPServer - UDP-Server: Message-20-95 -> Message-20-95 (/127.0.0.1:49445)
21:20:57.277 [pool-1-thread-4] DEBUG com.mnc.udp.UDPServer - UDP-Server: Message-55-26
21:20:57.278 [pool-1-thread-4] DEBUG com.mnc.udp.UDPServer - UDP-Server: Message-55-26 -> Message-55-26 (/127.0.0.1:49480)
21:20:57.277 [pool-1-thread-3] DEBUG com.mnc.udp.UDPServer - UDP-Server: Message-33-11
21:20:57.278 [pool-1-thread-4] DEBUG com.mnc.udp.UDPServer - UDP-Server: Message-20-93
21:20:57.278 [pool-1-thread-2] DEBUG com.mnc.udp.UDPServer - UDP-Server: Message-57-81
21:20:57.278 [pool-1-thread-4] DEBUG com.mnc.udp.UDPServer - UDP-Server: Message-20-93 -> Message-20-93 (/127.0.0.1:49445)
21:20:57.278 [pool-1-thread-3] DEBUG com.mnc.udp.UDPServer - UDP-Server: Message-33-11 -> Message-33-11 (/127.0.0.1:49458)
21:20:57.278 [pool-1-thread-5] DEBUG com.mnc.udp.UDPServer - UDP-Server: Message-55-27
21:20:57.278 [pool-1-thread-5] DEBUG com.mnc.udp.UDPServer - UDP-Server: Message-55-27 -> Message-55-27 (/127.0.0.1:49480)
21:20:57.278 [pool-1-thread-2] DEBUG com.mnc.udp.UDPServer - UDP-Server: Message-57-81 -> Message-57-81 (/127.0.0.1:49482)
21:20:57.278 [pool-1-thread-4] DEBUG com.mnc.udp.UDPServer - UDP-Server: Message-55-71
21:20:57.278 [pool-1-thread-4] DEBUG com.mnc.udp.UDPServer - UDP-Server: Message-55-71 -> Message-55-71 (/127.0.0.1:49480)
21:20:57.278 [pool-1-thread-5] DEBUG com.mnc.udp.UDPServer - UDP-Server: Message-57-85
21:20:57.278 [pool-1-thread-5] DEBUG com.mnc.udp.UDPServer - UDP-Server: Message-57-85 -> Message-57-85 (/127.0.0.1:49482)
21:20:57.278 [pool-1-thread-1] DEBUG com.mnc.udp.UDPServer - UDP-Server: Message-20-76
21:20:57.278 [pool-1-thread-3] DEBUG com.mnc.udp.UDPServer - UDP-Server: Message-33-81
21:20:57.278 [pool-1-thread-3] DEBUG com.mnc.udp.UDPServer - UDP-Server: Message-33-81 -> Message-33-81 (/127.0.0.1:49458)
21:20:57.278 [pool-1-thread-1] DEBUG com.mnc.udp.UDPServer - UDP-Server: Message-20-76 -> Message-20-76 (/127.0.0.1:49445)
21:20:57.278 [pool-1-thread-2] DEBUG com.mnc.udp.UDPServer - UDP-Server: Message-55-72
21:20:57.278 [pool-1-thread-2] DEBUG com.mnc.udp.UDPServer - UDP-Server: Message-55-72 -> Message-55-72 (/127.0.0.1:49480)
21:20:57.278 [pool-1-thread-3] DEBUG com.mnc.udp.UDPServer - UDP-Server: Message-57-86
21:20:57.278 [pool-1-thread-3] DEBUG com.mnc.udp.UDPServer - UDP-Server: Message-57-86 -> Message-57-86 (/127.0.0.1:49482)
21:20:57.278 [pool-1-thread-3] DEBUG com.mnc.udp.UDPServer - UDP-Server: Message-33-59
21:20:57.278 [pool-1-thread-5] DEBUG com.mnc.udp.UDPServer - UDP-Server: Message-20-77
21:20:57.278 [pool-1-thread-3] DEBUG com.mnc.udp.UDPServer - UDP-Server: Message-33-59 -> Message-33-59 (/127.0.0.1:49458)
21:20:57.278 [pool-1-thread-1] DEBUG com.mnc.udp.UDPServer - UDP-Server: Message-55-73
21:20:57.278 [pool-1-thread-4] DEBUG com.mnc.udp.UDPServer - UDP-Server: Message-57-84
21:20:57.278 [pool-1-thread-5] DEBUG com.mnc.udp.UDPServer - UDP-Server: Message-20-77 -> Message-20-77 (/127.0.0.1:49445)
21:20:57.278 [pool-1-thread-4] DEBUG com.mnc.udp.UDPServer - UDP-Server: Message-57-84 -> Message-57-84 (/127.0.0.1:49482)
21:20:57.278 [pool-1-thread-1] DEBUG com.mnc.udp.UDPServer - UDP-Server: Message-55-73 -> Message-55-73 (/127.0.0.1:49480)
21:20:57.278 [pool-1-thread-4] DEBUG com.mnc.udp.UDPServer - UDP-Server: Message-20-75
21:20:57.278 [pool-1-thread-3] DEBUG com.mnc.udp.UDPServer - UDP-Server: Message-33-53
21:20:57.278 [pool-1-thread-3] DEBUG com.mnc.udp.UDPServer - UDP-Server: Message-33-53 -> Message-33-53 (/127.0.0.1:49458)
21:20:57.278 [pool-1-thread-4] DEBUG com.mnc.udp.UDPServer - UDP-Server: Message-20-75 -> Message-20-75 (/127.0.0.1:49445)
21:20:57.278 [pool-1-thread-5] DEBUG com.mnc.udp.UDPServer - UDP-Server: Message-57-78
21:20:57.278 [pool-1-thread-5] DEBUG com.mnc.udp.UDPServer - UDP-Server: Message-57-78 -> Message-57-78 (/127.0.0.1:49482)
21:20:57.278 [pool-1-thread-1] DEBUG com.mnc.udp.UDPServer - UDP-Server: Message-55-74
21:20:57.278 [pool-1-thread-2] DEBUG com.mnc.udp.UDPServer - UDP-Server: Message-33-54
21:20:57.278 [pool-1-thread-2] DEBUG com.mnc.udp.UDPServer - UDP-Server: Message-33-54 -> Message-33-54 (/127.0.0.1:49458)
21:20:57.278 [pool-1-thread-1] DEBUG com.mnc.udp.UDPServer - UDP-Server: Message-55-74 -> Message-55-74 (/127.0.0.1:49480)
21:20:57.278 [pool-1-thread-1] DEBUG com.mnc.udp.UDPServer - UDP-Server: Message-57-79
21:20:57.278 [pool-1-thread-1] DEBUG com.mnc.udp.UDPServer - UDP-Server: Message-57-79 -> Message-57-79 (/127.0.0.1:49482)
21:20:57.278 [pool-1-thread-1] DEBUG com.mnc.udp.UDPServer - UDP-Server: Message-33-55
21:20:57.278 [pool-1-thread-1] DEBUG com.mnc.udp.UDPServer - UDP-Server: Message-33-55 -> Message-33-55 (/127.0.0.1:49458)
21:20:57.278 [pool-1-thread-4] DEBUG com.mnc.udp.UDPServer - UDP-Server: Message-55-90
21:20:57.278 [pool-1-thread-4] DEBUG com.mnc.udp.UDPServer - UDP-Server: Message-55-90 -> Message-55-90 (/127.0.0.1:49480)
21:20:57.278 [pool-1-thread-2] DEBUG com.mnc.udp.UDPServer - UDP-Server: Message-57-80
21:20:57.278 [pool-1-thread-2] DEBUG com.mnc.udp.UDPServer - UDP-Server: Message-57-80 -> Message-57-80 (/127.0.0.1:49482)
21:20:57.278 [pool-1-thread-2] DEBUG com.mnc.udp.UDPServer - UDP-Server: Message-33-78
21:20:57.278 [pool-1-thread-2] DEBUG com.mnc.udp.UDPServer - UDP-Server: Message-33-78 -> Message-33-78 (/127.0.0.1:49458)
21:20:57.278 [pool-1-thread-3] DEBUG com.mnc.udp.UDPServer - UDP-Server: Message-55-91
21:20:57.278 [pool-1-thread-3] DEBUG com.mnc.udp.UDPServer - UDP-Server: Message-55-91 -> Message-55-91 (/127.0.0.1:49480)
21:20:57.278 [pool-1-thread-3] DEBUG com.mnc.udp.UDPServer - UDP-Server: Message-57-15
21:20:57.278 [pool-1-thread-3] DEBUG com.mnc.udp.UDPServer - UDP-Server: Message-57-15 -> Message-57-15 (/127.0.0.1:49482)
21:20:57.278 [pool-1-thread-4] DEBUG com.mnc.udp.UDPServer - UDP-Server: Message-33-79
21:20:57.278 [pool-1-thread-4] DEBUG com.mnc.udp.UDPServer - UDP-Server: Message-33-79 -> Message-33-79 (/127.0.0.1:49458)
21:20:57.278 [pool-1-thread-4] DEBUG com.mnc.udp.UDPServer - UDP-Server: Message-57-16
21:20:57.278 [pool-1-thread-4] DEBUG com.mnc.udp.UDPServer - UDP-Server: Message-57-16 -> Message-57-16 (/127.0.0.1:49482)
21:20:57.278 [pool-1-thread-2] DEBUG com.mnc.udp.UDPServer - UDP-Server: Message-55-92
21:20:57.278 [pool-1-thread-2] DEBUG com.mnc.udp.UDPServer - UDP-Server: Message-55-92 -> Message-55-92 (/127.0.0.1:49480)
21:20:57.278 [pool-1-thread-2] DEBUG com.mnc.udp.UDPServer - UDP-Server: Message-33-80
21:20:57.278 [pool-1-thread-2] DEBUG com.mnc.udp.UDPServer - UDP-Server: Message-33-80 -> Message-33-80 (/127.0.0.1:49458)
21:20:57.278 [pool-1-thread-2] DEBUG com.mnc.udp.UDPServer - UDP-Server: Message-57-17
21:20:57.278 [pool-1-thread-2] DEBUG com.mnc.udp.UDPServer - UDP-Server: Message-57-17 -> Message-57-17 (/127.0.0.1:49482)
21:20:57.278 [pool-1-thread-5] DEBUG com.mnc.udp.UDPServer - UDP-Server: Message-55-88
21:20:57.278 [pool-1-thread-5] DEBUG com.mnc.udp.UDPServer - UDP-Server: Message-55-88 -> Message-55-88 (/127.0.0.1:49480)
21:20:57.279 [pool-1-thread-5] DEBUG com.mnc.udp.UDPServer - UDP-Server: Message-33-51
21:20:57.279 [pool-1-thread-4] DEBUG com.mnc.udp.UDPServer - UDP-Server: Message-57-13
21:20:57.279 [pool-1-thread-5] DEBUG com.mnc.udp.UDPServer - UDP-Server: Message-33-51 -> Message-33-51 (/127.0.0.1:49458)
21:20:57.279 [pool-1-thread-3] DEBUG com.mnc.udp.UDPServer - UDP-Server: Message-55-89
21:20:57.279 [pool-1-thread-3] DEBUG com.mnc.udp.UDPServer - UDP-Server: Message-55-89 -> Message-55-89 (/127.0.0.1:49480)
21:20:57.279 [pool-1-thread-4] DEBUG com.mnc.udp.UDPServer - UDP-Server: Message-57-13 -> Message-57-13 (/127.0.0.1:49482)
21:20:57.279 [pool-1-thread-2] DEBUG com.mnc.udp.UDPServer - UDP-Server: Message-33-52
21:20:57.279 [pool-1-thread-2] DEBUG com.mnc.udp.UDPServer - UDP-Server: Message-33-52 -> Message-33-52 (/127.0.0.1:49458)
21:20:57.279 [pool-1-thread-5] DEBUG com.mnc.udp.UDPServer - UDP-Server: Message-57-14
21:20:57.279 [pool-1-thread-1] DEBUG com.mnc.udp.UDPServer - UDP-Server: Message-55-87
21:20:57.279 [pool-1-thread-5] DEBUG com.mnc.udp.UDPServer - UDP-Server: Message-57-14 -> Message-57-14 (/127.0.0.1:49482)
21:20:57.279 [pool-1-thread-1] DEBUG com.mnc.udp.UDPServer - UDP-Server: Message-55-87 -> Message-55-87 (/127.0.0.1:49480)
21:20:57.279 [pool-1-thread-1] DEBUG com.mnc.udp.UDPServer - UDP-Server: Message-33-50
21:20:57.279 [pool-1-thread-1] DEBUG com.mnc.udp.UDPServer - UDP-Server: Message-33-50 -> Message-33-50 (/127.0.0.1:49458)
21:20:57.279 [pool-1-thread-4] DEBUG com.mnc.udp.UDPServer - UDP-Server: Message-57-12
21:20:57.279 [pool-1-thread-4] DEBUG com.mnc.udp.UDPServer - UDP-Server: Message-57-12 -> Message-57-12 (/127.0.0.1:49482)
21:20:57.279 [pool-1-thread-2] DEBUG com.mnc.udp.UDPServer - UDP-Server: Message-55-96
21:20:57.279 [pool-1-thread-2] DEBUG com.mnc.udp.UDPServer - UDP-Server: Message-55-96 -> Message-55-96 (/127.0.0.1:49480)
21:20:57.279 [pool-1-thread-2] DEBUG com.mnc.udp.UDPServer - UDP-Server: Message-33-71
21:20:57.279 [pool-1-thread-2] DEBUG com.mnc.udp.UDPServer - UDP-Server: Message-33-71 -> Message-33-71 (/127.0.0.1:49458)
21:20:57.279 [pool-1-thread-3] DEBUG com.mnc.udp.UDPServer - UDP-Server: Message-57-21
21:20:57.279 [pool-1-thread-3] DEBUG com.mnc.udp.UDPServer - UDP-Server: Message-57-21 -> Message-57-21 (/127.0.0.1:49482)
21:20:57.279 [pool-1-thread-3] DEBUG com.mnc.udp.UDPServer - UDP-Server: Message-55-97
21:20:57.279 [pool-1-thread-3] DEBUG com.mnc.udp.UDPServer - UDP-Server: Message-55-97 -> Message-55-97 (/127.0.0.1:49480)
21:20:57.279 [pool-1-thread-3] DEBUG com.mnc.udp.UDPServer - UDP-Server: Message-33-72
21:20:57.279 [pool-1-thread-3] DEBUG com.mnc.udp.UDPServer - UDP-Server: Message-33-72 -> Message-33-72 (/127.0.0.1:49458)
21:20:57.279 [pool-1-thread-5] DEBUG com.mnc.udp.UDPServer - UDP-Server: Message-57-22
21:20:57.279 [pool-1-thread-2] DEBUG com.mnc.udp.UDPServer - UDP-Server: Message-55-98
21:20:57.279 [pool-1-thread-2] DEBUG com.mnc.udp.UDPServer - UDP-Server: Message-55-98 -> Message-55-98 (/127.0.0.1:49480)
21:20:57.279 [pool-1-thread-1] DEBUG com.mnc.udp.UDPServer - UDP-Server: Message-33-73
21:20:57.279 [pool-1-thread-5] DEBUG com.mnc.udp.UDPServer - UDP-Server: Message-57-22 -> Message-57-22 (/127.0.0.1:49482)
21:20:57.279 [pool-1-thread-1] DEBUG com.mnc.udp.UDPServer - UDP-Server: Message-33-73 -> Message-33-73 (/127.0.0.1:49458)
21:20:57.279 [pool-1-thread-4] DEBUG com.mnc.udp.UDPServer - UDP-Server: Message-55-99
21:20:57.279 [pool-1-thread-4] DEBUG com.mnc.udp.UDPServer - UDP-Server: Message-55-99 -> Message-55-99 (/127.0.0.1:49480)
21:20:57.279 [pool-1-thread-3] DEBUG com.mnc.udp.UDPServer - UDP-Server: Message-57-23
21:20:57.279 [pool-1-thread-3] DEBUG com.mnc.udp.UDPServer - UDP-Server: Message-57-23 -> Message-57-23 (/127.0.0.1:49482)
21:20:57.279 [pool-1-thread-2] DEBUG com.mnc.udp.UDPServer - UDP-Server: Message-33-74
21:20:57.279 [pool-1-thread-2] DEBUG com.mnc.udp.UDPServer - UDP-Server: Message-33-74 -> Message-33-74 (/127.0.0.1:49458)
21:20:57.279 [pool-1-thread-3] DEBUG com.mnc.udp.UDPServer - UDP-Server: Message-55-94
21:20:57.279 [pool-1-thread-3] DEBUG com.mnc.udp.UDPServer - UDP-Server: Message-55-94 -> Message-55-94 (/127.0.0.1:49480)
21:20:57.279 [pool-1-thread-1] DEBUG com.mnc.udp.UDPServer - UDP-Server: Message-57-24
21:20:57.279 [pool-1-thread-4] DEBUG com.mnc.udp.UDPServer - UDP-Server: Message-33-85
21:20:57.279 [pool-1-thread-4] DEBUG com.mnc.udp.UDPServer - UDP-Server: Message-33-85 -> Message-33-85 (/127.0.0.1:49458)
21:20:57.279 [pool-1-thread-1] DEBUG com.mnc.udp.UDPServer - UDP-Server: Message-57-24 -> Message-57-24 (/127.0.0.1:49482)
21:20:57.279 [pool-1-thread-5] DEBUG com.mnc.udp.UDPServer - UDP-Server: Message-55-95
21:20:57.279 [pool-1-thread-5] DEBUG com.mnc.udp.UDPServer - UDP-Server: Message-55-95 -> Message-55-95 (/127.0.0.1:49480)
21:20:57.279 [pool-1-thread-2] DEBUG com.mnc.udp.UDPServer - UDP-Server: Message-33-86
21:20:57.279 [pool-1-thread-2] DEBUG com.mnc.udp.UDPServer - UDP-Server: Message-33-86 -> Message-33-86 (/127.0.0.1:49458)
21:20:57.279 [pool-1-thread-5] DEBUG com.mnc.udp.UDPServer - UDP-Server: Message-57-19
21:20:57.279 [pool-1-thread-5] DEBUG com.mnc.udp.UDPServer - UDP-Server: Message-57-19 -> Message-57-19 (/127.0.0.1:49482)
21:20:57.279 [pool-1-thread-5] DEBUG com.mnc.udp.UDPServer - UDP-Server: Message-55-93
21:20:57.279 [pool-1-thread-5] DEBUG com.mnc.udp.UDPServer - UDP-Server: Message-55-93 -> Message-55-93 (/127.0.0.1:49480)
21:20:57.279 [pool-1-thread-1] DEBUG com.mnc.udp.UDPServer - UDP-Server: Message-33-84
21:20:57.279 [pool-1-thread-1] DEBUG com.mnc.udp.UDPServer - UDP-Server: Message-33-84 -> Message-33-84 (/127.0.0.1:49458)
21:20:57.279 [pool-1-thread-5] DEBUG com.mnc.udp.UDPServer - UDP-Server: Message-57-20
21:20:57.279 [pool-1-thread-5] DEBUG com.mnc.udp.UDPServer - UDP-Server: Message-57-20 -> Message-57-20 (/127.0.0.1:49482)
21:20:57.279 [pool-1-thread-2] DEBUG com.mnc.udp.UDPServer - UDP-Server: Message-55-63
21:20:57.279 [pool-1-thread-2] DEBUG com.mnc.udp.UDPServer - UDP-Server: Message-55-63 -> Message-55-63 (/127.0.0.1:49480)
21:20:57.279 [pool-1-thread-4] DEBUG com.mnc.udp.UDPServer - UDP-Server: Message-33-9
21:20:57.279 [pool-1-thread-4] DEBUG com.mnc.udp.UDPServer - UDP-Server: Message-33-9 -> Message-33-9 (/127.0.0.1:49458)
21:20:57.279 [pool-1-thread-1] DEBUG com.mnc.udp.UDPServer - UDP-Server: Message-57-18
21:20:57.279 [pool-1-thread-1] DEBUG com.mnc.udp.UDPServer - UDP-Server: Message-57-18 -> Message-57-18 (/127.0.0.1:49482)
21:20:57.280 [pool-1-thread-3] DEBUG com.mnc.udp.UDPServer - UDP-Server: Message-55-64
21:20:57.280 [pool-1-thread-3] DEBUG com.mnc.udp.UDPServer - UDP-Server: Message-55-64 -> Message-55-64 (/127.0.0.1:49480)
21:20:57.280 [pool-1-thread-1] DEBUG com.mnc.udp.UDPServer - UDP-Server: Message-33-68
21:20:57.280 [pool-1-thread-1] DEBUG com.mnc.udp.UDPServer - UDP-Server: Message-33-68 -> Message-33-68 (/127.0.0.1:49458)
21:20:57.280 [pool-1-thread-2] DEBUG com.mnc.udp.UDPServer - UDP-Server: Message-57-7
21:20:57.280 [pool-1-thread-2] DEBUG com.mnc.udp.UDPServer - UDP-Server: Message-57-7 -> Message-57-7 (/127.0.0.1:49482)
21:20:57.280 [pool-1-thread-5] DEBUG com.mnc.udp.UDPServer - UDP-Server: Message-33-69
21:20:57.280 [pool-1-thread-5] DEBUG com.mnc.udp.UDPServer - UDP-Server: Message-33-69 -> Message-33-69 (/127.0.0.1:49458)
21:20:57.280 [pool-1-thread-4] DEBUG com.mnc.udp.UDPServer - UDP-Server: Message-55-62
21:20:57.280 [pool-1-thread-3] DEBUG com.mnc.udp.UDPServer - UDP-Server: Message-57-8
21:20:57.280 [pool-1-thread-3] DEBUG com.mnc.udp.UDPServer - UDP-Server: Message-57-8 -> Message-57-8 (/127.0.0.1:49482)
21:20:57.280 [pool-1-thread-4] DEBUG com.mnc.udp.UDPServer - UDP-Server: Message-55-62 -> Message-55-62 (/127.0.0.1:49480)
21:20:57.280 [pool-1-thread-3] DEBUG com.mnc.udp.UDPServer - UDP-Server: Message-33-70
21:20:57.280 [pool-1-thread-3] DEBUG com.mnc.udp.UDPServer - UDP-Server: Message-33-70 -> Message-33-70 (/127.0.0.1:49458)
21:20:57.280 [pool-1-thread-2] DEBUG com.mnc.udp.UDPServer - UDP-Server: Message-57-6
21:20:57.280 [pool-1-thread-2] DEBUG com.mnc.udp.UDPServer - UDP-Server: Message-57-6 -> Message-57-6 (/127.0.0.1:49482)
21:20:57.280 [pool-1-thread-3] DEBUG com.mnc.udp.UDPServer - UDP-Server: Message-55-66
21:20:57.280 [pool-1-thread-3] DEBUG com.mnc.udp.UDPServer - UDP-Server: Message-55-66 -> Message-55-66 (/127.0.0.1:49480)
21:20:57.280 [pool-1-thread-3] DEBUG com.mnc.udp.UDPServer - UDP-Server: Message-33-63
21:20:57.280 [pool-1-thread-3] DEBUG com.mnc.udp.UDPServer - UDP-Server: Message-33-63 -> Message-33-63 (/127.0.0.1:49458)
21:20:57.280 [pool-1-thread-2] DEBUG com.mnc.udp.UDPServer - UDP-Server: Message-55-67
21:20:57.280 [pool-1-thread-2] DEBUG com.mnc.udp.UDPServer - UDP-Server: Message-55-67 -> Message-55-67 (/127.0.0.1:49480)
21:20:57.280 [pool-1-thread-4] DEBUG com.mnc.udp.UDPServer - UDP-Server: Message-57-10
21:20:57.280 [pool-1-thread-4] DEBUG com.mnc.udp.UDPServer - UDP-Server: Message-57-10 -> Message-57-10 (/127.0.0.1:49482)
21:20:57.280 [pool-1-thread-5] DEBUG com.mnc.udp.UDPServer - UDP-Server: Message-33-64
21:20:57.280 [pool-1-thread-5] DEBUG com.mnc.udp.UDPServer - UDP-Server: Message-33-64 -> Message-33-64 (/127.0.0.1:49458)
21:20:57.280 [pool-1-thread-1] DEBUG com.mnc.udp.UDPServer - UDP-Server: Message-55-69
21:20:57.280 [pool-1-thread-3] DEBUG com.mnc.udp.UDPServer - UDP-Server: Message-57-11
21:20:57.280 [pool-1-thread-3] DEBUG com.mnc.udp.UDPServer - UDP-Server: Message-57-11 -> Message-57-11 (/127.0.0.1:49482)
21:20:57.280 [pool-1-thread-1] DEBUG com.mnc.udp.UDPServer - UDP-Server: Message-55-69 -> Message-55-69 (/127.0.0.1:49480)
21:20:57.280 [pool-1-thread-3] DEBUG com.mnc.udp.UDPServer - UDP-Server: Message-33-62
21:20:57.280 [pool-1-thread-3] DEBUG com.mnc.udp.UDPServer - UDP-Server: Message-33-62 -> Message-33-62 (/127.0.0.1:49458)
21:20:57.280 [pool-1-thread-4] DEBUG com.mnc.udp.UDPServer - UDP-Server: Message-57-76
21:20:57.280 [pool-1-thread-4] DEBUG com.mnc.udp.UDPServer - UDP-Server: Message-57-76 -> Message-57-76 (/127.0.0.1:49482)
21:20:57.280 [pool-1-thread-5] DEBUG com.mnc.udp.UDPServer - UDP-Server: Message-55-70
21:20:57.280 [pool-1-thread-5] DEBUG com.mnc.udp.UDPServer - UDP-Server: Message-55-70 -> Message-55-70 (/127.0.0.1:49480)
21:20:57.280 [pool-1-thread-2] DEBUG com.mnc.udp.UDPServer - UDP-Server: Message-33-76
21:20:57.280 [pool-1-thread-2] DEBUG com.mnc.udp.UDPServer - UDP-Server: Message-33-76 -> Message-33-76 (/127.0.0.1:49458)
21:20:57.280 [pool-1-thread-5] DEBUG com.mnc.udp.UDPServer - UDP-Server: Message-57-77
21:20:57.280 [pool-1-thread-5] DEBUG com.mnc.udp.UDPServer - UDP-Server: Message-57-77 -> Message-57-77 (/127.0.0.1:49482)
21:20:57.280 [pool-1-thread-3] DEBUG com.mnc.udp.UDPServer - UDP-Server: Message-55-68
21:20:57.280 [pool-1-thread-4] DEBUG com.mnc.udp.UDPServer - UDP-Server: Message-33-77
21:20:57.280 [pool-1-thread-3] DEBUG com.mnc.udp.UDPServer - UDP-Server: Message-55-68 -> Message-55-68 (/127.0.0.1:49480)
21:20:57.280 [pool-1-thread-4] DEBUG com.mnc.udp.UDPServer - UDP-Server: Message-33-77 -> Message-33-77 (/127.0.0.1:49458)
21:20:57.280 [pool-1-thread-2] DEBUG com.mnc.udp.UDPServer - UDP-Server: Message-57-75
21:20:57.280 [pool-1-thread-2] DEBUG com.mnc.udp.UDPServer - UDP-Server: Message-57-75 -> Message-57-75 (/127.0.0.1:49482)
21:20:57.280 [pool-1-thread-1] DEBUG com.mnc.udp.UDPServer - UDP-Server: Message-55-25
21:20:57.280 [pool-1-thread-1] DEBUG com.mnc.udp.UDPServer - UDP-Server: Message-55-25 -> Message-55-25 (/127.0.0.1:49480)
21:20:57.280 [pool-1-thread-5] DEBUG com.mnc.udp.UDPServer - UDP-Server: Message-33-1
21:20:57.280 [pool-1-thread-3] DEBUG com.mnc.udp.UDPServer - UDP-Server: Message-57-9
21:20:57.280 [pool-1-thread-3] DEBUG com.mnc.udp.UDPServer - UDP-Server: Message-57-9 -> Message-57-9 (/127.0.0.1:49482)
21:20:57.280 [pool-1-thread-5] DEBUG com.mnc.udp.UDPServer - UDP-Server: Message-33-1 -> Message-33-1 (/127.0.0.1:49458)
21:20:57.280 [pool-1-thread-4] DEBUG com.mnc.udp.UDPServer - UDP-Server: Message-55-44
21:20:57.280 [pool-1-thread-4] DEBUG com.mnc.udp.UDPServer - UDP-Server: Message-55-44 -> Message-55-44 (/127.0.0.1:49480)
21:20:57.281 [pool-1-thread-2] DEBUG com.mnc.udp.UDPServer - UDP-Server: Message-57-3
21:20:57.281 [pool-1-thread-2] DEBUG com.mnc.udp.UDPServer - UDP-Server: Message-57-3 -> Message-57-3 (/127.0.0.1:49482)
21:20:57.281 [pool-1-thread-1] DEBUG com.mnc.udp.UDPServer - UDP-Server: Message-33-2
21:20:57.281 [pool-1-thread-1] DEBUG com.mnc.udp.UDPServer - UDP-Server: Message-33-2 -> Message-33-2 (/127.0.0.1:49458)
21:20:57.281 [pool-1-thread-3] DEBUG com.mnc.udp.UDPServer - UDP-Server: Message-55-45
21:20:57.281 [pool-1-thread-1] DEBUG com.mnc.udp.UDPServer - UDP-Server: Message-57-4
21:20:57.281 [pool-1-thread-5] DEBUG com.mnc.udp.UDPServer - UDP-Server: Message-93-32
21:20:57.281 [pool-1-thread-5] DEBUG com.mnc.udp.UDPServer - UDP-Server: Message-93-32 -> Message-93-32 (/127.0.0.1:49518)
21:20:57.281 [pool-1-thread-4] DEBUG com.mnc.udp.UDPServer - UDP-Server: Message-33-66
21:20:57.281 [pool-1-thread-4] DEBUG com.mnc.udp.UDPServer - UDP-Server: Message-33-66 -> Message-33-66 (/127.0.0.1:49458)
21:20:57.281 [pool-1-thread-3] DEBUG com.mnc.udp.UDPServer - UDP-Server: Message-55-45 -> Message-55-45 (/127.0.0.1:49480)
21:20:57.281 [pool-1-thread-1] DEBUG com.mnc.udp.UDPServer - UDP-Server: Message-57-4 -> Message-57-4 (/127.0.0.1:49482)
21:20:57.281 [pool-1-thread-1] DEBUG com.mnc.udp.UDPServer - UDP-Server: Message-93-33
21:20:57.281 [pool-1-thread-1] DEBUG com.mnc.udp.UDPServer - UDP-Server: Message-93-33 -> Message-93-33 (/127.0.0.1:49518)
21:20:57.281 [pool-1-thread-5] DEBUG com.mnc.udp.UDPServer - UDP-Server: Message-33-67
21:20:57.281 [pool-1-thread-5] DEBUG com.mnc.udp.UDPServer - UDP-Server: Message-33-67 -> Message-33-67 (/127.0.0.1:49458)
21:20:57.281 [pool-1-thread-1] DEBUG com.mnc.udp.UDPServer - UDP-Server: Message-57-5
21:20:57.281 [pool-1-thread-1] DEBUG com.mnc.udp.UDPServer - UDP-Server: Message-57-5 -> Message-57-5 (/127.0.0.1:49482)
21:20:57.281 [pool-1-thread-4] DEBUG com.mnc.udp.UDPServer - UDP-Server: Message-55-43
21:20:57.281 [pool-1-thread-4] DEBUG com.mnc.udp.UDPServer - UDP-Server: Message-55-43 -> Message-55-43 (/127.0.0.1:49480)
21:20:57.281 [pool-1-thread-2] DEBUG com.mnc.udp.UDPServer - UDP-Server: Message-33-75
21:20:57.281 [pool-1-thread-1] DEBUG com.mnc.udp.UDPServer - UDP-Server: Message-93-31
21:20:57.281 [pool-1-thread-1] DEBUG com.mnc.udp.UDPServer - UDP-Server: Message-93-31 -> Message-93-31 (/127.0.0.1:49518)
21:20:57.281 [pool-1-thread-2] DEBUG com.mnc.udp.UDPServer - UDP-Server: Message-33-75 -> Message-33-75 (/127.0.0.1:49458)
21:20:57.281 [pool-1-thread-1] DEBUG com.mnc.udp.UDPServer - UDP-Server: Message-55-48
21:20:57.281 [pool-1-thread-5] DEBUG com.mnc.udp.UDPServer - UDP-Server: Message-57-1
21:20:57.281 [pool-1-thread-1] DEBUG com.mnc.udp.UDPServer - UDP-Server: Message-55-48 -> Message-55-48 (/127.0.0.1:49480)
21:20:57.281 [pool-1-thread-5] DEBUG com.mnc.udp.UDPServer - UDP-Server: Message-57-1 -> Message-57-1 (/127.0.0.1:49482)
21:20:57.281 [pool-1-thread-5] DEBUG com.mnc.udp.UDPServer - UDP-Server: Message-93-35
21:20:57.281 [pool-1-thread-5] DEBUG com.mnc.udp.UDPServer - UDP-Server: Message-93-35 -> Message-93-35 (/127.0.0.1:49518)
21:20:57.281 [pool-1-thread-3] DEBUG com.mnc.udp.UDPServer - UDP-Server: Message-33-3
21:20:57.281 [pool-1-thread-5] DEBUG com.mnc.udp.UDPServer - UDP-Server: Message-55-49
21:20:57.281 [pool-1-thread-5] DEBUG com.mnc.udp.UDPServer - UDP-Server: Message-55-49 -> Message-55-49 (/127.0.0.1:49480)
21:20:57.281 [pool-1-thread-3] DEBUG com.mnc.udp.UDPServer - UDP-Server: Message-33-3 -> Message-33-3 (/127.0.0.1:49458)
21:20:57.281 [pool-1-thread-2] DEBUG com.mnc.udp.UDPServer - UDP-Server: Message-57-2
21:20:57.281 [pool-1-thread-4] DEBUG com.mnc.udp.UDPServer - UDP-Server: Message-93-36
21:20:57.281 [pool-1-thread-1] DEBUG com.mnc.udp.UDPServer - UDP-Server: Message-55-46
21:20:57.281 [pool-1-thread-3] DEBUG com.mnc.udp.UDPServer - UDP-Server: Message-33-0
21:20:57.281 [pool-1-thread-1] DEBUG com.mnc.udp.UDPServer - UDP-Server: Message-55-46 -> Message-55-46 (/127.0.0.1:49480)
21:20:57.281 [pool-1-thread-2] DEBUG com.mnc.udp.UDPServer - UDP-Server: Message-57-2 -> Message-57-2 (/127.0.0.1:49482)
21:20:57.281 [pool-1-thread-4] DEBUG com.mnc.udp.UDPServer - UDP-Server: Message-93-36 -> Message-93-36 (/127.0.0.1:49518)
21:20:57.281 [pool-1-thread-3] DEBUG com.mnc.udp.UDPServer - UDP-Server: Message-33-0 -> Message-33-0 (/127.0.0.1:49458)
21:20:57.281 [pool-1-thread-5] DEBUG com.mnc.udp.UDPServer - UDP-Server: Message-55-47
21:20:57.281 [pool-1-thread-2] DEBUG com.mnc.udp.UDPServer - UDP-Server: Message-93-34
21:20:57.281 [pool-1-thread-1] DEBUG com.mnc.udp.UDPServer - UDP-Server: Message-57-0
21:20:57.281 [pool-1-thread-2] DEBUG com.mnc.udp.UDPServer - UDP-Server: Message-93-34 -> Message-93-34 (/127.0.0.1:49518)
21:20:57.281 [pool-1-thread-4] DEBUG com.mnc.udp.UDPServer - UDP-Server: Message-33-4
21:20:57.281 [pool-1-thread-5] DEBUG com.mnc.udp.UDPServer - UDP-Server: Message-55-47 -> Message-55-47 (/127.0.0.1:49480)
21:20:57.281 [pool-1-thread-1] DEBUG com.mnc.udp.UDPServer - UDP-Server: Message-57-0 -> Message-57-0 (/127.0.0.1:49482)
21:20:57.281 [pool-1-thread-4] DEBUG com.mnc.udp.UDPServer - UDP-Server: Message-33-4 -> Message-33-4 (/127.0.0.1:49458)
21:20:57.281 [pool-1-thread-4] DEBUG com.mnc.udp.UDPServer - UDP-Server: Message-93-28
21:20:57.281 [pool-1-thread-3] DEBUG com.mnc.udp.UDPServer - UDP-Server: Message-55-40
21:20:57.281 [pool-1-thread-4] DEBUG com.mnc.udp.UDPServer - UDP-Server: Message-93-28 -> Message-93-28 (/127.0.0.1:49518)
21:20:57.281 [pool-1-thread-3] DEBUG com.mnc.udp.UDPServer - UDP-Server: Message-55-40 -> Message-55-40 (/127.0.0.1:49480)
21:20:57.281 [pool-1-thread-4] DEBUG com.mnc.udp.UDPServer - UDP-Server: Message-33-5
21:20:57.281 [pool-1-thread-4] DEBUG com.mnc.udp.UDPServer - UDP-Server: Message-33-5 -> Message-33-5 (/127.0.0.1:49458)
21:20:57.281 [pool-1-thread-1] DEBUG com.mnc.udp.UDPServer - UDP-Server: Message-55-41
21:20:57.281 [pool-1-thread-2] DEBUG com.mnc.udp.UDPServer - UDP-Server: Message-93-15
21:20:57.281 [pool-1-thread-2] DEBUG com.mnc.udp.UDPServer - UDP-Server: Message-93-15 -> Message-93-15 (/127.0.0.1:49518)
21:20:57.281 [pool-1-thread-1] DEBUG com.mnc.udp.UDPServer - UDP-Server: Message-55-41 -> Message-55-41 (/127.0.0.1:49480)
21:20:57.281 [pool-1-thread-5] DEBUG com.mnc.udp.UDPServer - UDP-Server: Message-93-16
21:20:57.282 [pool-1-thread-5] DEBUG com.mnc.udp.UDPServer - UDP-Server: Message-93-16 -> Message-93-16 (/127.0.0.1:49518)
21:20:57.282 [pool-1-thread-3] DEBUG com.mnc.udp.UDPServer - UDP-Server: Message-55-42
21:20:57.282 [pool-1-thread-3] DEBUG com.mnc.udp.UDPServer - UDP-Server: Message-55-42 -> Message-55-42 (/127.0.0.1:49480)
21:20:57.282 [pool-1-thread-4] DEBUG com.mnc.udp.UDPServer - UDP-Server: Message-93-17
21:20:57.282 [pool-1-thread-4] DEBUG com.mnc.udp.UDPServer - UDP-Server: Message-93-17 -> Message-93-17 (/127.0.0.1:49518)
21:20:57.282 [pool-1-thread-2] DEBUG com.mnc.udp.UDPServer - UDP-Server: Message-55-38
21:20:57.282 [pool-1-thread-2] DEBUG com.mnc.udp.UDPServer - UDP-Server: Message-55-38 -> Message-55-38 (/127.0.0.1:49480)
21:20:57.282 [pool-1-thread-1] DEBUG com.mnc.udp.UDPServer - UDP-Server: Message-93-13
21:20:57.282 [pool-1-thread-1] DEBUG com.mnc.udp.UDPServer - UDP-Server: Message-93-13 -> Message-93-13 (/127.0.0.1:49518)
21:20:57.282 [pool-1-thread-5] DEBUG com.mnc.udp.UDPServer - UDP-Server: Message-55-39
21:20:57.282 [pool-1-thread-5] DEBUG com.mnc.udp.UDPServer - UDP-Server: Message-55-39 -> Message-55-39 (/127.0.0.1:49480)
21:20:57.282 [pool-1-thread-5] DEBUG com.mnc.udp.UDPServer - UDP-Server: Message-93-14
21:20:57.282 [pool-1-thread-5] DEBUG com.mnc.udp.UDPServer - UDP-Server: Message-93-14 -> Message-93-14 (/127.0.0.1:49518)
21:20:57.282 [pool-1-thread-4] DEBUG com.mnc.udp.UDPServer - UDP-Server: Message-55-37
21:20:57.282 [pool-1-thread-4] DEBUG com.mnc.udp.UDPServer - UDP-Server: Message-55-37 -> Message-55-37 (/127.0.0.1:49480)
21:20:57.282 [pool-1-thread-4] DEBUG com.mnc.udp.UDPServer - UDP-Server: Message-93-90
21:20:57.282 [pool-1-thread-4] DEBUG com.mnc.udp.UDPServer - UDP-Server: Message-93-90 -> Message-93-90 (/127.0.0.1:49518)
21:20:57.282 [pool-1-thread-1] DEBUG com.mnc.udp.UDPServer - UDP-Server: Message-55-15
21:20:57.282 [pool-1-thread-1] DEBUG com.mnc.udp.UDPServer - UDP-Server: Message-55-15 -> Message-55-15 (/127.0.0.1:49480)
21:20:57.282 [pool-1-thread-3] DEBUG com.mnc.udp.UDPServer - UDP-Server: Message-93-12
21:20:57.282 [pool-1-thread-3] DEBUG com.mnc.udp.UDPServer - UDP-Server: Message-93-12 -> Message-93-12 (/127.0.0.1:49518)
21:20:57.282 [pool-1-thread-3] DEBUG com.mnc.udp.UDPServer - UDP-Server: Message-55-16
21:20:57.282 [pool-1-thread-3] DEBUG com.mnc.udp.UDPServer - UDP-Server: Message-55-16 -> Message-55-16 (/127.0.0.1:49480)
21:20:57.282 [pool-1-thread-4] DEBUG com.mnc.udp.UDPServer - UDP-Server: Message-93-21
21:20:57.282 [pool-1-thread-4] DEBUG com.mnc.udp.UDPServer - UDP-Server: Message-93-21 -> Message-93-21 (/127.0.0.1:49518)
21:20:57.282 [pool-1-thread-2] DEBUG com.mnc.udp.UDPServer - UDP-Server: Message-55-17
21:20:57.282 [pool-1-thread-2] DEBUG com.mnc.udp.UDPServer - UDP-Server: Message-55-17 -> Message-55-17 (/127.0.0.1:49480)
21:20:57.282 [pool-1-thread-1] DEBUG com.mnc.udp.UDPServer - UDP-Server: Message-93-22
21:20:57.282 [pool-1-thread-1] DEBUG com.mnc.udp.UDPServer - UDP-Server: Message-93-22 -> Message-93-22 (/127.0.0.1:49518)
21:20:57.282 [pool-1-thread-5] DEBUG com.mnc.udp.UDPServer - UDP-Server: Message-55-13
21:20:57.282 [pool-1-thread-5] DEBUG com.mnc.udp.UDPServer - UDP-Server: Message-55-13 -> Message-55-13 (/127.0.0.1:49480)
21:20:57.282 [pool-1-thread-3] DEBUG com.mnc.udp.UDPServer - UDP-Server: Message-93-23
21:20:57.282 [pool-1-thread-3] DEBUG com.mnc.udp.UDPServer - UDP-Server: Message-93-23 -> Message-93-23 (/127.0.0.1:49518)
21:20:57.282 [pool-1-thread-3] DEBUG com.mnc.udp.UDPServer - UDP-Server: Message-55-14
21:20:57.282 [pool-1-thread-3] DEBUG com.mnc.udp.UDPServer - UDP-Server: Message-55-14 -> Message-55-14 (/127.0.0.1:49480)
21:20:57.282 [pool-1-thread-2] DEBUG com.mnc.udp.UDPServer - UDP-Server: Message-93-24
21:20:57.282 [pool-1-thread-2] DEBUG com.mnc.udp.UDPServer - UDP-Server: Message-93-24 -> Message-93-24 (/127.0.0.1:49518)
21:20:57.282 [pool-1-thread-1] DEBUG com.mnc.udp.UDPServer - UDP-Server: Message-55-12
21:20:57.282 [pool-1-thread-1] DEBUG com.mnc.udp.UDPServer - UDP-Server: Message-55-12 -> Message-55-12 (/127.0.0.1:49480)
21:20:57.282 [pool-1-thread-5] DEBUG com.mnc.udp.UDPServer - UDP-Server: Message-93-19
21:20:57.283 [pool-1-thread-5] DEBUG com.mnc.udp.UDPServer - UDP-Server: Message-93-19 -> Message-93-19 (/127.0.0.1:49518)
21:20:57.283 [pool-1-thread-4] DEBUG com.mnc.udp.UDPServer - UDP-Server: Message-55-57
21:20:57.283 [pool-1-thread-4] DEBUG com.mnc.udp.UDPServer - UDP-Server: Message-55-57 -> Message-55-57 (/127.0.0.1:49480)
21:20:57.283 [pool-1-thread-3] DEBUG com.mnc.udp.UDPServer - UDP-Server: Message-93-20
21:20:57.283 [pool-1-thread-3] DEBUG com.mnc.udp.UDPServer - UDP-Server: Message-93-20 -> Message-93-20 (/127.0.0.1:49518)
21:20:57.283 [pool-1-thread-2] DEBUG com.mnc.udp.UDPServer - UDP-Server: Message-55-58
21:20:57.283 [pool-1-thread-2] DEBUG com.mnc.udp.UDPServer - UDP-Server: Message-55-58 -> Message-55-58 (/127.0.0.1:49480)
21:20:57.283 [pool-1-thread-1] DEBUG com.mnc.udp.UDPServer - UDP-Server: Message-93-18
21:20:57.283 [pool-1-thread-1] DEBUG com.mnc.udp.UDPServer - UDP-Server: Message-93-18 -> Message-93-18 (/127.0.0.1:49518)
21:20:57.283 [pool-1-thread-5] DEBUG com.mnc.udp.UDPServer - UDP-Server: Message-55-21
21:20:57.283 [pool-1-thread-5] DEBUG com.mnc.udp.UDPServer - UDP-Server: Message-55-21 -> Message-55-21 (/127.0.0.1:49480)
21:20:57.283 [pool-1-thread-4] DEBUG com.mnc.udp.UDPServer - UDP-Server: Message-93-7
21:20:57.283 [pool-1-thread-3] DEBUG com.mnc.udp.UDPServer - UDP-Server: Message-55-22
21:20:57.283 [pool-1-thread-3] DEBUG com.mnc.udp.UDPServer - UDP-Server: Message-55-22 -> Message-55-22 (/127.0.0.1:49480)
21:20:57.283 [pool-1-thread-4] DEBUG com.mnc.udp.UDPServer - UDP-Server: Message-93-7 -> Message-93-7 (/127.0.0.1:49518)
21:20:57.283 [pool-1-thread-2] DEBUG com.mnc.udp.UDPServer - UDP-Server: Message-55-23
21:20:57.283 [pool-1-thread-2] DEBUG com.mnc.udp.UDPServer - UDP-Server: Message-55-23 -> Message-55-23 (/127.0.0.1:49480)
21:20:57.283 [pool-1-thread-1] DEBUG com.mnc.udp.UDPServer - UDP-Server: Message-93-8
21:20:57.283 [pool-1-thread-1] DEBUG com.mnc.udp.UDPServer - UDP-Server: Message-93-8 -> Message-93-8 (/127.0.0.1:49518)
21:20:57.283 [pool-1-thread-5] DEBUG com.mnc.udp.UDPServer - UDP-Server: Message-55-24
21:20:57.283 [pool-1-thread-5] DEBUG com.mnc.udp.UDPServer - UDP-Server: Message-55-24 -> Message-55-24 (/127.0.0.1:49480)
21:20:57.283 [pool-1-thread-3] DEBUG com.mnc.udp.UDPServer - UDP-Server: Message-93-6
21:20:57.283 [pool-1-thread-3] DEBUG com.mnc.udp.UDPServer - UDP-Server: Message-93-6 -> Message-93-6 (/127.0.0.1:49518)
21:20:57.283 [pool-1-thread-3] DEBUG com.mnc.udp.UDPServer - UDP-Server: Message-55-19
21:20:57.283 [pool-1-thread-3] DEBUG com.mnc.udp.UDPServer - UDP-Server: Message-55-19 -> Message-55-19 (/127.0.0.1:49480)
21:20:57.283 [pool-1-thread-2] DEBUG com.mnc.udp.UDPServer - UDP-Server: Message-93-85
21:20:57.283 [pool-1-thread-2] DEBUG com.mnc.udp.UDPServer - UDP-Server: Message-93-85 -> Message-93-85 (/127.0.0.1:49518)
21:20:57.283 [pool-1-thread-2] DEBUG com.mnc.udp.UDPServer - UDP-Server: Message-55-20
21:20:57.283 [pool-1-thread-2] DEBUG com.mnc.udp.UDPServer - UDP-Server: Message-55-20 -> Message-55-20 (/127.0.0.1:49480)
21:20:57.283 [pool-1-thread-5] DEBUG com.mnc.udp.UDPServer - UDP-Server: Message-93-86
21:20:57.283 [pool-1-thread-5] DEBUG com.mnc.udp.UDPServer - UDP-Server: Message-93-86 -> Message-93-86 (/127.0.0.1:49518)
21:20:57.283 [pool-1-thread-5] DEBUG com.mnc.udp.UDPServer - UDP-Server: Message-55-18
21:20:57.283 [pool-1-thread-5] DEBUG com.mnc.udp.UDPServer - UDP-Server: Message-55-18 -> Message-55-18 (/127.0.0.1:49480)
21:20:57.283 [pool-1-thread-3] DEBUG com.mnc.udp.UDPServer - UDP-Server: Message-93-84
21:20:57.283 [pool-1-thread-1] DEBUG com.mnc.udp.UDPServer - UDP-Server: Message-55-7
21:20:57.283 [pool-1-thread-3] DEBUG com.mnc.udp.UDPServer - UDP-Server: Message-93-84 -> Message-93-84 (/127.0.0.1:49518)
21:20:57.284 [pool-1-thread-1] DEBUG com.mnc.udp.UDPServer - UDP-Server: Message-55-7 -> Message-55-7 (/127.0.0.1:49480)
21:20:57.284 [pool-1-thread-2] DEBUG com.mnc.udp.UDPServer - UDP-Server: Message-93-29
21:20:57.284 [pool-1-thread-4] DEBUG com.mnc.udp.UDPServer - UDP-Server: Message-55-8
21:20:57.284 [pool-1-thread-4] DEBUG com.mnc.udp.UDPServer - UDP-Server: Message-55-8 -> Message-55-8 (/127.0.0.1:49480)
21:20:57.284 [pool-1-thread-2] DEBUG com.mnc.udp.UDPServer - UDP-Server: Message-93-29 -> Message-93-29 (/127.0.0.1:49518)
21:20:57.284 [pool-1-thread-5] DEBUG com.mnc.udp.UDPServer - UDP-Server: Message-55-6
21:20:57.284 [pool-1-thread-5] DEBUG com.mnc.udp.UDPServer - UDP-Server: Message-55-6 -> Message-55-6 (/127.0.0.1:49480)
21:20:57.284 [pool-1-thread-3] DEBUG com.mnc.udp.UDPServer - UDP-Server: Message-93-30
21:20:57.284 [pool-1-thread-3] DEBUG com.mnc.udp.UDPServer - UDP-Server: Message-93-30 -> Message-93-30 (/127.0.0.1:49518)
21:20:57.284 [pool-1-thread-1] DEBUG com.mnc.udp.UDPServer - UDP-Server: Message-55-10
21:20:57.284 [pool-1-thread-4] DEBUG com.mnc.udp.UDPServer - UDP-Server: Message-93-26
21:20:57.284 [pool-1-thread-4] DEBUG com.mnc.udp.UDPServer - UDP-Server: Message-93-26 -> Message-93-26 (/127.0.0.1:49518)
21:20:57.284 [pool-1-thread-1] DEBUG com.mnc.udp.UDPServer - UDP-Server: Message-55-10 -> Message-55-10 (/127.0.0.1:49480)
21:20:57.284 [pool-1-thread-2] DEBUG com.mnc.udp.UDPServer - UDP-Server: Message-93-27
21:20:57.284 [pool-1-thread-5] DEBUG com.mnc.udp.UDPServer - UDP-Server: Message-55-11
21:20:57.284 [pool-1-thread-5] DEBUG com.mnc.udp.UDPServer - UDP-Server: Message-55-11 -> Message-55-11 (/127.0.0.1:49480)
21:20:57.284 [pool-1-thread-2] DEBUG com.mnc.udp.UDPServer - UDP-Server: Message-93-27 -> Message-93-27 (/127.0.0.1:49518)
21:20:57.284 [pool-1-thread-3] DEBUG com.mnc.udp.UDPServer - UDP-Server: Message-55-9
21:20:57.284 [pool-1-thread-3] DEBUG com.mnc.udp.UDPServer - UDP-Server: Message-55-9 -> Message-55-9 (/127.0.0.1:49480)
21:20:57.284 [pool-1-thread-4] DEBUG com.mnc.udp.UDPServer - UDP-Server: Message-93-25
21:20:57.284 [pool-1-thread-4] DEBUG com.mnc.udp.UDPServer - UDP-Server: Message-93-25 -> Message-93-25 (/127.0.0.1:49518)
21:20:57.284 [pool-1-thread-1] DEBUG com.mnc.udp.UDPServer - UDP-Server: Message-55-3
21:20:57.284 [pool-1-thread-1] DEBUG com.mnc.udp.UDPServer - UDP-Server: Message-55-3 -> Message-55-3 (/127.0.0.1:49480)
21:20:57.284 [pool-1-thread-5] DEBUG com.mnc.udp.UDPServer - UDP-Server: Message-93-57
21:20:57.284 [pool-1-thread-5] DEBUG com.mnc.udp.UDPServer - UDP-Server: Message-93-57 -> Message-93-57 (/127.0.0.1:49518)
21:20:57.284 [pool-1-thread-2] DEBUG com.mnc.udp.UDPServer - UDP-Server: Message-55-4
21:20:57.284 [pool-1-thread-2] DEBUG com.mnc.udp.UDPServer - UDP-Server: Message-55-4 -> Message-55-4 (/127.0.0.1:49480)
21:20:57.284 [pool-1-thread-3] DEBUG com.mnc.udp.UDPServer - UDP-Server: Message-93-58
21:20:57.284 [pool-1-thread-3] DEBUG com.mnc.udp.UDPServer - UDP-Server: Message-93-58 -> Message-93-58 (/127.0.0.1:49518)
21:20:57.284 [pool-1-thread-4] DEBUG com.mnc.udp.UDPServer - UDP-Server: Message-55-5
21:20:57.284 [pool-1-thread-4] DEBUG com.mnc.udp.UDPServer - UDP-Server: Message-55-5 -> Message-55-5 (/127.0.0.1:49480)
21:20:57.284 [pool-1-thread-1] DEBUG com.mnc.udp.UDPServer - UDP-Server: Message-93-56
21:20:57.284 [pool-1-thread-1] DEBUG com.mnc.udp.UDPServer - UDP-Server: Message-93-56 -> Message-93-56 (/127.0.0.1:49518)
21:20:57.284 [pool-1-thread-1] DEBUG com.mnc.udp.UDPServer - UDP-Server: Message-55-1
21:20:57.284 [pool-1-thread-1] DEBUG com.mnc.udp.UDPServer - UDP-Server: Message-55-1 -> Message-55-1 (/127.0.0.1:49480)
21:20:57.284 [pool-1-thread-2] DEBUG com.mnc.udp.UDPServer - UDP-Server: Message-93-40
21:20:57.284 [pool-1-thread-2] DEBUG com.mnc.udp.UDPServer - UDP-Server: Message-93-40 -> Message-93-40 (/127.0.0.1:49518)
21:20:57.284 [pool-1-thread-3] DEBUG com.mnc.udp.UDPServer - UDP-Server: Message-55-2
21:20:57.284 [pool-1-thread-3] DEBUG com.mnc.udp.UDPServer - UDP-Server: Message-55-2 -> Message-55-2 (/127.0.0.1:49480)
21:20:57.285 [pool-1-thread-4] DEBUG com.mnc.udp.UDPServer - UDP-Server: Message-93-78
21:20:57.285 [pool-1-thread-4] DEBUG com.mnc.udp.UDPServer - UDP-Server: Message-93-78 -> Message-93-78 (/127.0.0.1:49518)
21:20:57.285 [pool-1-thread-5] DEBUG com.mnc.udp.UDPServer - UDP-Server: Message-55-82
21:20:57.285 [pool-1-thread-5] DEBUG com.mnc.udp.UDPServer - UDP-Server: Message-55-82 -> Message-55-82 (/127.0.0.1:49480)
21:20:57.285 [pool-1-thread-1] DEBUG com.mnc.udp.UDPServer - UDP-Server: Message-93-79
21:20:57.285 [pool-1-thread-1] DEBUG com.mnc.udp.UDPServer - UDP-Server: Message-93-79 -> Message-93-79 (/127.0.0.1:49518)
21:20:57.285 [pool-1-thread-2] DEBUG com.mnc.udp.UDPServer - UDP-Server: Message-55-83
21:20:57.285 [pool-1-thread-2] DEBUG com.mnc.udp.UDPServer - UDP-Server: Message-55-83 -> Message-55-83 (/127.0.0.1:49480)
21:20:57.285 [pool-1-thread-3] DEBUG com.mnc.udp.UDPServer - UDP-Server: Message-93-80
21:20:57.285 [pool-1-thread-3] DEBUG com.mnc.udp.UDPServer - UDP-Server: Message-93-80 -> Message-93-80 (/127.0.0.1:49518)
21:20:57.285 [pool-1-thread-3] DEBUG com.mnc.udp.UDPServer - UDP-Server: Message-55-81
21:20:57.285 [pool-1-thread-3] DEBUG com.mnc.udp.UDPServer - UDP-Server: Message-55-81 -> Message-55-81 (/127.0.0.1:49480)
21:20:57.285 [pool-1-thread-5] DEBUG com.mnc.udp.UDPServer - UDP-Server: Message-93-44
21:20:57.285 [pool-1-thread-1] DEBUG com.mnc.udp.UDPServer - UDP-Server: Message-55-85
21:20:57.285 [pool-1-thread-5] DEBUG com.mnc.udp.UDPServer - UDP-Server: Message-93-44 -> Message-93-44 (/127.0.0.1:49518)
21:20:57.285 [pool-1-thread-1] DEBUG com.mnc.udp.UDPServer - UDP-Server: Message-55-85 -> Message-55-85 (/127.0.0.1:49480)
21:20:57.285 [pool-1-thread-2] DEBUG com.mnc.udp.UDPServer - UDP-Server: Message-93-45
21:20:57.285 [pool-1-thread-4] DEBUG com.mnc.udp.UDPServer - UDP-Server: Message-55-86
21:20:57.285 [pool-1-thread-4] DEBUG com.mnc.udp.UDPServer - UDP-Server: Message-55-86 -> Message-55-86 (/127.0.0.1:49480)
21:20:57.285 [pool-1-thread-2] DEBUG com.mnc.udp.UDPServer - UDP-Server: Message-93-45 -> Message-93-45 (/127.0.0.1:49518)
21:20:57.285 [pool-1-thread-3] DEBUG com.mnc.udp.UDPServer - UDP-Server: Message-55-84
21:20:57.285 [pool-1-thread-3] DEBUG com.mnc.udp.UDPServer - UDP-Server: Message-55-84 -> Message-55-84 (/127.0.0.1:49480)
21:20:57.285 [pool-1-thread-3] DEBUG com.mnc.udp.UDPServer - UDP-Server: Message-93-43
21:20:57.285 [pool-1-thread-3] DEBUG com.mnc.udp.UDPServer - UDP-Server: Message-93-43 -> Message-93-43 (/127.0.0.1:49518)
21:20:57.285 [pool-1-thread-1] DEBUG com.mnc.udp.UDPServer - UDP-Server: Message-55-78
21:20:57.285 [pool-1-thread-1] DEBUG com.mnc.udp.UDPServer - UDP-Server: Message-55-78 -> Message-55-78 (/127.0.0.1:49480)
21:20:57.285 [pool-1-thread-1] DEBUG com.mnc.udp.UDPServer - UDP-Server: Message-93-48
21:20:57.285 [pool-1-thread-1] DEBUG com.mnc.udp.UDPServer - UDP-Server: Message-93-48 -> Message-93-48 (/127.0.0.1:49518)
21:20:57.285 [pool-1-thread-2] DEBUG com.mnc.udp.UDPServer - UDP-Server: Message-55-79
21:20:57.285 [pool-1-thread-2] DEBUG com.mnc.udp.UDPServer - UDP-Server: Message-55-79 -> Message-55-79 (/127.0.0.1:49480)
21:20:57.285 [pool-1-thread-5] DEBUG com.mnc.udp.UDPServer - UDP-Server: Message-93-82
21:20:57.285 [pool-1-thread-5] DEBUG com.mnc.udp.UDPServer - UDP-Server: Message-93-82 -> Message-93-82 (/127.0.0.1:49518)
21:20:57.285 [pool-1-thread-3] DEBUG com.mnc.udp.UDPServer - UDP-Server: Message-55-80
21:20:57.285 [pool-1-thread-3] DEBUG com.mnc.udp.UDPServer - UDP-Server: Message-55-80 -> Message-55-80 (/127.0.0.1:49480)
21:20:57.285 [pool-1-thread-4] DEBUG com.mnc.udp.UDPServer - UDP-Server: Message-93-83
21:20:57.285 [pool-1-thread-4] DEBUG com.mnc.udp.UDPServer - UDP-Server: Message-93-83 -> Message-93-83 (/127.0.0.1:49518)
21:20:57.285 [pool-1-thread-1] DEBUG com.mnc.udp.UDPServer - UDP-Server: Message-55-76
21:20:57.286 [pool-1-thread-1] DEBUG com.mnc.udp.UDPServer - UDP-Server: Message-55-76 -> Message-55-76 (/127.0.0.1:49480)
21:20:57.286 [pool-1-thread-2] DEBUG com.mnc.udp.UDPServer - UDP-Server: Message-93-96
21:20:57.286 [pool-1-thread-5] DEBUG com.mnc.udp.UDPServer - UDP-Server: Message-55-77
21:20:57.286 [pool-1-thread-5] DEBUG com.mnc.udp.UDPServer - UDP-Server: Message-55-77 -> Message-55-77 (/127.0.0.1:49480)
21:20:57.286 [pool-1-thread-2] DEBUG com.mnc.udp.UDPServer - UDP-Server: Message-93-96 -> Message-93-96 (/127.0.0.1:49518)
21:20:57.286 [pool-1-thread-3] DEBUG com.mnc.udp.UDPServer - UDP-Server: Message-55-0
21:20:57.286 [pool-1-thread-3] DEBUG com.mnc.udp.UDPServer - UDP-Server: Message-55-0 -> Message-55-0 (/127.0.0.1:49480)
21:20:57.286 [pool-1-thread-4] DEBUG com.mnc.udp.UDPServer - UDP-Server: Message-93-97
21:20:57.286 [pool-1-thread-4] DEBUG com.mnc.udp.UDPServer - UDP-Server: Message-93-97 -> Message-93-97 (/127.0.0.1:49518)
21:20:57.286 [pool-1-thread-1] DEBUG com.mnc.udp.UDPServer - UDP-Server: Message-93-98
21:20:57.286 [pool-1-thread-5] DEBUG com.mnc.udp.UDPServer - UDP-Server: Message-55-56
21:20:57.286 [pool-1-thread-5] DEBUG com.mnc.udp.UDPServer - UDP-Server: Message-55-56 -> Message-55-56 (/127.0.0.1:49480)
21:20:57.286 [pool-1-thread-1] DEBUG com.mnc.udp.UDPServer - UDP-Server: Message-93-98 -> Message-93-98 (/127.0.0.1:49518)
21:20:57.286 [pool-1-thread-2] DEBUG com.mnc.udp.UDPServer - UDP-Server: Message-55-60
21:20:57.286 [pool-1-thread-3] DEBUG com.mnc.udp.UDPServer - UDP-Server: Message-93-49
21:20:57.286 [pool-1-thread-3] DEBUG com.mnc.udp.UDPServer - UDP-Server: Message-93-49 -> Message-93-49 (/127.0.0.1:49518)
21:20:57.286 [pool-1-thread-2] DEBUG com.mnc.udp.UDPServer - UDP-Server: Message-55-60 -> Message-55-60 (/127.0.0.1:49480)
21:20:57.286 [pool-1-thread-4] DEBUG com.mnc.udp.UDPServer - UDP-Server: Message-93-46
21:20:57.286 [pool-1-thread-4] DEBUG com.mnc.udp.UDPServer - UDP-Server: Message-93-46 -> Message-93-46 (/127.0.0.1:49518)
21:20:57.286 [pool-1-thread-4] DEBUG com.mnc.udp.UDPServer - UDP-Server: Message-55-61
21:20:57.286 [pool-1-thread-4] DEBUG com.mnc.udp.UDPServer - UDP-Server: Message-55-61 -> Message-55-61 (/127.0.0.1:49480)
21:20:57.286 [pool-1-thread-1] DEBUG com.mnc.udp.UDPServer - UDP-Server: Message-93-47
21:20:57.286 [pool-1-thread-3] DEBUG com.mnc.udp.UDPServer - UDP-Server: Message-55-59
21:20:57.286 [pool-1-thread-1] DEBUG com.mnc.udp.UDPServer - UDP-Server: Message-93-47 -> Message-93-47 (/127.0.0.1:49518)
21:20:57.286 [pool-1-thread-3] DEBUG com.mnc.udp.UDPServer - UDP-Server: Message-55-59 -> Message-55-59 (/127.0.0.1:49480)
21:20:57.286 [pool-1-thread-2] DEBUG com.mnc.udp.UDPServer - UDP-Server: Message-93-53
21:20:57.286 [pool-1-thread-2] DEBUG com.mnc.udp.UDPServer - UDP-Server: Message-93-53 -> Message-93-53 (/127.0.0.1:49518)
21:20:57.286 [pool-1-thread-5] DEBUG com.mnc.udp.UDPServer - UDP-Server: Message-55-53
21:20:57.286 [pool-1-thread-5] DEBUG com.mnc.udp.UDPServer - UDP-Server: Message-55-53 -> Message-55-53 (/127.0.0.1:49480)
21:20:57.286 [pool-1-thread-4] DEBUG com.mnc.udp.UDPServer - UDP-Server: Message-93-54
21:20:57.286 [pool-1-thread-4] DEBUG com.mnc.udp.UDPServer - UDP-Server: Message-93-54 -> Message-93-54 (/127.0.0.1:49518)
21:20:57.286 [pool-1-thread-1] DEBUG com.mnc.udp.UDPServer - UDP-Server: Message-55-54
21:20:57.286 [pool-1-thread-1] DEBUG com.mnc.udp.UDPServer - UDP-Server: Message-55-54 -> Message-55-54 (/127.0.0.1:49480)
21:20:57.286 [pool-1-thread-3] DEBUG com.mnc.udp.UDPServer - UDP-Server: Message-93-55
21:20:57.286 [pool-1-thread-3] DEBUG com.mnc.udp.UDPServer - UDP-Server: Message-93-55 -> Message-93-55 (/127.0.0.1:49518)
21:20:57.286 [pool-1-thread-2] DEBUG com.mnc.udp.UDPServer - UDP-Server: Message-55-55
21:20:57.286 [pool-1-thread-2] DEBUG com.mnc.udp.UDPServer - UDP-Server: Message-55-55 -> Message-55-55 (/127.0.0.1:49480)
21:20:57.287 [pool-1-thread-2] DEBUG com.mnc.udp.UDPServer - UDP-Server: Message-93-51
21:20:57.287 [pool-1-thread-2] DEBUG com.mnc.udp.UDPServer - UDP-Server: Message-93-51 -> Message-93-51 (/127.0.0.1:49518)
21:20:57.287 [pool-1-thread-1] DEBUG com.mnc.udp.UDPServer - UDP-Server: Message-93-52
21:20:57.287 [pool-1-thread-4] DEBUG com.mnc.udp.UDPServer - UDP-Server: Message-55-51
21:20:57.287 [pool-1-thread-1] DEBUG com.mnc.udp.UDPServer - UDP-Server: Message-93-52 -> Message-93-52 (/127.0.0.1:49518)
21:20:57.287 [pool-1-thread-4] DEBUG com.mnc.udp.UDPServer - UDP-Server: Message-55-51 -> Message-55-51 (/127.0.0.1:49480)
21:20:57.287 [pool-1-thread-3] DEBUG com.mnc.udp.UDPServer - UDP-Server: Message-93-76
21:20:57.287 [pool-1-thread-3] DEBUG com.mnc.udp.UDPServer - UDP-Server: Message-93-76 -> Message-93-76 (/127.0.0.1:49518)
21:20:57.287 [pool-1-thread-5] DEBUG com.mnc.udp.UDPServer - UDP-Server: Message-55-75
21:20:57.287 [pool-1-thread-5] DEBUG com.mnc.udp.UDPServer - UDP-Server: Message-55-75 -> Message-55-75 (/127.0.0.1:49480)
21:20:57.287 [pool-1-thread-2] DEBUG com.mnc.udp.UDPServer - UDP-Server: Message-93-77
21:20:57.287 [pool-1-thread-2] DEBUG com.mnc.udp.UDPServer - UDP-Server: Message-93-77 -> Message-93-77 (/127.0.0.1:49518)
21:20:57.287 [pool-1-thread-1] DEBUG com.mnc.udp.UDPServer - UDP-Server: Message-55-52
21:20:57.287 [pool-1-thread-1] DEBUG com.mnc.udp.UDPServer - UDP-Server: Message-55-52 -> Message-55-52 (/127.0.0.1:49480)
21:20:57.287 [pool-1-thread-4] DEBUG com.mnc.udp.UDPServer - UDP-Server: Message-93-75
21:20:57.287 [pool-1-thread-4] DEBUG com.mnc.udp.UDPServer - UDP-Server: Message-93-75 -> Message-93-75 (/127.0.0.1:49518)
21:20:57.287 [pool-1-thread-3] DEBUG com.mnc.udp.UDPServer - UDP-Server: Message-55-50
21:20:57.287 [pool-1-thread-5] DEBUG com.mnc.udp.UDPServer - UDP-Server: Message-93-38
21:20:57.287 [pool-1-thread-3] DEBUG com.mnc.udp.UDPServer - UDP-Server: Message-55-50 -> Message-55-50 (/127.0.0.1:49480)
21:20:57.287 [pool-1-thread-5] DEBUG com.mnc.udp.UDPServer - UDP-Server: Message-93-38 -> Message-93-38 (/127.0.0.1:49518)
21:20:57.287 [pool-1-thread-2] DEBUG com.mnc.udp.UDPServer - UDP-Server: Message-93-39
21:20:57.287 [pool-1-thread-2] DEBUG com.mnc.udp.UDPServer - UDP-Server: Message-93-39 -> Message-93-39 (/127.0.0.1:49518)
21:20:57.287 [pool-1-thread-1] DEBUG com.mnc.udp.UDPServer - UDP-Server: Message-93-37
21:20:57.287 [pool-1-thread-1] DEBUG com.mnc.udp.UDPServer - UDP-Server: Message-93-37 -> Message-93-37 (/127.0.0.1:49518)
21:20:57.287 [pool-1-thread-4] DEBUG com.mnc.udp.UDPServer - UDP-Server: Message-93-1
21:20:57.287 [pool-1-thread-4] DEBUG com.mnc.udp.UDPServer - UDP-Server: Message-93-1 -> Message-93-1 (/127.0.0.1:49518)
21:20:57.287 [pool-1-thread-3] DEBUG com.mnc.udp.UDPServer - UDP-Server: Message-93-2
21:20:57.287 [pool-1-thread-3] DEBUG com.mnc.udp.UDPServer - UDP-Server: Message-93-2 -> Message-93-2 (/127.0.0.1:49518)
21:20:57.287 [pool-1-thread-5] DEBUG com.mnc.udp.UDPServer - UDP-Server: Message-93-0
21:20:57.287 [pool-1-thread-5] DEBUG com.mnc.udp.UDPServer - UDP-Server: Message-93-0 -> Message-93-0 (/127.0.0.1:49518)
21:20:57.288 [pool-1-thread-2] DEBUG com.mnc.udp.UDPServer - UDP-Server: Message-93-4
21:20:57.288 [pool-1-thread-2] DEBUG com.mnc.udp.UDPServer - UDP-Server: Message-93-4 -> Message-93-4 (/127.0.0.1:49518)
21:20:57.288 [pool-1-thread-1] DEBUG com.mnc.udp.UDPServer - UDP-Server: Message-93-5
21:20:57.288 [pool-1-thread-1] DEBUG com.mnc.udp.UDPServer - UDP-Server: Message-93-5 -> Message-93-5 (/127.0.0.1:49518)
21:20:57.288 [pool-1-thread-4] DEBUG com.mnc.udp.UDPServer - UDP-Server: Message-93-87
21:20:57.288 [pool-1-thread-4] DEBUG com.mnc.udp.UDPServer - UDP-Server: Message-93-87 -> Message-93-87 (/127.0.0.1:49518)
21:20:57.288 [pool-1-thread-3] DEBUG com.mnc.udp.UDPServer - UDP-Server: Message-93-93
21:20:57.288 [pool-1-thread-3] DEBUG com.mnc.udp.UDPServer - UDP-Server: Message-93-93 -> Message-93-93 (/127.0.0.1:49518)
21:20:57.288 [pool-1-thread-5] DEBUG com.mnc.udp.UDPServer - UDP-Server: Message-93-9
21:20:57.288 [pool-1-thread-5] DEBUG com.mnc.udp.UDPServer - UDP-Server: Message-93-9 -> Message-93-9 (/127.0.0.1:49518)
21:20:57.288 [pool-1-thread-2] DEBUG com.mnc.udp.UDPServer - UDP-Server: Message-93-59
21:20:57.288 [pool-1-thread-2] DEBUG com.mnc.udp.UDPServer - UDP-Server: Message-93-59 -> Message-93-59 (/127.0.0.1:49518)
21:20:57.288 [pool-1-thread-1] DEBUG com.mnc.udp.UDPServer - UDP-Server: Message-93-41
21:20:57.288 [pool-1-thread-1] DEBUG com.mnc.udp.UDPServer - UDP-Server: Message-93-41 -> Message-93-41 (/127.0.0.1:49518)
21:20:57.288 [pool-1-thread-4] DEBUG com.mnc.udp.UDPServer - UDP-Server: Message-93-42
21:20:57.288 [pool-1-thread-4] DEBUG com.mnc.udp.UDPServer - UDP-Server: Message-93-42 -> Message-93-42 (/127.0.0.1:49518)
21:20:57.288 [pool-1-thread-3] DEBUG com.mnc.udp.UDPServer - UDP-Server: Message-93-60
21:20:57.288 [pool-1-thread-3] DEBUG com.mnc.udp.UDPServer - UDP-Server: Message-93-60 -> Message-93-60 (/127.0.0.1:49518)
21:20:57.288 [pool-1-thread-5] DEBUG com.mnc.udp.UDPServer - UDP-Server: Message-93-61
21:20:57.288 [pool-1-thread-5] DEBUG com.mnc.udp.UDPServer - UDP-Server: Message-93-61 -> Message-93-61 (/127.0.0.1:49518)
21:20:57.289 [pool-1-thread-2] DEBUG com.mnc.udp.UDPServer - UDP-Server: Message-93-66
21:20:57.289 [pool-1-thread-2] DEBUG com.mnc.udp.UDPServer - UDP-Server: Message-93-66 -> Message-93-66 (/127.0.0.1:49518)
21:20:57.289 [pool-1-thread-1] DEBUG com.mnc.udp.UDPServer - UDP-Server: Message-93-67
21:20:57.289 [pool-1-thread-1] DEBUG com.mnc.udp.UDPServer - UDP-Server: Message-93-67 -> Message-93-67 (/127.0.0.1:49518)
21:20:57.289 [pool-1-thread-4] DEBUG com.mnc.udp.UDPServer - UDP-Server: Message-89-32
21:20:57.289 [pool-1-thread-4] DEBUG com.mnc.udp.UDPServer - UDP-Server: Message-89-32 -> Message-89-32 (/127.0.0.1:49514)
21:20:57.289 [pool-1-thread-3] DEBUG com.mnc.udp.UDPServer - UDP-Server: Message-93-81
21:20:57.289 [pool-1-thread-3] DEBUG com.mnc.udp.UDPServer - UDP-Server: Message-93-81 -> Message-93-81 (/127.0.0.1:49518)
21:20:57.289 [pool-1-thread-5] DEBUG com.mnc.udp.UDPServer - UDP-Server: Message-89-33
21:20:57.289 [pool-1-thread-5] DEBUG com.mnc.udp.UDPServer - UDP-Server: Message-89-33 -> Message-89-33 (/127.0.0.1:49514)
21:20:57.289 [pool-1-thread-2] DEBUG com.mnc.udp.UDPServer - UDP-Server: Message-93-10
21:20:57.289 [pool-1-thread-2] DEBUG com.mnc.udp.UDPServer - UDP-Server: Message-93-10 -> Message-93-10 (/127.0.0.1:49518)
21:20:57.289 [pool-1-thread-1] DEBUG com.mnc.udp.UDPServer - UDP-Server: Message-89-31
21:20:57.289 [pool-1-thread-1] DEBUG com.mnc.udp.UDPServer - UDP-Server: Message-89-31 -> Message-89-31 (/127.0.0.1:49514)
21:20:57.289 [pool-1-thread-1] DEBUG com.mnc.udp.UDPServer - UDP-Server: Message-93-11
21:20:57.289 [pool-1-thread-1] DEBUG com.mnc.udp.UDPServer - UDP-Server: Message-93-11 -> Message-93-11 (/127.0.0.1:49518)
21:20:57.289 [pool-1-thread-3] DEBUG com.mnc.udp.UDPServer - UDP-Server: Message-89-35
21:20:57.289 [pool-1-thread-3] DEBUG com.mnc.udp.UDPServer - UDP-Server: Message-89-35 -> Message-89-35 (/127.0.0.1:49514)
21:20:57.289 [pool-1-thread-5] DEBUG com.mnc.udp.UDPServer - UDP-Server: Message-93-91
21:20:57.289 [pool-1-thread-5] DEBUG com.mnc.udp.UDPServer - UDP-Server: Message-93-91 -> Message-93-91 (/127.0.0.1:49518)
21:20:57.289 [pool-1-thread-2] DEBUG com.mnc.udp.UDPServer - UDP-Server: Message-89-36
21:20:57.289 [pool-1-thread-2] DEBUG com.mnc.udp.UDPServer - UDP-Server: Message-89-36 -> Message-89-36 (/127.0.0.1:49514)
21:20:57.289 [pool-1-thread-4] DEBUG com.mnc.udp.UDPServer - UDP-Server: Message-93-92
21:20:57.289 [pool-1-thread-4] DEBUG com.mnc.udp.UDPServer - UDP-Server: Message-93-92 -> Message-93-92 (/127.0.0.1:49518)
21:20:57.289 [pool-1-thread-1] DEBUG com.mnc.udp.UDPServer - UDP-Server: Message-89-34
21:20:57.289 [pool-1-thread-1] DEBUG com.mnc.udp.UDPServer - UDP-Server: Message-89-34 -> Message-89-34 (/127.0.0.1:49514)
21:20:57.289 [pool-1-thread-3] DEBUG com.mnc.udp.UDPServer - UDP-Server: Message-93-69
21:20:57.289 [pool-1-thread-3] DEBUG com.mnc.udp.UDPServer - UDP-Server: Message-93-69 -> Message-93-69 (/127.0.0.1:49518)
21:20:57.289 [pool-1-thread-5] DEBUG com.mnc.udp.UDPServer - UDP-Server: Message-89-28
21:20:57.289 [pool-1-thread-5] DEBUG com.mnc.udp.UDPServer - UDP-Server: Message-89-28 -> Message-89-28 (/127.0.0.1:49514)
21:20:57.289 [pool-1-thread-2] DEBUG com.mnc.udp.UDPServer - UDP-Server: Message-93-70
21:20:57.290 [pool-1-thread-2] DEBUG com.mnc.udp.UDPServer - UDP-Server: Message-93-70 -> Message-93-70 (/127.0.0.1:49518)
21:20:57.290 [pool-1-thread-4] DEBUG com.mnc.udp.UDPServer - UDP-Server: Message-89-29
21:20:57.290 [pool-1-thread-4] DEBUG com.mnc.udp.UDPServer - UDP-Server: Message-89-29 -> Message-89-29 (/127.0.0.1:49514)
21:20:57.290 [pool-1-thread-1] DEBUG com.mnc.udp.UDPServer - UDP-Server: Message-93-68
21:20:57.290 [pool-1-thread-3] DEBUG com.mnc.udp.UDPServer - UDP-Server: Message-89-30
21:20:57.290 [pool-1-thread-3] DEBUG com.mnc.udp.UDPServer - UDP-Server: Message-89-30 -> Message-89-30 (/127.0.0.1:49514)
21:20:57.290 [pool-1-thread-1] DEBUG com.mnc.udp.UDPServer - UDP-Server: Message-93-68 -> Message-93-68 (/127.0.0.1:49518)
21:20:57.290 [pool-1-thread-5] DEBUG com.mnc.udp.UDPServer - UDP-Server: Message-89-26
21:20:57.290 [pool-1-thread-2] DEBUG com.mnc.udp.UDPServer - UDP-Server: Message-93-73
21:20:57.290 [pool-1-thread-2] DEBUG com.mnc.udp.UDPServer - UDP-Server: Message-93-73 -> Message-93-73 (/127.0.0.1:49518)
21:20:57.290 [pool-1-thread-5] DEBUG com.mnc.udp.UDPServer - UDP-Server: Message-89-26 -> Message-89-26 (/127.0.0.1:49514)
21:20:57.290 [pool-1-thread-4] DEBUG com.mnc.udp.UDPServer - UDP-Server: Message-93-74
21:20:57.290 [pool-1-thread-4] DEBUG com.mnc.udp.UDPServer - UDP-Server: Message-93-74 -> Message-93-74 (/127.0.0.1:49518)
21:20:57.290 [pool-1-thread-3] DEBUG com.mnc.udp.UDPServer - UDP-Server: Message-89-27
21:20:57.290 [pool-1-thread-3] DEBUG com.mnc.udp.UDPServer - UDP-Server: Message-89-27 -> Message-89-27 (/127.0.0.1:49514)
21:20:57.290 [pool-1-thread-1] DEBUG com.mnc.udp.UDPServer - UDP-Server: Message-93-62
21:20:57.290 [pool-1-thread-1] DEBUG com.mnc.udp.UDPServer - UDP-Server: Message-93-62 -> Message-93-62 (/127.0.0.1:49518)
21:20:57.290 [pool-1-thread-2] DEBUG com.mnc.udp.UDPServer - UDP-Server: Message-89-15
21:20:57.290 [pool-1-thread-2] DEBUG com.mnc.udp.UDPServer - UDP-Server: Message-89-15 -> Message-89-15 (/127.0.0.1:49514)
21:20:57.290 [pool-1-thread-5] DEBUG com.mnc.udp.UDPServer - UDP-Server: Message-93-63
21:20:57.290 [pool-1-thread-5] DEBUG com.mnc.udp.UDPServer - UDP-Server: Message-93-63 -> Message-93-63 (/127.0.0.1:49518)
21:20:57.290 [pool-1-thread-4] DEBUG com.mnc.udp.UDPServer - UDP-Server: Message-89-57
21:20:57.290 [pool-1-thread-4] DEBUG com.mnc.udp.UDPServer - UDP-Server: Message-89-57 -> Message-89-57 (/127.0.0.1:49514)
21:20:57.290 [pool-1-thread-3] DEBUG com.mnc.udp.UDPServer - UDP-Server: Message-93-64
21:20:57.290 [pool-1-thread-3] DEBUG com.mnc.udp.UDPServer - UDP-Server: Message-93-64 -> Message-93-64 (/127.0.0.1:49518)
21:20:57.290 [pool-1-thread-1] DEBUG com.mnc.udp.UDPServer - UDP-Server: Message-89-58
21:20:57.290 [pool-1-thread-1] DEBUG com.mnc.udp.UDPServer - UDP-Server: Message-89-58 -> Message-89-58 (/127.0.0.1:49514)
21:20:57.290 [pool-1-thread-1] DEBUG com.mnc.udp.UDPServer - UDP-Server: Message-93-71
21:20:57.290 [pool-1-thread-1] DEBUG com.mnc.udp.UDPServer - UDP-Server: Message-93-71 -> Message-93-71 (/127.0.0.1:49518)
21:20:57.290 [pool-1-thread-1] DEBUG com.mnc.udp.UDPServer - UDP-Server: Message-89-25
21:20:57.290 [pool-1-thread-1] DEBUG com.mnc.udp.UDPServer - UDP-Server: Message-89-25 -> Message-89-25 (/127.0.0.1:49514)
21:20:57.290 [pool-1-thread-4] DEBUG com.mnc.udp.UDPServer - UDP-Server: Message-93-72
21:20:57.290 [pool-1-thread-3] DEBUG com.mnc.udp.UDPServer - UDP-Server: Message-89-44
21:20:57.290 [pool-1-thread-3] DEBUG com.mnc.udp.UDPServer - UDP-Server: Message-89-44 -> Message-89-44 (/127.0.0.1:49514)
21:20:57.290 [pool-1-thread-4] DEBUG com.mnc.udp.UDPServer - UDP-Server: Message-93-72 -> Message-93-72 (/127.0.0.1:49518)
21:20:57.290 [pool-1-thread-2] DEBUG com.mnc.udp.UDPServer - UDP-Server: Message-89-45
21:20:57.290 [pool-1-thread-5] DEBUG com.mnc.udp.UDPServer - UDP-Server: Message-93-3
21:20:57.290 [pool-1-thread-5] DEBUG com.mnc.udp.UDPServer - UDP-Server: Message-93-3 -> Message-93-3 (/127.0.0.1:49518)
21:20:57.290 [pool-1-thread-2] DEBUG com.mnc.udp.UDPServer - UDP-Server: Message-89-45 -> Message-89-45 (/127.0.0.1:49514)
21:20:57.291 [pool-1-thread-1] DEBUG com.mnc.udp.UDPServer - UDP-Server: Message-89-7
21:20:57.291 [pool-1-thread-1] DEBUG com.mnc.udp.UDPServer - UDP-Server: Message-89-7 -> Message-89-7 (/127.0.0.1:49514)
21:20:57.291 [pool-1-thread-3] DEBUG com.mnc.udp.UDPServer - UDP-Server: Message-93-88
21:20:57.291 [pool-1-thread-3] DEBUG com.mnc.udp.UDPServer - UDP-Server: Message-93-88 -> Message-93-88 (/127.0.0.1:49518)
21:20:57.291 [pool-1-thread-3] DEBUG com.mnc.udp.UDPServer - UDP-Server: Message-89-8
21:20:57.291 [pool-1-thread-3] DEBUG com.mnc.udp.UDPServer - UDP-Server: Message-89-8 -> Message-89-8 (/127.0.0.1:49514)
21:20:57.291 [pool-1-thread-5] DEBUG com.mnc.udp.UDPServer - UDP-Server: Message-93-89
21:20:57.291 [pool-1-thread-5] DEBUG com.mnc.udp.UDPServer - UDP-Server: Message-93-89 -> Message-93-89 (/127.0.0.1:49518)
21:20:57.291 [pool-1-thread-2] DEBUG com.mnc.udp.UDPServer - UDP-Server: Message-89-90
21:20:57.291 [pool-1-thread-2] DEBUG com.mnc.udp.UDPServer - UDP-Server: Message-89-90 -> Message-89-90 (/127.0.0.1:49514)
21:20:57.291 [pool-1-thread-1] DEBUG com.mnc.udp.UDPServer - UDP-Server: Message-93-50
21:20:57.291 [pool-1-thread-1] DEBUG com.mnc.udp.UDPServer - UDP-Server: Message-93-50 -> Message-93-50 (/127.0.0.1:49518)
21:20:57.291 [pool-1-thread-4] DEBUG com.mnc.udp.UDPServer - UDP-Server: Message-89-91
21:20:57.291 [pool-1-thread-4] DEBUG com.mnc.udp.UDPServer - UDP-Server: Message-89-91 -> Message-89-91 (/127.0.0.1:49514)
21:20:57.291 [pool-1-thread-3] DEBUG com.mnc.udp.UDPServer - UDP-Server: Message-93-99
21:20:57.291 [pool-1-thread-5] DEBUG com.mnc.udp.UDPServer - UDP-Server: Message-89-92
21:20:57.291 [pool-1-thread-5] DEBUG com.mnc.udp.UDPServer - UDP-Server: Message-89-92 -> Message-89-92 (/127.0.0.1:49514)
21:20:57.291 [pool-1-thread-3] DEBUG com.mnc.udp.UDPServer - UDP-Server: Message-93-99 -> Message-93-99 (/127.0.0.1:49518)
21:20:57.291 [pool-1-thread-2] DEBUG com.mnc.udp.UDPServer - UDP-Server: Message-89-88
21:20:57.291 [pool-1-thread-2] DEBUG com.mnc.udp.UDPServer - UDP-Server: Message-89-88 -> Message-89-88 (/127.0.0.1:49514)
21:20:57.291 [pool-1-thread-1] DEBUG com.mnc.udp.UDPServer - UDP-Server: Message-93-94
21:20:57.291 [pool-1-thread-1] DEBUG com.mnc.udp.UDPServer - UDP-Server: Message-93-94 -> Message-93-94 (/127.0.0.1:49518)
21:20:57.291 [pool-1-thread-1] DEBUG com.mnc.udp.UDPServer - UDP-Server: Message-89-89
21:20:57.291 [pool-1-thread-1] DEBUG com.mnc.udp.UDPServer - UDP-Server: Message-89-89 -> Message-89-89 (/127.0.0.1:49514)
21:20:57.291 [pool-1-thread-5] DEBUG com.mnc.udp.UDPServer - UDP-Server: Message-93-95
21:20:57.291 [pool-1-thread-5] DEBUG com.mnc.udp.UDPServer - UDP-Server: Message-93-95 -> Message-93-95 (/127.0.0.1:49518)
21:20:57.291 [pool-1-thread-3] DEBUG com.mnc.udp.UDPServer - UDP-Server: Message-89-87
21:20:57.291 [pool-1-thread-3] DEBUG com.mnc.udp.UDPServer - UDP-Server: Message-89-87 -> Message-89-87 (/127.0.0.1:49514)
21:20:57.291 [pool-1-thread-2] DEBUG com.mnc.udp.UDPServer - UDP-Server: Message-89-66
21:20:57.291 [pool-1-thread-2] DEBUG com.mnc.udp.UDPServer - UDP-Server: Message-89-66 -> Message-89-66 (/127.0.0.1:49514)
21:20:57.291 [pool-1-thread-4] DEBUG com.mnc.udp.UDPServer - UDP-Server: Message-89-67
21:20:57.291 [pool-1-thread-4] DEBUG com.mnc.udp.UDPServer - UDP-Server: Message-89-67 -> Message-89-67 (/127.0.0.1:49514)
21:20:57.291 [pool-1-thread-1] DEBUG com.mnc.udp.UDPServer - UDP-Server: Message-37-32
21:20:57.292 [pool-1-thread-1] DEBUG com.mnc.udp.UDPServer - UDP-Server: Message-37-32 -> Message-37-32 (/127.0.0.1:49462)
21:20:57.291 [pool-1-thread-5] DEBUG com.mnc.udp.UDPServer - UDP-Server: Message-89-82
21:20:57.292 [pool-1-thread-5] DEBUG com.mnc.udp.UDPServer - UDP-Server: Message-89-82 -> Message-89-82 (/127.0.0.1:49514)
21:20:57.292 [pool-1-thread-3] DEBUG com.mnc.udp.UDPServer - UDP-Server: Message-37-33
21:20:57.292 [pool-1-thread-3] DEBUG com.mnc.udp.UDPServer - UDP-Server: Message-37-33 -> Message-37-33 (/127.0.0.1:49462)
21:20:57.292 [pool-1-thread-2] DEBUG com.mnc.udp.UDPServer - UDP-Server: Message-89-83
21:20:57.292 [pool-1-thread-2] DEBUG com.mnc.udp.UDPServer - UDP-Server: Message-89-83 -> Message-89-83 (/127.0.0.1:49514)
21:20:57.292 [pool-1-thread-2] DEBUG com.mnc.udp.UDPServer - UDP-Server: Message-37-31
21:20:57.292 [pool-1-thread-2] DEBUG com.mnc.udp.UDPServer - UDP-Server: Message-37-31 -> Message-37-31 (/127.0.0.1:49462)
21:20:57.292 [pool-1-thread-1] DEBUG com.mnc.udp.UDPServer - UDP-Server: Message-89-81
21:20:57.292 [pool-1-thread-1] DEBUG com.mnc.udp.UDPServer - UDP-Server: Message-89-81 -> Message-89-81 (/127.0.0.1:49514)
21:20:57.292 [pool-1-thread-5] DEBUG com.mnc.udp.UDPServer - UDP-Server: Message-37-35
21:20:57.292 [pool-1-thread-5] DEBUG com.mnc.udp.UDPServer - UDP-Server: Message-37-35 -> Message-37-35 (/127.0.0.1:49462)
21:20:57.292 [pool-1-thread-5] DEBUG com.mnc.udp.UDPServer - UDP-Server: Message-89-85
21:20:57.292 [pool-1-thread-5] DEBUG com.mnc.udp.UDPServer - UDP-Server: Message-89-85 -> Message-89-85 (/127.0.0.1:49514)
21:20:57.292 [pool-1-thread-4] DEBUG com.mnc.udp.UDPServer - UDP-Server: Message-37-36
21:20:57.292 [pool-1-thread-4] DEBUG com.mnc.udp.UDPServer - UDP-Server: Message-37-36 -> Message-37-36 (/127.0.0.1:49462)
21:20:57.292 [pool-1-thread-4] DEBUG com.mnc.udp.UDPServer - UDP-Server: Message-89-86
21:20:57.292 [pool-1-thread-4] DEBUG com.mnc.udp.UDPServer - UDP-Server: Message-89-86 -> Message-89-86 (/127.0.0.1:49514)
21:20:57.292 [pool-1-thread-4] DEBUG com.mnc.udp.UDPServer - UDP-Server: Message-37-34
21:20:57.292 [pool-1-thread-4] DEBUG com.mnc.udp.UDPServer - UDP-Server: Message-37-34 -> Message-37-34 (/127.0.0.1:49462)
21:20:57.292 [pool-1-thread-3] DEBUG com.mnc.udp.UDPServer - UDP-Server: Message-89-6
21:20:57.292 [pool-1-thread-3] DEBUG com.mnc.udp.UDPServer - UDP-Server: Message-89-6 -> Message-89-6 (/127.0.0.1:49514)
21:20:57.292 [pool-1-thread-3] DEBUG com.mnc.udp.UDPServer - UDP-Server: Message-37-28
21:20:57.292 [pool-1-thread-3] DEBUG com.mnc.udp.UDPServer - UDP-Server: Message-37-28 -> Message-37-28 (/127.0.0.1:49462)
21:20:57.292 [pool-1-thread-2] DEBUG com.mnc.udp.UDPServer - UDP-Server: Message-89-10
21:20:57.292 [pool-1-thread-2] DEBUG com.mnc.udp.UDPServer - UDP-Server: Message-89-10 -> Message-89-10 (/127.0.0.1:49514)
21:20:57.292 [pool-1-thread-1] DEBUG com.mnc.udp.UDPServer - UDP-Server: Message-37-29
21:20:57.292 [pool-1-thread-1] DEBUG com.mnc.udp.UDPServer - UDP-Server: Message-37-29 -> Message-37-29 (/127.0.0.1:49462)
21:20:57.292 [pool-1-thread-4] DEBUG com.mnc.udp.UDPServer - UDP-Server: Message-89-11
21:20:57.292 [pool-1-thread-4] DEBUG com.mnc.udp.UDPServer - UDP-Server: Message-89-11 -> Message-89-11 (/127.0.0.1:49514)
21:20:57.292 [pool-1-thread-5] DEBUG com.mnc.udp.UDPServer - UDP-Server: Message-37-30
21:20:57.292 [pool-1-thread-5] DEBUG com.mnc.udp.UDPServer - UDP-Server: Message-37-30 -> Message-37-30 (/127.0.0.1:49462)
21:20:57.292 [pool-1-thread-3] DEBUG com.mnc.udp.UDPServer - UDP-Server: Message-89-9
21:20:57.292 [pool-1-thread-3] DEBUG com.mnc.udp.UDPServer - UDP-Server: Message-89-9 -> Message-89-9 (/127.0.0.1:49514)
21:20:57.292 [pool-1-thread-2] DEBUG com.mnc.udp.UDPServer - UDP-Server: Message-37-26
21:20:57.292 [pool-1-thread-2] DEBUG com.mnc.udp.UDPServer - UDP-Server: Message-37-26 -> Message-37-26 (/127.0.0.1:49462)
21:20:57.292 [pool-1-thread-1] DEBUG com.mnc.udp.UDPServer - UDP-Server: Message-89-3
21:20:57.292 [pool-1-thread-1] DEBUG com.mnc.udp.UDPServer - UDP-Server: Message-89-3 -> Message-89-3 (/127.0.0.1:49514)
21:20:57.292 [pool-1-thread-4] DEBUG com.mnc.udp.UDPServer - UDP-Server: Message-37-27
21:20:57.293 [pool-1-thread-4] DEBUG com.mnc.udp.UDPServer - UDP-Server: Message-37-27 -> Message-37-27 (/127.0.0.1:49462)
21:20:57.293 [pool-1-thread-5] DEBUG com.mnc.udp.UDPServer - UDP-Server: Message-89-4
21:20:57.293 [pool-1-thread-5] DEBUG com.mnc.udp.UDPServer - UDP-Server: Message-89-4 -> Message-89-4 (/127.0.0.1:49514)
21:20:57.293 [pool-1-thread-3] DEBUG com.mnc.udp.UDPServer - UDP-Server: Message-37-25
21:20:57.293 [pool-1-thread-2] DEBUG com.mnc.udp.UDPServer - UDP-Server: Message-89-5
21:20:57.293 [pool-1-thread-2] DEBUG com.mnc.udp.UDPServer - UDP-Server: Message-89-5 -> Message-89-5 (/127.0.0.1:49514)
21:20:57.293 [pool-1-thread-3] DEBUG com.mnc.udp.UDPServer - UDP-Server: Message-37-25 -> Message-37-25 (/127.0.0.1:49462)
21:20:57.293 [pool-1-thread-1] DEBUG com.mnc.udp.UDPServer - UDP-Server: Message-89-1
21:20:57.293 [pool-1-thread-1] DEBUG com.mnc.udp.UDPServer - UDP-Server: Message-89-1 -> Message-89-1 (/127.0.0.1:49514)
21:20:57.293 [pool-1-thread-4] DEBUG com.mnc.udp.UDPServer - UDP-Server: Message-37-44
21:20:57.293 [pool-1-thread-4] DEBUG com.mnc.udp.UDPServer - UDP-Server: Message-37-44 -> Message-37-44 (/127.0.0.1:49462)
21:20:57.293 [pool-1-thread-5] DEBUG com.mnc.udp.UDPServer - UDP-Server: Message-89-2
21:20:57.293 [pool-1-thread-5] DEBUG com.mnc.udp.UDPServer - UDP-Server: Message-89-2 -> Message-89-2 (/127.0.0.1:49514)
21:20:57.293 [pool-1-thread-2] DEBUG com.mnc.udp.UDPServer - UDP-Server: Message-37-45
21:20:57.293 [pool-1-thread-2] DEBUG com.mnc.udp.UDPServer - UDP-Server: Message-37-45 -> Message-37-45 (/127.0.0.1:49462)
21:20:57.293 [pool-1-thread-3] DEBUG com.mnc.udp.UDPServer - UDP-Server: Message-89-0
21:20:57.293 [pool-1-thread-1] DEBUG com.mnc.udp.UDPServer - UDP-Server: Message-37-43
21:20:57.293 [pool-1-thread-3] DEBUG com.mnc.udp.UDPServer - UDP-Server: Message-89-0 -> Message-89-0 (/127.0.0.1:49514)
21:20:57.293 [pool-1-thread-1] DEBUG com.mnc.udp.UDPServer - UDP-Server: Message-37-43 -> Message-37-43 (/127.0.0.1:49462)
21:20:57.293 [pool-1-thread-4] DEBUG com.mnc.udp.UDPServer - UDP-Server: Message-89-21
21:20:57.293 [pool-1-thread-4] DEBUG com.mnc.udp.UDPServer - UDP-Server: Message-89-21 -> Message-89-21 (/127.0.0.1:49514)
21:20:57.293 [pool-1-thread-4] DEBUG com.mnc.udp.UDPServer - UDP-Server: Message-37-48
21:20:57.293 [pool-1-thread-4] DEBUG com.mnc.udp.UDPServer - UDP-Server: Message-37-48 -> Message-37-48 (/127.0.0.1:49462)
21:20:57.293 [pool-1-thread-2] DEBUG com.mnc.udp.UDPServer - UDP-Server: Message-89-22
21:20:57.293 [pool-1-thread-2] DEBUG com.mnc.udp.UDPServer - UDP-Server: Message-89-22 -> Message-89-22 (/127.0.0.1:49514)
21:20:57.293 [pool-1-thread-3] DEBUG com.mnc.udp.UDPServer - UDP-Server: Message-37-49
21:20:57.293 [pool-1-thread-3] DEBUG com.mnc.udp.UDPServer - UDP-Server: Message-37-49 -> Message-37-49 (/127.0.0.1:49462)
21:20:57.293 [pool-1-thread-1] DEBUG com.mnc.udp.UDPServer - UDP-Server: Message-89-23
21:20:57.293 [pool-1-thread-5] DEBUG com.mnc.udp.UDPServer - UDP-Server: Message-37-46
21:20:57.293 [pool-1-thread-1] DEBUG com.mnc.udp.UDPServer - UDP-Server: Message-89-23 -> Message-89-23 (/127.0.0.1:49514)
21:20:57.293 [pool-1-thread-5] DEBUG com.mnc.udp.UDPServer - UDP-Server: Message-37-46 -> Message-37-46 (/127.0.0.1:49462)
21:20:57.293 [pool-1-thread-4] DEBUG com.mnc.udp.UDPServer - UDP-Server: Message-37-47
21:20:57.293 [pool-1-thread-2] DEBUG com.mnc.udp.UDPServer - UDP-Server: Message-89-24
21:20:57.293 [pool-1-thread-2] DEBUG com.mnc.udp.UDPServer - UDP-Server: Message-89-24 -> Message-89-24 (/127.0.0.1:49514)
21:20:57.293 [pool-1-thread-4] DEBUG com.mnc.udp.UDPServer - UDP-Server: Message-37-47 -> Message-37-47 (/127.0.0.1:49462)
21:20:57.293 [pool-1-thread-3] DEBUG com.mnc.udp.UDPServer - UDP-Server: Message-89-19
21:20:57.293 [pool-1-thread-1] DEBUG com.mnc.udp.UDPServer - UDP-Server: Message-37-40
21:20:57.293 [pool-1-thread-3] DEBUG com.mnc.udp.UDPServer - UDP-Server: Message-89-19 -> Message-89-19 (/127.0.0.1:49514)
21:20:57.293 [pool-1-thread-1] DEBUG com.mnc.udp.UDPServer - UDP-Server: Message-37-40 -> Message-37-40 (/127.0.0.1:49462)
21:20:57.293 [pool-1-thread-5] DEBUG com.mnc.udp.UDPServer - UDP-Server: Message-37-41
21:20:57.293 [pool-1-thread-2] DEBUG com.mnc.udp.UDPServer - UDP-Server: Message-89-20
21:20:57.293 [pool-1-thread-5] DEBUG com.mnc.udp.UDPServer - UDP-Server: Message-37-41 -> Message-37-41 (/127.0.0.1:49462)
21:20:57.293 [pool-1-thread-2] DEBUG com.mnc.udp.UDPServer - UDP-Server: Message-89-20 -> Message-89-20 (/127.0.0.1:49514)
21:20:57.293 [pool-1-thread-4] DEBUG com.mnc.udp.UDPServer - UDP-Server: Message-37-42
21:20:57.294 [pool-1-thread-3] DEBUG com.mnc.udp.UDPServer - UDP-Server: Message-89-18
21:20:57.294 [pool-1-thread-3] DEBUG com.mnc.udp.UDPServer - UDP-Server: Message-89-18 -> Message-89-18 (/127.0.0.1:49514)
21:20:57.294 [pool-1-thread-4] DEBUG com.mnc.udp.UDPServer - UDP-Server: Message-37-42 -> Message-37-42 (/127.0.0.1:49462)
21:20:57.294 [pool-1-thread-1] DEBUG com.mnc.udp.UDPServer - UDP-Server: Message-89-13
21:20:57.294 [pool-1-thread-1] DEBUG com.mnc.udp.UDPServer - UDP-Server: Message-89-13 -> Message-89-13 (/127.0.0.1:49514)
21:20:57.294 [pool-1-thread-1] DEBUG com.mnc.udp.UDPServer - UDP-Server: Message-37-38
21:20:57.294 [pool-1-thread-1] DEBUG com.mnc.udp.UDPServer - UDP-Server: Message-37-38 -> Message-37-38 (/127.0.0.1:49462)
21:20:57.294 [pool-1-thread-2] DEBUG com.mnc.udp.UDPServer - UDP-Server: Message-89-14
21:20:57.294 [pool-1-thread-2] DEBUG com.mnc.udp.UDPServer - UDP-Server: Message-89-14 -> Message-89-14 (/127.0.0.1:49514)
21:20:57.294 [pool-1-thread-3] DEBUG com.mnc.udp.UDPServer - UDP-Server: Message-37-39
21:20:57.294 [pool-1-thread-3] DEBUG com.mnc.udp.UDPServer - UDP-Server: Message-37-39 -> Message-37-39 (/127.0.0.1:49462)
21:20:57.294 [pool-1-thread-4] DEBUG com.mnc.udp.UDPServer - UDP-Server: Message-89-12
21:20:57.294 [pool-1-thread-4] DEBUG com.mnc.udp.UDPServer - UDP-Server: Message-89-12 -> Message-89-12 (/127.0.0.1:49514)
21:20:57.294 [pool-1-thread-5] DEBUG com.mnc.udp.UDPServer - UDP-Server: Message-37-37
21:20:57.294 [pool-1-thread-5] DEBUG com.mnc.udp.UDPServer - UDP-Server: Message-37-37 -> Message-37-37 (/127.0.0.1:49462)
21:20:57.294 [pool-1-thread-1] DEBUG com.mnc.udp.UDPServer - UDP-Server: Message-89-43
21:20:57.294 [pool-1-thread-2] DEBUG com.mnc.udp.UDPServer - UDP-Server: Message-37-15
21:20:57.294 [pool-1-thread-2] DEBUG com.mnc.udp.UDPServer - UDP-Server: Message-37-15 -> Message-37-15 (/127.0.0.1:49462)
21:20:57.294 [pool-1-thread-1] DEBUG com.mnc.udp.UDPServer - UDP-Server: Message-89-43 -> Message-89-43 (/127.0.0.1:49514)
21:20:57.294 [pool-1-thread-3] DEBUG com.mnc.udp.UDPServer - UDP-Server: Message-37-90
21:20:57.294 [pool-1-thread-4] DEBUG com.mnc.udp.UDPServer - UDP-Server: Message-89-63
21:20:57.294 [pool-1-thread-4] DEBUG com.mnc.udp.UDPServer - UDP-Server: Message-89-63 -> Message-89-63 (/127.0.0.1:49514)
21:20:57.294 [pool-1-thread-3] DEBUG com.mnc.udp.UDPServer - UDP-Server: Message-37-90 -> Message-37-90 (/127.0.0.1:49462)
21:20:57.294 [pool-1-thread-3] DEBUG com.mnc.udp.UDPServer - UDP-Server: Message-89-64
21:20:57.294 [pool-1-thread-3] DEBUG com.mnc.udp.UDPServer - UDP-Server: Message-89-64 -> Message-89-64 (/127.0.0.1:49514)
21:20:57.294 [pool-1-thread-2] DEBUG com.mnc.udp.UDPServer - UDP-Server: Message-37-91
21:20:57.294 [pool-1-thread-2] DEBUG com.mnc.udp.UDPServer - UDP-Server: Message-37-91 -> Message-37-91 (/127.0.0.1:49462)
21:20:57.294 [pool-1-thread-1] DEBUG com.mnc.udp.UDPServer - UDP-Server: Message-89-56
21:20:57.294 [pool-1-thread-1] DEBUG com.mnc.udp.UDPServer - UDP-Server: Message-89-56 -> Message-89-56 (/127.0.0.1:49514)
21:20:57.294 [pool-1-thread-4] DEBUG com.mnc.udp.UDPServer - UDP-Server: Message-37-92
21:20:57.294 [pool-1-thread-4] DEBUG com.mnc.udp.UDPServer - UDP-Server: Message-37-92 -> Message-37-92 (/127.0.0.1:49462)
21:20:57.294 [pool-1-thread-5] DEBUG com.mnc.udp.UDPServer - UDP-Server: Message-89-60
21:20:57.294 [pool-1-thread-5] DEBUG com.mnc.udp.UDPServer - UDP-Server: Message-89-60 -> Message-89-60 (/127.0.0.1:49514)
21:20:57.294 [pool-1-thread-3] DEBUG com.mnc.udp.UDPServer - UDP-Server: Message-37-88
21:20:57.294 [pool-1-thread-3] DEBUG com.mnc.udp.UDPServer - UDP-Server: Message-37-88 -> Message-37-88 (/127.0.0.1:49462)
21:20:57.294 [pool-1-thread-3] DEBUG com.mnc.udp.UDPServer - UDP-Server: Message-89-61
21:20:57.294 [pool-1-thread-3] DEBUG com.mnc.udp.UDPServer - UDP-Server: Message-89-61 -> Message-89-61 (/127.0.0.1:49514)
21:20:57.294 [pool-1-thread-1] DEBUG com.mnc.udp.UDPServer - UDP-Server: Message-37-89
21:20:57.295 [pool-1-thread-1] DEBUG com.mnc.udp.UDPServer - UDP-Server: Message-37-89 -> Message-37-89 (/127.0.0.1:49462)
21:20:57.295 [pool-1-thread-4] DEBUG com.mnc.udp.UDPServer - UDP-Server: Message-89-59
21:20:57.295 [pool-1-thread-4] DEBUG com.mnc.udp.UDPServer - UDP-Server: Message-89-59 -> Message-89-59 (/127.0.0.1:49514)
21:20:57.295 [pool-1-thread-5] DEBUG com.mnc.udp.UDPServer - UDP-Server: Message-37-87
21:20:57.295 [pool-1-thread-5] DEBUG com.mnc.udp.UDPServer - UDP-Server: Message-37-87 -> Message-37-87 (/127.0.0.1:49462)
21:20:57.295 [pool-1-thread-2] DEBUG com.mnc.udp.UDPServer - UDP-Server: Message-89-53
21:20:57.295 [pool-1-thread-2] DEBUG com.mnc.udp.UDPServer - UDP-Server: Message-89-53 -> Message-89-53 (/127.0.0.1:49514)
21:20:57.295 [pool-1-thread-3] DEBUG com.mnc.udp.UDPServer - UDP-Server: Message-37-96
21:20:57.295 [pool-1-thread-3] DEBUG com.mnc.udp.UDPServer - UDP-Server: Message-37-96 -> Message-37-96 (/127.0.0.1:49462)
21:20:57.295 [pool-1-thread-3] DEBUG com.mnc.udp.UDPServer - UDP-Server: Message-89-54
21:20:57.295 [pool-1-thread-3] DEBUG com.mnc.udp.UDPServer - UDP-Server: Message-89-54 -> Message-89-54 (/127.0.0.1:49514)
21:20:57.295 [pool-1-thread-4] DEBUG com.mnc.udp.UDPServer - UDP-Server: Message-37-97
21:20:57.295 [pool-1-thread-5] DEBUG com.mnc.udp.UDPServer - UDP-Server: Message-89-55
21:20:57.295 [pool-1-thread-5] DEBUG com.mnc.udp.UDPServer - UDP-Server: Message-89-55 -> Message-89-55 (/127.0.0.1:49514)
21:20:57.295 [pool-1-thread-4] DEBUG com.mnc.udp.UDPServer - UDP-Server: Message-37-97 -> Message-37-97 (/127.0.0.1:49462)
21:20:57.295 [pool-1-thread-2] DEBUG com.mnc.udp.UDPServer - UDP-Server: Message-89-51
21:20:57.295 [pool-1-thread-2] DEBUG com.mnc.udp.UDPServer - UDP-Server: Message-89-51 -> Message-89-51 (/127.0.0.1:49514)
21:20:57.295 [pool-1-thread-1] DEBUG com.mnc.udp.UDPServer - UDP-Server: Message-37-98
21:20:57.295 [pool-1-thread-1] DEBUG com.mnc.udp.UDPServer - UDP-Server: Message-37-98 -> Message-37-98 (/127.0.0.1:49462)
21:20:57.295 [pool-1-thread-3] DEBUG com.mnc.udp.UDPServer - UDP-Server: Message-89-52
21:20:57.295 [pool-1-thread-5] DEBUG com.mnc.udp.UDPServer - UDP-Server: Message-37-99
21:20:57.295 [pool-1-thread-3] DEBUG com.mnc.udp.UDPServer - UDP-Server: Message-89-52 -> Message-89-52 (/127.0.0.1:49514)
21:20:57.295 [pool-1-thread-5] DEBUG com.mnc.udp.UDPServer - UDP-Server: Message-37-99 -> Message-37-99 (/127.0.0.1:49462)
21:20:57.295 [pool-1-thread-4] DEBUG com.mnc.udp.UDPServer - UDP-Server: Message-89-50
21:20:57.295 [pool-1-thread-4] DEBUG com.mnc.udp.UDPServer - UDP-Server: Message-89-50 -> Message-89-50 (/127.0.0.1:49514)
21:20:57.295 [pool-1-thread-2] DEBUG com.mnc.udp.UDPServer - UDP-Server: Message-37-94
21:20:57.295 [pool-1-thread-2] DEBUG com.mnc.udp.UDPServer - UDP-Server: Message-37-94 -> Message-37-94 (/127.0.0.1:49462)
21:20:57.295 [pool-1-thread-1] DEBUG com.mnc.udp.UDPServer - UDP-Server: Message-89-71
21:20:57.295 [pool-1-thread-1] DEBUG com.mnc.udp.UDPServer - UDP-Server: Message-89-71 -> Message-89-71 (/127.0.0.1:49514)
21:20:57.295 [pool-1-thread-1] DEBUG com.mnc.udp.UDPServer - UDP-Server: Message-37-95
21:20:57.295 [pool-1-thread-1] DEBUG com.mnc.udp.UDPServer - UDP-Server: Message-37-95 -> Message-37-95 (/127.0.0.1:49462)
21:20:57.295 [pool-1-thread-5] DEBUG com.mnc.udp.UDPServer - UDP-Server: Message-89-72
21:20:57.295 [pool-1-thread-5] DEBUG com.mnc.udp.UDPServer - UDP-Server: Message-89-72 -> Message-89-72 (/127.0.0.1:49514)
21:20:57.295 [pool-1-thread-4] DEBUG com.mnc.udp.UDPServer - UDP-Server: Message-37-93
21:20:57.295 [pool-1-thread-4] DEBUG com.mnc.udp.UDPServer - UDP-Server: Message-37-93 -> Message-37-93 (/127.0.0.1:49462)
21:20:57.295 [pool-1-thread-4] DEBUG com.mnc.udp.UDPServer - UDP-Server: Message-89-73
21:20:57.295 [pool-1-thread-4] DEBUG com.mnc.udp.UDPServer - UDP-Server: Message-89-73 -> Message-89-73 (/127.0.0.1:49514)
21:20:57.295 [pool-1-thread-3] DEBUG com.mnc.udp.UDPServer - UDP-Server: Message-37-82
21:20:57.295 [pool-1-thread-3] DEBUG com.mnc.udp.UDPServer - UDP-Server: Message-37-82 -> Message-37-82 (/127.0.0.1:49462)
21:20:57.295 [pool-1-thread-3] DEBUG com.mnc.udp.UDPServer - UDP-Server: Message-89-16
21:20:57.295 [pool-1-thread-3] DEBUG com.mnc.udp.UDPServer - UDP-Server: Message-89-16 -> Message-89-16 (/127.0.0.1:49514)
21:20:57.295 [pool-1-thread-5] DEBUG com.mnc.udp.UDPServer - UDP-Server: Message-37-83
21:20:57.295 [pool-1-thread-5] DEBUG com.mnc.udp.UDPServer - UDP-Server: Message-37-83 -> Message-37-83 (/127.0.0.1:49462)
21:20:57.296 [pool-1-thread-2] DEBUG com.mnc.udp.UDPServer - UDP-Server: Message-89-17
21:20:57.296 [pool-1-thread-4] DEBUG com.mnc.udp.UDPServer - UDP-Server: Message-37-81
21:20:57.296 [pool-1-thread-2] DEBUG com.mnc.udp.UDPServer - UDP-Server: Message-89-17 -> Message-89-17 (/127.0.0.1:49514)
21:20:57.296 [pool-1-thread-4] DEBUG com.mnc.udp.UDPServer - UDP-Server: Message-37-81 -> Message-37-81 (/127.0.0.1:49462)
21:20:57.296 [pool-1-thread-1] DEBUG com.mnc.udp.UDPServer - UDP-Server: Message-89-46
21:20:57.296 [pool-1-thread-1] DEBUG com.mnc.udp.UDPServer - UDP-Server: Message-89-46 -> Message-89-46 (/127.0.0.1:49514)
21:20:57.296 [pool-1-thread-1] DEBUG com.mnc.udp.UDPServer - UDP-Server: Message-37-85
21:20:57.296 [pool-1-thread-1] DEBUG com.mnc.udp.UDPServer - UDP-Server: Message-37-85 -> Message-37-85 (/127.0.0.1:49462)
21:20:57.296 [pool-1-thread-5] DEBUG com.mnc.udp.UDPServer - UDP-Server: Message-89-47
21:20:57.296 [pool-1-thread-5] DEBUG com.mnc.udp.UDPServer - UDP-Server: Message-89-47 -> Message-89-47 (/127.0.0.1:49514)
21:20:57.296 [pool-1-thread-5] DEBUG com.mnc.udp.UDPServer - UDP-Server: Message-37-86
21:20:57.296 [pool-1-thread-5] DEBUG com.mnc.udp.UDPServer - UDP-Server: Message-37-86 -> Message-37-86 (/127.0.0.1:49462)
21:20:57.296 [pool-1-thread-5] DEBUG com.mnc.udp.UDPServer - UDP-Server: Message-89-74
21:20:57.296 [pool-1-thread-5] DEBUG com.mnc.udp.UDPServer - UDP-Server: Message-89-74 -> Message-89-74 (/127.0.0.1:49514)
21:20:57.296 [pool-1-thread-5] DEBUG com.mnc.udp.UDPServer - UDP-Server: Message-37-84
21:20:57.296 [pool-1-thread-5] DEBUG com.mnc.udp.UDPServer - UDP-Server: Message-37-84 -> Message-37-84 (/127.0.0.1:49462)
21:20:57.296 [pool-1-thread-1] DEBUG com.mnc.udp.UDPServer - UDP-Server: Message-89-69
21:20:57.296 [pool-1-thread-1] DEBUG com.mnc.udp.UDPServer - UDP-Server: Message-89-69 -> Message-89-69 (/127.0.0.1:49514)
21:20:57.296 [pool-1-thread-2] DEBUG com.mnc.udp.UDPServer - UDP-Server: Message-37-78
21:20:57.296 [pool-1-thread-2] DEBUG com.mnc.udp.UDPServer - UDP-Server: Message-37-78 -> Message-37-78 (/127.0.0.1:49462)
21:20:57.296 [pool-1-thread-4] DEBUG com.mnc.udp.UDPServer - UDP-Server: Message-89-70
21:20:57.296 [pool-1-thread-4] DEBUG com.mnc.udp.UDPServer - UDP-Server: Message-89-70 -> Message-89-70 (/127.0.0.1:49514)
21:20:57.296 [pool-1-thread-3] DEBUG com.mnc.udp.UDPServer - UDP-Server: Message-37-16
21:20:57.296 [pool-1-thread-3] DEBUG com.mnc.udp.UDPServer - UDP-Server: Message-37-16 -> Message-37-16 (/127.0.0.1:49462)
21:20:57.296 [pool-1-thread-5] DEBUG com.mnc.udp.UDPServer - UDP-Server: Message-89-68
21:20:57.296 [pool-1-thread-5] DEBUG com.mnc.udp.UDPServer - UDP-Server: Message-89-68 -> Message-89-68 (/127.0.0.1:49514)
21:20:57.296 [pool-1-thread-1] DEBUG com.mnc.udp.UDPServer - UDP-Server: Message-37-17
21:20:57.296 [pool-1-thread-1] DEBUG com.mnc.udp.UDPServer - UDP-Server: Message-37-17 -> Message-37-17 (/127.0.0.1:49462)
21:20:57.296 [pool-1-thread-2] DEBUG com.mnc.udp.UDPServer - UDP-Server: Message-89-62
21:20:57.296 [pool-1-thread-2] DEBUG com.mnc.udp.UDPServer - UDP-Server: Message-89-62 -> Message-89-62 (/127.0.0.1:49514)
21:20:57.296 [pool-1-thread-4] DEBUG com.mnc.udp.UDPServer - UDP-Server: Message-37-79
21:20:57.297 [pool-1-thread-3] DEBUG com.mnc.udp.UDPServer - UDP-Server: Message-89-48
21:20:57.297 [pool-1-thread-3] DEBUG com.mnc.udp.UDPServer - UDP-Server: Message-89-48 -> Message-89-48 (/127.0.0.1:49514)
21:20:57.297 [pool-1-thread-4] DEBUG com.mnc.udp.UDPServer - UDP-Server: Message-37-79 -> Message-37-79 (/127.0.0.1:49462)
21:20:57.297 [pool-1-thread-5] DEBUG com.mnc.udp.UDPServer - UDP-Server: Message-89-49
21:20:57.297 [pool-1-thread-5] DEBUG com.mnc.udp.UDPServer - UDP-Server: Message-89-49 -> Message-89-49 (/127.0.0.1:49514)
21:20:57.297 [pool-1-thread-1] DEBUG com.mnc.udp.UDPServer - UDP-Server: Message-37-80
21:20:57.297 [pool-1-thread-1] DEBUG com.mnc.udp.UDPServer - UDP-Server: Message-37-80 -> Message-37-80 (/127.0.0.1:49462)
21:20:57.297 [pool-1-thread-2] DEBUG com.mnc.udp.UDPServer - UDP-Server: Message-89-84
21:20:57.297 [pool-1-thread-2] DEBUG com.mnc.udp.UDPServer - UDP-Server: Message-89-84 -> Message-89-84 (/127.0.0.1:49514)
21:20:57.297 [pool-1-thread-3] DEBUG com.mnc.udp.UDPServer - UDP-Server: Message-37-57
21:20:57.297 [pool-1-thread-3] DEBUG com.mnc.udp.UDPServer - UDP-Server: Message-37-57 -> Message-37-57 (/127.0.0.1:49462)
21:20:57.297 [pool-1-thread-3] DEBUG com.mnc.udp.UDPServer - UDP-Server: Message-89-78
21:20:57.297 [pool-1-thread-3] DEBUG com.mnc.udp.UDPServer - UDP-Server: Message-89-78 -> Message-89-78 (/127.0.0.1:49514)
21:20:57.297 [pool-1-thread-5] DEBUG com.mnc.udp.UDPServer - UDP-Server: Message-37-58
21:20:57.297 [pool-1-thread-5] DEBUG com.mnc.udp.UDPServer - UDP-Server: Message-37-58 -> Message-37-58 (/127.0.0.1:49462)
21:20:57.297 [pool-1-thread-1] DEBUG com.mnc.udp.UDPServer - UDP-Server: Message-89-94
21:20:57.297 [pool-1-thread-1] DEBUG com.mnc.udp.UDPServer - UDP-Server: Message-89-94 -> Message-89-94 (/127.0.0.1:49514)
21:20:57.297 [pool-1-thread-2] DEBUG com.mnc.udp.UDPServer - UDP-Server: Message-37-56
21:20:57.297 [pool-1-thread-2] DEBUG com.mnc.udp.UDPServer - UDP-Server: Message-37-56 -> Message-37-56 (/127.0.0.1:49462)
21:20:57.297 [pool-1-thread-4] DEBUG com.mnc.udp.UDPServer - UDP-Server: Message-89-95
21:20:57.297 [pool-1-thread-3] DEBUG com.mnc.udp.UDPServer - UDP-Server: Message-37-76
21:20:57.297 [pool-1-thread-3] DEBUG com.mnc.udp.UDPServer - UDP-Server: Message-37-76 -> Message-37-76 (/127.0.0.1:49462)
21:20:57.297 [pool-1-thread-4] DEBUG com.mnc.udp.UDPServer - UDP-Server: Message-89-95 -> Message-89-95 (/127.0.0.1:49514)
21:20:57.297 [pool-1-thread-5] DEBUG com.mnc.udp.UDPServer - UDP-Server: Message-37-77
21:20:57.297 [pool-1-thread-5] DEBUG com.mnc.udp.UDPServer - UDP-Server: Message-37-77 -> Message-37-77 (/127.0.0.1:49462)
21:20:57.297 [pool-1-thread-1] DEBUG com.mnc.udp.UDPServer - UDP-Server: Message-89-93
21:20:57.297 [pool-1-thread-1] DEBUG com.mnc.udp.UDPServer - UDP-Server: Message-89-93 -> Message-89-93 (/127.0.0.1:49514)
21:20:57.297 [pool-1-thread-2] DEBUG com.mnc.udp.UDPServer - UDP-Server: Message-37-75
21:20:57.297 [pool-1-thread-2] DEBUG com.mnc.udp.UDPServer - UDP-Server: Message-37-75 -> Message-37-75 (/127.0.0.1:49462)
21:20:57.297 [pool-1-thread-3] DEBUG com.mnc.udp.UDPServer - UDP-Server: Message-89-96
21:20:57.297 [pool-1-thread-3] DEBUG com.mnc.udp.UDPServer - UDP-Server: Message-89-96 -> Message-89-96 (/127.0.0.1:49514)
21:20:57.297 [pool-1-thread-4] DEBUG com.mnc.udp.UDPServer - UDP-Server: Message-37-66
21:20:57.297 [pool-1-thread-4] DEBUG com.mnc.udp.UDPServer - UDP-Server: Message-37-66 -> Message-37-66 (/127.0.0.1:49462)
21:20:57.297 [pool-1-thread-5] DEBUG com.mnc.udp.UDPServer - UDP-Server: Message-89-97
21:20:57.297 [pool-1-thread-5] DEBUG com.mnc.udp.UDPServer - UDP-Server: Message-89-97 -> Message-89-97 (/127.0.0.1:49514)
21:20:57.297 [pool-1-thread-1] DEBUG com.mnc.udp.UDPServer - UDP-Server: Message-37-67
21:20:57.297 [pool-1-thread-1] DEBUG com.mnc.udp.UDPServer - UDP-Server: Message-37-67 -> Message-37-67 (/127.0.0.1:49462)
21:20:57.297 [pool-1-thread-2] DEBUG com.mnc.udp.UDPServer - UDP-Server: Message-89-40
21:20:57.297 [pool-1-thread-2] DEBUG com.mnc.udp.UDPServer - UDP-Server: Message-89-40 -> Message-89-40 (/127.0.0.1:49514)
21:20:57.297 [pool-1-thread-3] DEBUG com.mnc.udp.UDPServer - UDP-Server: Message-37-63
21:20:57.297 [pool-1-thread-3] DEBUG com.mnc.udp.UDPServer - UDP-Server: Message-37-63 -> Message-37-63 (/127.0.0.1:49462)
21:20:57.297 [pool-1-thread-4] DEBUG com.mnc.udp.UDPServer - UDP-Server: Message-89-41
21:20:57.297 [pool-1-thread-4] DEBUG com.mnc.udp.UDPServer - UDP-Server: Message-89-41 -> Message-89-41 (/127.0.0.1:49514)
21:20:57.298 [pool-1-thread-5] DEBUG com.mnc.udp.UDPServer - UDP-Server: Message-37-64
21:20:57.298 [pool-1-thread-5] DEBUG com.mnc.udp.UDPServer - UDP-Server: Message-37-64 -> Message-37-64 (/127.0.0.1:49462)
21:20:57.298 [pool-1-thread-1] DEBUG com.mnc.udp.UDPServer - UDP-Server: Message-89-42
21:20:57.298 [pool-1-thread-1] DEBUG com.mnc.udp.UDPServer - UDP-Server: Message-89-42 -> Message-89-42 (/127.0.0.1:49514)
21:20:57.298 [pool-1-thread-2] DEBUG com.mnc.udp.UDPServer - UDP-Server: Message-37-62
21:20:57.298 [pool-1-thread-2] DEBUG com.mnc.udp.UDPServer - UDP-Server: Message-37-62 -> Message-37-62 (/127.0.0.1:49462)
21:20:57.298 [pool-1-thread-3] DEBUG com.mnc.udp.UDPServer - UDP-Server: Message-89-98
21:20:57.298 [pool-1-thread-3] DEBUG com.mnc.udp.UDPServer - UDP-Server: Message-89-98 -> Message-89-98 (/127.0.0.1:49514)
21:20:57.298 [pool-1-thread-4] DEBUG com.mnc.udp.UDPServer - UDP-Server: Message-89-99
21:20:57.298 [pool-1-thread-4] DEBUG com.mnc.udp.UDPServer - UDP-Server: Message-89-99 -> Message-89-99 (/127.0.0.1:49514)
21:20:57.298 [pool-1-thread-4] DEBUG com.mnc.udp.UDPServer - UDP-Server: Message-37-13
21:20:57.298 [pool-1-thread-4] DEBUG com.mnc.udp.UDPServer - UDP-Server: Message-37-13 -> Message-37-13 (/127.0.0.1:49462)
21:20:57.298 [pool-1-thread-1] DEBUG com.mnc.udp.UDPServer - UDP-Server: Message-37-14
21:20:57.298 [pool-1-thread-2] DEBUG com.mnc.udp.UDPServer - UDP-Server: Message-89-79
21:20:57.298 [pool-1-thread-2] DEBUG com.mnc.udp.UDPServer - UDP-Server: Message-89-79 -> Message-89-79 (/127.0.0.1:49514)
21:20:57.298 [pool-1-thread-1] DEBUG com.mnc.udp.UDPServer - UDP-Server: Message-37-14 -> Message-37-14 (/127.0.0.1:49462)
21:20:57.298 [pool-1-thread-3] DEBUG com.mnc.udp.UDPServer - UDP-Server: Message-89-80
21:20:57.298 [pool-1-thread-3] DEBUG com.mnc.udp.UDPServer - UDP-Server: Message-89-80 -> Message-89-80 (/127.0.0.1:49514)
21:20:57.298 [pool-1-thread-5] DEBUG com.mnc.udp.UDPServer - UDP-Server: Message-37-12
21:20:57.298 [pool-1-thread-5] DEBUG com.mnc.udp.UDPServer - UDP-Server: Message-37-12 -> Message-37-12 (/127.0.0.1:49462)
21:20:57.298 [pool-1-thread-4] DEBUG com.mnc.udp.UDPServer - UDP-Server: Message-89-38
21:20:57.298 [pool-1-thread-4] DEBUG com.mnc.udp.UDPServer - UDP-Server: Message-89-38 -> Message-89-38 (/127.0.0.1:49514)
21:20:57.298 [pool-1-thread-2] DEBUG com.mnc.udp.UDPServer - UDP-Server: Message-37-71
21:20:57.298 [pool-1-thread-2] DEBUG com.mnc.udp.UDPServer - UDP-Server: Message-37-71 -> Message-37-71 (/127.0.0.1:49462)
21:20:57.298 [pool-1-thread-1] DEBUG com.mnc.udp.UDPServer - UDP-Server: Message-89-39
21:20:57.298 [pool-1-thread-1] DEBUG com.mnc.udp.UDPServer - UDP-Server: Message-89-39 -> Message-89-39 (/127.0.0.1:49514)
21:20:57.298 [pool-1-thread-3] DEBUG com.mnc.udp.UDPServer - UDP-Server: Message-37-72
21:20:57.298 [pool-1-thread-3] DEBUG com.mnc.udp.UDPServer - UDP-Server: Message-37-72 -> Message-37-72 (/127.0.0.1:49462)
21:20:57.298 [pool-1-thread-5] DEBUG com.mnc.udp.UDPServer - UDP-Server: Message-89-37
21:20:57.298 [pool-1-thread-5] DEBUG com.mnc.udp.UDPServer - UDP-Server: Message-89-37 -> Message-89-37 (/127.0.0.1:49514)
21:20:57.298 [pool-1-thread-4] DEBUG com.mnc.udp.UDPServer - UDP-Server: Message-37-73
21:20:57.298 [pool-1-thread-4] DEBUG com.mnc.udp.UDPServer - UDP-Server: Message-37-73 -> Message-37-73 (/127.0.0.1:49462)
21:20:57.298 [pool-1-thread-2] DEBUG com.mnc.udp.UDPServer - UDP-Server: Message-89-76
21:20:57.298 [pool-1-thread-1] DEBUG com.mnc.udp.UDPServer - UDP-Server: Message-37-74
21:20:57.298 [pool-1-thread-2] DEBUG com.mnc.udp.UDPServer - UDP-Server: Message-89-76 -> Message-89-76 (/127.0.0.1:49514)
21:20:57.298 [pool-1-thread-1] DEBUG com.mnc.udp.UDPServer - UDP-Server: Message-37-74 -> Message-37-74 (/127.0.0.1:49462)
21:20:57.298 [pool-1-thread-1] DEBUG com.mnc.udp.UDPServer - UDP-Server: Message-89-77
21:20:57.298 [pool-1-thread-1] DEBUG com.mnc.udp.UDPServer - UDP-Server: Message-89-77 -> Message-89-77 (/127.0.0.1:49514)
21:20:57.298 [pool-1-thread-5] DEBUG com.mnc.udp.UDPServer - UDP-Server: Message-37-3
21:20:57.299 [pool-1-thread-5] DEBUG com.mnc.udp.UDPServer - UDP-Server: Message-37-3 -> Message-37-3 (/127.0.0.1:49462)
21:20:57.299 [pool-1-thread-4] DEBUG com.mnc.udp.UDPServer - UDP-Server: Message-89-75
21:20:57.299 [pool-1-thread-4] DEBUG com.mnc.udp.UDPServer - UDP-Server: Message-89-75 -> Message-89-75 (/127.0.0.1:49514)
21:20:57.299 [pool-1-thread-4] DEBUG com.mnc.udp.UDPServer - UDP-Server: Message-37-4
21:20:57.299 [pool-1-thread-4] DEBUG com.mnc.udp.UDPServer - UDP-Server: Message-37-4 -> Message-37-4 (/127.0.0.1:49462)
21:20:57.299 [pool-1-thread-3] DEBUG com.mnc.udp.UDPServer - UDP-Server: Message-37-5
21:20:57.299 [pool-1-thread-3] DEBUG com.mnc.udp.UDPServer - UDP-Server: Message-37-5 -> Message-37-5 (/127.0.0.1:49462)
21:20:57.299 [pool-1-thread-1] DEBUG com.mnc.udp.UDPServer - UDP-Server: Message-37-1
21:20:57.299 [pool-1-thread-1] DEBUG com.mnc.udp.UDPServer - UDP-Server: Message-37-1 -> Message-37-1 (/127.0.0.1:49462)
21:20:57.299 [pool-1-thread-5] DEBUG com.mnc.udp.UDPServer - UDP-Server: Message-37-2
21:20:57.299 [pool-1-thread-5] DEBUG com.mnc.udp.UDPServer - UDP-Server: Message-37-2 -> Message-37-2 (/127.0.0.1:49462)
21:20:57.299 [pool-1-thread-2] DEBUG com.mnc.udp.UDPServer - UDP-Server: Message-37-0
21:20:57.299 [pool-1-thread-2] DEBUG com.mnc.udp.UDPServer - UDP-Server: Message-37-0 -> Message-37-0 (/127.0.0.1:49462)
21:20:57.299 [pool-1-thread-4] DEBUG com.mnc.udp.UDPServer - UDP-Server: Message-37-6
21:20:57.299 [pool-1-thread-4] DEBUG com.mnc.udp.UDPServer - UDP-Server: Message-37-6 -> Message-37-6 (/127.0.0.1:49462)
21:20:57.299 [pool-1-thread-3] DEBUG com.mnc.udp.UDPServer - UDP-Server: Message-37-68
21:20:57.299 [pool-1-thread-3] DEBUG com.mnc.udp.UDPServer - UDP-Server: Message-37-68 -> Message-37-68 (/127.0.0.1:49462)
21:20:57.299 [pool-1-thread-1] DEBUG com.mnc.udp.UDPServer - UDP-Server: Message-37-21
21:20:57.299 [pool-1-thread-1] DEBUG com.mnc.udp.UDPServer - UDP-Server: Message-37-21 -> Message-37-21 (/127.0.0.1:49462)
21:20:57.299 [pool-1-thread-5] DEBUG com.mnc.udp.UDPServer - UDP-Server: Message-37-22
21:20:57.299 [pool-1-thread-5] DEBUG com.mnc.udp.UDPServer - UDP-Server: Message-37-22 -> Message-37-22 (/127.0.0.1:49462)
21:20:57.299 [pool-1-thread-2] DEBUG com.mnc.udp.UDPServer - UDP-Server: Message-37-23
21:20:57.300 [pool-1-thread-2] DEBUG com.mnc.udp.UDPServer - UDP-Server: Message-37-23 -> Message-37-23 (/127.0.0.1:49462)
21:20:57.300 [pool-1-thread-4] DEBUG com.mnc.udp.UDPServer - UDP-Server: Message-37-24
21:20:57.300 [pool-1-thread-4] DEBUG com.mnc.udp.UDPServer - UDP-Server: Message-37-24 -> Message-37-24 (/127.0.0.1:49462)
21:20:57.300 [pool-1-thread-3] DEBUG com.mnc.udp.UDPServer - UDP-Server: Message-37-50
21:20:57.300 [pool-1-thread-3] DEBUG com.mnc.udp.UDPServer - UDP-Server: Message-37-50 -> Message-37-50 (/127.0.0.1:49462)
21:20:57.300 [pool-1-thread-1] DEBUG com.mnc.udp.UDPServer - UDP-Server: Message-37-9
21:20:57.300 [pool-1-thread-1] DEBUG com.mnc.udp.UDPServer - UDP-Server: Message-37-9 -> Message-37-9 (/127.0.0.1:49462)
21:20:57.300 [pool-1-thread-5] DEBUG com.mnc.udp.UDPServer - UDP-Server: Message-37-54
21:20:57.300 [pool-1-thread-5] DEBUG com.mnc.udp.UDPServer - UDP-Server: Message-37-54 -> Message-37-54 (/127.0.0.1:49462)
21:20:57.300 [pool-1-thread-2] DEBUG com.mnc.udp.UDPServer - UDP-Server: Message-37-55
21:20:57.300 [pool-1-thread-2] DEBUG com.mnc.udp.UDPServer - UDP-Server: Message-37-55 -> Message-37-55 (/127.0.0.1:49462)
21:20:57.300 [pool-1-thread-4] DEBUG com.mnc.udp.UDPServer - UDP-Server: Message-37-69
21:20:57.300 [pool-1-thread-4] DEBUG com.mnc.udp.UDPServer - UDP-Server: Message-37-69 -> Message-37-69 (/127.0.0.1:49462)
21:20:57.300 [pool-1-thread-3] DEBUG com.mnc.udp.UDPServer - UDP-Server: Message-37-70
21:20:57.300 [pool-1-thread-3] DEBUG com.mnc.udp.UDPServer - UDP-Server: Message-37-70 -> Message-37-70 (/127.0.0.1:49462)
21:20:57.300 [pool-1-thread-1] DEBUG com.mnc.udp.UDPServer - UDP-Server: Message-37-59
21:20:57.300 [pool-1-thread-1] DEBUG com.mnc.udp.UDPServer - UDP-Server: Message-37-59 -> Message-37-59 (/127.0.0.1:49462)
21:20:57.300 [pool-1-thread-5] DEBUG com.mnc.udp.UDPServer - UDP-Server: Message-37-51
21:20:57.300 [pool-1-thread-5] DEBUG com.mnc.udp.UDPServer - UDP-Server: Message-37-51 -> Message-37-51 (/127.0.0.1:49462)
21:20:57.301 [pool-1-thread-2] DEBUG com.mnc.udp.UDPServer - UDP-Server: Message-37-53
21:20:57.301 [pool-1-thread-2] DEBUG com.mnc.udp.UDPServer - UDP-Server: Message-37-53 -> Message-37-53 (/127.0.0.1:49462)
21:20:57.301 [pool-1-thread-4] DEBUG com.mnc.udp.UDPServer - UDP-Server: Message-37-60
21:20:57.301 [pool-1-thread-4] DEBUG com.mnc.udp.UDPServer - UDP-Server: Message-37-60 -> Message-37-60 (/127.0.0.1:49462)
21:20:57.301 [pool-1-thread-3] DEBUG com.mnc.udp.UDPServer - UDP-Server: Message-37-61
21:20:57.301 [pool-1-thread-3] DEBUG com.mnc.udp.UDPServer - UDP-Server: Message-37-61 -> Message-37-61 (/127.0.0.1:49462)
21:20:57.301 [pool-1-thread-1] DEBUG com.mnc.udp.UDPServer - UDP-Server: Message-37-52
21:20:57.301 [pool-1-thread-1] DEBUG com.mnc.udp.UDPServer - UDP-Server: Message-37-52 -> Message-37-52 (/127.0.0.1:49462)
21:20:57.301 [pool-1-thread-5] DEBUG com.mnc.udp.UDPServer - UDP-Server: Message-37-18
21:20:57.301 [pool-1-thread-5] DEBUG com.mnc.udp.UDPServer - UDP-Server: Message-37-18 -> Message-37-18 (/127.0.0.1:49462)
21:20:57.301 [pool-1-thread-2] DEBUG com.mnc.udp.UDPServer - UDP-Server: Message-37-19
21:20:57.301 [pool-1-thread-2] DEBUG com.mnc.udp.UDPServer - UDP-Server: Message-37-19 -> Message-37-19 (/127.0.0.1:49462)
21:20:57.301 [pool-1-thread-4] DEBUG com.mnc.udp.UDPServer - UDP-Server: Message-37-20
21:20:57.301 [pool-1-thread-4] DEBUG com.mnc.udp.UDPServer - UDP-Server: Message-37-20 -> Message-37-20 (/127.0.0.1:49462)
21:20:57.301 [pool-1-thread-3] DEBUG com.mnc.udp.UDPServer - UDP-Server: Message-37-10
21:20:57.301 [pool-1-thread-3] DEBUG com.mnc.udp.UDPServer - UDP-Server: Message-37-10 -> Message-37-10 (/127.0.0.1:49462)
21:20:57.301 [pool-1-thread-1] DEBUG com.mnc.udp.UDPServer - UDP-Server: Message-37-7
21:20:57.301 [pool-1-thread-1] DEBUG com.mnc.udp.UDPServer - UDP-Server: Message-37-7 -> Message-37-7 (/127.0.0.1:49462)
21:20:57.302 [pool-1-thread-5] DEBUG com.mnc.udp.UDPServer - UDP-Server: Message-37-8
21:20:57.302 [pool-1-thread-5] DEBUG com.mnc.udp.UDPServer - UDP-Server: Message-37-8 -> Message-37-8 (/127.0.0.1:49462)
21:20:57.302 [pool-1-thread-2] DEBUG com.mnc.udp.UDPServer - UDP-Server: Message-37-11
21:20:57.302 [pool-1-thread-2] DEBUG com.mnc.udp.UDPServer - UDP-Server: Message-37-11 -> Message-37-11 (/127.0.0.1:49462)
21:20:57.310 [Test worker] INFO com.mnc.udp.UDPServer - UDP-Server terminated
]]></system-out>
  <system-err><![CDATA[]]></system-err>
</testsuite>
